[ConsumerService][53050] 2022-06-20 23:34:15,732 INFO [main][DefaultApplicationProvider.java:85] - App ID is set to consumer-service by app.id property from System Property
[ConsumerService][53050] 2022-06-20 23:34:15,806 INFO [main][DefaultServerProvider.java:108] - Environment is set to [dev] by JVM system property 'env'.
[ConsumerService][53050] 2022-06-20 23:34:16,234 WARN [main][DefaultMetaServerProvider.java:39] - Could not find meta server address, because it is not available in neither (1) JVM system property 'apollo.meta', (2) OS env variable 'APOLLO_META' (3) property 'apollo.meta' from server.properties nor (4) property 'apollo.meta' from app.properties
[ConsumerService][53050] 2022-06-20 23:34:16,268 INFO [main][MetaDomainConsts.java:93] - Located meta server address http://localhost:8080 for env DEV from com.ctrip.framework.apollo.core.internals.LegacyMetaServerProvider
[ConsumerService][53050] 2022-06-20 23:34:26,720 INFO [main][SpringApplication.java:675] - No active profile set, falling back to default profiles: default
[ConsumerService][53050] 2022-06-20 23:34:41,365 INFO [main][RepositoryConfigurationDelegate.java:244] - Multiple Spring Data modules found, entering strict repository configuration mode!
[ConsumerService][53050] 2022-06-20 23:34:41,371 INFO [main][RepositoryConfigurationDelegate.java:126] - Bootstrapping Spring Data repositories in DEFAULT mode.
[ConsumerService][53050] 2022-06-20 23:34:41,508 INFO [main][RepositoryConfigurationDelegate.java:182] - Finished Spring Data repository scanning in 108ms. Found 0 repository interfaces.
[ConsumerService][53050] 2022-06-20 23:34:41,558 INFO [main][RepositoryConfigurationDelegate.java:244] - Multiple Spring Data modules found, entering strict repository configuration mode!
[ConsumerService][53050] 2022-06-20 23:34:41,568 INFO [main][RepositoryConfigurationDelegate.java:126] - Bootstrapping Spring Data repositories in DEFAULT mode.
[ConsumerService][53050] 2022-06-20 23:34:41,670 INFO [main][RepositoryConfigurationDelegate.java:182] - Finished Spring Data repository scanning in 40ms. Found 0 repository interfaces.
[ConsumerService][53050] 2022-06-20 23:34:42,472 WARN [main][EndpointId.java:135] - Endpoint ID 'service-registry' contains invalid characters, please migrate to a valid format.
[ConsumerService][53050] 2022-06-20 23:34:45,000 INFO [main][GenericScope.java:294] - BeanFactory id=84d9a334-7360-36ce-9d22-a0a9f0cdd40c
[ConsumerService][53050] 2022-06-20 23:34:46,403 INFO [main][PostProcessorRegistrationDelegate.java:330] - Bean 'com.liu.wanxinp2p.consumer.agent.AccountServiceAgent' of type [org.springframework.cloud.openfeign.FeignClientFactoryBean] is not eligible for getting processed by all BeanPostProcessors (for example: not eligible for auto-proxying)
[ConsumerService][53050] 2022-06-20 23:34:46,448 INFO [main][PostProcessorRegistrationDelegate.java:330] - Bean 'com.liu.wanxinp2p.consumer.agent.DepositoryServiceAgent' of type [org.springframework.cloud.openfeign.FeignClientFactoryBean] is not eligible for getting processed by all BeanPostProcessors (for example: not eligible for auto-proxying)
[ConsumerService][53050] 2022-06-20 23:34:46,729 INFO [main][PostProcessorRegistrationDelegate.java:330] - Bean 'com.alibaba.druid.spring.boot.autoconfigure.stat.DruidSpringAopConfiguration' of type [com.alibaba.druid.spring.boot.autoconfigure.stat.DruidSpringAopConfiguration] is not eligible for getting processed by all BeanPostProcessors (for example: not eligible for auto-proxying)
[ConsumerService][53050] 2022-06-20 23:34:46,799 INFO [main][PostProcessorRegistrationDelegate.java:330] - Bean 'org.apache.rocketmq.spring.autoconfigure.RocketMQAutoConfiguration' of type [org.apache.rocketmq.spring.autoconfigure.RocketMQAutoConfiguration$$EnhancerBySpringCGLIB$$6e7a8e33] is not eligible for getting processed by all BeanPostProcessors (for example: not eligible for auto-proxying)
[ConsumerService][53050] 2022-06-20 23:34:46,910 INFO [main][PostProcessorRegistrationDelegate.java:330] - Bean 'rocketmq-org.apache.rocketmq.spring.autoconfigure.RocketMQProperties' of type [org.apache.rocketmq.spring.autoconfigure.RocketMQProperties] is not eligible for getting processed by all BeanPostProcessors (for example: not eligible for auto-proxying)
[ConsumerService][53050] 2022-06-20 23:34:56,250 INFO [main][PostProcessorRegistrationDelegate.java:330] - Bean 'defaultMQProducer' of type [org.apache.rocketmq.client.producer.DefaultMQProducer] is not eligible for getting processed by all BeanPostProcessors (for example: not eligible for auto-proxying)
[ConsumerService][53050] 2022-06-20 23:34:56,264 INFO [main][PostProcessorRegistrationDelegate.java:330] - Bean 'org.springframework.boot.autoconfigure.jackson.JacksonAutoConfiguration$JacksonObjectMapperConfiguration' of type [org.springframework.boot.autoconfigure.jackson.JacksonAutoConfiguration$JacksonObjectMapperConfiguration$$EnhancerBySpringCGLIB$$a177fec8] is not eligible for getting processed by all BeanPostProcessors (for example: not eligible for auto-proxying)
[ConsumerService][53050] 2022-06-20 23:34:56,282 INFO [main][PostProcessorRegistrationDelegate.java:330] - Bean 'org.springframework.boot.autoconfigure.jackson.JacksonAutoConfiguration$JacksonObjectMapperBuilderConfiguration' of type [org.springframework.boot.autoconfigure.jackson.JacksonAutoConfiguration$JacksonObjectMapperBuilderConfiguration$$EnhancerBySpringCGLIB$$53c4c0e1] is not eligible for getting processed by all BeanPostProcessors (for example: not eligible for auto-proxying)
[ConsumerService][53050] 2022-06-20 23:34:56,303 INFO [main][PostProcessorRegistrationDelegate.java:330] - Bean 'org.springframework.boot.autoconfigure.jackson.JacksonAutoConfiguration$Jackson2ObjectMapperBuilderCustomizerConfiguration' of type [org.springframework.boot.autoconfigure.jackson.JacksonAutoConfiguration$Jackson2ObjectMapperBuilderCustomizerConfiguration$$EnhancerBySpringCGLIB$$edba6d0] is not eligible for getting processed by all BeanPostProcessors (for example: not eligible for auto-proxying)
[ConsumerService][53050] 2022-06-20 23:34:56,335 INFO [main][PostProcessorRegistrationDelegate.java:330] - Bean 'spring.jackson-org.springframework.boot.autoconfigure.jackson.JacksonProperties' of type [org.springframework.boot.autoconfigure.jackson.JacksonProperties] is not eligible for getting processed by all BeanPostProcessors (for example: not eligible for auto-proxying)
[ConsumerService][53050] 2022-06-20 23:34:56,356 INFO [main][PostProcessorRegistrationDelegate.java:330] - Bean 'standardJacksonObjectMapperBuilderCustomizer' of type [org.springframework.boot.autoconfigure.jackson.JacksonAutoConfiguration$Jackson2ObjectMapperBuilderCustomizerConfiguration$StandardJackson2ObjectMapperBuilderCustomizer] is not eligible for getting processed by all BeanPostProcessors (for example: not eligible for auto-proxying)
[ConsumerService][53050] 2022-06-20 23:34:56,379 INFO [main][PostProcessorRegistrationDelegate.java:330] - Bean 'org.springframework.boot.autoconfigure.jackson.JacksonAutoConfiguration$ParameterNamesModuleConfiguration' of type [org.springframework.boot.autoconfigure.jackson.JacksonAutoConfiguration$ParameterNamesModuleConfiguration$$EnhancerBySpringCGLIB$$35a71dfe] is not eligible for getting processed by all BeanPostProcessors (for example: not eligible for auto-proxying)
[ConsumerService][53050] 2022-06-20 23:34:56,425 INFO [main][PostProcessorRegistrationDelegate.java:330] - Bean 'parameterNamesModule' of type [com.fasterxml.jackson.module.paramnames.ParameterNamesModule] is not eligible for getting processed by all BeanPostProcessors (for example: not eligible for auto-proxying)
[ConsumerService][53050] 2022-06-20 23:34:56,433 INFO [main][PostProcessorRegistrationDelegate.java:330] - Bean 'org.springframework.boot.autoconfigure.jackson.JacksonAutoConfiguration' of type [org.springframework.boot.autoconfigure.jackson.JacksonAutoConfiguration$$EnhancerBySpringCGLIB$$83839c57] is not eligible for getting processed by all BeanPostProcessors (for example: not eligible for auto-proxying)
[ConsumerService][53050] 2022-06-20 23:34:56,705 INFO [main][PostProcessorRegistrationDelegate.java:330] - Bean 'jsonComponentModule' of type [org.springframework.boot.jackson.JsonComponentModule] is not eligible for getting processed by all BeanPostProcessors (for example: not eligible for auto-proxying)
[ConsumerService][53050] 2022-06-20 23:34:56,708 INFO [main][PostProcessorRegistrationDelegate.java:330] - Bean 'org.springframework.data.web.config.SpringDataJacksonConfiguration' of type [org.springframework.data.web.config.SpringDataJacksonConfiguration] is not eligible for getting processed by all BeanPostProcessors (for example: not eligible for auto-proxying)
[ConsumerService][53050] 2022-06-20 23:34:56,768 INFO [main][PostProcessorRegistrationDelegate.java:330] - Bean 'jacksonGeoModule' of type [org.springframework.data.geo.GeoModule] is not eligible for getting processed by all BeanPostProcessors (for example: not eligible for auto-proxying)
[ConsumerService][53050] 2022-06-20 23:34:56,775 INFO [main][PostProcessorRegistrationDelegate.java:330] - Bean 'org.springframework.data.mongodb.config.GeoJsonConfiguration' of type [org.springframework.data.mongodb.config.GeoJsonConfiguration] is not eligible for getting processed by all BeanPostProcessors (for example: not eligible for auto-proxying)
[ConsumerService][53050] 2022-06-20 23:34:56,830 INFO [main][PostProcessorRegistrationDelegate.java:330] - Bean 'geoJsonModule' of type [org.springframework.data.mongodb.core.geo.GeoJsonModule] is not eligible for getting processed by all BeanPostProcessors (for example: not eligible for auto-proxying)
[ConsumerService][53050] 2022-06-20 23:34:56,846 INFO [main][PostProcessorRegistrationDelegate.java:330] - Bean 'jacksonObjectMapperBuilder' of type [org.springframework.http.converter.json.Jackson2ObjectMapperBuilder] is not eligible for getting processed by all BeanPostProcessors (for example: not eligible for auto-proxying)
[ConsumerService][53050] 2022-06-20 23:34:56,964 INFO [main][PostProcessorRegistrationDelegate.java:330] - Bean 'jacksonObjectMapper' of type [com.fasterxml.jackson.databind.ObjectMapper] is not eligible for getting processed by all BeanPostProcessors (for example: not eligible for auto-proxying)
[ConsumerService][53050] 2022-06-20 23:35:14,521 INFO [main][PostProcessorRegistrationDelegate.java:330] - Bean 'rocketMQTemplate' of type [org.apache.rocketmq.spring.core.RocketMQTemplate] is not eligible for getting processed by all BeanPostProcessors (for example: not eligible for auto-proxying)
[ConsumerService][53050] 2022-06-20 23:35:14,532 INFO [main][PostProcessorRegistrationDelegate.java:330] - Bean 'transactionHandlerRegistry' of type [org.apache.rocketmq.spring.config.TransactionHandlerRegistry] is not eligible for getting processed by all BeanPostProcessors (for example: not eligible for auto-proxying)
[ConsumerService][53050] 2022-06-20 23:35:15,000 INFO [main][PostProcessorRegistrationDelegate.java:330] - Bean 'org.springframework.transaction.annotation.ProxyTransactionManagementConfiguration' of type [org.springframework.transaction.annotation.ProxyTransactionManagementConfiguration$$EnhancerBySpringCGLIB$$45e47f37] is not eligible for getting processed by all BeanPostProcessors (for example: not eligible for auto-proxying)
[ConsumerService][53050] 2022-06-20 23:35:16,044 INFO [main][PostProcessorRegistrationDelegate.java:330] - Bean 'spring.datasource.druid-com.alibaba.druid.spring.boot.autoconfigure.properties.DruidStatProperties' of type [com.alibaba.druid.spring.boot.autoconfigure.properties.DruidStatProperties] is not eligible for getting processed by all BeanPostProcessors (for example: not eligible for auto-proxying)
[ConsumerService][53050] 2022-06-20 23:35:16,113 INFO [main][PostProcessorRegistrationDelegate.java:330] - Bean 'advisor' of type [org.springframework.aop.support.RegexpMethodPointcutAdvisor] is not eligible for getting processed by all BeanPostProcessors (for example: not eligible for auto-proxying)
[ConsumerService][53050] 2022-06-20 23:35:16,188 INFO [main][PostProcessorRegistrationDelegate.java:330] - Bean 'org.springframework.cloud.autoconfigure.ConfigurationPropertiesRebinderAutoConfiguration' of type [org.springframework.cloud.autoconfigure.ConfigurationPropertiesRebinderAutoConfiguration$$EnhancerBySpringCGLIB$$61fe8234] is not eligible for getting processed by all BeanPostProcessors (for example: not eligible for auto-proxying)
[ConsumerService][53050] 2022-06-20 23:35:17,865 INFO [NettyClientSelector_1][Slf4jLoggerFactory.java:95] - closeChannel: close the connection to remote address[] result: true
[ConsumerService][53050] 2022-06-20 23:35:18,031 INFO [NettyClientSelector_1][Slf4jLoggerFactory.java:95] - closeChannel: close the connection to remote address[] result: true
[ConsumerService][53050] 2022-06-20 23:35:19,014 INFO [main][TomcatWebServer.java:90] - Tomcat initialized with port(s): 53050 (http)
[ConsumerService][53050] 2022-06-20 23:35:19,149 INFO [main][DirectJDKLog.java:173] - Initializing ProtocolHandler ["http-nio-53050"]
[ConsumerService][53050] 2022-06-20 23:35:19,212 INFO [main][DirectJDKLog.java:173] - Starting service [Tomcat]
[ConsumerService][53050] 2022-06-20 23:35:19,218 INFO [main][DirectJDKLog.java:173] - Starting Servlet engine: [Apache Tomcat/9.0.16]
[ConsumerService][53050] 2022-06-20 23:35:19,263 INFO [main][DirectJDKLog.java:173] - The APR based Apache Tomcat Native library which allows optimal performance in production environments was not found on the java.library.path: [E:\jdk1.8.0_161\bin;C:\WINDOWS\Sun\Java\bin;C:\WINDOWS\system32;C:\WINDOWS;C:\Program Files (x86)\Common Files\Oracle\Java\javapath;C:\Program Files\VanDyke Software\Clients\;E:\Anaconda;E:\Anaconda\Library\mingw-w64\bin;E:\Anaconda\Library\usr\bin;E:\Anaconda\Library\bin;E:\Anaconda\Scripts;C:\WINDOWS\system32;C:\WINDOWS;C:\WINDOWS\System32\Wbem;C:\WINDOWS\System32\WindowsPowerShell\v1.0\;C:\WINDOWS\System32\OpenSSH\;E:\mysql-5.7.20-winx64\bin;C:\Program Files\dotnet\;E:\nodejs\;C:\Users\Administrator\AppData\Roaming\npm;E:\nodejs\node_global\;C:\Program Files (x86)\Common Files\Thunder Network\KanKan\Codecs;E:\spark-2.1.1-hadoop2.7\bin;D:\Android\Sdk\platform-tools;E:\TortoiseSVN\bin;E:\TortoiseSVN\bin;E:\Subversion\bin;C:\Program Files\Docker\Docker\resources\bin;C:\ProgramData\DockerDesktop\version-bin;E:\CMake\bin;C:\mingw64\bin;E:\scala-2.12.15\bin;C:\Program Files (x86)\scala\bin;E:\spark\bin;E:\spark-2.1.1-hadoop2.7\bin;E:\NetSarang\Xshell 7\;E:\NetSarang\Xftp 7\;C:\Program Files\Git\cmd;E:\apache-maven-3.6.3\bin;E:\jdk1.8.0_161\bin;C:\Users\Administrator\AppData\Local\Microsoft\WindowsApps;E:\IntelliJ IDEA\bin;;C:\Users\Administrator\AppData\Roaming\npm;E:\nodejs\node_global\;C:\Users\Administrator\.dotnet\tools;C:\Users\Administrator\AppData\Local\GitHubDesktop\bin;E:\Microsoft VS Code\bin;.]
[ConsumerService][53050] 2022-06-20 23:35:20,525 INFO [main][DirectJDKLog.java:173] - Initializing Spring embedded WebApplicationContext
[ConsumerService][53050] 2022-06-20 23:35:20,526 INFO [main][ServletWebServerApplicationContext.java:296] - Root WebApplicationContext: initialization completed in 53357 ms
[ConsumerService][53050] 2022-06-20 23:35:21,741 WARN [main][URLConfigurationSource.java:121] - No URLs will be polled as dynamic configuration sources.
[ConsumerService][53050] 2022-06-20 23:35:21,747 INFO [main][URLConfigurationSource.java:122] - To enable URLs as dynamic configuration sources, define System property archaius.configurationSource.additionalUrls or make config.properties available on classpath.
[ConsumerService][53050] 2022-06-20 23:35:21,867 INFO [main][DynamicPropertyFactory.java:281] - DynamicPropertyFactory is initialized with configuration sources: com.netflix.config.ConcurrentCompositeConfiguration@258a8584
[ConsumerService][53050] 2022-06-20 23:35:22,646 INFO [main][DruidDataSourceAutoConfigure.java:56] - Init DruidDataSource
[ConsumerService][53050] 2022-06-20 23:35:24,324 INFO [main][DruidDataSource.java:1002] - {dataSource-1} inited
[ConsumerService][53050] 2022-06-20 23:35:39,381 INFO [NettyClientSelector_1][Slf4jLoggerFactory.java:95] - closeChannel: close the connection to remote address[] result: true
[ConsumerService][53050] 2022-06-20 23:35:43,783 INFO [main][AutowiredAnnotationBeanPostProcessor.java:342] - Inconsistent constructor declaration on bean with name 'hmilyAutoConfiguration': single autowire-marked constructor flagged as optional - this constructor is effectively required since there is no default constructor to fall back to: public org.dromara.hmily.spring.boot.starter.parent.configuration.HmilyAutoConfiguration$$EnhancerBySpringCGLIB$$727fbdc3(org.dromara.hmily.spring.boot.starter.parent.config.HmilyConfigProperties)
[ConsumerService][53050] 2022-06-20 23:35:46,875 INFO [NettyClientSelector_1][Slf4jLoggerFactory.java:95] - closeChannel: close the connection to remote address[] result: true
[ConsumerService][53050] 2022-06-20 23:35:47,995 INFO [main][EndpointLinksResolver.java:59] - Exposing 2 endpoint(s) beneath base path '/actuator'
[ConsumerService][53050] 2022-06-20 23:35:49,476 INFO [main][HikariDataSource.java:110] - HikariPool-1 - Starting...
[ConsumerService][53050] 2022-06-20 23:35:49,522 WARN [main][DriverDataSource.java:68] - Registered driver with driverClassName=com.mysql.jdbc.Driver was not found, trying direct instantiation.
[ConsumerService][53050] 2022-06-20 23:35:49,666 INFO [main][HikariDataSource.java:123] - HikariPool-1 - Start completed.
[ConsumerService][53050] 2022-06-20 23:35:50,549 INFO [main][HmilyLogo.java:49] - 


    __  __          _ __     
   / / / /___ ___  (_) /_  __
  / /_/ / __ `__ \/ / / / / /
 / __  / / / / / / / / /_/ / 
/_/ /_/_/ /_/ /_/_/_/\__, /  
                    /____/   

 :: Hmily :: (v2.0.0-RELEASE)

[ConsumerService][53050] 2022-06-20 23:35:50,915 INFO [main][PropertySourcedRequestMappingHandlerMapping.java:69] - Mapped URL path [/v2/api-docs] onto method [public org.springframework.http.ResponseEntity<springfox.documentation.spring.web.json.Json> springfox.documentation.swagger2.web.Swagger2Controller.getDocumentation(java.lang.String,javax.servlet.http.HttpServletRequest)]
[ConsumerService][53050] 2022-06-20 23:35:51,230 WARN [main][URLConfigurationSource.java:121] - No URLs will be polled as dynamic configuration sources.
[ConsumerService][53050] 2022-06-20 23:35:51,242 INFO [main][URLConfigurationSource.java:122] - To enable URLs as dynamic configuration sources, define System property archaius.configurationSource.additionalUrls or make config.properties available on classpath.
[ConsumerService][53050] 2022-06-20 23:35:52,800 INFO [main][ExecutorConfigurationSupport.java:171] - Initializing ExecutorService 'applicationTaskExecutor'
[ConsumerService][53050] 2022-06-20 23:36:05,033 WARN [main][EurekaStarterDeprecationWarningAutoConfiguration.java:19] - spring-cloud-starter-eureka is deprecated as of Spring Cloud Netflix 1.4.0, please migrate to spring-cloud-starter-netflix-eureka
[ConsumerService][53050] 2022-06-20 23:36:08,557 INFO [NettyClientSelector_1][Slf4jLoggerFactory.java:95] - closeChannel: close the connection to remote address[] result: true
[ConsumerService][53050] 2022-06-20 23:36:16,859 INFO [NettyClientSelector_1][Slf4jLoggerFactory.java:95] - closeChannel: close the connection to remote address[] result: true
[ConsumerService][53050] 2022-06-20 23:36:19,869 INFO [NettyClientSelector_1][Slf4jLoggerFactory.java:95] - closeChannel: close the connection to remote address[] result: true
[ConsumerService][53050] 2022-06-20 23:36:19,893 INFO [main][DefaultRocketMQListenerContainer.java:243] - running container: DefaultRocketMQListenerContainer{consumerGroup='CID_P2P_GATEWAY_NOTIFY', nameServer='127.0.0.1:9876', topic='TP_GATEWAY_NOTIFY_AGENT', consumeMode=CONCURRENTLY, selectorType=TAG, selectorExpression='PERSONAL_REGISTER', messageModel=CLUSTERING}
[ConsumerService][53050] 2022-06-20 23:36:19,896 INFO [main][ListenerContainerConfiguration.java:107] - Register the listener to container, listenerBeanName:gatewayNotifyListener, containerBeanName:org.apache.rocketmq.spring.support.DefaultRocketMQListenerContainer_1
[ConsumerService][53050] 2022-06-20 23:36:20,543 INFO [hmilyTransaction-tccRollBackService-1][LogUtil.java:87] - rollback execute delayTime:60
[ConsumerService][53050] 2022-06-20 23:36:21,050 INFO [main][InstanceInfoFactory.java:71] - Setting initial instance status as: STARTING
[ConsumerService][53050] 2022-06-20 23:36:21,452 INFO [main][DiscoveryClient.java:349] - Initializing Eureka in region us-east-1
[ConsumerService][53050] 2022-06-20 23:36:22,123 INFO [NettyClientSelector_1][Slf4jLoggerFactory.java:95] - closeChannel: close the connection to remote address[] result: true
[ConsumerService][53050] 2022-06-20 23:36:24,637 INFO [NettyClientSelector_1][Slf4jLoggerFactory.java:95] - closeChannel: close the connection to remote address[] result: true
[ConsumerService][53050] 2022-06-20 23:36:29,348 INFO [main][DiscoveryJerseyProvider.java:70] - Using JSON encoding codec LegacyJacksonJson
[ConsumerService][53050] 2022-06-20 23:36:29,357 INFO [main][DiscoveryJerseyProvider.java:71] - Using JSON decoding codec LegacyJacksonJson
[ConsumerService][53050] 2022-06-20 23:36:30,873 INFO [main][DiscoveryJerseyProvider.java:80] - Using XML encoding codec XStreamXml
[ConsumerService][53050] 2022-06-20 23:36:30,875 INFO [main][DiscoveryJerseyProvider.java:81] - Using XML decoding codec XStreamXml
[ConsumerService][53050] 2022-06-20 23:36:33,205 INFO [main][ConfigClusterResolver.java:43] - Resolving eureka endpoints via configuration
[ConsumerService][53050] 2022-06-20 23:36:36,700 INFO [main][DiscoveryClient.java:958] - Disable delta property : false
[ConsumerService][53050] 2022-06-20 23:36:36,702 INFO [main][DiscoveryClient.java:959] - Single vip registry refresh property : null
[ConsumerService][53050] 2022-06-20 23:36:36,703 INFO [main][DiscoveryClient.java:960] - Force full registry fetch : false
[ConsumerService][53050] 2022-06-20 23:36:36,704 INFO [main][DiscoveryClient.java:961] - Application is null : false
[ConsumerService][53050] 2022-06-20 23:36:36,706 INFO [main][DiscoveryClient.java:962] - Registered Applications size is zero : true
[ConsumerService][53050] 2022-06-20 23:36:36,707 INFO [main][DiscoveryClient.java:964] - Application version is -1: true
[ConsumerService][53050] 2022-06-20 23:36:36,709 INFO [main][DiscoveryClient.java:1047] - Getting all instance registry info from the eureka server
[ConsumerService][53050] 2022-06-20 23:36:37,925 INFO [main][DiscoveryClient.java:1056] - The response status is 200
[ConsumerService][53050] 2022-06-20 23:36:37,941 INFO [main][DiscoveryClient.java:1270] - Starting heartbeat executor: renew interval is: 30
[ConsumerService][53050] 2022-06-20 23:36:37,956 INFO [main][InstanceInfoReplicator.java:60] - InstanceInfoReplicator onDemand update allowed rate per min is 4
[ConsumerService][53050] 2022-06-20 23:36:37,981 INFO [main][DiscoveryClient.java:449] - Discovery Client initialized at timestamp 1655739397976 with initial instances count: 2
[ConsumerService][53050] 2022-06-20 23:36:37,998 INFO [main][EurekaServiceRegistry.java:42] - Registering application CONSUMER-SERVICE with eureka with status UP
[ConsumerService][53050] 2022-06-20 23:36:38,002 INFO [main][DiscoveryClient.java:1305] - Saw local status change event StatusChangeEvent [timestamp=1655739398002, current=UP, previous=STARTING]
[ConsumerService][53050] 2022-06-20 23:36:38,011 INFO [main][DocumentationPluginsBootstrapper.java:160] - Context refreshed
[ConsumerService][53050] 2022-06-20 23:36:38,022 INFO [DiscoveryClient-InstanceInfoReplicator-0][DiscoveryClient.java:826] - DiscoveryClient_CONSUMER-SERVICE/consumer-service:127.0.0.1:53050: registering service...
[ConsumerService][53050] 2022-06-20 23:36:38,121 INFO [main][DocumentationPluginsBootstrapper.java:163] - Found 1 custom documentation plugin(s)
[ConsumerService][53050] 2022-06-20 23:36:38,282 INFO [DiscoveryClient-InstanceInfoReplicator-0][DiscoveryClient.java:835] - DiscoveryClient_CONSUMER-SERVICE/consumer-service:127.0.0.1:53050 - registration status: 204
[ConsumerService][53050] 2022-06-20 23:36:38,392 INFO [main][ApiListingReferenceScanner.java:41] - Scanning for api listing references
[ConsumerService][53050] 2022-06-20 23:36:39,419 INFO [main][CachingOperationNameGenerator.java:40] - Generating unique operation named: handleUsingGET_1
[ConsumerService][53050] 2022-06-20 23:36:39,429 INFO [main][CachingOperationNameGenerator.java:40] - Generating unique operation named: handleUsingGET_2
[ConsumerService][53050] 2022-06-20 23:36:39,437 INFO [main][CachingOperationNameGenerator.java:40] - Generating unique operation named: handleUsingGET_3
[ConsumerService][53050] 2022-06-20 23:36:39,613 INFO [main][DirectJDKLog.java:173] - Starting ProtocolHandler ["http-nio-53050"]
[ConsumerService][53050] 2022-06-20 23:36:39,728 INFO [main][TomcatWebServer.java:204] - Tomcat started on port(s): 53050 (http) with context path '/consumer'
[ConsumerService][53050] 2022-06-20 23:36:39,736 INFO [main][EurekaAutoServiceRegistration.java:141] - Updating port to 53050
[ConsumerService][53050] 2022-06-20 23:36:39,748 INFO [main][StartupInfoLogger.java:59] - Started ConsumerService in 168.376 seconds (JVM running for 177.43)
[ConsumerService][53050] 2022-06-20 23:36:40,571 INFO [NettyClientSelector_1][Slf4jLoggerFactory.java:95] - closeChannel: close the connection to remote address[] result: true
[ConsumerService][53050] 2022-06-20 23:36:42,617 INFO [NettyClientSelector_1][Slf4jLoggerFactory.java:95] - closeChannel: close the connection to remote address[] result: true
[ConsumerService][53050] 2022-06-20 23:36:43,896 INFO [RMI TCP Connection(6)-192.168.128.1][DirectJDKLog.java:173] - Initializing Spring DispatcherServlet 'dispatcherServlet'
[ConsumerService][53050] 2022-06-20 23:36:43,898 INFO [RMI TCP Connection(6)-192.168.128.1][FrameworkServlet.java:524] - Initializing Servlet 'dispatcherServlet'
[ConsumerService][53050] 2022-06-20 23:36:44,014 INFO [RMI TCP Connection(6)-192.168.128.1][FrameworkServlet.java:546] - Completed initialization in 111 ms
[ConsumerService][53050] 2022-06-20 23:36:46,570 INFO [NettyClientSelector_1][Slf4jLoggerFactory.java:95] - closeChannel: close the connection to remote address[] result: true
[ConsumerService][53050] 2022-06-20 23:36:46,679 INFO [NettyClientSelector_1][Slf4jLoggerFactory.java:95] - closeChannel: close the connection to remote address[] result: true
[ConsumerService][53050] 2022-06-20 23:36:48,717 INFO [NettyClientSelector_1][Slf4jLoggerFactory.java:95] - closeChannel: close the connection to remote address[] result: true
[ConsumerService][53050] 2022-06-20 23:37:10,584 INFO [NettyClientSelector_1][Slf4jLoggerFactory.java:95] - closeChannel: close the connection to remote address[] result: true
[ConsumerService][53050] 2022-06-20 23:37:14,652 INFO [NettyClientSelector_1][Slf4jLoggerFactory.java:95] - closeChannel: close the connection to remote address[] result: true
[ConsumerService][53050] 2022-06-20 23:37:16,572 INFO [NettyClientSelector_1][Slf4jLoggerFactory.java:95] - closeChannel: close the connection to remote address[] result: true
[ConsumerService][53050] 2022-06-20 23:37:20,998 INFO [hmilyTransaction-tccRollBackService-1][LogUtil.java:87] - rollback execute delayTime:60
[ConsumerService][53050] 2022-06-20 23:37:37,109 INFO [NettyClientSelector_1][Slf4jLoggerFactory.java:95] - closeChannel: close the connection to remote address[] result: true
[ConsumerService][53050] 2022-06-20 23:37:39,572 INFO [NettyClientSelector_1][Slf4jLoggerFactory.java:95] - closeChannel: close the connection to remote address[] result: true
[ConsumerService][53050] 2022-06-20 23:37:41,862 INFO [NettyClientSelector_1][Slf4jLoggerFactory.java:95] - closeChannel: close the connection to remote address[] result: true
[ConsumerService][53050] 2022-06-20 23:37:44,093 INFO [NettyClientSelector_1][Slf4jLoggerFactory.java:95] - closeChannel: close the connection to remote address[] result: true
[ConsumerService][53050] 2022-06-20 23:37:46,567 INFO [NettyClientSelector_1][Slf4jLoggerFactory.java:95] - closeChannel: close the connection to remote address[] result: true
[ConsumerService][53050] 2022-06-20 23:38:01,964 INFO [NettyClientSelector_1][Slf4jLoggerFactory.java:95] - closeChannel: close the connection to remote address[] result: true
[ConsumerService][53050] 2022-06-20 23:38:04,288 INFO [NettyClientSelector_1][Slf4jLoggerFactory.java:95] - closeChannel: close the connection to remote address[] result: true
[ConsumerService][53050] 2022-06-20 23:38:08,770 INFO [NettyClientSelector_1][Slf4jLoggerFactory.java:95] - closeChannel: close the connection to remote address[] result: true
[ConsumerService][53050] 2022-06-20 23:38:14,559 INFO [NettyClientSelector_1][Slf4jLoggerFactory.java:95] - closeChannel: close the connection to remote address[] result: true
[ConsumerService][53050] 2022-06-20 23:38:16,764 INFO [NettyClientSelector_1][Slf4jLoggerFactory.java:95] - closeChannel: close the connection to remote address[] result: true
[ConsumerService][53050] 2022-06-20 23:38:21,017 INFO [hmilyTransaction-tccRollBackService-1][LogUtil.java:87] - rollback execute delayTime:60
[ConsumerService][53050] 2022-06-20 23:38:29,002 INFO [NettyClientSelector_1][Slf4jLoggerFactory.java:95] - closeChannel: close the connection to remote address[] result: true
[ConsumerService][53050] 2022-06-20 23:38:38,550 INFO [NettyClientSelector_1][Slf4jLoggerFactory.java:95] - closeChannel: close the connection to remote address[] result: true
[ConsumerService][53050] 2022-06-20 23:38:42,644 INFO [NettyClientSelector_1][Slf4jLoggerFactory.java:95] - closeChannel: close the connection to remote address[] result: true
[ConsumerService][53050] 2022-06-20 23:38:46,558 INFO [NettyClientSelector_1][Slf4jLoggerFactory.java:95] - closeChannel: close the connection to remote address[] result: true
[ConsumerService][53050] 2022-06-20 23:38:51,071 INFO [NettyClientSelector_1][Slf4jLoggerFactory.java:95] - closeChannel: close the connection to remote address[] result: true
[ConsumerService][53050] 2022-06-20 23:38:53,115 INFO [NettyClientSelector_1][Slf4jLoggerFactory.java:95] - closeChannel: close the connection to remote address[] result: true
[ConsumerService][53050] 2022-06-20 23:39:12,627 INFO [NettyClientSelector_1][Slf4jLoggerFactory.java:95] - closeChannel: close the connection to remote address[] result: true
[ConsumerService][53050] 2022-06-20 23:39:15,147 INFO [NettyClientSelector_1][Slf4jLoggerFactory.java:95] - closeChannel: close the connection to remote address[] result: true
[ConsumerService][53050] 2022-06-20 23:39:16,566 INFO [NettyClientSelector_1][Slf4jLoggerFactory.java:95] - closeChannel: close the connection to remote address[] result: true
[ConsumerService][53050] 2022-06-20 23:39:17,186 INFO [NettyClientSelector_1][Slf4jLoggerFactory.java:95] - closeChannel: close the connection to remote address[] result: true
[ConsumerService][53050] 2022-06-20 23:39:21,030 INFO [hmilyTransaction-tccRollBackService-1][LogUtil.java:87] - rollback execute delayTime:60
[ConsumerService][53050] 2022-06-20 23:39:26,013 INFO [http-nio-53050-exec-4][SecurityUtil.java:21] - 当前登录用户:LoginUser(tenantId=null, departmentId=null, payload={}, username=null, mobile=, userAuthorities={}, clientId=wanxin-p2p-web-admin)
[ConsumerService][53050] 2022-06-20 23:39:38,533 INFO [NettyClientSelector_1][Slf4jLoggerFactory.java:95] - closeChannel: close the connection to remote address[] result: true
[ConsumerService][53050] 2022-06-20 23:39:40,569 INFO [NettyClientSelector_1][Slf4jLoggerFactory.java:95] - closeChannel: close the connection to remote address[] result: true
[ConsumerService][53050] 2022-06-20 23:39:42,592 INFO [NettyClientSelector_1][Slf4jLoggerFactory.java:95] - closeChannel: close the connection to remote address[] result: true
[ConsumerService][53050] 2022-06-20 23:39:44,627 INFO [NettyClientSelector_1][Slf4jLoggerFactory.java:95] - closeChannel: close the connection to remote address[] result: true
[ConsumerService][53050] 2022-06-20 23:39:46,584 INFO [NettyClientSelector_1][Slf4jLoggerFactory.java:95] - closeChannel: close the connection to remote address[] result: true
[ConsumerService][53050] 2022-06-20 23:39:47,589 INFO [http-nio-53050-exec-1][SecurityUtil.java:21] - 当前登录用户:LoginUser(tenantId=null, departmentId=null, payload={}, username=null, mobile=, userAuthorities={}, clientId=wanxin-p2p-web-admin)
[ConsumerService][53050] 2022-06-20 23:39:50,201 INFO [http-nio-53050-exec-5][SecurityUtil.java:21] - 当前登录用户:LoginUser(tenantId=null, departmentId=null, payload={}, username=null, mobile=, userAuthorities={}, clientId=wanxin-p2p-web-admin)
[ConsumerService][53050] 2022-06-20 23:40:01,486 INFO [http-nio-53050-exec-2][SecurityUtil.java:21] - 当前登录用户:LoginUser(tenantId=null, departmentId=null, payload={}, username=null, mobile=, userAuthorities={}, clientId=wanxin-p2p-web-admin)
[ConsumerService][53050] 2022-06-20 23:40:06,672 INFO [NettyClientSelector_1][Slf4jLoggerFactory.java:95] - closeChannel: close the connection to remote address[] result: true
[ConsumerService][53050] 2022-06-20 23:40:11,051 INFO [http-nio-53050-exec-3][SecurityUtil.java:21] - 当前登录用户:LoginUser(tenantId=null, departmentId=null, payload={}, username=null, mobile=, userAuthorities={}, clientId=wanxin-p2p-web-admin)
[ConsumerService][53050] 2022-06-20 23:40:12,756 INFO [NettyClientSelector_1][Slf4jLoggerFactory.java:95] - closeChannel: close the connection to remote address[] result: true
[ConsumerService][53050] 2022-06-20 23:40:16,552 INFO [NettyClientSelector_1][Slf4jLoggerFactory.java:95] - closeChannel: close the connection to remote address[] result: true
[ConsumerService][53050] 2022-06-20 23:40:21,050 INFO [hmilyTransaction-tccRollBackService-1][LogUtil.java:87] - rollback execute delayTime:60
[ConsumerService][53050] 2022-06-20 23:40:31,710 INFO [NettyClientSelector_1][Slf4jLoggerFactory.java:95] - closeChannel: close the connection to remote address[] result: true
[ConsumerService][53050] 2022-06-20 23:40:33,744 INFO [NettyClientSelector_1][Slf4jLoggerFactory.java:95] - closeChannel: close the connection to remote address[] result: true
[ConsumerService][53050] 2022-06-20 23:40:38,540 INFO [NettyClientSelector_1][Slf4jLoggerFactory.java:95] - closeChannel: close the connection to remote address[] result: true
[ConsumerService][53050] 2022-06-20 23:40:40,573 INFO [NettyClientSelector_1][Slf4jLoggerFactory.java:95] - closeChannel: close the connection to remote address[] result: true
[ConsumerService][53050] 2022-06-20 23:40:42,613 INFO [NettyClientSelector_1][Slf4jLoggerFactory.java:95] - closeChannel: close the connection to remote address[] result: true
[ConsumerService][53050] 2022-06-20 23:40:46,554 INFO [NettyClientSelector_1][Slf4jLoggerFactory.java:95] - closeChannel: close the connection to remote address[] result: true
[ConsumerService][53050] 2022-06-20 23:40:55,761 INFO [NettyClientSelector_1][Slf4jLoggerFactory.java:95] - closeChannel: close the connection to remote address[] result: true
[ConsumerService][53050] 2022-06-20 23:40:57,790 INFO [NettyClientSelector_1][Slf4jLoggerFactory.java:95] - closeChannel: close the connection to remote address[] result: true
[ConsumerService][53050] 2022-06-20 23:41:08,530 INFO [NettyClientSelector_1][Slf4jLoggerFactory.java:95] - closeChannel: close the connection to remote address[] result: true
[ConsumerService][53050] 2022-06-20 23:41:10,573 INFO [NettyClientSelector_1][Slf4jLoggerFactory.java:95] - closeChannel: close the connection to remote address[] result: true
[ConsumerService][53050] 2022-06-20 23:41:12,598 INFO [NettyClientSelector_1][Slf4jLoggerFactory.java:95] - closeChannel: close the connection to remote address[] result: true
[ConsumerService][53050] 2022-06-20 23:41:16,562 INFO [NettyClientSelector_1][Slf4jLoggerFactory.java:95] - closeChannel: close the connection to remote address[] result: true
[ConsumerService][53050] 2022-06-20 23:41:19,831 INFO [NettyClientSelector_1][Slf4jLoggerFactory.java:95] - closeChannel: close the connection to remote address[] result: true
[ConsumerService][53050] 2022-06-20 23:41:21,059 INFO [hmilyTransaction-tccRollBackService-1][LogUtil.java:87] - rollback execute delayTime:60
[ConsumerService][53050] 2022-06-20 23:41:21,875 INFO [NettyClientSelector_1][Slf4jLoggerFactory.java:95] - closeChannel: close the connection to remote address[] result: true
[ConsumerService][53050] 2022-06-20 23:41:36,728 INFO [AsyncResolver-bootstrap-executor-0][ConfigClusterResolver.java:43] - Resolving eureka endpoints via configuration
[ConsumerService][53050] 2022-06-20 23:41:40,581 INFO [NettyClientSelector_1][Slf4jLoggerFactory.java:95] - closeChannel: close the connection to remote address[] result: true
[ConsumerService][53050] 2022-06-20 23:41:42,622 INFO [NettyClientSelector_1][Slf4jLoggerFactory.java:95] - closeChannel: close the connection to remote address[] result: true
[ConsumerService][53050] 2022-06-20 23:41:44,665 INFO [NettyClientSelector_1][Slf4jLoggerFactory.java:95] - closeChannel: close the connection to remote address[] result: true
[ConsumerService][53050] 2022-06-20 23:41:46,572 INFO [NettyClientSelector_1][Slf4jLoggerFactory.java:95] - closeChannel: close the connection to remote address[] result: true
[ConsumerService][53050] 2022-06-20 23:41:46,700 INFO [NettyClientSelector_1][Slf4jLoggerFactory.java:95] - closeChannel: close the connection to remote address[] result: true
[ConsumerService][53050] 2022-06-20 23:42:08,544 INFO [NettyClientSelector_1][Slf4jLoggerFactory.java:95] - closeChannel: close the connection to remote address[] result: true
[ConsumerService][53050] 2022-06-20 23:42:12,630 INFO [NettyClientSelector_1][Slf4jLoggerFactory.java:95] - closeChannel: close the connection to remote address[] result: true
[ConsumerService][53050] 2022-06-20 23:42:14,660 INFO [NettyClientSelector_1][Slf4jLoggerFactory.java:95] - closeChannel: close the connection to remote address[] result: true
[ConsumerService][53050] 2022-06-20 23:42:16,567 INFO [NettyClientSelector_1][Slf4jLoggerFactory.java:95] - closeChannel: close the connection to remote address[] result: true
[ConsumerService][53050] 2022-06-20 23:42:21,075 INFO [hmilyTransaction-tccRollBackService-1][LogUtil.java:87] - rollback execute delayTime:60
[ConsumerService][53050] 2022-06-20 23:42:36,722 INFO [NettyClientSelector_1][Slf4jLoggerFactory.java:95] - closeChannel: close the connection to remote address[] result: true
[ConsumerService][53050] 2022-06-20 23:42:38,765 INFO [NettyClientSelector_1][Slf4jLoggerFactory.java:95] - closeChannel: close the connection to remote address[] result: true
[ConsumerService][53050] 2022-06-20 23:42:40,808 INFO [NettyClientSelector_1][Slf4jLoggerFactory.java:95] - closeChannel: close the connection to remote address[] result: true
[ConsumerService][53050] 2022-06-20 23:42:42,843 INFO [NettyClientSelector_1][Slf4jLoggerFactory.java:95] - closeChannel: close the connection to remote address[] result: true
[ConsumerService][53050] 2022-06-20 23:42:44,882 INFO [NettyClientSelector_1][Slf4jLoggerFactory.java:95] - closeChannel: close the connection to remote address[] result: true
[ConsumerService][53050] 2022-06-20 23:42:46,585 INFO [NettyClientSelector_1][Slf4jLoggerFactory.java:95] - closeChannel: close the connection to remote address[] result: true
[ConsumerService][53050] 2022-06-20 23:43:00,817 INFO [NettyClientSelector_1][Slf4jLoggerFactory.java:95] - closeChannel: close the connection to remote address[] result: true
[ConsumerService][53050] 2022-06-20 23:43:02,843 INFO [NettyClientSelector_1][Slf4jLoggerFactory.java:95] - closeChannel: close the connection to remote address[] result: true
[ConsumerService][53050] 2022-06-20 23:43:10,551 INFO [NettyClientSelector_1][Slf4jLoggerFactory.java:95] - closeChannel: close the connection to remote address[] result: true
[ConsumerService][53050] 2022-06-20 23:43:12,595 INFO [NettyClientSelector_1][Slf4jLoggerFactory.java:95] - closeChannel: close the connection to remote address[] result: true
[ConsumerService][53050] 2022-06-20 23:43:16,572 INFO [NettyClientSelector_1][Slf4jLoggerFactory.java:95] - closeChannel: close the connection to remote address[] result: true
[ConsumerService][53050] 2022-06-20 23:43:21,096 INFO [hmilyTransaction-tccRollBackService-1][LogUtil.java:87] - rollback execute delayTime:60
[ConsumerService][53050] 2022-06-20 23:43:24,871 INFO [NettyClientSelector_1][Slf4jLoggerFactory.java:95] - closeChannel: close the connection to remote address[] result: true
[ConsumerService][53050] 2022-06-20 23:43:26,901 INFO [NettyClientSelector_1][Slf4jLoggerFactory.java:95] - closeChannel: close the connection to remote address[] result: true
[ConsumerService][53050] 2022-06-20 23:43:40,579 INFO [NettyClientSelector_1][Slf4jLoggerFactory.java:95] - closeChannel: close the connection to remote address[] result: true
[ConsumerService][53050] 2022-06-20 23:43:42,639 INFO [NettyClientSelector_1][Slf4jLoggerFactory.java:95] - closeChannel: close the connection to remote address[] result: true
[ConsumerService][53050] 2022-06-20 23:43:46,566 INFO [NettyClientSelector_1][Slf4jLoggerFactory.java:95] - closeChannel: close the connection to remote address[] result: true
[ConsumerService][53050] 2022-06-20 23:43:48,948 INFO [NettyClientSelector_1][Slf4jLoggerFactory.java:95] - closeChannel: close the connection to remote address[] result: true
[ConsumerService][53050] 2022-06-20 23:43:50,981 INFO [NettyClientSelector_1][Slf4jLoggerFactory.java:95] - closeChannel: close the connection to remote address[] result: true
[ConsumerService][53050] 2022-06-20 23:44:08,551 INFO [NettyClientSelector_1][Slf4jLoggerFactory.java:95] - closeChannel: close the connection to remote address[] result: true
[ConsumerService][53050] 2022-06-20 23:44:10,590 INFO [NettyClientSelector_1][Slf4jLoggerFactory.java:95] - closeChannel: close the connection to remote address[] result: true
[ConsumerService][53050] 2022-06-20 23:44:12,610 INFO [NettyClientSelector_1][Slf4jLoggerFactory.java:95] - closeChannel: close the connection to remote address[] result: true
[ConsumerService][53050] 2022-06-20 23:44:14,658 INFO [NettyClientSelector_1][Slf4jLoggerFactory.java:95] - closeChannel: close the connection to remote address[] result: true
[ConsumerService][53050] 2022-06-20 23:44:16,593 INFO [NettyClientSelector_1][Slf4jLoggerFactory.java:95] - closeChannel: close the connection to remote address[] result: true
[ConsumerService][53050] 2022-06-20 23:44:16,685 INFO [NettyClientSelector_1][Slf4jLoggerFactory.java:95] - closeChannel: close the connection to remote address[] result: true
[ConsumerService][53050] 2022-06-20 23:44:21,102 INFO [hmilyTransaction-tccRollBackService-1][LogUtil.java:87] - rollback execute delayTime:60
[ConsumerService][53050] 2022-06-20 23:44:38,527 INFO [NettyClientSelector_1][Slf4jLoggerFactory.java:95] - closeChannel: close the connection to remote address[] result: true
[ConsumerService][53050] 2022-06-20 23:44:40,557 INFO [NettyClientSelector_1][Slf4jLoggerFactory.java:95] - closeChannel: close the connection to remote address[] result: true
[ConsumerService][53050] 2022-06-20 23:44:42,584 INFO [NettyClientSelector_1][Slf4jLoggerFactory.java:95] - closeChannel: close the connection to remote address[] result: true
[ConsumerService][53050] 2022-06-20 23:44:44,629 INFO [NettyClientSelector_1][Slf4jLoggerFactory.java:95] - closeChannel: close the connection to remote address[] result: true
[ConsumerService][53050] 2022-06-20 23:44:46,587 INFO [NettyClientSelector_1][Slf4jLoggerFactory.java:95] - closeChannel: close the connection to remote address[] result: true
[ConsumerService][53050] 2022-06-20 23:45:06,637 INFO [NettyClientSelector_1][Slf4jLoggerFactory.java:95] - closeChannel: close the connection to remote address[] result: true
[ConsumerService][53050] 2022-06-20 23:45:08,682 INFO [NettyClientSelector_1][Slf4jLoggerFactory.java:95] - closeChannel: close the connection to remote address[] result: true
[ConsumerService][53050] 2022-06-20 23:45:10,712 INFO [NettyClientSelector_1][Slf4jLoggerFactory.java:95] - closeChannel: close the connection to remote address[] result: true
[ConsumerService][53050] 2022-06-20 23:45:12,757 INFO [NettyClientSelector_1][Slf4jLoggerFactory.java:95] - closeChannel: close the connection to remote address[] result: true
[ConsumerService][53050] 2022-06-20 23:45:16,577 INFO [NettyClientSelector_1][Slf4jLoggerFactory.java:95] - closeChannel: close the connection to remote address[] result: true
[ConsumerService][53050] 2022-06-20 23:45:21,113 INFO [hmilyTransaction-tccRollBackService-1][LogUtil.java:87] - rollback execute delayTime:60
[ConsumerService][53050] 2022-06-20 23:45:31,683 INFO [NettyClientSelector_1][Slf4jLoggerFactory.java:95] - closeChannel: close the connection to remote address[] result: true
[ConsumerService][53050] 2022-06-20 23:45:33,716 INFO [NettyClientSelector_1][Slf4jLoggerFactory.java:95] - closeChannel: close the connection to remote address[] result: true
[ConsumerService][53050] 2022-06-20 23:45:38,522 INFO [NettyClientSelector_1][Slf4jLoggerFactory.java:95] - closeChannel: close the connection to remote address[] result: true
[ConsumerService][53050] 2022-06-20 23:45:40,569 INFO [NettyClientSelector_1][Slf4jLoggerFactory.java:95] - closeChannel: close the connection to remote address[] result: true
[ConsumerService][53050] 2022-06-20 23:45:42,601 INFO [NettyClientSelector_1][Slf4jLoggerFactory.java:95] - closeChannel: close the connection to remote address[] result: true
[ConsumerService][53050] 2022-06-20 23:45:46,553 INFO [NettyClientSelector_1][Slf4jLoggerFactory.java:95] - closeChannel: close the connection to remote address[] result: true
[ConsumerService][53050] 2022-06-20 23:45:55,746 INFO [NettyClientSelector_1][Slf4jLoggerFactory.java:95] - closeChannel: close the connection to remote address[] result: true
[ConsumerService][53050] 2022-06-20 23:45:57,778 INFO [NettyClientSelector_1][Slf4jLoggerFactory.java:95] - closeChannel: close the connection to remote address[] result: true
[ConsumerService][53050] 2022-06-20 23:46:08,537 INFO [NettyClientSelector_1][Slf4jLoggerFactory.java:95] - closeChannel: close the connection to remote address[] result: true
[ConsumerService][53050] 2022-06-20 23:46:10,566 INFO [NettyClientSelector_1][Slf4jLoggerFactory.java:95] - closeChannel: close the connection to remote address[] result: true
[ConsumerService][53050] 2022-06-20 23:46:12,588 INFO [NettyClientSelector_1][Slf4jLoggerFactory.java:95] - closeChannel: close the connection to remote address[] result: true
[ConsumerService][53050] 2022-06-20 23:46:16,544 INFO [NettyClientSelector_1][Slf4jLoggerFactory.java:95] - closeChannel: close the connection to remote address[] result: true
[ConsumerService][53050] 2022-06-20 23:46:19,802 INFO [NettyClientSelector_1][Slf4jLoggerFactory.java:95] - closeChannel: close the connection to remote address[] result: true
[ConsumerService][53050] 2022-06-20 23:46:21,121 INFO [hmilyTransaction-tccRollBackService-1][LogUtil.java:87] - rollback execute delayTime:60
[ConsumerService][53050] 2022-06-20 23:46:21,813 INFO [NettyClientSelector_1][Slf4jLoggerFactory.java:95] - closeChannel: close the connection to remote address[] result: true
[ConsumerService][53050] 2022-06-20 23:46:36,792 INFO [AsyncResolver-bootstrap-executor-0][ConfigClusterResolver.java:43] - Resolving eureka endpoints via configuration
[ConsumerService][53050] 2022-06-20 23:46:38,510 INFO [NettyClientSelector_1][Slf4jLoggerFactory.java:95] - closeChannel: close the connection to remote address[] result: true
[ConsumerService][53050] 2022-06-20 23:46:40,545 INFO [NettyClientSelector_1][Slf4jLoggerFactory.java:95] - closeChannel: close the connection to remote address[] result: true
[ConsumerService][53050] 2022-06-20 23:46:42,575 INFO [NettyClientSelector_1][Slf4jLoggerFactory.java:95] - closeChannel: close the connection to remote address[] result: true
[ConsumerService][53050] 2022-06-20 23:46:46,551 INFO [NettyClientSelector_1][Slf4jLoggerFactory.java:95] - closeChannel: close the connection to remote address[] result: true
[ConsumerService][53050] 2022-06-20 23:46:46,644 INFO [NettyClientSelector_1][Slf4jLoggerFactory.java:95] - closeChannel: close the connection to remote address[] result: true
[ConsumerService][53050] 2022-06-20 23:46:50,781 INFO [http-nio-53050-exec-7][SecurityUtil.java:21] - 当前登录用户:LoginUser(tenantId=null, departmentId=null, payload={}, username=null, mobile=, userAuthorities={}, clientId=wanxin-p2p-web-admin)
[ConsumerService][53050] 2022-06-20 23:47:08,523 INFO [NettyClientSelector_1][Slf4jLoggerFactory.java:95] - closeChannel: close the connection to remote address[] result: true
[ConsumerService][53050] 2022-06-20 23:47:10,558 INFO [NettyClientSelector_1][Slf4jLoggerFactory.java:95] - closeChannel: close the connection to remote address[] result: true
[ConsumerService][53050] 2022-06-20 23:47:12,614 INFO [NettyClientSelector_1][Slf4jLoggerFactory.java:95] - closeChannel: close the connection to remote address[] result: true
[ConsumerService][53050] 2022-06-20 23:47:14,647 INFO [NettyClientSelector_1][Slf4jLoggerFactory.java:95] - closeChannel: close the connection to remote address[] result: true
[ConsumerService][53050] 2022-06-20 23:47:16,574 INFO [NettyClientSelector_1][Slf4jLoggerFactory.java:95] - closeChannel: close the connection to remote address[] result: true
[ConsumerService][53050] 2022-06-20 23:47:21,143 INFO [hmilyTransaction-tccRollBackService-1][LogUtil.java:87] - rollback execute delayTime:60
[ConsumerService][53050] 2022-06-20 23:47:33,696 INFO [http-nio-53050-exec-8][SecurityUtil.java:21] - 当前登录用户:LoginUser(tenantId=null, departmentId=null, payload={}, username=null, mobile=, userAuthorities={}, clientId=wanxin-p2p-web-admin)
[ConsumerService][53050] 2022-06-20 23:47:36,671 INFO [NettyClientSelector_1][Slf4jLoggerFactory.java:95] - closeChannel: close the connection to remote address[] result: true
[ConsumerService][53050] 2022-06-20 23:47:38,712 INFO [NettyClientSelector_1][Slf4jLoggerFactory.java:95] - closeChannel: close the connection to remote address[] result: true
[ConsumerService][53050] 2022-06-20 23:47:40,743 INFO [NettyClientSelector_1][Slf4jLoggerFactory.java:95] - closeChannel: close the connection to remote address[] result: true
[ConsumerService][53050] 2022-06-20 23:47:42,793 INFO [NettyClientSelector_1][Slf4jLoggerFactory.java:95] - closeChannel: close the connection to remote address[] result: true
[ConsumerService][53050] 2022-06-20 23:47:46,559 INFO [NettyClientSelector_1][Slf4jLoggerFactory.java:95] - closeChannel: close the connection to remote address[] result: true
[ConsumerService][53050] 2022-06-20 23:48:01,724 INFO [NettyClientSelector_1][Slf4jLoggerFactory.java:95] - closeChannel: close the connection to remote address[] result: true
[ConsumerService][53050] 2022-06-20 23:48:03,775 INFO [NettyClientSelector_1][Slf4jLoggerFactory.java:95] - closeChannel: close the connection to remote address[] result: true
[ConsumerService][53050] 2022-06-20 23:48:08,532 INFO [NettyClientSelector_1][Slf4jLoggerFactory.java:95] - closeChannel: close the connection to remote address[] result: true
[ConsumerService][53050] 2022-06-20 23:48:10,564 INFO [NettyClientSelector_1][Slf4jLoggerFactory.java:95] - closeChannel: close the connection to remote address[] result: true
[ConsumerService][53050] 2022-06-20 23:48:12,586 INFO [NettyClientSelector_1][Slf4jLoggerFactory.java:95] - closeChannel: close the connection to remote address[] result: true
[ConsumerService][53050] 2022-06-20 23:48:16,553 INFO [NettyClientSelector_1][Slf4jLoggerFactory.java:95] - closeChannel: close the connection to remote address[] result: true
[ConsumerService][53050] 2022-06-20 23:48:21,149 INFO [hmilyTransaction-tccRollBackService-1][LogUtil.java:87] - rollback execute delayTime:60
[ConsumerService][53050] 2022-06-20 23:48:25,838 INFO [NettyClientSelector_1][Slf4jLoggerFactory.java:95] - closeChannel: close the connection to remote address[] result: true
[ConsumerService][53050] 2022-06-20 23:48:27,882 INFO [NettyClientSelector_1][Slf4jLoggerFactory.java:95] - closeChannel: close the connection to remote address[] result: true
[ConsumerService][53050] 2022-06-20 23:48:38,534 INFO [NettyClientSelector_1][Slf4jLoggerFactory.java:95] - closeChannel: close the connection to remote address[] result: true
[ConsumerService][53050] 2022-06-20 23:48:40,578 INFO [NettyClientSelector_1][Slf4jLoggerFactory.java:95] - closeChannel: close the connection to remote address[] result: true
[ConsumerService][53050] 2022-06-20 23:48:42,640 INFO [NettyClientSelector_1][Slf4jLoggerFactory.java:95] - closeChannel: close the connection to remote address[] result: true
[ConsumerService][53050] 2022-06-20 23:48:46,558 INFO [NettyClientSelector_1][Slf4jLoggerFactory.java:95] - closeChannel: close the connection to remote address[] result: true
[ConsumerService][53050] 2022-06-20 23:48:49,904 INFO [NettyClientSelector_1][Slf4jLoggerFactory.java:95] - closeChannel: close the connection to remote address[] result: true
[ConsumerService][53050] 2022-06-20 23:48:51,933 INFO [NettyClientSelector_1][Slf4jLoggerFactory.java:95] - closeChannel: close the connection to remote address[] result: true
[ConsumerService][53050] 2022-06-20 23:49:12,573 INFO [NettyClientSelector_1][Slf4jLoggerFactory.java:95] - closeChannel: close the connection to remote address[] result: true
[ConsumerService][53050] 2022-06-20 23:49:14,594 INFO [NettyClientSelector_1][Slf4jLoggerFactory.java:95] - closeChannel: close the connection to remote address[] result: true
[ConsumerService][53050] 2022-06-20 23:49:16,569 INFO [NettyClientSelector_1][Slf4jLoggerFactory.java:95] - closeChannel: close the connection to remote address[] result: true
[ConsumerService][53050] 2022-06-20 23:49:16,633 INFO [NettyClientSelector_1][Slf4jLoggerFactory.java:95] - closeChannel: close the connection to remote address[] result: true
[ConsumerService][53050] 2022-06-20 23:49:21,169 INFO [hmilyTransaction-tccRollBackService-1][LogUtil.java:87] - rollback execute delayTime:60
[ConsumerService][53050] 2022-06-20 23:49:38,548 INFO [NettyClientSelector_1][Slf4jLoggerFactory.java:95] - closeChannel: close the connection to remote address[] result: true
[ConsumerService][53050] 2022-06-20 23:49:40,580 INFO [NettyClientSelector_1][Slf4jLoggerFactory.java:95] - closeChannel: close the connection to remote address[] result: true
[ConsumerService][53050] 2022-06-20 23:49:42,620 INFO [NettyClientSelector_1][Slf4jLoggerFactory.java:95] - closeChannel: close the connection to remote address[] result: true
[ConsumerService][53050] 2022-06-20 23:49:44,646 INFO [NettyClientSelector_1][Slf4jLoggerFactory.java:95] - closeChannel: close the connection to remote address[] result: true
[ConsumerService][53050] 2022-06-20 23:49:46,552 INFO [NettyClientSelector_1][Slf4jLoggerFactory.java:95] - closeChannel: close the connection to remote address[] result: true
[ConsumerService][53050] 2022-06-20 23:50:06,681 INFO [NettyClientSelector_1][Slf4jLoggerFactory.java:95] - closeChannel: close the connection to remote address[] result: true
[ConsumerService][53050] 2022-06-20 23:50:08,714 INFO [NettyClientSelector_1][Slf4jLoggerFactory.java:95] - closeChannel: close the connection to remote address[] result: true
[ConsumerService][53050] 2022-06-20 23:50:10,737 INFO [NettyClientSelector_1][Slf4jLoggerFactory.java:95] - closeChannel: close the connection to remote address[] result: true
[ConsumerService][53050] 2022-06-20 23:50:12,794 INFO [NettyClientSelector_1][Slf4jLoggerFactory.java:95] - closeChannel: close the connection to remote address[] result: true
[ConsumerService][53050] 2022-06-20 23:50:14,839 INFO [NettyClientSelector_1][Slf4jLoggerFactory.java:95] - closeChannel: close the connection to remote address[] result: true
[ConsumerService][53050] 2022-06-20 23:50:16,573 INFO [NettyClientSelector_1][Slf4jLoggerFactory.java:95] - closeChannel: close the connection to remote address[] result: true
[ConsumerService][53050] 2022-06-20 23:50:21,179 INFO [hmilyTransaction-tccRollBackService-1][LogUtil.java:87] - rollback execute delayTime:60
[ConsumerService][53050] 2022-06-20 23:50:30,762 INFO [NettyClientSelector_1][Slf4jLoggerFactory.java:95] - closeChannel: close the connection to remote address[] result: true
[ConsumerService][53050] 2022-06-20 23:50:32,803 INFO [NettyClientSelector_1][Slf4jLoggerFactory.java:95] - closeChannel: close the connection to remote address[] result: true
[ConsumerService][53050] 2022-06-20 23:50:40,576 INFO [NettyClientSelector_1][Slf4jLoggerFactory.java:95] - closeChannel: close the connection to remote address[] result: true
[ConsumerService][53050] 2022-06-20 23:50:42,620 INFO [NettyClientSelector_1][Slf4jLoggerFactory.java:95] - closeChannel: close the connection to remote address[] result: true
[ConsumerService][53050] 2022-06-20 23:50:46,567 INFO [NettyClientSelector_1][Slf4jLoggerFactory.java:95] - closeChannel: close the connection to remote address[] result: true
[ConsumerService][53050] 2022-06-20 23:50:54,857 INFO [NettyClientSelector_1][Slf4jLoggerFactory.java:95] - closeChannel: close the connection to remote address[] result: true
[ConsumerService][53050] 2022-06-20 23:50:56,887 INFO [NettyClientSelector_1][Slf4jLoggerFactory.java:95] - closeChannel: close the connection to remote address[] result: true
[ConsumerService][53050] 2022-06-20 23:51:08,536 INFO [NettyClientSelector_1][Slf4jLoggerFactory.java:95] - closeChannel: close the connection to remote address[] result: true
[ConsumerService][53050] 2022-06-20 23:51:10,589 INFO [NettyClientSelector_1][Slf4jLoggerFactory.java:95] - closeChannel: close the connection to remote address[] result: true
[ConsumerService][53050] 2022-06-20 23:51:12,630 INFO [NettyClientSelector_1][Slf4jLoggerFactory.java:95] - closeChannel: close the connection to remote address[] result: true
[ConsumerService][53050] 2022-06-20 23:51:16,561 INFO [NettyClientSelector_1][Slf4jLoggerFactory.java:95] - closeChannel: close the connection to remote address[] result: true
[ConsumerService][53050] 2022-06-20 23:51:18,930 INFO [NettyClientSelector_1][Slf4jLoggerFactory.java:95] - closeChannel: close the connection to remote address[] result: true
[ConsumerService][53050] 2022-06-20 23:51:20,973 INFO [NettyClientSelector_1][Slf4jLoggerFactory.java:95] - closeChannel: close the connection to remote address[] result: true
[ConsumerService][53050] 2022-06-20 23:51:21,190 INFO [hmilyTransaction-tccRollBackService-1][LogUtil.java:87] - rollback execute delayTime:60
[ConsumerService][53050] 2022-06-20 23:51:36,807 INFO [AsyncResolver-bootstrap-executor-0][ConfigClusterResolver.java:43] - Resolving eureka endpoints via configuration
[ConsumerService][53050] 2022-06-20 23:51:38,733 INFO [NettyClientSelector_1][Slf4jLoggerFactory.java:95] - closeChannel: close the connection to remote address[] result: true
[ConsumerService][53050] 2022-06-20 23:51:41,044 INFO [NettyClientSelector_1][Slf4jLoggerFactory.java:95] - closeChannel: close the connection to remote address[] result: true
[ConsumerService][53050] 2022-06-20 23:51:43,349 INFO [NettyClientSelector_1][Slf4jLoggerFactory.java:95] - closeChannel: close the connection to remote address[] result: true
[ConsumerService][53050] 2022-06-20 23:51:45,834 INFO [NettyClientSelector_1][Slf4jLoggerFactory.java:95] - closeChannel: close the connection to remote address[] result: true
[ConsumerService][53050] 2022-06-20 23:51:46,927 INFO [NettyClientSelector_1][Slf4jLoggerFactory.java:95] - closeChannel: close the connection to remote address[] result: true
[ConsumerService][53050] 2022-06-20 23:51:48,247 INFO [NettyClientSelector_1][Slf4jLoggerFactory.java:95] - closeChannel: close the connection to remote address[] result: true
[ConsumerService][53050] 2022-06-20 23:52:13,937 INFO [NettyClientSelector_1][Slf4jLoggerFactory.java:95] - closeChannel: close the connection to remote address[] result: true
[ConsumerService][53050] 2022-06-20 23:52:16,239 INFO [NettyClientSelector_1][Slf4jLoggerFactory.java:95] - closeChannel: close the connection to remote address[] result: true
[ConsumerService][53050] 2022-06-20 23:52:16,818 INFO [NettyClientSelector_1][Slf4jLoggerFactory.java:95] - closeChannel: close the connection to remote address[] result: true
[ConsumerService][53050] 2022-06-20 23:52:21,200 INFO [hmilyTransaction-tccRollBackService-1][LogUtil.java:87] - rollback execute delayTime:60
[ConsumerService][53050] 2022-06-20 23:52:38,355 INFO [NettyClientSelector_1][Slf4jLoggerFactory.java:95] - closeChannel: close the connection to remote address[] result: true
[ConsumerService][53050] 2022-06-20 23:52:40,411 INFO [NettyClientSelector_1][Slf4jLoggerFactory.java:95] - closeChannel: close the connection to remote address[] result: true
[ConsumerService][53050] 2022-06-20 23:52:42,451 INFO [NettyClientSelector_1][Slf4jLoggerFactory.java:95] - closeChannel: close the connection to remote address[] result: true
[ConsumerService][53050] 2022-06-20 23:52:44,861 INFO [NettyClientSelector_1][Slf4jLoggerFactory.java:95] - closeChannel: close the connection to remote address[] result: true
[ConsumerService][53050] 2022-06-20 23:52:46,585 INFO [NettyClientSelector_1][Slf4jLoggerFactory.java:95] - closeChannel: close the connection to remote address[] result: true
[ConsumerService][53050] 2022-06-20 23:53:02,433 INFO [NettyClientSelector_1][Slf4jLoggerFactory.java:95] - closeChannel: close the connection to remote address[] result: true
[ConsumerService][53050] 2022-06-20 23:53:04,478 INFO [NettyClientSelector_1][Slf4jLoggerFactory.java:95] - closeChannel: close the connection to remote address[] result: true
[ConsumerService][53050] 2022-06-20 23:53:08,538 INFO [NettyClientSelector_1][Slf4jLoggerFactory.java:95] - closeChannel: close the connection to remote address[] result: true
[ConsumerService][53050] 2022-06-20 23:53:10,568 INFO [NettyClientSelector_1][Slf4jLoggerFactory.java:95] - closeChannel: close the connection to remote address[] result: true
[ConsumerService][53050] 2022-06-20 23:53:12,609 INFO [NettyClientSelector_1][Slf4jLoggerFactory.java:95] - closeChannel: close the connection to remote address[] result: true
[ConsumerService][53050] 2022-06-20 23:53:16,560 INFO [NettyClientSelector_1][Slf4jLoggerFactory.java:95] - closeChannel: close the connection to remote address[] result: true
[ConsumerService][53050] 2022-06-20 23:53:21,219 INFO [hmilyTransaction-tccRollBackService-1][LogUtil.java:87] - rollback execute delayTime:60
[ConsumerService][53050] 2022-06-20 23:53:26,512 INFO [NettyClientSelector_1][Slf4jLoggerFactory.java:95] - closeChannel: close the connection to remote address[] result: true
[ConsumerService][53050] 2022-06-20 23:53:28,549 INFO [NettyClientSelector_1][Slf4jLoggerFactory.java:95] - closeChannel: close the connection to remote address[] result: true
[ConsumerService][53050] 2022-06-20 23:53:38,512 INFO [NettyClientSelector_1][Slf4jLoggerFactory.java:95] - closeChannel: close the connection to remote address[] result: true
[ConsumerService][53050] 2022-06-20 23:53:40,554 INFO [NettyClientSelector_1][Slf4jLoggerFactory.java:95] - closeChannel: close the connection to remote address[] result: true
[ConsumerService][53050] 2022-06-20 23:53:42,572 INFO [NettyClientSelector_1][Slf4jLoggerFactory.java:95] - closeChannel: close the connection to remote address[] result: true
[ConsumerService][53050] 2022-06-20 23:53:46,570 INFO [NettyClientSelector_1][Slf4jLoggerFactory.java:95] - closeChannel: close the connection to remote address[] result: true
[ConsumerService][53050] 2022-06-20 23:53:50,597 INFO [NettyClientSelector_1][Slf4jLoggerFactory.java:95] - closeChannel: close the connection to remote address[] result: true
[ConsumerService][53050] 2022-06-20 23:53:52,614 INFO [NettyClientSelector_1][Slf4jLoggerFactory.java:95] - closeChannel: close the connection to remote address[] result: true
[ConsumerService][53050] 2022-06-20 23:54:10,560 INFO [NettyClientSelector_1][Slf4jLoggerFactory.java:95] - closeChannel: close the connection to remote address[] result: true
[ConsumerService][53050] 2022-06-20 23:54:12,580 INFO [NettyClientSelector_1][Slf4jLoggerFactory.java:95] - closeChannel: close the connection to remote address[] result: true
[ConsumerService][53050] 2022-06-20 23:54:16,567 INFO [NettyClientSelector_1][Slf4jLoggerFactory.java:95] - closeChannel: close the connection to remote address[] result: true
[ConsumerService][53050] 2022-06-20 23:54:16,709 INFO [NettyClientSelector_1][Slf4jLoggerFactory.java:95] - closeChannel: close the connection to remote address[] result: true
[ConsumerService][53050] 2022-06-20 23:54:21,233 INFO [hmilyTransaction-tccRollBackService-1][LogUtil.java:87] - rollback execute delayTime:60
[ConsumerService][53050] 2022-06-20 23:54:38,532 INFO [NettyClientSelector_1][Slf4jLoggerFactory.java:95] - closeChannel: close the connection to remote address[] result: true
[ConsumerService][53050] 2022-06-20 23:54:40,868 INFO [NettyClientSelector_1][Slf4jLoggerFactory.java:95] - closeChannel: close the connection to remote address[] result: true
[ConsumerService][53050] 2022-06-20 23:54:43,239 INFO [NettyClientSelector_1][Slf4jLoggerFactory.java:95] - closeChannel: close the connection to remote address[] result: true
[ConsumerService][53050] 2022-06-20 23:54:46,887 INFO [NettyClientSelector_1][Slf4jLoggerFactory.java:95] - closeChannel: close the connection to remote address[] result: true
[ConsumerService][53050] 2022-06-20 23:55:05,123 INFO [NettyClientSelector_1][Slf4jLoggerFactory.java:95] - closeChannel: close the connection to remote address[] result: true
[ConsumerService][53050] 2022-06-20 23:55:07,371 INFO [NettyClientSelector_1][Slf4jLoggerFactory.java:95] - closeChannel: close the connection to remote address[] result: true
[ConsumerService][53050] 2022-06-20 23:55:11,966 INFO [NettyClientSelector_1][Slf4jLoggerFactory.java:95] - closeChannel: close the connection to remote address[] result: true
[ConsumerService][53050] 2022-06-20 23:55:14,004 INFO [NettyClientSelector_1][Slf4jLoggerFactory.java:95] - closeChannel: close the connection to remote address[] result: true
[ConsumerService][53050] 2022-06-20 23:55:16,556 INFO [NettyClientSelector_1][Slf4jLoggerFactory.java:95] - closeChannel: close the connection to remote address[] result: true
[ConsumerService][53050] 2022-06-20 23:55:19,173 INFO [http-nio-53050-exec-10][SecurityUtil.java:21] - 当前登录用户:LoginUser(tenantId=null, departmentId=null, payload={}, username=null, mobile=, userAuthorities={}, clientId=wanxin-p2p-web-admin)
[ConsumerService][53050] 2022-06-20 23:55:21,240 INFO [hmilyTransaction-tccRollBackService-1][LogUtil.java:87] - rollback execute delayTime:60
[ConsumerService][53050] 2022-06-20 23:55:23,168 INFO [http-nio-53050-exec-4][SecurityUtil.java:21] - 当前登录用户:LoginUser(tenantId=null, departmentId=null, payload={}, username=null, mobile=, userAuthorities={}, clientId=wanxin-p2p-web-admin)
[ConsumerService][53050] 2022-06-20 23:55:29,408 INFO [NettyClientSelector_1][Slf4jLoggerFactory.java:95] - closeChannel: close the connection to remote address[] result: true
[ConsumerService][53050] 2022-06-20 23:55:31,449 INFO [NettyClientSelector_1][Slf4jLoggerFactory.java:95] - closeChannel: close the connection to remote address[] result: true
[ConsumerService][53050] 2022-06-20 23:55:37,451 INFO [http-nio-53050-exec-1][SecurityUtil.java:21] - 当前登录用户:LoginUser(tenantId=null, departmentId=null, payload={}, username=null, mobile=, userAuthorities={}, clientId=wanxin-p2p-web-admin)
[ConsumerService][53050] 2022-06-20 23:55:38,527 INFO [NettyClientSelector_1][Slf4jLoggerFactory.java:95] - closeChannel: close the connection to remote address[] result: true
[ConsumerService][53050] 2022-06-20 23:55:40,731 INFO [NettyClientSelector_1][Slf4jLoggerFactory.java:95] - closeChannel: close the connection to remote address[] result: true
[ConsumerService][53050] 2022-06-20 23:55:42,970 INFO [NettyClientSelector_1][Slf4jLoggerFactory.java:95] - closeChannel: close the connection to remote address[] result: true
[ConsumerService][53050] 2022-06-20 23:55:46,938 INFO [NettyClientSelector_1][Slf4jLoggerFactory.java:95] - closeChannel: close the connection to remote address[] result: true
[ConsumerService][53050] 2022-06-20 23:55:53,802 INFO [NettyClientSelector_1][Slf4jLoggerFactory.java:95] - closeChannel: close the connection to remote address[] result: true
[ConsumerService][53050] 2022-06-20 23:55:56,201 INFO [NettyClientSelector_1][Slf4jLoggerFactory.java:95] - closeChannel: close the connection to remote address[] result: true
[ConsumerService][53050] 2022-06-20 23:56:08,995 INFO [NettyClientSelector_1][Slf4jLoggerFactory.java:95] - closeChannel: close the connection to remote address[] result: true
[ConsumerService][53050] 2022-06-20 23:56:13,770 INFO [NettyClientSelector_1][Slf4jLoggerFactory.java:95] - closeChannel: close the connection to remote address[] result: true
[ConsumerService][53050] 2022-06-20 23:56:16,736 INFO [NettyClientSelector_1][Slf4jLoggerFactory.java:95] - closeChannel: close the connection to remote address[] result: true
[ConsumerService][53050] 2022-06-20 23:56:18,509 INFO [NettyClientSelector_1][Slf4jLoggerFactory.java:95] - closeChannel: close the connection to remote address[] result: true
[ConsumerService][53050] 2022-06-20 23:56:20,794 INFO [NettyClientSelector_1][Slf4jLoggerFactory.java:95] - closeChannel: close the connection to remote address[] result: true
[ConsumerService][53050] 2022-06-20 23:56:21,245 INFO [hmilyTransaction-tccRollBackService-1][LogUtil.java:87] - rollback execute delayTime:60
[ConsumerService][53050] 2022-06-20 23:56:36,821 INFO [AsyncResolver-bootstrap-executor-0][ConfigClusterResolver.java:43] - Resolving eureka endpoints via configuration
[ConsumerService][53050] 2022-06-20 23:56:42,611 INFO [NettyClientSelector_1][Slf4jLoggerFactory.java:95] - closeChannel: close the connection to remote address[] result: true
[ConsumerService][53050] 2022-06-20 23:56:44,655 INFO [NettyClientSelector_1][Slf4jLoggerFactory.java:95] - closeChannel: close the connection to remote address[] result: true
[ConsumerService][53050] 2022-06-20 23:56:46,567 INFO [NettyClientSelector_1][Slf4jLoggerFactory.java:95] - closeChannel: close the connection to remote address[] result: true
[ConsumerService][53050] 2022-06-20 23:56:46,693 INFO [NettyClientSelector_1][Slf4jLoggerFactory.java:95] - closeChannel: close the connection to remote address[] result: true
[ConsumerService][53050] 2022-06-20 23:57:08,953 INFO [NettyClientSelector_1][Slf4jLoggerFactory.java:95] - closeChannel: close the connection to remote address[] result: true
[ConsumerService][53050] 2022-06-20 23:57:14,042 INFO [NettyClientSelector_1][Slf4jLoggerFactory.java:95] - closeChannel: close the connection to remote address[] result: true
[ConsumerService][53050] 2022-06-20 23:57:17,432 INFO [NettyClientSelector_1][Slf4jLoggerFactory.java:95] - closeChannel: close the connection to remote address[] result: true
[ConsumerService][53050] 2022-06-20 23:57:21,264 INFO [hmilyTransaction-tccRollBackService-1][LogUtil.java:87] - rollback execute delayTime:60
[ConsumerService][53050] 2022-06-20 23:57:35,216 INFO [NettyClientSelector_1][Slf4jLoggerFactory.java:95] - closeChannel: close the connection to remote address[] result: true
[ConsumerService][53050] 2022-06-20 23:57:37,623 INFO [NettyClientSelector_1][Slf4jLoggerFactory.java:95] - closeChannel: close the connection to remote address[] result: true
[ConsumerService][53050] 2022-06-20 23:57:39,908 INFO [NettyClientSelector_1][Slf4jLoggerFactory.java:95] - closeChannel: close the connection to remote address[] result: true
[ConsumerService][53050] 2022-06-20 23:57:42,432 INFO [NettyClientSelector_1][Slf4jLoggerFactory.java:95] - closeChannel: close the connection to remote address[] result: true
[ConsumerService][53050] 2022-06-20 23:57:44,670 INFO [NettyClientSelector_1][Slf4jLoggerFactory.java:95] - closeChannel: close the connection to remote address[] result: true
[ConsumerService][53050] 2022-06-20 23:57:46,904 INFO [NettyClientSelector_1][Slf4jLoggerFactory.java:95] - closeChannel: close the connection to remote address[] result: true
[ConsumerService][53050] 2022-06-20 23:57:59,673 INFO [NettyClientSelector_1][Slf4jLoggerFactory.java:95] - closeChannel: close the connection to remote address[] result: true
[ConsumerService][53050] 2022-06-20 23:58:01,702 INFO [NettyClientSelector_1][Slf4jLoggerFactory.java:95] - closeChannel: close the connection to remote address[] result: true
[ConsumerService][53050] 2022-06-20 23:58:08,511 INFO [NettyClientSelector_1][Slf4jLoggerFactory.java:95] - closeChannel: close the connection to remote address[] result: true
[ConsumerService][53050] 2022-06-20 23:58:10,532 INFO [NettyClientSelector_1][Slf4jLoggerFactory.java:95] - closeChannel: close the connection to remote address[] result: true
[ConsumerService][53050] 2022-06-20 23:58:12,541 INFO [NettyClientSelector_1][Slf4jLoggerFactory.java:95] - closeChannel: close the connection to remote address[] result: true
[ConsumerService][53050] 2022-06-20 23:58:16,542 INFO [NettyClientSelector_1][Slf4jLoggerFactory.java:95] - closeChannel: close the connection to remote address[] result: true
[ConsumerService][53050] 2022-06-20 23:58:21,279 INFO [hmilyTransaction-tccRollBackService-1][LogUtil.java:87] - rollback execute delayTime:60
[ConsumerService][53050] 2022-06-20 23:58:23,741 INFO [NettyClientSelector_1][Slf4jLoggerFactory.java:95] - closeChannel: close the connection to remote address[] result: true
[ConsumerService][53050] 2022-06-20 23:58:25,756 INFO [NettyClientSelector_1][Slf4jLoggerFactory.java:95] - closeChannel: close the connection to remote address[] result: true
[ConsumerService][53050] 2022-06-20 23:58:38,530 INFO [NettyClientSelector_1][Slf4jLoggerFactory.java:95] - closeChannel: close the connection to remote address[] result: true
[ConsumerService][53050] 2022-06-20 23:58:40,548 INFO [NettyClientSelector_1][Slf4jLoggerFactory.java:95] - closeChannel: close the connection to remote address[] result: true
[ConsumerService][53050] 2022-06-20 23:58:42,582 INFO [NettyClientSelector_1][Slf4jLoggerFactory.java:95] - closeChannel: close the connection to remote address[] result: true
[ConsumerService][53050] 2022-06-20 23:58:46,557 INFO [NettyClientSelector_1][Slf4jLoggerFactory.java:95] - closeChannel: close the connection to remote address[] result: true
[ConsumerService][53050] 2022-06-20 23:58:47,780 INFO [NettyClientSelector_1][Slf4jLoggerFactory.java:95] - closeChannel: close the connection to remote address[] result: true
[ConsumerService][53050] 2022-06-20 23:58:49,791 INFO [NettyClientSelector_1][Slf4jLoggerFactory.java:95] - closeChannel: close the connection to remote address[] result: true
[ConsumerService][53050] 2022-06-20 23:59:08,516 INFO [NettyClientSelector_1][Slf4jLoggerFactory.java:95] - closeChannel: close the connection to remote address[] result: true
[ConsumerService][53050] 2022-06-20 23:59:10,549 INFO [NettyClientSelector_1][Slf4jLoggerFactory.java:95] - closeChannel: close the connection to remote address[] result: true
[ConsumerService][53050] 2022-06-20 23:59:12,608 INFO [NettyClientSelector_1][Slf4jLoggerFactory.java:95] - closeChannel: close the connection to remote address[] result: true
[ConsumerService][53050] 2022-06-20 23:59:14,647 INFO [NettyClientSelector_1][Slf4jLoggerFactory.java:95] - closeChannel: close the connection to remote address[] result: true
[ConsumerService][53050] 2022-06-20 23:59:16,554 INFO [NettyClientSelector_1][Slf4jLoggerFactory.java:95] - closeChannel: close the connection to remote address[] result: true
[ConsumerService][53050] 2022-06-20 23:59:16,698 INFO [NettyClientSelector_1][Slf4jLoggerFactory.java:95] - closeChannel: close the connection to remote address[] result: true
[ConsumerService][53050] 2022-06-20 23:59:21,292 INFO [hmilyTransaction-tccRollBackService-1][LogUtil.java:87] - rollback execute delayTime:60
[ConsumerService][53050] 2022-06-20 23:59:38,533 INFO [NettyClientSelector_1][Slf4jLoggerFactory.java:95] - closeChannel: close the connection to remote address[] result: true
[ConsumerService][53050] 2022-06-20 23:59:42,608 INFO [NettyClientSelector_1][Slf4jLoggerFactory.java:95] - closeChannel: close the connection to remote address[] result: true
[ConsumerService][53050] 2022-06-20 23:59:44,626 INFO [NettyClientSelector_1][Slf4jLoggerFactory.java:95] - closeChannel: close the connection to remote address[] result: true
[ConsumerService][53050] 2022-06-20 23:59:46,549 INFO [NettyClientSelector_1][Slf4jLoggerFactory.java:95] - closeChannel: close the connection to remote address[] result: true
