[AccountService][53030] 2022-07-09 16:40:40,731 INFO [main][DefaultApplicationProvider.java:85] - App ID is set to account-service by app.id property from System Property
[AccountService][53030] 2022-07-09 16:40:40,745 INFO [main][DefaultServerProvider.java:108] - Environment is set to [dev] by JVM system property 'env'.
[AccountService][53030] 2022-07-09 16:40:40,892 WARN [main][DefaultMetaServerProvider.java:39] - Could not find meta server address, because it is not available in neither (1) JVM system property 'apollo.meta', (2) OS env variable 'APOLLO_META' (3) property 'apollo.meta' from server.properties nor (4) property 'apollo.meta' from app.properties
[AccountService][53030] 2022-07-09 16:40:40,909 INFO [main][MetaDomainConsts.java:93] - Located meta server address http://localhost:8080 for env DEV from com.ctrip.framework.apollo.core.internals.LegacyMetaServerProvider
[AccountService][53030] 2022-07-09 16:40:44,814 INFO [main][SpringApplication.java:675] - No active profile set, falling back to default profiles: default
[AccountService][53030] 2022-07-09 16:40:49,376 INFO [main][RepositoryConfigurationDelegate.java:244] - Multiple Spring Data modules found, entering strict repository configuration mode!
[AccountService][53030] 2022-07-09 16:40:49,381 INFO [main][RepositoryConfigurationDelegate.java:126] - Bootstrapping Spring Data repositories in DEFAULT mode.
[AccountService][53030] 2022-07-09 16:40:49,516 INFO [main][RepositoryConfigurationDelegate.java:182] - Finished Spring Data repository scanning in 95ms. Found 0 repository interfaces.
[AccountService][53030] 2022-07-09 16:40:49,551 INFO [main][RepositoryConfigurationDelegate.java:244] - Multiple Spring Data modules found, entering strict repository configuration mode!
[AccountService][53030] 2022-07-09 16:40:49,555 INFO [main][RepositoryConfigurationDelegate.java:126] - Bootstrapping Spring Data repositories in DEFAULT mode.
[AccountService][53030] 2022-07-09 16:40:49,617 INFO [main][RepositoryConfigurationDelegate.java:182] - Finished Spring Data repository scanning in 20ms. Found 0 repository interfaces.
[AccountService][53030] 2022-07-09 16:40:50,041 WARN [main][EndpointId.java:135] - Endpoint ID 'service-registry' contains invalid characters, please migrate to a valid format.
[AccountService][53030] 2022-07-09 16:40:50,316 INFO [main][ConfigurationClassPostProcessor.java:380] - Cannot enhance @Configuration bean definition 'com.ctrip.framework.apollo.spring.boot.ApolloAutoConfiguration' since its singleton instance has been created too early. The typical cause is a non-static @Bean method with a BeanDefinitionRegistryPostProcessor return type: Consider declaring such methods as 'static'.
[AccountService][53030] 2022-07-09 16:40:50,743 INFO [main][GenericScope.java:294] - BeanFactory id=4345df52-f211-3918-a911-b14b7743ce81
[AccountService][53030] 2022-07-09 16:40:50,807 WARN [main][PropertySourcesDeducer.java:75] - Multiple PropertySourcesPlaceholderConfigurer beans registered [propertySourcesPlaceholderConfigurer, org.springframework.context.support.PropertySourcesPlaceholderConfigurer], falling back to Environment
[AccountService][53030] 2022-07-09 16:40:50,944 INFO [main][PostProcessorRegistrationDelegate.java:330] - Bean 'com.alibaba.druid.spring.boot.autoconfigure.stat.DruidSpringAopConfiguration' of type [com.alibaba.druid.spring.boot.autoconfigure.stat.DruidSpringAopConfiguration] is not eligible for getting processed by all BeanPostProcessors (for example: not eligible for auto-proxying)
[AccountService][53030] 2022-07-09 16:40:51,153 INFO [main][PostProcessorRegistrationDelegate.java:330] - Bean 'org.springframework.transaction.annotation.ProxyTransactionManagementConfiguration' of type [org.springframework.transaction.annotation.ProxyTransactionManagementConfiguration$$EnhancerBySpringCGLIB$$c9d9fe05] is not eligible for getting processed by all BeanPostProcessors (for example: not eligible for auto-proxying)
[AccountService][53030] 2022-07-09 16:40:51,526 INFO [main][PostProcessorRegistrationDelegate.java:330] - Bean 'spring.datasource.druid-com.alibaba.druid.spring.boot.autoconfigure.properties.DruidStatProperties' of type [com.alibaba.druid.spring.boot.autoconfigure.properties.DruidStatProperties] is not eligible for getting processed by all BeanPostProcessors (for example: not eligible for auto-proxying)
[AccountService][53030] 2022-07-09 16:40:51,561 INFO [main][PostProcessorRegistrationDelegate.java:330] - Bean 'advisor' of type [org.springframework.aop.support.RegexpMethodPointcutAdvisor] is not eligible for getting processed by all BeanPostProcessors (for example: not eligible for auto-proxying)
[AccountService][53030] 2022-07-09 16:40:51,607 INFO [main][PostProcessorRegistrationDelegate.java:330] - Bean 'org.springframework.cloud.autoconfigure.ConfigurationPropertiesRebinderAutoConfiguration' of type [org.springframework.cloud.autoconfigure.ConfigurationPropertiesRebinderAutoConfiguration$$EnhancerBySpringCGLIB$$e5f40102] is not eligible for getting processed by all BeanPostProcessors (for example: not eligible for auto-proxying)
[AccountService][53030] 2022-07-09 16:40:52,591 INFO [main][TomcatWebServer.java:90] - Tomcat initialized with port(s): 53030 (http)
[AccountService][53030] 2022-07-09 16:40:52,648 INFO [main][DirectJDKLog.java:173] - Initializing ProtocolHandler ["http-nio-53030"]
[AccountService][53030] 2022-07-09 16:40:52,679 INFO [main][DirectJDKLog.java:173] - Starting service [Tomcat]
[AccountService][53030] 2022-07-09 16:40:52,683 INFO [main][DirectJDKLog.java:173] - Starting Servlet engine: [Apache Tomcat/9.0.16]
[AccountService][53030] 2022-07-09 16:40:52,702 INFO [main][DirectJDKLog.java:173] - The APR based Apache Tomcat Native library which allows optimal performance in production environments was not found on the java.library.path: [E:\jdk1.8.0_161\bin;C:\WINDOWS\Sun\Java\bin;C:\WINDOWS\system32;C:\WINDOWS;E:\Ruby26-x64\bin;C:\Program Files (x86)\Common Files\Oracle\Java\javapath;C:\Program Files\VanDyke Software\Clients\;E:\Anaconda;E:\Anaconda\Library\mingw-w64\bin;E:\Anaconda\Library\usr\bin;E:\Anaconda\Library\bin;E:\Anaconda\Scripts;C:\WINDOWS\system32;C:\WINDOWS;C:\WINDOWS\System32\Wbem;C:\WINDOWS\System32\WindowsPowerShell\v1.0\;C:\WINDOWS\System32\OpenSSH\;E:\mysql-5.7.20-winx64\bin;C:\Program Files\dotnet\;E:\nodejs\;C:\Users\Administrator\AppData\Roaming\npm;E:\nodejs\node_global\;C:\Program Files (x86)\Common Files\Thunder Network\KanKan\Codecs;E:\spark-2.1.1-hadoop2.7\bin;D:\Android\Sdk\platform-tools;E:\TortoiseSVN\bin;E:\TortoiseSVN\bin;E:\Subversion\bin;C:\Program Files\Docker\Docker\resources\bin;C:\ProgramData\DockerDesktop\version-bin;E:\CMake\bin;C:\mingw64\bin;E:\scala-2.12.15\bin;C:\Program Files (x86)\scala\bin;E:\spark\bin;E:\spark-2.1.1-hadoop2.7\bin;E:\NetSarang\Xshell 7\;E:\NetSarang\Xftp 7\;C:\Program Files\Git\cmd;E:\apache-maven-3.6.3\bin;E:\jdk1.8.0_161\bin;C:\Users\Administrator\AppData\Local\Microsoft\WindowsApps;E:\IntelliJ IDEA\bin;;C:\Users\Administrator\AppData\Roaming\npm;E:\nodejs\node_global\;C:\Users\Administrator\.dotnet\tools;C:\Users\Administrator\AppData\Local\GitHubDesktop\bin;E:\Microsoft VS Code\bin;.]
[AccountService][53030] 2022-07-09 16:40:53,202 INFO [main][DirectJDKLog.java:173] - Initializing Spring embedded WebApplicationContext
[AccountService][53030] 2022-07-09 16:40:53,203 INFO [main][ServletWebServerApplicationContext.java:296] - Root WebApplicationContext: initialization completed in 8350 ms
[AccountService][53030] 2022-07-09 16:40:54,005 WARN [main][URLConfigurationSource.java:121] - No URLs will be polled as dynamic configuration sources.
[AccountService][53030] 2022-07-09 16:40:54,010 INFO [main][URLConfigurationSource.java:122] - To enable URLs as dynamic configuration sources, define System property archaius.configurationSource.additionalUrls or make config.properties available on classpath.
[AccountService][53030] 2022-07-09 16:40:54,081 INFO [main][DynamicPropertyFactory.java:281] - DynamicPropertyFactory is initialized with configuration sources: com.netflix.config.ConcurrentCompositeConfiguration@6ad6ae45
[AccountService][53030] 2022-07-09 16:40:54,793 INFO [main][DruidDataSourceAutoConfigure.java:56] - Init DruidDataSource
[AccountService][53030] 2022-07-09 16:40:56,004 INFO [main][DruidDataSource.java:1002] - {dataSource-1} inited
[AccountService][53030] 2022-07-09 16:41:04,036 INFO [main][AutowiredAnnotationBeanPostProcessor.java:342] - Inconsistent constructor declaration on bean with name 'hmilyAutoConfiguration': single autowire-marked constructor flagged as optional - this constructor is effectively required since there is no default constructor to fall back to: public org.dromara.hmily.spring.boot.starter.parent.configuration.HmilyAutoConfiguration$$EnhancerBySpringCGLIB$$f6753c91(org.dromara.hmily.spring.boot.starter.parent.config.HmilyConfigProperties)
[AccountService][53030] 2022-07-09 16:41:05,728 INFO [main][EndpointLinksResolver.java:59] - Exposing 2 endpoint(s) beneath base path '/actuator'
[AccountService][53030] 2022-07-09 16:41:06,996 INFO [main][HikariDataSource.java:110] - HikariPool-1 - Starting...
[AccountService][53030] 2022-07-09 16:41:07,112 INFO [main][HikariDataSource.java:123] - HikariPool-1 - Start completed.
[AccountService][53030] 2022-07-09 16:41:07,231 INFO [main][HmilyLogo.java:49] - 


    __  __          _ __     
   / / / /___ ___  (_) /_  __
  / /_/ / __ `__ \/ / / / / /
 / __  / / / / / / / / /_/ / 
/_/ /_/_/ /_/ /_/_/_/\__, /  
                    /____/   

 :: Hmily :: (v2.0.0-RELEASE)

[AccountService][53030] 2022-07-09 16:41:07,345 INFO [main][PropertySourcedRequestMappingHandlerMapping.java:69] - Mapped URL path [/v2/api-docs] onto method [public org.springframework.http.ResponseEntity<springfox.documentation.spring.web.json.Json> springfox.documentation.swagger2.web.Swagger2Controller.getDocumentation(java.lang.String,javax.servlet.http.HttpServletRequest)]
[AccountService][53030] 2022-07-09 16:41:07,433 WARN [main][URLConfigurationSource.java:121] - No URLs will be polled as dynamic configuration sources.
[AccountService][53030] 2022-07-09 16:41:07,434 INFO [main][URLConfigurationSource.java:122] - To enable URLs as dynamic configuration sources, define System property archaius.configurationSource.additionalUrls or make config.properties available on classpath.
[AccountService][53030] 2022-07-09 16:41:08,516 INFO [main][ExecutorConfigurationSupport.java:171] - Initializing ExecutorService 'applicationTaskExecutor'
[AccountService][53030] 2022-07-09 16:41:19,324 WARN [main][EurekaStarterDeprecationWarningAutoConfiguration.java:19] - spring-cloud-starter-eureka is deprecated as of Spring Cloud Netflix 1.4.0, please migrate to spring-cloud-starter-netflix-eureka
[AccountService][53030] 2022-07-09 16:41:19,763 INFO [main][InstanceInfoFactory.java:71] - Setting initial instance status as: STARTING
[AccountService][53030] 2022-07-09 16:41:19,897 INFO [main][DiscoveryClient.java:349] - Initializing Eureka in region us-east-1
[AccountService][53030] 2022-07-09 16:41:22,089 INFO [main][DiscoveryJerseyProvider.java:70] - Using JSON encoding codec LegacyJacksonJson
[AccountService][53030] 2022-07-09 16:41:22,090 INFO [main][DiscoveryJerseyProvider.java:71] - Using JSON decoding codec LegacyJacksonJson
[AccountService][53030] 2022-07-09 16:41:22,602 INFO [main][DiscoveryJerseyProvider.java:80] - Using XML encoding codec XStreamXml
[AccountService][53030] 2022-07-09 16:41:22,603 INFO [main][DiscoveryJerseyProvider.java:81] - Using XML decoding codec XStreamXml
[AccountService][53030] 2022-07-09 16:41:23,871 INFO [main][ConfigClusterResolver.java:43] - Resolving eureka endpoints via configuration
[AccountService][53030] 2022-07-09 16:41:26,298 INFO [main][DiscoveryClient.java:958] - Disable delta property : false
[AccountService][53030] 2022-07-09 16:41:26,300 INFO [main][DiscoveryClient.java:959] - Single vip registry refresh property : null
[AccountService][53030] 2022-07-09 16:41:26,301 INFO [main][DiscoveryClient.java:960] - Force full registry fetch : false
[AccountService][53030] 2022-07-09 16:41:26,303 INFO [main][DiscoveryClient.java:961] - Application is null : false
[AccountService][53030] 2022-07-09 16:41:26,305 INFO [main][DiscoveryClient.java:962] - Registered Applications size is zero : true
[AccountService][53030] 2022-07-09 16:41:26,305 INFO [main][DiscoveryClient.java:964] - Application version is -1: true
[AccountService][53030] 2022-07-09 16:41:26,306 INFO [main][DiscoveryClient.java:1047] - Getting all instance registry info from the eureka server
[AccountService][53030] 2022-07-09 16:41:26,969 INFO [main][DiscoveryClient.java:1056] - The response status is 200
[AccountService][53030] 2022-07-09 16:41:26,978 INFO [main][DiscoveryClient.java:1270] - Starting heartbeat executor: renew interval is: 30
[AccountService][53030] 2022-07-09 16:41:26,987 INFO [main][InstanceInfoReplicator.java:60] - InstanceInfoReplicator onDemand update allowed rate per min is 4
[AccountService][53030] 2022-07-09 16:41:26,996 INFO [main][DiscoveryClient.java:449] - Discovery Client initialized at timestamp 1657356086994 with initial instances count: 1
[AccountService][53030] 2022-07-09 16:41:27,001 INFO [main][EurekaServiceRegistry.java:42] - Registering application ACCOUNT-SERVICE with eureka with status UP
[AccountService][53030] 2022-07-09 16:41:27,003 INFO [main][DiscoveryClient.java:1305] - Saw local status change event StatusChangeEvent [timestamp=1657356087003, current=UP, previous=STARTING]
[AccountService][53030] 2022-07-09 16:41:27,007 INFO [main][DocumentationPluginsBootstrapper.java:160] - Context refreshed
[AccountService][53030] 2022-07-09 16:41:27,009 INFO [DiscoveryClient-InstanceInfoReplicator-0][DiscoveryClient.java:826] - DiscoveryClient_ACCOUNT-SERVICE/account-service:127.0.0.1:53030: registering service...
[AccountService][53030] 2022-07-09 16:41:27,024 INFO [main][DocumentationPluginsBootstrapper.java:163] - Found 1 custom documentation plugin(s)
[AccountService][53030] 2022-07-09 16:41:27,113 INFO [main][ApiListingReferenceScanner.java:41] - Scanning for api listing references
[AccountService][53030] 2022-07-09 16:41:27,128 INFO [DiscoveryClient-InstanceInfoReplicator-0][DiscoveryClient.java:835] - DiscoveryClient_ACCOUNT-SERVICE/account-service:127.0.0.1:53030 - registration status: 204
[AccountService][53030] 2022-07-09 16:41:27,489 INFO [main][DirectJDKLog.java:173] - Starting ProtocolHandler ["http-nio-53030"]
[AccountService][53030] 2022-07-09 16:41:27,554 INFO [main][TomcatWebServer.java:204] - Tomcat started on port(s): 53030 (http) with context path '/account'
[AccountService][53030] 2022-07-09 16:41:27,556 INFO [main][EurekaAutoServiceRegistration.java:141] - Updating port to 53030
[AccountService][53030] 2022-07-09 16:41:27,562 INFO [main][StartupInfoLogger.java:59] - Started AccountServiceApplication in 56.306 seconds (JVM running for 62.134)
[AccountService][53030] 2022-07-09 16:41:28,173 INFO [RMI TCP Connection(5)-172.26.144.1][DirectJDKLog.java:173] - Initializing Spring DispatcherServlet 'dispatcherServlet'
[AccountService][53030] 2022-07-09 16:41:28,173 INFO [RMI TCP Connection(5)-172.26.144.1][FrameworkServlet.java:524] - Initializing Servlet 'dispatcherServlet'
[AccountService][53030] 2022-07-09 16:41:28,198 INFO [RMI TCP Connection(5)-172.26.144.1][FrameworkServlet.java:546] - Completed initialization in 24 ms
[AccountService][53030] 2022-07-09 16:41:33,504 INFO [RMI TCP Connection(7)-172.26.144.1][EpollProvider.java:68] - Starting without optional epoll library
[AccountService][53030] 2022-07-09 16:41:33,538 INFO [RMI TCP Connection(7)-172.26.144.1][KqueueProvider.java:70] - Starting without optional kqueue library
[AccountService][53030] 2022-07-09 16:41:37,236 INFO [hmilyTransaction-tccRollBackService-1][LogUtil.java:87] - rollback execute delayTime:60
[AccountService][53030] 2022-07-09 16:42:37,279 INFO [hmilyTransaction-tccRollBackService-1][LogUtil.java:87] - rollback execute delayTime:60
[AccountService][53030] 2022-07-09 16:43:37,293 INFO [hmilyTransaction-tccRollBackService-1][LogUtil.java:87] - rollback execute delayTime:60
[AccountService][53030] 2022-07-09 16:44:37,311 INFO [hmilyTransaction-tccRollBackService-1][LogUtil.java:87] - rollback execute delayTime:60
[AccountService][53030] 2022-07-09 16:45:37,320 INFO [hmilyTransaction-tccRollBackService-1][LogUtil.java:87] - rollback execute delayTime:60
[AccountService][53030] 2022-07-09 16:46:26,314 INFO [AsyncResolver-bootstrap-executor-0][ConfigClusterResolver.java:43] - Resolving eureka endpoints via configuration
[AccountService][53030] 2022-07-09 16:46:37,331 INFO [hmilyTransaction-tccRollBackService-1][LogUtil.java:87] - rollback execute delayTime:60
[AccountService][53030] 2022-07-09 16:47:37,339 INFO [hmilyTransaction-tccRollBackService-1][LogUtil.java:87] - rollback execute delayTime:60
[AccountService][53030] 2022-07-09 16:48:37,347 INFO [hmilyTransaction-tccRollBackService-1][LogUtil.java:87] - rollback execute delayTime:60
[AccountService][53030] 2022-07-09 16:49:37,357 INFO [hmilyTransaction-tccRollBackService-1][LogUtil.java:87] - rollback execute delayTime:60
[AccountService][53030] 2022-07-09 16:50:37,359 INFO [hmilyTransaction-tccRollBackService-1][LogUtil.java:87] - rollback execute delayTime:60
[AccountService][53030] 2022-07-09 16:51:26,324 INFO [AsyncResolver-bootstrap-executor-0][ConfigClusterResolver.java:43] - Resolving eureka endpoints via configuration
[AccountService][53030] 2022-07-09 16:51:37,363 INFO [hmilyTransaction-tccRollBackService-1][LogUtil.java:87] - rollback execute delayTime:60
[AccountService][53030] 2022-07-09 16:52:37,373 INFO [hmilyTransaction-tccRollBackService-1][LogUtil.java:87] - rollback execute delayTime:60
[AccountService][53030] 2022-07-09 16:53:37,377 INFO [hmilyTransaction-tccRollBackService-1][LogUtil.java:87] - rollback execute delayTime:60
[AccountService][53030] 2022-07-09 16:54:37,387 INFO [hmilyTransaction-tccRollBackService-1][LogUtil.java:87] - rollback execute delayTime:60
[AccountService][53030] 2022-07-09 16:55:37,395 INFO [hmilyTransaction-tccRollBackService-1][LogUtil.java:87] - rollback execute delayTime:60
[AccountService][53030] 2022-07-09 16:56:26,332 INFO [AsyncResolver-bootstrap-executor-0][ConfigClusterResolver.java:43] - Resolving eureka endpoints via configuration
[AccountService][53030] 2022-07-09 16:56:37,405 INFO [hmilyTransaction-tccRollBackService-1][LogUtil.java:87] - rollback execute delayTime:60
[AccountService][53030] 2022-07-09 16:57:37,408 INFO [hmilyTransaction-tccRollBackService-1][LogUtil.java:87] - rollback execute delayTime:60
[AccountService][53030] 2022-07-09 16:58:37,422 INFO [hmilyTransaction-tccRollBackService-1][LogUtil.java:87] - rollback execute delayTime:60
[AccountService][53030] 2022-07-09 16:59:37,434 INFO [hmilyTransaction-tccRollBackService-1][LogUtil.java:87] - rollback execute delayTime:60
