Discovery:53000 2022-07-09 16:37:32,273 INFO [main][SpringApplication.java:675] - No active profile set, falling back to default profiles: default
Discovery:53000 2022-07-09 16:37:33,506 WARN [main][EndpointId.java:135] - Endpoint ID 'service-registry' contains invalid characters, please migrate to a valid format.
Discovery:53000 2022-07-09 16:37:33,828 INFO [main][GenericScope.java:294] - BeanFactory id=33c68227-122c-36dd-8028-a36de4f592a4
Discovery:53000 2022-07-09 16:37:33,958 INFO [main][PostProcessorRegistrationDelegate.java:330] - Bean 'org.springframework.cloud.autoconfigure.ConfigurationPropertiesRebinderAutoConfiguration' of type [org.springframework.cloud.autoconfigure.ConfigurationPropertiesRebinderAutoConfiguration$$EnhancerBySpringCGLIB$$b5313d31] is not eligible for getting processed by all BeanPostProcessors (for example: not eligible for auto-proxying)
Discovery:53000 2022-07-09 16:37:34,414 INFO [main][TomcatWebServer.java:90] - Tomcat initialized with port(s): 53000 (http)
Discovery:53000 2022-07-09 16:37:34,443 INFO [main][DirectJDKLog.java:173] - Initializing ProtocolHandler ["http-nio-53000"]
Discovery:53000 2022-07-09 16:37:34,456 INFO [main][DirectJDKLog.java:173] - Starting service [Tomcat]
Discovery:53000 2022-07-09 16:37:34,458 INFO [main][DirectJDKLog.java:173] - Starting Servlet engine: [Apache Tomcat/9.0.16]
Discovery:53000 2022-07-09 16:37:34,472 INFO [main][DirectJDKLog.java:173] - The APR based Apache Tomcat Native library which allows optimal performance in production environments was not found on the java.library.path: [E:\jdk1.8.0_161\bin;C:\WINDOWS\Sun\Java\bin;C:\WINDOWS\system32;C:\WINDOWS;E:\Ruby26-x64\bin;C:\Program Files (x86)\Common Files\Oracle\Java\javapath;C:\Program Files\VanDyke Software\Clients\;E:\Anaconda;E:\Anaconda\Library\mingw-w64\bin;E:\Anaconda\Library\usr\bin;E:\Anaconda\Library\bin;E:\Anaconda\Scripts;C:\WINDOWS\system32;C:\WINDOWS;C:\WINDOWS\System32\Wbem;C:\WINDOWS\System32\WindowsPowerShell\v1.0\;C:\WINDOWS\System32\OpenSSH\;E:\mysql-5.7.20-winx64\bin;C:\Program Files\dotnet\;E:\nodejs\;C:\Users\Administrator\AppData\Roaming\npm;E:\nodejs\node_global\;C:\Program Files (x86)\Common Files\Thunder Network\KanKan\Codecs;E:\spark-2.1.1-hadoop2.7\bin;D:\Android\Sdk\platform-tools;E:\TortoiseSVN\bin;E:\TortoiseSVN\bin;E:\Subversion\bin;C:\Program Files\Docker\Docker\resources\bin;C:\ProgramData\DockerDesktop\version-bin;E:\CMake\bin;C:\mingw64\bin;E:\scala-2.12.15\bin;C:\Program Files (x86)\scala\bin;E:\spark\bin;E:\spark-2.1.1-hadoop2.7\bin;E:\NetSarang\Xshell 7\;E:\NetSarang\Xftp 7\;C:\Program Files\Git\cmd;E:\apache-maven-3.6.3\bin;E:\jdk1.8.0_161\bin;C:\Users\Administrator\AppData\Local\Microsoft\WindowsApps;E:\IntelliJ IDEA\bin;;C:\Users\Administrator\AppData\Roaming\npm;E:\nodejs\node_global\;C:\Users\Administrator\.dotnet\tools;C:\Users\Administrator\AppData\Local\GitHubDesktop\bin;E:\Microsoft VS Code\bin;.]
Discovery:53000 2022-07-09 16:37:34,694 INFO [main][DirectJDKLog.java:173] - Initializing Spring embedded WebApplicationContext
Discovery:53000 2022-07-09 16:37:34,694 INFO [main][ServletWebServerApplicationContext.java:296] - Root WebApplicationContext: initialization completed in 2394 ms
Discovery:53000 2022-07-09 16:37:34,900 WARN [main][URLConfigurationSource.java:121] - No URLs will be polled as dynamic configuration sources.
Discovery:53000 2022-07-09 16:37:34,902 INFO [main][URLConfigurationSource.java:122] - To enable URLs as dynamic configuration sources, define System property archaius.configurationSource.additionalUrls or make config.properties available on classpath.
Discovery:53000 2022-07-09 16:37:34,931 INFO [main][DynamicPropertyFactory.java:281] - DynamicPropertyFactory is initialized with configuration sources: com.netflix.config.ConcurrentCompositeConfiguration@43a09ce2
Discovery:53000 2022-07-09 16:37:37,395 INFO [main][WebApplicationImpl.java:815] - Initiating Jersey application, version 'Jersey: 1.19.1 03/11/2016 02:08 PM'
Discovery:53000 2022-07-09 16:37:37,495 INFO [main][DiscoveryJerseyProvider.java:70] - Using JSON encoding codec LegacyJacksonJson
Discovery:53000 2022-07-09 16:37:37,496 INFO [main][DiscoveryJerseyProvider.java:71] - Using JSON decoding codec LegacyJacksonJson
Discovery:53000 2022-07-09 16:37:37,677 INFO [main][DiscoveryJerseyProvider.java:80] - Using XML encoding codec XStreamXml
Discovery:53000 2022-07-09 16:37:37,678 INFO [main][DiscoveryJerseyProvider.java:81] - Using XML decoding codec XStreamXml
Discovery:53000 2022-07-09 16:37:38,121 WARN [main][URLConfigurationSource.java:121] - No URLs will be polled as dynamic configuration sources.
Discovery:53000 2022-07-09 16:37:38,122 INFO [main][URLConfigurationSource.java:122] - To enable URLs as dynamic configuration sources, define System property archaius.configurationSource.additionalUrls or make config.properties available on classpath.
Discovery:53000 2022-07-09 16:37:38,379 INFO [main][ExecutorConfigurationSupport.java:171] - Initializing ExecutorService 'applicationTaskExecutor'
Discovery:53000 2022-07-09 16:37:40,593 INFO [main][InstanceInfoFactory.java:71] - Setting initial instance status as: STARTING
Discovery:53000 2022-07-09 16:37:40,635 INFO [main][DiscoveryClient.java:349] - Initializing Eureka in region us-east-1
Discovery:53000 2022-07-09 16:37:40,636 INFO [main][DiscoveryClient.java:352] - Client configured to neither register nor query for data.
Discovery:53000 2022-07-09 16:37:40,646 INFO [main][DiscoveryClient.java:365] - Discovery Client initialized at timestamp 1657355860644 with initial instances count: 0
Discovery:53000 2022-07-09 16:37:40,699 INFO [main][DefaultEurekaServerContext.java:63] - Initializing ...
Discovery:53000 2022-07-09 16:37:40,703 INFO [main][PeerEurekaNodes.java:188] - Adding new peer nodes [http://localhost:53000/eureka/]
Discovery:53000 2022-07-09 16:37:41,671 INFO [main][DiscoveryJerseyProvider.java:70] - Using JSON encoding codec LegacyJacksonJson
Discovery:53000 2022-07-09 16:37:41,672 INFO [main][DiscoveryJerseyProvider.java:71] - Using JSON decoding codec LegacyJacksonJson
Discovery:53000 2022-07-09 16:37:41,672 INFO [main][DiscoveryJerseyProvider.java:80] - Using XML encoding codec XStreamXml
Discovery:53000 2022-07-09 16:37:41,672 INFO [main][DiscoveryJerseyProvider.java:81] - Using XML decoding codec XStreamXml
Discovery:53000 2022-07-09 16:37:41,799 INFO [main][PeerEurekaNodes.java:110] - Replica node URL:  http://localhost:53000/eureka/
Discovery:53000 2022-07-09 16:37:41,820 INFO [main][AbstractInstanceRegistry.java:151] - Finished initializing remote region registries. All known remote regions: []
Discovery:53000 2022-07-09 16:37:41,822 INFO [main][DefaultEurekaServerContext.java:70] - Initialized
Discovery:53000 2022-07-09 16:37:41,838 INFO [main][EndpointLinksResolver.java:59] - Exposing 2 endpoint(s) beneath base path '/actuator'
Discovery:53000 2022-07-09 16:37:41,963 INFO [main][EurekaServiceRegistry.java:42] - Registering application HNRADIO-DISCOVERY with eureka with status UP
Discovery:53000 2022-07-09 16:37:41,967 INFO [Thread-36][EurekaServerBootstrap.java:109] - Setting the eureka configuration..
Discovery:53000 2022-07-09 16:37:41,968 INFO [Thread-36][EurekaServerBootstrap.java:114] - Eureka data center value eureka.datacenter is not set, defaulting to default
Discovery:53000 2022-07-09 16:37:41,969 INFO [Thread-36][EurekaServerBootstrap.java:128] - Eureka environment value eureka.environment is not set, defaulting to test
Discovery:53000 2022-07-09 16:37:41,986 INFO [main][DirectJDKLog.java:173] - Starting ProtocolHandler ["http-nio-53000"]
Discovery:53000 2022-07-09 16:37:41,987 INFO [Thread-36][EurekaServerBootstrap.java:184] - isAws returned false
Discovery:53000 2022-07-09 16:37:41,988 INFO [Thread-36][EurekaServerBootstrap.java:152] - Initialized server context
Discovery:53000 2022-07-09 16:37:41,989 INFO [Thread-36][PeerAwareInstanceRegistryImpl.java:241] - Got 1 instances from neighboring DS node
Discovery:53000 2022-07-09 16:37:41,989 INFO [Thread-36][PeerAwareInstanceRegistryImpl.java:242] - Renew threshold is: 1
Discovery:53000 2022-07-09 16:37:41,989 INFO [Thread-36][PeerAwareInstanceRegistryImpl.java:253] - Changing status to UP
Discovery:53000 2022-07-09 16:37:41,998 INFO [Thread-36][EurekaServerInitializerConfiguration.java:72] - Started Eureka Server
Discovery:53000 2022-07-09 16:37:42,023 INFO [main][TomcatWebServer.java:204] - Tomcat started on port(s): 53000 (http) with context path ''
Discovery:53000 2022-07-09 16:37:42,024 INFO [main][EurekaAutoServiceRegistration.java:141] - Updating port to 53000
Discovery:53000 2022-07-09 16:37:42,027 INFO [main][StartupInfoLogger.java:59] - Started DiscoveryServer in 15.241 seconds (JVM running for 17.658)
Discovery:53000 2022-07-09 16:37:43,145 INFO [RMI TCP Connection(6)-172.26.144.1][DirectJDKLog.java:173] - Initializing Spring DispatcherServlet 'dispatcherServlet'
Discovery:53000 2022-07-09 16:37:43,146 INFO [RMI TCP Connection(6)-172.26.144.1][FrameworkServlet.java:524] - Initializing Servlet 'dispatcherServlet'
Discovery:53000 2022-07-09 16:37:43,157 INFO [RMI TCP Connection(6)-172.26.144.1][FrameworkServlet.java:546] - Completed initialization in 11 ms
Discovery:53000 2022-07-09 16:37:52,000 INFO [Eureka-EvictionTimer][AbstractInstanceRegistry.java:1250] - Running the evict task with compensationTime 0ms
Discovery:53000 2022-07-09 16:38:02,014 INFO [Eureka-EvictionTimer][AbstractInstanceRegistry.java:1250] - Running the evict task with compensationTime 13ms
Discovery:53000 2022-07-09 16:38:12,019 INFO [Eureka-EvictionTimer][AbstractInstanceRegistry.java:1250] - Running the evict task with compensationTime 5ms
Discovery:53000 2022-07-09 16:38:22,024 INFO [Eureka-EvictionTimer][AbstractInstanceRegistry.java:1250] - Running the evict task with compensationTime 5ms
Discovery:53000 2022-07-09 16:38:32,032 INFO [Eureka-EvictionTimer][AbstractInstanceRegistry.java:1250] - Running the evict task with compensationTime 8ms
Discovery:53000 2022-07-09 16:38:42,036 INFO [Eureka-EvictionTimer][AbstractInstanceRegistry.java:1250] - Running the evict task with compensationTime 3ms
Discovery:53000 2022-07-09 16:38:52,036 INFO [Eureka-EvictionTimer][AbstractInstanceRegistry.java:1250] - Running the evict task with compensationTime 0ms
Discovery:53000 2022-07-09 16:39:02,044 INFO [Eureka-EvictionTimer][AbstractInstanceRegistry.java:1250] - Running the evict task with compensationTime 8ms
Discovery:53000 2022-07-09 16:39:12,052 INFO [Eureka-EvictionTimer][AbstractInstanceRegistry.java:1250] - Running the evict task with compensationTime 8ms
Discovery:53000 2022-07-09 16:39:22,066 INFO [Eureka-EvictionTimer][AbstractInstanceRegistry.java:1250] - Running the evict task with compensationTime 13ms
Discovery:53000 2022-07-09 16:39:32,071 INFO [Eureka-EvictionTimer][AbstractInstanceRegistry.java:1250] - Running the evict task with compensationTime 4ms
Discovery:53000 2022-07-09 16:39:42,080 INFO [Eureka-EvictionTimer][AbstractInstanceRegistry.java:1250] - Running the evict task with compensationTime 9ms
Discovery:53000 2022-07-09 16:39:52,095 INFO [Eureka-EvictionTimer][AbstractInstanceRegistry.java:1250] - Running the evict task with compensationTime 15ms
Discovery:53000 2022-07-09 16:40:02,097 INFO [Eureka-EvictionTimer][AbstractInstanceRegistry.java:1250] - Running the evict task with compensationTime 0ms
Discovery:53000 2022-07-09 16:40:12,099 INFO [Eureka-EvictionTimer][AbstractInstanceRegistry.java:1250] - Running the evict task with compensationTime 3ms
Discovery:53000 2022-07-09 16:40:22,106 INFO [Eureka-EvictionTimer][AbstractInstanceRegistry.java:1250] - Running the evict task with compensationTime 6ms
Discovery:53000 2022-07-09 16:40:32,112 INFO [Eureka-EvictionTimer][AbstractInstanceRegistry.java:1250] - Running the evict task with compensationTime 5ms
Discovery:53000 2022-07-09 16:40:42,124 INFO [Eureka-EvictionTimer][AbstractInstanceRegistry.java:1250] - Running the evict task with compensationTime 12ms
Discovery:53000 2022-07-09 16:40:51,750 INFO [http-nio-53000-exec-2][AbstractInstanceRegistry.java:266] - Registered instance GATEWAY-SERVER/gateway-server:127.0.0.1:53010 with status UP (replication=false)
Discovery:53000 2022-07-09 16:40:52,125 INFO [Eureka-EvictionTimer][AbstractInstanceRegistry.java:1250] - Running the evict task with compensationTime 1ms
Discovery:53000 2022-07-09 16:40:52,514 INFO [http-nio-53000-exec-4][AbstractInstanceRegistry.java:266] - Registered instance GATEWAY-SERVER/gateway-server:127.0.0.1:53010 with status UP (replication=true)
Discovery:53000 2022-07-09 16:41:02,129 INFO [Eureka-EvictionTimer][AbstractInstanceRegistry.java:1250] - Running the evict task with compensationTime 4ms
Discovery:53000 2022-07-09 16:41:12,170 INFO [Eureka-EvictionTimer][AbstractInstanceRegistry.java:1250] - Running the evict task with compensationTime 40ms
Discovery:53000 2022-07-09 16:41:22,170 INFO [Eureka-EvictionTimer][AbstractInstanceRegistry.java:1250] - Running the evict task with compensationTime 1ms
Discovery:53000 2022-07-09 16:41:27,125 INFO [http-nio-53000-exec-6][AbstractInstanceRegistry.java:266] - Registered instance ACCOUNT-SERVICE/account-service:127.0.0.1:53030 with status UP (replication=false)
Discovery:53000 2022-07-09 16:41:27,659 INFO [http-nio-53000-exec-9][AbstractInstanceRegistry.java:266] - Registered instance ACCOUNT-SERVICE/account-service:127.0.0.1:53030 with status UP (replication=true)
Discovery:53000 2022-07-09 16:41:32,185 INFO [Eureka-EvictionTimer][AbstractInstanceRegistry.java:1250] - Running the evict task with compensationTime 14ms
Discovery:53000 2022-07-09 16:41:40,570 INFO [http-nio-53000-exec-1][AbstractInstanceRegistry.java:266] - Registered instance CONSUMER-SERVICE/consumer-service:127.0.0.1:53050 with status UP (replication=false)
Discovery:53000 2022-07-09 16:41:41,105 INFO [http-nio-53000-exec-2][AbstractInstanceRegistry.java:266] - Registered instance CONSUMER-SERVICE/consumer-service:127.0.0.1:53050 with status UP (replication=true)
Discovery:53000 2022-07-09 16:41:42,191 INFO [Eureka-EvictionTimer][AbstractInstanceRegistry.java:1250] - Running the evict task with compensationTime 5ms
Discovery:53000 2022-07-09 16:41:46,954 INFO [http-nio-53000-exec-5][AbstractInstanceRegistry.java:266] - Registered instance UAA-SERVICE/uaa-service:127.0.0.1:53020 with status UP (replication=false)
Discovery:53000 2022-07-09 16:41:47,480 INFO [http-nio-53000-exec-3][AbstractInstanceRegistry.java:266] - Registered instance UAA-SERVICE/uaa-service:127.0.0.1:53020 with status UP (replication=true)
Discovery:53000 2022-07-09 16:41:52,194 INFO [Eureka-EvictionTimer][AbstractInstanceRegistry.java:1250] - Running the evict task with compensationTime 2ms
Discovery:53000 2022-07-09 16:42:02,200 INFO [Eureka-EvictionTimer][AbstractInstanceRegistry.java:1250] - Running the evict task with compensationTime 5ms
Discovery:53000 2022-07-09 16:42:02,376 INFO [http-nio-53000-exec-4][AbstractInstanceRegistry.java:266] - Registered instance DEPOSITORY-AGENT-SERVICE/depository-agent-service:192.168.1.4:53070 with status UP (replication=false)
Discovery:53000 2022-07-09 16:42:02,906 INFO [http-nio-53000-exec-5][AbstractInstanceRegistry.java:266] - Registered instance DEPOSITORY-AGENT-SERVICE/depository-agent-service:192.168.1.4:53070 with status UP (replication=true)
Discovery:53000 2022-07-09 16:42:12,214 INFO [Eureka-EvictionTimer][AbstractInstanceRegistry.java:1250] - Running the evict task with compensationTime 14ms
Discovery:53000 2022-07-09 16:42:22,226 INFO [Eureka-EvictionTimer][AbstractInstanceRegistry.java:1250] - Running the evict task with compensationTime 11ms
Discovery:53000 2022-07-09 16:42:32,230 INFO [Eureka-EvictionTimer][AbstractInstanceRegistry.java:1250] - Running the evict task with compensationTime 4ms
Discovery:53000 2022-07-09 16:42:42,256 INFO [Eureka-EvictionTimer][AbstractInstanceRegistry.java:1250] - Running the evict task with compensationTime 25ms
Discovery:53000 2022-07-09 16:42:52,270 INFO [Eureka-EvictionTimer][AbstractInstanceRegistry.java:1250] - Running the evict task with compensationTime 13ms
Discovery:53000 2022-07-09 16:43:02,272 INFO [Eureka-EvictionTimer][AbstractInstanceRegistry.java:1250] - Running the evict task with compensationTime 2ms
Discovery:53000 2022-07-09 16:43:12,273 INFO [Eureka-EvictionTimer][AbstractInstanceRegistry.java:1250] - Running the evict task with compensationTime 1ms
Discovery:53000 2022-07-09 16:43:22,280 INFO [Eureka-EvictionTimer][AbstractInstanceRegistry.java:1250] - Running the evict task with compensationTime 6ms
Discovery:53000 2022-07-09 16:43:32,290 INFO [Eureka-EvictionTimer][AbstractInstanceRegistry.java:1250] - Running the evict task with compensationTime 9ms
Discovery:53000 2022-07-09 16:43:42,295 INFO [Eureka-EvictionTimer][AbstractInstanceRegistry.java:1250] - Running the evict task with compensationTime 4ms
Discovery:53000 2022-07-09 16:43:52,298 INFO [Eureka-EvictionTimer][AbstractInstanceRegistry.java:1250] - Running the evict task with compensationTime 2ms
Discovery:53000 2022-07-09 16:44:02,320 INFO [Eureka-EvictionTimer][AbstractInstanceRegistry.java:1250] - Running the evict task with compensationTime 21ms
Discovery:53000 2022-07-09 16:44:12,345 INFO [Eureka-EvictionTimer][AbstractInstanceRegistry.java:1250] - Running the evict task with compensationTime 25ms
Discovery:53000 2022-07-09 16:44:22,351 INFO [Eureka-EvictionTimer][AbstractInstanceRegistry.java:1250] - Running the evict task with compensationTime 6ms
Discovery:53000 2022-07-09 16:44:32,355 INFO [Eureka-EvictionTimer][AbstractInstanceRegistry.java:1250] - Running the evict task with compensationTime 2ms
Discovery:53000 2022-07-09 16:44:34,070 INFO [http-nio-53000-exec-2][AbstractInstanceRegistry.java:266] - Registered instance TRANSACTION-SERVICE/transaction-service:192.168.1.4:53060 with status UP (replication=false)
Discovery:53000 2022-07-09 16:44:34,598 INFO [http-nio-53000-exec-5][AbstractInstanceRegistry.java:266] - Registered instance TRANSACTION-SERVICE/transaction-service:192.168.1.4:53060 with status UP (replication=true)
Discovery:53000 2022-07-09 16:44:42,367 INFO [Eureka-EvictionTimer][AbstractInstanceRegistry.java:1250] - Running the evict task with compensationTime 12ms
Discovery:53000 2022-07-09 16:44:43,953 INFO [http-nio-53000-exec-9][AbstractInstanceRegistry.java:266] - Registered instance REPAYMENT-SERVICE/repayment-service:192.168.1.4:53080 with status UP (replication=false)
Discovery:53000 2022-07-09 16:44:44,480 INFO [http-nio-53000-exec-10][AbstractInstanceRegistry.java:266] - Registered instance REPAYMENT-SERVICE/repayment-service:192.168.1.4:53080 with status UP (replication=true)
Discovery:53000 2022-07-09 16:44:52,378 INFO [Eureka-EvictionTimer][AbstractInstanceRegistry.java:1250] - Running the evict task with compensationTime 11ms
Discovery:53000 2022-07-09 16:45:02,391 INFO [Eureka-EvictionTimer][AbstractInstanceRegistry.java:1250] - Running the evict task with compensationTime 12ms
Discovery:53000 2022-07-09 16:45:12,404 INFO [Eureka-EvictionTimer][AbstractInstanceRegistry.java:1250] - Running the evict task with compensationTime 12ms
Discovery:53000 2022-07-09 16:45:22,405 INFO [Eureka-EvictionTimer][AbstractInstanceRegistry.java:1250] - Running the evict task with compensationTime 1ms
Discovery:53000 2022-07-09 16:45:32,407 INFO [Eureka-EvictionTimer][AbstractInstanceRegistry.java:1250] - Running the evict task with compensationTime 1ms
Discovery:53000 2022-07-09 16:45:42,416 INFO [Eureka-EvictionTimer][AbstractInstanceRegistry.java:1250] - Running the evict task with compensationTime 8ms
Discovery:53000 2022-07-09 16:45:52,417 INFO [Eureka-EvictionTimer][AbstractInstanceRegistry.java:1250] - Running the evict task with compensationTime 1ms
Discovery:53000 2022-07-09 16:46:02,429 INFO [Eureka-EvictionTimer][AbstractInstanceRegistry.java:1250] - Running the evict task with compensationTime 11ms
Discovery:53000 2022-07-09 16:46:12,432 INFO [Eureka-EvictionTimer][AbstractInstanceRegistry.java:1250] - Running the evict task with compensationTime 3ms
Discovery:53000 2022-07-09 16:46:22,446 INFO [Eureka-EvictionTimer][AbstractInstanceRegistry.java:1250] - Running the evict task with compensationTime 13ms
Discovery:53000 2022-07-09 16:46:32,457 INFO [Eureka-EvictionTimer][AbstractInstanceRegistry.java:1250] - Running the evict task with compensationTime 11ms
Discovery:53000 2022-07-09 16:46:42,463 INFO [Eureka-EvictionTimer][AbstractInstanceRegistry.java:1250] - Running the evict task with compensationTime 6ms
Discovery:53000 2022-07-09 16:46:52,469 INFO [Eureka-EvictionTimer][AbstractInstanceRegistry.java:1250] - Running the evict task with compensationTime 5ms
Discovery:53000 2022-07-09 16:47:02,481 INFO [Eureka-EvictionTimer][AbstractInstanceRegistry.java:1250] - Running the evict task with compensationTime 12ms
Discovery:53000 2022-07-09 16:47:12,489 INFO [Eureka-EvictionTimer][AbstractInstanceRegistry.java:1250] - Running the evict task with compensationTime 7ms
Discovery:53000 2022-07-09 16:47:22,492 INFO [Eureka-EvictionTimer][AbstractInstanceRegistry.java:1250] - Running the evict task with compensationTime 3ms
Discovery:53000 2022-07-09 16:47:32,500 INFO [Eureka-EvictionTimer][AbstractInstanceRegistry.java:1250] - Running the evict task with compensationTime 7ms
Discovery:53000 2022-07-09 16:47:42,510 INFO [Eureka-EvictionTimer][AbstractInstanceRegistry.java:1250] - Running the evict task with compensationTime 10ms
Discovery:53000 2022-07-09 16:47:52,525 INFO [Eureka-EvictionTimer][AbstractInstanceRegistry.java:1250] - Running the evict task with compensationTime 15ms
Discovery:53000 2022-07-09 16:48:02,532 INFO [Eureka-EvictionTimer][AbstractInstanceRegistry.java:1250] - Running the evict task with compensationTime 6ms
Discovery:53000 2022-07-09 16:48:12,537 INFO [Eureka-EvictionTimer][AbstractInstanceRegistry.java:1250] - Running the evict task with compensationTime 4ms
Discovery:53000 2022-07-09 16:48:22,547 INFO [Eureka-EvictionTimer][AbstractInstanceRegistry.java:1250] - Running the evict task with compensationTime 11ms
Discovery:53000 2022-07-09 16:48:32,555 INFO [Eureka-EvictionTimer][AbstractInstanceRegistry.java:1250] - Running the evict task with compensationTime 7ms
Discovery:53000 2022-07-09 16:48:42,563 INFO [Eureka-EvictionTimer][AbstractInstanceRegistry.java:1250] - Running the evict task with compensationTime 8ms
Discovery:53000 2022-07-09 16:48:52,579 INFO [Eureka-EvictionTimer][AbstractInstanceRegistry.java:1250] - Running the evict task with compensationTime 15ms
Discovery:53000 2022-07-09 16:49:02,594 INFO [Eureka-EvictionTimer][AbstractInstanceRegistry.java:1250] - Running the evict task with compensationTime 15ms
Discovery:53000 2022-07-09 16:49:12,607 INFO [Eureka-EvictionTimer][AbstractInstanceRegistry.java:1250] - Running the evict task with compensationTime 12ms
Discovery:53000 2022-07-09 16:49:22,708 INFO [Eureka-EvictionTimer][AbstractInstanceRegistry.java:1250] - Running the evict task with compensationTime 100ms
Discovery:53000 2022-07-09 16:49:32,711 INFO [Eureka-EvictionTimer][AbstractInstanceRegistry.java:1250] - Running the evict task with compensationTime 2ms
Discovery:53000 2022-07-09 16:49:42,715 INFO [Eureka-EvictionTimer][AbstractInstanceRegistry.java:1250] - Running the evict task with compensationTime 3ms
Discovery:53000 2022-07-09 16:49:52,729 INFO [Eureka-EvictionTimer][AbstractInstanceRegistry.java:1250] - Running the evict task with compensationTime 13ms
Discovery:53000 2022-07-09 16:50:02,729 INFO [Eureka-EvictionTimer][AbstractInstanceRegistry.java:1250] - Running the evict task with compensationTime 0ms
Discovery:53000 2022-07-09 16:50:12,729 INFO [Eureka-EvictionTimer][AbstractInstanceRegistry.java:1250] - Running the evict task with compensationTime 0ms
Discovery:53000 2022-07-09 16:50:22,729 INFO [Eureka-EvictionTimer][AbstractInstanceRegistry.java:1250] - Running the evict task with compensationTime 0ms
Discovery:53000 2022-07-09 16:50:32,740 INFO [Eureka-EvictionTimer][AbstractInstanceRegistry.java:1250] - Running the evict task with compensationTime 10ms
Discovery:53000 2022-07-09 16:50:42,741 INFO [Eureka-EvictionTimer][AbstractInstanceRegistry.java:1250] - Running the evict task with compensationTime 1ms
Discovery:53000 2022-07-09 16:50:52,748 INFO [Eureka-EvictionTimer][AbstractInstanceRegistry.java:1250] - Running the evict task with compensationTime 6ms
Discovery:53000 2022-07-09 16:51:02,762 INFO [Eureka-EvictionTimer][AbstractInstanceRegistry.java:1250] - Running the evict task with compensationTime 14ms
Discovery:53000 2022-07-09 16:51:12,763 INFO [Eureka-EvictionTimer][AbstractInstanceRegistry.java:1250] - Running the evict task with compensationTime 1ms
Discovery:53000 2022-07-09 16:51:22,774 INFO [Eureka-EvictionTimer][AbstractInstanceRegistry.java:1250] - Running the evict task with compensationTime 10ms
Discovery:53000 2022-07-09 16:51:32,787 INFO [Eureka-EvictionTimer][AbstractInstanceRegistry.java:1250] - Running the evict task with compensationTime 13ms
Discovery:53000 2022-07-09 16:51:42,790 INFO [Eureka-EvictionTimer][AbstractInstanceRegistry.java:1250] - Running the evict task with compensationTime 2ms
Discovery:53000 2022-07-09 16:51:52,799 INFO [Eureka-EvictionTimer][AbstractInstanceRegistry.java:1250] - Running the evict task with compensationTime 8ms
Discovery:53000 2022-07-09 16:52:02,812 INFO [Eureka-EvictionTimer][AbstractInstanceRegistry.java:1250] - Running the evict task with compensationTime 13ms
Discovery:53000 2022-07-09 16:52:12,815 INFO [Eureka-EvictionTimer][AbstractInstanceRegistry.java:1250] - Running the evict task with compensationTime 2ms
Discovery:53000 2022-07-09 16:52:22,825 INFO [Eureka-EvictionTimer][AbstractInstanceRegistry.java:1250] - Running the evict task with compensationTime 10ms
Discovery:53000 2022-07-09 16:52:32,839 INFO [Eureka-EvictionTimer][AbstractInstanceRegistry.java:1250] - Running the evict task with compensationTime 13ms
Discovery:53000 2022-07-09 16:52:41,826 INFO [ReplicaAwareInstanceRegistry - RenewalThresholdUpdater][PeerAwareInstanceRegistryImpl.java:539] - Current renewal threshold is : 0
Discovery:53000 2022-07-09 16:52:42,853 INFO [Eureka-EvictionTimer][AbstractInstanceRegistry.java:1250] - Running the evict task with compensationTime 14ms
Discovery:53000 2022-07-09 16:52:52,859 INFO [Eureka-EvictionTimer][AbstractInstanceRegistry.java:1250] - Running the evict task with compensationTime 5ms
Discovery:53000 2022-07-09 16:53:02,867 INFO [Eureka-EvictionTimer][AbstractInstanceRegistry.java:1250] - Running the evict task with compensationTime 9ms
Discovery:53000 2022-07-09 16:53:12,868 INFO [Eureka-EvictionTimer][AbstractInstanceRegistry.java:1250] - Running the evict task with compensationTime 0ms
Discovery:53000 2022-07-09 16:53:22,873 INFO [Eureka-EvictionTimer][AbstractInstanceRegistry.java:1250] - Running the evict task with compensationTime 4ms
Discovery:53000 2022-07-09 16:53:32,874 INFO [Eureka-EvictionTimer][AbstractInstanceRegistry.java:1250] - Running the evict task with compensationTime 1ms
Discovery:53000 2022-07-09 16:53:42,889 INFO [Eureka-EvictionTimer][AbstractInstanceRegistry.java:1250] - Running the evict task with compensationTime 14ms
Discovery:53000 2022-07-09 16:53:52,897 INFO [Eureka-EvictionTimer][AbstractInstanceRegistry.java:1250] - Running the evict task with compensationTime 8ms
Discovery:53000 2022-07-09 16:54:02,906 INFO [Eureka-EvictionTimer][AbstractInstanceRegistry.java:1250] - Running the evict task with compensationTime 8ms
Discovery:53000 2022-07-09 16:54:12,914 INFO [Eureka-EvictionTimer][AbstractInstanceRegistry.java:1250] - Running the evict task with compensationTime 7ms
Discovery:53000 2022-07-09 16:54:22,920 INFO [Eureka-EvictionTimer][AbstractInstanceRegistry.java:1250] - Running the evict task with compensationTime 6ms
Discovery:53000 2022-07-09 16:54:32,934 INFO [Eureka-EvictionTimer][AbstractInstanceRegistry.java:1250] - Running the evict task with compensationTime 14ms
Discovery:53000 2022-07-09 16:54:42,941 INFO [Eureka-EvictionTimer][AbstractInstanceRegistry.java:1250] - Running the evict task with compensationTime 7ms
Discovery:53000 2022-07-09 16:54:52,952 INFO [Eureka-EvictionTimer][AbstractInstanceRegistry.java:1250] - Running the evict task with compensationTime 11ms
Discovery:53000 2022-07-09 16:55:02,956 INFO [Eureka-EvictionTimer][AbstractInstanceRegistry.java:1250] - Running the evict task with compensationTime 3ms
Discovery:53000 2022-07-09 16:55:12,971 INFO [Eureka-EvictionTimer][AbstractInstanceRegistry.java:1250] - Running the evict task with compensationTime 15ms
Discovery:53000 2022-07-09 16:55:22,974 INFO [Eureka-EvictionTimer][AbstractInstanceRegistry.java:1250] - Running the evict task with compensationTime 3ms
Discovery:53000 2022-07-09 16:55:32,976 INFO [Eureka-EvictionTimer][AbstractInstanceRegistry.java:1250] - Running the evict task with compensationTime 1ms
Discovery:53000 2022-07-09 16:55:42,991 INFO [Eureka-EvictionTimer][AbstractInstanceRegistry.java:1250] - Running the evict task with compensationTime 14ms
Discovery:53000 2022-07-09 16:55:52,996 INFO [Eureka-EvictionTimer][AbstractInstanceRegistry.java:1250] - Running the evict task with compensationTime 5ms
Discovery:53000 2022-07-09 16:56:03,008 INFO [Eureka-EvictionTimer][AbstractInstanceRegistry.java:1250] - Running the evict task with compensationTime 12ms
Discovery:53000 2022-07-09 16:56:13,022 INFO [Eureka-EvictionTimer][AbstractInstanceRegistry.java:1250] - Running the evict task with compensationTime 13ms
Discovery:53000 2022-07-09 16:56:23,026 INFO [Eureka-EvictionTimer][AbstractInstanceRegistry.java:1250] - Running the evict task with compensationTime 4ms
Discovery:53000 2022-07-09 16:56:33,041 INFO [Eureka-EvictionTimer][AbstractInstanceRegistry.java:1250] - Running the evict task with compensationTime 15ms
Discovery:53000 2022-07-09 16:56:43,051 INFO [Eureka-EvictionTimer][AbstractInstanceRegistry.java:1250] - Running the evict task with compensationTime 10ms
Discovery:53000 2022-07-09 16:56:53,063 INFO [Eureka-EvictionTimer][AbstractInstanceRegistry.java:1250] - Running the evict task with compensationTime 12ms
Discovery:53000 2022-07-09 16:57:03,079 INFO [Eureka-EvictionTimer][AbstractInstanceRegistry.java:1250] - Running the evict task with compensationTime 15ms
Discovery:53000 2022-07-09 16:57:13,084 INFO [Eureka-EvictionTimer][AbstractInstanceRegistry.java:1250] - Running the evict task with compensationTime 5ms
Discovery:53000 2022-07-09 16:57:23,099 INFO [Eureka-EvictionTimer][AbstractInstanceRegistry.java:1250] - Running the evict task with compensationTime 14ms
Discovery:53000 2022-07-09 16:57:33,106 INFO [Eureka-EvictionTimer][AbstractInstanceRegistry.java:1250] - Running the evict task with compensationTime 7ms
Discovery:53000 2022-07-09 16:57:43,122 INFO [Eureka-EvictionTimer][AbstractInstanceRegistry.java:1250] - Running the evict task with compensationTime 15ms
Discovery:53000 2022-07-09 16:57:53,131 INFO [Eureka-EvictionTimer][AbstractInstanceRegistry.java:1250] - Running the evict task with compensationTime 9ms
Discovery:53000 2022-07-09 16:58:03,143 INFO [Eureka-EvictionTimer][AbstractInstanceRegistry.java:1250] - Running the evict task with compensationTime 12ms
Discovery:53000 2022-07-09 16:58:13,144 INFO [Eureka-EvictionTimer][AbstractInstanceRegistry.java:1250] - Running the evict task with compensationTime 1ms
Discovery:53000 2022-07-09 16:58:23,147 INFO [Eureka-EvictionTimer][AbstractInstanceRegistry.java:1250] - Running the evict task with compensationTime 2ms
Discovery:53000 2022-07-09 16:58:33,149 INFO [Eureka-EvictionTimer][AbstractInstanceRegistry.java:1250] - Running the evict task with compensationTime 2ms
Discovery:53000 2022-07-09 16:58:43,153 INFO [Eureka-EvictionTimer][AbstractInstanceRegistry.java:1250] - Running the evict task with compensationTime 3ms
Discovery:53000 2022-07-09 16:58:53,158 INFO [Eureka-EvictionTimer][AbstractInstanceRegistry.java:1250] - Running the evict task with compensationTime 4ms
Discovery:53000 2022-07-09 16:59:03,172 INFO [Eureka-EvictionTimer][AbstractInstanceRegistry.java:1250] - Running the evict task with compensationTime 14ms
Discovery:53000 2022-07-09 16:59:13,179 INFO [Eureka-EvictionTimer][AbstractInstanceRegistry.java:1250] - Running the evict task with compensationTime 6ms
Discovery:53000 2022-07-09 16:59:23,187 INFO [Eureka-EvictionTimer][AbstractInstanceRegistry.java:1250] - Running the evict task with compensationTime 8ms
Discovery:53000 2022-07-09 16:59:33,192 INFO [Eureka-EvictionTimer][AbstractInstanceRegistry.java:1250] - Running the evict task with compensationTime 4ms
Discovery:53000 2022-07-09 16:59:43,200 INFO [Eureka-EvictionTimer][AbstractInstanceRegistry.java:1250] - Running the evict task with compensationTime 7ms
Discovery:53000 2022-07-09 16:59:53,211 INFO [Eureka-EvictionTimer][AbstractInstanceRegistry.java:1250] - Running the evict task with compensationTime 11ms
