[Repayment-Service][53080] 2022-07-09 16:43:50,327 INFO [main][DefaultApplicationProvider.java:85] - App ID is set to repayment-service by app.id property from System Property
[Repayment-Service][53080] 2022-07-09 16:43:50,339 INFO [main][DefaultServerProvider.java:108] - Environment is set to [dev] by JVM system property 'env'.
[Repayment-Service][53080] 2022-07-09 16:43:50,415 WARN [main][DefaultMetaServerProvider.java:39] - Could not find meta server address, because it is not available in neither (1) JVM system property 'apollo.meta', (2) OS env variable 'APOLLO_META' (3) property 'apollo.meta' from server.properties nor (4) property 'apollo.meta' from app.properties
[Repayment-Service][53080] 2022-07-09 16:43:50,426 INFO [main][MetaDomainConsts.java:93] - Located meta server address http://localhost:8080 for env DEV from com.ctrip.framework.apollo.core.internals.LegacyMetaServerProvider
[Repayment-Service][53080] 2022-07-09 16:43:51,930 WARN [main][RemoteConfigRepository.java:194] - Load config failed, will retry in 1 SECONDS. appId: repayment-service, cluster: DEFAULT, namespaces: application
[Repayment-Service][53080] 2022-07-09 16:43:52,939 WARN [main][AbstractConfigRepository.java:26] - Sync config failed, will retry. Repository class com.ctrip.framework.apollo.internals.RemoteConfigRepository, reason: Load Apollo Config failed - appId: repayment-service, cluster: DEFAULT, namespace: application, url: http://192.168.1.4:8080/configs/repayment-service/DEFAULT/application?ip=172.26.144.1 [Cause: [status code: 404] Could not find config for namespace - appId: repayment-service, cluster: DEFAULT, namespace: application, please check whether the configs are released in Apollo!]
[Repayment-Service][53080] 2022-07-09 16:43:52,947 WARN [main][RemoteConfigRepository.java:194] - Load config failed, will retry in 1 SECONDS. appId: repayment-service, cluster: DEFAULT, namespaces: application
[Repayment-Service][53080] 2022-07-09 16:43:53,966 WARN [main][LocalFileConfigRepository.java:167] - Sync config from upstream repository class com.ctrip.framework.apollo.internals.RemoteConfigRepository failed, reason: Load Apollo Config failed - appId: repayment-service, cluster: DEFAULT, namespace: application, url: http://192.168.1.4:8080/configs/repayment-service/DEFAULT/application?ip=172.26.144.1&messages=%7B%22details%22%3A%7B%22repayment-service%2Bdefault%2Bapplication%22%3A318%7D%7D [Cause: [status code: 404] Could not find config for namespace - appId: repayment-service, cluster: DEFAULT, namespace: application, please check whether the configs are released in Apollo!]
[Repayment-Service][53080] 2022-07-09 16:43:53,973 WARN [Apollo-RemoteConfigRepository-1][RemoteConfigRepository.java:194] - Load config failed, will retry in 1 SECONDS. appId: repayment-service, cluster: DEFAULT, namespaces: application
[Repayment-Service][53080] 2022-07-09 16:43:54,991 WARN [Apollo-RemoteConfigRepository-1][RemoteConfigRepository.java:194] - Load config failed, will retry in 1 SECONDS. appId: repayment-service, cluster: DEFAULT, namespaces: application
[Repayment-Service][53080] 2022-07-09 16:43:56,007 WARN [Apollo-RemoteConfigRepository-1][AbstractConfigRepository.java:26] - Sync config failed, will retry. Repository class com.ctrip.framework.apollo.internals.RemoteConfigRepository, reason: Load Apollo Config failed - appId: repayment-service, cluster: DEFAULT, namespace: application, url: http://192.168.1.4:8080/configs/repayment-service/DEFAULT/application?ip=172.26.144.1&messages=%7B%22details%22%3A%7B%22repayment-service%2Bdefault%2Bapplication%22%3A318%7D%7D [Cause: [status code: 404] Could not find config for namespace - appId: repayment-service, cluster: DEFAULT, namespace: application, please check whether the configs are released in Apollo!]
[Repayment-Service][53080] 2022-07-09 16:43:56,015 WARN [main][RemoteConfigRepository.java:194] - Load config failed, will retry in 1 SECONDS. appId: repayment-service, cluster: DEFAULT, namespaces: application
[Repayment-Service][53080] 2022-07-09 16:43:57,035 WARN [main][LocalFileConfigRepository.java:167] - Sync config from upstream repository class com.ctrip.framework.apollo.internals.RemoteConfigRepository failed, reason: Load Apollo Config failed - appId: repayment-service, cluster: DEFAULT, namespace: application, url: http://192.168.1.4:8080/configs/repayment-service/DEFAULT/application?ip=172.26.144.1&messages=%7B%22details%22%3A%7B%22repayment-service%2Bdefault%2Bapplication%22%3A318%7D%7D [Cause: [status code: 404] Could not find config for namespace - appId: repayment-service, cluster: DEFAULT, namespace: application, please check whether the configs are released in Apollo!]
[Repayment-Service][53080] 2022-07-09 16:43:57,036 WARN [main][AbstractConfigRepository.java:26] - Sync config failed, will retry. Repository class com.ctrip.framework.apollo.internals.LocalFileConfigRepository, reason: Load config from local config failed! [Cause: Cannot read from local cache file C:\opt\data\repayment-service\config-cache\repayment-service+DEFAULT+application.properties]
[Repayment-Service][53080] 2022-07-09 16:43:57,044 WARN [main][RemoteConfigRepository.java:194] - Load config failed, will retry in 1 SECONDS. appId: repayment-service, cluster: DEFAULT, namespaces: application
[Repayment-Service][53080] 2022-07-09 16:43:58,063 WARN [main][LocalFileConfigRepository.java:167] - Sync config from upstream repository class com.ctrip.framework.apollo.internals.RemoteConfigRepository failed, reason: Load Apollo Config failed - appId: repayment-service, cluster: DEFAULT, namespace: application, url: http://192.168.1.4:8080/configs/repayment-service/DEFAULT/application?ip=172.26.144.1&messages=%7B%22details%22%3A%7B%22repayment-service%2Bdefault%2Bapplication%22%3A318%7D%7D [Cause: [status code: 404] Could not find config for namespace - appId: repayment-service, cluster: DEFAULT, namespace: application, please check whether the configs are released in Apollo!]
[Repayment-Service][53080] 2022-07-09 16:43:58,064 WARN [main][DefaultConfig.java:61] - Init Apollo Local Config failed - namespace: application, reason: Load config from local config failed! [Cause: Cannot read from local cache file C:\opt\data\repayment-service\config-cache\repayment-service+DEFAULT+application.properties].
[Repayment-Service][53080] 2022-07-09 16:43:58,100 WARN [main][RemoteConfigRepository.java:194] - Load config failed, will retry in 1 SECONDS. appId: repayment-service, cluster: DEFAULT, namespaces: micro_service.spring-cloud-feign
[Repayment-Service][53080] 2022-07-09 16:43:59,122 WARN [main][AbstractConfigRepository.java:26] - Sync config failed, will retry. Repository class com.ctrip.framework.apollo.internals.RemoteConfigRepository, reason: Load Apollo Config failed - appId: repayment-service, cluster: DEFAULT, namespace: micro_service.spring-cloud-feign, url: http://192.168.1.4:8080/configs/repayment-service/DEFAULT/micro_service.spring-cloud-feign?ip=172.26.144.1 [Cause: [status code: 404] Could not find config for namespace - appId: repayment-service, cluster: DEFAULT, namespace: micro_service.spring-cloud-feign, please check whether the configs are released in Apollo!]
[Repayment-Service][53080] 2022-07-09 16:43:59,133 WARN [main][RemoteConfigRepository.java:194] - Load config failed, will retry in 1 SECONDS. appId: repayment-service, cluster: DEFAULT, namespaces: micro_service.spring-cloud-feign
[Repayment-Service][53080] 2022-07-09 16:44:00,148 WARN [main][LocalFileConfigRepository.java:167] - Sync config from upstream repository class com.ctrip.framework.apollo.internals.RemoteConfigRepository failed, reason: Load Apollo Config failed - appId: repayment-service, cluster: DEFAULT, namespace: micro_service.spring-cloud-feign, url: http://192.168.1.4:8080/configs/repayment-service/DEFAULT/micro_service.spring-cloud-feign?ip=172.26.144.1 [Cause: [status code: 404] Could not find config for namespace - appId: repayment-service, cluster: DEFAULT, namespace: micro_service.spring-cloud-feign, please check whether the configs are released in Apollo!]
[Repayment-Service][53080] 2022-07-09 16:44:00,159 WARN [main][RemoteConfigRepository.java:194] - Load config failed, will retry in 1 SECONDS. appId: repayment-service, cluster: DEFAULT, namespaces: micro_service.spring-cloud-feign
[Repayment-Service][53080] 2022-07-09 16:44:01,219 WARN [main][LocalFileConfigRepository.java:167] - Sync config from upstream repository class com.ctrip.framework.apollo.internals.RemoteConfigRepository failed, reason: Load Apollo Config failed - appId: repayment-service, cluster: DEFAULT, namespace: micro_service.spring-cloud-feign, url: http://192.168.1.4:8080/configs/repayment-service/DEFAULT/micro_service.spring-cloud-feign?ip=172.26.144.1 [Cause: [status code: 404] Could not find config for namespace - appId: repayment-service, cluster: DEFAULT, namespace: micro_service.spring-cloud-feign, please check whether the configs are released in Apollo!]
[Repayment-Service][53080] 2022-07-09 16:44:01,221 WARN [main][AbstractConfigRepository.java:26] - Sync config failed, will retry. Repository class com.ctrip.framework.apollo.internals.LocalFileConfigRepository, reason: Load config from local config failed! [Cause: Cannot read from local cache file C:\opt\data\repayment-service\config-cache\repayment-service+DEFAULT+micro_service.spring-cloud-feign.properties]
[Repayment-Service][53080] 2022-07-09 16:44:01,234 WARN [main][RemoteConfigRepository.java:194] - Load config failed, will retry in 1 SECONDS. appId: repayment-service, cluster: DEFAULT, namespaces: micro_service.spring-cloud-feign
[Repayment-Service][53080] 2022-07-09 16:44:02,247 WARN [main][LocalFileConfigRepository.java:167] - Sync config from upstream repository class com.ctrip.framework.apollo.internals.RemoteConfigRepository failed, reason: Load Apollo Config failed - appId: repayment-service, cluster: DEFAULT, namespace: micro_service.spring-cloud-feign, url: http://192.168.1.4:8080/configs/repayment-service/DEFAULT/micro_service.spring-cloud-feign?ip=172.26.144.1 [Cause: [status code: 404] Could not find config for namespace - appId: repayment-service, cluster: DEFAULT, namespace: micro_service.spring-cloud-feign, please check whether the configs are released in Apollo!]
[Repayment-Service][53080] 2022-07-09 16:44:02,248 WARN [main][DefaultConfig.java:61] - Init Apollo Local Config failed - namespace: micro_service.spring-cloud-feign, reason: Load config from local config failed! [Cause: Cannot read from local cache file C:\opt\data\repayment-service\config-cache\repayment-service+DEFAULT+micro_service.spring-cloud-feign.properties].
[Repayment-Service][53080] 2022-07-09 16:44:02,338 WARN [main][DefaultConfig.java:95] - Could not load config for namespace application from Apollo, please check whether the configs are released in Apollo! Return default value now!
[Repayment-Service][53080] 2022-07-09 16:44:02,339 WARN [main][DefaultConfig.java:95] - Could not load config for namespace micro_service.spring-cloud-feign from Apollo, please check whether the configs are released in Apollo! Return default value now!
[Repayment-Service][53080] 2022-07-09 16:44:02,341 INFO [main][SpringApplication.java:675] - No active profile set, falling back to default profiles: default
[Repayment-Service][53080] 2022-07-09 16:44:05,737 INFO [main][RepositoryConfigurationDelegate.java:126] - Bootstrapping Spring Data repositories in DEFAULT mode.
[Repayment-Service][53080] 2022-07-09 16:44:05,803 INFO [main][RepositoryConfigurationDelegate.java:182] - Finished Spring Data repository scanning in 52ms. Found 0 repository interfaces.
[Repayment-Service][53080] 2022-07-09 16:44:06,316 WARN [main][EndpointId.java:135] - Endpoint ID 'service-registry' contains invalid characters, please migrate to a valid format.
[Repayment-Service][53080] 2022-07-09 16:44:07,311 INFO [main][GenericScope.java:294] - BeanFactory id=3d82912c-eb80-325c-a33e-499b63b174b2
[Repayment-Service][53080] 2022-07-09 16:44:07,675 INFO [main][PostProcessorRegistrationDelegate.java:330] - Bean 'com.alibaba.druid.spring.boot.autoconfigure.stat.DruidSpringAopConfiguration' of type [com.alibaba.druid.spring.boot.autoconfigure.stat.DruidSpringAopConfiguration] is not eligible for getting processed by all BeanPostProcessors (for example: not eligible for auto-proxying)
[Repayment-Service][53080] 2022-07-09 16:44:07,699 INFO [main][PostProcessorRegistrationDelegate.java:330] - Bean 'org.apache.rocketmq.spring.autoconfigure.RocketMQAutoConfiguration' of type [org.apache.rocketmq.spring.autoconfigure.RocketMQAutoConfiguration$$EnhancerBySpringCGLIB$$4bc1a21a] is not eligible for getting processed by all BeanPostProcessors (for example: not eligible for auto-proxying)
[Repayment-Service][53080] 2022-07-09 16:44:07,750 INFO [main][PostProcessorRegistrationDelegate.java:330] - Bean 'rocketmq-org.apache.rocketmq.spring.autoconfigure.RocketMQProperties' of type [org.apache.rocketmq.spring.autoconfigure.RocketMQProperties] is not eligible for getting processed by all BeanPostProcessors (for example: not eligible for auto-proxying)
[Repayment-Service][53080] 2022-07-09 16:44:11,113 INFO [main][PostProcessorRegistrationDelegate.java:330] - Bean 'defaultMQProducer' of type [org.apache.rocketmq.client.producer.DefaultMQProducer] is not eligible for getting processed by all BeanPostProcessors (for example: not eligible for auto-proxying)
[Repayment-Service][53080] 2022-07-09 16:44:11,120 INFO [main][PostProcessorRegistrationDelegate.java:330] - Bean 'org.springframework.boot.autoconfigure.jackson.JacksonAutoConfiguration$JacksonObjectMapperConfiguration' of type [org.springframework.boot.autoconfigure.jackson.JacksonAutoConfiguration$JacksonObjectMapperConfiguration$$EnhancerBySpringCGLIB$$7ebf12af] is not eligible for getting processed by all BeanPostProcessors (for example: not eligible for auto-proxying)
[Repayment-Service][53080] 2022-07-09 16:44:11,133 INFO [main][PostProcessorRegistrationDelegate.java:330] - Bean 'org.springframework.boot.autoconfigure.jackson.JacksonAutoConfiguration$JacksonObjectMapperBuilderConfiguration' of type [org.springframework.boot.autoconfigure.jackson.JacksonAutoConfiguration$JacksonObjectMapperBuilderConfiguration$$EnhancerBySpringCGLIB$$310bd4c8] is not eligible for getting processed by all BeanPostProcessors (for example: not eligible for auto-proxying)
[Repayment-Service][53080] 2022-07-09 16:44:11,142 INFO [main][PostProcessorRegistrationDelegate.java:330] - Bean 'org.springframework.boot.autoconfigure.jackson.JacksonAutoConfiguration$Jackson2ObjectMapperBuilderCustomizerConfiguration' of type [org.springframework.boot.autoconfigure.jackson.JacksonAutoConfiguration$Jackson2ObjectMapperBuilderCustomizerConfiguration$$EnhancerBySpringCGLIB$$ec22bab7] is not eligible for getting processed by all BeanPostProcessors (for example: not eligible for auto-proxying)
[Repayment-Service][53080] 2022-07-09 16:44:11,160 INFO [main][PostProcessorRegistrationDelegate.java:330] - Bean 'spring.jackson-org.springframework.boot.autoconfigure.jackson.JacksonProperties' of type [org.springframework.boot.autoconfigure.jackson.JacksonProperties] is not eligible for getting processed by all BeanPostProcessors (for example: not eligible for auto-proxying)
[Repayment-Service][53080] 2022-07-09 16:44:11,166 INFO [main][PostProcessorRegistrationDelegate.java:330] - Bean 'standardJacksonObjectMapperBuilderCustomizer' of type [org.springframework.boot.autoconfigure.jackson.JacksonAutoConfiguration$Jackson2ObjectMapperBuilderCustomizerConfiguration$StandardJackson2ObjectMapperBuilderCustomizer] is not eligible for getting processed by all BeanPostProcessors (for example: not eligible for auto-proxying)
[Repayment-Service][53080] 2022-07-09 16:44:11,178 INFO [main][PostProcessorRegistrationDelegate.java:330] - Bean 'org.springframework.boot.autoconfigure.jackson.JacksonAutoConfiguration$ParameterNamesModuleConfiguration' of type [org.springframework.boot.autoconfigure.jackson.JacksonAutoConfiguration$ParameterNamesModuleConfiguration$$EnhancerBySpringCGLIB$$12ee31e5] is not eligible for getting processed by all BeanPostProcessors (for example: not eligible for auto-proxying)
[Repayment-Service][53080] 2022-07-09 16:44:11,204 INFO [main][PostProcessorRegistrationDelegate.java:330] - Bean 'parameterNamesModule' of type [com.fasterxml.jackson.module.paramnames.ParameterNamesModule] is not eligible for getting processed by all BeanPostProcessors (for example: not eligible for auto-proxying)
[Repayment-Service][53080] 2022-07-09 16:44:11,209 INFO [main][PostProcessorRegistrationDelegate.java:330] - Bean 'org.springframework.boot.autoconfigure.jackson.JacksonAutoConfiguration' of type [org.springframework.boot.autoconfigure.jackson.JacksonAutoConfiguration$$EnhancerBySpringCGLIB$$60cab03e] is not eligible for getting processed by all BeanPostProcessors (for example: not eligible for auto-proxying)
[Repayment-Service][53080] 2022-07-09 16:44:11,347 INFO [main][PostProcessorRegistrationDelegate.java:330] - Bean 'jsonComponentModule' of type [org.springframework.boot.jackson.JsonComponentModule] is not eligible for getting processed by all BeanPostProcessors (for example: not eligible for auto-proxying)
[Repayment-Service][53080] 2022-07-09 16:44:11,351 INFO [main][PostProcessorRegistrationDelegate.java:330] - Bean 'org.springframework.data.web.config.SpringDataJacksonConfiguration' of type [org.springframework.data.web.config.SpringDataJacksonConfiguration] is not eligible for getting processed by all BeanPostProcessors (for example: not eligible for auto-proxying)
[Repayment-Service][53080] 2022-07-09 16:44:11,382 INFO [main][PostProcessorRegistrationDelegate.java:330] - Bean 'jacksonGeoModule' of type [org.springframework.data.geo.GeoModule] is not eligible for getting processed by all BeanPostProcessors (for example: not eligible for auto-proxying)
[Repayment-Service][53080] 2022-07-09 16:44:11,385 INFO [main][PostProcessorRegistrationDelegate.java:330] - Bean 'org.springframework.data.mongodb.config.GeoJsonConfiguration' of type [org.springframework.data.mongodb.config.GeoJsonConfiguration] is not eligible for getting processed by all BeanPostProcessors (for example: not eligible for auto-proxying)
[Repayment-Service][53080] 2022-07-09 16:44:11,418 INFO [main][PostProcessorRegistrationDelegate.java:330] - Bean 'geoJsonModule' of type [org.springframework.data.mongodb.core.geo.GeoJsonModule] is not eligible for getting processed by all BeanPostProcessors (for example: not eligible for auto-proxying)
[Repayment-Service][53080] 2022-07-09 16:44:11,427 INFO [main][PostProcessorRegistrationDelegate.java:330] - Bean 'jacksonObjectMapperBuilder' of type [org.springframework.http.converter.json.Jackson2ObjectMapperBuilder] is not eligible for getting processed by all BeanPostProcessors (for example: not eligible for auto-proxying)
[Repayment-Service][53080] 2022-07-09 16:44:11,515 INFO [main][PostProcessorRegistrationDelegate.java:330] - Bean 'jacksonObjectMapper' of type [com.fasterxml.jackson.databind.ObjectMapper] is not eligible for getting processed by all BeanPostProcessors (for example: not eligible for auto-proxying)
[Repayment-Service][53080] 2022-07-09 16:44:19,417 INFO [main][PostProcessorRegistrationDelegate.java:330] - Bean 'rocketMQTemplate' of type [org.apache.rocketmq.spring.core.RocketMQTemplate] is not eligible for getting processed by all BeanPostProcessors (for example: not eligible for auto-proxying)
[Repayment-Service][53080] 2022-07-09 16:44:19,424 INFO [main][PostProcessorRegistrationDelegate.java:330] - Bean 'transactionHandlerRegistry' of type [org.apache.rocketmq.spring.config.TransactionHandlerRegistry] is not eligible for getting processed by all BeanPostProcessors (for example: not eligible for auto-proxying)
[Repayment-Service][53080] 2022-07-09 16:44:19,649 INFO [main][PostProcessorRegistrationDelegate.java:330] - Bean 'org.springframework.transaction.annotation.ProxyTransactionManagementConfiguration' of type [org.springframework.transaction.annotation.ProxyTransactionManagementConfiguration$$EnhancerBySpringCGLIB$$232b931e] is not eligible for getting processed by all BeanPostProcessors (for example: not eligible for auto-proxying)
[Repayment-Service][53080] 2022-07-09 16:44:20,065 INFO [main][PostProcessorRegistrationDelegate.java:330] - Bean 'spring.datasource.druid-com.alibaba.druid.spring.boot.autoconfigure.properties.DruidStatProperties' of type [com.alibaba.druid.spring.boot.autoconfigure.properties.DruidStatProperties] is not eligible for getting processed by all BeanPostProcessors (for example: not eligible for auto-proxying)
[Repayment-Service][53080] 2022-07-09 16:44:20,088 INFO [main][PostProcessorRegistrationDelegate.java:330] - Bean 'advisor' of type [org.springframework.aop.support.RegexpMethodPointcutAdvisor] is not eligible for getting processed by all BeanPostProcessors (for example: not eligible for auto-proxying)
[Repayment-Service][53080] 2022-07-09 16:44:20,113 INFO [main][PostProcessorRegistrationDelegate.java:330] - Bean 'org.springframework.cloud.autoconfigure.ConfigurationPropertiesRebinderAutoConfiguration' of type [org.springframework.cloud.autoconfigure.ConfigurationPropertiesRebinderAutoConfiguration$$EnhancerBySpringCGLIB$$3f45961b] is not eligible for getting processed by all BeanPostProcessors (for example: not eligible for auto-proxying)
[Repayment-Service][53080] 2022-07-09 16:44:20,883 INFO [main][TomcatWebServer.java:90] - Tomcat initialized with port(s): 53080 (http)
[Repayment-Service][53080] 2022-07-09 16:44:20,926 INFO [main][DirectJDKLog.java:173] - Initializing ProtocolHandler ["http-nio-53080"]
[Repayment-Service][53080] 2022-07-09 16:44:20,947 INFO [main][DirectJDKLog.java:173] - Starting service [Tomcat]
[Repayment-Service][53080] 2022-07-09 16:44:20,949 INFO [main][DirectJDKLog.java:173] - Starting Servlet engine: [Apache Tomcat/9.0.16]
[Repayment-Service][53080] 2022-07-09 16:44:20,964 INFO [main][DirectJDKLog.java:173] - The APR based Apache Tomcat Native library which allows optimal performance in production environments was not found on the java.library.path: [E:\jdk1.8.0_161\bin;C:\WINDOWS\Sun\Java\bin;C:\WINDOWS\system32;C:\WINDOWS;E:\Ruby26-x64\bin;C:\Program Files (x86)\Common Files\Oracle\Java\javapath;C:\Program Files\VanDyke Software\Clients\;E:\Anaconda;E:\Anaconda\Library\mingw-w64\bin;E:\Anaconda\Library\usr\bin;E:\Anaconda\Library\bin;E:\Anaconda\Scripts;C:\WINDOWS\system32;C:\WINDOWS;C:\WINDOWS\System32\Wbem;C:\WINDOWS\System32\WindowsPowerShell\v1.0\;C:\WINDOWS\System32\OpenSSH\;E:\mysql-5.7.20-winx64\bin;C:\Program Files\dotnet\;E:\nodejs\;C:\Users\Administrator\AppData\Roaming\npm;E:\nodejs\node_global\;C:\Program Files (x86)\Common Files\Thunder Network\KanKan\Codecs;E:\spark-2.1.1-hadoop2.7\bin;D:\Android\Sdk\platform-tools;E:\TortoiseSVN\bin;E:\TortoiseSVN\bin;E:\Subversion\bin;C:\Program Files\Docker\Docker\resources\bin;C:\ProgramData\DockerDesktop\version-bin;E:\CMake\bin;C:\mingw64\bin;E:\scala-2.12.15\bin;C:\Program Files (x86)\scala\bin;E:\spark\bin;E:\spark-2.1.1-hadoop2.7\bin;E:\NetSarang\Xshell 7\;E:\NetSarang\Xftp 7\;C:\Program Files\Git\cmd;E:\apache-maven-3.6.3\bin;E:\jdk1.8.0_161\bin;C:\Users\Administrator\AppData\Local\Microsoft\WindowsApps;E:\IntelliJ IDEA\bin;;C:\Users\Administrator\AppData\Roaming\npm;E:\nodejs\node_global\;C:\Users\Administrator\.dotnet\tools;C:\Users\Administrator\AppData\Local\GitHubDesktop\bin;E:\Microsoft VS Code\bin;.]
[Repayment-Service][53080] 2022-07-09 16:44:21,361 INFO [main][DirectJDKLog.java:173] - Initializing Spring embedded WebApplicationContext
[Repayment-Service][53080] 2022-07-09 16:44:21,362 INFO [main][ServletWebServerApplicationContext.java:296] - Root WebApplicationContext: initialization completed in 18968 ms
[Repayment-Service][53080] 2022-07-09 16:44:21,686 WARN [main][URLConfigurationSource.java:121] - No URLs will be polled as dynamic configuration sources.
[Repayment-Service][53080] 2022-07-09 16:44:21,689 INFO [main][URLConfigurationSource.java:122] - To enable URLs as dynamic configuration sources, define System property archaius.configurationSource.additionalUrls or make config.properties available on classpath.
[Repayment-Service][53080] 2022-07-09 16:44:21,725 INFO [main][DynamicPropertyFactory.java:281] - DynamicPropertyFactory is initialized with configuration sources: com.netflix.config.ConcurrentCompositeConfiguration@3005623b
[Repayment-Service][53080] 2022-07-09 16:44:21,982 INFO [NettyClientSelector_1][Slf4jLoggerFactory.java:95] - closeChannel: close the connection to remote address[] result: true
[Repayment-Service][53080] 2022-07-09 16:44:21,982 INFO [NettyClientSelector_1][Slf4jLoggerFactory.java:95] - closeChannel: close the connection to remote address[] result: true
[Repayment-Service][53080] 2022-07-09 16:44:21,982 INFO [main][DruidDataSourceAutoConfigure.java:56] - Init DruidDataSource
[Repayment-Service][53080] 2022-07-09 16:44:22,745 INFO [main][DruidDataSource.java:1002] - {dataSource-1} inited
[Repayment-Service][53080] 2022-07-09 16:44:28,366 INFO [main][AutowiredAnnotationBeanPostProcessor.java:342] - Inconsistent constructor declaration on bean with name 'hmilyAutoConfiguration': single autowire-marked constructor flagged as optional - this constructor is effectively required since there is no default constructor to fall back to: public org.dromara.hmily.spring.boot.starter.parent.configuration.HmilyAutoConfiguration$$EnhancerBySpringCGLIB$$4fc6d1aa(org.dromara.hmily.spring.boot.starter.parent.config.HmilyConfigProperties)
[Repayment-Service][53080] 2022-07-09 16:44:29,435 INFO [main][EndpointLinksResolver.java:59] - Exposing 2 endpoint(s) beneath base path '/actuator'
[Repayment-Service][53080] 2022-07-09 16:44:29,828 INFO [main][HikariDataSource.java:110] - HikariPool-1 - Starting...
[Repayment-Service][53080] 2022-07-09 16:44:29,878 INFO [main][HikariDataSource.java:123] - HikariPool-1 - Start completed.
[Repayment-Service][53080] 2022-07-09 16:44:29,934 INFO [main][HmilyLogo.java:49] - 


    __  __          _ __     
   / / / /___ ___  (_) /_  __
  / /_/ / __ `__ \/ / / / / /
 / __  / / / / / / / / /_/ / 
/_/ /_/_/ /_/ /_/_/_/\__, /  
                    /____/   

 :: Hmily :: (v2.0.0-RELEASE)

[Repayment-Service][53080] 2022-07-09 16:44:30,387 INFO [main][PropertySourcedRequestMappingHandlerMapping.java:69] - Mapped URL path [/v2/api-docs] onto method [public org.springframework.http.ResponseEntity<springfox.documentation.spring.web.json.Json> springfox.documentation.swagger2.web.Swagger2Controller.getDocumentation(java.lang.String,javax.servlet.http.HttpServletRequest)]
[Repayment-Service][53080] 2022-07-09 16:44:30,429 WARN [main][URLConfigurationSource.java:121] - No URLs will be polled as dynamic configuration sources.
[Repayment-Service][53080] 2022-07-09 16:44:30,430 INFO [main][URLConfigurationSource.java:122] - To enable URLs as dynamic configuration sources, define System property archaius.configurationSource.additionalUrls or make config.properties available on classpath.
[Repayment-Service][53080] 2022-07-09 16:44:30,726 INFO [main][ExecutorConfigurationSupport.java:171] - Initializing ExecutorService 'applicationTaskExecutor'
[Repayment-Service][53080] 2022-07-09 16:44:31,852 INFO [main][StdSchedulerFactory.java:1208] - Using default implementation for ThreadExecutor
[Repayment-Service][53080] 2022-07-09 16:44:31,886 INFO [main][SchedulerSignalerImpl.java:61] - Initialized Scheduler Signaller of type: class org.quartz.core.SchedulerSignalerImpl
[Repayment-Service][53080] 2022-07-09 16:44:31,886 INFO [main][QuartzScheduler.java:229] - Quartz Scheduler v.2.3.0 created.
[Repayment-Service][53080] 2022-07-09 16:44:31,888 INFO [main][RAMJobStore.java:155] - RAMJobStore initialized.
[Repayment-Service][53080] 2022-07-09 16:44:31,890 INFO [main][QuartzScheduler.java:294] - Scheduler meta-data: Quartz Scheduler (v2.3.0) 'quartzScheduler' with instanceId 'NON_CLUSTERED'
  Scheduler class: 'org.quartz.core.QuartzScheduler' - running locally.
  NOT STARTED.
  Currently in standby mode.
  Number of jobs executed: 0
  Using thread pool 'org.quartz.simpl.SimpleThreadPool' - with 10 threads.
  Using job-store 'org.quartz.simpl.RAMJobStore' - which does not support persistence. and is not clustered.

[Repayment-Service][53080] 2022-07-09 16:44:31,891 INFO [main][StdSchedulerFactory.java:1362] - Quartz scheduler 'quartzScheduler' initialized from an externally provided properties instance.
[Repayment-Service][53080] 2022-07-09 16:44:31,891 INFO [main][StdSchedulerFactory.java:1366] - Quartz scheduler version: 2.3.0
[Repayment-Service][53080] 2022-07-09 16:44:31,892 INFO [main][QuartzScheduler.java:2287] - JobFactory set to: org.springframework.scheduling.quartz.SpringBeanJobFactory@52bb3dcd
[Repayment-Service][53080] 2022-07-09 16:44:34,781 WARN [main][EurekaStarterDeprecationWarningAutoConfiguration.java:19] - spring-cloud-starter-eureka is deprecated as of Spring Cloud Netflix 1.4.0, please migrate to spring-cloud-starter-netflix-eureka
[Repayment-Service][53080] 2022-07-09 16:44:38,578 INFO [NettyClientSelector_1][Slf4jLoggerFactory.java:95] - closeChannel: close the connection to remote address[] result: true
[Repayment-Service][53080] 2022-07-09 16:44:40,604 INFO [NettyClientSelector_1][Slf4jLoggerFactory.java:95] - closeChannel: close the connection to remote address[] result: true
[Repayment-Service][53080] 2022-07-09 16:44:40,609 INFO [main][DefaultRocketMQListenerContainer.java:243] - running container: DefaultRocketMQListenerContainer{consumerGroup='CID_START_REPAYMENT', nameServer='127.0.0.1:9876', topic='TP_START_REPAYMENT', consumeMode=CONCURRENTLY, selectorType=TAG, selectorExpression='*', messageModel=CLUSTERING}
[Repayment-Service][53080] 2022-07-09 16:44:40,609 INFO [main][ListenerContainerConfiguration.java:107] - Register the listener to container, listenerBeanName:startRepaymentMessageConsumer, containerBeanName:org.apache.rocketmq.spring.support.DefaultRocketMQListenerContainer_1
[Repayment-Service][53080] 2022-07-09 16:44:40,743 INFO [main][InstanceInfoFactory.java:71] - Setting initial instance status as: STARTING
[Repayment-Service][53080] 2022-07-09 16:44:40,844 INFO [main][DiscoveryClient.java:349] - Initializing Eureka in region us-east-1
[Repayment-Service][53080] 2022-07-09 16:44:41,861 INFO [main][DiscoveryJerseyProvider.java:70] - Using JSON encoding codec LegacyJacksonJson
[Repayment-Service][53080] 2022-07-09 16:44:41,861 INFO [main][DiscoveryJerseyProvider.java:71] - Using JSON decoding codec LegacyJacksonJson
[Repayment-Service][53080] 2022-07-09 16:44:42,069 INFO [main][DiscoveryJerseyProvider.java:80] - Using XML encoding codec XStreamXml
[Repayment-Service][53080] 2022-07-09 16:44:42,070 INFO [main][DiscoveryJerseyProvider.java:81] - Using XML decoding codec XStreamXml
[Repayment-Service][53080] 2022-07-09 16:44:42,470 INFO [main][ConfigClusterResolver.java:43] - Resolving eureka endpoints via configuration
[Repayment-Service][53080] 2022-07-09 16:44:42,636 INFO [NettyClientSelector_1][Slf4jLoggerFactory.java:95] - closeChannel: close the connection to remote address[] result: true
[Repayment-Service][53080] 2022-07-09 16:44:43,200 INFO [main][DiscoveryClient.java:958] - Disable delta property : false
[Repayment-Service][53080] 2022-07-09 16:44:43,200 INFO [main][DiscoveryClient.java:959] - Single vip registry refresh property : null
[Repayment-Service][53080] 2022-07-09 16:44:43,201 INFO [main][DiscoveryClient.java:960] - Force full registry fetch : false
[Repayment-Service][53080] 2022-07-09 16:44:43,201 INFO [main][DiscoveryClient.java:961] - Application is null : false
[Repayment-Service][53080] 2022-07-09 16:44:43,201 INFO [main][DiscoveryClient.java:962] - Registered Applications size is zero : true
[Repayment-Service][53080] 2022-07-09 16:44:43,202 INFO [main][DiscoveryClient.java:964] - Application version is -1: true
[Repayment-Service][53080] 2022-07-09 16:44:43,202 INFO [main][DiscoveryClient.java:1047] - Getting all instance registry info from the eureka server
[Repayment-Service][53080] 2022-07-09 16:44:43,796 INFO [main][DiscoveryClient.java:1056] - The response status is 200
[Repayment-Service][53080] 2022-07-09 16:44:43,803 INFO [main][DiscoveryClient.java:1270] - Starting heartbeat executor: renew interval is: 30
[Repayment-Service][53080] 2022-07-09 16:44:43,810 INFO [main][InstanceInfoReplicator.java:60] - InstanceInfoReplicator onDemand update allowed rate per min is 4
[Repayment-Service][53080] 2022-07-09 16:44:43,818 INFO [main][DiscoveryClient.java:449] - Discovery Client initialized at timestamp 1657356283815 with initial instances count: 5
[Repayment-Service][53080] 2022-07-09 16:44:43,824 INFO [main][EurekaServiceRegistry.java:42] - Registering application REPAYMENT-SERVICE with eureka with status UP
[Repayment-Service][53080] 2022-07-09 16:44:43,826 INFO [main][DiscoveryClient.java:1305] - Saw local status change event StatusChangeEvent [timestamp=1657356283825, current=UP, previous=STARTING]
[Repayment-Service][53080] 2022-07-09 16:44:43,830 INFO [main][DocumentationPluginsBootstrapper.java:160] - Context refreshed
[Repayment-Service][53080] 2022-07-09 16:44:43,833 INFO [DiscoveryClient-InstanceInfoReplicator-0][DiscoveryClient.java:826] - DiscoveryClient_REPAYMENT-SERVICE/repayment-service:192.168.1.4:53080: registering service...
[Repayment-Service][53080] 2022-07-09 16:44:43,886 INFO [main][DocumentationPluginsBootstrapper.java:163] - Found 1 custom documentation plugin(s)
[Repayment-Service][53080] 2022-07-09 16:44:43,956 INFO [DiscoveryClient-InstanceInfoReplicator-0][DiscoveryClient.java:835] - DiscoveryClient_REPAYMENT-SERVICE/repayment-service:192.168.1.4:53080 - registration status: 204
[Repayment-Service][53080] 2022-07-09 16:44:43,978 INFO [main][ApiListingReferenceScanner.java:41] - Scanning for api listing references
[Repayment-Service][53080] 2022-07-09 16:44:44,268 INFO [main][CachingOperationNameGenerator.java:40] - Generating unique operation named: handleUsingGET_1
[Repayment-Service][53080] 2022-07-09 16:44:44,272 INFO [main][CachingOperationNameGenerator.java:40] - Generating unique operation named: handleUsingGET_2
[Repayment-Service][53080] 2022-07-09 16:44:44,277 INFO [main][CachingOperationNameGenerator.java:40] - Generating unique operation named: handleUsingGET_3
[Repayment-Service][53080] 2022-07-09 16:44:44,312 INFO [main][SchedulerFactoryBean.java:726] - Starting Quartz Scheduler now
[Repayment-Service][53080] 2022-07-09 16:44:44,313 INFO [main][QuartzScheduler.java:547] - Scheduler quartzScheduler_$_NON_CLUSTERED started.
[Repayment-Service][53080] 2022-07-09 16:44:44,345 INFO [main][DirectJDKLog.java:173] - Starting ProtocolHandler ["http-nio-53080"]
[Repayment-Service][53080] 2022-07-09 16:44:44,403 INFO [main][TomcatWebServer.java:204] - Tomcat started on port(s): 53080 (http) with context path ''
[Repayment-Service][53080] 2022-07-09 16:44:44,407 INFO [main][EurekaAutoServiceRegistration.java:141] - Updating port to 53080
[Repayment-Service][53080] 2022-07-09 16:44:44,412 INFO [main][StartupInfoLogger.java:59] - Started RepaymentService in 59.72 seconds (JVM running for 63.987)
[Repayment-Service][53080] 2022-07-09 16:44:44,652 INFO [NettyClientSelector_1][Slf4jLoggerFactory.java:95] - closeChannel: close the connection to remote address[] result: true
[Repayment-Service][53080] 2022-07-09 16:44:46,302 INFO [RMI TCP Connection(5)-172.26.144.1][DirectJDKLog.java:173] - Initializing Spring DispatcherServlet 'dispatcherServlet'
[Repayment-Service][53080] 2022-07-09 16:44:46,303 INFO [RMI TCP Connection(5)-172.26.144.1][FrameworkServlet.java:524] - Initializing Servlet 'dispatcherServlet'
[Repayment-Service][53080] 2022-07-09 16:44:46,339 INFO [RMI TCP Connection(5)-172.26.144.1][FrameworkServlet.java:546] - Completed initialization in 36 ms
[Repayment-Service][53080] 2022-07-09 16:44:49,986 INFO [NettyClientSelector_1][Slf4jLoggerFactory.java:95] - closeChannel: close the connection to remote address[] result: true
[Repayment-Service][53080] 2022-07-09 16:44:51,450 INFO [NettyClientSelector_1][Slf4jLoggerFactory.java:95] - closeChannel: close the connection to remote address[] result: true
[Repayment-Service][53080] 2022-07-09 16:44:52,016 INFO [NettyClientSelector_1][Slf4jLoggerFactory.java:95] - closeChannel: close the connection to remote address[] result: true
[Repayment-Service][53080] 2022-07-09 16:44:54,237 WARN [Apollo-RemoteConfigRepository-1][RemoteConfigRepository.java:194] - Load config failed, will retry in 1 SECONDS. appId: repayment-service, cluster: DEFAULT, namespaces: micro_service.spring-cloud-feign
[Repayment-Service][53080] 2022-07-09 16:44:55,245 WARN [Apollo-RemoteConfigRepository-1][RemoteConfigRepository.java:194] - Load config failed, will retry in 1 SECONDS. appId: repayment-service, cluster: DEFAULT, namespaces: micro_service.spring-cloud-feign
[Repayment-Service][53080] 2022-07-09 16:44:56,256 WARN [Apollo-RemoteConfigRepository-1][AbstractConfigRepository.java:26] - Sync config failed, will retry. Repository class com.ctrip.framework.apollo.internals.RemoteConfigRepository, reason: Load Apollo Config failed - appId: repayment-service, cluster: DEFAULT, namespace: micro_service.spring-cloud-feign, url: http://192.168.1.4:8080/configs/repayment-service/DEFAULT/micro_service.spring-cloud-feign?ip=172.26.144.1&messages=%7B%22details%22%3A%7B%22common-template%2Bdefault%2Bmicro_service.spring-cloud-feign%22%3A403%2C%22repayment-service%2Bdefault%2Bmicro_service.spring-cloud-feign%22%3A323%7D%7D [Cause: [status code: 404] Could not find config for namespace - appId: repayment-service, cluster: DEFAULT, namespace: micro_service.spring-cloud-feign, please check whether the configs are released in Apollo!]
[Repayment-Service][53080] 2022-07-09 16:44:59,940 INFO [hmilyTransaction-tccRollBackService-1][LogUtil.java:87] - rollback execute delayTime:60
[Repayment-Service][53080] 2022-07-09 16:45:09,459 INFO [NettyClientSelector_1][Slf4jLoggerFactory.java:95] - closeChannel: close the connection to remote address[] result: true
[Repayment-Service][53080] 2022-07-09 16:45:19,989 INFO [NettyClientSelector_1][Slf4jLoggerFactory.java:95] - closeChannel: close the connection to remote address[] result: true
[Repayment-Service][53080] 2022-07-09 16:45:21,457 INFO [NettyClientSelector_1][Slf4jLoggerFactory.java:95] - closeChannel: close the connection to remote address[] result: true
[Repayment-Service][53080] 2022-07-09 16:45:22,027 INFO [NettyClientSelector_1][Slf4jLoggerFactory.java:95] - closeChannel: close the connection to remote address[] result: true
[Repayment-Service][53080] 2022-07-09 16:45:31,494 INFO [NettyClientSelector_1][Slf4jLoggerFactory.java:95] - closeChannel: close the connection to remote address[] result: true
[Repayment-Service][53080] 2022-07-09 16:45:33,518 INFO [NettyClientSelector_1][Slf4jLoggerFactory.java:95] - closeChannel: close the connection to remote address[] result: true
[Repayment-Service][53080] 2022-07-09 16:45:47,962 INFO [NettyClientSelector_1][Slf4jLoggerFactory.java:95] - closeChannel: close the connection to remote address[] result: true
[Repayment-Service][53080] 2022-07-09 16:45:49,979 INFO [NettyClientSelector_1][Slf4jLoggerFactory.java:95] - closeChannel: close the connection to remote address[] result: true
[Repayment-Service][53080] 2022-07-09 16:45:51,468 INFO [NettyClientSelector_1][Slf4jLoggerFactory.java:95] - closeChannel: close the connection to remote address[] result: true
[Repayment-Service][53080] 2022-07-09 16:45:52,006 INFO [NettyClientSelector_1][Slf4jLoggerFactory.java:95] - closeChannel: close the connection to remote address[] result: true
[Repayment-Service][53080] 2022-07-09 16:45:55,544 INFO [NettyClientSelector_1][Slf4jLoggerFactory.java:95] - closeChannel: close the connection to remote address[] result: true
[Repayment-Service][53080] 2022-07-09 16:45:57,565 INFO [NettyClientSelector_1][Slf4jLoggerFactory.java:95] - closeChannel: close the connection to remote address[] result: true
[Repayment-Service][53080] 2022-07-09 16:46:00,035 INFO [hmilyTransaction-tccRollBackService-1][LogUtil.java:87] - rollback execute delayTime:60
[Repayment-Service][53080] 2022-07-09 16:46:17,967 INFO [NettyClientSelector_1][Slf4jLoggerFactory.java:95] - closeChannel: close the connection to remote address[] result: true
[Repayment-Service][53080] 2022-07-09 16:46:21,453 INFO [NettyClientSelector_1][Slf4jLoggerFactory.java:95] - closeChannel: close the connection to remote address[] result: true
[Repayment-Service][53080] 2022-07-09 16:46:22,038 INFO [NettyClientSelector_1][Slf4jLoggerFactory.java:95] - closeChannel: close the connection to remote address[] result: true
[Repayment-Service][53080] 2022-07-09 16:46:24,070 INFO [NettyClientSelector_1][Slf4jLoggerFactory.java:95] - closeChannel: close the connection to remote address[] result: true
[Repayment-Service][53080] 2022-07-09 16:46:46,110 INFO [NettyClientSelector_1][Slf4jLoggerFactory.java:95] - closeChannel: close the connection to remote address[] result: true
[Repayment-Service][53080] 2022-07-09 16:46:50,178 INFO [NettyClientSelector_1][Slf4jLoggerFactory.java:95] - closeChannel: close the connection to remote address[] result: true
[Repayment-Service][53080] 2022-07-09 16:46:51,450 INFO [NettyClientSelector_1][Slf4jLoggerFactory.java:95] - closeChannel: close the connection to remote address[] result: true
[Repayment-Service][53080] 2022-07-09 16:46:52,214 INFO [NettyClientSelector_1][Slf4jLoggerFactory.java:95] - closeChannel: close the connection to remote address[] result: true
[Repayment-Service][53080] 2022-07-09 16:47:00,051 INFO [hmilyTransaction-tccRollBackService-1][LogUtil.java:87] - rollback execute delayTime:60
[Repayment-Service][53080] 2022-07-09 16:47:11,141 INFO [NettyClientSelector_1][Slf4jLoggerFactory.java:95] - closeChannel: close the connection to remote address[] result: true
[Repayment-Service][53080] 2022-07-09 16:47:13,172 INFO [NettyClientSelector_1][Slf4jLoggerFactory.java:95] - closeChannel: close the connection to remote address[] result: true
[Repayment-Service][53080] 2022-07-09 16:47:17,952 INFO [NettyClientSelector_1][Slf4jLoggerFactory.java:95] - closeChannel: close the connection to remote address[] result: true
[Repayment-Service][53080] 2022-07-09 16:47:19,992 INFO [NettyClientSelector_1][Slf4jLoggerFactory.java:95] - closeChannel: close the connection to remote address[] result: true
[Repayment-Service][53080] 2022-07-09 16:47:21,449 INFO [NettyClientSelector_1][Slf4jLoggerFactory.java:95] - closeChannel: close the connection to remote address[] result: true
[Repayment-Service][53080] 2022-07-09 16:47:22,020 INFO [NettyClientSelector_1][Slf4jLoggerFactory.java:95] - closeChannel: close the connection to remote address[] result: true
[Repayment-Service][53080] 2022-07-09 16:47:35,213 INFO [NettyClientSelector_1][Slf4jLoggerFactory.java:95] - closeChannel: close the connection to remote address[] result: true
[Repayment-Service][53080] 2022-07-09 16:47:37,248 INFO [NettyClientSelector_1][Slf4jLoggerFactory.java:95] - closeChannel: close the connection to remote address[] result: true
[Repayment-Service][53080] 2022-07-09 16:47:47,946 INFO [NettyClientSelector_1][Slf4jLoggerFactory.java:95] - closeChannel: close the connection to remote address[] result: true
[Repayment-Service][53080] 2022-07-09 16:47:49,984 INFO [NettyClientSelector_1][Slf4jLoggerFactory.java:95] - closeChannel: close the connection to remote address[] result: true
[Repayment-Service][53080] 2022-07-09 16:47:51,472 INFO [NettyClientSelector_1][Slf4jLoggerFactory.java:95] - closeChannel: close the connection to remote address[] result: true
[Repayment-Service][53080] 2022-07-09 16:47:52,023 INFO [NettyClientSelector_1][Slf4jLoggerFactory.java:95] - closeChannel: close the connection to remote address[] result: true
[Repayment-Service][53080] 2022-07-09 16:47:59,284 INFO [NettyClientSelector_1][Slf4jLoggerFactory.java:95] - closeChannel: close the connection to remote address[] result: true
[Repayment-Service][53080] 2022-07-09 16:48:00,056 INFO [hmilyTransaction-tccRollBackService-1][LogUtil.java:87] - rollback execute delayTime:60
[Repayment-Service][53080] 2022-07-09 16:48:01,309 INFO [NettyClientSelector_1][Slf4jLoggerFactory.java:95] - closeChannel: close the connection to remote address[] result: true
[Repayment-Service][53080] 2022-07-09 16:48:17,959 INFO [NettyClientSelector_1][Slf4jLoggerFactory.java:95] - closeChannel: close the connection to remote address[] result: true
[Repayment-Service][53080] 2022-07-09 16:48:19,983 INFO [NettyClientSelector_1][Slf4jLoggerFactory.java:95] - closeChannel: close the connection to remote address[] result: true
[Repayment-Service][53080] 2022-07-09 16:48:21,458 INFO [NettyClientSelector_1][Slf4jLoggerFactory.java:95] - closeChannel: close the connection to remote address[] result: true
[Repayment-Service][53080] 2022-07-09 16:48:24,036 INFO [NettyClientSelector_1][Slf4jLoggerFactory.java:95] - closeChannel: close the connection to remote address[] result: true
[Repayment-Service][53080] 2022-07-09 16:48:26,070 INFO [NettyClientSelector_1][Slf4jLoggerFactory.java:95] - closeChannel: close the connection to remote address[] result: true
[Repayment-Service][53080] 2022-07-09 16:48:47,956 INFO [NettyClientSelector_1][Slf4jLoggerFactory.java:95] - closeChannel: close the connection to remote address[] result: true
[Repayment-Service][53080] 2022-07-09 16:48:49,999 INFO [NettyClientSelector_1][Slf4jLoggerFactory.java:95] - closeChannel: close the connection to remote address[] result: true
[Repayment-Service][53080] 2022-07-09 16:48:51,460 INFO [NettyClientSelector_1][Slf4jLoggerFactory.java:95] - closeChannel: close the connection to remote address[] result: true
[Repayment-Service][53080] 2022-07-09 16:48:52,026 INFO [NettyClientSelector_1][Slf4jLoggerFactory.java:95] - closeChannel: close the connection to remote address[] result: true
[Repayment-Service][53080] 2022-07-09 16:48:52,948 WARN [Apollo-RemoteConfigRepository-1][RemoteConfigRepository.java:194] - Load config failed, will retry in 1 SECONDS. appId: repayment-service, cluster: DEFAULT, namespaces: application
[Repayment-Service][53080] 2022-07-09 16:48:53,967 WARN [Apollo-RemoteConfigRepository-1][AbstractConfigRepository.java:26] - Sync config failed, will retry. Repository class com.ctrip.framework.apollo.internals.RemoteConfigRepository, reason: Load Apollo Config failed - appId: repayment-service, cluster: DEFAULT, namespace: application, url: http://192.168.1.4:8080/configs/repayment-service/DEFAULT/application?ip=172.26.144.1&messages=%7B%22details%22%3A%7B%22repayment-service%2Bdefault%2Bapplication%22%3A318%7D%7D [Cause: [status code: 404] Could not find config for namespace - appId: repayment-service, cluster: DEFAULT, namespace: application, please check whether the configs are released in Apollo!]
[Repayment-Service][53080] 2022-07-09 16:48:54,041 INFO [NettyClientSelector_1][Slf4jLoggerFactory.java:95] - closeChannel: close the connection to remote address[] result: true
[Repayment-Service][53080] 2022-07-09 16:48:59,133 WARN [Apollo-RemoteConfigRepository-1][RemoteConfigRepository.java:194] - Load config failed, will retry in 1 SECONDS. appId: repayment-service, cluster: DEFAULT, namespaces: micro_service.spring-cloud-feign
[Repayment-Service][53080] 2022-07-09 16:49:00,074 INFO [hmilyTransaction-tccRollBackService-1][LogUtil.java:87] - rollback execute delayTime:60
[Repayment-Service][53080] 2022-07-09 16:49:00,146 WARN [Apollo-RemoteConfigRepository-1][AbstractConfigRepository.java:26] - Sync config failed, will retry. Repository class com.ctrip.framework.apollo.internals.RemoteConfigRepository, reason: Load Apollo Config failed - appId: repayment-service, cluster: DEFAULT, namespace: micro_service.spring-cloud-feign, url: http://192.168.1.4:8080/configs/repayment-service/DEFAULT/micro_service.spring-cloud-feign?ip=172.26.144.1&messages=%7B%22details%22%3A%7B%22common-template%2Bdefault%2Bmicro_service.spring-cloud-feign%22%3A403%2C%22repayment-service%2Bdefault%2Bmicro_service.spring-cloud-feign%22%3A323%7D%7D [Cause: [status code: 404] Could not find config for namespace - appId: repayment-service, cluster: DEFAULT, namespace: micro_service.spring-cloud-feign, please check whether the configs are released in Apollo!]
[Repayment-Service][53080] 2022-07-09 16:49:14,067 INFO [NettyClientSelector_1][Slf4jLoggerFactory.java:95] - closeChannel: close the connection to remote address[] result: true
[Repayment-Service][53080] 2022-07-09 16:49:16,110 INFO [NettyClientSelector_1][Slf4jLoggerFactory.java:95] - closeChannel: close the connection to remote address[] result: true
[Repayment-Service][53080] 2022-07-09 16:49:18,147 INFO [NettyClientSelector_1][Slf4jLoggerFactory.java:95] - closeChannel: close the connection to remote address[] result: true
[Repayment-Service][53080] 2022-07-09 16:49:20,175 INFO [NettyClientSelector_1][Slf4jLoggerFactory.java:95] - closeChannel: close the connection to remote address[] result: true
[Repayment-Service][53080] 2022-07-09 16:49:21,459 INFO [NettyClientSelector_1][Slf4jLoggerFactory.java:95] - closeChannel: close the connection to remote address[] result: true
[Repayment-Service][53080] 2022-07-09 16:49:22,207 INFO [NettyClientSelector_1][Slf4jLoggerFactory.java:95] - closeChannel: close the connection to remote address[] result: true
[Repayment-Service][53080] 2022-07-09 16:49:38,149 INFO [NettyClientSelector_1][Slf4jLoggerFactory.java:95] - closeChannel: close the connection to remote address[] result: true
[Repayment-Service][53080] 2022-07-09 16:49:40,185 INFO [NettyClientSelector_1][Slf4jLoggerFactory.java:95] - closeChannel: close the connection to remote address[] result: true
[Repayment-Service][53080] 2022-07-09 16:49:43,209 INFO [AsyncResolver-bootstrap-executor-0][ConfigClusterResolver.java:43] - Resolving eureka endpoints via configuration
[Repayment-Service][53080] 2022-07-09 16:49:47,971 INFO [NettyClientSelector_1][Slf4jLoggerFactory.java:95] - closeChannel: close the connection to remote address[] result: true
[Repayment-Service][53080] 2022-07-09 16:49:49,988 INFO [NettyClientSelector_1][Slf4jLoggerFactory.java:95] - closeChannel: close the connection to remote address[] result: true
[Repayment-Service][53080] 2022-07-09 16:49:51,465 INFO [NettyClientSelector_1][Slf4jLoggerFactory.java:95] - closeChannel: close the connection to remote address[] result: true
[Repayment-Service][53080] 2022-07-09 16:49:52,022 INFO [NettyClientSelector_1][Slf4jLoggerFactory.java:95] - closeChannel: close the connection to remote address[] result: true
[Repayment-Service][53080] 2022-07-09 16:50:00,076 INFO [hmilyTransaction-tccRollBackService-1][LogUtil.java:87] - rollback execute delayTime:60
[Repayment-Service][53080] 2022-07-09 16:50:02,211 INFO [NettyClientSelector_1][Slf4jLoggerFactory.java:95] - closeChannel: close the connection to remote address[] result: true
[Repayment-Service][53080] 2022-07-09 16:50:04,247 INFO [NettyClientSelector_1][Slf4jLoggerFactory.java:95] - closeChannel: close the connection to remote address[] result: true
[Repayment-Service][53080] 2022-07-09 16:50:17,947 INFO [NettyClientSelector_1][Slf4jLoggerFactory.java:95] - closeChannel: close the connection to remote address[] result: true
[Repayment-Service][53080] 2022-07-09 16:50:19,977 INFO [NettyClientSelector_1][Slf4jLoggerFactory.java:95] - closeChannel: close the connection to remote address[] result: true
[Repayment-Service][53080] 2022-07-09 16:50:21,468 INFO [NettyClientSelector_1][Slf4jLoggerFactory.java:95] - closeChannel: close the connection to remote address[] result: true
[Repayment-Service][53080] 2022-07-09 16:50:22,005 INFO [NettyClientSelector_1][Slf4jLoggerFactory.java:95] - closeChannel: close the connection to remote address[] result: true
[Repayment-Service][53080] 2022-07-09 16:50:26,284 INFO [NettyClientSelector_1][Slf4jLoggerFactory.java:95] - closeChannel: close the connection to remote address[] result: true
[Repayment-Service][53080] 2022-07-09 16:50:28,305 INFO [NettyClientSelector_1][Slf4jLoggerFactory.java:95] - closeChannel: close the connection to remote address[] result: true
[Repayment-Service][53080] 2022-07-09 16:50:49,999 INFO [NettyClientSelector_1][Slf4jLoggerFactory.java:95] - closeChannel: close the connection to remote address[] result: true
[Repayment-Service][53080] 2022-07-09 16:50:51,452 INFO [NettyClientSelector_1][Slf4jLoggerFactory.java:95] - closeChannel: close the connection to remote address[] result: true
[Repayment-Service][53080] 2022-07-09 16:50:52,023 INFO [NettyClientSelector_1][Slf4jLoggerFactory.java:95] - closeChannel: close the connection to remote address[] result: true
[Repayment-Service][53080] 2022-07-09 16:50:54,046 INFO [NettyClientSelector_1][Slf4jLoggerFactory.java:95] - closeChannel: close the connection to remote address[] result: true
[Repayment-Service][53080] 2022-07-09 16:51:00,088 INFO [hmilyTransaction-tccRollBackService-1][LogUtil.java:87] - rollback execute delayTime:60
[Repayment-Service][53080] 2022-07-09 16:51:16,094 INFO [NettyClientSelector_1][Slf4jLoggerFactory.java:95] - closeChannel: close the connection to remote address[] result: true
[Repayment-Service][53080] 2022-07-09 16:51:18,116 INFO [NettyClientSelector_1][Slf4jLoggerFactory.java:95] - closeChannel: close the connection to remote address[] result: true
[Repayment-Service][53080] 2022-07-09 16:51:20,135 INFO [NettyClientSelector_1][Slf4jLoggerFactory.java:95] - closeChannel: close the connection to remote address[] result: true
[Repayment-Service][53080] 2022-07-09 16:51:21,449 INFO [NettyClientSelector_1][Slf4jLoggerFactory.java:95] - closeChannel: close the connection to remote address[] result: true
[Repayment-Service][53080] 2022-07-09 16:51:22,153 INFO [NettyClientSelector_1][Slf4jLoggerFactory.java:95] - closeChannel: close the connection to remote address[] result: true
[Repayment-Service][53080] 2022-07-09 16:51:24,180 INFO [NettyClientSelector_1][Slf4jLoggerFactory.java:95] - closeChannel: close the connection to remote address[] result: true
[Repayment-Service][53080] 2022-07-09 16:51:40,142 INFO [NettyClientSelector_1][Slf4jLoggerFactory.java:95] - closeChannel: close the connection to remote address[] result: true
[Repayment-Service][53080] 2022-07-09 16:51:42,177 INFO [NettyClientSelector_1][Slf4jLoggerFactory.java:95] - closeChannel: close the connection to remote address[] result: true
[Repayment-Service][53080] 2022-07-09 16:51:47,966 INFO [NettyClientSelector_1][Slf4jLoggerFactory.java:95] - closeChannel: close the connection to remote address[] result: true
[Repayment-Service][53080] 2022-07-09 16:51:49,985 INFO [NettyClientSelector_1][Slf4jLoggerFactory.java:95] - closeChannel: close the connection to remote address[] result: true
[Repayment-Service][53080] 2022-07-09 16:51:51,451 INFO [NettyClientSelector_1][Slf4jLoggerFactory.java:95] - closeChannel: close the connection to remote address[] result: true
[Repayment-Service][53080] 2022-07-09 16:51:52,006 INFO [NettyClientSelector_1][Slf4jLoggerFactory.java:95] - closeChannel: close the connection to remote address[] result: true
[Repayment-Service][53080] 2022-07-09 16:52:00,103 INFO [hmilyTransaction-tccRollBackService-1][LogUtil.java:87] - rollback execute delayTime:60
[Repayment-Service][53080] 2022-07-09 16:52:04,209 INFO [NettyClientSelector_1][Slf4jLoggerFactory.java:95] - closeChannel: close the connection to remote address[] result: true
[Repayment-Service][53080] 2022-07-09 16:52:06,239 INFO [NettyClientSelector_1][Slf4jLoggerFactory.java:95] - closeChannel: close the connection to remote address[] result: true
[Repayment-Service][53080] 2022-07-09 16:52:17,949 INFO [NettyClientSelector_1][Slf4jLoggerFactory.java:95] - closeChannel: close the connection to remote address[] result: true
[Repayment-Service][53080] 2022-07-09 16:52:19,978 INFO [NettyClientSelector_1][Slf4jLoggerFactory.java:95] - closeChannel: close the connection to remote address[] result: true
[Repayment-Service][53080] 2022-07-09 16:52:21,481 INFO [NettyClientSelector_1][Slf4jLoggerFactory.java:95] - closeChannel: close the connection to remote address[] result: true
[Repayment-Service][53080] 2022-07-09 16:52:21,999 INFO [NettyClientSelector_1][Slf4jLoggerFactory.java:95] - closeChannel: close the connection to remote address[] result: true
[Repayment-Service][53080] 2022-07-09 16:52:28,274 INFO [NettyClientSelector_1][Slf4jLoggerFactory.java:95] - closeChannel: close the connection to remote address[] result: true
[Repayment-Service][53080] 2022-07-09 16:52:30,297 INFO [NettyClientSelector_1][Slf4jLoggerFactory.java:95] - closeChannel: close the connection to remote address[] result: true
[Repayment-Service][53080] 2022-07-09 16:52:47,990 INFO [NettyClientSelector_1][Slf4jLoggerFactory.java:95] - closeChannel: close the connection to remote address[] result: true
[Repayment-Service][53080] 2022-07-09 16:52:50,014 INFO [NettyClientSelector_1][Slf4jLoggerFactory.java:95] - closeChannel: close the connection to remote address[] result: true
[Repayment-Service][53080] 2022-07-09 16:52:51,450 INFO [NettyClientSelector_1][Slf4jLoggerFactory.java:95] - closeChannel: close the connection to remote address[] result: true
[Repayment-Service][53080] 2022-07-09 16:52:52,037 INFO [NettyClientSelector_1][Slf4jLoggerFactory.java:95] - closeChannel: close the connection to remote address[] result: true
[Repayment-Service][53080] 2022-07-09 16:52:54,065 INFO [NettyClientSelector_1][Slf4jLoggerFactory.java:95] - closeChannel: close the connection to remote address[] result: true
[Repayment-Service][53080] 2022-07-09 16:52:56,095 INFO [NettyClientSelector_1][Slf4jLoggerFactory.java:95] - closeChannel: close the connection to remote address[] result: true
[Repayment-Service][53080] 2022-07-09 16:53:00,116 INFO [hmilyTransaction-tccRollBackService-1][LogUtil.java:87] - rollback execute delayTime:60
[Repayment-Service][53080] 2022-07-09 16:53:17,962 INFO [NettyClientSelector_1][Slf4jLoggerFactory.java:95] - closeChannel: close the connection to remote address[] result: true
[Repayment-Service][53080] 2022-07-09 16:53:19,981 INFO [NettyClientSelector_1][Slf4jLoggerFactory.java:95] - closeChannel: close the connection to remote address[] result: true
[Repayment-Service][53080] 2022-07-09 16:53:21,447 INFO [NettyClientSelector_1][Slf4jLoggerFactory.java:95] - closeChannel: close the connection to remote address[] result: true
[Repayment-Service][53080] 2022-07-09 16:53:22,015 INFO [NettyClientSelector_1][Slf4jLoggerFactory.java:95] - closeChannel: close the connection to remote address[] result: true
[Repayment-Service][53080] 2022-07-09 16:53:24,052 INFO [NettyClientSelector_1][Slf4jLoggerFactory.java:95] - closeChannel: close the connection to remote address[] result: true
[Repayment-Service][53080] 2022-07-09 16:53:46,084 INFO [NettyClientSelector_1][Slf4jLoggerFactory.java:95] - closeChannel: close the connection to remote address[] result: true
[Repayment-Service][53080] 2022-07-09 16:53:48,124 INFO [NettyClientSelector_1][Slf4jLoggerFactory.java:95] - closeChannel: close the connection to remote address[] result: true
[Repayment-Service][53080] 2022-07-09 16:53:50,167 INFO [NettyClientSelector_1][Slf4jLoggerFactory.java:95] - closeChannel: close the connection to remote address[] result: true
[Repayment-Service][53080] 2022-07-09 16:53:51,460 INFO [NettyClientSelector_1][Slf4jLoggerFactory.java:95] - closeChannel: close the connection to remote address[] result: true
[Repayment-Service][53080] 2022-07-09 16:53:52,204 INFO [NettyClientSelector_1][Slf4jLoggerFactory.java:95] - closeChannel: close the connection to remote address[] result: true
[Repayment-Service][53080] 2022-07-09 16:53:52,951 WARN [Apollo-RemoteConfigRepository-1][RemoteConfigRepository.java:194] - Load config failed, will retry in 1 SECONDS. appId: repayment-service, cluster: DEFAULT, namespaces: application
[Repayment-Service][53080] 2022-07-09 16:53:53,961 WARN [Apollo-RemoteConfigRepository-1][AbstractConfigRepository.java:26] - Sync config failed, will retry. Repository class com.ctrip.framework.apollo.internals.RemoteConfigRepository, reason: Load Apollo Config failed - appId: repayment-service, cluster: DEFAULT, namespace: application, url: http://192.168.1.4:8080/configs/repayment-service/DEFAULT/application?ip=172.26.144.1&messages=%7B%22details%22%3A%7B%22repayment-service%2Bdefault%2Bapplication%22%3A318%7D%7D [Cause: [status code: 404] Could not find config for namespace - appId: repayment-service, cluster: DEFAULT, namespace: application, please check whether the configs are released in Apollo!]
[Repayment-Service][53080] 2022-07-09 16:53:54,230 INFO [NettyClientSelector_1][Slf4jLoggerFactory.java:95] - closeChannel: close the connection to remote address[] result: true
[Repayment-Service][53080] 2022-07-09 16:53:59,134 WARN [Apollo-RemoteConfigRepository-1][RemoteConfigRepository.java:194] - Load config failed, will retry in 1 SECONDS. appId: repayment-service, cluster: DEFAULT, namespaces: micro_service.spring-cloud-feign
[Repayment-Service][53080] 2022-07-09 16:54:00,126 INFO [hmilyTransaction-tccRollBackService-1][LogUtil.java:87] - rollback execute delayTime:60
[Repayment-Service][53080] 2022-07-09 16:54:00,149 WARN [Apollo-RemoteConfigRepository-1][AbstractConfigRepository.java:26] - Sync config failed, will retry. Repository class com.ctrip.framework.apollo.internals.RemoteConfigRepository, reason: Load Apollo Config failed - appId: repayment-service, cluster: DEFAULT, namespace: micro_service.spring-cloud-feign, url: http://192.168.1.4:8080/configs/repayment-service/DEFAULT/micro_service.spring-cloud-feign?ip=172.26.144.1&messages=%7B%22details%22%3A%7B%22common-template%2Bdefault%2Bmicro_service.spring-cloud-feign%22%3A403%2C%22repayment-service%2Bdefault%2Bmicro_service.spring-cloud-feign%22%3A323%7D%7D [Cause: [status code: 404] Could not find config for namespace - appId: repayment-service, cluster: DEFAULT, namespace: micro_service.spring-cloud-feign, please check whether the configs are released in Apollo!]
[Repayment-Service][53080] 2022-07-09 16:54:10,169 INFO [NettyClientSelector_1][Slf4jLoggerFactory.java:95] - closeChannel: close the connection to remote address[] result: true
[Repayment-Service][53080] 2022-07-09 16:54:12,190 INFO [NettyClientSelector_1][Slf4jLoggerFactory.java:95] - closeChannel: close the connection to remote address[] result: true
[Repayment-Service][53080] 2022-07-09 16:54:17,957 INFO [NettyClientSelector_1][Slf4jLoggerFactory.java:95] - closeChannel: close the connection to remote address[] result: true
[Repayment-Service][53080] 2022-07-09 16:54:20,014 INFO [NettyClientSelector_1][Slf4jLoggerFactory.java:95] - closeChannel: close the connection to remote address[] result: true
[Repayment-Service][53080] 2022-07-09 16:54:21,471 INFO [NettyClientSelector_1][Slf4jLoggerFactory.java:95] - closeChannel: close the connection to remote address[] result: true
[Repayment-Service][53080] 2022-07-09 16:54:22,037 INFO [NettyClientSelector_1][Slf4jLoggerFactory.java:95] - closeChannel: close the connection to remote address[] result: true
[Repayment-Service][53080] 2022-07-09 16:54:34,223 INFO [NettyClientSelector_1][Slf4jLoggerFactory.java:95] - closeChannel: close the connection to remote address[] result: true
[Repayment-Service][53080] 2022-07-09 16:54:36,264 INFO [NettyClientSelector_1][Slf4jLoggerFactory.java:95] - closeChannel: close the connection to remote address[] result: true
[Repayment-Service][53080] 2022-07-09 16:54:43,211 INFO [AsyncResolver-bootstrap-executor-0][ConfigClusterResolver.java:43] - Resolving eureka endpoints via configuration
[Repayment-Service][53080] 2022-07-09 16:54:47,955 INFO [NettyClientSelector_1][Slf4jLoggerFactory.java:95] - closeChannel: close the connection to remote address[] result: true
[Repayment-Service][53080] 2022-07-09 16:54:50,001 INFO [NettyClientSelector_1][Slf4jLoggerFactory.java:95] - closeChannel: close the connection to remote address[] result: true
[Repayment-Service][53080] 2022-07-09 16:54:51,480 INFO [NettyClientSelector_1][Slf4jLoggerFactory.java:95] - closeChannel: close the connection to remote address[] result: true
[Repayment-Service][53080] 2022-07-09 16:54:52,055 INFO [NettyClientSelector_1][Slf4jLoggerFactory.java:95] - closeChannel: close the connection to remote address[] result: true
[Repayment-Service][53080] 2022-07-09 16:54:58,327 INFO [NettyClientSelector_1][Slf4jLoggerFactory.java:95] - closeChannel: close the connection to remote address[] result: true
[Repayment-Service][53080] 2022-07-09 16:55:00,143 INFO [hmilyTransaction-tccRollBackService-1][LogUtil.java:87] - rollback execute delayTime:60
[Repayment-Service][53080] 2022-07-09 16:55:00,348 INFO [NettyClientSelector_1][Slf4jLoggerFactory.java:95] - closeChannel: close the connection to remote address[] result: true
[Repayment-Service][53080] 2022-07-09 16:55:17,946 INFO [NettyClientSelector_1][Slf4jLoggerFactory.java:95] - closeChannel: close the connection to remote address[] result: true
[Repayment-Service][53080] 2022-07-09 16:55:19,988 INFO [NettyClientSelector_1][Slf4jLoggerFactory.java:95] - closeChannel: close the connection to remote address[] result: true
[Repayment-Service][53080] 2022-07-09 16:55:21,472 INFO [NettyClientSelector_1][Slf4jLoggerFactory.java:95] - closeChannel: close the connection to remote address[] result: true
[Repayment-Service][53080] 2022-07-09 16:55:22,006 INFO [NettyClientSelector_1][Slf4jLoggerFactory.java:95] - closeChannel: close the connection to remote address[] result: true
[Repayment-Service][53080] 2022-07-09 16:55:24,054 INFO [NettyClientSelector_1][Slf4jLoggerFactory.java:95] - closeChannel: close the connection to remote address[] result: true
[Repayment-Service][53080] 2022-07-09 16:55:26,103 INFO [NettyClientSelector_1][Slf4jLoggerFactory.java:95] - closeChannel: close the connection to remote address[] result: true
[Repayment-Service][53080] 2022-07-09 16:55:47,951 INFO [NettyClientSelector_1][Slf4jLoggerFactory.java:95] - closeChannel: close the connection to remote address[] result: true
[Repayment-Service][53080] 2022-07-09 16:55:49,983 INFO [NettyClientSelector_1][Slf4jLoggerFactory.java:95] - closeChannel: close the connection to remote address[] result: true
[Repayment-Service][53080] 2022-07-09 16:55:51,468 INFO [NettyClientSelector_1][Slf4jLoggerFactory.java:95] - closeChannel: close the connection to remote address[] result: true
[Repayment-Service][53080] 2022-07-09 16:55:52,093 INFO [NettyClientSelector_1][Slf4jLoggerFactory.java:95] - closeChannel: close the connection to remote address[] result: true
[Repayment-Service][53080] 2022-07-09 16:55:54,140 INFO [NettyClientSelector_1][Slf4jLoggerFactory.java:95] - closeChannel: close the connection to remote address[] result: true
[Repayment-Service][53080] 2022-07-09 16:56:00,159 INFO [hmilyTransaction-tccRollBackService-1][LogUtil.java:87] - rollback execute delayTime:60
[Repayment-Service][53080] 2022-07-09 16:56:16,177 INFO [NettyClientSelector_1][Slf4jLoggerFactory.java:95] - closeChannel: close the connection to remote address[] result: true
[Repayment-Service][53080] 2022-07-09 16:56:18,218 INFO [NettyClientSelector_1][Slf4jLoggerFactory.java:95] - closeChannel: close the connection to remote address[] result: true
[Repayment-Service][53080] 2022-07-09 16:56:20,241 INFO [NettyClientSelector_1][Slf4jLoggerFactory.java:95] - closeChannel: close the connection to remote address[] result: true
[Repayment-Service][53080] 2022-07-09 16:56:21,463 INFO [NettyClientSelector_1][Slf4jLoggerFactory.java:95] - closeChannel: close the connection to remote address[] result: true
[Repayment-Service][53080] 2022-07-09 16:56:22,274 INFO [NettyClientSelector_1][Slf4jLoggerFactory.java:95] - closeChannel: close the connection to remote address[] result: true
[Repayment-Service][53080] 2022-07-09 16:56:41,216 INFO [NettyClientSelector_1][Slf4jLoggerFactory.java:95] - closeChannel: close the connection to remote address[] result: true
[Repayment-Service][53080] 2022-07-09 16:56:43,241 INFO [NettyClientSelector_1][Slf4jLoggerFactory.java:95] - closeChannel: close the connection to remote address[] result: true
[Repayment-Service][53080] 2022-07-09 16:56:47,946 INFO [NettyClientSelector_1][Slf4jLoggerFactory.java:95] - closeChannel: close the connection to remote address[] result: true
[Repayment-Service][53080] 2022-07-09 16:56:49,969 INFO [NettyClientSelector_1][Slf4jLoggerFactory.java:95] - closeChannel: close the connection to remote address[] result: true
[Repayment-Service][53080] 2022-07-09 16:56:51,461 INFO [NettyClientSelector_1][Slf4jLoggerFactory.java:95] - closeChannel: close the connection to remote address[] result: true
[Repayment-Service][53080] 2022-07-09 16:56:51,997 INFO [NettyClientSelector_1][Slf4jLoggerFactory.java:95] - closeChannel: close the connection to remote address[] result: true
[Repayment-Service][53080] 2022-07-09 16:57:00,171 INFO [hmilyTransaction-tccRollBackService-1][LogUtil.java:87] - rollback execute delayTime:60
[Repayment-Service][53080] 2022-07-09 16:57:05,290 INFO [NettyClientSelector_1][Slf4jLoggerFactory.java:95] - closeChannel: close the connection to remote address[] result: true
[Repayment-Service][53080] 2022-07-09 16:57:07,319 INFO [NettyClientSelector_1][Slf4jLoggerFactory.java:95] - closeChannel: close the connection to remote address[] result: true
[Repayment-Service][53080] 2022-07-09 16:57:17,957 INFO [NettyClientSelector_1][Slf4jLoggerFactory.java:95] - closeChannel: close the connection to remote address[] result: true
[Repayment-Service][53080] 2022-07-09 16:57:19,984 INFO [NettyClientSelector_1][Slf4jLoggerFactory.java:95] - closeChannel: close the connection to remote address[] result: true
[Repayment-Service][53080] 2022-07-09 16:57:21,460 INFO [NettyClientSelector_1][Slf4jLoggerFactory.java:95] - closeChannel: close the connection to remote address[] result: true
[Repayment-Service][53080] 2022-07-09 16:57:22,009 INFO [NettyClientSelector_1][Slf4jLoggerFactory.java:95] - closeChannel: close the connection to remote address[] result: true
[Repayment-Service][53080] 2022-07-09 16:57:29,351 INFO [NettyClientSelector_1][Slf4jLoggerFactory.java:95] - closeChannel: close the connection to remote address[] result: true
[Repayment-Service][53080] 2022-07-09 16:57:31,372 INFO [NettyClientSelector_1][Slf4jLoggerFactory.java:95] - closeChannel: close the connection to remote address[] result: true
[Repayment-Service][53080] 2022-07-09 16:57:47,960 INFO [NettyClientSelector_1][Slf4jLoggerFactory.java:95] - closeChannel: close the connection to remote address[] result: true
[Repayment-Service][53080] 2022-07-09 16:57:49,982 INFO [NettyClientSelector_1][Slf4jLoggerFactory.java:95] - closeChannel: close the connection to remote address[] result: true
[Repayment-Service][53080] 2022-07-09 16:57:51,453 INFO [NettyClientSelector_1][Slf4jLoggerFactory.java:95] - closeChannel: close the connection to remote address[] result: true
[Repayment-Service][53080] 2022-07-09 16:57:52,009 INFO [NettyClientSelector_1][Slf4jLoggerFactory.java:95] - closeChannel: close the connection to remote address[] result: true
[Repayment-Service][53080] 2022-07-09 16:57:54,038 INFO [NettyClientSelector_1][Slf4jLoggerFactory.java:95] - closeChannel: close the connection to remote address[] result: true
[Repayment-Service][53080] 2022-07-09 16:57:56,059 INFO [NettyClientSelector_1][Slf4jLoggerFactory.java:95] - closeChannel: close the connection to remote address[] result: true
[Repayment-Service][53080] 2022-07-09 16:58:00,181 INFO [hmilyTransaction-tccRollBackService-1][LogUtil.java:87] - rollback execute delayTime:60
[Repayment-Service][53080] 2022-07-09 16:58:17,959 INFO [NettyClientSelector_1][Slf4jLoggerFactory.java:95] - closeChannel: close the connection to remote address[] result: true
[Repayment-Service][53080] 2022-07-09 16:58:19,982 INFO [NettyClientSelector_1][Slf4jLoggerFactory.java:95] - closeChannel: close the connection to remote address[] result: true
[Repayment-Service][53080] 2022-07-09 16:58:21,449 INFO [NettyClientSelector_1][Slf4jLoggerFactory.java:95] - closeChannel: close the connection to remote address[] result: true
[Repayment-Service][53080] 2022-07-09 16:58:22,024 INFO [NettyClientSelector_1][Slf4jLoggerFactory.java:95] - closeChannel: close the connection to remote address[] result: true
[Repayment-Service][53080] 2022-07-09 16:58:24,053 INFO [NettyClientSelector_1][Slf4jLoggerFactory.java:95] - closeChannel: close the connection to remote address[] result: true
[Repayment-Service][53080] 2022-07-09 16:58:46,070 INFO [NettyClientSelector_1][Slf4jLoggerFactory.java:95] - closeChannel: close the connection to remote address[] result: true
[Repayment-Service][53080] 2022-07-09 16:58:48,098 INFO [NettyClientSelector_1][Slf4jLoggerFactory.java:95] - closeChannel: close the connection to remote address[] result: true
[Repayment-Service][53080] 2022-07-09 16:58:50,110 INFO [NettyClientSelector_1][Slf4jLoggerFactory.java:95] - closeChannel: close the connection to remote address[] result: true
[Repayment-Service][53080] 2022-07-09 16:58:51,482 INFO [NettyClientSelector_1][Slf4jLoggerFactory.java:95] - closeChannel: close the connection to remote address[] result: true
[Repayment-Service][53080] 2022-07-09 16:58:52,138 INFO [NettyClientSelector_1][Slf4jLoggerFactory.java:95] - closeChannel: close the connection to remote address[] result: true
[Repayment-Service][53080] 2022-07-09 16:58:52,957 WARN [Apollo-RemoteConfigRepository-1][RemoteConfigRepository.java:194] - Load config failed, will retry in 1 SECONDS. appId: repayment-service, cluster: DEFAULT, namespaces: application
[Repayment-Service][53080] 2022-07-09 16:58:53,967 WARN [Apollo-RemoteConfigRepository-1][AbstractConfigRepository.java:26] - Sync config failed, will retry. Repository class com.ctrip.framework.apollo.internals.RemoteConfigRepository, reason: Load Apollo Config failed - appId: repayment-service, cluster: DEFAULT, namespace: application, url: http://192.168.1.4:8080/configs/repayment-service/DEFAULT/application?ip=172.26.144.1&messages=%7B%22details%22%3A%7B%22repayment-service%2Bdefault%2Bapplication%22%3A318%7D%7D [Cause: [status code: 404] Could not find config for namespace - appId: repayment-service, cluster: DEFAULT, namespace: application, please check whether the configs are released in Apollo!]
[Repayment-Service][53080] 2022-07-09 16:58:59,136 WARN [Apollo-RemoteConfigRepository-1][RemoteConfigRepository.java:194] - Load config failed, will retry in 1 SECONDS. appId: repayment-service, cluster: DEFAULT, namespaces: micro_service.spring-cloud-feign
[Repayment-Service][53080] 2022-07-09 16:59:00,149 WARN [Apollo-RemoteConfigRepository-1][AbstractConfigRepository.java:26] - Sync config failed, will retry. Repository class com.ctrip.framework.apollo.internals.RemoteConfigRepository, reason: Load Apollo Config failed - appId: repayment-service, cluster: DEFAULT, namespace: micro_service.spring-cloud-feign, url: http://192.168.1.4:8080/configs/repayment-service/DEFAULT/micro_service.spring-cloud-feign?ip=172.26.144.1&messages=%7B%22details%22%3A%7B%22common-template%2Bdefault%2Bmicro_service.spring-cloud-feign%22%3A403%2C%22repayment-service%2Bdefault%2Bmicro_service.spring-cloud-feign%22%3A323%7D%7D [Cause: [status code: 404] Could not find config for namespace - appId: repayment-service, cluster: DEFAULT, namespace: micro_service.spring-cloud-feign, please check whether the configs are released in Apollo!]
[Repayment-Service][53080] 2022-07-09 16:59:00,189 INFO [hmilyTransaction-tccRollBackService-1][LogUtil.java:87] - rollback execute delayTime:60
[Repayment-Service][53080] 2022-07-09 16:59:11,113 INFO [NettyClientSelector_1][Slf4jLoggerFactory.java:95] - closeChannel: close the connection to remote address[] result: true
[Repayment-Service][53080] 2022-07-09 16:59:13,133 INFO [NettyClientSelector_1][Slf4jLoggerFactory.java:95] - closeChannel: close the connection to remote address[] result: true
[Repayment-Service][53080] 2022-07-09 16:59:17,945 INFO [NettyClientSelector_1][Slf4jLoggerFactory.java:95] - closeChannel: close the connection to remote address[] result: true
[Repayment-Service][53080] 2022-07-09 16:59:19,985 INFO [NettyClientSelector_1][Slf4jLoggerFactory.java:95] - closeChannel: close the connection to remote address[] result: true
[Repayment-Service][53080] 2022-07-09 16:59:21,452 INFO [NettyClientSelector_1][Slf4jLoggerFactory.java:95] - closeChannel: close the connection to remote address[] result: true
[Repayment-Service][53080] 2022-07-09 16:59:22,002 INFO [NettyClientSelector_1][Slf4jLoggerFactory.java:95] - closeChannel: close the connection to remote address[] result: true
[Repayment-Service][53080] 2022-07-09 16:59:35,189 INFO [NettyClientSelector_1][Slf4jLoggerFactory.java:95] - closeChannel: close the connection to remote address[] result: true
[Repayment-Service][53080] 2022-07-09 16:59:37,217 INFO [NettyClientSelector_1][Slf4jLoggerFactory.java:95] - closeChannel: close the connection to remote address[] result: true
[Repayment-Service][53080] 2022-07-09 16:59:43,216 INFO [AsyncResolver-bootstrap-executor-0][ConfigClusterResolver.java:43] - Resolving eureka endpoints via configuration
[Repayment-Service][53080] 2022-07-09 16:59:47,940 INFO [NettyClientSelector_1][Slf4jLoggerFactory.java:95] - closeChannel: close the connection to remote address[] result: true
[Repayment-Service][53080] 2022-07-09 16:59:49,970 INFO [NettyClientSelector_1][Slf4jLoggerFactory.java:95] - closeChannel: close the connection to remote address[] result: true
[Repayment-Service][53080] 2022-07-09 16:59:51,461 INFO [NettyClientSelector_1][Slf4jLoggerFactory.java:95] - closeChannel: close the connection to remote address[] result: true
[Repayment-Service][53080] 2022-07-09 16:59:51,993 INFO [NettyClientSelector_1][Slf4jLoggerFactory.java:95] - closeChannel: close the connection to remote address[] result: true
[Repayment-Service][53080] 2022-07-09 16:59:59,253 INFO [NettyClientSelector_1][Slf4jLoggerFactory.java:95] - closeChannel: close the connection to remote address[] result: true
