[${project.name}][${env:SERVER_PORT}] 2022-07-10 13:47:35,074 INFO [main][DefaultApplicationProvider.java:85] - App ID is set to gateway-server by app.id property from System Property
[${project.name}][${env:SERVER_PORT}] 2022-07-10 13:47:35,087 INFO [main][DefaultServerProvider.java:108] - Environment is set to [dev] by JVM system property 'env'.
[${project.name}][${env:SERVER_PORT}] 2022-07-10 13:47:35,168 WARN [main][DefaultMetaServerProvider.java:39] - Could not find meta server address, because it is not available in neither (1) JVM system property 'apollo.meta', (2) OS env variable 'APOLLO_META' (3) property 'apollo.meta' from server.properties nor (4) property 'apollo.meta' from app.properties
[${project.name}][${env:SERVER_PORT}] 2022-07-10 13:47:35,178 INFO [main][MetaDomainConsts.java:93] - Located meta server address http://localhost:8080 for env DEV from com.ctrip.framework.apollo.core.internals.LegacyMetaServerProvider
[${project.name}][${env:SERVER_PORT}] 2022-07-10 13:47:38,207 INFO [main][SpringApplication.java:675] - No active profile set, falling back to default profiles: default
[${project.name}][${env:SERVER_PORT}] 2022-07-10 13:47:39,773 INFO [main][RepositoryConfigurationDelegate.java:244] - Multiple Spring Data modules found, entering strict repository configuration mode!
[${project.name}][${env:SERVER_PORT}] 2022-07-10 13:47:39,779 INFO [main][RepositoryConfigurationDelegate.java:126] - Bootstrapping Spring Data repositories in DEFAULT mode.
[${project.name}][${env:SERVER_PORT}] 2022-07-10 13:47:39,835 INFO [main][RepositoryConfigurationDelegate.java:182] - Finished Spring Data repository scanning in 30ms. Found 0 repository interfaces.
[${project.name}][${env:SERVER_PORT}] 2022-07-10 13:47:40,123 WARN [main][EndpointId.java:135] - Endpoint ID 'service-registry' contains invalid characters, please migrate to a valid format.
[${project.name}][${env:SERVER_PORT}] 2022-07-10 13:47:40,144 WARN [main][EndpointId.java:135] - Endpoint ID 'hystrix.stream' contains invalid characters, please migrate to a valid format.
[${project.name}][${env:SERVER_PORT}] 2022-07-10 13:47:40,365 INFO [main][ConfigurationClassPostProcessor.java:380] - Cannot enhance @Configuration bean definition 'com.ctrip.framework.apollo.spring.boot.ApolloAutoConfiguration' since its singleton instance has been created too early. The typical cause is a non-static @Bean method with a BeanDefinitionRegistryPostProcessor return type: Consider declaring such methods as 'static'.
[${project.name}][${env:SERVER_PORT}] 2022-07-10 13:47:40,622 INFO [main][GenericScope.java:294] - BeanFactory id=9f4121e7-0f1a-30c6-9891-83db211aa764
[${project.name}][${env:SERVER_PORT}] 2022-07-10 13:47:40,662 WARN [main][PropertySourcesDeducer.java:75] - Multiple PropertySourcesPlaceholderConfigurer beans registered [propertySourcesPlaceholderConfigurer, org.springframework.context.support.PropertySourcesPlaceholderConfigurer], falling back to Environment
[${project.name}][${env:SERVER_PORT}] 2022-07-10 13:47:41,121 INFO [main][PostProcessorRegistrationDelegate.java:330] - Bean 'org.springframework.cloud.autoconfigure.ConfigurationPropertiesRebinderAutoConfiguration' of type [org.springframework.cloud.autoconfigure.ConfigurationPropertiesRebinderAutoConfiguration$$EnhancerBySpringCGLIB$$e5f40102] is not eligible for getting processed by all BeanPostProcessors (for example: not eligible for auto-proxying)
[${project.name}][${env:SERVER_PORT}] 2022-07-10 13:47:41,826 INFO [main][TomcatWebServer.java:90] - Tomcat initialized with port(s): 53010 (http)
[${project.name}][${env:SERVER_PORT}] 2022-07-10 13:47:41,858 INFO [main][DirectJDKLog.java:173] - Initializing ProtocolHandler ["http-nio-53010"]
[${project.name}][${env:SERVER_PORT}] 2022-07-10 13:47:41,873 INFO [main][DirectJDKLog.java:173] - Starting service [Tomcat]
[${project.name}][${env:SERVER_PORT}] 2022-07-10 13:47:41,874 INFO [main][DirectJDKLog.java:173] - Starting Servlet engine: [Apache Tomcat/9.0.16]
[${project.name}][${env:SERVER_PORT}] 2022-07-10 13:47:41,890 INFO [main][DirectJDKLog.java:173] - The APR based Apache Tomcat Native library which allows optimal performance in production environments was not found on the java.library.path: [E:\jdk1.8.0_161\bin;C:\WINDOWS\Sun\Java\bin;C:\WINDOWS\system32;C:\WINDOWS;E:\Ruby26-x64\bin;C:\Program Files (x86)\Common Files\Oracle\Java\javapath;C:\Program Files\VanDyke Software\Clients\;E:\Anaconda;E:\Anaconda\Library\mingw-w64\bin;E:\Anaconda\Library\usr\bin;E:\Anaconda\Library\bin;E:\Anaconda\Scripts;C:\WINDOWS\system32;C:\WINDOWS;C:\WINDOWS\System32\Wbem;C:\WINDOWS\System32\WindowsPowerShell\v1.0\;C:\WINDOWS\System32\OpenSSH\;E:\mysql-5.7.20-winx64\bin;C:\Program Files\dotnet\;E:\nodejs\;C:\Users\Administrator\AppData\Roaming\npm;E:\nodejs\node_global\;C:\Program Files (x86)\Common Files\Thunder Network\KanKan\Codecs;E:\spark-2.1.1-hadoop2.7\bin;D:\Android\Sdk\platform-tools;E:\TortoiseSVN\bin;E:\TortoiseSVN\bin;E:\Subversion\bin;C:\Program Files\Docker\Docker\resources\bin;C:\ProgramData\DockerDesktop\version-bin;E:\CMake\bin;C:\mingw64\bin;E:\scala-2.12.15\bin;C:\Program Files (x86)\scala\bin;E:\spark\bin;E:\spark-2.1.1-hadoop2.7\bin;E:\NetSarang\Xshell 7\;E:\NetSarang\Xftp 7\;C:\Program Files\Git\cmd;E:\apache-maven-3.6.3\bin;E:\jdk1.8.0_161\bin;C:\Users\Administrator\AppData\Local\Microsoft\WindowsApps;E:\IntelliJ IDEA\bin;;C:\Users\Administrator\AppData\Roaming\npm;E:\nodejs\node_global\;C:\Users\Administrator\.dotnet\tools;C:\Users\Administrator\AppData\Local\GitHubDesktop\bin;E:\Microsoft VS Code\bin;.]
[${project.name}][${env:SERVER_PORT}] 2022-07-10 13:47:42,206 INFO [main][DirectJDKLog.java:173] - Initializing Spring embedded WebApplicationContext
[${project.name}][${env:SERVER_PORT}] 2022-07-10 13:47:42,206 INFO [main][ServletWebServerApplicationContext.java:296] - Root WebApplicationContext: initialization completed in 3970 ms
[${project.name}][${env:SERVER_PORT}] 2022-07-10 13:47:42,449 WARN [main][URLConfigurationSource.java:121] - No URLs will be polled as dynamic configuration sources.
[${project.name}][${env:SERVER_PORT}] 2022-07-10 13:47:42,451 INFO [main][URLConfigurationSource.java:122] - To enable URLs as dynamic configuration sources, define System property archaius.configurationSource.additionalUrls or make config.properties available on classpath.
[${project.name}][${env:SERVER_PORT}] 2022-07-10 13:47:42,488 INFO [main][DynamicPropertyFactory.java:281] - DynamicPropertyFactory is initialized with configuration sources: com.netflix.config.ConcurrentCompositeConfiguration@12192604
[${project.name}][${env:SERVER_PORT}] 2022-07-10 13:47:49,250 WARN [main][JwtAccessTokenConverter.java:302] - Unable to create an RSA verifier from verifierKey (ignoreable if using MAC)
[${project.name}][${env:SERVER_PORT}] 2022-07-10 13:47:49,414 WARN [main][URLConfigurationSource.java:121] - No URLs will be polled as dynamic configuration sources.
[${project.name}][${env:SERVER_PORT}] 2022-07-10 13:47:49,414 INFO [main][URLConfigurationSource.java:122] - To enable URLs as dynamic configuration sources, define System property archaius.configurationSource.additionalUrls or make config.properties available on classpath.
[${project.name}][${env:SERVER_PORT}] 2022-07-10 13:47:49,703 INFO [main][ExecutorConfigurationSupport.java:171] - Initializing ExecutorService 'applicationTaskExecutor'
[${project.name}][${env:SERVER_PORT}] 2022-07-10 13:47:50,270 INFO [main][UserDetailsServiceAutoConfiguration.java:86] - 

Using generated security password: 281a032d-f534-4f3f-814d-da2f12d45780

[${project.name}][${env:SERVER_PORT}] 2022-07-10 13:47:50,516 INFO [main][DefaultSecurityFilterChain.java:43] - Creating filter chain: any request, [org.springframework.security.web.context.request.async.WebAsyncManagerIntegrationFilter@71316cd7, org.springframework.security.web.context.SecurityContextPersistenceFilter@5e6522a6, org.springframework.security.web.header.HeaderWriterFilter@3ee258, org.springframework.security.web.authentication.logout.LogoutFilter@218f2f51, org.springframework.security.oauth2.provider.authentication.OAuth2AuthenticationProcessingFilter@5855b0ed, org.springframework.security.web.savedrequest.RequestCacheAwareFilter@c4551c6, org.springframework.security.web.servletapi.SecurityContextHolderAwareRequestFilter@5f166f2e, org.springframework.security.web.authentication.AnonymousAuthenticationFilter@6106dfb6, org.springframework.security.web.session.SessionManagementFilter@bb50de6, org.springframework.security.web.access.ExceptionTranslationFilter@2c54c497, org.springframework.security.web.access.intercept.FilterSecurityInterceptor@120d6cbf]
[${project.name}][${env:SERVER_PORT}] 2022-07-10 13:47:50,733 INFO [main][EndpointLinksResolver.java:59] - Exposing 2 endpoint(s) beneath base path '/actuator'
[${project.name}][${env:SERVER_PORT}] 2022-07-10 13:47:52,166 INFO [main][ZuulFilterInitializer.java:65] - Starting filter initializer
[${project.name}][${env:SERVER_PORT}] 2022-07-10 13:47:52,620 INFO [main][InstanceInfoFactory.java:71] - Setting initial instance status as: STARTING
[${project.name}][${env:SERVER_PORT}] 2022-07-10 13:47:52,687 INFO [main][DiscoveryClient.java:349] - Initializing Eureka in region us-east-1
[${project.name}][${env:SERVER_PORT}] 2022-07-10 13:47:52,793 INFO [main][DiscoveryJerseyProvider.java:70] - Using JSON encoding codec LegacyJacksonJson
[${project.name}][${env:SERVER_PORT}] 2022-07-10 13:47:52,794 INFO [main][DiscoveryJerseyProvider.java:71] - Using JSON decoding codec LegacyJacksonJson
[${project.name}][${env:SERVER_PORT}] 2022-07-10 13:47:53,001 INFO [main][DiscoveryJerseyProvider.java:80] - Using XML encoding codec XStreamXml
[${project.name}][${env:SERVER_PORT}] 2022-07-10 13:47:53,001 INFO [main][DiscoveryJerseyProvider.java:81] - Using XML decoding codec XStreamXml
[${project.name}][${env:SERVER_PORT}] 2022-07-10 13:47:53,414 INFO [main][ConfigClusterResolver.java:43] - Resolving eureka endpoints via configuration
[${project.name}][${env:SERVER_PORT}] 2022-07-10 13:47:54,423 INFO [main][DiscoveryClient.java:958] - Disable delta property : false
[${project.name}][${env:SERVER_PORT}] 2022-07-10 13:47:54,424 INFO [main][DiscoveryClient.java:959] - Single vip registry refresh property : null
[${project.name}][${env:SERVER_PORT}] 2022-07-10 13:47:54,424 INFO [main][DiscoveryClient.java:960] - Force full registry fetch : false
[${project.name}][${env:SERVER_PORT}] 2022-07-10 13:47:54,424 INFO [main][DiscoveryClient.java:961] - Application is null : false
[${project.name}][${env:SERVER_PORT}] 2022-07-10 13:47:54,425 INFO [main][DiscoveryClient.java:962] - Registered Applications size is zero : true
[${project.name}][${env:SERVER_PORT}] 2022-07-10 13:47:54,425 INFO [main][DiscoveryClient.java:964] - Application version is -1: true
[${project.name}][${env:SERVER_PORT}] 2022-07-10 13:47:54,425 INFO [main][DiscoveryClient.java:1047] - Getting all instance registry info from the eureka server
[${project.name}][${env:SERVER_PORT}] 2022-07-10 13:47:54,808 INFO [main][DiscoveryClient.java:1056] - The response status is 200
[${project.name}][${env:SERVER_PORT}] 2022-07-10 13:47:54,813 INFO [main][DiscoveryClient.java:1270] - Starting heartbeat executor: renew interval is: 30
[${project.name}][${env:SERVER_PORT}] 2022-07-10 13:47:54,821 INFO [main][InstanceInfoReplicator.java:60] - InstanceInfoReplicator onDemand update allowed rate per min is 4
[${project.name}][${env:SERVER_PORT}] 2022-07-10 13:47:54,828 INFO [main][DiscoveryClient.java:449] - Discovery Client initialized at timestamp 1657432074826 with initial instances count: 0
[${project.name}][${env:SERVER_PORT}] 2022-07-10 13:47:54,831 INFO [main][EurekaServiceRegistry.java:42] - Registering application GATEWAY-SERVER with eureka with status UP
[${project.name}][${env:SERVER_PORT}] 2022-07-10 13:47:54,833 INFO [main][DiscoveryClient.java:1305] - Saw local status change event StatusChangeEvent [timestamp=1657432074832, current=UP, previous=STARTING]
[${project.name}][${env:SERVER_PORT}] 2022-07-10 13:47:54,838 INFO [DiscoveryClient-InstanceInfoReplicator-0][DiscoveryClient.java:826] - DiscoveryClient_GATEWAY-SERVER/gateway-server:127.0.0.1:53010: registering service...
[${project.name}][${env:SERVER_PORT}] 2022-07-10 13:47:54,869 INFO [main][DirectJDKLog.java:173] - Starting ProtocolHandler ["http-nio-53010"]
[${project.name}][${env:SERVER_PORT}] 2022-07-10 13:47:54,933 INFO [main][TomcatWebServer.java:204] - Tomcat started on port(s): 53010 (http) with context path ''
[${project.name}][${env:SERVER_PORT}] 2022-07-10 13:47:54,936 INFO [main][EurekaAutoServiceRegistration.java:141] - Updating port to 53010
[${project.name}][${env:SERVER_PORT}] 2022-07-10 13:47:54,941 INFO [main][StartupInfoLogger.java:59] - Started GatewayServer in 31.543 seconds (JVM running for 35.977)
[${project.name}][${env:SERVER_PORT}] 2022-07-10 13:47:55,050 INFO [DiscoveryClient-InstanceInfoReplicator-0][DiscoveryClient.java:835] - DiscoveryClient_GATEWAY-SERVER/gateway-server:127.0.0.1:53010 - registration status: 204
[${project.name}][${env:SERVER_PORT}] 2022-07-10 13:47:57,649 INFO [RMI TCP Connection(10)-172.26.144.1][DirectJDKLog.java:173] - Initializing Spring DispatcherServlet 'dispatcherServlet'
[${project.name}][${env:SERVER_PORT}] 2022-07-10 13:47:57,650 INFO [RMI TCP Connection(10)-172.26.144.1][FrameworkServlet.java:524] - Initializing Servlet 'dispatcherServlet'
[${project.name}][${env:SERVER_PORT}] 2022-07-10 13:47:57,673 INFO [RMI TCP Connection(10)-172.26.144.1][FrameworkServlet.java:546] - Completed initialization in 23 ms
[${project.name}][${env:SERVER_PORT}] 2022-07-10 13:47:58,006 INFO [RMI TCP Connection(9)-172.26.144.1][EpollProvider.java:68] - Starting without optional epoll library
[${project.name}][${env:SERVER_PORT}] 2022-07-10 13:47:58,012 INFO [RMI TCP Connection(9)-172.26.144.1][KqueueProvider.java:70] - Starting without optional kqueue library
[${project.name}][${env:SERVER_PORT}] 2022-07-10 13:48:24,819 INFO [DiscoveryClient-CacheRefreshExecutor-0][DiscoveryClient.java:958] - Disable delta property : false
[${project.name}][${env:SERVER_PORT}] 2022-07-10 13:48:24,820 INFO [DiscoveryClient-CacheRefreshExecutor-0][DiscoveryClient.java:959] - Single vip registry refresh property : null
[${project.name}][${env:SERVER_PORT}] 2022-07-10 13:48:24,820 INFO [DiscoveryClient-CacheRefreshExecutor-0][DiscoveryClient.java:960] - Force full registry fetch : false
[${project.name}][${env:SERVER_PORT}] 2022-07-10 13:48:24,821 INFO [DiscoveryClient-CacheRefreshExecutor-0][DiscoveryClient.java:961] - Application is null : false
[${project.name}][${env:SERVER_PORT}] 2022-07-10 13:48:24,821 INFO [DiscoveryClient-CacheRefreshExecutor-0][DiscoveryClient.java:962] - Registered Applications size is zero : true
[${project.name}][${env:SERVER_PORT}] 2022-07-10 13:48:24,822 INFO [DiscoveryClient-CacheRefreshExecutor-0][DiscoveryClient.java:964] - Application version is -1: false
[${project.name}][${env:SERVER_PORT}] 2022-07-10 13:48:24,823 INFO [DiscoveryClient-CacheRefreshExecutor-0][DiscoveryClient.java:1047] - Getting all instance registry info from the eureka server
[${project.name}][${env:SERVER_PORT}] 2022-07-10 13:48:24,886 INFO [DiscoveryClient-CacheRefreshExecutor-0][DiscoveryClient.java:1056] - The response status is 200
[${project.name}][${env:SERVER_PORT}] 2022-07-10 13:51:46,839 INFO [http-nio-53010-exec-1][ChainedDynamicProperty.java:115] - Flipping property: consumer-service.ribbon.ActiveConnectionsLimit to use NEXT property: niws.loadbalancer.availabilityFilteringRule.activeConnectionsLimit = 2147483647
[${project.name}][${env:SERVER_PORT}] 2022-07-10 13:51:46,867 INFO [http-nio-53010-exec-1][ShutdownEnabledTimer.java:58] - Shutdown hook installed for: NFLoadBalancer-PingTimer-consumer-service
[${project.name}][${env:SERVER_PORT}] 2022-07-10 13:51:46,869 INFO [http-nio-53010-exec-1][BaseLoadBalancer.java:197] - Client: consumer-service instantiated a LoadBalancer: DynamicServerListLoadBalancer:{NFLoadBalancer:name=consumer-service,current list of Servers=[],Load balancer stats=Zone stats: {},Server stats: []}ServerList:null
[${project.name}][${env:SERVER_PORT}] 2022-07-10 13:51:46,879 INFO [http-nio-53010-exec-1][DynamicServerListLoadBalancer.java:222] - Using serverListUpdater PollingServerListUpdater
[${project.name}][${env:SERVER_PORT}] 2022-07-10 13:51:46,905 INFO [http-nio-53010-exec-1][ChainedDynamicProperty.java:115] - Flipping property: consumer-service.ribbon.ActiveConnectionsLimit to use NEXT property: niws.loadbalancer.availabilityFilteringRule.activeConnectionsLimit = 2147483647
[${project.name}][${env:SERVER_PORT}] 2022-07-10 13:51:46,908 INFO [http-nio-53010-exec-1][DynamicServerListLoadBalancer.java:150] - DynamicServerListLoadBalancer for client consumer-service initialized: DynamicServerListLoadBalancer:{NFLoadBalancer:name=consumer-service,current list of Servers=[192.168.1.4:53050],Load balancer stats=Zone stats: {defaultzone=[Zone:defaultzone;	Instance count:1;	Active connections count: 0;	Circuit breaker tripped count: 0;	Active connections per server: 0.0;]
},Server stats: [[Server:192.168.1.4:53050;	Zone:defaultZone;	Total Requests:0;	Successive connection failure:0;	Total blackout seconds:0;	Last connection made:Thu Jan 01 08:00:00 CST 1970;	First connection made: Thu Jan 01 08:00:00 CST 1970;	Active Connections:0;	total failure count in last (1000) msecs:0;	average resp time:0.0;	90 percentile resp time:0.0;	95 percentile resp time:0.0;	min resp time:0.0;	max resp time:0.0;	stddev resp time:0.0]
]}ServerList:org.springframework.cloud.netflix.ribbon.eureka.DomainExtractingServerList@2eed0a9d
[${project.name}][${env:SERVER_PORT}] 2022-07-10 13:51:47,892 INFO [PollingServerListUpdater-0][ChainedDynamicProperty.java:115] - Flipping property: consumer-service.ribbon.ActiveConnectionsLimit to use NEXT property: niws.loadbalancer.availabilityFilteringRule.activeConnectionsLimit = 2147483647
[${project.name}][${env:SERVER_PORT}] 2022-07-10 13:52:54,437 INFO [AsyncResolver-bootstrap-executor-0][ConfigClusterResolver.java:43] - Resolving eureka endpoints via configuration
[${project.name}][${env:SERVER_PORT}] 2022-07-10 13:57:54,452 INFO [AsyncResolver-bootstrap-executor-0][ConfigClusterResolver.java:43] - Resolving eureka endpoints via configuration
