[AccountService][53030] 2022-07-10 16:31:28,036 INFO [main][DefaultApplicationProvider.java:85] - App ID is set to account-service by app.id property from System Property
[AccountService][53030] 2022-07-10 16:31:28,049 INFO [main][DefaultServerProvider.java:108] - Environment is set to [dev] by JVM system property 'env'.
[AccountService][53030] 2022-07-10 16:31:28,202 WARN [main][DefaultMetaServerProvider.java:39] - Could not find meta server address, because it is not available in neither (1) JVM system property 'apollo.meta', (2) OS env variable 'APOLLO_META' (3) property 'apollo.meta' from server.properties nor (4) property 'apollo.meta' from app.properties
[AccountService][53030] 2022-07-10 16:31:28,215 INFO [main][MetaDomainConsts.java:93] - Located meta server address http://localhost:8080 for env DEV from com.ctrip.framework.apollo.core.internals.LegacyMetaServerProvider
[AccountService][53030] 2022-07-10 16:31:34,706 INFO [main][SpringApplication.java:675] - No active profile set, falling back to default profiles: default
[AccountService][53030] 2022-07-10 16:31:40,539 INFO [main][RepositoryConfigurationDelegate.java:244] - Multiple Spring Data modules found, entering strict repository configuration mode!
[AccountService][53030] 2022-07-10 16:31:40,544 INFO [main][RepositoryConfigurationDelegate.java:126] - Bootstrapping Spring Data repositories in DEFAULT mode.
[AccountService][53030] 2022-07-10 16:31:40,639 INFO [main][RepositoryConfigurationDelegate.java:182] - Finished Spring Data repository scanning in 74ms. Found 0 repository interfaces.
[AccountService][53030] 2022-07-10 16:31:40,667 INFO [main][RepositoryConfigurationDelegate.java:244] - Multiple Spring Data modules found, entering strict repository configuration mode!
[AccountService][53030] 2022-07-10 16:31:40,671 INFO [main][RepositoryConfigurationDelegate.java:126] - Bootstrapping Spring Data repositories in DEFAULT mode.
[AccountService][53030] 2022-07-10 16:31:40,718 INFO [main][RepositoryConfigurationDelegate.java:182] - Finished Spring Data repository scanning in 13ms. Found 0 repository interfaces.
[AccountService][53030] 2022-07-10 16:31:41,270 WARN [main][EndpointId.java:135] - Endpoint ID 'service-registry' contains invalid characters, please migrate to a valid format.
[AccountService][53030] 2022-07-10 16:31:41,661 INFO [main][ConfigurationClassPostProcessor.java:380] - Cannot enhance @Configuration bean definition 'com.ctrip.framework.apollo.spring.boot.ApolloAutoConfiguration' since its singleton instance has been created too early. The typical cause is a non-static @Bean method with a BeanDefinitionRegistryPostProcessor return type: Consider declaring such methods as 'static'.
[AccountService][53030] 2022-07-10 16:31:42,318 INFO [main][GenericScope.java:294] - BeanFactory id=4345df52-f211-3918-a911-b14b7743ce81
[AccountService][53030] 2022-07-10 16:31:42,409 WARN [main][PropertySourcesDeducer.java:75] - Multiple PropertySourcesPlaceholderConfigurer beans registered [propertySourcesPlaceholderConfigurer, org.springframework.context.support.PropertySourcesPlaceholderConfigurer], falling back to Environment
[AccountService][53030] 2022-07-10 16:31:42,627 INFO [main][PostProcessorRegistrationDelegate.java:330] - Bean 'com.alibaba.druid.spring.boot.autoconfigure.stat.DruidSpringAopConfiguration' of type [com.alibaba.druid.spring.boot.autoconfigure.stat.DruidSpringAopConfiguration] is not eligible for getting processed by all BeanPostProcessors (for example: not eligible for auto-proxying)
[AccountService][53030] 2022-07-10 16:31:42,934 INFO [main][PostProcessorRegistrationDelegate.java:330] - Bean 'org.springframework.transaction.annotation.ProxyTransactionManagementConfiguration' of type [org.springframework.transaction.annotation.ProxyTransactionManagementConfiguration$$EnhancerBySpringCGLIB$$36b660e5] is not eligible for getting processed by all BeanPostProcessors (for example: not eligible for auto-proxying)
[AccountService][53030] 2022-07-10 16:31:43,516 INFO [main][PostProcessorRegistrationDelegate.java:330] - Bean 'spring.datasource.druid-com.alibaba.druid.spring.boot.autoconfigure.properties.DruidStatProperties' of type [com.alibaba.druid.spring.boot.autoconfigure.properties.DruidStatProperties] is not eligible for getting processed by all BeanPostProcessors (for example: not eligible for auto-proxying)
[AccountService][53030] 2022-07-10 16:31:43,592 INFO [main][PostProcessorRegistrationDelegate.java:330] - Bean 'advisor' of type [org.springframework.aop.support.RegexpMethodPointcutAdvisor] is not eligible for getting processed by all BeanPostProcessors (for example: not eligible for auto-proxying)
[AccountService][53030] 2022-07-10 16:31:43,636 INFO [main][PostProcessorRegistrationDelegate.java:330] - Bean 'org.springframework.cloud.autoconfigure.ConfigurationPropertiesRebinderAutoConfiguration' of type [org.springframework.cloud.autoconfigure.ConfigurationPropertiesRebinderAutoConfiguration$$EnhancerBySpringCGLIB$$52d063e2] is not eligible for getting processed by all BeanPostProcessors (for example: not eligible for auto-proxying)
[AccountService][53030] 2022-07-10 16:31:45,101 INFO [main][TomcatWebServer.java:90] - Tomcat initialized with port(s): 53030 (http)
[AccountService][53030] 2022-07-10 16:31:45,181 INFO [main][DirectJDKLog.java:173] - Initializing ProtocolHandler ["http-nio-53030"]
[AccountService][53030] 2022-07-10 16:31:45,223 INFO [main][DirectJDKLog.java:173] - Starting service [Tomcat]
[AccountService][53030] 2022-07-10 16:31:45,225 INFO [main][DirectJDKLog.java:173] - Starting Servlet engine: [Apache Tomcat/9.0.16]
[AccountService][53030] 2022-07-10 16:31:45,262 INFO [main][DirectJDKLog.java:173] - The APR based Apache Tomcat Native library which allows optimal performance in production environments was not found on the java.library.path: [E:\jdk1.8.0_161\bin;C:\WINDOWS\Sun\Java\bin;C:\WINDOWS\system32;C:\WINDOWS;E:\Ruby26-x64\bin;C:\Program Files (x86)\Common Files\Oracle\Java\javapath;C:\Program Files\VanDyke Software\Clients\;E:\Anaconda;E:\Anaconda\Library\mingw-w64\bin;E:\Anaconda\Library\usr\bin;E:\Anaconda\Library\bin;E:\Anaconda\Scripts;C:\WINDOWS\system32;C:\WINDOWS;C:\WINDOWS\System32\Wbem;C:\WINDOWS\System32\WindowsPowerShell\v1.0\;C:\WINDOWS\System32\OpenSSH\;E:\mysql-5.7.20-winx64\bin;C:\Program Files\dotnet\;E:\nodejs\;C:\Users\Administrator\AppData\Roaming\npm;E:\nodejs\node_global\;C:\Program Files (x86)\Common Files\Thunder Network\KanKan\Codecs;E:\spark-2.1.1-hadoop2.7\bin;D:\Android\Sdk\platform-tools;E:\TortoiseSVN\bin;E:\TortoiseSVN\bin;E:\Subversion\bin;C:\Program Files\Docker\Docker\resources\bin;C:\ProgramData\DockerDesktop\version-bin;E:\CMake\bin;C:\mingw64\bin;E:\scala-2.12.15\bin;C:\Program Files (x86)\scala\bin;E:\spark\bin;E:\spark-2.1.1-hadoop2.7\bin;E:\NetSarang\Xshell 7\;E:\NetSarang\Xftp 7\;C:\Program Files\Git\cmd;E:\apache-maven-3.6.3\bin;E:\jdk1.8.0_161\bin;C:\Users\Administrator\AppData\Local\Microsoft\WindowsApps;E:\IntelliJ IDEA\bin;;C:\Users\Administrator\AppData\Roaming\npm;E:\nodejs\node_global\;C:\Users\Administrator\.dotnet\tools;C:\Users\Administrator\AppData\Local\GitHubDesktop\bin;E:\Microsoft VS Code\bin;.]
[AccountService][53030] 2022-07-10 16:31:45,827 INFO [main][DirectJDKLog.java:173] - Initializing Spring embedded WebApplicationContext
[AccountService][53030] 2022-07-10 16:31:45,828 INFO [main][ServletWebServerApplicationContext.java:296] - Root WebApplicationContext: initialization completed in 11029 ms
[AccountService][53030] 2022-07-10 16:31:46,252 WARN [main][URLConfigurationSource.java:121] - No URLs will be polled as dynamic configuration sources.
[AccountService][53030] 2022-07-10 16:31:46,253 INFO [main][URLConfigurationSource.java:122] - To enable URLs as dynamic configuration sources, define System property archaius.configurationSource.additionalUrls or make config.properties available on classpath.
[AccountService][53030] 2022-07-10 16:31:46,286 INFO [main][DynamicPropertyFactory.java:281] - DynamicPropertyFactory is initialized with configuration sources: com.netflix.config.ConcurrentCompositeConfiguration@7db791df
[AccountService][53030] 2022-07-10 16:31:46,601 INFO [main][DruidDataSourceAutoConfigure.java:56] - Init DruidDataSource
[AccountService][53030] 2022-07-10 16:31:48,398 INFO [main][DruidDataSource.java:1002] - {dataSource-1} inited
[AccountService][53030] 2022-07-10 16:32:00,846 INFO [main][AutowiredAnnotationBeanPostProcessor.java:342] - Inconsistent constructor declaration on bean with name 'hmilyAutoConfiguration': single autowire-marked constructor flagged as optional - this constructor is effectively required since there is no default constructor to fall back to: public org.dromara.hmily.spring.boot.starter.parent.configuration.HmilyAutoConfiguration$$EnhancerBySpringCGLIB$$63519f71(org.dromara.hmily.spring.boot.starter.parent.config.HmilyConfigProperties)
[AccountService][53030] 2022-07-10 16:32:02,847 INFO [main][EndpointLinksResolver.java:59] - Exposing 2 endpoint(s) beneath base path '/actuator'
[AccountService][53030] 2022-07-10 16:32:03,727 INFO [main][HikariDataSource.java:110] - HikariPool-1 - Starting...
[AccountService][53030] 2022-07-10 16:32:03,797 INFO [main][HikariDataSource.java:123] - HikariPool-1 - Start completed.
[AccountService][53030] 2022-07-10 16:32:03,922 INFO [main][HmilyLogo.java:49] - 


    __  __          _ __     
   / / / /___ ___  (_) /_  __
  / /_/ / __ `__ \/ / / / / /
 / __  / / / / / / / / /_/ / 
/_/ /_/_/ /_/ /_/_/_/\__, /  
                    /____/   

 :: Hmily :: (v2.0.0-RELEASE)

[AccountService][53030] 2022-07-10 16:32:04,033 INFO [main][PropertySourcedRequestMappingHandlerMapping.java:69] - Mapped URL path [/v2/api-docs] onto method [public org.springframework.http.ResponseEntity<springfox.documentation.spring.web.json.Json> springfox.documentation.swagger2.web.Swagger2Controller.getDocumentation(java.lang.String,javax.servlet.http.HttpServletRequest)]
[AccountService][53030] 2022-07-10 16:32:04,081 WARN [main][URLConfigurationSource.java:121] - No URLs will be polled as dynamic configuration sources.
[AccountService][53030] 2022-07-10 16:32:04,082 INFO [main][URLConfigurationSource.java:122] - To enable URLs as dynamic configuration sources, define System property archaius.configurationSource.additionalUrls or make config.properties available on classpath.
[AccountService][53030] 2022-07-10 16:32:04,620 INFO [main][ExecutorConfigurationSupport.java:171] - Initializing ExecutorService 'applicationTaskExecutor'
[AccountService][53030] 2022-07-10 16:32:12,151 WARN [main][EurekaStarterDeprecationWarningAutoConfiguration.java:19] - spring-cloud-starter-eureka is deprecated as of Spring Cloud Netflix 1.4.0, please migrate to spring-cloud-starter-netflix-eureka
[AccountService][53030] 2022-07-10 16:32:12,588 INFO [main][InstanceInfoFactory.java:71] - Setting initial instance status as: STARTING
[AccountService][53030] 2022-07-10 16:32:12,808 INFO [main][DiscoveryClient.java:349] - Initializing Eureka in region us-east-1
[AccountService][53030] 2022-07-10 16:32:17,373 INFO [main][DiscoveryJerseyProvider.java:70] - Using JSON encoding codec LegacyJacksonJson
[AccountService][53030] 2022-07-10 16:32:17,374 INFO [main][DiscoveryJerseyProvider.java:71] - Using JSON decoding codec LegacyJacksonJson
[AccountService][53030] 2022-07-10 16:32:17,997 INFO [main][DiscoveryJerseyProvider.java:80] - Using XML encoding codec XStreamXml
[AccountService][53030] 2022-07-10 16:32:17,999 INFO [main][DiscoveryJerseyProvider.java:81] - Using XML decoding codec XStreamXml
[AccountService][53030] 2022-07-10 16:32:19,154 INFO [main][ConfigClusterResolver.java:43] - Resolving eureka endpoints via configuration
[AccountService][53030] 2022-07-10 16:32:21,799 INFO [main][DiscoveryClient.java:958] - Disable delta property : false
[AccountService][53030] 2022-07-10 16:32:21,800 INFO [main][DiscoveryClient.java:959] - Single vip registry refresh property : null
[AccountService][53030] 2022-07-10 16:32:21,801 INFO [main][DiscoveryClient.java:960] - Force full registry fetch : false
[AccountService][53030] 2022-07-10 16:32:21,801 INFO [main][DiscoveryClient.java:961] - Application is null : false
[AccountService][53030] 2022-07-10 16:32:21,802 INFO [main][DiscoveryClient.java:962] - Registered Applications size is zero : true
[AccountService][53030] 2022-07-10 16:32:21,802 INFO [main][DiscoveryClient.java:964] - Application version is -1: true
[AccountService][53030] 2022-07-10 16:32:21,803 INFO [main][DiscoveryClient.java:1047] - Getting all instance registry info from the eureka server
[AccountService][53030] 2022-07-10 16:32:22,609 INFO [main][DiscoveryClient.java:1056] - The response status is 200
[AccountService][53030] 2022-07-10 16:32:22,619 INFO [main][DiscoveryClient.java:1270] - Starting heartbeat executor: renew interval is: 30
[AccountService][53030] 2022-07-10 16:32:22,631 INFO [main][InstanceInfoReplicator.java:60] - InstanceInfoReplicator onDemand update allowed rate per min is 4
[AccountService][53030] 2022-07-10 16:32:22,644 INFO [main][DiscoveryClient.java:449] - Discovery Client initialized at timestamp 1657441942640 with initial instances count: 2
[AccountService][53030] 2022-07-10 16:32:22,654 INFO [main][EurekaServiceRegistry.java:42] - Registering application ACCOUNT-SERVICE with eureka with status UP
[AccountService][53030] 2022-07-10 16:32:22,660 INFO [main][DiscoveryClient.java:1305] - Saw local status change event StatusChangeEvent [timestamp=1657441942660, current=UP, previous=STARTING]
[AccountService][53030] 2022-07-10 16:32:22,665 INFO [main][DocumentationPluginsBootstrapper.java:160] - Context refreshed
[AccountService][53030] 2022-07-10 16:32:22,667 INFO [DiscoveryClient-InstanceInfoReplicator-0][DiscoveryClient.java:826] - DiscoveryClient_ACCOUNT-SERVICE/account-service:127.0.0.1:53030: registering service...
[AccountService][53030] 2022-07-10 16:32:22,689 INFO [main][DocumentationPluginsBootstrapper.java:163] - Found 1 custom documentation plugin(s)
[AccountService][53030] 2022-07-10 16:32:22,783 INFO [DiscoveryClient-InstanceInfoReplicator-0][DiscoveryClient.java:835] - DiscoveryClient_ACCOUNT-SERVICE/account-service:127.0.0.1:53030 - registration status: 204
[AccountService][53030] 2022-07-10 16:32:22,933 INFO [main][ApiListingReferenceScanner.java:41] - Scanning for api listing references
[AccountService][53030] 2022-07-10 16:32:23,921 INFO [main][DirectJDKLog.java:173] - Starting ProtocolHandler ["http-nio-53030"]
[AccountService][53030] 2022-07-10 16:32:24,144 INFO [main][TomcatWebServer.java:204] - Tomcat started on port(s): 53030 (http) with context path '/account'
[AccountService][53030] 2022-07-10 16:32:24,147 INFO [main][EurekaAutoServiceRegistration.java:141] - Updating port to 53030
[AccountService][53030] 2022-07-10 16:32:24,155 INFO [main][StartupInfoLogger.java:59] - Started AccountServiceApplication in 65.826 seconds (JVM running for 70.818)
[AccountService][53030] 2022-07-10 16:32:28,701 INFO [RMI TCP Connection(9)-172.26.144.1][DirectJDKLog.java:173] - Initializing Spring DispatcherServlet 'dispatcherServlet'
[AccountService][53030] 2022-07-10 16:32:28,703 INFO [RMI TCP Connection(9)-172.26.144.1][FrameworkServlet.java:524] - Initializing Servlet 'dispatcherServlet'
[AccountService][53030] 2022-07-10 16:32:28,742 INFO [RMI TCP Connection(9)-172.26.144.1][FrameworkServlet.java:546] - Completed initialization in 38 ms
[AccountService][53030] 2022-07-10 16:32:29,861 INFO [RMI TCP Connection(10)-172.26.144.1][EpollProvider.java:68] - Starting without optional epoll library
[AccountService][53030] 2022-07-10 16:32:29,874 INFO [RMI TCP Connection(10)-172.26.144.1][KqueueProvider.java:70] - Starting without optional kqueue library
[AccountService][53030] 2022-07-10 16:32:33,925 INFO [hmilyTransaction-tccRollBackService-1][LogUtil.java:87] - rollback execute delayTime:60
[AccountService][53030] 2022-07-10 16:33:33,995 INFO [hmilyTransaction-tccRollBackService-1][LogUtil.java:87] - rollback execute delayTime:60
[AccountService][53030] 2022-07-10 16:34:34,000 INFO [hmilyTransaction-tccRollBackService-1][LogUtil.java:87] - rollback execute delayTime:60
[AccountService][53030] 2022-07-10 16:35:34,017 INFO [hmilyTransaction-tccRollBackService-1][LogUtil.java:87] - rollback execute delayTime:60
[AccountService][53030] 2022-07-10 16:36:34,029 INFO [hmilyTransaction-tccRollBackService-1][LogUtil.java:87] - rollback execute delayTime:60
[AccountService][53030] 2022-07-10 16:37:21,822 INFO [AsyncResolver-bootstrap-executor-0][ConfigClusterResolver.java:43] - Resolving eureka endpoints via configuration
[AccountService][53030] 2022-07-10 16:37:34,044 INFO [hmilyTransaction-tccRollBackService-1][LogUtil.java:87] - rollback execute delayTime:60
[AccountService][53030] 2022-07-10 16:38:34,064 INFO [hmilyTransaction-tccRollBackService-1][LogUtil.java:87] - rollback execute delayTime:60
[AccountService][53030] 2022-07-10 16:39:34,068 INFO [hmilyTransaction-tccRollBackService-1][LogUtil.java:87] - rollback execute delayTime:60
[AccountService][53030] 2022-07-10 16:40:34,083 INFO [hmilyTransaction-tccRollBackService-1][LogUtil.java:87] - rollback execute delayTime:60
[AccountService][53030] 2022-07-10 16:41:34,097 INFO [hmilyTransaction-tccRollBackService-1][LogUtil.java:87] - rollback execute delayTime:60
[AccountService][53030] 2022-07-10 16:42:21,833 INFO [AsyncResolver-bootstrap-executor-0][ConfigClusterResolver.java:43] - Resolving eureka endpoints via configuration
[AccountService][53030] 2022-07-10 16:42:34,113 INFO [hmilyTransaction-tccRollBackService-1][LogUtil.java:87] - rollback execute delayTime:60
[AccountService][53030] 2022-07-10 16:43:34,128 INFO [hmilyTransaction-tccRollBackService-1][LogUtil.java:87] - rollback execute delayTime:60
[AccountService][53030] 2022-07-10 16:44:34,144 INFO [hmilyTransaction-tccRollBackService-1][LogUtil.java:87] - rollback execute delayTime:60
[AccountService][53030] 2022-07-10 16:45:34,159 INFO [hmilyTransaction-tccRollBackService-1][LogUtil.java:87] - rollback execute delayTime:60
[AccountService][53030] 2022-07-10 16:46:34,171 INFO [hmilyTransaction-tccRollBackService-1][LogUtil.java:87] - rollback execute delayTime:60
[AccountService][53030] 2022-07-10 16:47:21,845 INFO [AsyncResolver-bootstrap-executor-0][ConfigClusterResolver.java:43] - Resolving eureka endpoints via configuration
[AccountService][53030] 2022-07-10 16:47:34,190 INFO [hmilyTransaction-tccRollBackService-1][LogUtil.java:87] - rollback execute delayTime:60
[AccountService][53030] 2022-07-10 16:48:34,194 INFO [hmilyTransaction-tccRollBackService-1][LogUtil.java:87] - rollback execute delayTime:60
[AccountService][53030] 2022-07-10 16:49:34,202 INFO [hmilyTransaction-tccRollBackService-1][LogUtil.java:87] - rollback execute delayTime:60
[AccountService][53030] 2022-07-10 16:50:34,209 INFO [hmilyTransaction-tccRollBackService-1][LogUtil.java:87] - rollback execute delayTime:60
[AccountService][53030] 2022-07-10 16:51:34,213 INFO [hmilyTransaction-tccRollBackService-1][LogUtil.java:87] - rollback execute delayTime:60
[AccountService][53030] 2022-07-10 16:52:21,857 INFO [AsyncResolver-bootstrap-executor-0][ConfigClusterResolver.java:43] - Resolving eureka endpoints via configuration
[AccountService][53030] 2022-07-10 16:52:34,220 INFO [hmilyTransaction-tccRollBackService-1][LogUtil.java:87] - rollback execute delayTime:60
[AccountService][53030] 2022-07-10 16:53:34,227 INFO [hmilyTransaction-tccRollBackService-1][LogUtil.java:87] - rollback execute delayTime:60
[AccountService][53030] 2022-07-10 16:54:34,236 INFO [hmilyTransaction-tccRollBackService-1][LogUtil.java:87] - rollback execute delayTime:60
[AccountService][53030] 2022-07-10 16:55:34,248 INFO [hmilyTransaction-tccRollBackService-1][LogUtil.java:87] - rollback execute delayTime:60
[AccountService][53030] 2022-07-10 16:56:34,259 INFO [hmilyTransaction-tccRollBackService-1][LogUtil.java:87] - rollback execute delayTime:60
[AccountService][53030] 2022-07-10 16:57:21,865 INFO [AsyncResolver-bootstrap-executor-0][ConfigClusterResolver.java:43] - Resolving eureka endpoints via configuration
[AccountService][53030] 2022-07-10 16:57:34,275 INFO [hmilyTransaction-tccRollBackService-1][LogUtil.java:87] - rollback execute delayTime:60
[AccountService][53030] 2022-07-10 16:58:34,281 INFO [hmilyTransaction-tccRollBackService-1][LogUtil.java:87] - rollback execute delayTime:60
[AccountService][53030] 2022-07-10 16:59:34,288 INFO [hmilyTransaction-tccRollBackService-1][LogUtil.java:87] - rollback execute delayTime:60
