[AccountService][53030] 2022-07-10 12:46:46,747 INFO [main][DefaultApplicationProvider.java:85] - App ID is set to account-service by app.id property from System Property
[AccountService][53030] 2022-07-10 12:46:46,765 INFO [main][DefaultServerProvider.java:108] - Environment is set to [dev] by JVM system property 'env'.
[AccountService][53030] 2022-07-10 12:46:47,024 WARN [main][DefaultMetaServerProvider.java:39] - Could not find meta server address, because it is not available in neither (1) JVM system property 'apollo.meta', (2) OS env variable 'APOLLO_META' (3) property 'apollo.meta' from server.properties nor (4) property 'apollo.meta' from app.properties
[AccountService][53030] 2022-07-10 12:46:47,042 INFO [main][MetaDomainConsts.java:93] - Located meta server address http://localhost:8080 for env DEV from com.ctrip.framework.apollo.core.internals.LegacyMetaServerProvider
[AccountService][53030] 2022-07-10 12:46:53,413 INFO [main][SpringApplication.java:675] - No active profile set, falling back to default profiles: default
[AccountService][53030] 2022-07-10 12:46:59,298 INFO [main][RepositoryConfigurationDelegate.java:244] - Multiple Spring Data modules found, entering strict repository configuration mode!
[AccountService][53030] 2022-07-10 12:46:59,303 INFO [main][RepositoryConfigurationDelegate.java:126] - Bootstrapping Spring Data repositories in DEFAULT mode.
[AccountService][53030] 2022-07-10 12:46:59,391 INFO [main][RepositoryConfigurationDelegate.java:182] - Finished Spring Data repository scanning in 66ms. Found 0 repository interfaces.
[AccountService][53030] 2022-07-10 12:46:59,431 INFO [main][RepositoryConfigurationDelegate.java:244] - Multiple Spring Data modules found, entering strict repository configuration mode!
[AccountService][53030] 2022-07-10 12:46:59,435 INFO [main][RepositoryConfigurationDelegate.java:126] - Bootstrapping Spring Data repositories in DEFAULT mode.
[AccountService][53030] 2022-07-10 12:46:59,490 INFO [main][RepositoryConfigurationDelegate.java:182] - Finished Spring Data repository scanning in 20ms. Found 0 repository interfaces.
[AccountService][53030] 2022-07-10 12:47:00,034 WARN [main][EndpointId.java:135] - Endpoint ID 'service-registry' contains invalid characters, please migrate to a valid format.
[AccountService][53030] 2022-07-10 12:47:00,654 INFO [main][ConfigurationClassPostProcessor.java:380] - Cannot enhance @Configuration bean definition 'com.ctrip.framework.apollo.spring.boot.ApolloAutoConfiguration' since its singleton instance has been created too early. The typical cause is a non-static @Bean method with a BeanDefinitionRegistryPostProcessor return type: Consider declaring such methods as 'static'.
[AccountService][53030] 2022-07-10 12:47:01,389 INFO [main][GenericScope.java:294] - BeanFactory id=4345df52-f211-3918-a911-b14b7743ce81
[AccountService][53030] 2022-07-10 12:47:01,499 WARN [main][PropertySourcesDeducer.java:75] - Multiple PropertySourcesPlaceholderConfigurer beans registered [propertySourcesPlaceholderConfigurer, org.springframework.context.support.PropertySourcesPlaceholderConfigurer], falling back to Environment
[AccountService][53030] 2022-07-10 12:47:01,752 INFO [main][PostProcessorRegistrationDelegate.java:330] - Bean 'com.alibaba.druid.spring.boot.autoconfigure.stat.DruidSpringAopConfiguration' of type [com.alibaba.druid.spring.boot.autoconfigure.stat.DruidSpringAopConfiguration] is not eligible for getting processed by all BeanPostProcessors (for example: not eligible for auto-proxying)
[AccountService][53030] 2022-07-10 12:47:02,118 INFO [main][PostProcessorRegistrationDelegate.java:330] - Bean 'org.springframework.transaction.annotation.ProxyTransactionManagementConfiguration' of type [org.springframework.transaction.annotation.ProxyTransactionManagementConfiguration$$EnhancerBySpringCGLIB$$a5fa887a] is not eligible for getting processed by all BeanPostProcessors (for example: not eligible for auto-proxying)
[AccountService][53030] 2022-07-10 12:47:02,699 INFO [main][PostProcessorRegistrationDelegate.java:330] - Bean 'spring.datasource.druid-com.alibaba.druid.spring.boot.autoconfigure.properties.DruidStatProperties' of type [com.alibaba.druid.spring.boot.autoconfigure.properties.DruidStatProperties] is not eligible for getting processed by all BeanPostProcessors (for example: not eligible for auto-proxying)
[AccountService][53030] 2022-07-10 12:47:02,780 INFO [main][PostProcessorRegistrationDelegate.java:330] - Bean 'advisor' of type [org.springframework.aop.support.RegexpMethodPointcutAdvisor] is not eligible for getting processed by all BeanPostProcessors (for example: not eligible for auto-proxying)
[AccountService][53030] 2022-07-10 12:47:02,829 INFO [main][PostProcessorRegistrationDelegate.java:330] - Bean 'org.springframework.cloud.autoconfigure.ConfigurationPropertiesRebinderAutoConfiguration' of type [org.springframework.cloud.autoconfigure.ConfigurationPropertiesRebinderAutoConfiguration$$EnhancerBySpringCGLIB$$c2148b77] is not eligible for getting processed by all BeanPostProcessors (for example: not eligible for auto-proxying)
[AccountService][53030] 2022-07-10 12:47:04,574 INFO [main][TomcatWebServer.java:90] - Tomcat initialized with port(s): 53030 (http)
[AccountService][53030] 2022-07-10 12:47:04,686 INFO [main][DirectJDKLog.java:173] - Initializing ProtocolHandler ["http-nio-53030"]
[AccountService][53030] 2022-07-10 12:47:04,760 INFO [main][DirectJDKLog.java:173] - Starting service [Tomcat]
[AccountService][53030] 2022-07-10 12:47:04,763 INFO [main][DirectJDKLog.java:173] - Starting Servlet engine: [Apache Tomcat/9.0.16]
[AccountService][53030] 2022-07-10 12:47:04,796 INFO [main][DirectJDKLog.java:173] - The APR based Apache Tomcat Native library which allows optimal performance in production environments was not found on the java.library.path: [E:\jdk1.8.0_161\bin;C:\WINDOWS\Sun\Java\bin;C:\WINDOWS\system32;C:\WINDOWS;E:\Ruby26-x64\bin;C:\Program Files (x86)\Common Files\Oracle\Java\javapath;C:\Program Files\VanDyke Software\Clients\;E:\Anaconda;E:\Anaconda\Library\mingw-w64\bin;E:\Anaconda\Library\usr\bin;E:\Anaconda\Library\bin;E:\Anaconda\Scripts;C:\WINDOWS\system32;C:\WINDOWS;C:\WINDOWS\System32\Wbem;C:\WINDOWS\System32\WindowsPowerShell\v1.0\;C:\WINDOWS\System32\OpenSSH\;E:\mysql-5.7.20-winx64\bin;C:\Program Files\dotnet\;E:\nodejs\;C:\Users\Administrator\AppData\Roaming\npm;E:\nodejs\node_global\;C:\Program Files (x86)\Common Files\Thunder Network\KanKan\Codecs;E:\spark-2.1.1-hadoop2.7\bin;D:\Android\Sdk\platform-tools;E:\TortoiseSVN\bin;E:\TortoiseSVN\bin;E:\Subversion\bin;C:\Program Files\Docker\Docker\resources\bin;C:\ProgramData\DockerDesktop\version-bin;E:\CMake\bin;C:\mingw64\bin;E:\scala-2.12.15\bin;C:\Program Files (x86)\scala\bin;E:\spark\bin;E:\spark-2.1.1-hadoop2.7\bin;E:\NetSarang\Xshell 7\;E:\NetSarang\Xftp 7\;C:\Program Files\Git\cmd;E:\apache-maven-3.6.3\bin;E:\jdk1.8.0_161\bin;C:\Users\Administrator\AppData\Local\Microsoft\WindowsApps;E:\IntelliJ IDEA\bin;;C:\Users\Administrator\AppData\Roaming\npm;E:\nodejs\node_global\;C:\Users\Administrator\.dotnet\tools;C:\Users\Administrator\AppData\Local\GitHubDesktop\bin;E:\Microsoft VS Code\bin;.]
[AccountService][53030] 2022-07-10 12:47:05,718 INFO [main][DirectJDKLog.java:173] - Initializing Spring embedded WebApplicationContext
[AccountService][53030] 2022-07-10 12:47:05,719 INFO [main][ServletWebServerApplicationContext.java:296] - Root WebApplicationContext: initialization completed in 12193 ms
[AccountService][53030] 2022-07-10 12:47:06,406 WARN [main][URLConfigurationSource.java:121] - No URLs will be polled as dynamic configuration sources.
[AccountService][53030] 2022-07-10 12:47:06,410 INFO [main][URLConfigurationSource.java:122] - To enable URLs as dynamic configuration sources, define System property archaius.configurationSource.additionalUrls or make config.properties available on classpath.
[AccountService][53030] 2022-07-10 12:47:06,474 INFO [main][DynamicPropertyFactory.java:281] - DynamicPropertyFactory is initialized with configuration sources: com.netflix.config.ConcurrentCompositeConfiguration@5a39e554
[AccountService][53030] 2022-07-10 12:47:06,916 INFO [main][DruidDataSourceAutoConfigure.java:56] - Init DruidDataSource
[AccountService][53030] 2022-07-10 12:47:08,407 INFO [main][DruidDataSource.java:1002] - {dataSource-1} inited
[AccountService][53030] 2022-07-10 12:47:20,421 INFO [main][AutowiredAnnotationBeanPostProcessor.java:342] - Inconsistent constructor declaration on bean with name 'hmilyAutoConfiguration': single autowire-marked constructor flagged as optional - this constructor is effectively required since there is no default constructor to fall back to: public org.dromara.hmily.spring.boot.starter.parent.configuration.HmilyAutoConfiguration$$EnhancerBySpringCGLIB$$d295c706(org.dromara.hmily.spring.boot.starter.parent.config.HmilyConfigProperties)
[AccountService][53030] 2022-07-10 12:47:23,072 INFO [main][EndpointLinksResolver.java:59] - Exposing 2 endpoint(s) beneath base path '/actuator'
[AccountService][53030] 2022-07-10 12:47:24,400 INFO [main][HikariDataSource.java:110] - HikariPool-1 - Starting...
[AccountService][53030] 2022-07-10 12:47:24,499 INFO [main][HikariDataSource.java:123] - HikariPool-1 - Start completed.
[AccountService][53030] 2022-07-10 12:47:24,632 INFO [main][HmilyLogo.java:49] - 


    __  __          _ __     
   / / / /___ ___  (_) /_  __
  / /_/ / __ `__ \/ / / / / /
 / __  / / / / / / / / /_/ / 
/_/ /_/_/ /_/ /_/_/_/\__, /  
                    /____/   

 :: Hmily :: (v2.0.0-RELEASE)

[AccountService][53030] 2022-07-10 12:47:24,729 INFO [main][PropertySourcedRequestMappingHandlerMapping.java:69] - Mapped URL path [/v2/api-docs] onto method [public org.springframework.http.ResponseEntity<springfox.documentation.spring.web.json.Json> springfox.documentation.swagger2.web.Swagger2Controller.getDocumentation(java.lang.String,javax.servlet.http.HttpServletRequest)]
[AccountService][53030] 2022-07-10 12:47:24,803 WARN [main][URLConfigurationSource.java:121] - No URLs will be polled as dynamic configuration sources.
[AccountService][53030] 2022-07-10 12:47:24,804 INFO [main][URLConfigurationSource.java:122] - To enable URLs as dynamic configuration sources, define System property archaius.configurationSource.additionalUrls or make config.properties available on classpath.
[AccountService][53030] 2022-07-10 12:47:25,841 INFO [main][ExecutorConfigurationSupport.java:171] - Initializing ExecutorService 'applicationTaskExecutor'
[AccountService][53030] 2022-07-10 12:47:32,869 WARN [main][EurekaStarterDeprecationWarningAutoConfiguration.java:19] - spring-cloud-starter-eureka is deprecated as of Spring Cloud Netflix 1.4.0, please migrate to spring-cloud-starter-netflix-eureka
[AccountService][53030] 2022-07-10 12:47:33,196 INFO [main][InstanceInfoFactory.java:71] - Setting initial instance status as: STARTING
[AccountService][53030] 2022-07-10 12:47:33,345 INFO [main][DiscoveryClient.java:349] - Initializing Eureka in region us-east-1
[AccountService][53030] 2022-07-10 12:47:36,528 INFO [main][DiscoveryJerseyProvider.java:70] - Using JSON encoding codec LegacyJacksonJson
[AccountService][53030] 2022-07-10 12:47:36,529 INFO [main][DiscoveryJerseyProvider.java:71] - Using JSON decoding codec LegacyJacksonJson
[AccountService][53030] 2022-07-10 12:47:37,073 INFO [main][DiscoveryJerseyProvider.java:80] - Using XML encoding codec XStreamXml
[AccountService][53030] 2022-07-10 12:47:37,074 INFO [main][DiscoveryJerseyProvider.java:81] - Using XML decoding codec XStreamXml
[AccountService][53030] 2022-07-10 12:47:38,188 INFO [main][ConfigClusterResolver.java:43] - Resolving eureka endpoints via configuration
[AccountService][53030] 2022-07-10 12:47:40,948 INFO [main][DiscoveryClient.java:958] - Disable delta property : false
[AccountService][53030] 2022-07-10 12:47:40,950 INFO [main][DiscoveryClient.java:959] - Single vip registry refresh property : null
[AccountService][53030] 2022-07-10 12:47:40,952 INFO [main][DiscoveryClient.java:960] - Force full registry fetch : false
[AccountService][53030] 2022-07-10 12:47:40,953 INFO [main][DiscoveryClient.java:961] - Application is null : false
[AccountService][53030] 2022-07-10 12:47:40,954 INFO [main][DiscoveryClient.java:962] - Registered Applications size is zero : true
[AccountService][53030] 2022-07-10 12:47:40,955 INFO [main][DiscoveryClient.java:964] - Application version is -1: true
[AccountService][53030] 2022-07-10 12:47:40,958 INFO [main][DiscoveryClient.java:1047] - Getting all instance registry info from the eureka server
[AccountService][53030] 2022-07-10 12:47:41,604 INFO [main][DiscoveryClient.java:1056] - The response status is 200
[AccountService][53030] 2022-07-10 12:47:41,611 INFO [main][DiscoveryClient.java:1270] - Starting heartbeat executor: renew interval is: 30
[AccountService][53030] 2022-07-10 12:47:41,621 INFO [main][InstanceInfoReplicator.java:60] - InstanceInfoReplicator onDemand update allowed rate per min is 4
[AccountService][53030] 2022-07-10 12:47:41,633 INFO [main][DiscoveryClient.java:449] - Discovery Client initialized at timestamp 1657428461630 with initial instances count: 0
[AccountService][53030] 2022-07-10 12:47:41,647 INFO [main][EurekaServiceRegistry.java:42] - Registering application ACCOUNT-SERVICE with eureka with status UP
[AccountService][53030] 2022-07-10 12:47:41,649 INFO [main][DiscoveryClient.java:1305] - Saw local status change event StatusChangeEvent [timestamp=1657428461649, current=UP, previous=STARTING]
[AccountService][53030] 2022-07-10 12:47:41,658 INFO [main][DocumentationPluginsBootstrapper.java:160] - Context refreshed
[AccountService][53030] 2022-07-10 12:47:41,659 INFO [DiscoveryClient-InstanceInfoReplicator-0][DiscoveryClient.java:826] - DiscoveryClient_ACCOUNT-SERVICE/account-service:127.0.0.1:53030: registering service...
[AccountService][53030] 2022-07-10 12:47:41,712 INFO [main][DocumentationPluginsBootstrapper.java:163] - Found 1 custom documentation plugin(s)
[AccountService][53030] 2022-07-10 12:47:41,902 INFO [main][ApiListingReferenceScanner.java:41] - Scanning for api listing references
[AccountService][53030] 2022-07-10 12:47:41,910 INFO [DiscoveryClient-InstanceInfoReplicator-0][DiscoveryClient.java:835] - DiscoveryClient_ACCOUNT-SERVICE/account-service:127.0.0.1:53030 - registration status: 204
[AccountService][53030] 2022-07-10 12:47:42,522 INFO [main][DirectJDKLog.java:173] - Starting ProtocolHandler ["http-nio-53030"]
[AccountService][53030] 2022-07-10 12:47:42,610 INFO [main][TomcatWebServer.java:204] - Tomcat started on port(s): 53030 (http) with context path '/account'
[AccountService][53030] 2022-07-10 12:47:42,613 INFO [main][EurekaAutoServiceRegistration.java:141] - Updating port to 53030
[AccountService][53030] 2022-07-10 12:47:42,622 INFO [main][StartupInfoLogger.java:59] - Started AccountServiceApplication in 70.204 seconds (JVM running for 76.089)
[AccountService][53030] 2022-07-10 12:47:52,311 INFO [RMI TCP Connection(4)-172.26.144.1][DirectJDKLog.java:173] - Initializing Spring DispatcherServlet 'dispatcherServlet'
[AccountService][53030] 2022-07-10 12:47:52,313 INFO [RMI TCP Connection(4)-172.26.144.1][FrameworkServlet.java:524] - Initializing Servlet 'dispatcherServlet'
[AccountService][53030] 2022-07-10 12:47:52,439 INFO [RMI TCP Connection(4)-172.26.144.1][FrameworkServlet.java:546] - Completed initialization in 125 ms
[AccountService][53030] 2022-07-10 12:47:53,531 INFO [RMI TCP Connection(5)-172.26.144.1][EpollProvider.java:68] - Starting without optional epoll library
[AccountService][53030] 2022-07-10 12:47:53,545 INFO [RMI TCP Connection(5)-172.26.144.1][KqueueProvider.java:70] - Starting without optional kqueue library
[AccountService][53030] 2022-07-10 12:47:54,635 INFO [hmilyTransaction-tccRollBackService-1][LogUtil.java:87] - rollback execute delayTime:60
[AccountService][53030] 2022-07-10 12:48:11,626 INFO [DiscoveryClient-CacheRefreshExecutor-0][DiscoveryClient.java:958] - Disable delta property : false
[AccountService][53030] 2022-07-10 12:48:11,627 INFO [DiscoveryClient-CacheRefreshExecutor-0][DiscoveryClient.java:959] - Single vip registry refresh property : null
[AccountService][53030] 2022-07-10 12:48:11,627 INFO [DiscoveryClient-CacheRefreshExecutor-0][DiscoveryClient.java:960] - Force full registry fetch : false
[AccountService][53030] 2022-07-10 12:48:11,628 INFO [DiscoveryClient-CacheRefreshExecutor-0][DiscoveryClient.java:961] - Application is null : false
[AccountService][53030] 2022-07-10 12:48:11,629 INFO [DiscoveryClient-CacheRefreshExecutor-0][DiscoveryClient.java:962] - Registered Applications size is zero : true
[AccountService][53030] 2022-07-10 12:48:11,629 INFO [DiscoveryClient-CacheRefreshExecutor-0][DiscoveryClient.java:964] - Application version is -1: false
[AccountService][53030] 2022-07-10 12:48:11,631 INFO [DiscoveryClient-CacheRefreshExecutor-0][DiscoveryClient.java:1047] - Getting all instance registry info from the eureka server
[AccountService][53030] 2022-07-10 12:48:11,761 INFO [DiscoveryClient-CacheRefreshExecutor-0][DiscoveryClient.java:1056] - The response status is 200
[AccountService][53030] 2022-07-10 12:48:54,675 INFO [hmilyTransaction-tccRollBackService-1][LogUtil.java:87] - rollback execute delayTime:60
[AccountService][53030] 2022-07-10 12:49:54,692 INFO [hmilyTransaction-tccRollBackService-1][LogUtil.java:87] - rollback execute delayTime:60
[AccountService][53030] 2022-07-10 12:50:54,700 INFO [hmilyTransaction-tccRollBackService-1][LogUtil.java:87] - rollback execute delayTime:60
[AccountService][53030] 2022-07-10 12:51:54,715 INFO [hmilyTransaction-tccRollBackService-1][LogUtil.java:87] - rollback execute delayTime:60
[AccountService][53030] 2022-07-10 12:52:40,981 INFO [AsyncResolver-bootstrap-executor-0][ConfigClusterResolver.java:43] - Resolving eureka endpoints via configuration
[AccountService][53030] 2022-07-10 12:52:54,723 INFO [hmilyTransaction-tccRollBackService-1][LogUtil.java:87] - rollback execute delayTime:60
[AccountService][53030] 2022-07-10 12:53:54,726 INFO [hmilyTransaction-tccRollBackService-1][LogUtil.java:87] - rollback execute delayTime:60
[AccountService][53030] 2022-07-10 12:54:54,735 INFO [hmilyTransaction-tccRollBackService-1][LogUtil.java:87] - rollback execute delayTime:60
[AccountService][53030] 2022-07-10 12:55:54,742 INFO [hmilyTransaction-tccRollBackService-1][LogUtil.java:87] - rollback execute delayTime:60
[AccountService][53030] 2022-07-10 12:56:54,752 INFO [hmilyTransaction-tccRollBackService-1][LogUtil.java:87] - rollback execute delayTime:60
[AccountService][53030] 2022-07-10 12:57:40,986 INFO [AsyncResolver-bootstrap-executor-0][ConfigClusterResolver.java:43] - Resolving eureka endpoints via configuration
[AccountService][53030] 2022-07-10 12:57:54,768 INFO [hmilyTransaction-tccRollBackService-1][LogUtil.java:87] - rollback execute delayTime:60
[AccountService][53030] 2022-07-10 12:58:54,775 INFO [hmilyTransaction-tccRollBackService-1][LogUtil.java:87] - rollback execute delayTime:60
[AccountService][53030] 2022-07-10 12:59:54,782 INFO [hmilyTransaction-tccRollBackService-1][LogUtil.java:87] - rollback execute delayTime:60
