[ConsumerService][53050] 2022-07-10 23:00:08,327 INFO [hmilyTransaction-tccRollBackService-1][LogUtil.java:87] - rollback execute delayTime:60
[ConsumerService][53050] 2022-07-10 23:00:40,776 INFO [AsyncResolver-bootstrap-executor-0][ConfigClusterResolver.java:43] - Resolving eureka endpoints via configuration
[ConsumerService][53050] 2022-07-10 23:01:08,342 INFO [hmilyTransaction-tccRollBackService-1][LogUtil.java:87] - rollback execute delayTime:60
[ConsumerService][53050] 2022-07-10 23:02:08,357 INFO [hmilyTransaction-tccRollBackService-1][LogUtil.java:87] - rollback execute delayTime:60
[ConsumerService][53050] 2022-07-10 23:03:08,370 INFO [hmilyTransaction-tccRollBackService-1][LogUtil.java:87] - rollback execute delayTime:60
[ConsumerService][53050] 2022-07-10 23:04:08,386 INFO [hmilyTransaction-tccRollBackService-1][LogUtil.java:87] - rollback execute delayTime:60
[ConsumerService][53050] 2022-07-10 23:05:08,432 INFO [hmilyTransaction-tccRollBackService-1][LogUtil.java:87] - rollback execute delayTime:60
[ConsumerService][53050] 2022-07-10 23:05:40,785 INFO [AsyncResolver-bootstrap-executor-0][ConfigClusterResolver.java:43] - Resolving eureka endpoints via configuration
[ConsumerService][53050] 2022-07-10 23:06:08,450 INFO [hmilyTransaction-tccRollBackService-1][LogUtil.java:87] - rollback execute delayTime:60
[ConsumerService][53050] 2022-07-10 23:07:08,460 INFO [hmilyTransaction-tccRollBackService-1][LogUtil.java:87] - rollback execute delayTime:60
[ConsumerService][53050] 2022-07-10 23:08:08,475 INFO [hmilyTransaction-tccRollBackService-1][LogUtil.java:87] - rollback execute delayTime:60
[ConsumerService][53050] 2022-07-10 23:09:08,481 INFO [hmilyTransaction-tccRollBackService-1][LogUtil.java:87] - rollback execute delayTime:60
[ConsumerService][53050] 2022-07-10 23:10:08,487 INFO [hmilyTransaction-tccRollBackService-1][LogUtil.java:87] - rollback execute delayTime:60
[ConsumerService][53050] 2022-07-10 23:10:40,797 INFO [AsyncResolver-bootstrap-executor-0][ConfigClusterResolver.java:43] - Resolving eureka endpoints via configuration
[ConsumerService][53050] 2022-07-10 23:11:08,499 INFO [hmilyTransaction-tccRollBackService-1][LogUtil.java:87] - rollback execute delayTime:60
[ConsumerService][53050] 2022-07-10 23:12:08,503 INFO [hmilyTransaction-tccRollBackService-1][LogUtil.java:87] - rollback execute delayTime:60
[ConsumerService][53050] 2022-07-10 23:13:08,516 INFO [hmilyTransaction-tccRollBackService-1][LogUtil.java:87] - rollback execute delayTime:60
[ConsumerService][53050] 2022-07-10 23:14:08,530 INFO [hmilyTransaction-tccRollBackService-1][LogUtil.java:87] - rollback execute delayTime:60
[ConsumerService][53050] 2022-07-10 23:15:08,539 INFO [hmilyTransaction-tccRollBackService-1][LogUtil.java:87] - rollback execute delayTime:60
[ConsumerService][53050] 2022-07-10 23:15:40,800 INFO [AsyncResolver-bootstrap-executor-0][ConfigClusterResolver.java:43] - Resolving eureka endpoints via configuration
[ConsumerService][53050] 2022-07-10 23:16:08,541 INFO [hmilyTransaction-tccRollBackService-1][LogUtil.java:87] - rollback execute delayTime:60
[ConsumerService][53050] 2022-07-10 23:17:08,554 INFO [hmilyTransaction-tccRollBackService-1][LogUtil.java:87] - rollback execute delayTime:60
[ConsumerService][53050] 2022-07-10 23:18:08,570 INFO [hmilyTransaction-tccRollBackService-1][LogUtil.java:87] - rollback execute delayTime:60
[ConsumerService][53050] 2022-07-10 23:19:08,585 INFO [hmilyTransaction-tccRollBackService-1][LogUtil.java:87] - rollback execute delayTime:60
[ConsumerService][53050] 2022-07-10 23:20:08,590 INFO [hmilyTransaction-tccRollBackService-1][LogUtil.java:87] - rollback execute delayTime:60
[ConsumerService][53050] 2022-07-10 23:20:40,800 INFO [AsyncResolver-bootstrap-executor-0][ConfigClusterResolver.java:43] - Resolving eureka endpoints via configuration
[ConsumerService][53050] 2022-07-10 23:21:08,601 INFO [hmilyTransaction-tccRollBackService-1][LogUtil.java:87] - rollback execute delayTime:60
[ConsumerService][53050] 2022-07-10 23:22:08,621 INFO [hmilyTransaction-tccRollBackService-1][LogUtil.java:87] - rollback execute delayTime:60
[ConsumerService][53050] 2022-07-10 23:23:08,636 INFO [hmilyTransaction-tccRollBackService-1][LogUtil.java:87] - rollback execute delayTime:60
[ConsumerService][53050] 2022-07-10 23:24:08,652 INFO [hmilyTransaction-tccRollBackService-1][LogUtil.java:87] - rollback execute delayTime:60
[ConsumerService][53050] 2022-07-10 23:25:08,655 INFO [hmilyTransaction-tccRollBackService-1][LogUtil.java:87] - rollback execute delayTime:60
[ConsumerService][53050] 2022-07-10 23:25:40,815 INFO [AsyncResolver-bootstrap-executor-0][ConfigClusterResolver.java:43] - Resolving eureka endpoints via configuration
[ConsumerService][53050] 2022-07-10 23:26:08,665 INFO [hmilyTransaction-tccRollBackService-1][LogUtil.java:87] - rollback execute delayTime:60
[ConsumerService][53050] 2022-07-10 23:27:08,673 INFO [hmilyTransaction-tccRollBackService-1][LogUtil.java:87] - rollback execute delayTime:60
[ConsumerService][53050] 2022-07-10 23:28:08,696 INFO [hmilyTransaction-tccRollBackService-1][LogUtil.java:87] - rollback execute delayTime:60
[ConsumerService][53050] 2022-07-10 23:29:08,720 INFO [hmilyTransaction-tccRollBackService-1][LogUtil.java:87] - rollback execute delayTime:60
[ConsumerService][53050] 2022-07-10 23:30:08,729 INFO [hmilyTransaction-tccRollBackService-1][LogUtil.java:87] - rollback execute delayTime:60
[ConsumerService][53050] 2022-07-10 23:30:40,827 INFO [AsyncResolver-bootstrap-executor-0][ConfigClusterResolver.java:43] - Resolving eureka endpoints via configuration
[ConsumerService][53050] 2022-07-10 23:31:08,744 INFO [hmilyTransaction-tccRollBackService-1][LogUtil.java:87] - rollback execute delayTime:60
[ConsumerService][53050] 2022-07-10 23:32:08,752 INFO [hmilyTransaction-tccRollBackService-1][LogUtil.java:87] - rollback execute delayTime:60
[ConsumerService][53050] 2022-07-10 23:33:08,763 INFO [hmilyTransaction-tccRollBackService-1][LogUtil.java:87] - rollback execute delayTime:60
[ConsumerService][53050] 2022-07-10 23:34:08,773 INFO [hmilyTransaction-tccRollBackService-1][LogUtil.java:87] - rollback execute delayTime:60
[ConsumerService][53050] 2022-07-10 23:35:08,778 INFO [hmilyTransaction-tccRollBackService-1][LogUtil.java:87] - rollback execute delayTime:60
[ConsumerService][53050] 2022-07-10 23:35:40,842 INFO [AsyncResolver-bootstrap-executor-0][ConfigClusterResolver.java:43] - Resolving eureka endpoints via configuration
[ConsumerService][53050] 2022-07-10 23:36:08,784 INFO [hmilyTransaction-tccRollBackService-1][LogUtil.java:87] - rollback execute delayTime:60
[ConsumerService][53050] 2022-07-10 23:37:08,795 INFO [hmilyTransaction-tccRollBackService-1][LogUtil.java:87] - rollback execute delayTime:60
[ConsumerService][53050] 2022-07-10 23:38:08,802 INFO [hmilyTransaction-tccRollBackService-1][LogUtil.java:87] - rollback execute delayTime:60
[ConsumerService][53050] 2022-07-10 23:39:08,808 INFO [hmilyTransaction-tccRollBackService-1][LogUtil.java:87] - rollback execute delayTime:60
[ConsumerService][53050] 2022-07-10 23:40:08,826 INFO [hmilyTransaction-tccRollBackService-1][LogUtil.java:87] - rollback execute delayTime:60
[ConsumerService][53050] 2022-07-10 23:40:40,857 INFO [AsyncResolver-bootstrap-executor-0][ConfigClusterResolver.java:43] - Resolving eureka endpoints via configuration
[ConsumerService][53050] 2022-07-10 23:41:08,831 INFO [hmilyTransaction-tccRollBackService-1][LogUtil.java:87] - rollback execute delayTime:60
[ConsumerService][53050] 2022-07-10 23:42:08,836 INFO [hmilyTransaction-tccRollBackService-1][LogUtil.java:87] - rollback execute delayTime:60
[ConsumerService][53050] 2022-07-10 23:43:08,854 INFO [hmilyTransaction-tccRollBackService-1][LogUtil.java:87] - rollback execute delayTime:60
[ConsumerService][53050] 2022-07-10 23:44:08,862 INFO [hmilyTransaction-tccRollBackService-1][LogUtil.java:87] - rollback execute delayTime:60
[ConsumerService][53050] 2022-07-10 23:45:08,873 INFO [hmilyTransaction-tccRollBackService-1][LogUtil.java:87] - rollback execute delayTime:60
[ConsumerService][53050] 2022-07-10 23:45:40,868 INFO [AsyncResolver-bootstrap-executor-0][ConfigClusterResolver.java:43] - Resolving eureka endpoints via configuration
[ConsumerService][53050] 2022-07-10 23:46:08,882 INFO [hmilyTransaction-tccRollBackService-1][LogUtil.java:87] - rollback execute delayTime:60
[ConsumerService][53050] 2022-07-10 23:47:08,888 INFO [hmilyTransaction-tccRollBackService-1][LogUtil.java:87] - rollback execute delayTime:60
[ConsumerService][53050] 2022-07-10 23:48:08,895 INFO [hmilyTransaction-tccRollBackService-1][LogUtil.java:87] - rollback execute delayTime:60
[ConsumerService][53050] 2022-07-10 23:48:50,805 INFO [http-nio-53050-exec-7][SecurityUtil.java:21] - 当前登录用户:LoginUser(tenantId=null, departmentId=null, payload={}, username=null, mobile=15378791981, userAuthorities={}, clientId=wanxin-p2p-web-h5)
[ConsumerService][53050] 2022-07-10 23:48:53,616 INFO [http-nio-53050-exec-8][SecurityUtil.java:21] - 当前登录用户:LoginUser(tenantId=null, departmentId=null, payload={}, username=null, mobile=15378791981, userAuthorities={}, clientId=wanxin-p2p-web-h5)
[ConsumerService][53050] 2022-07-10 23:49:08,909 INFO [hmilyTransaction-tccRollBackService-1][LogUtil.java:87] - rollback execute delayTime:60
[ConsumerService][53050] 2022-07-10 23:49:14,313 INFO [http-nio-53050-exec-6][SecurityUtil.java:21] - 当前登录用户:LoginUser(tenantId=null, departmentId=null, payload={}, username=null, mobile=15378791984, userAuthorities={}, clientId=wanxin-p2p-web-h5)
[ConsumerService][53050] 2022-07-10 23:49:17,359 INFO [http-nio-53050-exec-10][SecurityUtil.java:21] - 当前登录用户:LoginUser(tenantId=null, departmentId=null, payload={}, username=null, mobile=15378791984, userAuthorities={}, clientId=wanxin-p2p-web-h5)
[ConsumerService][53050] 2022-07-10 23:49:23,794 INFO [http-nio-53050-exec-1][SecurityUtil.java:21] - 当前登录用户:LoginUser(tenantId=null, departmentId=null, payload={}, username=null, mobile=15378791981, userAuthorities={}, clientId=wanxin-p2p-web-h5)
[ConsumerService][53050] 2022-07-10 23:49:26,877 INFO [http-nio-53050-exec-2][SecurityUtil.java:21] - 当前登录用户:LoginUser(tenantId=null, departmentId=null, payload={}, username=null, mobile=15378791981, userAuthorities={}, clientId=wanxin-p2p-web-h5)
[ConsumerService][53050] 2022-07-10 23:50:08,932 INFO [hmilyTransaction-tccRollBackService-1][LogUtil.java:87] - rollback execute delayTime:60
[ConsumerService][53050] 2022-07-10 23:50:28,418 INFO [http-nio-53050-exec-9][SecurityUtil.java:21] - 当前登录用户:LoginUser(tenantId=null, departmentId=null, payload={}, username=null, mobile=15378791981, userAuthorities={}, clientId=wanxin-p2p-web-h5)
[ConsumerService][53050] 2022-07-10 23:50:29,220 INFO [http-nio-53050-exec-7][SecurityUtil.java:21] - 当前登录用户:LoginUser(tenantId=null, departmentId=null, payload={}, username=null, mobile=15378791981, userAuthorities={}, clientId=wanxin-p2p-web-h5)
[ConsumerService][53050] 2022-07-10 23:50:38,828 INFO [http-nio-53050-exec-8][SecurityUtil.java:21] - 当前登录用户:LoginUser(tenantId=null, departmentId=null, payload={}, username=null, mobile=15378791982, userAuthorities={}, clientId=wanxin-p2p-web-h5)
[ConsumerService][53050] 2022-07-10 23:50:40,882 INFO [AsyncResolver-bootstrap-executor-0][ConfigClusterResolver.java:43] - Resolving eureka endpoints via configuration
[ConsumerService][53050] 2022-07-10 23:50:41,720 INFO [http-nio-53050-exec-6][SecurityUtil.java:21] - 当前登录用户:LoginUser(tenantId=null, departmentId=null, payload={}, username=null, mobile=15378791982, userAuthorities={}, clientId=wanxin-p2p-web-h5)
[ConsumerService][53050] 2022-07-10 23:50:49,730 INFO [http-nio-53050-exec-1][SecurityUtil.java:21] - 当前登录用户:LoginUser(tenantId=null, departmentId=null, payload={}, username=null, mobile=15378791982, userAuthorities={}, clientId=wanxin-p2p-web-h5)
[ConsumerService][53050] 2022-07-10 23:51:08,945 INFO [hmilyTransaction-tccRollBackService-1][LogUtil.java:87] - rollback execute delayTime:60
[ConsumerService][53050] 2022-07-10 23:51:14,174 INFO [http-nio-53050-exec-2][SecurityUtil.java:21] - 当前登录用户:LoginUser(tenantId=null, departmentId=null, payload={}, username=null, mobile=15378791982, userAuthorities={}, clientId=wanxin-p2p-web-h5)
[ConsumerService][53050] 2022-07-10 23:51:26,492 INFO [http-nio-53050-exec-5][SecurityUtil.java:21] - 当前登录用户:LoginUser(tenantId=null, departmentId=null, payload={}, username=null, mobile=15378791982, userAuthorities={}, clientId=wanxin-p2p-web-h5)
[ConsumerService][53050] 2022-07-10 23:51:33,545 INFO [http-nio-53050-exec-7][SecurityUtil.java:21] - 当前登录用户:LoginUser(tenantId=null, departmentId=null, payload={}, username=null, mobile=15378791982, userAuthorities={}, clientId=wanxin-p2p-web-h5)
[ConsumerService][53050] 2022-07-10 23:51:38,624 INFO [http-nio-53050-exec-6][SecurityUtil.java:21] - 当前登录用户:LoginUser(tenantId=null, departmentId=null, payload={}, username=null, mobile=15378791982, userAuthorities={}, clientId=wanxin-p2p-web-h5)
[ConsumerService][53050] 2022-07-10 23:51:46,641 INFO [http-nio-53050-exec-10][SecurityUtil.java:21] - 当前登录用户:LoginUser(tenantId=null, departmentId=null, payload={}, username=null, mobile=15378791982, userAuthorities={}, clientId=wanxin-p2p-web-h5)
[ConsumerService][53050] 2022-07-10 23:51:57,543 INFO [http-nio-53050-exec-2][SecurityUtil.java:21] - 当前登录用户:LoginUser(tenantId=null, departmentId=null, payload={}, username=null, mobile=15378791982, userAuthorities={}, clientId=wanxin-p2p-web-h5)
[ConsumerService][53050] 2022-07-10 23:52:03,979 INFO [http-nio-53050-exec-5][SecurityUtil.java:21] - 当前登录用户:LoginUser(tenantId=null, departmentId=null, payload={}, username=null, mobile=15378791982, userAuthorities={}, clientId=wanxin-p2p-web-h5)
[ConsumerService][53050] 2022-07-10 23:52:06,013 INFO [http-nio-53050-exec-5][ChainedDynamicProperty.java:115] - Flipping property: DEPOSITORY-AGENT-SERVICE.ribbon.ActiveConnectionsLimit to use NEXT property: niws.loadbalancer.availabilityFilteringRule.activeConnectionsLimit = 2147483647
[ConsumerService][53050] 2022-07-10 23:52:06,069 INFO [http-nio-53050-exec-5][ShutdownEnabledTimer.java:58] - Shutdown hook installed for: NFLoadBalancer-PingTimer-DEPOSITORY-AGENT-SERVICE
[ConsumerService][53050] 2022-07-10 23:52:06,071 INFO [http-nio-53050-exec-5][BaseLoadBalancer.java:197] - Client: DEPOSITORY-AGENT-SERVICE instantiated a LoadBalancer: DynamicServerListLoadBalancer:{NFLoadBalancer:name=DEPOSITORY-AGENT-SERVICE,current list of Servers=[],Load balancer stats=Zone stats: {},Server stats: []}ServerList:null
[ConsumerService][53050] 2022-07-10 23:52:06,125 INFO [http-nio-53050-exec-5][DynamicServerListLoadBalancer.java:222] - Using serverListUpdater PollingServerListUpdater
[ConsumerService][53050] 2022-07-10 23:52:06,168 INFO [http-nio-53050-exec-5][ChainedDynamicProperty.java:115] - Flipping property: DEPOSITORY-AGENT-SERVICE.ribbon.ActiveConnectionsLimit to use NEXT property: niws.loadbalancer.availabilityFilteringRule.activeConnectionsLimit = 2147483647
[ConsumerService][53050] 2022-07-10 23:52:06,174 INFO [http-nio-53050-exec-5][DynamicServerListLoadBalancer.java:150] - DynamicServerListLoadBalancer for client DEPOSITORY-AGENT-SERVICE initialized: DynamicServerListLoadBalancer:{NFLoadBalancer:name=DEPOSITORY-AGENT-SERVICE,current list of Servers=[192.168.1.4:53070],Load balancer stats=Zone stats: {defaultzone=[Zone:defaultzone;	Instance count:1;	Active connections count: 0;	Circuit breaker tripped count: 0;	Active connections per server: 0.0;]
},Server stats: [[Server:192.168.1.4:53070;	Zone:defaultZone;	Total Requests:0;	Successive connection failure:0;	Total blackout seconds:0;	Last connection made:Thu Jan 01 08:00:00 CST 1970;	First connection made: Thu Jan 01 08:00:00 CST 1970;	Active Connections:0;	total failure count in last (1000) msecs:0;	average resp time:0.0;	90 percentile resp time:0.0;	95 percentile resp time:0.0;	min resp time:0.0;	max resp time:0.0;	stddev resp time:0.0]
]}ServerList:org.springframework.cloud.netflix.ribbon.eureka.DomainExtractingServerList@4f06fd7a
[ConsumerService][53050] 2022-07-10 23:52:07,138 INFO [PollingServerListUpdater-0][ChainedDynamicProperty.java:115] - Flipping property: DEPOSITORY-AGENT-SERVICE.ribbon.ActiveConnectionsLimit to use NEXT property: niws.loadbalancer.availabilityFilteringRule.activeConnectionsLimit = 2147483647
[ConsumerService][53050] 2022-07-10 23:52:08,949 INFO [hmilyTransaction-tccRollBackService-1][LogUtil.java:87] - rollback execute delayTime:60
[ConsumerService][53050] 2022-07-10 23:52:16,838 INFO [ConsumeMessageThread_3][GatewayNotifyListener.java:29] - 开始消费——开户信息(来自银行存管代理服务)
[ConsumerService][53050] 2022-07-10 23:52:17,452 INFO [http-nio-53050-exec-4][SecurityUtil.java:21] - 当前登录用户:LoginUser(tenantId=null, departmentId=null, payload={}, username=null, mobile=15378791982, userAuthorities={}, clientId=wanxin-p2p-web-h5)
[ConsumerService][53050] 2022-07-10 23:52:19,244 INFO [http-nio-53050-exec-7][SecurityUtil.java:21] - 当前登录用户:LoginUser(tenantId=null, departmentId=null, payload={}, username=null, mobile=15378791982, userAuthorities={}, clientId=wanxin-p2p-web-h5)
[ConsumerService][53050] 2022-07-10 23:52:22,108 INFO [http-nio-53050-exec-9][SecurityUtil.java:21] - 当前登录用户:LoginUser(tenantId=null, departmentId=null, payload={}, username=null, mobile=15378791982, userAuthorities={}, clientId=wanxin-p2p-web-h5)
[ConsumerService][53050] 2022-07-10 23:52:39,021 INFO [http-nio-53050-exec-8][SecurityUtil.java:21] - 当前登录用户:LoginUser(tenantId=null, departmentId=null, payload={}, username=null, mobile=15378791982, userAuthorities={}, clientId=wanxin-p2p-web-h5)
[ConsumerService][53050] 2022-07-10 23:53:08,957 INFO [hmilyTransaction-tccRollBackService-1][LogUtil.java:87] - rollback execute delayTime:60
[ConsumerService][53050] 2022-07-10 23:53:57,712 INFO [http-nio-53050-exec-2][SecurityUtil.java:21] - 当前登录用户:LoginUser(tenantId=null, departmentId=null, payload={}, username=null, mobile=15378791982, userAuthorities={}, clientId=wanxin-p2p-web-h5)
[ConsumerService][53050] 2022-07-10 23:54:08,278 INFO [http-nio-53050-exec-4][SecurityUtil.java:21] - 当前登录用户:LoginUser(tenantId=null, departmentId=null, payload={}, username=null, mobile=15378791982, userAuthorities={}, clientId=wanxin-p2p-web-h5)
[ConsumerService][53050] 2022-07-10 23:54:08,974 INFO [hmilyTransaction-tccRollBackService-1][LogUtil.java:87] - rollback execute delayTime:60
[ConsumerService][53050] 2022-07-10 23:54:15,272 INFO [http-nio-53050-exec-9][SecurityUtil.java:21] - 当前登录用户:LoginUser(tenantId=null, departmentId=null, payload={}, username=null, mobile=15378791982, userAuthorities={}, clientId=wanxin-p2p-web-h5)
[ConsumerService][53050] 2022-07-10 23:55:08,993 INFO [hmilyTransaction-tccRollBackService-1][LogUtil.java:87] - rollback execute delayTime:60
[ConsumerService][53050] 2022-07-10 23:55:40,888 INFO [AsyncResolver-bootstrap-executor-0][ConfigClusterResolver.java:43] - Resolving eureka endpoints via configuration
[ConsumerService][53050] 2022-07-10 23:56:08,998 INFO [hmilyTransaction-tccRollBackService-1][LogUtil.java:87] - rollback execute delayTime:60
[ConsumerService][53050] 2022-07-10 23:57:09,015 INFO [hmilyTransaction-tccRollBackService-1][LogUtil.java:87] - rollback execute delayTime:60
[ConsumerService][53050] 2022-07-10 23:58:09,020 INFO [hmilyTransaction-tccRollBackService-1][LogUtil.java:87] - rollback execute delayTime:60
[ConsumerService][53050] 2022-07-10 23:59:09,033 INFO [hmilyTransaction-tccRollBackService-1][LogUtil.java:87] - rollback execute delayTime:60
