[Repayment-Service][53080] 2022-07-10 16:32:05,657 INFO [main][DefaultApplicationProvider.java:85] - App ID is set to repayment-service by app.id property from System Property
[Repayment-Service][53080] 2022-07-10 16:32:05,667 INFO [main][DefaultServerProvider.java:108] - Environment is set to [dev] by JVM system property 'env'.
[Repayment-Service][53080] 2022-07-10 16:32:05,765 WARN [main][DefaultMetaServerProvider.java:39] - Could not find meta server address, because it is not available in neither (1) JVM system property 'apollo.meta', (2) OS env variable 'APOLLO_META' (3) property 'apollo.meta' from server.properties nor (4) property 'apollo.meta' from app.properties
[Repayment-Service][53080] 2022-07-10 16:32:05,780 INFO [main][MetaDomainConsts.java:93] - Located meta server address http://localhost:8080 for env DEV from com.ctrip.framework.apollo.core.internals.LegacyMetaServerProvider
[Repayment-Service][53080] 2022-07-10 16:32:11,184 WARN [main][RemoteConfigRepository.java:194] - Load config failed, will retry in 1 SECONDS. appId: repayment-service, cluster: DEFAULT, namespaces: application
[Repayment-Service][53080] 2022-07-10 16:32:12,200 WARN [main][AbstractConfigRepository.java:26] - Sync config failed, will retry. Repository class com.ctrip.framework.apollo.internals.RemoteConfigRepository, reason: Load Apollo Config failed - appId: repayment-service, cluster: DEFAULT, namespace: application, url: http://192.168.1.4:8080/configs/repayment-service/DEFAULT/application?ip=172.26.144.1 [Cause: [status code: 404] Could not find config for namespace - appId: repayment-service, cluster: DEFAULT, namespace: application, please check whether the configs are released in Apollo!]
[Repayment-Service][53080] 2022-07-10 16:32:12,215 WARN [main][RemoteConfigRepository.java:194] - Load config failed, will retry in 1 SECONDS. appId: repayment-service, cluster: DEFAULT, namespaces: application
[Repayment-Service][53080] 2022-07-10 16:32:13,234 WARN [main][LocalFileConfigRepository.java:167] - Sync config from upstream repository class com.ctrip.framework.apollo.internals.RemoteConfigRepository failed, reason: Load Apollo Config failed - appId: repayment-service, cluster: DEFAULT, namespace: application, url: http://192.168.1.4:8080/configs/repayment-service/DEFAULT/application?ip=172.26.144.1 [Cause: [status code: 404] Could not find config for namespace - appId: repayment-service, cluster: DEFAULT, namespace: application, please check whether the configs are released in Apollo!]
[Repayment-Service][53080] 2022-07-10 16:32:13,243 WARN [main][RemoteConfigRepository.java:194] - Load config failed, will retry in 1 SECONDS. appId: repayment-service, cluster: DEFAULT, namespaces: application
[Repayment-Service][53080] 2022-07-10 16:32:14,268 WARN [main][LocalFileConfigRepository.java:167] - Sync config from upstream repository class com.ctrip.framework.apollo.internals.RemoteConfigRepository failed, reason: Load Apollo Config failed - appId: repayment-service, cluster: DEFAULT, namespace: application, url: http://192.168.1.4:8080/configs/repayment-service/DEFAULT/application?ip=172.26.144.1&messages=%7B%22details%22%3A%7B%22repayment-service%2Bdefault%2Bapplication%22%3A318%7D%7D [Cause: [status code: 404] Could not find config for namespace - appId: repayment-service, cluster: DEFAULT, namespace: application, please check whether the configs are released in Apollo!]
[Repayment-Service][53080] 2022-07-10 16:32:14,271 WARN [main][AbstractConfigRepository.java:26] - Sync config failed, will retry. Repository class com.ctrip.framework.apollo.internals.LocalFileConfigRepository, reason: Load config from local config failed! [Cause: Cannot read from local cache file C:\opt\data\repayment-service\config-cache\repayment-service+DEFAULT+application.properties]
[Repayment-Service][53080] 2022-07-10 16:32:14,280 WARN [Apollo-RemoteConfigRepository-1][RemoteConfigRepository.java:194] - Load config failed, will retry in 1 SECONDS. appId: repayment-service, cluster: DEFAULT, namespaces: application
[Repayment-Service][53080] 2022-07-10 16:32:15,302 WARN [Apollo-RemoteConfigRepository-1][RemoteConfigRepository.java:194] - Load config failed, will retry in 1 SECONDS. appId: repayment-service, cluster: DEFAULT, namespaces: application
[Repayment-Service][53080] 2022-07-10 16:32:16,313 WARN [Apollo-RemoteConfigRepository-1][AbstractConfigRepository.java:26] - Sync config failed, will retry. Repository class com.ctrip.framework.apollo.internals.RemoteConfigRepository, reason: Load Apollo Config failed - appId: repayment-service, cluster: DEFAULT, namespace: application, url: http://192.168.1.4:8080/configs/repayment-service/DEFAULT/application?ip=172.26.144.1&messages=%7B%22details%22%3A%7B%22repayment-service%2Bdefault%2Bapplication%22%3A318%7D%7D [Cause: [status code: 404] Could not find config for namespace - appId: repayment-service, cluster: DEFAULT, namespace: application, please check whether the configs are released in Apollo!]
[Repayment-Service][53080] 2022-07-10 16:32:16,319 WARN [main][RemoteConfigRepository.java:194] - Load config failed, will retry in 1 SECONDS. appId: repayment-service, cluster: DEFAULT, namespaces: application
[Repayment-Service][53080] 2022-07-10 16:32:17,340 WARN [main][LocalFileConfigRepository.java:167] - Sync config from upstream repository class com.ctrip.framework.apollo.internals.RemoteConfigRepository failed, reason: Load Apollo Config failed - appId: repayment-service, cluster: DEFAULT, namespace: application, url: http://192.168.1.4:8080/configs/repayment-service/DEFAULT/application?ip=172.26.144.1&messages=%7B%22details%22%3A%7B%22repayment-service%2Bdefault%2Bapplication%22%3A318%7D%7D [Cause: [status code: 404] Could not find config for namespace - appId: repayment-service, cluster: DEFAULT, namespace: application, please check whether the configs are released in Apollo!]
[Repayment-Service][53080] 2022-07-10 16:32:17,341 WARN [main][DefaultConfig.java:61] - Init Apollo Local Config failed - namespace: application, reason: Load config from local config failed! [Cause: Cannot read from local cache file C:\opt\data\repayment-service\config-cache\repayment-service+DEFAULT+application.properties].
[Repayment-Service][53080] 2022-07-10 16:32:17,392 WARN [main][RemoteConfigRepository.java:194] - Load config failed, will retry in 1 SECONDS. appId: repayment-service, cluster: DEFAULT, namespaces: micro_service.spring-cloud-feign
[Repayment-Service][53080] 2022-07-10 16:32:18,416 WARN [main][AbstractConfigRepository.java:26] - Sync config failed, will retry. Repository class com.ctrip.framework.apollo.internals.RemoteConfigRepository, reason: Load Apollo Config failed - appId: repayment-service, cluster: DEFAULT, namespace: micro_service.spring-cloud-feign, url: http://192.168.1.4:8080/configs/repayment-service/DEFAULT/micro_service.spring-cloud-feign?ip=172.26.144.1 [Cause: [status code: 404] Could not find config for namespace - appId: repayment-service, cluster: DEFAULT, namespace: micro_service.spring-cloud-feign, please check whether the configs are released in Apollo!]
[Repayment-Service][53080] 2022-07-10 16:32:18,434 WARN [main][RemoteConfigRepository.java:194] - Load config failed, will retry in 1 SECONDS. appId: repayment-service, cluster: DEFAULT, namespaces: micro_service.spring-cloud-feign
[Repayment-Service][53080] 2022-07-10 16:32:19,451 WARN [main][LocalFileConfigRepository.java:167] - Sync config from upstream repository class com.ctrip.framework.apollo.internals.RemoteConfigRepository failed, reason: Load Apollo Config failed - appId: repayment-service, cluster: DEFAULT, namespace: micro_service.spring-cloud-feign, url: http://192.168.1.4:8080/configs/repayment-service/DEFAULT/micro_service.spring-cloud-feign?ip=172.26.144.1 [Cause: [status code: 404] Could not find config for namespace - appId: repayment-service, cluster: DEFAULT, namespace: micro_service.spring-cloud-feign, please check whether the configs are released in Apollo!]
[Repayment-Service][53080] 2022-07-10 16:32:19,462 WARN [main][RemoteConfigRepository.java:194] - Load config failed, will retry in 1 SECONDS. appId: repayment-service, cluster: DEFAULT, namespaces: micro_service.spring-cloud-feign
[Repayment-Service][53080] 2022-07-10 16:32:20,487 WARN [main][LocalFileConfigRepository.java:167] - Sync config from upstream repository class com.ctrip.framework.apollo.internals.RemoteConfigRepository failed, reason: Load Apollo Config failed - appId: repayment-service, cluster: DEFAULT, namespace: micro_service.spring-cloud-feign, url: http://192.168.1.4:8080/configs/repayment-service/DEFAULT/micro_service.spring-cloud-feign?ip=172.26.144.1 [Cause: [status code: 404] Could not find config for namespace - appId: repayment-service, cluster: DEFAULT, namespace: micro_service.spring-cloud-feign, please check whether the configs are released in Apollo!]
[Repayment-Service][53080] 2022-07-10 16:32:20,488 WARN [main][AbstractConfigRepository.java:26] - Sync config failed, will retry. Repository class com.ctrip.framework.apollo.internals.LocalFileConfigRepository, reason: Load config from local config failed! [Cause: Cannot read from local cache file C:\opt\data\repayment-service\config-cache\repayment-service+DEFAULT+micro_service.spring-cloud-feign.properties]
[Repayment-Service][53080] 2022-07-10 16:32:20,499 WARN [main][RemoteConfigRepository.java:194] - Load config failed, will retry in 1 SECONDS. appId: repayment-service, cluster: DEFAULT, namespaces: micro_service.spring-cloud-feign
[Repayment-Service][53080] 2022-07-10 16:32:21,518 WARN [main][LocalFileConfigRepository.java:167] - Sync config from upstream repository class com.ctrip.framework.apollo.internals.RemoteConfigRepository failed, reason: Load Apollo Config failed - appId: repayment-service, cluster: DEFAULT, namespace: micro_service.spring-cloud-feign, url: http://192.168.1.4:8080/configs/repayment-service/DEFAULT/micro_service.spring-cloud-feign?ip=172.26.144.1 [Cause: [status code: 404] Could not find config for namespace - appId: repayment-service, cluster: DEFAULT, namespace: micro_service.spring-cloud-feign, please check whether the configs are released in Apollo!]
[Repayment-Service][53080] 2022-07-10 16:32:21,519 WARN [main][DefaultConfig.java:61] - Init Apollo Local Config failed - namespace: micro_service.spring-cloud-feign, reason: Load config from local config failed! [Cause: Cannot read from local cache file C:\opt\data\repayment-service\config-cache\repayment-service+DEFAULT+micro_service.spring-cloud-feign.properties].
[Repayment-Service][53080] 2022-07-10 16:32:21,587 WARN [main][DefaultConfig.java:95] - Could not load config for namespace application from Apollo, please check whether the configs are released in Apollo! Return default value now!
[Repayment-Service][53080] 2022-07-10 16:32:21,588 WARN [main][DefaultConfig.java:95] - Could not load config for namespace micro_service.spring-cloud-feign from Apollo, please check whether the configs are released in Apollo! Return default value now!
[Repayment-Service][53080] 2022-07-10 16:32:21,590 INFO [main][SpringApplication.java:675] - No active profile set, falling back to default profiles: default
[Repayment-Service][53080] 2022-07-10 16:32:28,063 INFO [main][RepositoryConfigurationDelegate.java:126] - Bootstrapping Spring Data repositories in DEFAULT mode.
[Repayment-Service][53080] 2022-07-10 16:32:28,149 INFO [main][RepositoryConfigurationDelegate.java:182] - Finished Spring Data repository scanning in 65ms. Found 0 repository interfaces.
[Repayment-Service][53080] 2022-07-10 16:32:28,606 WARN [main][EndpointId.java:135] - Endpoint ID 'service-registry' contains invalid characters, please migrate to a valid format.
[Repayment-Service][53080] 2022-07-10 16:32:29,487 INFO [main][GenericScope.java:294] - BeanFactory id=3d82912c-eb80-325c-a33e-499b63b174b2
[Repayment-Service][53080] 2022-07-10 16:32:29,849 INFO [main][PostProcessorRegistrationDelegate.java:330] - Bean 'com.alibaba.druid.spring.boot.autoconfigure.stat.DruidSpringAopConfiguration' of type [com.alibaba.druid.spring.boot.autoconfigure.stat.DruidSpringAopConfiguration] is not eligible for getting processed by all BeanPostProcessors (for example: not eligible for auto-proxying)
[Repayment-Service][53080] 2022-07-10 16:32:29,888 INFO [main][PostProcessorRegistrationDelegate.java:330] - Bean 'org.apache.rocketmq.spring.autoconfigure.RocketMQAutoConfiguration' of type [org.apache.rocketmq.spring.autoconfigure.RocketMQAutoConfiguration$$EnhancerBySpringCGLIB$$6f8dec7c] is not eligible for getting processed by all BeanPostProcessors (for example: not eligible for auto-proxying)
[Repayment-Service][53080] 2022-07-10 16:32:29,946 INFO [main][PostProcessorRegistrationDelegate.java:330] - Bean 'rocketmq-org.apache.rocketmq.spring.autoconfigure.RocketMQProperties' of type [org.apache.rocketmq.spring.autoconfigure.RocketMQProperties] is not eligible for getting processed by all BeanPostProcessors (for example: not eligible for auto-proxying)
[Repayment-Service][53080] 2022-07-10 16:32:34,287 INFO [main][PostProcessorRegistrationDelegate.java:330] - Bean 'defaultMQProducer' of type [org.apache.rocketmq.client.producer.DefaultMQProducer] is not eligible for getting processed by all BeanPostProcessors (for example: not eligible for auto-proxying)
[Repayment-Service][53080] 2022-07-10 16:32:34,298 INFO [main][PostProcessorRegistrationDelegate.java:330] - Bean 'org.springframework.boot.autoconfigure.jackson.JacksonAutoConfiguration$JacksonObjectMapperConfiguration' of type [org.springframework.boot.autoconfigure.jackson.JacksonAutoConfiguration$JacksonObjectMapperConfiguration$$EnhancerBySpringCGLIB$$a28b5d11] is not eligible for getting processed by all BeanPostProcessors (for example: not eligible for auto-proxying)
[Repayment-Service][53080] 2022-07-10 16:32:34,313 INFO [main][PostProcessorRegistrationDelegate.java:330] - Bean 'org.springframework.boot.autoconfigure.jackson.JacksonAutoConfiguration$JacksonObjectMapperBuilderConfiguration' of type [org.springframework.boot.autoconfigure.jackson.JacksonAutoConfiguration$JacksonObjectMapperBuilderConfiguration$$EnhancerBySpringCGLIB$$54d81f2a] is not eligible for getting processed by all BeanPostProcessors (for example: not eligible for auto-proxying)
[Repayment-Service][53080] 2022-07-10 16:32:34,321 INFO [main][PostProcessorRegistrationDelegate.java:330] - Bean 'org.springframework.boot.autoconfigure.jackson.JacksonAutoConfiguration$Jackson2ObjectMapperBuilderCustomizerConfiguration' of type [org.springframework.boot.autoconfigure.jackson.JacksonAutoConfiguration$Jackson2ObjectMapperBuilderCustomizerConfiguration$$EnhancerBySpringCGLIB$$fef0519] is not eligible for getting processed by all BeanPostProcessors (for example: not eligible for auto-proxying)
[Repayment-Service][53080] 2022-07-10 16:32:34,337 INFO [main][PostProcessorRegistrationDelegate.java:330] - Bean 'spring.jackson-org.springframework.boot.autoconfigure.jackson.JacksonProperties' of type [org.springframework.boot.autoconfigure.jackson.JacksonProperties] is not eligible for getting processed by all BeanPostProcessors (for example: not eligible for auto-proxying)
[Repayment-Service][53080] 2022-07-10 16:32:34,342 INFO [main][PostProcessorRegistrationDelegate.java:330] - Bean 'standardJacksonObjectMapperBuilderCustomizer' of type [org.springframework.boot.autoconfigure.jackson.JacksonAutoConfiguration$Jackson2ObjectMapperBuilderCustomizerConfiguration$StandardJackson2ObjectMapperBuilderCustomizer] is not eligible for getting processed by all BeanPostProcessors (for example: not eligible for auto-proxying)
[Repayment-Service][53080] 2022-07-10 16:32:34,356 INFO [main][PostProcessorRegistrationDelegate.java:330] - Bean 'org.springframework.boot.autoconfigure.jackson.JacksonAutoConfiguration$ParameterNamesModuleConfiguration' of type [org.springframework.boot.autoconfigure.jackson.JacksonAutoConfiguration$ParameterNamesModuleConfiguration$$EnhancerBySpringCGLIB$$36ba7c47] is not eligible for getting processed by all BeanPostProcessors (for example: not eligible for auto-proxying)
[Repayment-Service][53080] 2022-07-10 16:32:34,377 INFO [main][PostProcessorRegistrationDelegate.java:330] - Bean 'parameterNamesModule' of type [com.fasterxml.jackson.module.paramnames.ParameterNamesModule] is not eligible for getting processed by all BeanPostProcessors (for example: not eligible for auto-proxying)
[Repayment-Service][53080] 2022-07-10 16:32:34,379 INFO [main][PostProcessorRegistrationDelegate.java:330] - Bean 'org.springframework.boot.autoconfigure.jackson.JacksonAutoConfiguration' of type [org.springframework.boot.autoconfigure.jackson.JacksonAutoConfiguration$$EnhancerBySpringCGLIB$$8496faa0] is not eligible for getting processed by all BeanPostProcessors (for example: not eligible for auto-proxying)
[Repayment-Service][53080] 2022-07-10 16:32:34,518 INFO [main][PostProcessorRegistrationDelegate.java:330] - Bean 'jsonComponentModule' of type [org.springframework.boot.jackson.JsonComponentModule] is not eligible for getting processed by all BeanPostProcessors (for example: not eligible for auto-proxying)
[Repayment-Service][53080] 2022-07-10 16:32:34,520 INFO [main][PostProcessorRegistrationDelegate.java:330] - Bean 'org.springframework.data.web.config.SpringDataJacksonConfiguration' of type [org.springframework.data.web.config.SpringDataJacksonConfiguration] is not eligible for getting processed by all BeanPostProcessors (for example: not eligible for auto-proxying)
[Repayment-Service][53080] 2022-07-10 16:32:34,540 INFO [main][PostProcessorRegistrationDelegate.java:330] - Bean 'jacksonGeoModule' of type [org.springframework.data.geo.GeoModule] is not eligible for getting processed by all BeanPostProcessors (for example: not eligible for auto-proxying)
[Repayment-Service][53080] 2022-07-10 16:32:34,542 INFO [main][PostProcessorRegistrationDelegate.java:330] - Bean 'org.springframework.data.mongodb.config.GeoJsonConfiguration' of type [org.springframework.data.mongodb.config.GeoJsonConfiguration] is not eligible for getting processed by all BeanPostProcessors (for example: not eligible for auto-proxying)
[Repayment-Service][53080] 2022-07-10 16:32:34,567 INFO [main][PostProcessorRegistrationDelegate.java:330] - Bean 'geoJsonModule' of type [org.springframework.data.mongodb.core.geo.GeoJsonModule] is not eligible for getting processed by all BeanPostProcessors (for example: not eligible for auto-proxying)
[Repayment-Service][53080] 2022-07-10 16:32:34,577 INFO [main][PostProcessorRegistrationDelegate.java:330] - Bean 'jacksonObjectMapperBuilder' of type [org.springframework.http.converter.json.Jackson2ObjectMapperBuilder] is not eligible for getting processed by all BeanPostProcessors (for example: not eligible for auto-proxying)
[Repayment-Service][53080] 2022-07-10 16:32:34,648 INFO [main][PostProcessorRegistrationDelegate.java:330] - Bean 'jacksonObjectMapper' of type [com.fasterxml.jackson.databind.ObjectMapper] is not eligible for getting processed by all BeanPostProcessors (for example: not eligible for auto-proxying)
[Repayment-Service][53080] 2022-07-10 16:32:47,532 INFO [main][PostProcessorRegistrationDelegate.java:330] - Bean 'rocketMQTemplate' of type [org.apache.rocketmq.spring.core.RocketMQTemplate] is not eligible for getting processed by all BeanPostProcessors (for example: not eligible for auto-proxying)
[Repayment-Service][53080] 2022-07-10 16:32:47,545 INFO [main][PostProcessorRegistrationDelegate.java:330] - Bean 'transactionHandlerRegistry' of type [org.apache.rocketmq.spring.config.TransactionHandlerRegistry] is not eligible for getting processed by all BeanPostProcessors (for example: not eligible for auto-proxying)
[Repayment-Service][53080] 2022-07-10 16:32:47,757 INFO [main][PostProcessorRegistrationDelegate.java:330] - Bean 'org.springframework.transaction.annotation.ProxyTransactionManagementConfiguration' of type [org.springframework.transaction.annotation.ProxyTransactionManagementConfiguration$$EnhancerBySpringCGLIB$$46f7dd80] is not eligible for getting processed by all BeanPostProcessors (for example: not eligible for auto-proxying)
[Repayment-Service][53080] 2022-07-10 16:32:48,185 INFO [main][PostProcessorRegistrationDelegate.java:330] - Bean 'spring.datasource.druid-com.alibaba.druid.spring.boot.autoconfigure.properties.DruidStatProperties' of type [com.alibaba.druid.spring.boot.autoconfigure.properties.DruidStatProperties] is not eligible for getting processed by all BeanPostProcessors (for example: not eligible for auto-proxying)
[Repayment-Service][53080] 2022-07-10 16:32:48,216 INFO [main][PostProcessorRegistrationDelegate.java:330] - Bean 'advisor' of type [org.springframework.aop.support.RegexpMethodPointcutAdvisor] is not eligible for getting processed by all BeanPostProcessors (for example: not eligible for auto-proxying)
[Repayment-Service][53080] 2022-07-10 16:32:48,249 INFO [main][PostProcessorRegistrationDelegate.java:330] - Bean 'org.springframework.cloud.autoconfigure.ConfigurationPropertiesRebinderAutoConfiguration' of type [org.springframework.cloud.autoconfigure.ConfigurationPropertiesRebinderAutoConfiguration$$EnhancerBySpringCGLIB$$6311e07d] is not eligible for getting processed by all BeanPostProcessors (for example: not eligible for auto-proxying)
[Repayment-Service][53080] 2022-07-10 16:32:49,168 INFO [main][TomcatWebServer.java:90] - Tomcat initialized with port(s): 53080 (http)
[Repayment-Service][53080] 2022-07-10 16:32:49,207 INFO [main][DirectJDKLog.java:173] - Initializing ProtocolHandler ["http-nio-53080"]
[Repayment-Service][53080] 2022-07-10 16:32:49,233 INFO [main][DirectJDKLog.java:173] - Starting service [Tomcat]
[Repayment-Service][53080] 2022-07-10 16:32:49,234 INFO [main][DirectJDKLog.java:173] - Starting Servlet engine: [Apache Tomcat/9.0.16]
[Repayment-Service][53080] 2022-07-10 16:32:49,250 INFO [main][DirectJDKLog.java:173] - The APR based Apache Tomcat Native library which allows optimal performance in production environments was not found on the java.library.path: [E:\jdk1.8.0_161\bin;C:\WINDOWS\Sun\Java\bin;C:\WINDOWS\system32;C:\WINDOWS;E:\Ruby26-x64\bin;C:\Program Files (x86)\Common Files\Oracle\Java\javapath;C:\Program Files\VanDyke Software\Clients\;E:\Anaconda;E:\Anaconda\Library\mingw-w64\bin;E:\Anaconda\Library\usr\bin;E:\Anaconda\Library\bin;E:\Anaconda\Scripts;C:\WINDOWS\system32;C:\WINDOWS;C:\WINDOWS\System32\Wbem;C:\WINDOWS\System32\WindowsPowerShell\v1.0\;C:\WINDOWS\System32\OpenSSH\;E:\mysql-5.7.20-winx64\bin;C:\Program Files\dotnet\;E:\nodejs\;C:\Users\Administrator\AppData\Roaming\npm;E:\nodejs\node_global\;C:\Program Files (x86)\Common Files\Thunder Network\KanKan\Codecs;E:\spark-2.1.1-hadoop2.7\bin;D:\Android\Sdk\platform-tools;E:\TortoiseSVN\bin;E:\TortoiseSVN\bin;E:\Subversion\bin;C:\Program Files\Docker\Docker\resources\bin;C:\ProgramData\DockerDesktop\version-bin;E:\CMake\bin;C:\mingw64\bin;E:\scala-2.12.15\bin;C:\Program Files (x86)\scala\bin;E:\spark\bin;E:\spark-2.1.1-hadoop2.7\bin;E:\NetSarang\Xshell 7\;E:\NetSarang\Xftp 7\;C:\Program Files\Git\cmd;E:\apache-maven-3.6.3\bin;E:\jdk1.8.0_161\bin;C:\Users\Administrator\AppData\Local\Microsoft\WindowsApps;E:\IntelliJ IDEA\bin;;C:\Users\Administrator\AppData\Roaming\npm;E:\nodejs\node_global\;C:\Users\Administrator\.dotnet\tools;C:\Users\Administrator\AppData\Local\GitHubDesktop\bin;E:\Microsoft VS Code\bin;.]
[Repayment-Service][53080] 2022-07-10 16:32:49,664 INFO [main][DirectJDKLog.java:173] - Initializing Spring embedded WebApplicationContext
[Repayment-Service][53080] 2022-07-10 16:32:49,665 INFO [main][ServletWebServerApplicationContext.java:296] - Root WebApplicationContext: initialization completed in 28006 ms
[Repayment-Service][53080] 2022-07-10 16:32:50,027 WARN [main][URLConfigurationSource.java:121] - No URLs will be polled as dynamic configuration sources.
[Repayment-Service][53080] 2022-07-10 16:32:50,030 INFO [main][URLConfigurationSource.java:122] - To enable URLs as dynamic configuration sources, define System property archaius.configurationSource.additionalUrls or make config.properties available on classpath.
[Repayment-Service][53080] 2022-07-10 16:32:50,076 INFO [main][DynamicPropertyFactory.java:281] - DynamicPropertyFactory is initialized with configuration sources: com.netflix.config.ConcurrentCompositeConfiguration@7956f93a
[Repayment-Service][53080] 2022-07-10 16:32:50,341 INFO [main][DruidDataSourceAutoConfigure.java:56] - Init DruidDataSource
[Repayment-Service][53080] 2022-07-10 16:32:51,040 INFO [main][DruidDataSource.java:1002] - {dataSource-1} inited
[Repayment-Service][53080] 2022-07-10 16:32:56,640 INFO [main][AutowiredAnnotationBeanPostProcessor.java:342] - Inconsistent constructor declaration on bean with name 'hmilyAutoConfiguration': single autowire-marked constructor flagged as optional - this constructor is effectively required since there is no default constructor to fall back to: public org.dromara.hmily.spring.boot.starter.parent.configuration.HmilyAutoConfiguration$$EnhancerBySpringCGLIB$$73931c0c(org.dromara.hmily.spring.boot.starter.parent.config.HmilyConfigProperties)
[Repayment-Service][53080] 2022-07-10 16:32:58,259 INFO [main][EndpointLinksResolver.java:59] - Exposing 2 endpoint(s) beneath base path '/actuator'
[Repayment-Service][53080] 2022-07-10 16:32:58,802 INFO [main][HikariDataSource.java:110] - HikariPool-1 - Starting...
[Repayment-Service][53080] 2022-07-10 16:32:58,888 INFO [main][HikariDataSource.java:123] - HikariPool-1 - Start completed.
[Repayment-Service][53080] 2022-07-10 16:32:58,968 INFO [main][HmilyLogo.java:49] - 


    __  __          _ __     
   / / / /___ ___  (_) /_  __
  / /_/ / __ `__ \/ / / / / /
 / __  / / / / / / / / /_/ / 
/_/ /_/_/ /_/ /_/_/_/\__, /  
                    /____/   

 :: Hmily :: (v2.0.0-RELEASE)

[Repayment-Service][53080] 2022-07-10 16:32:59,037 INFO [main][PropertySourcedRequestMappingHandlerMapping.java:69] - Mapped URL path [/v2/api-docs] onto method [public org.springframework.http.ResponseEntity<springfox.documentation.spring.web.json.Json> springfox.documentation.swagger2.web.Swagger2Controller.getDocumentation(java.lang.String,javax.servlet.http.HttpServletRequest)]
[Repayment-Service][53080] 2022-07-10 16:32:59,079 WARN [main][URLConfigurationSource.java:121] - No URLs will be polled as dynamic configuration sources.
[Repayment-Service][53080] 2022-07-10 16:32:59,080 INFO [main][URLConfigurationSource.java:122] - To enable URLs as dynamic configuration sources, define System property archaius.configurationSource.additionalUrls or make config.properties available on classpath.
[Repayment-Service][53080] 2022-07-10 16:32:59,504 INFO [main][ExecutorConfigurationSupport.java:171] - Initializing ExecutorService 'applicationTaskExecutor'
[Repayment-Service][53080] 2022-07-10 16:33:00,884 INFO [main][StdSchedulerFactory.java:1208] - Using default implementation for ThreadExecutor
[Repayment-Service][53080] 2022-07-10 16:33:00,913 INFO [main][SchedulerSignalerImpl.java:61] - Initialized Scheduler Signaller of type: class org.quartz.core.SchedulerSignalerImpl
[Repayment-Service][53080] 2022-07-10 16:33:00,913 INFO [main][QuartzScheduler.java:229] - Quartz Scheduler v.2.3.0 created.
[Repayment-Service][53080] 2022-07-10 16:33:00,915 INFO [main][RAMJobStore.java:155] - RAMJobStore initialized.
[Repayment-Service][53080] 2022-07-10 16:33:00,916 INFO [main][QuartzScheduler.java:294] - Scheduler meta-data: Quartz Scheduler (v2.3.0) 'quartzScheduler' with instanceId 'NON_CLUSTERED'
  Scheduler class: 'org.quartz.core.QuartzScheduler' - running locally.
  NOT STARTED.
  Currently in standby mode.
  Number of jobs executed: 0
  Using thread pool 'org.quartz.simpl.SimpleThreadPool' - with 10 threads.
  Using job-store 'org.quartz.simpl.RAMJobStore' - which does not support persistence. and is not clustered.

[Repayment-Service][53080] 2022-07-10 16:33:00,917 INFO [main][StdSchedulerFactory.java:1362] - Quartz scheduler 'quartzScheduler' initialized from an externally provided properties instance.
[Repayment-Service][53080] 2022-07-10 16:33:00,917 INFO [main][StdSchedulerFactory.java:1366] - Quartz scheduler version: 2.3.0
[Repayment-Service][53080] 2022-07-10 16:33:00,917 INFO [main][QuartzScheduler.java:2287] - JobFactory set to: org.springframework.scheduling.quartz.SpringBeanJobFactory@9de1b85
[Repayment-Service][53080] 2022-07-10 16:33:04,684 WARN [main][EurekaStarterDeprecationWarningAutoConfiguration.java:19] - spring-cloud-starter-eureka is deprecated as of Spring Cloud Netflix 1.4.0, please migrate to spring-cloud-starter-netflix-eureka
[Repayment-Service][53080] 2022-07-10 16:33:07,819 INFO [main][DefaultRocketMQListenerContainer.java:243] - running container: DefaultRocketMQListenerContainer{consumerGroup='CID_START_REPAYMENT', nameServer='127.0.0.1:9876', topic='TP_START_REPAYMENT', consumeMode=CONCURRENTLY, selectorType=TAG, selectorExpression='*', messageModel=CLUSTERING}
[Repayment-Service][53080] 2022-07-10 16:33:07,820 INFO [main][ListenerContainerConfiguration.java:107] - Register the listener to container, listenerBeanName:startRepaymentMessageConsumer, containerBeanName:org.apache.rocketmq.spring.support.DefaultRocketMQListenerContainer_1
[Repayment-Service][53080] 2022-07-10 16:33:07,997 INFO [main][InstanceInfoFactory.java:71] - Setting initial instance status as: STARTING
[Repayment-Service][53080] 2022-07-10 16:33:08,114 INFO [main][DiscoveryClient.java:349] - Initializing Eureka in region us-east-1
[Repayment-Service][53080] 2022-07-10 16:33:11,958 INFO [main][DiscoveryJerseyProvider.java:70] - Using JSON encoding codec LegacyJacksonJson
[Repayment-Service][53080] 2022-07-10 16:33:11,959 INFO [main][DiscoveryJerseyProvider.java:71] - Using JSON decoding codec LegacyJacksonJson
[Repayment-Service][53080] 2022-07-10 16:33:12,620 INFO [main][DiscoveryJerseyProvider.java:80] - Using XML encoding codec XStreamXml
[Repayment-Service][53080] 2022-07-10 16:33:12,621 INFO [main][DiscoveryJerseyProvider.java:81] - Using XML decoding codec XStreamXml
[Repayment-Service][53080] 2022-07-10 16:33:13,364 INFO [main][ConfigClusterResolver.java:43] - Resolving eureka endpoints via configuration
[Repayment-Service][53080] 2022-07-10 16:33:14,011 WARN [Apollo-RemoteConfigRepository-1][RemoteConfigRepository.java:194] - Load config failed, will retry in 1 SECONDS. appId: repayment-service, cluster: DEFAULT, namespaces: micro_service.spring-cloud-feign
[Repayment-Service][53080] 2022-07-10 16:33:15,035 WARN [Apollo-RemoteConfigRepository-1][RemoteConfigRepository.java:194] - Load config failed, will retry in 1 SECONDS. appId: repayment-service, cluster: DEFAULT, namespaces: micro_service.spring-cloud-feign
[Repayment-Service][53080] 2022-07-10 16:33:15,637 INFO [main][DiscoveryClient.java:958] - Disable delta property : false
[Repayment-Service][53080] 2022-07-10 16:33:15,638 INFO [main][DiscoveryClient.java:959] - Single vip registry refresh property : null
[Repayment-Service][53080] 2022-07-10 16:33:15,639 INFO [main][DiscoveryClient.java:960] - Force full registry fetch : false
[Repayment-Service][53080] 2022-07-10 16:33:15,639 INFO [main][DiscoveryClient.java:961] - Application is null : false
[Repayment-Service][53080] 2022-07-10 16:33:15,640 INFO [main][DiscoveryClient.java:962] - Registered Applications size is zero : true
[Repayment-Service][53080] 2022-07-10 16:33:15,641 INFO [main][DiscoveryClient.java:964] - Application version is -1: true
[Repayment-Service][53080] 2022-07-10 16:33:15,642 INFO [main][DiscoveryClient.java:1047] - Getting all instance registry info from the eureka server
[Repayment-Service][53080] 2022-07-10 16:33:16,058 WARN [Apollo-RemoteConfigRepository-1][AbstractConfigRepository.java:26] - Sync config failed, will retry. Repository class com.ctrip.framework.apollo.internals.RemoteConfigRepository, reason: Load Apollo Config failed - appId: repayment-service, cluster: DEFAULT, namespace: micro_service.spring-cloud-feign, url: http://192.168.1.4:8080/configs/repayment-service/DEFAULT/micro_service.spring-cloud-feign?ip=172.26.144.1&messages=%7B%22details%22%3A%7B%22common-template%2Bdefault%2Bmicro_service.spring-cloud-feign%22%3A403%2C%22repayment-service%2Bdefault%2Bmicro_service.spring-cloud-feign%22%3A323%7D%7D [Cause: [status code: 404] Could not find config for namespace - appId: repayment-service, cluster: DEFAULT, namespace: micro_service.spring-cloud-feign, please check whether the configs are released in Apollo!]
[Repayment-Service][53080] 2022-07-10 16:33:16,489 INFO [main][DiscoveryClient.java:1056] - The response status is 200
[Repayment-Service][53080] 2022-07-10 16:33:16,499 INFO [main][DiscoveryClient.java:1270] - Starting heartbeat executor: renew interval is: 30
[Repayment-Service][53080] 2022-07-10 16:33:16,510 INFO [main][InstanceInfoReplicator.java:60] - InstanceInfoReplicator onDemand update allowed rate per min is 4
[Repayment-Service][53080] 2022-07-10 16:33:16,521 INFO [main][DiscoveryClient.java:449] - Discovery Client initialized at timestamp 1657441996519 with initial instances count: 6
[Repayment-Service][53080] 2022-07-10 16:33:16,529 INFO [main][EurekaServiceRegistry.java:42] - Registering application REPAYMENT-SERVICE with eureka with status UP
[Repayment-Service][53080] 2022-07-10 16:33:16,532 INFO [main][DiscoveryClient.java:1305] - Saw local status change event StatusChangeEvent [timestamp=1657441996532, current=UP, previous=STARTING]
[Repayment-Service][53080] 2022-07-10 16:33:16,537 INFO [main][DocumentationPluginsBootstrapper.java:160] - Context refreshed
[Repayment-Service][53080] 2022-07-10 16:33:16,539 INFO [DiscoveryClient-InstanceInfoReplicator-0][DiscoveryClient.java:826] - DiscoveryClient_REPAYMENT-SERVICE/repayment-service:192.168.1.4:53080: registering service...
[Repayment-Service][53080] 2022-07-10 16:33:16,597 INFO [main][DocumentationPluginsBootstrapper.java:163] - Found 1 custom documentation plugin(s)
[Repayment-Service][53080] 2022-07-10 16:33:16,656 INFO [DiscoveryClient-InstanceInfoReplicator-0][DiscoveryClient.java:835] - DiscoveryClient_REPAYMENT-SERVICE/repayment-service:192.168.1.4:53080 - registration status: 204
[Repayment-Service][53080] 2022-07-10 16:33:16,694 INFO [main][ApiListingReferenceScanner.java:41] - Scanning for api listing references
[Repayment-Service][53080] 2022-07-10 16:33:17,004 INFO [main][CachingOperationNameGenerator.java:40] - Generating unique operation named: handleUsingGET_1
[Repayment-Service][53080] 2022-07-10 16:33:17,008 INFO [main][CachingOperationNameGenerator.java:40] - Generating unique operation named: handleUsingGET_2
[Repayment-Service][53080] 2022-07-10 16:33:17,012 INFO [main][CachingOperationNameGenerator.java:40] - Generating unique operation named: handleUsingGET_3
[Repayment-Service][53080] 2022-07-10 16:33:17,038 INFO [main][SchedulerFactoryBean.java:726] - Starting Quartz Scheduler now
[Repayment-Service][53080] 2022-07-10 16:33:17,039 INFO [main][QuartzScheduler.java:547] - Scheduler quartzScheduler_$_NON_CLUSTERED started.
[Repayment-Service][53080] 2022-07-10 16:33:17,066 INFO [main][DirectJDKLog.java:173] - Starting ProtocolHandler ["http-nio-53080"]
[Repayment-Service][53080] 2022-07-10 16:33:17,116 INFO [main][TomcatWebServer.java:204] - Tomcat started on port(s): 53080 (http) with context path ''
[Repayment-Service][53080] 2022-07-10 16:33:17,118 INFO [main][EurekaAutoServiceRegistration.java:141] - Updating port to 53080
[Repayment-Service][53080] 2022-07-10 16:33:17,124 INFO [main][StartupInfoLogger.java:59] - Started RepaymentService in 86.793 seconds (JVM running for 93.546)
[Repayment-Service][53080] 2022-07-10 16:33:20,287 WARN [RMI TCP Connection(10)-172.26.144.1][DefaultConfig.java:95] - Could not load config for namespace application from Apollo, please check whether the configs are released in Apollo! Return default value now!
[Repayment-Service][53080] 2022-07-10 16:33:20,288 WARN [RMI TCP Connection(11)-172.26.144.1][DefaultConfig.java:95] - Could not load config for namespace micro_service.spring-cloud-feign from Apollo, please check whether the configs are released in Apollo! Return default value now!
[Repayment-Service][53080] 2022-07-10 16:33:20,322 INFO [RMI TCP Connection(10)-172.26.144.1][DirectJDKLog.java:173] - Initializing Spring DispatcherServlet 'dispatcherServlet'
[Repayment-Service][53080] 2022-07-10 16:33:20,323 INFO [RMI TCP Connection(10)-172.26.144.1][FrameworkServlet.java:524] - Initializing Servlet 'dispatcherServlet'
[Repayment-Service][53080] 2022-07-10 16:33:20,353 INFO [RMI TCP Connection(10)-172.26.144.1][FrameworkServlet.java:546] - Completed initialization in 29 ms
[Repayment-Service][53080] 2022-07-10 16:33:28,962 INFO [hmilyTransaction-tccRollBackService-1][LogUtil.java:87] - rollback execute delayTime:60
[Repayment-Service][53080] 2022-07-10 16:34:29,018 INFO [hmilyTransaction-tccRollBackService-1][LogUtil.java:87] - rollback execute delayTime:60
[Repayment-Service][53080] 2022-07-10 16:35:29,036 INFO [hmilyTransaction-tccRollBackService-1][LogUtil.java:87] - rollback execute delayTime:60
[Repayment-Service][53080] 2022-07-10 16:36:29,048 INFO [hmilyTransaction-tccRollBackService-1][LogUtil.java:87] - rollback execute delayTime:60
[Repayment-Service][53080] 2022-07-10 16:37:12,219 WARN [Apollo-RemoteConfigRepository-1][RemoteConfigRepository.java:194] - Load config failed, will retry in 1 SECONDS. appId: repayment-service, cluster: DEFAULT, namespaces: application
[Repayment-Service][53080] 2022-07-10 16:37:13,238 WARN [Apollo-RemoteConfigRepository-1][AbstractConfigRepository.java:26] - Sync config failed, will retry. Repository class com.ctrip.framework.apollo.internals.RemoteConfigRepository, reason: Load Apollo Config failed - appId: repayment-service, cluster: DEFAULT, namespace: application, url: http://192.168.1.4:8080/configs/repayment-service/DEFAULT/application?ip=172.26.144.1&messages=%7B%22details%22%3A%7B%22repayment-service%2Bdefault%2Bapplication%22%3A318%7D%7D [Cause: [status code: 404] Could not find config for namespace - appId: repayment-service, cluster: DEFAULT, namespace: application, please check whether the configs are released in Apollo!]
[Repayment-Service][53080] 2022-07-10 16:37:18,441 WARN [Apollo-RemoteConfigRepository-1][RemoteConfigRepository.java:194] - Load config failed, will retry in 1 SECONDS. appId: repayment-service, cluster: DEFAULT, namespaces: micro_service.spring-cloud-feign
[Repayment-Service][53080] 2022-07-10 16:37:19,457 WARN [Apollo-RemoteConfigRepository-1][AbstractConfigRepository.java:26] - Sync config failed, will retry. Repository class com.ctrip.framework.apollo.internals.RemoteConfigRepository, reason: Load Apollo Config failed - appId: repayment-service, cluster: DEFAULT, namespace: micro_service.spring-cloud-feign, url: http://192.168.1.4:8080/configs/repayment-service/DEFAULT/micro_service.spring-cloud-feign?ip=172.26.144.1&messages=%7B%22details%22%3A%7B%22common-template%2Bdefault%2Bmicro_service.spring-cloud-feign%22%3A403%2C%22repayment-service%2Bdefault%2Bmicro_service.spring-cloud-feign%22%3A323%7D%7D [Cause: [status code: 404] Could not find config for namespace - appId: repayment-service, cluster: DEFAULT, namespace: micro_service.spring-cloud-feign, please check whether the configs are released in Apollo!]
[Repayment-Service][53080] 2022-07-10 16:37:29,062 INFO [hmilyTransaction-tccRollBackService-1][LogUtil.java:87] - rollback execute delayTime:60
[Repayment-Service][53080] 2022-07-10 16:38:15,696 INFO [AsyncResolver-bootstrap-executor-0][ConfigClusterResolver.java:43] - Resolving eureka endpoints via configuration
[Repayment-Service][53080] 2022-07-10 16:38:29,077 INFO [hmilyTransaction-tccRollBackService-1][LogUtil.java:87] - rollback execute delayTime:60
[Repayment-Service][53080] 2022-07-10 16:39:29,091 INFO [hmilyTransaction-tccRollBackService-1][LogUtil.java:87] - rollback execute delayTime:60
[Repayment-Service][53080] 2022-07-10 16:40:29,098 INFO [hmilyTransaction-tccRollBackService-1][LogUtil.java:87] - rollback execute delayTime:60
[Repayment-Service][53080] 2022-07-10 16:41:29,108 INFO [hmilyTransaction-tccRollBackService-1][LogUtil.java:87] - rollback execute delayTime:60
[Repayment-Service][53080] 2022-07-10 16:42:12,219 WARN [Apollo-RemoteConfigRepository-1][RemoteConfigRepository.java:194] - Load config failed, will retry in 1 SECONDS. appId: repayment-service, cluster: DEFAULT, namespaces: application
[Repayment-Service][53080] 2022-07-10 16:42:13,230 WARN [Apollo-RemoteConfigRepository-1][AbstractConfigRepository.java:26] - Sync config failed, will retry. Repository class com.ctrip.framework.apollo.internals.RemoteConfigRepository, reason: Load Apollo Config failed - appId: repayment-service, cluster: DEFAULT, namespace: application, url: http://192.168.1.4:8080/configs/repayment-service/DEFAULT/application?ip=172.26.144.1&messages=%7B%22details%22%3A%7B%22repayment-service%2Bdefault%2Bapplication%22%3A318%7D%7D [Cause: [status code: 404] Could not find config for namespace - appId: repayment-service, cluster: DEFAULT, namespace: application, please check whether the configs are released in Apollo!]
[Repayment-Service][53080] 2022-07-10 16:42:18,433 WARN [Apollo-RemoteConfigRepository-1][RemoteConfigRepository.java:194] - Load config failed, will retry in 1 SECONDS. appId: repayment-service, cluster: DEFAULT, namespaces: micro_service.spring-cloud-feign
[Repayment-Service][53080] 2022-07-10 16:42:19,454 WARN [Apollo-RemoteConfigRepository-1][AbstractConfigRepository.java:26] - Sync config failed, will retry. Repository class com.ctrip.framework.apollo.internals.RemoteConfigRepository, reason: Load Apollo Config failed - appId: repayment-service, cluster: DEFAULT, namespace: micro_service.spring-cloud-feign, url: http://192.168.1.4:8080/configs/repayment-service/DEFAULT/micro_service.spring-cloud-feign?ip=172.26.144.1&messages=%7B%22details%22%3A%7B%22common-template%2Bdefault%2Bmicro_service.spring-cloud-feign%22%3A403%2C%22repayment-service%2Bdefault%2Bmicro_service.spring-cloud-feign%22%3A323%7D%7D [Cause: [status code: 404] Could not find config for namespace - appId: repayment-service, cluster: DEFAULT, namespace: micro_service.spring-cloud-feign, please check whether the configs are released in Apollo!]
[Repayment-Service][53080] 2022-07-10 16:42:29,155 INFO [hmilyTransaction-tccRollBackService-1][LogUtil.java:87] - rollback execute delayTime:60
[Repayment-Service][53080] 2022-07-10 16:43:15,710 INFO [AsyncResolver-bootstrap-executor-0][ConfigClusterResolver.java:43] - Resolving eureka endpoints via configuration
[Repayment-Service][53080] 2022-07-10 16:43:29,160 INFO [hmilyTransaction-tccRollBackService-1][LogUtil.java:87] - rollback execute delayTime:60
[Repayment-Service][53080] 2022-07-10 16:44:29,163 INFO [hmilyTransaction-tccRollBackService-1][LogUtil.java:87] - rollback execute delayTime:60
[Repayment-Service][53080] 2022-07-10 16:45:29,171 INFO [hmilyTransaction-tccRollBackService-1][LogUtil.java:87] - rollback execute delayTime:60
[Repayment-Service][53080] 2022-07-10 16:46:29,180 INFO [hmilyTransaction-tccRollBackService-1][LogUtil.java:87] - rollback execute delayTime:60
[Repayment-Service][53080] 2022-07-10 16:47:12,215 WARN [Apollo-RemoteConfigRepository-1][RemoteConfigRepository.java:194] - Load config failed, will retry in 1 SECONDS. appId: repayment-service, cluster: DEFAULT, namespaces: application
[Repayment-Service][53080] 2022-07-10 16:47:13,222 WARN [Apollo-RemoteConfigRepository-1][AbstractConfigRepository.java:26] - Sync config failed, will retry. Repository class com.ctrip.framework.apollo.internals.RemoteConfigRepository, reason: Load Apollo Config failed - appId: repayment-service, cluster: DEFAULT, namespace: application, url: http://192.168.1.4:8080/configs/repayment-service/DEFAULT/application?ip=172.26.144.1&messages=%7B%22details%22%3A%7B%22repayment-service%2Bdefault%2Bapplication%22%3A318%7D%7D [Cause: [status code: 404] Could not find config for namespace - appId: repayment-service, cluster: DEFAULT, namespace: application, please check whether the configs are released in Apollo!]
[Repayment-Service][53080] 2022-07-10 16:47:18,441 WARN [Apollo-RemoteConfigRepository-1][RemoteConfigRepository.java:194] - Load config failed, will retry in 1 SECONDS. appId: repayment-service, cluster: DEFAULT, namespaces: micro_service.spring-cloud-feign
[Repayment-Service][53080] 2022-07-10 16:47:19,454 WARN [Apollo-RemoteConfigRepository-1][AbstractConfigRepository.java:26] - Sync config failed, will retry. Repository class com.ctrip.framework.apollo.internals.RemoteConfigRepository, reason: Load Apollo Config failed - appId: repayment-service, cluster: DEFAULT, namespace: micro_service.spring-cloud-feign, url: http://192.168.1.4:8080/configs/repayment-service/DEFAULT/micro_service.spring-cloud-feign?ip=172.26.144.1&messages=%7B%22details%22%3A%7B%22common-template%2Bdefault%2Bmicro_service.spring-cloud-feign%22%3A403%2C%22repayment-service%2Bdefault%2Bmicro_service.spring-cloud-feign%22%3A323%7D%7D [Cause: [status code: 404] Could not find config for namespace - appId: repayment-service, cluster: DEFAULT, namespace: micro_service.spring-cloud-feign, please check whether the configs are released in Apollo!]
[Repayment-Service][53080] 2022-07-10 16:47:29,192 INFO [hmilyTransaction-tccRollBackService-1][LogUtil.java:87] - rollback execute delayTime:60
[Repayment-Service][53080] 2022-07-10 16:48:15,719 INFO [AsyncResolver-bootstrap-executor-0][ConfigClusterResolver.java:43] - Resolving eureka endpoints via configuration
[Repayment-Service][53080] 2022-07-10 16:48:29,198 INFO [hmilyTransaction-tccRollBackService-1][LogUtil.java:87] - rollback execute delayTime:60
[Repayment-Service][53080] 2022-07-10 16:49:29,216 INFO [hmilyTransaction-tccRollBackService-1][LogUtil.java:87] - rollback execute delayTime:60
[Repayment-Service][53080] 2022-07-10 16:50:29,224 INFO [hmilyTransaction-tccRollBackService-1][LogUtil.java:87] - rollback execute delayTime:60
[Repayment-Service][53080] 2022-07-10 16:51:29,239 INFO [hmilyTransaction-tccRollBackService-1][LogUtil.java:87] - rollback execute delayTime:60
[Repayment-Service][53080] 2022-07-10 16:52:12,211 WARN [Apollo-RemoteConfigRepository-1][RemoteConfigRepository.java:194] - Load config failed, will retry in 1 SECONDS. appId: repayment-service, cluster: DEFAULT, namespaces: application
[Repayment-Service][53080] 2022-07-10 16:52:13,231 WARN [Apollo-RemoteConfigRepository-1][AbstractConfigRepository.java:26] - Sync config failed, will retry. Repository class com.ctrip.framework.apollo.internals.RemoteConfigRepository, reason: Load Apollo Config failed - appId: repayment-service, cluster: DEFAULT, namespace: application, url: http://192.168.1.4:8080/configs/repayment-service/DEFAULT/application?ip=172.26.144.1&messages=%7B%22details%22%3A%7B%22repayment-service%2Bdefault%2Bapplication%22%3A318%7D%7D [Cause: [status code: 404] Could not find config for namespace - appId: repayment-service, cluster: DEFAULT, namespace: application, please check whether the configs are released in Apollo!]
[Repayment-Service][53080] 2022-07-10 16:52:18,446 WARN [Apollo-RemoteConfigRepository-1][RemoteConfigRepository.java:194] - Load config failed, will retry in 1 SECONDS. appId: repayment-service, cluster: DEFAULT, namespaces: micro_service.spring-cloud-feign
[Repayment-Service][53080] 2022-07-10 16:52:19,461 WARN [Apollo-RemoteConfigRepository-1][AbstractConfigRepository.java:26] - Sync config failed, will retry. Repository class com.ctrip.framework.apollo.internals.RemoteConfigRepository, reason: Load Apollo Config failed - appId: repayment-service, cluster: DEFAULT, namespace: micro_service.spring-cloud-feign, url: http://192.168.1.4:8080/configs/repayment-service/DEFAULT/micro_service.spring-cloud-feign?ip=172.26.144.1&messages=%7B%22details%22%3A%7B%22common-template%2Bdefault%2Bmicro_service.spring-cloud-feign%22%3A403%2C%22repayment-service%2Bdefault%2Bmicro_service.spring-cloud-feign%22%3A323%7D%7D [Cause: [status code: 404] Could not find config for namespace - appId: repayment-service, cluster: DEFAULT, namespace: micro_service.spring-cloud-feign, please check whether the configs are released in Apollo!]
[Repayment-Service][53080] 2022-07-10 16:52:29,251 INFO [hmilyTransaction-tccRollBackService-1][LogUtil.java:87] - rollback execute delayTime:60
[Repayment-Service][53080] 2022-07-10 16:53:15,725 INFO [AsyncResolver-bootstrap-executor-0][ConfigClusterResolver.java:43] - Resolving eureka endpoints via configuration
[Repayment-Service][53080] 2022-07-10 16:53:29,264 INFO [hmilyTransaction-tccRollBackService-1][LogUtil.java:87] - rollback execute delayTime:60
[Repayment-Service][53080] 2022-07-10 16:54:29,281 INFO [hmilyTransaction-tccRollBackService-1][LogUtil.java:87] - rollback execute delayTime:60
[Repayment-Service][53080] 2022-07-10 16:55:29,290 INFO [hmilyTransaction-tccRollBackService-1][LogUtil.java:87] - rollback execute delayTime:60
[Repayment-Service][53080] 2022-07-10 16:56:29,306 INFO [hmilyTransaction-tccRollBackService-1][LogUtil.java:87] - rollback execute delayTime:60
[Repayment-Service][53080] 2022-07-10 16:57:12,207 WARN [Apollo-RemoteConfigRepository-1][RemoteConfigRepository.java:194] - Load config failed, will retry in 1 SECONDS. appId: repayment-service, cluster: DEFAULT, namespaces: application
[Repayment-Service][53080] 2022-07-10 16:57:13,224 WARN [Apollo-RemoteConfigRepository-1][AbstractConfigRepository.java:26] - Sync config failed, will retry. Repository class com.ctrip.framework.apollo.internals.RemoteConfigRepository, reason: Load Apollo Config failed - appId: repayment-service, cluster: DEFAULT, namespace: application, url: http://192.168.1.4:8080/configs/repayment-service/DEFAULT/application?ip=172.26.144.1&messages=%7B%22details%22%3A%7B%22repayment-service%2Bdefault%2Bapplication%22%3A318%7D%7D [Cause: [status code: 404] Could not find config for namespace - appId: repayment-service, cluster: DEFAULT, namespace: application, please check whether the configs are released in Apollo!]
[Repayment-Service][53080] 2022-07-10 16:57:18,428 WARN [Apollo-RemoteConfigRepository-1][RemoteConfigRepository.java:194] - Load config failed, will retry in 1 SECONDS. appId: repayment-service, cluster: DEFAULT, namespaces: micro_service.spring-cloud-feign
[Repayment-Service][53080] 2022-07-10 16:57:19,446 WARN [Apollo-RemoteConfigRepository-1][AbstractConfigRepository.java:26] - Sync config failed, will retry. Repository class com.ctrip.framework.apollo.internals.RemoteConfigRepository, reason: Load Apollo Config failed - appId: repayment-service, cluster: DEFAULT, namespace: micro_service.spring-cloud-feign, url: http://192.168.1.4:8080/configs/repayment-service/DEFAULT/micro_service.spring-cloud-feign?ip=172.26.144.1&messages=%7B%22details%22%3A%7B%22common-template%2Bdefault%2Bmicro_service.spring-cloud-feign%22%3A403%2C%22repayment-service%2Bdefault%2Bmicro_service.spring-cloud-feign%22%3A323%7D%7D [Cause: [status code: 404] Could not find config for namespace - appId: repayment-service, cluster: DEFAULT, namespace: micro_service.spring-cloud-feign, please check whether the configs are released in Apollo!]
[Repayment-Service][53080] 2022-07-10 16:57:29,316 INFO [hmilyTransaction-tccRollBackService-1][LogUtil.java:87] - rollback execute delayTime:60
[Repayment-Service][53080] 2022-07-10 16:58:15,734 INFO [AsyncResolver-bootstrap-executor-0][ConfigClusterResolver.java:43] - Resolving eureka endpoints via configuration
[Repayment-Service][53080] 2022-07-10 16:58:29,320 INFO [hmilyTransaction-tccRollBackService-1][LogUtil.java:87] - rollback execute delayTime:60
[Repayment-Service][53080] 2022-07-10 16:59:29,324 INFO [hmilyTransaction-tccRollBackService-1][LogUtil.java:87] - rollback execute delayTime:60
