[Repayment-Service][53080] 2022-07-10 12:47:29,080 INFO [main][DefaultApplicationProvider.java:85] - App ID is set to repayment-service by app.id property from System Property
[Repayment-Service][53080] 2022-07-10 12:47:29,090 INFO [main][DefaultServerProvider.java:108] - Environment is set to [dev] by JVM system property 'env'.
[Repayment-Service][53080] 2022-07-10 12:47:29,229 WARN [main][DefaultMetaServerProvider.java:39] - Could not find meta server address, because it is not available in neither (1) JVM system property 'apollo.meta', (2) OS env variable 'APOLLO_META' (3) property 'apollo.meta' from server.properties nor (4) property 'apollo.meta' from app.properties
[Repayment-Service][53080] 2022-07-10 12:47:29,246 INFO [main][MetaDomainConsts.java:93] - Located meta server address http://localhost:8080 for env DEV from com.ctrip.framework.apollo.core.internals.LegacyMetaServerProvider
[Repayment-Service][53080] 2022-07-10 12:47:33,730 WARN [main][RemoteConfigRepository.java:194] - Load config failed, will retry in 1 SECONDS. appId: repayment-service, cluster: DEFAULT, namespaces: application
[Repayment-Service][53080] 2022-07-10 12:47:34,740 WARN [main][AbstractConfigRepository.java:26] - Sync config failed, will retry. Repository class com.ctrip.framework.apollo.internals.RemoteConfigRepository, reason: Load Apollo Config failed - appId: repayment-service, cluster: DEFAULT, namespace: application, url: http://192.168.1.4:8080/configs/repayment-service/DEFAULT/application?ip=172.26.144.1 [Cause: [status code: 404] Could not find config for namespace - appId: repayment-service, cluster: DEFAULT, namespace: application, please check whether the configs are released in Apollo!]
[Repayment-Service][53080] 2022-07-10 12:47:34,762 WARN [main][RemoteConfigRepository.java:194] - Load config failed, will retry in 1 SECONDS. appId: repayment-service, cluster: DEFAULT, namespaces: application
[Repayment-Service][53080] 2022-07-10 12:47:35,787 WARN [main][LocalFileConfigRepository.java:167] - Sync config from upstream repository class com.ctrip.framework.apollo.internals.RemoteConfigRepository failed, reason: Load Apollo Config failed - appId: repayment-service, cluster: DEFAULT, namespace: application, url: http://192.168.1.4:8080/configs/repayment-service/DEFAULT/application?ip=172.26.144.1&messages=%7B%22details%22%3A%7B%22repayment-service%2Bdefault%2Bapplication%22%3A318%7D%7D [Cause: [status code: 404] Could not find config for namespace - appId: repayment-service, cluster: DEFAULT, namespace: application, please check whether the configs are released in Apollo!]
[Repayment-Service][53080] 2022-07-10 12:47:35,796 WARN [Apollo-RemoteConfigRepository-1][RemoteConfigRepository.java:194] - Load config failed, will retry in 1 SECONDS. appId: repayment-service, cluster: DEFAULT, namespaces: application
[Repayment-Service][53080] 2022-07-10 12:47:36,823 WARN [Apollo-RemoteConfigRepository-1][RemoteConfigRepository.java:194] - Load config failed, will retry in 1 SECONDS. appId: repayment-service, cluster: DEFAULT, namespaces: application
[Repayment-Service][53080] 2022-07-10 12:47:37,838 WARN [Apollo-RemoteConfigRepository-1][AbstractConfigRepository.java:26] - Sync config failed, will retry. Repository class com.ctrip.framework.apollo.internals.RemoteConfigRepository, reason: Load Apollo Config failed - appId: repayment-service, cluster: DEFAULT, namespace: application, url: http://192.168.1.4:8080/configs/repayment-service/DEFAULT/application?ip=172.26.144.1&messages=%7B%22details%22%3A%7B%22repayment-service%2Bdefault%2Bapplication%22%3A318%7D%7D [Cause: [status code: 404] Could not find config for namespace - appId: repayment-service, cluster: DEFAULT, namespace: application, please check whether the configs are released in Apollo!]
[Repayment-Service][53080] 2022-07-10 12:47:37,855 WARN [main][RemoteConfigRepository.java:194] - Load config failed, will retry in 1 SECONDS. appId: repayment-service, cluster: DEFAULT, namespaces: application
[Repayment-Service][53080] 2022-07-10 12:47:38,889 WARN [main][LocalFileConfigRepository.java:167] - Sync config from upstream repository class com.ctrip.framework.apollo.internals.RemoteConfigRepository failed, reason: Load Apollo Config failed - appId: repayment-service, cluster: DEFAULT, namespace: application, url: http://192.168.1.4:8080/configs/repayment-service/DEFAULT/application?ip=172.26.144.1&messages=%7B%22details%22%3A%7B%22repayment-service%2Bdefault%2Bapplication%22%3A318%7D%7D [Cause: [status code: 404] Could not find config for namespace - appId: repayment-service, cluster: DEFAULT, namespace: application, please check whether the configs are released in Apollo!]
[Repayment-Service][53080] 2022-07-10 12:47:38,890 WARN [main][AbstractConfigRepository.java:26] - Sync config failed, will retry. Repository class com.ctrip.framework.apollo.internals.LocalFileConfigRepository, reason: Load config from local config failed! [Cause: Cannot read from local cache file C:\opt\data\repayment-service\config-cache\repayment-service+DEFAULT+application.properties]
[Repayment-Service][53080] 2022-07-10 12:47:38,900 WARN [main][RemoteConfigRepository.java:194] - Load config failed, will retry in 1 SECONDS. appId: repayment-service, cluster: DEFAULT, namespaces: application
[Repayment-Service][53080] 2022-07-10 12:47:39,919 WARN [main][LocalFileConfigRepository.java:167] - Sync config from upstream repository class com.ctrip.framework.apollo.internals.RemoteConfigRepository failed, reason: Load Apollo Config failed - appId: repayment-service, cluster: DEFAULT, namespace: application, url: http://192.168.1.4:8080/configs/repayment-service/DEFAULT/application?ip=172.26.144.1&messages=%7B%22details%22%3A%7B%22repayment-service%2Bdefault%2Bapplication%22%3A318%7D%7D [Cause: [status code: 404] Could not find config for namespace - appId: repayment-service, cluster: DEFAULT, namespace: application, please check whether the configs are released in Apollo!]
[Repayment-Service][53080] 2022-07-10 12:47:39,920 WARN [main][DefaultConfig.java:61] - Init Apollo Local Config failed - namespace: application, reason: Load config from local config failed! [Cause: Cannot read from local cache file C:\opt\data\repayment-service\config-cache\repayment-service+DEFAULT+application.properties].
[Repayment-Service][53080] 2022-07-10 12:47:39,968 WARN [main][RemoteConfigRepository.java:194] - Load config failed, will retry in 1 SECONDS. appId: repayment-service, cluster: DEFAULT, namespaces: micro_service.spring-cloud-feign
[Repayment-Service][53080] 2022-07-10 12:47:40,980 WARN [main][AbstractConfigRepository.java:26] - Sync config failed, will retry. Repository class com.ctrip.framework.apollo.internals.RemoteConfigRepository, reason: Load Apollo Config failed - appId: repayment-service, cluster: DEFAULT, namespace: micro_service.spring-cloud-feign, url: http://192.168.1.4:8080/configs/repayment-service/DEFAULT/micro_service.spring-cloud-feign?ip=172.26.144.1 [Cause: [status code: 404] Could not find config for namespace - appId: repayment-service, cluster: DEFAULT, namespace: micro_service.spring-cloud-feign, please check whether the configs are released in Apollo!]
[Repayment-Service][53080] 2022-07-10 12:47:40,994 WARN [main][RemoteConfigRepository.java:194] - Load config failed, will retry in 1 SECONDS. appId: repayment-service, cluster: DEFAULT, namespaces: micro_service.spring-cloud-feign
[Repayment-Service][53080] 2022-07-10 12:47:42,018 WARN [main][LocalFileConfigRepository.java:167] - Sync config from upstream repository class com.ctrip.framework.apollo.internals.RemoteConfigRepository failed, reason: Load Apollo Config failed - appId: repayment-service, cluster: DEFAULT, namespace: micro_service.spring-cloud-feign, url: http://192.168.1.4:8080/configs/repayment-service/DEFAULT/micro_service.spring-cloud-feign?ip=172.26.144.1 [Cause: [status code: 404] Could not find config for namespace - appId: repayment-service, cluster: DEFAULT, namespace: micro_service.spring-cloud-feign, please check whether the configs are released in Apollo!]
[Repayment-Service][53080] 2022-07-10 12:47:42,028 WARN [main][RemoteConfigRepository.java:194] - Load config failed, will retry in 1 SECONDS. appId: repayment-service, cluster: DEFAULT, namespaces: micro_service.spring-cloud-feign
[Repayment-Service][53080] 2022-07-10 12:47:43,053 WARN [main][LocalFileConfigRepository.java:167] - Sync config from upstream repository class com.ctrip.framework.apollo.internals.RemoteConfigRepository failed, reason: Load Apollo Config failed - appId: repayment-service, cluster: DEFAULT, namespace: micro_service.spring-cloud-feign, url: http://192.168.1.4:8080/configs/repayment-service/DEFAULT/micro_service.spring-cloud-feign?ip=172.26.144.1 [Cause: [status code: 404] Could not find config for namespace - appId: repayment-service, cluster: DEFAULT, namespace: micro_service.spring-cloud-feign, please check whether the configs are released in Apollo!]
[Repayment-Service][53080] 2022-07-10 12:47:43,054 WARN [main][AbstractConfigRepository.java:26] - Sync config failed, will retry. Repository class com.ctrip.framework.apollo.internals.LocalFileConfigRepository, reason: Load config from local config failed! [Cause: Cannot read from local cache file C:\opt\data\repayment-service\config-cache\repayment-service+DEFAULT+micro_service.spring-cloud-feign.properties]
[Repayment-Service][53080] 2022-07-10 12:47:43,067 WARN [main][RemoteConfigRepository.java:194] - Load config failed, will retry in 1 SECONDS. appId: repayment-service, cluster: DEFAULT, namespaces: micro_service.spring-cloud-feign
[Repayment-Service][53080] 2022-07-10 12:47:44,084 WARN [main][LocalFileConfigRepository.java:167] - Sync config from upstream repository class com.ctrip.framework.apollo.internals.RemoteConfigRepository failed, reason: Load Apollo Config failed - appId: repayment-service, cluster: DEFAULT, namespace: micro_service.spring-cloud-feign, url: http://192.168.1.4:8080/configs/repayment-service/DEFAULT/micro_service.spring-cloud-feign?ip=172.26.144.1 [Cause: [status code: 404] Could not find config for namespace - appId: repayment-service, cluster: DEFAULT, namespace: micro_service.spring-cloud-feign, please check whether the configs are released in Apollo!]
[Repayment-Service][53080] 2022-07-10 12:47:44,085 WARN [main][DefaultConfig.java:61] - Init Apollo Local Config failed - namespace: micro_service.spring-cloud-feign, reason: Load config from local config failed! [Cause: Cannot read from local cache file C:\opt\data\repayment-service\config-cache\repayment-service+DEFAULT+micro_service.spring-cloud-feign.properties].
[Repayment-Service][53080] 2022-07-10 12:47:44,165 WARN [main][DefaultConfig.java:95] - Could not load config for namespace application from Apollo, please check whether the configs are released in Apollo! Return default value now!
[Repayment-Service][53080] 2022-07-10 12:47:44,166 WARN [main][DefaultConfig.java:95] - Could not load config for namespace micro_service.spring-cloud-feign from Apollo, please check whether the configs are released in Apollo! Return default value now!
[Repayment-Service][53080] 2022-07-10 12:47:44,168 INFO [main][SpringApplication.java:675] - No active profile set, falling back to default profiles: default
[Repayment-Service][53080] 2022-07-10 12:47:50,142 INFO [main][RepositoryConfigurationDelegate.java:126] - Bootstrapping Spring Data repositories in DEFAULT mode.
[Repayment-Service][53080] 2022-07-10 12:47:50,278 INFO [main][RepositoryConfigurationDelegate.java:182] - Finished Spring Data repository scanning in 114ms. Found 0 repository interfaces.
[Repayment-Service][53080] 2022-07-10 12:47:51,074 WARN [main][EndpointId.java:135] - Endpoint ID 'service-registry' contains invalid characters, please migrate to a valid format.
[Repayment-Service][53080] 2022-07-10 12:47:52,074 INFO [main][GenericScope.java:294] - BeanFactory id=3d82912c-eb80-325c-a33e-499b63b174b2
[Repayment-Service][53080] 2022-07-10 12:47:52,644 INFO [main][PostProcessorRegistrationDelegate.java:330] - Bean 'com.alibaba.druid.spring.boot.autoconfigure.stat.DruidSpringAopConfiguration' of type [com.alibaba.druid.spring.boot.autoconfigure.stat.DruidSpringAopConfiguration] is not eligible for getting processed by all BeanPostProcessors (for example: not eligible for auto-proxying)
[Repayment-Service][53080] 2022-07-10 12:47:52,710 INFO [main][PostProcessorRegistrationDelegate.java:330] - Bean 'org.apache.rocketmq.spring.autoconfigure.RocketMQAutoConfiguration' of type [org.apache.rocketmq.spring.autoconfigure.RocketMQAutoConfiguration$$EnhancerBySpringCGLIB$$f043a120] is not eligible for getting processed by all BeanPostProcessors (for example: not eligible for auto-proxying)
[Repayment-Service][53080] 2022-07-10 12:47:52,793 INFO [main][PostProcessorRegistrationDelegate.java:330] - Bean 'rocketmq-org.apache.rocketmq.spring.autoconfigure.RocketMQProperties' of type [org.apache.rocketmq.spring.autoconfigure.RocketMQProperties] is not eligible for getting processed by all BeanPostProcessors (for example: not eligible for auto-proxying)
[Repayment-Service][53080] 2022-07-10 12:47:58,214 INFO [main][PostProcessorRegistrationDelegate.java:330] - Bean 'defaultMQProducer' of type [org.apache.rocketmq.client.producer.DefaultMQProducer] is not eligible for getting processed by all BeanPostProcessors (for example: not eligible for auto-proxying)
[Repayment-Service][53080] 2022-07-10 12:47:58,220 INFO [main][PostProcessorRegistrationDelegate.java:330] - Bean 'org.springframework.boot.autoconfigure.jackson.JacksonAutoConfiguration$JacksonObjectMapperConfiguration' of type [org.springframework.boot.autoconfigure.jackson.JacksonAutoConfiguration$JacksonObjectMapperConfiguration$$EnhancerBySpringCGLIB$$234111b5] is not eligible for getting processed by all BeanPostProcessors (for example: not eligible for auto-proxying)
[Repayment-Service][53080] 2022-07-10 12:47:58,231 INFO [main][PostProcessorRegistrationDelegate.java:330] - Bean 'org.springframework.boot.autoconfigure.jackson.JacksonAutoConfiguration$JacksonObjectMapperBuilderConfiguration' of type [org.springframework.boot.autoconfigure.jackson.JacksonAutoConfiguration$JacksonObjectMapperBuilderConfiguration$$EnhancerBySpringCGLIB$$d58dd3ce] is not eligible for getting processed by all BeanPostProcessors (for example: not eligible for auto-proxying)
[Repayment-Service][53080] 2022-07-10 12:47:58,238 INFO [main][PostProcessorRegistrationDelegate.java:330] - Bean 'org.springframework.boot.autoconfigure.jackson.JacksonAutoConfiguration$Jackson2ObjectMapperBuilderCustomizerConfiguration' of type [org.springframework.boot.autoconfigure.jackson.JacksonAutoConfiguration$Jackson2ObjectMapperBuilderCustomizerConfiguration$$EnhancerBySpringCGLIB$$90a4b9bd] is not eligible for getting processed by all BeanPostProcessors (for example: not eligible for auto-proxying)
[Repayment-Service][53080] 2022-07-10 12:47:58,250 INFO [main][PostProcessorRegistrationDelegate.java:330] - Bean 'spring.jackson-org.springframework.boot.autoconfigure.jackson.JacksonProperties' of type [org.springframework.boot.autoconfigure.jackson.JacksonProperties] is not eligible for getting processed by all BeanPostProcessors (for example: not eligible for auto-proxying)
[Repayment-Service][53080] 2022-07-10 12:47:58,255 INFO [main][PostProcessorRegistrationDelegate.java:330] - Bean 'standardJacksonObjectMapperBuilderCustomizer' of type [org.springframework.boot.autoconfigure.jackson.JacksonAutoConfiguration$Jackson2ObjectMapperBuilderCustomizerConfiguration$StandardJackson2ObjectMapperBuilderCustomizer] is not eligible for getting processed by all BeanPostProcessors (for example: not eligible for auto-proxying)
[Repayment-Service][53080] 2022-07-10 12:47:58,272 INFO [main][PostProcessorRegistrationDelegate.java:330] - Bean 'org.springframework.boot.autoconfigure.jackson.JacksonAutoConfiguration$ParameterNamesModuleConfiguration' of type [org.springframework.boot.autoconfigure.jackson.JacksonAutoConfiguration$ParameterNamesModuleConfiguration$$EnhancerBySpringCGLIB$$b77030eb] is not eligible for getting processed by all BeanPostProcessors (for example: not eligible for auto-proxying)
[Repayment-Service][53080] 2022-07-10 12:47:58,289 INFO [main][PostProcessorRegistrationDelegate.java:330] - Bean 'parameterNamesModule' of type [com.fasterxml.jackson.module.paramnames.ParameterNamesModule] is not eligible for getting processed by all BeanPostProcessors (for example: not eligible for auto-proxying)
[Repayment-Service][53080] 2022-07-10 12:47:58,293 INFO [main][PostProcessorRegistrationDelegate.java:330] - Bean 'org.springframework.boot.autoconfigure.jackson.JacksonAutoConfiguration' of type [org.springframework.boot.autoconfigure.jackson.JacksonAutoConfiguration$$EnhancerBySpringCGLIB$$54caf44] is not eligible for getting processed by all BeanPostProcessors (for example: not eligible for auto-proxying)
[Repayment-Service][53080] 2022-07-10 12:47:58,400 INFO [main][PostProcessorRegistrationDelegate.java:330] - Bean 'jsonComponentModule' of type [org.springframework.boot.jackson.JsonComponentModule] is not eligible for getting processed by all BeanPostProcessors (for example: not eligible for auto-proxying)
[Repayment-Service][53080] 2022-07-10 12:47:58,402 INFO [main][PostProcessorRegistrationDelegate.java:330] - Bean 'org.springframework.data.web.config.SpringDataJacksonConfiguration' of type [org.springframework.data.web.config.SpringDataJacksonConfiguration] is not eligible for getting processed by all BeanPostProcessors (for example: not eligible for auto-proxying)
[Repayment-Service][53080] 2022-07-10 12:47:58,421 INFO [main][PostProcessorRegistrationDelegate.java:330] - Bean 'jacksonGeoModule' of type [org.springframework.data.geo.GeoModule] is not eligible for getting processed by all BeanPostProcessors (for example: not eligible for auto-proxying)
[Repayment-Service][53080] 2022-07-10 12:47:58,422 INFO [main][PostProcessorRegistrationDelegate.java:330] - Bean 'org.springframework.data.mongodb.config.GeoJsonConfiguration' of type [org.springframework.data.mongodb.config.GeoJsonConfiguration] is not eligible for getting processed by all BeanPostProcessors (for example: not eligible for auto-proxying)
[Repayment-Service][53080] 2022-07-10 12:47:58,444 INFO [main][PostProcessorRegistrationDelegate.java:330] - Bean 'geoJsonModule' of type [org.springframework.data.mongodb.core.geo.GeoJsonModule] is not eligible for getting processed by all BeanPostProcessors (for example: not eligible for auto-proxying)
[Repayment-Service][53080] 2022-07-10 12:47:58,452 INFO [main][PostProcessorRegistrationDelegate.java:330] - Bean 'jacksonObjectMapperBuilder' of type [org.springframework.http.converter.json.Jackson2ObjectMapperBuilder] is not eligible for getting processed by all BeanPostProcessors (for example: not eligible for auto-proxying)
[Repayment-Service][53080] 2022-07-10 12:47:58,519 INFO [main][PostProcessorRegistrationDelegate.java:330] - Bean 'jacksonObjectMapper' of type [com.fasterxml.jackson.databind.ObjectMapper] is not eligible for getting processed by all BeanPostProcessors (for example: not eligible for auto-proxying)
[Repayment-Service][53080] 2022-07-10 12:48:08,502 INFO [main][PostProcessorRegistrationDelegate.java:330] - Bean 'rocketMQTemplate' of type [org.apache.rocketmq.spring.core.RocketMQTemplate] is not eligible for getting processed by all BeanPostProcessors (for example: not eligible for auto-proxying)
[Repayment-Service][53080] 2022-07-10 12:48:08,505 INFO [main][PostProcessorRegistrationDelegate.java:330] - Bean 'transactionHandlerRegistry' of type [org.apache.rocketmq.spring.config.TransactionHandlerRegistry] is not eligible for getting processed by all BeanPostProcessors (for example: not eligible for auto-proxying)
[Repayment-Service][53080] 2022-07-10 12:48:08,647 INFO [main][PostProcessorRegistrationDelegate.java:330] - Bean 'org.springframework.transaction.annotation.ProxyTransactionManagementConfiguration' of type [org.springframework.transaction.annotation.ProxyTransactionManagementConfiguration$$EnhancerBySpringCGLIB$$c7ad9224] is not eligible for getting processed by all BeanPostProcessors (for example: not eligible for auto-proxying)
[Repayment-Service][53080] 2022-07-10 12:48:09,118 INFO [main][PostProcessorRegistrationDelegate.java:330] - Bean 'spring.datasource.druid-com.alibaba.druid.spring.boot.autoconfigure.properties.DruidStatProperties' of type [com.alibaba.druid.spring.boot.autoconfigure.properties.DruidStatProperties] is not eligible for getting processed by all BeanPostProcessors (for example: not eligible for auto-proxying)
[Repayment-Service][53080] 2022-07-10 12:48:09,147 INFO [main][PostProcessorRegistrationDelegate.java:330] - Bean 'advisor' of type [org.springframework.aop.support.RegexpMethodPointcutAdvisor] is not eligible for getting processed by all BeanPostProcessors (for example: not eligible for auto-proxying)
[Repayment-Service][53080] 2022-07-10 12:48:09,183 INFO [main][PostProcessorRegistrationDelegate.java:330] - Bean 'org.springframework.cloud.autoconfigure.ConfigurationPropertiesRebinderAutoConfiguration' of type [org.springframework.cloud.autoconfigure.ConfigurationPropertiesRebinderAutoConfiguration$$EnhancerBySpringCGLIB$$e3c79521] is not eligible for getting processed by all BeanPostProcessors (for example: not eligible for auto-proxying)
[Repayment-Service][53080] 2022-07-10 12:48:10,383 INFO [main][TomcatWebServer.java:90] - Tomcat initialized with port(s): 53080 (http)
[Repayment-Service][53080] 2022-07-10 12:48:10,438 INFO [main][DirectJDKLog.java:173] - Initializing ProtocolHandler ["http-nio-53080"]
[Repayment-Service][53080] 2022-07-10 12:48:10,462 INFO [main][DirectJDKLog.java:173] - Starting service [Tomcat]
[Repayment-Service][53080] 2022-07-10 12:48:10,464 INFO [main][DirectJDKLog.java:173] - Starting Servlet engine: [Apache Tomcat/9.0.16]
[Repayment-Service][53080] 2022-07-10 12:48:10,480 INFO [main][DirectJDKLog.java:173] - The APR based Apache Tomcat Native library which allows optimal performance in production environments was not found on the java.library.path: [E:\jdk1.8.0_161\bin;C:\WINDOWS\Sun\Java\bin;C:\WINDOWS\system32;C:\WINDOWS;E:\Ruby26-x64\bin;C:\Program Files (x86)\Common Files\Oracle\Java\javapath;C:\Program Files\VanDyke Software\Clients\;E:\Anaconda;E:\Anaconda\Library\mingw-w64\bin;E:\Anaconda\Library\usr\bin;E:\Anaconda\Library\bin;E:\Anaconda\Scripts;C:\WINDOWS\system32;C:\WINDOWS;C:\WINDOWS\System32\Wbem;C:\WINDOWS\System32\WindowsPowerShell\v1.0\;C:\WINDOWS\System32\OpenSSH\;E:\mysql-5.7.20-winx64\bin;C:\Program Files\dotnet\;E:\nodejs\;C:\Users\Administrator\AppData\Roaming\npm;E:\nodejs\node_global\;C:\Program Files (x86)\Common Files\Thunder Network\KanKan\Codecs;E:\spark-2.1.1-hadoop2.7\bin;D:\Android\Sdk\platform-tools;E:\TortoiseSVN\bin;E:\TortoiseSVN\bin;E:\Subversion\bin;C:\Program Files\Docker\Docker\resources\bin;C:\ProgramData\DockerDesktop\version-bin;E:\CMake\bin;C:\mingw64\bin;E:\scala-2.12.15\bin;C:\Program Files (x86)\scala\bin;E:\spark\bin;E:\spark-2.1.1-hadoop2.7\bin;E:\NetSarang\Xshell 7\;E:\NetSarang\Xftp 7\;C:\Program Files\Git\cmd;E:\apache-maven-3.6.3\bin;E:\jdk1.8.0_161\bin;C:\Users\Administrator\AppData\Local\Microsoft\WindowsApps;E:\IntelliJ IDEA\bin;;C:\Users\Administrator\AppData\Roaming\npm;E:\nodejs\node_global\;C:\Users\Administrator\.dotnet\tools;C:\Users\Administrator\AppData\Local\GitHubDesktop\bin;E:\Microsoft VS Code\bin;.]
[Repayment-Service][53080] 2022-07-10 12:48:10,972 INFO [main][DirectJDKLog.java:173] - Initializing Spring embedded WebApplicationContext
[Repayment-Service][53080] 2022-07-10 12:48:10,973 INFO [main][ServletWebServerApplicationContext.java:296] - Root WebApplicationContext: initialization completed in 26743 ms
[Repayment-Service][53080] 2022-07-10 12:48:11,356 WARN [main][URLConfigurationSource.java:121] - No URLs will be polled as dynamic configuration sources.
[Repayment-Service][53080] 2022-07-10 12:48:11,358 INFO [main][URLConfigurationSource.java:122] - To enable URLs as dynamic configuration sources, define System property archaius.configurationSource.additionalUrls or make config.properties available on classpath.
[Repayment-Service][53080] 2022-07-10 12:48:11,397 INFO [main][DynamicPropertyFactory.java:281] - DynamicPropertyFactory is initialized with configuration sources: com.netflix.config.ConcurrentCompositeConfiguration@50df37eb
[Repayment-Service][53080] 2022-07-10 12:48:11,706 INFO [main][DruidDataSourceAutoConfigure.java:56] - Init DruidDataSource
[Repayment-Service][53080] 2022-07-10 12:48:12,735 INFO [main][DruidDataSource.java:1002] - {dataSource-1} inited
[Repayment-Service][53080] 2022-07-10 12:48:18,053 INFO [main][AutowiredAnnotationBeanPostProcessor.java:342] - Inconsistent constructor declaration on bean with name 'hmilyAutoConfiguration': single autowire-marked constructor flagged as optional - this constructor is effectively required since there is no default constructor to fall back to: public org.dromara.hmily.spring.boot.starter.parent.configuration.HmilyAutoConfiguration$$EnhancerBySpringCGLIB$$f448d0b0(org.dromara.hmily.spring.boot.starter.parent.config.HmilyConfigProperties)
[Repayment-Service][53080] 2022-07-10 12:48:19,449 INFO [main][EndpointLinksResolver.java:59] - Exposing 2 endpoint(s) beneath base path '/actuator'
[Repayment-Service][53080] 2022-07-10 12:48:19,956 INFO [main][HikariDataSource.java:110] - HikariPool-1 - Starting...
[Repayment-Service][53080] 2022-07-10 12:48:20,009 INFO [main][HikariDataSource.java:123] - HikariPool-1 - Start completed.
[Repayment-Service][53080] 2022-07-10 12:48:20,070 INFO [main][HmilyLogo.java:49] - 


    __  __          _ __     
   / / / /___ ___  (_) /_  __
  / /_/ / __ `__ \/ / / / / /
 / __  / / / / / / / / /_/ / 
/_/ /_/_/ /_/ /_/_/_/\__, /  
                    /____/   

 :: Hmily :: (v2.0.0-RELEASE)

[Repayment-Service][53080] 2022-07-10 12:48:20,132 INFO [main][PropertySourcedRequestMappingHandlerMapping.java:69] - Mapped URL path [/v2/api-docs] onto method [public org.springframework.http.ResponseEntity<springfox.documentation.spring.web.json.Json> springfox.documentation.swagger2.web.Swagger2Controller.getDocumentation(java.lang.String,javax.servlet.http.HttpServletRequest)]
[Repayment-Service][53080] 2022-07-10 12:48:20,188 WARN [main][URLConfigurationSource.java:121] - No URLs will be polled as dynamic configuration sources.
[Repayment-Service][53080] 2022-07-10 12:48:20,188 INFO [main][URLConfigurationSource.java:122] - To enable URLs as dynamic configuration sources, define System property archaius.configurationSource.additionalUrls or make config.properties available on classpath.
[Repayment-Service][53080] 2022-07-10 12:48:20,646 INFO [main][ExecutorConfigurationSupport.java:171] - Initializing ExecutorService 'applicationTaskExecutor'
[Repayment-Service][53080] 2022-07-10 12:48:21,764 INFO [main][StdSchedulerFactory.java:1208] - Using default implementation for ThreadExecutor
[Repayment-Service][53080] 2022-07-10 12:48:21,785 INFO [main][SchedulerSignalerImpl.java:61] - Initialized Scheduler Signaller of type: class org.quartz.core.SchedulerSignalerImpl
[Repayment-Service][53080] 2022-07-10 12:48:21,786 INFO [main][QuartzScheduler.java:229] - Quartz Scheduler v.2.3.0 created.
[Repayment-Service][53080] 2022-07-10 12:48:21,787 INFO [main][RAMJobStore.java:155] - RAMJobStore initialized.
[Repayment-Service][53080] 2022-07-10 12:48:21,789 INFO [main][QuartzScheduler.java:294] - Scheduler meta-data: Quartz Scheduler (v2.3.0) 'quartzScheduler' with instanceId 'NON_CLUSTERED'
  Scheduler class: 'org.quartz.core.QuartzScheduler' - running locally.
  NOT STARTED.
  Currently in standby mode.
  Number of jobs executed: 0
  Using thread pool 'org.quartz.simpl.SimpleThreadPool' - with 10 threads.
  Using job-store 'org.quartz.simpl.RAMJobStore' - which does not support persistence. and is not clustered.

[Repayment-Service][53080] 2022-07-10 12:48:21,789 INFO [main][StdSchedulerFactory.java:1362] - Quartz scheduler 'quartzScheduler' initialized from an externally provided properties instance.
[Repayment-Service][53080] 2022-07-10 12:48:21,789 INFO [main][StdSchedulerFactory.java:1366] - Quartz scheduler version: 2.3.0
[Repayment-Service][53080] 2022-07-10 12:48:21,790 INFO [main][QuartzScheduler.java:2287] - JobFactory set to: org.springframework.scheduling.quartz.SpringBeanJobFactory@52bb3dcd
[Repayment-Service][53080] 2022-07-10 12:48:24,402 WARN [main][EurekaStarterDeprecationWarningAutoConfiguration.java:19] - spring-cloud-starter-eureka is deprecated as of Spring Cloud Netflix 1.4.0, please migrate to spring-cloud-starter-netflix-eureka
[Repayment-Service][53080] 2022-07-10 12:48:26,688 INFO [main][DefaultRocketMQListenerContainer.java:243] - running container: DefaultRocketMQListenerContainer{consumerGroup='CID_START_REPAYMENT', nameServer='127.0.0.1:9876', topic='TP_START_REPAYMENT', consumeMode=CONCURRENTLY, selectorType=TAG, selectorExpression='*', messageModel=CLUSTERING}
[Repayment-Service][53080] 2022-07-10 12:48:26,688 INFO [main][ListenerContainerConfiguration.java:107] - Register the listener to container, listenerBeanName:startRepaymentMessageConsumer, containerBeanName:org.apache.rocketmq.spring.support.DefaultRocketMQListenerContainer_1
[Repayment-Service][53080] 2022-07-10 12:48:26,960 INFO [main][InstanceInfoFactory.java:71] - Setting initial instance status as: STARTING
[Repayment-Service][53080] 2022-07-10 12:48:27,046 INFO [main][DiscoveryClient.java:349] - Initializing Eureka in region us-east-1
[Repayment-Service][53080] 2022-07-10 12:48:28,993 INFO [main][DiscoveryJerseyProvider.java:70] - Using JSON encoding codec LegacyJacksonJson
[Repayment-Service][53080] 2022-07-10 12:48:28,994 INFO [main][DiscoveryJerseyProvider.java:71] - Using JSON decoding codec LegacyJacksonJson
[Repayment-Service][53080] 2022-07-10 12:48:29,242 INFO [main][DiscoveryJerseyProvider.java:80] - Using XML encoding codec XStreamXml
[Repayment-Service][53080] 2022-07-10 12:48:29,242 INFO [main][DiscoveryJerseyProvider.java:81] - Using XML decoding codec XStreamXml
[Repayment-Service][53080] 2022-07-10 12:48:29,575 INFO [main][ConfigClusterResolver.java:43] - Resolving eureka endpoints via configuration
[Repayment-Service][53080] 2022-07-10 12:48:31,635 INFO [main][DiscoveryClient.java:958] - Disable delta property : false
[Repayment-Service][53080] 2022-07-10 12:48:31,636 INFO [main][DiscoveryClient.java:959] - Single vip registry refresh property : null
[Repayment-Service][53080] 2022-07-10 12:48:31,637 INFO [main][DiscoveryClient.java:960] - Force full registry fetch : false
[Repayment-Service][53080] 2022-07-10 12:48:31,638 INFO [main][DiscoveryClient.java:961] - Application is null : false
[Repayment-Service][53080] 2022-07-10 12:48:31,639 INFO [main][DiscoveryClient.java:962] - Registered Applications size is zero : true
[Repayment-Service][53080] 2022-07-10 12:48:31,640 INFO [main][DiscoveryClient.java:964] - Application version is -1: true
[Repayment-Service][53080] 2022-07-10 12:48:31,640 INFO [main][DiscoveryClient.java:1047] - Getting all instance registry info from the eureka server
[Repayment-Service][53080] 2022-07-10 12:48:32,348 INFO [main][DiscoveryClient.java:1056] - The response status is 200
[Repayment-Service][53080] 2022-07-10 12:48:32,355 INFO [main][DiscoveryClient.java:1270] - Starting heartbeat executor: renew interval is: 30
[Repayment-Service][53080] 2022-07-10 12:48:32,362 INFO [main][InstanceInfoReplicator.java:60] - InstanceInfoReplicator onDemand update allowed rate per min is 4
[Repayment-Service][53080] 2022-07-10 12:48:32,370 INFO [main][DiscoveryClient.java:449] - Discovery Client initialized at timestamp 1657428512369 with initial instances count: 7
[Repayment-Service][53080] 2022-07-10 12:48:32,377 INFO [main][EurekaServiceRegistry.java:42] - Registering application REPAYMENT-SERVICE with eureka with status UP
[Repayment-Service][53080] 2022-07-10 12:48:32,378 INFO [main][DiscoveryClient.java:1305] - Saw local status change event StatusChangeEvent [timestamp=1657428512378, current=UP, previous=STARTING]
[Repayment-Service][53080] 2022-07-10 12:48:32,382 INFO [main][DocumentationPluginsBootstrapper.java:160] - Context refreshed
[Repayment-Service][53080] 2022-07-10 12:48:32,384 INFO [DiscoveryClient-InstanceInfoReplicator-0][DiscoveryClient.java:826] - DiscoveryClient_REPAYMENT-SERVICE/repayment-service:192.168.1.4:53080: registering service...
[Repayment-Service][53080] 2022-07-10 12:48:32,419 INFO [main][DocumentationPluginsBootstrapper.java:163] - Found 1 custom documentation plugin(s)
[Repayment-Service][53080] 2022-07-10 12:48:32,475 INFO [DiscoveryClient-InstanceInfoReplicator-0][DiscoveryClient.java:835] - DiscoveryClient_REPAYMENT-SERVICE/repayment-service:192.168.1.4:53080 - registration status: 204
[Repayment-Service][53080] 2022-07-10 12:48:32,519 INFO [main][ApiListingReferenceScanner.java:41] - Scanning for api listing references
[Repayment-Service][53080] 2022-07-10 12:48:32,838 INFO [main][CachingOperationNameGenerator.java:40] - Generating unique operation named: handleUsingGET_1
[Repayment-Service][53080] 2022-07-10 12:48:32,842 INFO [main][CachingOperationNameGenerator.java:40] - Generating unique operation named: handleUsingGET_2
[Repayment-Service][53080] 2022-07-10 12:48:32,845 INFO [main][CachingOperationNameGenerator.java:40] - Generating unique operation named: handleUsingGET_3
[Repayment-Service][53080] 2022-07-10 12:48:32,887 INFO [main][SchedulerFactoryBean.java:726] - Starting Quartz Scheduler now
[Repayment-Service][53080] 2022-07-10 12:48:32,889 INFO [main][QuartzScheduler.java:547] - Scheduler quartzScheduler_$_NON_CLUSTERED started.
[Repayment-Service][53080] 2022-07-10 12:48:32,915 INFO [main][DirectJDKLog.java:173] - Starting ProtocolHandler ["http-nio-53080"]
[Repayment-Service][53080] 2022-07-10 12:48:32,965 INFO [main][TomcatWebServer.java:204] - Tomcat started on port(s): 53080 (http) with context path ''
[Repayment-Service][53080] 2022-07-10 12:48:32,967 INFO [main][EurekaAutoServiceRegistration.java:141] - Updating port to 53080
[Repayment-Service][53080] 2022-07-10 12:48:32,972 INFO [main][StartupInfoLogger.java:59] - Started RepaymentService in 80.633 seconds (JVM running for 89.573)
[Repayment-Service][53080] 2022-07-10 12:48:34,237 INFO [RMI TCP Connection(6)-172.26.144.1][DirectJDKLog.java:173] - Initializing Spring DispatcherServlet 'dispatcherServlet'
[Repayment-Service][53080] 2022-07-10 12:48:34,238 INFO [RMI TCP Connection(6)-172.26.144.1][FrameworkServlet.java:524] - Initializing Servlet 'dispatcherServlet'
[Repayment-Service][53080] 2022-07-10 12:48:34,262 INFO [RMI TCP Connection(6)-172.26.144.1][FrameworkServlet.java:546] - Completed initialization in 24 ms
[Repayment-Service][53080] 2022-07-10 12:48:36,621 WARN [Apollo-RemoteConfigRepository-1][RemoteConfigRepository.java:194] - Load config failed, will retry in 1 SECONDS. appId: repayment-service, cluster: DEFAULT, namespaces: micro_service.spring-cloud-feign
[Repayment-Service][53080] 2022-07-10 12:48:37,642 WARN [Apollo-RemoteConfigRepository-1][RemoteConfigRepository.java:194] - Load config failed, will retry in 1 SECONDS. appId: repayment-service, cluster: DEFAULT, namespaces: micro_service.spring-cloud-feign
[Repayment-Service][53080] 2022-07-10 12:48:38,661 WARN [Apollo-RemoteConfigRepository-1][AbstractConfigRepository.java:26] - Sync config failed, will retry. Repository class com.ctrip.framework.apollo.internals.RemoteConfigRepository, reason: Load Apollo Config failed - appId: repayment-service, cluster: DEFAULT, namespace: micro_service.spring-cloud-feign, url: http://192.168.1.4:8080/configs/repayment-service/DEFAULT/micro_service.spring-cloud-feign?ip=172.26.144.1&messages=%7B%22details%22%3A%7B%22common-template%2Bdefault%2Bmicro_service.spring-cloud-feign%22%3A403%2C%22repayment-service%2Bdefault%2Bmicro_service.spring-cloud-feign%22%3A323%7D%7D [Cause: [status code: 404] Could not find config for namespace - appId: repayment-service, cluster: DEFAULT, namespace: micro_service.spring-cloud-feign, please check whether the configs are released in Apollo!]
[Repayment-Service][53080] 2022-07-10 12:48:50,074 INFO [hmilyTransaction-tccRollBackService-1][LogUtil.java:87] - rollback execute delayTime:60
[Repayment-Service][53080] 2022-07-10 12:49:50,160 INFO [hmilyTransaction-tccRollBackService-1][LogUtil.java:87] - rollback execute delayTime:60
[Repayment-Service][53080] 2022-07-10 12:50:50,166 INFO [hmilyTransaction-tccRollBackService-1][LogUtil.java:87] - rollback execute delayTime:60
[Repayment-Service][53080] 2022-07-10 12:51:50,178 INFO [hmilyTransaction-tccRollBackService-1][LogUtil.java:87] - rollback execute delayTime:60
[Repayment-Service][53080] 2022-07-10 12:52:34,751 WARN [Apollo-RemoteConfigRepository-1][RemoteConfigRepository.java:194] - Load config failed, will retry in 1 SECONDS. appId: repayment-service, cluster: DEFAULT, namespaces: application
[Repayment-Service][53080] 2022-07-10 12:52:35,759 WARN [Apollo-RemoteConfigRepository-1][AbstractConfigRepository.java:26] - Sync config failed, will retry. Repository class com.ctrip.framework.apollo.internals.RemoteConfigRepository, reason: Load Apollo Config failed - appId: repayment-service, cluster: DEFAULT, namespace: application, url: http://192.168.1.4:8080/configs/repayment-service/DEFAULT/application?ip=172.26.144.1&messages=%7B%22details%22%3A%7B%22repayment-service%2Bdefault%2Bapplication%22%3A318%7D%7D [Cause: [status code: 404] Could not find config for namespace - appId: repayment-service, cluster: DEFAULT, namespace: application, please check whether the configs are released in Apollo!]
[Repayment-Service][53080] 2022-07-10 12:52:40,987 WARN [Apollo-RemoteConfigRepository-1][RemoteConfigRepository.java:194] - Load config failed, will retry in 1 SECONDS. appId: repayment-service, cluster: DEFAULT, namespaces: micro_service.spring-cloud-feign
[Repayment-Service][53080] 2022-07-10 12:52:42,002 WARN [Apollo-RemoteConfigRepository-1][AbstractConfigRepository.java:26] - Sync config failed, will retry. Repository class com.ctrip.framework.apollo.internals.RemoteConfigRepository, reason: Load Apollo Config failed - appId: repayment-service, cluster: DEFAULT, namespace: micro_service.spring-cloud-feign, url: http://192.168.1.4:8080/configs/repayment-service/DEFAULT/micro_service.spring-cloud-feign?ip=172.26.144.1&messages=%7B%22details%22%3A%7B%22common-template%2Bdefault%2Bmicro_service.spring-cloud-feign%22%3A403%2C%22repayment-service%2Bdefault%2Bmicro_service.spring-cloud-feign%22%3A323%7D%7D [Cause: [status code: 404] Could not find config for namespace - appId: repayment-service, cluster: DEFAULT, namespace: micro_service.spring-cloud-feign, please check whether the configs are released in Apollo!]
[Repayment-Service][53080] 2022-07-10 12:52:50,189 INFO [hmilyTransaction-tccRollBackService-1][LogUtil.java:87] - rollback execute delayTime:60
[Repayment-Service][53080] 2022-07-10 12:53:31,657 INFO [AsyncResolver-bootstrap-executor-0][ConfigClusterResolver.java:43] - Resolving eureka endpoints via configuration
[Repayment-Service][53080] 2022-07-10 12:53:50,195 INFO [hmilyTransaction-tccRollBackService-1][LogUtil.java:87] - rollback execute delayTime:60
[Repayment-Service][53080] 2022-07-10 12:54:50,201 INFO [hmilyTransaction-tccRollBackService-1][LogUtil.java:87] - rollback execute delayTime:60
[Repayment-Service][53080] 2022-07-10 12:55:50,214 INFO [hmilyTransaction-tccRollBackService-1][LogUtil.java:87] - rollback execute delayTime:60
[Repayment-Service][53080] 2022-07-10 12:56:50,231 INFO [hmilyTransaction-tccRollBackService-1][LogUtil.java:87] - rollback execute delayTime:60
[Repayment-Service][53080] 2022-07-10 12:57:34,754 WARN [Apollo-RemoteConfigRepository-1][RemoteConfigRepository.java:194] - Load config failed, will retry in 1 SECONDS. appId: repayment-service, cluster: DEFAULT, namespaces: application
[Repayment-Service][53080] 2022-07-10 12:57:35,768 WARN [Apollo-RemoteConfigRepository-1][AbstractConfigRepository.java:26] - Sync config failed, will retry. Repository class com.ctrip.framework.apollo.internals.RemoteConfigRepository, reason: Load Apollo Config failed - appId: repayment-service, cluster: DEFAULT, namespace: application, url: http://192.168.1.4:8080/configs/repayment-service/DEFAULT/application?ip=172.26.144.1&messages=%7B%22details%22%3A%7B%22repayment-service%2Bdefault%2Bapplication%22%3A318%7D%7D [Cause: [status code: 404] Could not find config for namespace - appId: repayment-service, cluster: DEFAULT, namespace: application, please check whether the configs are released in Apollo!]
[Repayment-Service][53080] 2022-07-10 12:57:40,994 WARN [Apollo-RemoteConfigRepository-1][RemoteConfigRepository.java:194] - Load config failed, will retry in 1 SECONDS. appId: repayment-service, cluster: DEFAULT, namespaces: micro_service.spring-cloud-feign
[Repayment-Service][53080] 2022-07-10 12:57:42,014 WARN [Apollo-RemoteConfigRepository-1][AbstractConfigRepository.java:26] - Sync config failed, will retry. Repository class com.ctrip.framework.apollo.internals.RemoteConfigRepository, reason: Load Apollo Config failed - appId: repayment-service, cluster: DEFAULT, namespace: micro_service.spring-cloud-feign, url: http://192.168.1.4:8080/configs/repayment-service/DEFAULT/micro_service.spring-cloud-feign?ip=172.26.144.1&messages=%7B%22details%22%3A%7B%22common-template%2Bdefault%2Bmicro_service.spring-cloud-feign%22%3A403%2C%22repayment-service%2Bdefault%2Bmicro_service.spring-cloud-feign%22%3A323%7D%7D [Cause: [status code: 404] Could not find config for namespace - appId: repayment-service, cluster: DEFAULT, namespace: micro_service.spring-cloud-feign, please check whether the configs are released in Apollo!]
[Repayment-Service][53080] 2022-07-10 12:57:50,244 INFO [hmilyTransaction-tccRollBackService-1][LogUtil.java:87] - rollback execute delayTime:60
[Repayment-Service][53080] 2022-07-10 12:58:31,660 INFO [AsyncResolver-bootstrap-executor-0][ConfigClusterResolver.java:43] - Resolving eureka endpoints via configuration
[Repayment-Service][53080] 2022-07-10 12:58:50,247 INFO [hmilyTransaction-tccRollBackService-1][LogUtil.java:87] - rollback execute delayTime:60
[Repayment-Service][53080] 2022-07-10 12:59:50,256 INFO [hmilyTransaction-tccRollBackService-1][LogUtil.java:87] - rollback execute delayTime:60
