[transaction-service][53060] 2022-07-10 19:22:17,940 INFO [main][DefaultApplicationProvider.java:85] - App ID is set to transaction-service by app.id property from System Property
[transaction-service][53060] 2022-07-10 19:22:17,947 INFO [main][DefaultServerProvider.java:108] - Environment is set to [dev] by JVM system property 'env'.
[transaction-service][53060] 2022-07-10 19:22:18,024 WARN [main][DefaultMetaServerProvider.java:39] - Could not find meta server address, because it is not available in neither (1) JVM system property 'apollo.meta', (2) OS env variable 'APOLLO_META' (3) property 'apollo.meta' from server.properties nor (4) property 'apollo.meta' from app.properties
[transaction-service][53060] 2022-07-10 19:22:18,033 INFO [main][MetaDomainConsts.java:93] - Located meta server address http://localhost:8080 for env DEV from com.ctrip.framework.apollo.core.internals.LegacyMetaServerProvider
[transaction-service][53060] 2022-07-10 19:22:20,121 WARN [main][RemoteConfigRepository.java:194] - Load config failed, will retry in 1 SECONDS. appId: transaction-service, cluster: DEFAULT, namespaces: micro_service.spring-cloud-feign
[transaction-service][53060] 2022-07-10 19:22:21,132 WARN [main][AbstractConfigRepository.java:26] - Sync config failed, will retry. Repository class com.ctrip.framework.apollo.internals.RemoteConfigRepository, reason: Load Apollo Config failed - appId: transaction-service, cluster: DEFAULT, namespace: micro_service.spring-cloud-feign, url: http://192.168.1.4:8080/configs/transaction-service/DEFAULT/micro_service.spring-cloud-feign?ip=172.26.144.1 [Cause: [status code: 404] Could not find config for namespace - appId: transaction-service, cluster: DEFAULT, namespace: micro_service.spring-cloud-feign, please check whether the configs are released in Apollo!]
[transaction-service][53060] 2022-07-10 19:22:21,146 WARN [main][RemoteConfigRepository.java:194] - Load config failed, will retry in 1 SECONDS. appId: transaction-service, cluster: DEFAULT, namespaces: micro_service.spring-cloud-feign
[transaction-service][53060] 2022-07-10 19:22:22,163 WARN [main][LocalFileConfigRepository.java:167] - Sync config from upstream repository class com.ctrip.framework.apollo.internals.RemoteConfigRepository failed, reason: Load Apollo Config failed - appId: transaction-service, cluster: DEFAULT, namespace: micro_service.spring-cloud-feign, url: http://192.168.1.4:8080/configs/transaction-service/DEFAULT/micro_service.spring-cloud-feign?ip=172.26.144.1&messages=%7B%22details%22%3A%7B%22transaction-service%2Bdefault%2Bmicro_service.spring-cloud-feign%22%3A285%2C%22common-template%2Bdefault%2Bmicro_service.spring-cloud-feign%22%3A403%7D%7D [Cause: [status code: 404] Could not find config for namespace - appId: transaction-service, cluster: DEFAULT, namespace: micro_service.spring-cloud-feign, please check whether the configs are released in Apollo!]
[transaction-service][53060] 2022-07-10 19:22:22,173 WARN [Apollo-RemoteConfigRepository-1][RemoteConfigRepository.java:194] - Load config failed, will retry in 1 SECONDS. appId: transaction-service, cluster: DEFAULT, namespaces: micro_service.spring-cloud-feign
[transaction-service][53060] 2022-07-10 19:22:23,187 WARN [Apollo-RemoteConfigRepository-1][RemoteConfigRepository.java:194] - Load config failed, will retry in 1 SECONDS. appId: transaction-service, cluster: DEFAULT, namespaces: micro_service.spring-cloud-feign
[transaction-service][53060] 2022-07-10 19:22:24,208 WARN [Apollo-RemoteConfigRepository-1][AbstractConfigRepository.java:26] - Sync config failed, will retry. Repository class com.ctrip.framework.apollo.internals.RemoteConfigRepository, reason: Load Apollo Config failed - appId: transaction-service, cluster: DEFAULT, namespace: micro_service.spring-cloud-feign, url: http://192.168.1.4:8080/configs/transaction-service/DEFAULT/micro_service.spring-cloud-feign?ip=172.26.144.1&messages=%7B%22details%22%3A%7B%22transaction-service%2Bdefault%2Bmicro_service.spring-cloud-feign%22%3A285%2C%22common-template%2Bdefault%2Bmicro_service.spring-cloud-feign%22%3A403%7D%7D [Cause: [status code: 404] Could not find config for namespace - appId: transaction-service, cluster: DEFAULT, namespace: micro_service.spring-cloud-feign, please check whether the configs are released in Apollo!]
[transaction-service][53060] 2022-07-10 19:22:24,214 WARN [main][RemoteConfigRepository.java:194] - Load config failed, will retry in 1 SECONDS. appId: transaction-service, cluster: DEFAULT, namespaces: micro_service.spring-cloud-feign
[transaction-service][53060] 2022-07-10 19:22:25,227 WARN [main][LocalFileConfigRepository.java:167] - Sync config from upstream repository class com.ctrip.framework.apollo.internals.RemoteConfigRepository failed, reason: Load Apollo Config failed - appId: transaction-service, cluster: DEFAULT, namespace: micro_service.spring-cloud-feign, url: http://192.168.1.4:8080/configs/transaction-service/DEFAULT/micro_service.spring-cloud-feign?ip=172.26.144.1&messages=%7B%22details%22%3A%7B%22transaction-service%2Bdefault%2Bmicro_service.spring-cloud-feign%22%3A285%2C%22common-template%2Bdefault%2Bmicro_service.spring-cloud-feign%22%3A403%7D%7D [Cause: [status code: 404] Could not find config for namespace - appId: transaction-service, cluster: DEFAULT, namespace: micro_service.spring-cloud-feign, please check whether the configs are released in Apollo!]
[transaction-service][53060] 2022-07-10 19:22:25,228 WARN [main][AbstractConfigRepository.java:26] - Sync config failed, will retry. Repository class com.ctrip.framework.apollo.internals.LocalFileConfigRepository, reason: Load config from local config failed! [Cause: Cannot read from local cache file C:\opt\data\transaction-service\config-cache\transaction-service+DEFAULT+micro_service.spring-cloud-feign.properties]
[transaction-service][53060] 2022-07-10 19:22:25,235 WARN [main][RemoteConfigRepository.java:194] - Load config failed, will retry in 1 SECONDS. appId: transaction-service, cluster: DEFAULT, namespaces: micro_service.spring-cloud-feign
[transaction-service][53060] 2022-07-10 19:22:26,251 WARN [main][LocalFileConfigRepository.java:167] - Sync config from upstream repository class com.ctrip.framework.apollo.internals.RemoteConfigRepository failed, reason: Load Apollo Config failed - appId: transaction-service, cluster: DEFAULT, namespace: micro_service.spring-cloud-feign, url: http://192.168.1.4:8080/configs/transaction-service/DEFAULT/micro_service.spring-cloud-feign?ip=172.26.144.1&messages=%7B%22details%22%3A%7B%22transaction-service%2Bdefault%2Bmicro_service.spring-cloud-feign%22%3A285%2C%22common-template%2Bdefault%2Bmicro_service.spring-cloud-feign%22%3A403%7D%7D [Cause: [status code: 404] Could not find config for namespace - appId: transaction-service, cluster: DEFAULT, namespace: micro_service.spring-cloud-feign, please check whether the configs are released in Apollo!]
[transaction-service][53060] 2022-07-10 19:22:26,252 WARN [main][DefaultConfig.java:61] - Init Apollo Local Config failed - namespace: micro_service.spring-cloud-feign, reason: Load config from local config failed! [Cause: Cannot read from local cache file C:\opt\data\transaction-service\config-cache\transaction-service+DEFAULT+micro_service.spring-cloud-feign.properties].
[transaction-service][53060] 2022-07-10 19:22:26,293 WARN [main][DefaultConfig.java:95] - Could not load config for namespace micro_service.spring-cloud-feign from Apollo, please check whether the configs are released in Apollo! Return default value now!
[transaction-service][53060] 2022-07-10 19:22:26,294 INFO [main][SpringApplication.java:675] - No active profile set, falling back to default profiles: default
[transaction-service][53060] 2022-07-10 19:22:28,478 WARN [main][EndpointId.java:135] - Endpoint ID 'service-registry' contains invalid characters, please migrate to a valid format.
[transaction-service][53060] 2022-07-10 19:22:28,872 INFO [main][GenericScope.java:294] - BeanFactory id=abd3f24e-aec8-3cc6-849a-f7f4787b54d3
[transaction-service][53060] 2022-07-10 19:22:28,958 INFO [main][PostProcessorRegistrationDelegate.java:330] - Bean 'com.liu.wanxinp2p.transaction.agent.ConsumerServiceAgent' of type [org.springframework.cloud.openfeign.FeignClientFactoryBean] is not eligible for getting processed by all BeanPostProcessors (for example: not eligible for auto-proxying)
[transaction-service][53060] 2022-07-10 19:22:28,960 INFO [main][PostProcessorRegistrationDelegate.java:330] - Bean 'com.liu.wanxinp2p.transaction.agent.ContentSearchApiAgent' of type [org.springframework.cloud.openfeign.FeignClientFactoryBean] is not eligible for getting processed by all BeanPostProcessors (for example: not eligible for auto-proxying)
[transaction-service][53060] 2022-07-10 19:22:28,962 INFO [main][PostProcessorRegistrationDelegate.java:330] - Bean 'com.liu.wanxinp2p.transaction.agent.DepositoryAgentService' of type [org.springframework.cloud.openfeign.FeignClientFactoryBean] is not eligible for getting processed by all BeanPostProcessors (for example: not eligible for auto-proxying)
[transaction-service][53060] 2022-07-10 19:22:28,999 INFO [main][PostProcessorRegistrationDelegate.java:330] - Bean 'org.apache.rocketmq.spring.autoconfigure.RocketMQAutoConfiguration' of type [org.apache.rocketmq.spring.autoconfigure.RocketMQAutoConfiguration$$EnhancerBySpringCGLIB$$c1394678] is not eligible for getting processed by all BeanPostProcessors (for example: not eligible for auto-proxying)
[transaction-service][53060] 2022-07-10 19:22:29,017 INFO [main][PostProcessorRegistrationDelegate.java:330] - Bean 'rocketmq-org.apache.rocketmq.spring.autoconfigure.RocketMQProperties' of type [org.apache.rocketmq.spring.autoconfigure.RocketMQProperties] is not eligible for getting processed by all BeanPostProcessors (for example: not eligible for auto-proxying)
[transaction-service][53060] 2022-07-10 19:22:32,322 INFO [main][PostProcessorRegistrationDelegate.java:330] - Bean 'defaultMQProducer' of type [org.apache.rocketmq.client.producer.DefaultMQProducer] is not eligible for getting processed by all BeanPostProcessors (for example: not eligible for auto-proxying)
[transaction-service][53060] 2022-07-10 19:22:32,326 INFO [main][PostProcessorRegistrationDelegate.java:330] - Bean 'org.springframework.boot.autoconfigure.jackson.JacksonAutoConfiguration$JacksonObjectMapperConfiguration' of type [org.springframework.boot.autoconfigure.jackson.JacksonAutoConfiguration$JacksonObjectMapperConfiguration$$EnhancerBySpringCGLIB$$f436b70d] is not eligible for getting processed by all BeanPostProcessors (for example: not eligible for auto-proxying)
[transaction-service][53060] 2022-07-10 19:22:32,333 INFO [main][PostProcessorRegistrationDelegate.java:330] - Bean 'org.springframework.boot.autoconfigure.jackson.JacksonAutoConfiguration$JacksonObjectMapperBuilderConfiguration' of type [org.springframework.boot.autoconfigure.jackson.JacksonAutoConfiguration$JacksonObjectMapperBuilderConfiguration$$EnhancerBySpringCGLIB$$a6837926] is not eligible for getting processed by all BeanPostProcessors (for example: not eligible for auto-proxying)
[transaction-service][53060] 2022-07-10 19:22:32,337 INFO [main][PostProcessorRegistrationDelegate.java:330] - Bean 'org.springframework.boot.autoconfigure.jackson.JacksonAutoConfiguration$Jackson2ObjectMapperBuilderCustomizerConfiguration' of type [org.springframework.boot.autoconfigure.jackson.JacksonAutoConfiguration$Jackson2ObjectMapperBuilderCustomizerConfiguration$$EnhancerBySpringCGLIB$$619a5f15] is not eligible for getting processed by all BeanPostProcessors (for example: not eligible for auto-proxying)
[transaction-service][53060] 2022-07-10 19:22:32,348 INFO [main][PostProcessorRegistrationDelegate.java:330] - Bean 'spring.jackson-org.springframework.boot.autoconfigure.jackson.JacksonProperties' of type [org.springframework.boot.autoconfigure.jackson.JacksonProperties] is not eligible for getting processed by all BeanPostProcessors (for example: not eligible for auto-proxying)
[transaction-service][53060] 2022-07-10 19:22:32,352 INFO [main][PostProcessorRegistrationDelegate.java:330] - Bean 'standardJacksonObjectMapperBuilderCustomizer' of type [org.springframework.boot.autoconfigure.jackson.JacksonAutoConfiguration$Jackson2ObjectMapperBuilderCustomizerConfiguration$StandardJackson2ObjectMapperBuilderCustomizer] is not eligible for getting processed by all BeanPostProcessors (for example: not eligible for auto-proxying)
[transaction-service][53060] 2022-07-10 19:22:32,362 INFO [main][PostProcessorRegistrationDelegate.java:330] - Bean 'org.springframework.boot.autoconfigure.jackson.JacksonAutoConfiguration$ParameterNamesModuleConfiguration' of type [org.springframework.boot.autoconfigure.jackson.JacksonAutoConfiguration$ParameterNamesModuleConfiguration$$EnhancerBySpringCGLIB$$8865d643] is not eligible for getting processed by all BeanPostProcessors (for example: not eligible for auto-proxying)
[transaction-service][53060] 2022-07-10 19:22:32,375 INFO [main][PostProcessorRegistrationDelegate.java:330] - Bean 'parameterNamesModule' of type [com.fasterxml.jackson.module.paramnames.ParameterNamesModule] is not eligible for getting processed by all BeanPostProcessors (for example: not eligible for auto-proxying)
[transaction-service][53060] 2022-07-10 19:22:32,379 INFO [main][PostProcessorRegistrationDelegate.java:330] - Bean 'org.springframework.boot.autoconfigure.jackson.JacksonAutoConfiguration' of type [org.springframework.boot.autoconfigure.jackson.JacksonAutoConfiguration$$EnhancerBySpringCGLIB$$d642549c] is not eligible for getting processed by all BeanPostProcessors (for example: not eligible for auto-proxying)
[transaction-service][53060] 2022-07-10 19:22:32,467 INFO [main][PostProcessorRegistrationDelegate.java:330] - Bean 'jsonComponentModule' of type [org.springframework.boot.jackson.JsonComponentModule] is not eligible for getting processed by all BeanPostProcessors (for example: not eligible for auto-proxying)
[transaction-service][53060] 2022-07-10 19:22:32,468 INFO [main][PostProcessorRegistrationDelegate.java:330] - Bean 'org.springframework.data.web.config.SpringDataJacksonConfiguration' of type [org.springframework.data.web.config.SpringDataJacksonConfiguration] is not eligible for getting processed by all BeanPostProcessors (for example: not eligible for auto-proxying)
[transaction-service][53060] 2022-07-10 19:22:32,478 INFO [main][PostProcessorRegistrationDelegate.java:330] - Bean 'jacksonGeoModule' of type [org.springframework.data.geo.GeoModule] is not eligible for getting processed by all BeanPostProcessors (for example: not eligible for auto-proxying)
[transaction-service][53060] 2022-07-10 19:22:32,484 INFO [main][PostProcessorRegistrationDelegate.java:330] - Bean 'jacksonObjectMapperBuilder' of type [org.springframework.http.converter.json.Jackson2ObjectMapperBuilder] is not eligible for getting processed by all BeanPostProcessors (for example: not eligible for auto-proxying)
[transaction-service][53060] 2022-07-10 19:22:32,530 INFO [main][PostProcessorRegistrationDelegate.java:330] - Bean 'jacksonObjectMapper' of type [com.fasterxml.jackson.databind.ObjectMapper] is not eligible for getting processed by all BeanPostProcessors (for example: not eligible for auto-proxying)
[transaction-service][53060] 2022-07-10 19:22:39,046 INFO [main][PostProcessorRegistrationDelegate.java:330] - Bean 'rocketMQTemplate' of type [org.apache.rocketmq.spring.core.RocketMQTemplate] is not eligible for getting processed by all BeanPostProcessors (for example: not eligible for auto-proxying)
[transaction-service][53060] 2022-07-10 19:22:39,048 INFO [main][PostProcessorRegistrationDelegate.java:330] - Bean 'transactionHandlerRegistry' of type [org.apache.rocketmq.spring.config.TransactionHandlerRegistry] is not eligible for getting processed by all BeanPostProcessors (for example: not eligible for auto-proxying)
[transaction-service][53060] 2022-07-10 19:22:39,135 INFO [main][PostProcessorRegistrationDelegate.java:330] - Bean 'org.springframework.transaction.annotation.ProxyTransactionManagementConfiguration' of type [org.springframework.transaction.annotation.ProxyTransactionManagementConfiguration$$EnhancerBySpringCGLIB$$98a3377c] is not eligible for getting processed by all BeanPostProcessors (for example: not eligible for auto-proxying)
[transaction-service][53060] 2022-07-10 19:22:39,208 INFO [main][PostProcessorRegistrationDelegate.java:330] - Bean 'org.springframework.cloud.autoconfigure.ConfigurationPropertiesRebinderAutoConfiguration' of type [org.springframework.cloud.autoconfigure.ConfigurationPropertiesRebinderAutoConfiguration$$EnhancerBySpringCGLIB$$b4bd3a79] is not eligible for getting processed by all BeanPostProcessors (for example: not eligible for auto-proxying)
[transaction-service][53060] 2022-07-10 19:22:39,823 INFO [main][TomcatWebServer.java:90] - Tomcat initialized with port(s): 53060 (http)
[transaction-service][53060] 2022-07-10 19:22:39,849 INFO [main][DirectJDKLog.java:173] - Initializing ProtocolHandler ["http-nio-53060"]
[transaction-service][53060] 2022-07-10 19:22:39,863 INFO [main][DirectJDKLog.java:173] - Starting service [Tomcat]
[transaction-service][53060] 2022-07-10 19:22:39,864 INFO [main][DirectJDKLog.java:173] - Starting Servlet engine: [Apache Tomcat/9.0.16]
[transaction-service][53060] 2022-07-10 19:22:39,876 INFO [main][DirectJDKLog.java:173] - The APR based Apache Tomcat Native library which allows optimal performance in production environments was not found on the java.library.path: [E:\jdk1.8.0_161\bin;C:\WINDOWS\Sun\Java\bin;C:\WINDOWS\system32;C:\WINDOWS;E:\Ruby26-x64\bin;C:\Program Files (x86)\Common Files\Oracle\Java\javapath;C:\Program Files\VanDyke Software\Clients\;E:\Anaconda;E:\Anaconda\Library\mingw-w64\bin;E:\Anaconda\Library\usr\bin;E:\Anaconda\Library\bin;E:\Anaconda\Scripts;C:\WINDOWS\system32;C:\WINDOWS;C:\WINDOWS\System32\Wbem;C:\WINDOWS\System32\WindowsPowerShell\v1.0\;C:\WINDOWS\System32\OpenSSH\;E:\mysql-5.7.20-winx64\bin;C:\Program Files\dotnet\;E:\nodejs\;C:\Users\Administrator\AppData\Roaming\npm;E:\nodejs\node_global\;C:\Program Files (x86)\Common Files\Thunder Network\KanKan\Codecs;E:\spark-2.1.1-hadoop2.7\bin;D:\Android\Sdk\platform-tools;E:\TortoiseSVN\bin;E:\TortoiseSVN\bin;E:\Subversion\bin;C:\Program Files\Docker\Docker\resources\bin;C:\ProgramData\DockerDesktop\version-bin;E:\CMake\bin;C:\mingw64\bin;E:\scala-2.12.15\bin;C:\Program Files (x86)\scala\bin;E:\spark\bin;E:\spark-2.1.1-hadoop2.7\bin;E:\NetSarang\Xshell 7\;E:\NetSarang\Xftp 7\;C:\Program Files\Git\cmd;E:\apache-maven-3.6.3\bin;E:\jdk1.8.0_161\bin;C:\Users\Administrator\AppData\Local\Microsoft\WindowsApps;E:\IntelliJ IDEA\bin;;C:\Users\Administrator\AppData\Roaming\npm;E:\nodejs\node_global\;C:\Users\Administrator\.dotnet\tools;C:\Users\Administrator\AppData\Local\GitHubDesktop\bin;E:\Microsoft VS Code\bin;.]
[transaction-service][53060] 2022-07-10 19:22:40,133 INFO [main][DirectJDKLog.java:173] - Initializing Spring embedded WebApplicationContext
[transaction-service][53060] 2022-07-10 19:22:40,134 INFO [main][ServletWebServerApplicationContext.java:296] - Root WebApplicationContext: initialization completed in 13813 ms
[transaction-service][53060] 2022-07-10 19:22:40,362 WARN [main][URLConfigurationSource.java:121] - No URLs will be polled as dynamic configuration sources.
[transaction-service][53060] 2022-07-10 19:22:40,363 INFO [main][URLConfigurationSource.java:122] - To enable URLs as dynamic configuration sources, define System property archaius.configurationSource.additionalUrls or make config.properties available on classpath.
[transaction-service][53060] 2022-07-10 19:22:40,400 INFO [main][DynamicPropertyFactory.java:281] - DynamicPropertyFactory is initialized with configuration sources: com.netflix.config.ConcurrentCompositeConfiguration@2a19a0fe
[transaction-service][53060] 2022-07-10 19:22:41,301 INFO [main][DruidDataSource.java:1002] - {dataSource-1} inited
[transaction-service][53060] 2022-07-10 19:22:41,496 INFO [main][DruidDataSource.java:1002] - {dataSource-2} inited
[transaction-service][53060] 2022-07-10 19:22:46,849 INFO [main][EndpointLinksResolver.java:59] - Exposing 2 endpoint(s) beneath base path '/actuator'
[transaction-service][53060] 2022-07-10 19:22:46,971 INFO [main][PropertySourcedRequestMappingHandlerMapping.java:69] - Mapped URL path [/v2/api-docs] onto method [public org.springframework.http.ResponseEntity<springfox.documentation.spring.web.json.Json> springfox.documentation.swagger2.web.Swagger2Controller.getDocumentation(java.lang.String,javax.servlet.http.HttpServletRequest)]
[transaction-service][53060] 2022-07-10 19:22:46,986 WARN [main][URLConfigurationSource.java:121] - No URLs will be polled as dynamic configuration sources.
[transaction-service][53060] 2022-07-10 19:22:46,986 INFO [main][URLConfigurationSource.java:122] - To enable URLs as dynamic configuration sources, define System property archaius.configurationSource.additionalUrls or make config.properties available on classpath.
[transaction-service][53060] 2022-07-10 19:22:47,172 INFO [main][ExecutorConfigurationSupport.java:171] - Initializing ExecutorService 'applicationTaskExecutor'
[transaction-service][53060] 2022-07-10 19:22:49,726 INFO [main][InstanceInfoFactory.java:71] - Setting initial instance status as: STARTING
[transaction-service][53060] 2022-07-10 19:22:49,783 INFO [main][DiscoveryClient.java:349] - Initializing Eureka in region us-east-1
[transaction-service][53060] 2022-07-10 19:22:50,934 INFO [main][DiscoveryJerseyProvider.java:70] - Using JSON encoding codec LegacyJacksonJson
[transaction-service][53060] 2022-07-10 19:22:50,935 INFO [main][DiscoveryJerseyProvider.java:71] - Using JSON decoding codec LegacyJacksonJson
[transaction-service][53060] 2022-07-10 19:22:51,131 INFO [main][DiscoveryJerseyProvider.java:80] - Using XML encoding codec XStreamXml
[transaction-service][53060] 2022-07-10 19:22:51,132 INFO [main][DiscoveryJerseyProvider.java:81] - Using XML decoding codec XStreamXml
[transaction-service][53060] 2022-07-10 19:22:51,420 INFO [main][ConfigClusterResolver.java:43] - Resolving eureka endpoints via configuration
[transaction-service][53060] 2022-07-10 19:22:52,306 INFO [main][DiscoveryClient.java:958] - Disable delta property : false
[transaction-service][53060] 2022-07-10 19:22:52,307 INFO [main][DiscoveryClient.java:959] - Single vip registry refresh property : null
[transaction-service][53060] 2022-07-10 19:22:52,308 INFO [main][DiscoveryClient.java:960] - Force full registry fetch : false
[transaction-service][53060] 2022-07-10 19:22:52,308 INFO [main][DiscoveryClient.java:961] - Application is null : false
[transaction-service][53060] 2022-07-10 19:22:52,309 INFO [main][DiscoveryClient.java:962] - Registered Applications size is zero : true
[transaction-service][53060] 2022-07-10 19:22:52,309 INFO [main][DiscoveryClient.java:964] - Application version is -1: true
[transaction-service][53060] 2022-07-10 19:22:52,310 INFO [main][DiscoveryClient.java:1047] - Getting all instance registry info from the eureka server
[transaction-service][53060] 2022-07-10 19:22:52,593 INFO [main][DiscoveryClient.java:1056] - The response status is 200
[transaction-service][53060] 2022-07-10 19:22:52,598 INFO [main][DiscoveryClient.java:1270] - Starting heartbeat executor: renew interval is: 30
[transaction-service][53060] 2022-07-10 19:22:52,603 INFO [main][InstanceInfoReplicator.java:60] - InstanceInfoReplicator onDemand update allowed rate per min is 4
[transaction-service][53060] 2022-07-10 19:22:52,611 INFO [main][DiscoveryClient.java:449] - Discovery Client initialized at timestamp 1657452172608 with initial instances count: 8
[transaction-service][53060] 2022-07-10 19:22:52,614 INFO [main][EurekaServiceRegistry.java:42] - Registering application TRANSACTION-SERVICE with eureka with status UP
[transaction-service][53060] 2022-07-10 19:22:52,614 INFO [main][DiscoveryClient.java:1305] - Saw local status change event StatusChangeEvent [timestamp=1657452172614, current=UP, previous=STARTING]
[transaction-service][53060] 2022-07-10 19:22:52,617 INFO [main][DocumentationPluginsBootstrapper.java:160] - Context refreshed
[transaction-service][53060] 2022-07-10 19:22:52,619 INFO [DiscoveryClient-InstanceInfoReplicator-0][DiscoveryClient.java:826] - DiscoveryClient_TRANSACTION-SERVICE/transaction-service:192.168.1.4:53060: registering service...
[transaction-service][53060] 2022-07-10 19:22:52,638 INFO [main][DocumentationPluginsBootstrapper.java:163] - Found 1 custom documentation plugin(s)
[transaction-service][53060] 2022-07-10 19:22:52,688 INFO [DiscoveryClient-InstanceInfoReplicator-0][DiscoveryClient.java:835] - DiscoveryClient_TRANSACTION-SERVICE/transaction-service:192.168.1.4:53060 - registration status: 204
[transaction-service][53060] 2022-07-10 19:22:52,695 INFO [main][ApiListingReferenceScanner.java:41] - Scanning for api listing references
[transaction-service][53060] 2022-07-10 19:22:52,875 INFO [main][CachingOperationNameGenerator.java:40] - Generating unique operation named: handleUsingGET_1
[transaction-service][53060] 2022-07-10 19:22:52,878 INFO [main][CachingOperationNameGenerator.java:40] - Generating unique operation named: handleUsingGET_2
[transaction-service][53060] 2022-07-10 19:22:52,881 INFO [main][CachingOperationNameGenerator.java:40] - Generating unique operation named: handleUsingGET_3
[transaction-service][53060] 2022-07-10 19:22:52,981 INFO [main][CachingOperationNameGenerator.java:40] - Generating unique operation named: queryProjectsUsingPOST_1
[transaction-service][53060] 2022-07-10 19:22:53,038 INFO [main][DirectJDKLog.java:173] - Starting ProtocolHandler ["http-nio-53060"]
[transaction-service][53060] 2022-07-10 19:22:53,067 INFO [main][TomcatWebServer.java:204] - Tomcat started on port(s): 53060 (http) with context path '/transaction'
[transaction-service][53060] 2022-07-10 19:22:53,068 INFO [main][EurekaAutoServiceRegistration.java:141] - Updating port to 53060
[transaction-service][53060] 2022-07-10 19:22:53,072 INFO [main][StartupInfoLogger.java:59] - Started TransactionService in 43.303 seconds (JVM running for 48.031)
[transaction-service][53060] 2022-07-10 19:22:55,334 INFO [RMI TCP Connection(2)-172.26.144.1][DirectJDKLog.java:173] - Initializing Spring DispatcherServlet 'dispatcherServlet'
[transaction-service][53060] 2022-07-10 19:22:55,334 INFO [RMI TCP Connection(2)-172.26.144.1][FrameworkServlet.java:524] - Initializing Servlet 'dispatcherServlet'
[transaction-service][53060] 2022-07-10 19:22:55,354 INFO [RMI TCP Connection(2)-172.26.144.1][FrameworkServlet.java:546] - Completed initialization in 19 ms
[transaction-service][53060] 2022-07-10 19:22:56,207 INFO [RMI TCP Connection(3)-172.26.144.1][SQLLogger.java:89] - Rule Type: sharding
[transaction-service][53060] 2022-07-10 19:22:56,207 INFO [RMI TCP Connection(3)-172.26.144.1][SQLLogger.java:89] - Logic SQL: /* ping */ SELECT 1
[transaction-service][53060] 2022-07-10 19:22:56,207 INFO [RMI TCP Connection(3)-172.26.144.1][SQLLogger.java:89] - SQLStatement: SelectStatement(super=DQLStatement(super=AbstractSQLStatement(type=DQL, tables=Tables(tables=[]), routeConditions=Conditions(orCondition=OrCondition(andConditions=[])), encryptConditions=Conditions(orCondition=OrCondition(andConditions=[])), sqlTokens=[], parametersIndex=0, logicSQL=/* ping */ SELECT 1)), containStar=false, firstSelectItemStartIndex=18, selectListStopIndex=18, groupByLastIndex=0, items=[CommonSelectItem(expression=1, alias=Optional.absent())], groupByItems=[], orderByItems=[], limit=null, subqueryStatement=null, subqueryStatements=[], subqueryConditions=[])
[transaction-service][53060] 2022-07-10 19:22:56,208 INFO [RMI TCP Connection(3)-172.26.144.1][SQLLogger.java:89] - Actual SQL: ds0 ::: /* ping */ SELECT 1
[transaction-service][53060] 2022-07-10 19:23:43,566 WARN [http-nio-53060-exec-1][DefaultConfig.java:95] - Could not load config for namespace micro_service.spring-cloud-feign from Apollo, please check whether the configs are released in Apollo! Return default value now!
[transaction-service][53060] 2022-07-10 19:23:43,843 INFO [http-nio-53060-exec-1][ChainedDynamicProperty.java:115] - Flipping property: content-search-service.ribbon.ActiveConnectionsLimit to use NEXT property: niws.loadbalancer.availabilityFilteringRule.activeConnectionsLimit = 2147483647
[transaction-service][53060] 2022-07-10 19:23:43,878 INFO [http-nio-53060-exec-1][ShutdownEnabledTimer.java:58] - Shutdown hook installed for: NFLoadBalancer-PingTimer-content-search-service
[transaction-service][53060] 2022-07-10 19:23:43,879 INFO [http-nio-53060-exec-1][BaseLoadBalancer.java:197] - Client: content-search-service instantiated a LoadBalancer: DynamicServerListLoadBalancer:{NFLoadBalancer:name=content-search-service,current list of Servers=[],Load balancer stats=Zone stats: {},Server stats: []}ServerList:null
[transaction-service][53060] 2022-07-10 19:23:43,890 INFO [http-nio-53060-exec-1][DynamicServerListLoadBalancer.java:222] - Using serverListUpdater PollingServerListUpdater
[transaction-service][53060] 2022-07-10 19:23:43,912 INFO [http-nio-53060-exec-1][ChainedDynamicProperty.java:115] - Flipping property: content-search-service.ribbon.ActiveConnectionsLimit to use NEXT property: niws.loadbalancer.availabilityFilteringRule.activeConnectionsLimit = 2147483647
[transaction-service][53060] 2022-07-10 19:23:43,916 INFO [http-nio-53060-exec-1][DynamicServerListLoadBalancer.java:150] - DynamicServerListLoadBalancer for client content-search-service initialized: DynamicServerListLoadBalancer:{NFLoadBalancer:name=content-search-service,current list of Servers=[192.168.1.4:53090],Load balancer stats=Zone stats: {defaultzone=[Zone:defaultzone;	Instance count:1;	Active connections count: 0;	Circuit breaker tripped count: 0;	Active connections per server: 0.0;]
},Server stats: [[Server:192.168.1.4:53090;	Zone:defaultZone;	Total Requests:0;	Successive connection failure:0;	Total blackout seconds:0;	Last connection made:Thu Jan 01 08:00:00 CST 1970;	First connection made: Thu Jan 01 08:00:00 CST 1970;	Active Connections:0;	total failure count in last (1000) msecs:0;	average resp time:0.0;	90 percentile resp time:0.0;	95 percentile resp time:0.0;	min resp time:0.0;	max resp time:0.0;	stddev resp time:0.0]
]}ServerList:org.springframework.cloud.netflix.ribbon.eureka.DomainExtractingServerList@9e80c44
[transaction-service][53060] 2022-07-10 19:23:44,901 INFO [PollingServerListUpdater-0][ChainedDynamicProperty.java:115] - Flipping property: content-search-service.ribbon.ActiveConnectionsLimit to use NEXT property: niws.loadbalancer.availabilityFilteringRule.activeConnectionsLimit = 2147483647
[transaction-service][53060] 2022-07-10 19:23:45,056 DEBUG [http-nio-53060-exec-2][BaseJdbcLogger.java:159] - ==>  Preparing: SELECT ID,CONSUMER_ID,USER_NO,PROJECT_NO,NAME,DESCRIPTION,TYPE,PERIOD,ANNUAL_RATE,BORROWER_ANNUAL_RATE,COMMISSION_ANNUAL_RATE,REPAYMENT_WAY,AMOUNT,PROJECT_STATUS,CREATE_DATE,STATUS,IS_ASSIGNMENT,REQUEST_NO,MODIFY_DATE FROM project WHERE ID IN (?) 
[transaction-service][53060] 2022-07-10 19:23:45,094 DEBUG [http-nio-53060-exec-2][BaseJdbcLogger.java:159] - ==> Parameters: 1545794458589818882(Long)
[transaction-service][53060] 2022-07-10 19:23:45,243 INFO [http-nio-53060-exec-2][SQLLogger.java:89] - Rule Type: sharding
[transaction-service][53060] 2022-07-10 19:23:45,244 INFO [http-nio-53060-exec-2][SQLLogger.java:89] - Logic SQL: SELECT  ID,CONSUMER_ID,USER_NO,PROJECT_NO,NAME,DESCRIPTION,TYPE,PERIOD,ANNUAL_RATE,BORROWER_ANNUAL_RATE,COMMISSION_ANNUAL_RATE,REPAYMENT_WAY,AMOUNT,PROJECT_STATUS,CREATE_DATE,STATUS,IS_ASSIGNMENT,REQUEST_NO,MODIFY_DATE  FROM project 
 
 WHERE ID IN (?)
[transaction-service][53060] 2022-07-10 19:23:45,244 INFO [http-nio-53060-exec-2][SQLLogger.java:89] - SQLStatement: SelectStatement(super=DQLStatement(super=AbstractSQLStatement(type=DQL, tables=Tables(tables=[Table(name=project, alias=Optional.absent())]), routeConditions=Conditions(orCondition=OrCondition(andConditions=[AndCondition(conditions=[Condition(column=Column(name=ID, tableName=project), operator=IN, compareOperator=null, positionValueMap={}, positionIndexMap={0=0})])])), encryptConditions=Conditions(orCondition=OrCondition(andConditions=[])), sqlTokens=[TableToken(tableName=project, quoteCharacter=NONE, schemaNameLength=0)], parametersIndex=1, logicSQL=SELECT  ID,CONSUMER_ID,USER_NO,PROJECT_NO,NAME,DESCRIPTION,TYPE,PERIOD,ANNUAL_RATE,BORROWER_ANNUAL_RATE,COMMISSION_ANNUAL_RATE,REPAYMENT_WAY,AMOUNT,PROJECT_STATUS,CREATE_DATE,STATUS,IS_ASSIGNMENT,REQUEST_NO,MODIFY_DATE  FROM project 
 
 WHERE ID IN (?))), containStar=false, firstSelectItemStartIndex=8, selectListStopIndex=217, groupByLastIndex=0, items=[CommonSelectItem(expression=ID, alias=Optional.absent()), CommonSelectItem(expression=CONSUMER_ID, alias=Optional.absent()), CommonSelectItem(expression=USER_NO, alias=Optional.absent()), CommonSelectItem(expression=PROJECT_NO, alias=Optional.absent()), CommonSelectItem(expression=NAME, alias=Optional.absent()), CommonSelectItem(expression=DESCRIPTION, alias=Optional.absent()), CommonSelectItem(expression=TYPE, alias=Optional.absent()), CommonSelectItem(expression=PERIOD, alias=Optional.absent()), CommonSelectItem(expression=ANNUAL_RATE, alias=Optional.absent()), CommonSelectItem(expression=BORROWER_ANNUAL_RATE, alias=Optional.absent()), CommonSelectItem(expression=COMMISSION_ANNUAL_RATE, alias=Optional.absent()), CommonSelectItem(expression=REPAYMENT_WAY, alias=Optional.absent()), CommonSelectItem(expression=AMOUNT, alias=Optional.absent()), CommonSelectItem(expression=PROJECT_STATUS, alias=Optional.absent()), CommonSelectItem(expression=CREATE_DATE, alias=Optional.absent()), CommonSelectItem(expression=STATUS, alias=Optional.absent()), CommonSelectItem(expression=IS_ASSIGNMENT, alias=Optional.absent()), CommonSelectItem(expression=REQUEST_NO, alias=Optional.absent()), CommonSelectItem(expression=MODIFY_DATE, alias=Optional.absent())], groupByItems=[], orderByItems=[], limit=null, subqueryStatement=null, subqueryStatements=[], subqueryConditions=[])
[transaction-service][53060] 2022-07-10 19:23:45,245 INFO [http-nio-53060-exec-2][SQLLogger.java:89] - Actual SQL: ds0 ::: SELECT  ID,CONSUMER_ID,USER_NO,PROJECT_NO,NAME,DESCRIPTION,TYPE,PERIOD,ANNUAL_RATE,BORROWER_ANNUAL_RATE,COMMISSION_ANNUAL_RATE,REPAYMENT_WAY,AMOUNT,PROJECT_STATUS,CREATE_DATE,STATUS,IS_ASSIGNMENT,REQUEST_NO,MODIFY_DATE  FROM project_0 
 
 WHERE ID IN (?) ::: [1545794458589818882]
[transaction-service][53060] 2022-07-10 19:23:45,245 INFO [http-nio-53060-exec-2][SQLLogger.java:89] - Actual SQL: ds1 ::: SELECT  ID,CONSUMER_ID,USER_NO,PROJECT_NO,NAME,DESCRIPTION,TYPE,PERIOD,ANNUAL_RATE,BORROWER_ANNUAL_RATE,COMMISSION_ANNUAL_RATE,REPAYMENT_WAY,AMOUNT,PROJECT_STATUS,CREATE_DATE,STATUS,IS_ASSIGNMENT,REQUEST_NO,MODIFY_DATE  FROM project_0 
 
 WHERE ID IN (?) ::: [1545794458589818882]
[transaction-service][53060] 2022-07-10 19:23:45,297 DEBUG [http-nio-53060-exec-2][BaseJdbcLogger.java:159] - <==      Total: 1
[transaction-service][53060] 2022-07-10 19:23:45,321 DEBUG [http-nio-53060-exec-2][BaseJdbcLogger.java:159] - ==>  Preparing: SELECT IFNULL(SUM(AMOUNT), 0.0) FROM tender WHERE PROJECT_ID = ? AND STATUS = 1 
[transaction-service][53060] 2022-07-10 19:23:45,325 DEBUG [http-nio-53060-exec-2][BaseJdbcLogger.java:159] - ==> Parameters: 1545794458589818882(Long)
[transaction-service][53060] 2022-07-10 19:23:45,373 INFO [http-nio-53060-exec-2][SQLLogger.java:89] - Rule Type: sharding
[transaction-service][53060] 2022-07-10 19:23:45,374 INFO [http-nio-53060-exec-2][SQLLogger.java:89] - Logic SQL: SELECT IFNULL(SUM(AMOUNT), 0.0) FROM tender WHERE PROJECT_ID = ? AND STATUS = 1
[transaction-service][53060] 2022-07-10 19:23:45,374 INFO [http-nio-53060-exec-2][SQLLogger.java:89] - SQLStatement: SelectStatement(super=DQLStatement(super=AbstractSQLStatement(type=DQL, tables=Tables(tables=[Table(name=tender, alias=Optional.absent())]), routeConditions=Conditions(orCondition=OrCondition(andConditions=[AndCondition(conditions=[Condition(column=Column(name=PROJECT_ID, tableName=tender), operator=EQUAL, compareOperator==, positionValueMap={}, positionIndexMap={0=0})])])), encryptConditions=Conditions(orCondition=OrCondition(andConditions=[])), sqlTokens=[TableToken(tableName=tender, quoteCharacter=NONE, schemaNameLength=0)], parametersIndex=1, logicSQL=SELECT IFNULL(SUM(AMOUNT), 0.0) FROM tender WHERE PROJECT_ID = ? AND STATUS = 1)), containStar=false, firstSelectItemStartIndex=7, selectListStopIndex=30, groupByLastIndex=0, items=[CommonSelectItem(expression=IFNULL(SUM(AMOUNT),0.0), alias=Optional.absent())], groupByItems=[], orderByItems=[], limit=null, subqueryStatement=null, subqueryStatements=[], subqueryConditions=[])
[transaction-service][53060] 2022-07-10 19:23:45,375 INFO [http-nio-53060-exec-2][SQLLogger.java:89] - Actual SQL: ds0 ::: SELECT IFNULL(SUM(AMOUNT), 0.0) FROM tender_0 WHERE PROJECT_ID = ? AND STATUS = 1 ::: [1545794458589818882]
[transaction-service][53060] 2022-07-10 19:23:45,376 INFO [http-nio-53060-exec-2][SQLLogger.java:89] - Actual SQL: ds1 ::: SELECT IFNULL(SUM(AMOUNT), 0.0) FROM tender_0 WHERE PROJECT_ID = ? AND STATUS = 1 ::: [1545794458589818882]
[transaction-service][53060] 2022-07-10 19:23:45,380 DEBUG [http-nio-53060-exec-2][BaseJdbcLogger.java:159] - <==      Total: 2
[transaction-service][53060] 2022-07-10 19:23:45,385 DEBUG [http-nio-53060-exec-2][BaseJdbcLogger.java:159] - ==>  Preparing: SELECT COUNT( 1 ) FROM tender WHERE PROJECT_ID = ? 
[transaction-service][53060] 2022-07-10 19:23:45,388 DEBUG [http-nio-53060-exec-2][BaseJdbcLogger.java:159] - ==> Parameters: 1545794458589818882(Long)
[transaction-service][53060] 2022-07-10 19:23:45,402 INFO [http-nio-53060-exec-2][SQLLogger.java:89] - Rule Type: sharding
[transaction-service][53060] 2022-07-10 19:23:45,403 INFO [http-nio-53060-exec-2][SQLLogger.java:89] - Logic SQL: SELECT COUNT( 1 ) FROM tender 
 
 WHERE PROJECT_ID = ?
[transaction-service][53060] 2022-07-10 19:23:45,404 INFO [http-nio-53060-exec-2][SQLLogger.java:89] - SQLStatement: SelectStatement(super=DQLStatement(super=AbstractSQLStatement(type=DQL, tables=Tables(tables=[Table(name=tender, alias=Optional.absent())]), routeConditions=Conditions(orCondition=OrCondition(andConditions=[AndCondition(conditions=[Condition(column=Column(name=PROJECT_ID, tableName=tender), operator=EQUAL, compareOperator==, positionValueMap={}, positionIndexMap={0=0})])])), encryptConditions=Conditions(orCondition=OrCondition(andConditions=[])), sqlTokens=[TableToken(tableName=tender, quoteCharacter=NONE, schemaNameLength=0)], parametersIndex=1, logicSQL=SELECT COUNT( 1 ) FROM tender 
 
 WHERE PROJECT_ID = ?)), containStar=false, firstSelectItemStartIndex=7, selectListStopIndex=16, groupByLastIndex=0, items=[AggregationSelectItem(type=COUNT, innerExpression=( 1 ), alias=Optional.absent(), derivedAggregationSelectItems=[], index=-1)], groupByItems=[], orderByItems=[], limit=null, subqueryStatement=null, subqueryStatements=[], subqueryConditions=[])
[transaction-service][53060] 2022-07-10 19:23:45,405 INFO [http-nio-53060-exec-2][SQLLogger.java:89] - Actual SQL: ds0 ::: SELECT COUNT( 1 ) FROM tender_0 
 
 WHERE PROJECT_ID = ? ::: [1545794458589818882]
[transaction-service][53060] 2022-07-10 19:23:45,406 INFO [http-nio-53060-exec-2][SQLLogger.java:89] - Actual SQL: ds1 ::: SELECT COUNT( 1 ) FROM tender_0 
 
 WHERE PROJECT_ID = ? ::: [1545794458589818882]
[transaction-service][53060] 2022-07-10 19:23:45,423 DEBUG [http-nio-53060-exec-2][BaseJdbcLogger.java:159] - <==      Total: 1
[transaction-service][53060] 2022-07-10 19:27:21,142 WARN [Apollo-RemoteConfigRepository-1][RemoteConfigRepository.java:194] - Load config failed, will retry in 1 SECONDS. appId: transaction-service, cluster: DEFAULT, namespaces: micro_service.spring-cloud-feign
[transaction-service][53060] 2022-07-10 19:27:22,150 WARN [Apollo-RemoteConfigRepository-1][AbstractConfigRepository.java:26] - Sync config failed, will retry. Repository class com.ctrip.framework.apollo.internals.RemoteConfigRepository, reason: Load Apollo Config failed - appId: transaction-service, cluster: DEFAULT, namespace: micro_service.spring-cloud-feign, url: http://192.168.1.4:8080/configs/transaction-service/DEFAULT/micro_service.spring-cloud-feign?ip=172.26.144.1&messages=%7B%22details%22%3A%7B%22transaction-service%2Bdefault%2Bmicro_service.spring-cloud-feign%22%3A285%2C%22common-template%2Bdefault%2Bmicro_service.spring-cloud-feign%22%3A403%7D%7D [Cause: [status code: 404] Could not find config for namespace - appId: transaction-service, cluster: DEFAULT, namespace: micro_service.spring-cloud-feign, please check whether the configs are released in Apollo!]
[transaction-service][53060] 2022-07-10 19:27:52,315 INFO [AsyncResolver-bootstrap-executor-0][ConfigClusterResolver.java:43] - Resolving eureka endpoints via configuration
[transaction-service][53060] 2022-07-10 19:29:22,047 WARN [http-nio-53060-exec-4][DefaultConfig.java:95] - Could not load config for namespace micro_service.spring-cloud-feign from Apollo, please check whether the configs are released in Apollo! Return default value now!
[transaction-service][53060] 2022-07-10 19:29:22,120 INFO [http-nio-53060-exec-4][ChainedDynamicProperty.java:115] - Flipping property: consumer-service.ribbon.ActiveConnectionsLimit to use NEXT property: niws.loadbalancer.availabilityFilteringRule.activeConnectionsLimit = 2147483647
[transaction-service][53060] 2022-07-10 19:29:22,123 INFO [http-nio-53060-exec-4][ShutdownEnabledTimer.java:58] - Shutdown hook installed for: NFLoadBalancer-PingTimer-consumer-service
[transaction-service][53060] 2022-07-10 19:29:22,124 INFO [http-nio-53060-exec-4][BaseLoadBalancer.java:197] - Client: consumer-service instantiated a LoadBalancer: DynamicServerListLoadBalancer:{NFLoadBalancer:name=consumer-service,current list of Servers=[],Load balancer stats=Zone stats: {},Server stats: []}ServerList:null
[transaction-service][53060] 2022-07-10 19:29:22,126 INFO [http-nio-53060-exec-4][DynamicServerListLoadBalancer.java:222] - Using serverListUpdater PollingServerListUpdater
[transaction-service][53060] 2022-07-10 19:29:22,129 INFO [http-nio-53060-exec-4][ChainedDynamicProperty.java:115] - Flipping property: consumer-service.ribbon.ActiveConnectionsLimit to use NEXT property: niws.loadbalancer.availabilityFilteringRule.activeConnectionsLimit = 2147483647
[transaction-service][53060] 2022-07-10 19:29:22,130 INFO [http-nio-53060-exec-4][DynamicServerListLoadBalancer.java:150] - DynamicServerListLoadBalancer for client consumer-service initialized: DynamicServerListLoadBalancer:{NFLoadBalancer:name=consumer-service,current list of Servers=[192.168.1.4:53050],Load balancer stats=Zone stats: {defaultzone=[Zone:defaultzone;	Instance count:1;	Active connections count: 0;	Circuit breaker tripped count: 0;	Active connections per server: 0.0;]
},Server stats: [[Server:192.168.1.4:53050;	Zone:defaultZone;	Total Requests:0;	Successive connection failure:0;	Total blackout seconds:0;	Last connection made:Thu Jan 01 08:00:00 CST 1970;	First connection made: Thu Jan 01 08:00:00 CST 1970;	Active Connections:0;	total failure count in last (1000) msecs:0;	average resp time:0.0;	90 percentile resp time:0.0;	95 percentile resp time:0.0;	min resp time:0.0;	max resp time:0.0;	stddev resp time:0.0]
]}ServerList:org.springframework.cloud.netflix.ribbon.eureka.DomainExtractingServerList@182d133f
[transaction-service][53060] 2022-07-10 19:29:22,188 DEBUG [http-nio-53060-exec-4][BaseJdbcLogger.java:159] - ==>  Preparing: SELECT ID,CONSUMER_ID,USER_NO,PROJECT_NO,NAME,DESCRIPTION,TYPE,PERIOD,ANNUAL_RATE,BORROWER_ANNUAL_RATE,COMMISSION_ANNUAL_RATE,REPAYMENT_WAY,AMOUNT,PROJECT_STATUS,CREATE_DATE,STATUS,IS_ASSIGNMENT,REQUEST_NO,MODIFY_DATE FROM project WHERE ID=? 
[transaction-service][53060] 2022-07-10 19:29:22,192 DEBUG [http-nio-53060-exec-4][BaseJdbcLogger.java:159] - ==> Parameters: 1545794458589818882(Long)
[transaction-service][53060] 2022-07-10 19:29:22,230 INFO [http-nio-53060-exec-4][SQLLogger.java:89] - Rule Type: sharding
[transaction-service][53060] 2022-07-10 19:29:22,231 INFO [http-nio-53060-exec-4][SQLLogger.java:89] - Logic SQL: SELECT ID,CONSUMER_ID,USER_NO,PROJECT_NO,NAME,DESCRIPTION,TYPE,PERIOD,ANNUAL_RATE,BORROWER_ANNUAL_RATE,COMMISSION_ANNUAL_RATE,REPAYMENT_WAY,AMOUNT,PROJECT_STATUS,CREATE_DATE,STATUS,IS_ASSIGNMENT,REQUEST_NO,MODIFY_DATE FROM project WHERE ID=?
[transaction-service][53060] 2022-07-10 19:29:22,231 INFO [http-nio-53060-exec-4][SQLLogger.java:89] - SQLStatement: SelectStatement(super=DQLStatement(super=AbstractSQLStatement(type=DQL, tables=Tables(tables=[Table(name=project, alias=Optional.absent())]), routeConditions=Conditions(orCondition=OrCondition(andConditions=[AndCondition(conditions=[Condition(column=Column(name=ID, tableName=project), operator=EQUAL, compareOperator==, positionValueMap={}, positionIndexMap={0=0})])])), encryptConditions=Conditions(orCondition=OrCondition(andConditions=[])), sqlTokens=[TableToken(tableName=project, quoteCharacter=NONE, schemaNameLength=0)], parametersIndex=1, logicSQL=SELECT ID,CONSUMER_ID,USER_NO,PROJECT_NO,NAME,DESCRIPTION,TYPE,PERIOD,ANNUAL_RATE,BORROWER_ANNUAL_RATE,COMMISSION_ANNUAL_RATE,REPAYMENT_WAY,AMOUNT,PROJECT_STATUS,CREATE_DATE,STATUS,IS_ASSIGNMENT,REQUEST_NO,MODIFY_DATE FROM project WHERE ID=?)), containStar=false, firstSelectItemStartIndex=7, selectListStopIndex=216, groupByLastIndex=0, items=[CommonSelectItem(expression=ID, alias=Optional.absent()), CommonSelectItem(expression=CONSUMER_ID, alias=Optional.absent()), CommonSelectItem(expression=USER_NO, alias=Optional.absent()), CommonSelectItem(expression=PROJECT_NO, alias=Optional.absent()), CommonSelectItem(expression=NAME, alias=Optional.absent()), CommonSelectItem(expression=DESCRIPTION, alias=Optional.absent()), CommonSelectItem(expression=TYPE, alias=Optional.absent()), CommonSelectItem(expression=PERIOD, alias=Optional.absent()), CommonSelectItem(expression=ANNUAL_RATE, alias=Optional.absent()), CommonSelectItem(expression=BORROWER_ANNUAL_RATE, alias=Optional.absent()), CommonSelectItem(expression=COMMISSION_ANNUAL_RATE, alias=Optional.absent()), CommonSelectItem(expression=REPAYMENT_WAY, alias=Optional.absent()), CommonSelectItem(expression=AMOUNT, alias=Optional.absent()), CommonSelectItem(expression=PROJECT_STATUS, alias=Optional.absent()), CommonSelectItem(expression=CREATE_DATE, alias=Optional.absent()), CommonSelectItem(expression=STATUS, alias=Optional.absent()), CommonSelectItem(expression=IS_ASSIGNMENT, alias=Optional.absent()), CommonSelectItem(expression=REQUEST_NO, alias=Optional.absent()), CommonSelectItem(expression=MODIFY_DATE, alias=Optional.absent())], groupByItems=[], orderByItems=[], limit=null, subqueryStatement=null, subqueryStatements=[], subqueryConditions=[])
[transaction-service][53060] 2022-07-10 19:29:22,232 INFO [http-nio-53060-exec-4][SQLLogger.java:89] - Actual SQL: ds0 ::: SELECT ID,CONSUMER_ID,USER_NO,PROJECT_NO,NAME,DESCRIPTION,TYPE,PERIOD,ANNUAL_RATE,BORROWER_ANNUAL_RATE,COMMISSION_ANNUAL_RATE,REPAYMENT_WAY,AMOUNT,PROJECT_STATUS,CREATE_DATE,STATUS,IS_ASSIGNMENT,REQUEST_NO,MODIFY_DATE FROM project_0 WHERE ID=? ::: [1545794458589818882]
[transaction-service][53060] 2022-07-10 19:29:22,233 INFO [http-nio-53060-exec-4][SQLLogger.java:89] - Actual SQL: ds1 ::: SELECT ID,CONSUMER_ID,USER_NO,PROJECT_NO,NAME,DESCRIPTION,TYPE,PERIOD,ANNUAL_RATE,BORROWER_ANNUAL_RATE,COMMISSION_ANNUAL_RATE,REPAYMENT_WAY,AMOUNT,PROJECT_STATUS,CREATE_DATE,STATUS,IS_ASSIGNMENT,REQUEST_NO,MODIFY_DATE FROM project_0 WHERE ID=? ::: [1545794458589818882]
[transaction-service][53060] 2022-07-10 19:29:22,250 DEBUG [http-nio-53060-exec-4][BaseJdbcLogger.java:159] - <==      Total: 1
[transaction-service][53060] 2022-07-10 19:29:22,253 DEBUG [http-nio-53060-exec-4][BaseJdbcLogger.java:159] - ==>  Preparing: SELECT IFNULL(SUM(AMOUNT), 0.0) FROM tender WHERE PROJECT_ID = ? AND STATUS = 1 
[transaction-service][53060] 2022-07-10 19:29:22,257 DEBUG [http-nio-53060-exec-4][BaseJdbcLogger.java:159] - ==> Parameters: 1545794458589818882(Long)
[transaction-service][53060] 2022-07-10 19:29:22,258 INFO [http-nio-53060-exec-4][SQLLogger.java:89] - Rule Type: sharding
[transaction-service][53060] 2022-07-10 19:29:22,258 INFO [http-nio-53060-exec-4][SQLLogger.java:89] - Logic SQL: SELECT IFNULL(SUM(AMOUNT), 0.0) FROM tender WHERE PROJECT_ID = ? AND STATUS = 1
[transaction-service][53060] 2022-07-10 19:29:22,259 INFO [http-nio-53060-exec-4][SQLLogger.java:89] - SQLStatement: SelectStatement(super=DQLStatement(super=AbstractSQLStatement(type=DQL, tables=Tables(tables=[Table(name=tender, alias=Optional.absent())]), routeConditions=Conditions(orCondition=OrCondition(andConditions=[AndCondition(conditions=[Condition(column=Column(name=PROJECT_ID, tableName=tender), operator=EQUAL, compareOperator==, positionValueMap={}, positionIndexMap={0=0})])])), encryptConditions=Conditions(orCondition=OrCondition(andConditions=[])), sqlTokens=[TableToken(tableName=tender, quoteCharacter=NONE, schemaNameLength=0)], parametersIndex=1, logicSQL=SELECT IFNULL(SUM(AMOUNT), 0.0) FROM tender WHERE PROJECT_ID = ? AND STATUS = 1)), containStar=false, firstSelectItemStartIndex=7, selectListStopIndex=30, groupByLastIndex=0, items=[CommonSelectItem(expression=IFNULL(SUM(AMOUNT),0.0), alias=Optional.absent())], groupByItems=[], orderByItems=[], limit=null, subqueryStatement=null, subqueryStatements=[], subqueryConditions=[])
[transaction-service][53060] 2022-07-10 19:29:22,259 INFO [http-nio-53060-exec-4][SQLLogger.java:89] - Actual SQL: ds0 ::: SELECT IFNULL(SUM(AMOUNT), 0.0) FROM tender_0 WHERE PROJECT_ID = ? AND STATUS = 1 ::: [1545794458589818882]
[transaction-service][53060] 2022-07-10 19:29:22,260 INFO [http-nio-53060-exec-4][SQLLogger.java:89] - Actual SQL: ds1 ::: SELECT IFNULL(SUM(AMOUNT), 0.0) FROM tender_0 WHERE PROJECT_ID = ? AND STATUS = 1 ::: [1545794458589818882]
[transaction-service][53060] 2022-07-10 19:29:22,262 DEBUG [http-nio-53060-exec-4][BaseJdbcLogger.java:159] - <==      Total: 2
[transaction-service][53060] 2022-07-10 19:29:23,132 INFO [PollingServerListUpdater-0][ChainedDynamicProperty.java:115] - Flipping property: consumer-service.ribbon.ActiveConnectionsLimit to use NEXT property: niws.loadbalancer.availabilityFilteringRule.activeConnectionsLimit = 2147483647
[transaction-service][53060] 2022-07-10 19:29:23,151 DEBUG [http-nio-53060-exec-4][BaseJdbcLogger.java:159] - ==>  Preparing: INSERT INTO tender ( ID, CONSUMER_ID, CONSUMER_USERNAME, USER_NO, PROJECT_ID, PROJECT_NO, AMOUNT, TENDER_STATUS, CREATE_DATE, REQUEST_NO, STATUS, PROJECT_PERIOD, PROJECT_ANNUAL_RATE ) VALUES ( ?, ?, ?, ?, ?, ?, ?, ?, ?, ?, ?, ?, ? ) 
[transaction-service][53060] 2022-07-10 19:29:23,154 DEBUG [http-nio-53060-exec-4][BaseJdbcLogger.java:159] - ==> Parameters: 1546094225874173954(Long), 1003(Long), 15378791983(String), USR_3525C3F56E36416B9FA7696619E2F02Y(String), 1545794458589818882(Long), 1(String), 1500(BigDecimal), FROZEN(String), 2022-07-10 19:29:22.266(Timestamp), REQ_AFF73571345E46D5871B3853A1E6E41D(String), 0(Integer), 360(Integer), 0.00(BigDecimal)
[transaction-service][53060] 2022-07-10 19:29:23,201 INFO [http-nio-53060-exec-4][SQLLogger.java:89] - Rule Type: sharding
[transaction-service][53060] 2022-07-10 19:29:23,202 INFO [http-nio-53060-exec-4][SQLLogger.java:89] - Logic SQL: INSERT INTO tender  ( ID,
CONSUMER_ID,
CONSUMER_USERNAME,
USER_NO,
PROJECT_ID,
PROJECT_NO,
AMOUNT,
TENDER_STATUS,
CREATE_DATE,
REQUEST_NO,
STATUS,

PROJECT_PERIOD,
PROJECT_ANNUAL_RATE )  VALUES  ( ?,
?,
?,
?,
?,
?,
?,
?,
?,
?,
?,

?,
? )
[transaction-service][53060] 2022-07-10 19:29:23,202 INFO [http-nio-53060-exec-4][SQLLogger.java:89] - SQLStatement: InsertStatement(super=DMLStatement(super=AbstractSQLStatement(type=DML, tables=Tables(tables=[Table(name=tender, alias=Optional.absent())]), routeConditions=Conditions(orCondition=OrCondition(andConditions=[AndCondition(conditions=[Condition(column=Column(name=CONSUMER_ID, tableName=tender), operator=EQUAL, compareOperator=null, positionValueMap={}, positionIndexMap={0=1}), Condition(column=Column(name=PROJECT_ID, tableName=tender), operator=EQUAL, compareOperator=null, positionValueMap={}, positionIndexMap={0=4})])])), encryptConditions=Conditions(orCondition=OrCondition(andConditions=[])), sqlTokens=[TableToken(tableName=tender, quoteCharacter=NONE, schemaNameLength=0), SQLToken(startIndex=20)], parametersIndex=13, logicSQL=INSERT INTO tender  ( ID,
CONSUMER_ID,
CONSUMER_USERNAME,
USER_NO,
PROJECT_ID,
PROJECT_NO,
AMOUNT,
TENDER_STATUS,
CREATE_DATE,
REQUEST_NO,
STATUS,

PROJECT_PERIOD,
PROJECT_ANNUAL_RATE )  VALUES  ( ?,
?,
?,
?,
?,
?,
?,
?,
?,
?,
?,

?,
? )), deleteStatement=false, updateTableAlias={}, updateColumnValues={}, whereStartIndex=0, whereStopIndex=0, whereParameterStartIndex=0, whereParameterEndIndex=0), columnNames=[ID, CONSUMER_ID, CONSUMER_USERNAME, USER_NO, PROJECT_ID, PROJECT_NO, AMOUNT, TENDER_STATUS, CREATE_DATE, REQUEST_NO, STATUS, PROJECT_PERIOD, PROJECT_ANNUAL_RATE], values=[InsertValue(columnValues=[org.apache.shardingsphere.core.parse.old.parser.expression.SQLPlaceholderExpression@45306b1f, org.apache.shardingsphere.core.parse.old.parser.expression.SQLPlaceholderExpression@5b4f7c2c, org.apache.shardingsphere.core.parse.old.parser.expression.SQLPlaceholderExpression@2f9a8d02, org.apache.shardingsphere.core.parse.old.parser.expression.SQLPlaceholderExpression@48ff2b2f, org.apache.shardingsphere.core.parse.old.parser.expression.SQLPlaceholderExpression@ed1c9bc, org.apache.shardingsphere.core.parse.old.parser.expression.SQLPlaceholderExpression@2e5f6a56, org.apache.shardingsphere.core.parse.old.parser.expression.SQLPlaceholderExpression@55d61002, org.apache.shardingsphere.core.parse.old.parser.expression.SQLPlaceholderExpression@6441ffc4, org.apache.shardingsphere.core.parse.old.parser.expression.SQLPlaceholderExpression@64dd56d9, org.apache.shardingsphere.core.parse.old.parser.expression.SQLPlaceholderExpression@31859dce, org.apache.shardingsphere.core.parse.old.parser.expression.SQLPlaceholderExpression@54b6ddfc, org.apache.shardingsphere.core.parse.old.parser.expression.SQLPlaceholderExpression@3fe2a771, org.apache.shardingsphere.core.parse.old.parser.expression.SQLPlaceholderExpression@318755ca])])
[transaction-service][53060] 2022-07-10 19:29:23,203 INFO [http-nio-53060-exec-4][SQLLogger.java:89] - Actual SQL: ds1 ::: INSERT INTO tender_0   (ID, CONSUMER_ID, CONSUMER_USERNAME, USER_NO, PROJECT_ID, PROJECT_NO, AMOUNT, TENDER_STATUS, CREATE_DATE, REQUEST_NO, STATUS, PROJECT_PERIOD, PROJECT_ANNUAL_RATE) VALUES (?, ?, ?, ?, ?, ?, ?, ?, ?, ?, ?, ?, ?) ::: [1546094225874173954, 1003, 15378791983, USR_3525C3F56E36416B9FA7696619E2F02Y, 1545794458589818882, 1, 1500, FROZEN, 2022-07-10T19:29:22.266+0800, REQ_AFF73571345E46D5871B3853A1E6E41D, 0, 360, 0.00]
[transaction-service][53060] 2022-07-10 19:29:23,270 DEBUG [http-nio-53060-exec-4][BaseJdbcLogger.java:159] - <==    Updates: 1
[transaction-service][53060] 2022-07-10 19:29:23,327 INFO [http-nio-53060-exec-4][ChainedDynamicProperty.java:115] - Flipping property: depository-agent-service.ribbon.ActiveConnectionsLimit to use NEXT property: niws.loadbalancer.availabilityFilteringRule.activeConnectionsLimit = 2147483647
[transaction-service][53060] 2022-07-10 19:29:23,329 INFO [http-nio-53060-exec-4][ShutdownEnabledTimer.java:58] - Shutdown hook installed for: NFLoadBalancer-PingTimer-depository-agent-service
[transaction-service][53060] 2022-07-10 19:29:23,329 INFO [http-nio-53060-exec-4][BaseLoadBalancer.java:197] - Client: depository-agent-service instantiated a LoadBalancer: DynamicServerListLoadBalancer:{NFLoadBalancer:name=depository-agent-service,current list of Servers=[],Load balancer stats=Zone stats: {},Server stats: []}ServerList:null
[transaction-service][53060] 2022-07-10 19:29:23,331 INFO [http-nio-53060-exec-4][DynamicServerListLoadBalancer.java:222] - Using serverListUpdater PollingServerListUpdater
[transaction-service][53060] 2022-07-10 19:29:23,335 INFO [http-nio-53060-exec-4][ChainedDynamicProperty.java:115] - Flipping property: depository-agent-service.ribbon.ActiveConnectionsLimit to use NEXT property: niws.loadbalancer.availabilityFilteringRule.activeConnectionsLimit = 2147483647
[transaction-service][53060] 2022-07-10 19:29:23,336 INFO [http-nio-53060-exec-4][DynamicServerListLoadBalancer.java:150] - DynamicServerListLoadBalancer for client depository-agent-service initialized: DynamicServerListLoadBalancer:{NFLoadBalancer:name=depository-agent-service,current list of Servers=[192.168.1.4:53070],Load balancer stats=Zone stats: {defaultzone=[Zone:defaultzone;	Instance count:1;	Active connections count: 0;	Circuit breaker tripped count: 0;	Active connections per server: 0.0;]
},Server stats: [[Server:192.168.1.4:53070;	Zone:defaultZone;	Total Requests:0;	Successive connection failure:0;	Total blackout seconds:0;	Last connection made:Thu Jan 01 08:00:00 CST 1970;	First connection made: Thu Jan 01 08:00:00 CST 1970;	Active Connections:0;	total failure count in last (1000) msecs:0;	average resp time:0.0;	90 percentile resp time:0.0;	95 percentile resp time:0.0;	min resp time:0.0;	max resp time:0.0;	stddev resp time:0.0]
]}ServerList:org.springframework.cloud.netflix.ribbon.eureka.DomainExtractingServerList@78dd9ea8
[transaction-service][53060] 2022-07-10 19:29:23,676 DEBUG [http-nio-53060-exec-4][BaseJdbcLogger.java:159] - ==>  Preparing: UPDATE tender SET CONSUMER_ID=?, CONSUMER_USERNAME=?, USER_NO=?, PROJECT_ID=?, PROJECT_NO=?, AMOUNT=?, TENDER_STATUS=?, CREATE_DATE=?, REQUEST_NO=?, STATUS=?, PROJECT_PERIOD=?, PROJECT_ANNUAL_RATE=? WHERE ID=? 
[transaction-service][53060] 2022-07-10 19:29:23,682 DEBUG [http-nio-53060-exec-4][BaseJdbcLogger.java:159] - ==> Parameters: 1003(Long), 15378791983(String), USR_3525C3F56E36416B9FA7696619E2F02Y(String), 1545794458589818882(Long), 1(String), 1500(BigDecimal), FROZEN(String), 2022-07-10 19:29:22.266(Timestamp), REQ_AFF73571345E46D5871B3853A1E6E41D(String), 1(Integer), 360(Integer), 0.00(BigDecimal), 1546094225874173954(Long)
[transaction-service][53060] 2022-07-10 19:29:23,693 INFO [http-nio-53060-exec-4][SQLLogger.java:89] - Rule Type: sharding
[transaction-service][53060] 2022-07-10 19:29:23,694 INFO [http-nio-53060-exec-4][SQLLogger.java:89] - Logic SQL: UPDATE tender  SET CONSUMER_ID=?,
CONSUMER_USERNAME=?,
USER_NO=?,
PROJECT_ID=?,
PROJECT_NO=?,
AMOUNT=?,
TENDER_STATUS=?,
CREATE_DATE=?,
REQUEST_NO=?,
STATUS=?,

PROJECT_PERIOD=?,
PROJECT_ANNUAL_RATE=?  WHERE ID=?
[transaction-service][53060] 2022-07-10 19:29:23,694 INFO [http-nio-53060-exec-4][SQLLogger.java:89] - SQLStatement: DMLStatement(super=AbstractSQLStatement(type=DML, tables=Tables(tables=[Table(name=tender, alias=Optional.absent())]), routeConditions=Conditions(orCondition=OrCondition(andConditions=[])), encryptConditions=Conditions(orCondition=OrCondition(andConditions=[])), sqlTokens=[TableToken(tableName=tender, quoteCharacter=NONE, schemaNameLength=0)], parametersIndex=13, logicSQL=UPDATE tender  SET CONSUMER_ID=?,
CONSUMER_USERNAME=?,
USER_NO=?,
PROJECT_ID=?,
PROJECT_NO=?,
AMOUNT=?,
TENDER_STATUS=?,
CREATE_DATE=?,
REQUEST_NO=?,
STATUS=?,

PROJECT_PERIOD=?,
PROJECT_ANNUAL_RATE=?  WHERE ID=?), deleteStatement=false, updateTableAlias={tender=tender}, updateColumnValues={Column(name=CONSUMER_ID, tableName=tender)=org.apache.shardingsphere.core.parse.old.parser.expression.SQLPlaceholderExpression@761ab998, Column(name=CONSUMER_USERNAME, tableName=tender)=org.apache.shardingsphere.core.parse.old.parser.expression.SQLPlaceholderExpression@4e93fbfc, Column(name=USER_NO, tableName=tender)=org.apache.shardingsphere.core.parse.old.parser.expression.SQLPlaceholderExpression@649cb99b, Column(name=PROJECT_ID, tableName=tender)=org.apache.shardingsphere.core.parse.old.parser.expression.SQLPlaceholderExpression@7cf19bd4, Column(name=PROJECT_NO, tableName=tender)=org.apache.shardingsphere.core.parse.old.parser.expression.SQLPlaceholderExpression@5f043bab, Column(name=AMOUNT, tableName=tender)=org.apache.shardingsphere.core.parse.old.parser.expression.SQLPlaceholderExpression@e1967ac, Column(name=TENDER_STATUS, tableName=tender)=org.apache.shardingsphere.core.parse.old.parser.expression.SQLPlaceholderExpression@f485795, Column(name=CREATE_DATE, tableName=tender)=org.apache.shardingsphere.core.parse.old.parser.expression.SQLPlaceholderExpression@7f974293, Column(name=REQUEST_NO, tableName=tender)=org.apache.shardingsphere.core.parse.old.parser.expression.SQLPlaceholderExpression@130e7a9, Column(name=STATUS, tableName=tender)=org.apache.shardingsphere.core.parse.old.parser.expression.SQLPlaceholderExpression@44d1d424, Column(name=PROJECT_PERIOD, tableName=tender)=org.apache.shardingsphere.core.parse.old.parser.expression.SQLPlaceholderExpression@968d7d4, Column(name=PROJECT_ANNUAL_RATE, tableName=tender)=org.apache.shardingsphere.core.parse.old.parser.expression.SQLPlaceholderExpression@4cae8fb0}, whereStartIndex=202, whereStopIndex=211, whereParameterStartIndex=12, whereParameterEndIndex=12)
[transaction-service][53060] 2022-07-10 19:29:23,695 INFO [http-nio-53060-exec-4][SQLLogger.java:89] - Actual SQL: ds0 ::: UPDATE tender_0  SET CONSUMER_ID=?,
CONSUMER_USERNAME=?,
USER_NO=?,
PROJECT_ID=?,
PROJECT_NO=?,
AMOUNT=?,
TENDER_STATUS=?,
CREATE_DATE=?,
REQUEST_NO=?,
STATUS=?,

PROJECT_PERIOD=?,
PROJECT_ANNUAL_RATE=?  WHERE ID=? ::: [1003, 15378791983, USR_3525C3F56E36416B9FA7696619E2F02Y, 1545794458589818882, 1, 1500, FROZEN, 2022-07-10T19:29:22.266+0800, REQ_AFF73571345E46D5871B3853A1E6E41D, 1, 360, 0.00, 1546094225874173954]
[transaction-service][53060] 2022-07-10 19:29:23,696 INFO [http-nio-53060-exec-4][SQLLogger.java:89] - Actual SQL: ds0 ::: UPDATE tender_1  SET CONSUMER_ID=?,
CONSUMER_USERNAME=?,
USER_NO=?,
PROJECT_ID=?,
PROJECT_NO=?,
AMOUNT=?,
TENDER_STATUS=?,
CREATE_DATE=?,
REQUEST_NO=?,
STATUS=?,

PROJECT_PERIOD=?,
PROJECT_ANNUAL_RATE=?  WHERE ID=? ::: [1003, 15378791983, USR_3525C3F56E36416B9FA7696619E2F02Y, 1545794458589818882, 1, 1500, FROZEN, 2022-07-10T19:29:22.266+0800, REQ_AFF73571345E46D5871B3853A1E6E41D, 1, 360, 0.00, 1546094225874173954]
[transaction-service][53060] 2022-07-10 19:29:23,697 INFO [http-nio-53060-exec-4][SQLLogger.java:89] - Actual SQL: ds1 ::: UPDATE tender_0  SET CONSUMER_ID=?,
CONSUMER_USERNAME=?,
USER_NO=?,
PROJECT_ID=?,
PROJECT_NO=?,
AMOUNT=?,
TENDER_STATUS=?,
CREATE_DATE=?,
REQUEST_NO=?,
STATUS=?,

PROJECT_PERIOD=?,
PROJECT_ANNUAL_RATE=?  WHERE ID=? ::: [1003, 15378791983, USR_3525C3F56E36416B9FA7696619E2F02Y, 1545794458589818882, 1, 1500, FROZEN, 2022-07-10T19:29:22.266+0800, REQ_AFF73571345E46D5871B3853A1E6E41D, 1, 360, 0.00, 1546094225874173954]
[transaction-service][53060] 2022-07-10 19:29:23,698 INFO [http-nio-53060-exec-4][SQLLogger.java:89] - Actual SQL: ds1 ::: UPDATE tender_1  SET CONSUMER_ID=?,
CONSUMER_USERNAME=?,
USER_NO=?,
PROJECT_ID=?,
PROJECT_NO=?,
AMOUNT=?,
TENDER_STATUS=?,
CREATE_DATE=?,
REQUEST_NO=?,
STATUS=?,

PROJECT_PERIOD=?,
PROJECT_ANNUAL_RATE=?  WHERE ID=? ::: [1003, 15378791983, USR_3525C3F56E36416B9FA7696619E2F02Y, 1545794458589818882, 1, 1500, FROZEN, 2022-07-10T19:29:22.266+0800, REQ_AFF73571345E46D5871B3853A1E6E41D, 1, 360, 0.00, 1546094225874173954]
[transaction-service][53060] 2022-07-10 19:29:23,721 DEBUG [http-nio-53060-exec-4][BaseJdbcLogger.java:159] - <==    Updates: 1
[transaction-service][53060] 2022-07-10 19:29:23,724 DEBUG [http-nio-53060-exec-4][BaseJdbcLogger.java:159] - ==>  Preparing: SELECT IFNULL(SUM(AMOUNT), 0.0) FROM tender WHERE PROJECT_ID = ? AND STATUS = 1 
[transaction-service][53060] 2022-07-10 19:29:23,728 DEBUG [http-nio-53060-exec-4][BaseJdbcLogger.java:159] - ==> Parameters: 1545794458589818882(Long)
[transaction-service][53060] 2022-07-10 19:29:23,728 INFO [http-nio-53060-exec-4][SQLLogger.java:89] - Rule Type: sharding
[transaction-service][53060] 2022-07-10 19:29:23,729 INFO [http-nio-53060-exec-4][SQLLogger.java:89] - Logic SQL: SELECT IFNULL(SUM(AMOUNT), 0.0) FROM tender WHERE PROJECT_ID = ? AND STATUS = 1
[transaction-service][53060] 2022-07-10 19:29:23,730 INFO [http-nio-53060-exec-4][SQLLogger.java:89] - SQLStatement: SelectStatement(super=DQLStatement(super=AbstractSQLStatement(type=DQL, tables=Tables(tables=[Table(name=tender, alias=Optional.absent())]), routeConditions=Conditions(orCondition=OrCondition(andConditions=[AndCondition(conditions=[Condition(column=Column(name=PROJECT_ID, tableName=tender), operator=EQUAL, compareOperator==, positionValueMap={}, positionIndexMap={0=0})])])), encryptConditions=Conditions(orCondition=OrCondition(andConditions=[])), sqlTokens=[TableToken(tableName=tender, quoteCharacter=NONE, schemaNameLength=0)], parametersIndex=1, logicSQL=SELECT IFNULL(SUM(AMOUNT), 0.0) FROM tender WHERE PROJECT_ID = ? AND STATUS = 1)), containStar=false, firstSelectItemStartIndex=7, selectListStopIndex=30, groupByLastIndex=0, items=[CommonSelectItem(expression=IFNULL(SUM(AMOUNT),0.0), alias=Optional.absent())], groupByItems=[], orderByItems=[], limit=null, subqueryStatement=null, subqueryStatements=[], subqueryConditions=[])
[transaction-service][53060] 2022-07-10 19:29:23,730 INFO [http-nio-53060-exec-4][SQLLogger.java:89] - Actual SQL: ds0 ::: SELECT IFNULL(SUM(AMOUNT), 0.0) FROM tender_0 WHERE PROJECT_ID = ? AND STATUS = 1 ::: [1545794458589818882]
[transaction-service][53060] 2022-07-10 19:29:23,731 INFO [http-nio-53060-exec-4][SQLLogger.java:89] - Actual SQL: ds1 ::: SELECT IFNULL(SUM(AMOUNT), 0.0) FROM tender_0 WHERE PROJECT_ID = ? AND STATUS = 1 ::: [1545794458589818882]
[transaction-service][53060] 2022-07-10 19:29:23,734 DEBUG [http-nio-53060-exec-4][BaseJdbcLogger.java:159] - <==      Total: 2
[transaction-service][53060] 2022-07-10 19:29:24,349 INFO [PollingServerListUpdater-1][ChainedDynamicProperty.java:115] - Flipping property: depository-agent-service.ribbon.ActiveConnectionsLimit to use NEXT property: niws.loadbalancer.availabilityFilteringRule.activeConnectionsLimit = 2147483647
[transaction-service][53060] 2022-07-10 19:32:21,153 WARN [Apollo-RemoteConfigRepository-1][RemoteConfigRepository.java:194] - Load config failed, will retry in 1 SECONDS. appId: transaction-service, cluster: DEFAULT, namespaces: micro_service.spring-cloud-feign
[transaction-service][53060] 2022-07-10 19:32:22,167 WARN [Apollo-RemoteConfigRepository-1][AbstractConfigRepository.java:26] - Sync config failed, will retry. Repository class com.ctrip.framework.apollo.internals.RemoteConfigRepository, reason: Load Apollo Config failed - appId: transaction-service, cluster: DEFAULT, namespace: micro_service.spring-cloud-feign, url: http://192.168.1.4:8080/configs/transaction-service/DEFAULT/micro_service.spring-cloud-feign?ip=172.26.144.1&messages=%7B%22details%22%3A%7B%22transaction-service%2Bdefault%2Bmicro_service.spring-cloud-feign%22%3A285%2C%22common-template%2Bdefault%2Bmicro_service.spring-cloud-feign%22%3A403%7D%7D [Cause: [status code: 404] Could not find config for namespace - appId: transaction-service, cluster: DEFAULT, namespace: micro_service.spring-cloud-feign, please check whether the configs are released in Apollo!]
[transaction-service][53060] 2022-07-10 19:32:52,328 INFO [AsyncResolver-bootstrap-executor-0][ConfigClusterResolver.java:43] - Resolving eureka endpoints via configuration
[transaction-service][53060] 2022-07-10 19:37:21,157 WARN [Apollo-RemoteConfigRepository-1][RemoteConfigRepository.java:194] - Load config failed, will retry in 1 SECONDS. appId: transaction-service, cluster: DEFAULT, namespaces: micro_service.spring-cloud-feign
[transaction-service][53060] 2022-07-10 19:37:22,165 WARN [Apollo-RemoteConfigRepository-1][AbstractConfigRepository.java:26] - Sync config failed, will retry. Repository class com.ctrip.framework.apollo.internals.RemoteConfigRepository, reason: Load Apollo Config failed - appId: transaction-service, cluster: DEFAULT, namespace: micro_service.spring-cloud-feign, url: http://192.168.1.4:8080/configs/transaction-service/DEFAULT/micro_service.spring-cloud-feign?ip=172.26.144.1&messages=%7B%22details%22%3A%7B%22transaction-service%2Bdefault%2Bmicro_service.spring-cloud-feign%22%3A285%2C%22common-template%2Bdefault%2Bmicro_service.spring-cloud-feign%22%3A403%7D%7D [Cause: [status code: 404] Could not find config for namespace - appId: transaction-service, cluster: DEFAULT, namespace: micro_service.spring-cloud-feign, please check whether the configs are released in Apollo!]
[transaction-service][53060] 2022-07-10 19:37:52,340 INFO [AsyncResolver-bootstrap-executor-0][ConfigClusterResolver.java:43] - Resolving eureka endpoints via configuration
[transaction-service][53060] 2022-07-10 19:42:21,155 WARN [Apollo-RemoteConfigRepository-1][RemoteConfigRepository.java:194] - Load config failed, will retry in 1 SECONDS. appId: transaction-service, cluster: DEFAULT, namespaces: micro_service.spring-cloud-feign
[transaction-service][53060] 2022-07-10 19:42:22,171 WARN [Apollo-RemoteConfigRepository-1][AbstractConfigRepository.java:26] - Sync config failed, will retry. Repository class com.ctrip.framework.apollo.internals.RemoteConfigRepository, reason: Load Apollo Config failed - appId: transaction-service, cluster: DEFAULT, namespace: micro_service.spring-cloud-feign, url: http://192.168.1.4:8080/configs/transaction-service/DEFAULT/micro_service.spring-cloud-feign?ip=172.26.144.1&messages=%7B%22details%22%3A%7B%22transaction-service%2Bdefault%2Bmicro_service.spring-cloud-feign%22%3A285%2C%22common-template%2Bdefault%2Bmicro_service.spring-cloud-feign%22%3A403%7D%7D [Cause: [status code: 404] Could not find config for namespace - appId: transaction-service, cluster: DEFAULT, namespace: micro_service.spring-cloud-feign, please check whether the configs are released in Apollo!]
[transaction-service][53060] 2022-07-10 19:42:52,342 INFO [AsyncResolver-bootstrap-executor-0][ConfigClusterResolver.java:43] - Resolving eureka endpoints via configuration
[transaction-service][53060] 2022-07-10 19:47:21,144 WARN [Apollo-RemoteConfigRepository-1][RemoteConfigRepository.java:194] - Load config failed, will retry in 1 SECONDS. appId: transaction-service, cluster: DEFAULT, namespaces: micro_service.spring-cloud-feign
[transaction-service][53060] 2022-07-10 19:47:22,157 WARN [Apollo-RemoteConfigRepository-1][AbstractConfigRepository.java:26] - Sync config failed, will retry. Repository class com.ctrip.framework.apollo.internals.RemoteConfigRepository, reason: Load Apollo Config failed - appId: transaction-service, cluster: DEFAULT, namespace: micro_service.spring-cloud-feign, url: http://192.168.1.4:8080/configs/transaction-service/DEFAULT/micro_service.spring-cloud-feign?ip=172.26.144.1&messages=%7B%22details%22%3A%7B%22transaction-service%2Bdefault%2Bmicro_service.spring-cloud-feign%22%3A285%2C%22common-template%2Bdefault%2Bmicro_service.spring-cloud-feign%22%3A403%7D%7D [Cause: [status code: 404] Could not find config for namespace - appId: transaction-service, cluster: DEFAULT, namespace: micro_service.spring-cloud-feign, please check whether the configs are released in Apollo!]
[transaction-service][53060] 2022-07-10 19:47:52,350 INFO [AsyncResolver-bootstrap-executor-0][ConfigClusterResolver.java:43] - Resolving eureka endpoints via configuration
[transaction-service][53060] 2022-07-10 19:52:21,153 WARN [Apollo-RemoteConfigRepository-1][RemoteConfigRepository.java:194] - Load config failed, will retry in 1 SECONDS. appId: transaction-service, cluster: DEFAULT, namespaces: micro_service.spring-cloud-feign
[transaction-service][53060] 2022-07-10 19:52:22,175 WARN [Apollo-RemoteConfigRepository-1][AbstractConfigRepository.java:26] - Sync config failed, will retry. Repository class com.ctrip.framework.apollo.internals.RemoteConfigRepository, reason: Load Apollo Config failed - appId: transaction-service, cluster: DEFAULT, namespace: micro_service.spring-cloud-feign, url: http://192.168.1.4:8080/configs/transaction-service/DEFAULT/micro_service.spring-cloud-feign?ip=172.26.144.1&messages=%7B%22details%22%3A%7B%22transaction-service%2Bdefault%2Bmicro_service.spring-cloud-feign%22%3A285%2C%22common-template%2Bdefault%2Bmicro_service.spring-cloud-feign%22%3A403%7D%7D [Cause: [status code: 404] Could not find config for namespace - appId: transaction-service, cluster: DEFAULT, namespace: micro_service.spring-cloud-feign, please check whether the configs are released in Apollo!]
[transaction-service][53060] 2022-07-10 19:52:52,360 INFO [AsyncResolver-bootstrap-executor-0][ConfigClusterResolver.java:43] - Resolving eureka endpoints via configuration
[transaction-service][53060] 2022-07-10 19:57:21,158 WARN [Apollo-RemoteConfigRepository-1][RemoteConfigRepository.java:194] - Load config failed, will retry in 1 SECONDS. appId: transaction-service, cluster: DEFAULT, namespaces: micro_service.spring-cloud-feign
[transaction-service][53060] 2022-07-10 19:57:22,169 WARN [Apollo-RemoteConfigRepository-1][AbstractConfigRepository.java:26] - Sync config failed, will retry. Repository class com.ctrip.framework.apollo.internals.RemoteConfigRepository, reason: Load Apollo Config failed - appId: transaction-service, cluster: DEFAULT, namespace: micro_service.spring-cloud-feign, url: http://192.168.1.4:8080/configs/transaction-service/DEFAULT/micro_service.spring-cloud-feign?ip=172.26.144.1&messages=%7B%22details%22%3A%7B%22transaction-service%2Bdefault%2Bmicro_service.spring-cloud-feign%22%3A285%2C%22common-template%2Bdefault%2Bmicro_service.spring-cloud-feign%22%3A403%7D%7D [Cause: [status code: 404] Could not find config for namespace - appId: transaction-service, cluster: DEFAULT, namespace: micro_service.spring-cloud-feign, please check whether the configs are released in Apollo!]
[transaction-service][53060] 2022-07-10 19:57:52,370 INFO [AsyncResolver-bootstrap-executor-0][ConfigClusterResolver.java:43] - Resolving eureka endpoints via configuration
