[transaction-service][53060] 2022-07-10 16:41:08,390 INFO [main][DefaultApplicationProvider.java:85] - App ID is set to transaction-service by app.id property from System Property
[transaction-service][53060] 2022-07-10 16:41:08,399 INFO [main][DefaultServerProvider.java:108] - Environment is set to [dev] by JVM system property 'env'.
[transaction-service][53060] 2022-07-10 16:41:08,471 WARN [main][DefaultMetaServerProvider.java:39] - Could not find meta server address, because it is not available in neither (1) JVM system property 'apollo.meta', (2) OS env variable 'APOLLO_META' (3) property 'apollo.meta' from server.properties nor (4) property 'apollo.meta' from app.properties
[transaction-service][53060] 2022-07-10 16:41:08,479 INFO [main][MetaDomainConsts.java:93] - Located meta server address http://localhost:8080 for env DEV from com.ctrip.framework.apollo.core.internals.LegacyMetaServerProvider
[transaction-service][53060] 2022-07-10 16:41:10,349 WARN [main][RemoteConfigRepository.java:194] - Load config failed, will retry in 1 SECONDS. appId: transaction-service, cluster: DEFAULT, namespaces: micro_service.spring-cloud-feign
[transaction-service][53060] 2022-07-10 16:41:11,366 WARN [main][AbstractConfigRepository.java:26] - Sync config failed, will retry. Repository class com.ctrip.framework.apollo.internals.RemoteConfigRepository, reason: Load Apollo Config failed - appId: transaction-service, cluster: DEFAULT, namespace: micro_service.spring-cloud-feign, url: http://192.168.1.4:8080/configs/transaction-service/DEFAULT/micro_service.spring-cloud-feign?ip=172.26.144.1 [Cause: [status code: 404] Could not find config for namespace - appId: transaction-service, cluster: DEFAULT, namespace: micro_service.spring-cloud-feign, please check whether the configs are released in Apollo!]
[transaction-service][53060] 2022-07-10 16:41:11,376 WARN [main][RemoteConfigRepository.java:194] - Load config failed, will retry in 1 SECONDS. appId: transaction-service, cluster: DEFAULT, namespaces: micro_service.spring-cloud-feign
[transaction-service][53060] 2022-07-10 16:41:12,389 WARN [main][LocalFileConfigRepository.java:167] - Sync config from upstream repository class com.ctrip.framework.apollo.internals.RemoteConfigRepository failed, reason: Load Apollo Config failed - appId: transaction-service, cluster: DEFAULT, namespace: micro_service.spring-cloud-feign, url: http://192.168.1.4:8080/configs/transaction-service/DEFAULT/micro_service.spring-cloud-feign?ip=172.26.144.1&messages=%7B%22details%22%3A%7B%22transaction-service%2Bdefault%2Bmicro_service.spring-cloud-feign%22%3A285%2C%22common-template%2Bdefault%2Bmicro_service.spring-cloud-feign%22%3A403%7D%7D [Cause: [status code: 404] Could not find config for namespace - appId: transaction-service, cluster: DEFAULT, namespace: micro_service.spring-cloud-feign, please check whether the configs are released in Apollo!]
[transaction-service][53060] 2022-07-10 16:41:12,395 WARN [Apollo-RemoteConfigRepository-1][RemoteConfigRepository.java:194] - Load config failed, will retry in 1 SECONDS. appId: transaction-service, cluster: DEFAULT, namespaces: micro_service.spring-cloud-feign
[transaction-service][53060] 2022-07-10 16:41:13,418 WARN [Apollo-RemoteConfigRepository-1][RemoteConfigRepository.java:194] - Load config failed, will retry in 1 SECONDS. appId: transaction-service, cluster: DEFAULT, namespaces: micro_service.spring-cloud-feign
[transaction-service][53060] 2022-07-10 16:41:14,434 WARN [Apollo-RemoteConfigRepository-1][AbstractConfigRepository.java:26] - Sync config failed, will retry. Repository class com.ctrip.framework.apollo.internals.RemoteConfigRepository, reason: Load Apollo Config failed - appId: transaction-service, cluster: DEFAULT, namespace: micro_service.spring-cloud-feign, url: http://192.168.1.4:8080/configs/transaction-service/DEFAULT/micro_service.spring-cloud-feign?ip=172.26.144.1&messages=%7B%22details%22%3A%7B%22transaction-service%2Bdefault%2Bmicro_service.spring-cloud-feign%22%3A285%2C%22common-template%2Bdefault%2Bmicro_service.spring-cloud-feign%22%3A403%7D%7D [Cause: [status code: 404] Could not find config for namespace - appId: transaction-service, cluster: DEFAULT, namespace: micro_service.spring-cloud-feign, please check whether the configs are released in Apollo!]
[transaction-service][53060] 2022-07-10 16:41:14,440 WARN [main][RemoteConfigRepository.java:194] - Load config failed, will retry in 1 SECONDS. appId: transaction-service, cluster: DEFAULT, namespaces: micro_service.spring-cloud-feign
[transaction-service][53060] 2022-07-10 16:41:15,455 WARN [main][LocalFileConfigRepository.java:167] - Sync config from upstream repository class com.ctrip.framework.apollo.internals.RemoteConfigRepository failed, reason: Load Apollo Config failed - appId: transaction-service, cluster: DEFAULT, namespace: micro_service.spring-cloud-feign, url: http://192.168.1.4:8080/configs/transaction-service/DEFAULT/micro_service.spring-cloud-feign?ip=172.26.144.1&messages=%7B%22details%22%3A%7B%22transaction-service%2Bdefault%2Bmicro_service.spring-cloud-feign%22%3A285%2C%22common-template%2Bdefault%2Bmicro_service.spring-cloud-feign%22%3A403%7D%7D [Cause: [status code: 404] Could not find config for namespace - appId: transaction-service, cluster: DEFAULT, namespace: micro_service.spring-cloud-feign, please check whether the configs are released in Apollo!]
[transaction-service][53060] 2022-07-10 16:41:15,456 WARN [main][AbstractConfigRepository.java:26] - Sync config failed, will retry. Repository class com.ctrip.framework.apollo.internals.LocalFileConfigRepository, reason: Load config from local config failed! [Cause: Cannot read from local cache file C:\opt\data\transaction-service\config-cache\transaction-service+DEFAULT+micro_service.spring-cloud-feign.properties]
[transaction-service][53060] 2022-07-10 16:41:15,462 WARN [main][RemoteConfigRepository.java:194] - Load config failed, will retry in 1 SECONDS. appId: transaction-service, cluster: DEFAULT, namespaces: micro_service.spring-cloud-feign
[transaction-service][53060] 2022-07-10 16:41:16,479 WARN [main][LocalFileConfigRepository.java:167] - Sync config from upstream repository class com.ctrip.framework.apollo.internals.RemoteConfigRepository failed, reason: Load Apollo Config failed - appId: transaction-service, cluster: DEFAULT, namespace: micro_service.spring-cloud-feign, url: http://192.168.1.4:8080/configs/transaction-service/DEFAULT/micro_service.spring-cloud-feign?ip=172.26.144.1&messages=%7B%22details%22%3A%7B%22transaction-service%2Bdefault%2Bmicro_service.spring-cloud-feign%22%3A285%2C%22common-template%2Bdefault%2Bmicro_service.spring-cloud-feign%22%3A403%7D%7D [Cause: [status code: 404] Could not find config for namespace - appId: transaction-service, cluster: DEFAULT, namespace: micro_service.spring-cloud-feign, please check whether the configs are released in Apollo!]
[transaction-service][53060] 2022-07-10 16:41:16,480 WARN [main][DefaultConfig.java:61] - Init Apollo Local Config failed - namespace: micro_service.spring-cloud-feign, reason: Load config from local config failed! [Cause: Cannot read from local cache file C:\opt\data\transaction-service\config-cache\transaction-service+DEFAULT+micro_service.spring-cloud-feign.properties].
[transaction-service][53060] 2022-07-10 16:41:16,522 WARN [main][DefaultConfig.java:95] - Could not load config for namespace micro_service.spring-cloud-feign from Apollo, please check whether the configs are released in Apollo! Return default value now!
[transaction-service][53060] 2022-07-10 16:41:16,523 INFO [main][SpringApplication.java:675] - No active profile set, falling back to default profiles: default
[transaction-service][53060] 2022-07-10 16:41:18,627 WARN [main][EndpointId.java:135] - Endpoint ID 'service-registry' contains invalid characters, please migrate to a valid format.
[transaction-service][53060] 2022-07-10 16:41:18,971 INFO [main][GenericScope.java:294] - BeanFactory id=abd3f24e-aec8-3cc6-849a-f7f4787b54d3
[transaction-service][53060] 2022-07-10 16:41:19,044 INFO [main][PostProcessorRegistrationDelegate.java:330] - Bean 'com.liu.wanxinp2p.transaction.agent.ConsumerServiceAgent' of type [org.springframework.cloud.openfeign.FeignClientFactoryBean] is not eligible for getting processed by all BeanPostProcessors (for example: not eligible for auto-proxying)
[transaction-service][53060] 2022-07-10 16:41:19,046 INFO [main][PostProcessorRegistrationDelegate.java:330] - Bean 'com.liu.wanxinp2p.transaction.agent.ContentSearchApiAgent' of type [org.springframework.cloud.openfeign.FeignClientFactoryBean] is not eligible for getting processed by all BeanPostProcessors (for example: not eligible for auto-proxying)
[transaction-service][53060] 2022-07-10 16:41:19,050 INFO [main][PostProcessorRegistrationDelegate.java:330] - Bean 'com.liu.wanxinp2p.transaction.agent.DepositoryAgentService' of type [org.springframework.cloud.openfeign.FeignClientFactoryBean] is not eligible for getting processed by all BeanPostProcessors (for example: not eligible for auto-proxying)
[transaction-service][53060] 2022-07-10 16:41:19,087 INFO [main][PostProcessorRegistrationDelegate.java:330] - Bean 'org.apache.rocketmq.spring.autoconfigure.RocketMQAutoConfiguration' of type [org.apache.rocketmq.spring.autoconfigure.RocketMQAutoConfiguration$$EnhancerBySpringCGLIB$$4654b8d] is not eligible for getting processed by all BeanPostProcessors (for example: not eligible for auto-proxying)
[transaction-service][53060] 2022-07-10 16:41:19,107 INFO [main][PostProcessorRegistrationDelegate.java:330] - Bean 'rocketmq-org.apache.rocketmq.spring.autoconfigure.RocketMQProperties' of type [org.apache.rocketmq.spring.autoconfigure.RocketMQProperties] is not eligible for getting processed by all BeanPostProcessors (for example: not eligible for auto-proxying)
[transaction-service][53060] 2022-07-10 16:41:20,912 INFO [main][PostProcessorRegistrationDelegate.java:330] - Bean 'defaultMQProducer' of type [org.apache.rocketmq.client.producer.DefaultMQProducer] is not eligible for getting processed by all BeanPostProcessors (for example: not eligible for auto-proxying)
[transaction-service][53060] 2022-07-10 16:41:20,915 INFO [main][PostProcessorRegistrationDelegate.java:330] - Bean 'org.springframework.boot.autoconfigure.jackson.JacksonAutoConfiguration$JacksonObjectMapperConfiguration' of type [org.springframework.boot.autoconfigure.jackson.JacksonAutoConfiguration$JacksonObjectMapperConfiguration$$EnhancerBySpringCGLIB$$3762bc22] is not eligible for getting processed by all BeanPostProcessors (for example: not eligible for auto-proxying)
[transaction-service][53060] 2022-07-10 16:41:20,922 INFO [main][PostProcessorRegistrationDelegate.java:330] - Bean 'org.springframework.boot.autoconfigure.jackson.JacksonAutoConfiguration$JacksonObjectMapperBuilderConfiguration' of type [org.springframework.boot.autoconfigure.jackson.JacksonAutoConfiguration$JacksonObjectMapperBuilderConfiguration$$EnhancerBySpringCGLIB$$e9af7e3b] is not eligible for getting processed by all BeanPostProcessors (for example: not eligible for auto-proxying)
[transaction-service][53060] 2022-07-10 16:41:20,926 INFO [main][PostProcessorRegistrationDelegate.java:330] - Bean 'org.springframework.boot.autoconfigure.jackson.JacksonAutoConfiguration$Jackson2ObjectMapperBuilderCustomizerConfiguration' of type [org.springframework.boot.autoconfigure.jackson.JacksonAutoConfiguration$Jackson2ObjectMapperBuilderCustomizerConfiguration$$EnhancerBySpringCGLIB$$a4c6642a] is not eligible for getting processed by all BeanPostProcessors (for example: not eligible for auto-proxying)
[transaction-service][53060] 2022-07-10 16:41:20,932 INFO [main][PostProcessorRegistrationDelegate.java:330] - Bean 'spring.jackson-org.springframework.boot.autoconfigure.jackson.JacksonProperties' of type [org.springframework.boot.autoconfigure.jackson.JacksonProperties] is not eligible for getting processed by all BeanPostProcessors (for example: not eligible for auto-proxying)
[transaction-service][53060] 2022-07-10 16:41:20,935 INFO [main][PostProcessorRegistrationDelegate.java:330] - Bean 'standardJacksonObjectMapperBuilderCustomizer' of type [org.springframework.boot.autoconfigure.jackson.JacksonAutoConfiguration$Jackson2ObjectMapperBuilderCustomizerConfiguration$StandardJackson2ObjectMapperBuilderCustomizer] is not eligible for getting processed by all BeanPostProcessors (for example: not eligible for auto-proxying)
[transaction-service][53060] 2022-07-10 16:41:20,941 INFO [main][PostProcessorRegistrationDelegate.java:330] - Bean 'org.springframework.boot.autoconfigure.jackson.JacksonAutoConfiguration$ParameterNamesModuleConfiguration' of type [org.springframework.boot.autoconfigure.jackson.JacksonAutoConfiguration$ParameterNamesModuleConfiguration$$EnhancerBySpringCGLIB$$cb91db58] is not eligible for getting processed by all BeanPostProcessors (for example: not eligible for auto-proxying)
[transaction-service][53060] 2022-07-10 16:41:20,948 INFO [main][PostProcessorRegistrationDelegate.java:330] - Bean 'parameterNamesModule' of type [com.fasterxml.jackson.module.paramnames.ParameterNamesModule] is not eligible for getting processed by all BeanPostProcessors (for example: not eligible for auto-proxying)
[transaction-service][53060] 2022-07-10 16:41:20,950 INFO [main][PostProcessorRegistrationDelegate.java:330] - Bean 'org.springframework.boot.autoconfigure.jackson.JacksonAutoConfiguration' of type [org.springframework.boot.autoconfigure.jackson.JacksonAutoConfiguration$$EnhancerBySpringCGLIB$$196e59b1] is not eligible for getting processed by all BeanPostProcessors (for example: not eligible for auto-proxying)
[transaction-service][53060] 2022-07-10 16:41:21,006 INFO [main][PostProcessorRegistrationDelegate.java:330] - Bean 'jsonComponentModule' of type [org.springframework.boot.jackson.JsonComponentModule] is not eligible for getting processed by all BeanPostProcessors (for example: not eligible for auto-proxying)
[transaction-service][53060] 2022-07-10 16:41:21,007 INFO [main][PostProcessorRegistrationDelegate.java:330] - Bean 'org.springframework.data.web.config.SpringDataJacksonConfiguration' of type [org.springframework.data.web.config.SpringDataJacksonConfiguration] is not eligible for getting processed by all BeanPostProcessors (for example: not eligible for auto-proxying)
[transaction-service][53060] 2022-07-10 16:41:21,013 INFO [main][PostProcessorRegistrationDelegate.java:330] - Bean 'jacksonGeoModule' of type [org.springframework.data.geo.GeoModule] is not eligible for getting processed by all BeanPostProcessors (for example: not eligible for auto-proxying)
[transaction-service][53060] 2022-07-10 16:41:21,017 INFO [main][PostProcessorRegistrationDelegate.java:330] - Bean 'jacksonObjectMapperBuilder' of type [org.springframework.http.converter.json.Jackson2ObjectMapperBuilder] is not eligible for getting processed by all BeanPostProcessors (for example: not eligible for auto-proxying)
[transaction-service][53060] 2022-07-10 16:41:21,048 INFO [main][PostProcessorRegistrationDelegate.java:330] - Bean 'jacksonObjectMapper' of type [com.fasterxml.jackson.databind.ObjectMapper] is not eligible for getting processed by all BeanPostProcessors (for example: not eligible for auto-proxying)
[transaction-service][53060] 2022-07-10 16:41:25,595 INFO [main][PostProcessorRegistrationDelegate.java:330] - Bean 'rocketMQTemplate' of type [org.apache.rocketmq.spring.core.RocketMQTemplate] is not eligible for getting processed by all BeanPostProcessors (for example: not eligible for auto-proxying)
[transaction-service][53060] 2022-07-10 16:41:25,598 INFO [main][PostProcessorRegistrationDelegate.java:330] - Bean 'transactionHandlerRegistry' of type [org.apache.rocketmq.spring.config.TransactionHandlerRegistry] is not eligible for getting processed by all BeanPostProcessors (for example: not eligible for auto-proxying)
[transaction-service][53060] 2022-07-10 16:41:25,690 INFO [main][PostProcessorRegistrationDelegate.java:330] - Bean 'org.springframework.transaction.annotation.ProxyTransactionManagementConfiguration' of type [org.springframework.transaction.annotation.ProxyTransactionManagementConfiguration$$EnhancerBySpringCGLIB$$dbcf3c91] is not eligible for getting processed by all BeanPostProcessors (for example: not eligible for auto-proxying)
[transaction-service][53060] 2022-07-10 16:41:25,733 INFO [main][PostProcessorRegistrationDelegate.java:330] - Bean 'org.springframework.cloud.autoconfigure.ConfigurationPropertiesRebinderAutoConfiguration' of type [org.springframework.cloud.autoconfigure.ConfigurationPropertiesRebinderAutoConfiguration$$EnhancerBySpringCGLIB$$f7e93f8e] is not eligible for getting processed by all BeanPostProcessors (for example: not eligible for auto-proxying)
[transaction-service][53060] 2022-07-10 16:41:26,285 INFO [main][TomcatWebServer.java:90] - Tomcat initialized with port(s): 53060 (http)
[transaction-service][53060] 2022-07-10 16:41:26,315 INFO [main][DirectJDKLog.java:173] - Initializing ProtocolHandler ["http-nio-53060"]
[transaction-service][53060] 2022-07-10 16:41:26,330 INFO [main][DirectJDKLog.java:173] - Starting service [Tomcat]
[transaction-service][53060] 2022-07-10 16:41:26,331 INFO [main][DirectJDKLog.java:173] - Starting Servlet engine: [Apache Tomcat/9.0.16]
[transaction-service][53060] 2022-07-10 16:41:26,344 INFO [main][DirectJDKLog.java:173] - The APR based Apache Tomcat Native library which allows optimal performance in production environments was not found on the java.library.path: [E:\jdk1.8.0_161\bin;C:\WINDOWS\Sun\Java\bin;C:\WINDOWS\system32;C:\WINDOWS;E:\Ruby26-x64\bin;C:\Program Files (x86)\Common Files\Oracle\Java\javapath;C:\Program Files\VanDyke Software\Clients\;E:\Anaconda;E:\Anaconda\Library\mingw-w64\bin;E:\Anaconda\Library\usr\bin;E:\Anaconda\Library\bin;E:\Anaconda\Scripts;C:\WINDOWS\system32;C:\WINDOWS;C:\WINDOWS\System32\Wbem;C:\WINDOWS\System32\WindowsPowerShell\v1.0\;C:\WINDOWS\System32\OpenSSH\;E:\mysql-5.7.20-winx64\bin;C:\Program Files\dotnet\;E:\nodejs\;C:\Users\Administrator\AppData\Roaming\npm;E:\nodejs\node_global\;C:\Program Files (x86)\Common Files\Thunder Network\KanKan\Codecs;E:\spark-2.1.1-hadoop2.7\bin;D:\Android\Sdk\platform-tools;E:\TortoiseSVN\bin;E:\TortoiseSVN\bin;E:\Subversion\bin;C:\Program Files\Docker\Docker\resources\bin;C:\ProgramData\DockerDesktop\version-bin;E:\CMake\bin;C:\mingw64\bin;E:\scala-2.12.15\bin;C:\Program Files (x86)\scala\bin;E:\spark\bin;E:\spark-2.1.1-hadoop2.7\bin;E:\NetSarang\Xshell 7\;E:\NetSarang\Xftp 7\;C:\Program Files\Git\cmd;E:\apache-maven-3.6.3\bin;E:\jdk1.8.0_161\bin;C:\Users\Administrator\AppData\Local\Microsoft\WindowsApps;E:\IntelliJ IDEA\bin;;C:\Users\Administrator\AppData\Roaming\npm;E:\nodejs\node_global\;C:\Users\Administrator\.dotnet\tools;C:\Users\Administrator\AppData\Local\GitHubDesktop\bin;E:\Microsoft VS Code\bin;.]
[transaction-service][53060] 2022-07-10 16:41:26,619 INFO [main][DirectJDKLog.java:173] - Initializing Spring embedded WebApplicationContext
[transaction-service][53060] 2022-07-10 16:41:26,619 INFO [main][ServletWebServerApplicationContext.java:296] - Root WebApplicationContext: initialization completed in 10072 ms
[transaction-service][53060] 2022-07-10 16:41:26,786 WARN [main][URLConfigurationSource.java:121] - No URLs will be polled as dynamic configuration sources.
[transaction-service][53060] 2022-07-10 16:41:26,788 INFO [main][URLConfigurationSource.java:122] - To enable URLs as dynamic configuration sources, define System property archaius.configurationSource.additionalUrls or make config.properties available on classpath.
[transaction-service][53060] 2022-07-10 16:41:26,810 INFO [main][DynamicPropertyFactory.java:281] - DynamicPropertyFactory is initialized with configuration sources: com.netflix.config.ConcurrentCompositeConfiguration@7e050be1
[transaction-service][53060] 2022-07-10 16:41:27,738 INFO [main][DruidDataSource.java:1002] - {dataSource-1} inited
[transaction-service][53060] 2022-07-10 16:41:27,944 INFO [main][DruidDataSource.java:1002] - {dataSource-2} inited
[transaction-service][53060] 2022-07-10 16:41:32,825 INFO [main][EndpointLinksResolver.java:59] - Exposing 2 endpoint(s) beneath base path '/actuator'
[transaction-service][53060] 2022-07-10 16:41:32,957 INFO [main][PropertySourcedRequestMappingHandlerMapping.java:69] - Mapped URL path [/v2/api-docs] onto method [public org.springframework.http.ResponseEntity<springfox.documentation.spring.web.json.Json> springfox.documentation.swagger2.web.Swagger2Controller.getDocumentation(java.lang.String,javax.servlet.http.HttpServletRequest)]
[transaction-service][53060] 2022-07-10 16:41:32,975 WARN [main][URLConfigurationSource.java:121] - No URLs will be polled as dynamic configuration sources.
[transaction-service][53060] 2022-07-10 16:41:32,976 INFO [main][URLConfigurationSource.java:122] - To enable URLs as dynamic configuration sources, define System property archaius.configurationSource.additionalUrls or make config.properties available on classpath.
[transaction-service][53060] 2022-07-10 16:41:33,159 INFO [main][ExecutorConfigurationSupport.java:171] - Initializing ExecutorService 'applicationTaskExecutor'
[transaction-service][53060] 2022-07-10 16:41:35,798 INFO [main][InstanceInfoFactory.java:71] - Setting initial instance status as: STARTING
[transaction-service][53060] 2022-07-10 16:41:35,853 INFO [main][DiscoveryClient.java:349] - Initializing Eureka in region us-east-1
[transaction-service][53060] 2022-07-10 16:41:37,075 INFO [main][DiscoveryJerseyProvider.java:70] - Using JSON encoding codec LegacyJacksonJson
[transaction-service][53060] 2022-07-10 16:41:37,076 INFO [main][DiscoveryJerseyProvider.java:71] - Using JSON decoding codec LegacyJacksonJson
[transaction-service][53060] 2022-07-10 16:41:37,279 INFO [main][DiscoveryJerseyProvider.java:80] - Using XML encoding codec XStreamXml
[transaction-service][53060] 2022-07-10 16:41:37,279 INFO [main][DiscoveryJerseyProvider.java:81] - Using XML decoding codec XStreamXml
[transaction-service][53060] 2022-07-10 16:41:37,559 INFO [main][ConfigClusterResolver.java:43] - Resolving eureka endpoints via configuration
[transaction-service][53060] 2022-07-10 16:41:38,437 INFO [main][DiscoveryClient.java:958] - Disable delta property : false
[transaction-service][53060] 2022-07-10 16:41:38,437 INFO [main][DiscoveryClient.java:959] - Single vip registry refresh property : null
[transaction-service][53060] 2022-07-10 16:41:38,437 INFO [main][DiscoveryClient.java:960] - Force full registry fetch : false
[transaction-service][53060] 2022-07-10 16:41:38,437 INFO [main][DiscoveryClient.java:961] - Application is null : false
[transaction-service][53060] 2022-07-10 16:41:38,438 INFO [main][DiscoveryClient.java:962] - Registered Applications size is zero : true
[transaction-service][53060] 2022-07-10 16:41:38,438 INFO [main][DiscoveryClient.java:964] - Application version is -1: true
[transaction-service][53060] 2022-07-10 16:41:38,438 INFO [main][DiscoveryClient.java:1047] - Getting all instance registry info from the eureka server
[transaction-service][53060] 2022-07-10 16:41:38,741 INFO [main][DiscoveryClient.java:1056] - The response status is 200
[transaction-service][53060] 2022-07-10 16:41:38,748 INFO [main][DiscoveryClient.java:1270] - Starting heartbeat executor: renew interval is: 30
[transaction-service][53060] 2022-07-10 16:41:38,753 INFO [main][InstanceInfoReplicator.java:60] - InstanceInfoReplicator onDemand update allowed rate per min is 4
[transaction-service][53060] 2022-07-10 16:41:38,759 INFO [main][DiscoveryClient.java:449] - Discovery Client initialized at timestamp 1657442498757 with initial instances count: 8
[transaction-service][53060] 2022-07-10 16:41:38,762 INFO [main][EurekaServiceRegistry.java:42] - Registering application TRANSACTION-SERVICE with eureka with status UP
[transaction-service][53060] 2022-07-10 16:41:38,762 INFO [main][DiscoveryClient.java:1305] - Saw local status change event StatusChangeEvent [timestamp=1657442498762, current=UP, previous=STARTING]
[transaction-service][53060] 2022-07-10 16:41:38,765 INFO [main][DocumentationPluginsBootstrapper.java:160] - Context refreshed
[transaction-service][53060] 2022-07-10 16:41:38,768 INFO [DiscoveryClient-InstanceInfoReplicator-0][DiscoveryClient.java:826] - DiscoveryClient_TRANSACTION-SERVICE/transaction-service:192.168.1.4:53060: registering service...
[transaction-service][53060] 2022-07-10 16:41:38,787 INFO [main][DocumentationPluginsBootstrapper.java:163] - Found 1 custom documentation plugin(s)
[transaction-service][53060] 2022-07-10 16:41:38,832 INFO [DiscoveryClient-InstanceInfoReplicator-0][DiscoveryClient.java:835] - DiscoveryClient_TRANSACTION-SERVICE/transaction-service:192.168.1.4:53060 - registration status: 204
[transaction-service][53060] 2022-07-10 16:41:38,839 INFO [main][ApiListingReferenceScanner.java:41] - Scanning for api listing references
[transaction-service][53060] 2022-07-10 16:41:38,986 INFO [main][CachingOperationNameGenerator.java:40] - Generating unique operation named: handleUsingGET_1
[transaction-service][53060] 2022-07-10 16:41:38,989 INFO [main][CachingOperationNameGenerator.java:40] - Generating unique operation named: handleUsingGET_2
[transaction-service][53060] 2022-07-10 16:41:38,991 INFO [main][CachingOperationNameGenerator.java:40] - Generating unique operation named: handleUsingGET_3
[transaction-service][53060] 2022-07-10 16:41:39,097 INFO [main][CachingOperationNameGenerator.java:40] - Generating unique operation named: queryProjectsUsingPOST_1
[transaction-service][53060] 2022-07-10 16:41:39,148 INFO [main][DirectJDKLog.java:173] - Starting ProtocolHandler ["http-nio-53060"]
[transaction-service][53060] 2022-07-10 16:41:39,174 INFO [main][TomcatWebServer.java:204] - Tomcat started on port(s): 53060 (http) with context path '/transaction'
[transaction-service][53060] 2022-07-10 16:41:39,176 INFO [main][EurekaAutoServiceRegistration.java:141] - Updating port to 53060
[transaction-service][53060] 2022-07-10 16:41:39,179 INFO [main][StartupInfoLogger.java:59] - Started TransactionService in 38.14 seconds (JVM running for 42.75)
[transaction-service][53060] 2022-07-10 16:41:40,154 INFO [RMI TCP Connection(4)-172.26.144.1][DirectJDKLog.java:173] - Initializing Spring DispatcherServlet 'dispatcherServlet'
[transaction-service][53060] 2022-07-10 16:41:40,154 INFO [RMI TCP Connection(4)-172.26.144.1][FrameworkServlet.java:524] - Initializing Servlet 'dispatcherServlet'
[transaction-service][53060] 2022-07-10 16:41:40,173 INFO [RMI TCP Connection(4)-172.26.144.1][FrameworkServlet.java:546] - Completed initialization in 18 ms
[transaction-service][53060] 2022-07-10 16:41:41,556 INFO [RMI TCP Connection(3)-172.26.144.1][SQLLogger.java:89] - Rule Type: sharding
[transaction-service][53060] 2022-07-10 16:41:41,556 INFO [RMI TCP Connection(3)-172.26.144.1][SQLLogger.java:89] - Logic SQL: /* ping */ SELECT 1
[transaction-service][53060] 2022-07-10 16:41:41,557 INFO [RMI TCP Connection(3)-172.26.144.1][SQLLogger.java:89] - SQLStatement: SelectStatement(super=DQLStatement(super=AbstractSQLStatement(type=DQL, tables=Tables(tables=[]), routeConditions=Conditions(orCondition=OrCondition(andConditions=[])), encryptConditions=Conditions(orCondition=OrCondition(andConditions=[])), sqlTokens=[], parametersIndex=0, logicSQL=/* ping */ SELECT 1)), containStar=false, firstSelectItemStartIndex=18, selectListStopIndex=18, groupByLastIndex=0, items=[CommonSelectItem(expression=1, alias=Optional.absent())], groupByItems=[], orderByItems=[], limit=null, subqueryStatement=null, subqueryStatements=[], subqueryConditions=[])
[transaction-service][53060] 2022-07-10 16:41:41,557 INFO [RMI TCP Connection(3)-172.26.144.1][SQLLogger.java:89] - Actual SQL: ds1 ::: /* ping */ SELECT 1
[transaction-service][53060] 2022-07-10 16:42:02,324 DEBUG [http-nio-53060-exec-1][BaseJdbcLogger.java:159] - ==>  Preparing: SELECT ID,CONSUMER_ID,USER_NO,PROJECT_NO,NAME,DESCRIPTION,TYPE,PERIOD,ANNUAL_RATE,BORROWER_ANNUAL_RATE,COMMISSION_ANNUAL_RATE,REPAYMENT_WAY,AMOUNT,PROJECT_STATUS,CREATE_DATE,STATUS,IS_ASSIGNMENT,REQUEST_NO,MODIFY_DATE FROM project WHERE ID IN (?) 
[transaction-service][53060] 2022-07-10 16:42:02,354 DEBUG [http-nio-53060-exec-1][BaseJdbcLogger.java:159] - ==> Parameters: 1545794458589818882(Long)
[transaction-service][53060] 2022-07-10 16:42:02,518 INFO [http-nio-53060-exec-1][SQLLogger.java:89] - Rule Type: sharding
[transaction-service][53060] 2022-07-10 16:42:02,519 INFO [http-nio-53060-exec-1][SQLLogger.java:89] - Logic SQL: SELECT  ID,CONSUMER_ID,USER_NO,PROJECT_NO,NAME,DESCRIPTION,TYPE,PERIOD,ANNUAL_RATE,BORROWER_ANNUAL_RATE,COMMISSION_ANNUAL_RATE,REPAYMENT_WAY,AMOUNT,PROJECT_STATUS,CREATE_DATE,STATUS,IS_ASSIGNMENT,REQUEST_NO,MODIFY_DATE  FROM project 
 
 WHERE ID IN (?)
[transaction-service][53060] 2022-07-10 16:42:02,519 INFO [http-nio-53060-exec-1][SQLLogger.java:89] - SQLStatement: SelectStatement(super=DQLStatement(super=AbstractSQLStatement(type=DQL, tables=Tables(tables=[Table(name=project, alias=Optional.absent())]), routeConditions=Conditions(orCondition=OrCondition(andConditions=[AndCondition(conditions=[Condition(column=Column(name=ID, tableName=project), operator=IN, compareOperator=null, positionValueMap={}, positionIndexMap={0=0})])])), encryptConditions=Conditions(orCondition=OrCondition(andConditions=[])), sqlTokens=[TableToken(tableName=project, quoteCharacter=NONE, schemaNameLength=0)], parametersIndex=1, logicSQL=SELECT  ID,CONSUMER_ID,USER_NO,PROJECT_NO,NAME,DESCRIPTION,TYPE,PERIOD,ANNUAL_RATE,BORROWER_ANNUAL_RATE,COMMISSION_ANNUAL_RATE,REPAYMENT_WAY,AMOUNT,PROJECT_STATUS,CREATE_DATE,STATUS,IS_ASSIGNMENT,REQUEST_NO,MODIFY_DATE  FROM project 
 
 WHERE ID IN (?))), containStar=false, firstSelectItemStartIndex=8, selectListStopIndex=217, groupByLastIndex=0, items=[CommonSelectItem(expression=ID, alias=Optional.absent()), CommonSelectItem(expression=CONSUMER_ID, alias=Optional.absent()), CommonSelectItem(expression=USER_NO, alias=Optional.absent()), CommonSelectItem(expression=PROJECT_NO, alias=Optional.absent()), CommonSelectItem(expression=NAME, alias=Optional.absent()), CommonSelectItem(expression=DESCRIPTION, alias=Optional.absent()), CommonSelectItem(expression=TYPE, alias=Optional.absent()), CommonSelectItem(expression=PERIOD, alias=Optional.absent()), CommonSelectItem(expression=ANNUAL_RATE, alias=Optional.absent()), CommonSelectItem(expression=BORROWER_ANNUAL_RATE, alias=Optional.absent()), CommonSelectItem(expression=COMMISSION_ANNUAL_RATE, alias=Optional.absent()), CommonSelectItem(expression=REPAYMENT_WAY, alias=Optional.absent()), CommonSelectItem(expression=AMOUNT, alias=Optional.absent()), CommonSelectItem(expression=PROJECT_STATUS, alias=Optional.absent()), CommonSelectItem(expression=CREATE_DATE, alias=Optional.absent()), CommonSelectItem(expression=STATUS, alias=Optional.absent()), CommonSelectItem(expression=IS_ASSIGNMENT, alias=Optional.absent()), CommonSelectItem(expression=REQUEST_NO, alias=Optional.absent()), CommonSelectItem(expression=MODIFY_DATE, alias=Optional.absent())], groupByItems=[], orderByItems=[], limit=null, subqueryStatement=null, subqueryStatements=[], subqueryConditions=[])
[transaction-service][53060] 2022-07-10 16:42:02,520 INFO [http-nio-53060-exec-1][SQLLogger.java:89] - Actual SQL: ds0 ::: SELECT  ID,CONSUMER_ID,USER_NO,PROJECT_NO,NAME,DESCRIPTION,TYPE,PERIOD,ANNUAL_RATE,BORROWER_ANNUAL_RATE,COMMISSION_ANNUAL_RATE,REPAYMENT_WAY,AMOUNT,PROJECT_STATUS,CREATE_DATE,STATUS,IS_ASSIGNMENT,REQUEST_NO,MODIFY_DATE  FROM project_0 
 
 WHERE ID IN (?) ::: [1545794458589818882]
[transaction-service][53060] 2022-07-10 16:42:02,520 INFO [http-nio-53060-exec-1][SQLLogger.java:89] - Actual SQL: ds1 ::: SELECT  ID,CONSUMER_ID,USER_NO,PROJECT_NO,NAME,DESCRIPTION,TYPE,PERIOD,ANNUAL_RATE,BORROWER_ANNUAL_RATE,COMMISSION_ANNUAL_RATE,REPAYMENT_WAY,AMOUNT,PROJECT_STATUS,CREATE_DATE,STATUS,IS_ASSIGNMENT,REQUEST_NO,MODIFY_DATE  FROM project_0 
 
 WHERE ID IN (?) ::: [1545794458589818882]
[transaction-service][53060] 2022-07-10 16:42:02,572 DEBUG [http-nio-53060-exec-1][BaseJdbcLogger.java:159] - <==      Total: 1
[transaction-service][53060] 2022-07-10 16:42:02,597 DEBUG [http-nio-53060-exec-1][BaseJdbcLogger.java:159] - ==>  Preparing: SELECT IFNULL(SUM(AMOUNT), 0.0) FROM tender WHERE PROJECT_ID = ? AND STATUS = 1 
[transaction-service][53060] 2022-07-10 16:42:02,602 DEBUG [http-nio-53060-exec-1][BaseJdbcLogger.java:159] - ==> Parameters: 1545794458589818882(Long)
[transaction-service][53060] 2022-07-10 16:42:02,660 INFO [http-nio-53060-exec-1][SQLLogger.java:89] - Rule Type: sharding
[transaction-service][53060] 2022-07-10 16:42:02,661 INFO [http-nio-53060-exec-1][SQLLogger.java:89] - Logic SQL: SELECT IFNULL(SUM(AMOUNT), 0.0) FROM tender WHERE PROJECT_ID = ? AND STATUS = 1
[transaction-service][53060] 2022-07-10 16:42:02,661 INFO [http-nio-53060-exec-1][SQLLogger.java:89] - SQLStatement: SelectStatement(super=DQLStatement(super=AbstractSQLStatement(type=DQL, tables=Tables(tables=[Table(name=tender, alias=Optional.absent())]), routeConditions=Conditions(orCondition=OrCondition(andConditions=[AndCondition(conditions=[Condition(column=Column(name=PROJECT_ID, tableName=tender), operator=EQUAL, compareOperator==, positionValueMap={}, positionIndexMap={0=0})])])), encryptConditions=Conditions(orCondition=OrCondition(andConditions=[])), sqlTokens=[TableToken(tableName=tender, quoteCharacter=NONE, schemaNameLength=0)], parametersIndex=1, logicSQL=SELECT IFNULL(SUM(AMOUNT), 0.0) FROM tender WHERE PROJECT_ID = ? AND STATUS = 1)), containStar=false, firstSelectItemStartIndex=7, selectListStopIndex=30, groupByLastIndex=0, items=[CommonSelectItem(expression=IFNULL(SUM(AMOUNT),0.0), alias=Optional.absent())], groupByItems=[], orderByItems=[], limit=null, subqueryStatement=null, subqueryStatements=[], subqueryConditions=[])
[transaction-service][53060] 2022-07-10 16:42:02,662 INFO [http-nio-53060-exec-1][SQLLogger.java:89] - Actual SQL: ds0 ::: SELECT IFNULL(SUM(AMOUNT), 0.0) FROM tender_0 WHERE PROJECT_ID = ? AND STATUS = 1 ::: [1545794458589818882]
[transaction-service][53060] 2022-07-10 16:42:02,663 INFO [http-nio-53060-exec-1][SQLLogger.java:89] - Actual SQL: ds1 ::: SELECT IFNULL(SUM(AMOUNT), 0.0) FROM tender_0 WHERE PROJECT_ID = ? AND STATUS = 1 ::: [1545794458589818882]
[transaction-service][53060] 2022-07-10 16:42:02,672 DEBUG [http-nio-53060-exec-1][BaseJdbcLogger.java:159] - <==      Total: 2
[transaction-service][53060] 2022-07-10 16:42:02,677 DEBUG [http-nio-53060-exec-1][BaseJdbcLogger.java:159] - ==>  Preparing: SELECT COUNT( 1 ) FROM tender WHERE PROJECT_ID = ? 
[transaction-service][53060] 2022-07-10 16:42:02,684 DEBUG [http-nio-53060-exec-1][BaseJdbcLogger.java:159] - ==> Parameters: 1545794458589818882(Long)
[transaction-service][53060] 2022-07-10 16:42:02,694 INFO [http-nio-53060-exec-1][SQLLogger.java:89] - Rule Type: sharding
[transaction-service][53060] 2022-07-10 16:42:02,694 INFO [http-nio-53060-exec-1][SQLLogger.java:89] - Logic SQL: SELECT COUNT( 1 ) FROM tender 
 
 WHERE PROJECT_ID = ?
[transaction-service][53060] 2022-07-10 16:42:02,695 INFO [http-nio-53060-exec-1][SQLLogger.java:89] - SQLStatement: SelectStatement(super=DQLStatement(super=AbstractSQLStatement(type=DQL, tables=Tables(tables=[Table(name=tender, alias=Optional.absent())]), routeConditions=Conditions(orCondition=OrCondition(andConditions=[AndCondition(conditions=[Condition(column=Column(name=PROJECT_ID, tableName=tender), operator=EQUAL, compareOperator==, positionValueMap={}, positionIndexMap={0=0})])])), encryptConditions=Conditions(orCondition=OrCondition(andConditions=[])), sqlTokens=[TableToken(tableName=tender, quoteCharacter=NONE, schemaNameLength=0)], parametersIndex=1, logicSQL=SELECT COUNT( 1 ) FROM tender 
 
 WHERE PROJECT_ID = ?)), containStar=false, firstSelectItemStartIndex=7, selectListStopIndex=16, groupByLastIndex=0, items=[AggregationSelectItem(type=COUNT, innerExpression=( 1 ), alias=Optional.absent(), derivedAggregationSelectItems=[], index=-1)], groupByItems=[], orderByItems=[], limit=null, subqueryStatement=null, subqueryStatements=[], subqueryConditions=[])
[transaction-service][53060] 2022-07-10 16:42:02,696 INFO [http-nio-53060-exec-1][SQLLogger.java:89] - Actual SQL: ds0 ::: SELECT COUNT( 1 ) FROM tender_0 
 
 WHERE PROJECT_ID = ? ::: [1545794458589818882]
[transaction-service][53060] 2022-07-10 16:42:02,697 INFO [http-nio-53060-exec-1][SQLLogger.java:89] - Actual SQL: ds1 ::: SELECT COUNT( 1 ) FROM tender_0 
 
 WHERE PROJECT_ID = ? ::: [1545794458589818882]
[transaction-service][53060] 2022-07-10 16:42:02,712 DEBUG [http-nio-53060-exec-1][BaseJdbcLogger.java:159] - <==      Total: 1
[transaction-service][53060] 2022-07-10 16:46:11,392 WARN [Apollo-RemoteConfigRepository-1][RemoteConfigRepository.java:194] - Load config failed, will retry in 1 SECONDS. appId: transaction-service, cluster: DEFAULT, namespaces: micro_service.spring-cloud-feign
[transaction-service][53060] 2022-07-10 16:46:12,401 WARN [Apollo-RemoteConfigRepository-1][AbstractConfigRepository.java:26] - Sync config failed, will retry. Repository class com.ctrip.framework.apollo.internals.RemoteConfigRepository, reason: Load Apollo Config failed - appId: transaction-service, cluster: DEFAULT, namespace: micro_service.spring-cloud-feign, url: http://192.168.1.4:8080/configs/transaction-service/DEFAULT/micro_service.spring-cloud-feign?ip=172.26.144.1&messages=%7B%22details%22%3A%7B%22transaction-service%2Bdefault%2Bmicro_service.spring-cloud-feign%22%3A285%2C%22common-template%2Bdefault%2Bmicro_service.spring-cloud-feign%22%3A403%7D%7D [Cause: [status code: 404] Could not find config for namespace - appId: transaction-service, cluster: DEFAULT, namespace: micro_service.spring-cloud-feign, please check whether the configs are released in Apollo!]
[transaction-service][53060] 2022-07-10 16:46:38,453 INFO [AsyncResolver-bootstrap-executor-0][ConfigClusterResolver.java:43] - Resolving eureka endpoints via configuration
[transaction-service][53060] 2022-07-10 16:50:36,563 DEBUG [http-nio-53060-exec-3][BaseJdbcLogger.java:159] - ==>  Preparing: SELECT ID,CONSUMER_ID,USER_NO,PROJECT_NO,NAME,DESCRIPTION,TYPE,PERIOD,ANNUAL_RATE,BORROWER_ANNUAL_RATE,COMMISSION_ANNUAL_RATE,REPAYMENT_WAY,AMOUNT,PROJECT_STATUS,CREATE_DATE,STATUS,IS_ASSIGNMENT,REQUEST_NO,MODIFY_DATE FROM project WHERE ID IN (?) 
[transaction-service][53060] 2022-07-10 16:50:36,569 DEBUG [http-nio-53060-exec-3][BaseJdbcLogger.java:159] - ==> Parameters: 1545794458589818882(Long)
[transaction-service][53060] 2022-07-10 16:50:36,570 INFO [http-nio-53060-exec-3][SQLLogger.java:89] - Rule Type: sharding
[transaction-service][53060] 2022-07-10 16:50:36,571 INFO [http-nio-53060-exec-3][SQLLogger.java:89] - Logic SQL: SELECT  ID,CONSUMER_ID,USER_NO,PROJECT_NO,NAME,DESCRIPTION,TYPE,PERIOD,ANNUAL_RATE,BORROWER_ANNUAL_RATE,COMMISSION_ANNUAL_RATE,REPAYMENT_WAY,AMOUNT,PROJECT_STATUS,CREATE_DATE,STATUS,IS_ASSIGNMENT,REQUEST_NO,MODIFY_DATE  FROM project 
 
 WHERE ID IN (?)
[transaction-service][53060] 2022-07-10 16:50:36,572 INFO [http-nio-53060-exec-3][SQLLogger.java:89] - SQLStatement: SelectStatement(super=DQLStatement(super=AbstractSQLStatement(type=DQL, tables=Tables(tables=[Table(name=project, alias=Optional.absent())]), routeConditions=Conditions(orCondition=OrCondition(andConditions=[AndCondition(conditions=[Condition(column=Column(name=ID, tableName=project), operator=IN, compareOperator=null, positionValueMap={}, positionIndexMap={0=0})])])), encryptConditions=Conditions(orCondition=OrCondition(andConditions=[])), sqlTokens=[TableToken(tableName=project, quoteCharacter=NONE, schemaNameLength=0)], parametersIndex=1, logicSQL=SELECT  ID,CONSUMER_ID,USER_NO,PROJECT_NO,NAME,DESCRIPTION,TYPE,PERIOD,ANNUAL_RATE,BORROWER_ANNUAL_RATE,COMMISSION_ANNUAL_RATE,REPAYMENT_WAY,AMOUNT,PROJECT_STATUS,CREATE_DATE,STATUS,IS_ASSIGNMENT,REQUEST_NO,MODIFY_DATE  FROM project 
 
 WHERE ID IN (?))), containStar=false, firstSelectItemStartIndex=8, selectListStopIndex=217, groupByLastIndex=0, items=[CommonSelectItem(expression=ID, alias=Optional.absent()), CommonSelectItem(expression=CONSUMER_ID, alias=Optional.absent()), CommonSelectItem(expression=USER_NO, alias=Optional.absent()), CommonSelectItem(expression=PROJECT_NO, alias=Optional.absent()), CommonSelectItem(expression=NAME, alias=Optional.absent()), CommonSelectItem(expression=DESCRIPTION, alias=Optional.absent()), CommonSelectItem(expression=TYPE, alias=Optional.absent()), CommonSelectItem(expression=PERIOD, alias=Optional.absent()), CommonSelectItem(expression=ANNUAL_RATE, alias=Optional.absent()), CommonSelectItem(expression=BORROWER_ANNUAL_RATE, alias=Optional.absent()), CommonSelectItem(expression=COMMISSION_ANNUAL_RATE, alias=Optional.absent()), CommonSelectItem(expression=REPAYMENT_WAY, alias=Optional.absent()), CommonSelectItem(expression=AMOUNT, alias=Optional.absent()), CommonSelectItem(expression=PROJECT_STATUS, alias=Optional.absent()), CommonSelectItem(expression=CREATE_DATE, alias=Optional.absent()), CommonSelectItem(expression=STATUS, alias=Optional.absent()), CommonSelectItem(expression=IS_ASSIGNMENT, alias=Optional.absent()), CommonSelectItem(expression=REQUEST_NO, alias=Optional.absent()), CommonSelectItem(expression=MODIFY_DATE, alias=Optional.absent())], groupByItems=[], orderByItems=[], limit=null, subqueryStatement=null, subqueryStatements=[], subqueryConditions=[])
[transaction-service][53060] 2022-07-10 16:50:36,574 INFO [http-nio-53060-exec-3][SQLLogger.java:89] - Actual SQL: ds0 ::: SELECT  ID,CONSUMER_ID,USER_NO,PROJECT_NO,NAME,DESCRIPTION,TYPE,PERIOD,ANNUAL_RATE,BORROWER_ANNUAL_RATE,COMMISSION_ANNUAL_RATE,REPAYMENT_WAY,AMOUNT,PROJECT_STATUS,CREATE_DATE,STATUS,IS_ASSIGNMENT,REQUEST_NO,MODIFY_DATE  FROM project_0 
 
 WHERE ID IN (?) ::: [1545794458589818882]
[transaction-service][53060] 2022-07-10 16:50:36,575 INFO [http-nio-53060-exec-3][SQLLogger.java:89] - Actual SQL: ds1 ::: SELECT  ID,CONSUMER_ID,USER_NO,PROJECT_NO,NAME,DESCRIPTION,TYPE,PERIOD,ANNUAL_RATE,BORROWER_ANNUAL_RATE,COMMISSION_ANNUAL_RATE,REPAYMENT_WAY,AMOUNT,PROJECT_STATUS,CREATE_DATE,STATUS,IS_ASSIGNMENT,REQUEST_NO,MODIFY_DATE  FROM project_0 
 
 WHERE ID IN (?) ::: [1545794458589818882]
[transaction-service][53060] 2022-07-10 16:50:36,600 DEBUG [http-nio-53060-exec-3][BaseJdbcLogger.java:159] - <==      Total: 1
[transaction-service][53060] 2022-07-10 16:50:36,603 DEBUG [http-nio-53060-exec-3][BaseJdbcLogger.java:159] - ==>  Preparing: SELECT IFNULL(SUM(AMOUNT), 0.0) FROM tender WHERE PROJECT_ID = ? AND STATUS = 1 
[transaction-service][53060] 2022-07-10 16:50:36,607 DEBUG [http-nio-53060-exec-3][BaseJdbcLogger.java:159] - ==> Parameters: 1545794458589818882(Long)
[transaction-service][53060] 2022-07-10 16:50:36,608 INFO [http-nio-53060-exec-3][SQLLogger.java:89] - Rule Type: sharding
[transaction-service][53060] 2022-07-10 16:50:36,608 INFO [http-nio-53060-exec-3][SQLLogger.java:89] - Logic SQL: SELECT IFNULL(SUM(AMOUNT), 0.0) FROM tender WHERE PROJECT_ID = ? AND STATUS = 1
[transaction-service][53060] 2022-07-10 16:50:36,609 INFO [http-nio-53060-exec-3][SQLLogger.java:89] - SQLStatement: SelectStatement(super=DQLStatement(super=AbstractSQLStatement(type=DQL, tables=Tables(tables=[Table(name=tender, alias=Optional.absent())]), routeConditions=Conditions(orCondition=OrCondition(andConditions=[AndCondition(conditions=[Condition(column=Column(name=PROJECT_ID, tableName=tender), operator=EQUAL, compareOperator==, positionValueMap={}, positionIndexMap={0=0})])])), encryptConditions=Conditions(orCondition=OrCondition(andConditions=[])), sqlTokens=[TableToken(tableName=tender, quoteCharacter=NONE, schemaNameLength=0)], parametersIndex=1, logicSQL=SELECT IFNULL(SUM(AMOUNT), 0.0) FROM tender WHERE PROJECT_ID = ? AND STATUS = 1)), containStar=false, firstSelectItemStartIndex=7, selectListStopIndex=30, groupByLastIndex=0, items=[CommonSelectItem(expression=IFNULL(SUM(AMOUNT),0.0), alias=Optional.absent())], groupByItems=[], orderByItems=[], limit=null, subqueryStatement=null, subqueryStatements=[], subqueryConditions=[])
[transaction-service][53060] 2022-07-10 16:50:36,609 INFO [http-nio-53060-exec-3][SQLLogger.java:89] - Actual SQL: ds0 ::: SELECT IFNULL(SUM(AMOUNT), 0.0) FROM tender_0 WHERE PROJECT_ID = ? AND STATUS = 1 ::: [1545794458589818882]
[transaction-service][53060] 2022-07-10 16:50:36,609 INFO [http-nio-53060-exec-3][SQLLogger.java:89] - Actual SQL: ds1 ::: SELECT IFNULL(SUM(AMOUNT), 0.0) FROM tender_0 WHERE PROJECT_ID = ? AND STATUS = 1 ::: [1545794458589818882]
[transaction-service][53060] 2022-07-10 16:50:36,612 DEBUG [http-nio-53060-exec-3][BaseJdbcLogger.java:159] - <==      Total: 2
[transaction-service][53060] 2022-07-10 16:50:36,616 DEBUG [http-nio-53060-exec-3][BaseJdbcLogger.java:159] - ==>  Preparing: SELECT COUNT( 1 ) FROM tender WHERE PROJECT_ID = ? 
[transaction-service][53060] 2022-07-10 16:50:36,620 DEBUG [http-nio-53060-exec-3][BaseJdbcLogger.java:159] - ==> Parameters: 1545794458589818882(Long)
[transaction-service][53060] 2022-07-10 16:50:36,621 INFO [http-nio-53060-exec-3][SQLLogger.java:89] - Rule Type: sharding
[transaction-service][53060] 2022-07-10 16:50:36,622 INFO [http-nio-53060-exec-3][SQLLogger.java:89] - Logic SQL: SELECT COUNT( 1 ) FROM tender 
 
 WHERE PROJECT_ID = ?
[transaction-service][53060] 2022-07-10 16:50:36,623 INFO [http-nio-53060-exec-3][SQLLogger.java:89] - SQLStatement: SelectStatement(super=DQLStatement(super=AbstractSQLStatement(type=DQL, tables=Tables(tables=[Table(name=tender, alias=Optional.absent())]), routeConditions=Conditions(orCondition=OrCondition(andConditions=[AndCondition(conditions=[Condition(column=Column(name=PROJECT_ID, tableName=tender), operator=EQUAL, compareOperator==, positionValueMap={}, positionIndexMap={0=0})])])), encryptConditions=Conditions(orCondition=OrCondition(andConditions=[])), sqlTokens=[TableToken(tableName=tender, quoteCharacter=NONE, schemaNameLength=0)], parametersIndex=1, logicSQL=SELECT COUNT( 1 ) FROM tender 
 
 WHERE PROJECT_ID = ?)), containStar=false, firstSelectItemStartIndex=7, selectListStopIndex=16, groupByLastIndex=0, items=[AggregationSelectItem(type=COUNT, innerExpression=( 1 ), alias=Optional.absent(), derivedAggregationSelectItems=[], index=1)], groupByItems=[], orderByItems=[], limit=null, subqueryStatement=null, subqueryStatements=[], subqueryConditions=[])
[transaction-service][53060] 2022-07-10 16:50:36,624 INFO [http-nio-53060-exec-3][SQLLogger.java:89] - Actual SQL: ds0 ::: SELECT COUNT( 1 ) FROM tender_0 
 
 WHERE PROJECT_ID = ? ::: [1545794458589818882]
[transaction-service][53060] 2022-07-10 16:50:36,624 INFO [http-nio-53060-exec-3][SQLLogger.java:89] - Actual SQL: ds1 ::: SELECT COUNT( 1 ) FROM tender_0 
 
 WHERE PROJECT_ID = ? ::: [1545794458589818882]
[transaction-service][53060] 2022-07-10 16:50:36,627 DEBUG [http-nio-53060-exec-3][BaseJdbcLogger.java:159] - <==      Total: 1
[transaction-service][53060] 2022-07-10 16:51:11,382 WARN [Apollo-RemoteConfigRepository-1][RemoteConfigRepository.java:194] - Load config failed, will retry in 1 SECONDS. appId: transaction-service, cluster: DEFAULT, namespaces: micro_service.spring-cloud-feign
[transaction-service][53060] 2022-07-10 16:51:12,398 WARN [Apollo-RemoteConfigRepository-1][AbstractConfigRepository.java:26] - Sync config failed, will retry. Repository class com.ctrip.framework.apollo.internals.RemoteConfigRepository, reason: Load Apollo Config failed - appId: transaction-service, cluster: DEFAULT, namespace: micro_service.spring-cloud-feign, url: http://192.168.1.4:8080/configs/transaction-service/DEFAULT/micro_service.spring-cloud-feign?ip=172.26.144.1&messages=%7B%22details%22%3A%7B%22transaction-service%2Bdefault%2Bmicro_service.spring-cloud-feign%22%3A285%2C%22common-template%2Bdefault%2Bmicro_service.spring-cloud-feign%22%3A403%7D%7D [Cause: [status code: 404] Could not find config for namespace - appId: transaction-service, cluster: DEFAULT, namespace: micro_service.spring-cloud-feign, please check whether the configs are released in Apollo!]
[transaction-service][53060] 2022-07-10 16:51:38,465 INFO [AsyncResolver-bootstrap-executor-0][ConfigClusterResolver.java:43] - Resolving eureka endpoints via configuration
[transaction-service][53060] 2022-07-10 16:52:04,341 ERROR [http-nio-53060-exec-6][GlobalExceptionHandler.java:42] - 系统异常:null
[transaction-service][53060] 2022-07-10 16:52:07,701 WARN [http-nio-53060-exec-5][DefaultConfig.java:95] - Could not load config for namespace micro_service.spring-cloud-feign from Apollo, please check whether the configs are released in Apollo! Return default value now!
[transaction-service][53060] 2022-07-10 16:52:08,113 INFO [http-nio-53060-exec-5][ChainedDynamicProperty.java:115] - Flipping property: content-search-service.ribbon.ActiveConnectionsLimit to use NEXT property: niws.loadbalancer.availabilityFilteringRule.activeConnectionsLimit = 2147483647
[transaction-service][53060] 2022-07-10 16:52:08,168 INFO [http-nio-53060-exec-5][ShutdownEnabledTimer.java:58] - Shutdown hook installed for: NFLoadBalancer-PingTimer-content-search-service
[transaction-service][53060] 2022-07-10 16:52:08,170 INFO [http-nio-53060-exec-5][BaseLoadBalancer.java:197] - Client: content-search-service instantiated a LoadBalancer: DynamicServerListLoadBalancer:{NFLoadBalancer:name=content-search-service,current list of Servers=[],Load balancer stats=Zone stats: {},Server stats: []}ServerList:null
[transaction-service][53060] 2022-07-10 16:52:08,202 INFO [http-nio-53060-exec-5][DynamicServerListLoadBalancer.java:222] - Using serverListUpdater PollingServerListUpdater
[transaction-service][53060] 2022-07-10 16:52:08,267 INFO [http-nio-53060-exec-5][ChainedDynamicProperty.java:115] - Flipping property: content-search-service.ribbon.ActiveConnectionsLimit to use NEXT property: niws.loadbalancer.availabilityFilteringRule.activeConnectionsLimit = 2147483647
[transaction-service][53060] 2022-07-10 16:52:08,272 INFO [http-nio-53060-exec-5][DynamicServerListLoadBalancer.java:150] - DynamicServerListLoadBalancer for client content-search-service initialized: DynamicServerListLoadBalancer:{NFLoadBalancer:name=content-search-service,current list of Servers=[192.168.1.4:53090],Load balancer stats=Zone stats: {defaultzone=[Zone:defaultzone;	Instance count:1;	Active connections count: 0;	Circuit breaker tripped count: 0;	Active connections per server: 0.0;]
},Server stats: [[Server:192.168.1.4:53090;	Zone:defaultZone;	Total Requests:0;	Successive connection failure:0;	Total blackout seconds:0;	Last connection made:Thu Jan 01 08:00:00 CST 1970;	First connection made: Thu Jan 01 08:00:00 CST 1970;	Active Connections:0;	total failure count in last (1000) msecs:0;	average resp time:0.0;	90 percentile resp time:0.0;	95 percentile resp time:0.0;	min resp time:0.0;	max resp time:0.0;	stddev resp time:0.0]
]}ServerList:org.springframework.cloud.netflix.ribbon.eureka.DomainExtractingServerList@4112f18d
[transaction-service][53060] 2022-07-10 16:52:09,209 INFO [PollingServerListUpdater-0][ChainedDynamicProperty.java:115] - Flipping property: content-search-service.ribbon.ActiveConnectionsLimit to use NEXT property: niws.loadbalancer.availabilityFilteringRule.activeConnectionsLimit = 2147483647
[transaction-service][53060] 2022-07-10 16:52:14,833 DEBUG [http-nio-53060-exec-4][BaseJdbcLogger.java:159] - ==>  Preparing: SELECT ID,CONSUMER_ID,USER_NO,PROJECT_NO,NAME,DESCRIPTION,TYPE,PERIOD,ANNUAL_RATE,BORROWER_ANNUAL_RATE,COMMISSION_ANNUAL_RATE,REPAYMENT_WAY,AMOUNT,PROJECT_STATUS,CREATE_DATE,STATUS,IS_ASSIGNMENT,REQUEST_NO,MODIFY_DATE FROM project WHERE ID IN (?) 
[transaction-service][53060] 2022-07-10 16:52:14,841 DEBUG [http-nio-53060-exec-4][BaseJdbcLogger.java:159] - ==> Parameters: 1545794458589818882(Long)
[transaction-service][53060] 2022-07-10 16:52:14,843 INFO [http-nio-53060-exec-4][SQLLogger.java:89] - Rule Type: sharding
[transaction-service][53060] 2022-07-10 16:52:14,844 INFO [http-nio-53060-exec-4][SQLLogger.java:89] - Logic SQL: SELECT  ID,CONSUMER_ID,USER_NO,PROJECT_NO,NAME,DESCRIPTION,TYPE,PERIOD,ANNUAL_RATE,BORROWER_ANNUAL_RATE,COMMISSION_ANNUAL_RATE,REPAYMENT_WAY,AMOUNT,PROJECT_STATUS,CREATE_DATE,STATUS,IS_ASSIGNMENT,REQUEST_NO,MODIFY_DATE  FROM project 
 
 WHERE ID IN (?)
[transaction-service][53060] 2022-07-10 16:52:14,846 INFO [http-nio-53060-exec-4][SQLLogger.java:89] - SQLStatement: SelectStatement(super=DQLStatement(super=AbstractSQLStatement(type=DQL, tables=Tables(tables=[Table(name=project, alias=Optional.absent())]), routeConditions=Conditions(orCondition=OrCondition(andConditions=[AndCondition(conditions=[Condition(column=Column(name=ID, tableName=project), operator=IN, compareOperator=null, positionValueMap={}, positionIndexMap={0=0})])])), encryptConditions=Conditions(orCondition=OrCondition(andConditions=[])), sqlTokens=[TableToken(tableName=project, quoteCharacter=NONE, schemaNameLength=0)], parametersIndex=1, logicSQL=SELECT  ID,CONSUMER_ID,USER_NO,PROJECT_NO,NAME,DESCRIPTION,TYPE,PERIOD,ANNUAL_RATE,BORROWER_ANNUAL_RATE,COMMISSION_ANNUAL_RATE,REPAYMENT_WAY,AMOUNT,PROJECT_STATUS,CREATE_DATE,STATUS,IS_ASSIGNMENT,REQUEST_NO,MODIFY_DATE  FROM project 
 
 WHERE ID IN (?))), containStar=false, firstSelectItemStartIndex=8, selectListStopIndex=217, groupByLastIndex=0, items=[CommonSelectItem(expression=ID, alias=Optional.absent()), CommonSelectItem(expression=CONSUMER_ID, alias=Optional.absent()), CommonSelectItem(expression=USER_NO, alias=Optional.absent()), CommonSelectItem(expression=PROJECT_NO, alias=Optional.absent()), CommonSelectItem(expression=NAME, alias=Optional.absent()), CommonSelectItem(expression=DESCRIPTION, alias=Optional.absent()), CommonSelectItem(expression=TYPE, alias=Optional.absent()), CommonSelectItem(expression=PERIOD, alias=Optional.absent()), CommonSelectItem(expression=ANNUAL_RATE, alias=Optional.absent()), CommonSelectItem(expression=BORROWER_ANNUAL_RATE, alias=Optional.absent()), CommonSelectItem(expression=COMMISSION_ANNUAL_RATE, alias=Optional.absent()), CommonSelectItem(expression=REPAYMENT_WAY, alias=Optional.absent()), CommonSelectItem(expression=AMOUNT, alias=Optional.absent()), CommonSelectItem(expression=PROJECT_STATUS, alias=Optional.absent()), CommonSelectItem(expression=CREATE_DATE, alias=Optional.absent()), CommonSelectItem(expression=STATUS, alias=Optional.absent()), CommonSelectItem(expression=IS_ASSIGNMENT, alias=Optional.absent()), CommonSelectItem(expression=REQUEST_NO, alias=Optional.absent()), CommonSelectItem(expression=MODIFY_DATE, alias=Optional.absent())], groupByItems=[], orderByItems=[], limit=null, subqueryStatement=null, subqueryStatements=[], subqueryConditions=[])
[transaction-service][53060] 2022-07-10 16:52:14,848 INFO [http-nio-53060-exec-4][SQLLogger.java:89] - Actual SQL: ds0 ::: SELECT  ID,CONSUMER_ID,USER_NO,PROJECT_NO,NAME,DESCRIPTION,TYPE,PERIOD,ANNUAL_RATE,BORROWER_ANNUAL_RATE,COMMISSION_ANNUAL_RATE,REPAYMENT_WAY,AMOUNT,PROJECT_STATUS,CREATE_DATE,STATUS,IS_ASSIGNMENT,REQUEST_NO,MODIFY_DATE  FROM project_0 
 
 WHERE ID IN (?) ::: [1545794458589818882]
[transaction-service][53060] 2022-07-10 16:52:14,849 INFO [http-nio-53060-exec-4][SQLLogger.java:89] - Actual SQL: ds1 ::: SELECT  ID,CONSUMER_ID,USER_NO,PROJECT_NO,NAME,DESCRIPTION,TYPE,PERIOD,ANNUAL_RATE,BORROWER_ANNUAL_RATE,COMMISSION_ANNUAL_RATE,REPAYMENT_WAY,AMOUNT,PROJECT_STATUS,CREATE_DATE,STATUS,IS_ASSIGNMENT,REQUEST_NO,MODIFY_DATE  FROM project_0 
 
 WHERE ID IN (?) ::: [1545794458589818882]
[transaction-service][53060] 2022-07-10 16:52:14,872 DEBUG [http-nio-53060-exec-4][BaseJdbcLogger.java:159] - <==      Total: 1
[transaction-service][53060] 2022-07-10 16:52:14,879 DEBUG [http-nio-53060-exec-4][BaseJdbcLogger.java:159] - ==>  Preparing: SELECT IFNULL(SUM(AMOUNT), 0.0) FROM tender WHERE PROJECT_ID = ? AND STATUS = 1 
[transaction-service][53060] 2022-07-10 16:52:14,886 DEBUG [http-nio-53060-exec-4][BaseJdbcLogger.java:159] - ==> Parameters: 1545794458589818882(Long)
[transaction-service][53060] 2022-07-10 16:52:14,888 INFO [http-nio-53060-exec-4][SQLLogger.java:89] - Rule Type: sharding
[transaction-service][53060] 2022-07-10 16:52:14,889 INFO [http-nio-53060-exec-4][SQLLogger.java:89] - Logic SQL: SELECT IFNULL(SUM(AMOUNT), 0.0) FROM tender WHERE PROJECT_ID = ? AND STATUS = 1
[transaction-service][53060] 2022-07-10 16:52:14,890 INFO [http-nio-53060-exec-4][SQLLogger.java:89] - SQLStatement: SelectStatement(super=DQLStatement(super=AbstractSQLStatement(type=DQL, tables=Tables(tables=[Table(name=tender, alias=Optional.absent())]), routeConditions=Conditions(orCondition=OrCondition(andConditions=[AndCondition(conditions=[Condition(column=Column(name=PROJECT_ID, tableName=tender), operator=EQUAL, compareOperator==, positionValueMap={}, positionIndexMap={0=0})])])), encryptConditions=Conditions(orCondition=OrCondition(andConditions=[])), sqlTokens=[TableToken(tableName=tender, quoteCharacter=NONE, schemaNameLength=0)], parametersIndex=1, logicSQL=SELECT IFNULL(SUM(AMOUNT), 0.0) FROM tender WHERE PROJECT_ID = ? AND STATUS = 1)), containStar=false, firstSelectItemStartIndex=7, selectListStopIndex=30, groupByLastIndex=0, items=[CommonSelectItem(expression=IFNULL(SUM(AMOUNT),0.0), alias=Optional.absent())], groupByItems=[], orderByItems=[], limit=null, subqueryStatement=null, subqueryStatements=[], subqueryConditions=[])
[transaction-service][53060] 2022-07-10 16:52:14,892 INFO [http-nio-53060-exec-4][SQLLogger.java:89] - Actual SQL: ds0 ::: SELECT IFNULL(SUM(AMOUNT), 0.0) FROM tender_0 WHERE PROJECT_ID = ? AND STATUS = 1 ::: [1545794458589818882]
[transaction-service][53060] 2022-07-10 16:52:14,892 INFO [http-nio-53060-exec-4][SQLLogger.java:89] - Actual SQL: ds1 ::: SELECT IFNULL(SUM(AMOUNT), 0.0) FROM tender_0 WHERE PROJECT_ID = ? AND STATUS = 1 ::: [1545794458589818882]
[transaction-service][53060] 2022-07-10 16:52:14,896 DEBUG [http-nio-53060-exec-4][BaseJdbcLogger.java:159] - <==      Total: 2
[transaction-service][53060] 2022-07-10 16:52:14,900 DEBUG [http-nio-53060-exec-4][BaseJdbcLogger.java:159] - ==>  Preparing: SELECT COUNT( 1 ) FROM tender WHERE PROJECT_ID = ? 
[transaction-service][53060] 2022-07-10 16:52:14,903 DEBUG [http-nio-53060-exec-4][BaseJdbcLogger.java:159] - ==> Parameters: 1545794458589818882(Long)
[transaction-service][53060] 2022-07-10 16:52:14,904 INFO [http-nio-53060-exec-4][SQLLogger.java:89] - Rule Type: sharding
[transaction-service][53060] 2022-07-10 16:52:14,905 INFO [http-nio-53060-exec-4][SQLLogger.java:89] - Logic SQL: SELECT COUNT( 1 ) FROM tender 
 
 WHERE PROJECT_ID = ?
[transaction-service][53060] 2022-07-10 16:52:14,906 INFO [http-nio-53060-exec-4][SQLLogger.java:89] - SQLStatement: SelectStatement(super=DQLStatement(super=AbstractSQLStatement(type=DQL, tables=Tables(tables=[Table(name=tender, alias=Optional.absent())]), routeConditions=Conditions(orCondition=OrCondition(andConditions=[AndCondition(conditions=[Condition(column=Column(name=PROJECT_ID, tableName=tender), operator=EQUAL, compareOperator==, positionValueMap={}, positionIndexMap={0=0})])])), encryptConditions=Conditions(orCondition=OrCondition(andConditions=[])), sqlTokens=[TableToken(tableName=tender, quoteCharacter=NONE, schemaNameLength=0)], parametersIndex=1, logicSQL=SELECT COUNT( 1 ) FROM tender 
 
 WHERE PROJECT_ID = ?)), containStar=false, firstSelectItemStartIndex=7, selectListStopIndex=16, groupByLastIndex=0, items=[AggregationSelectItem(type=COUNT, innerExpression=( 1 ), alias=Optional.absent(), derivedAggregationSelectItems=[], index=1)], groupByItems=[], orderByItems=[], limit=null, subqueryStatement=null, subqueryStatements=[], subqueryConditions=[])
[transaction-service][53060] 2022-07-10 16:52:14,906 INFO [http-nio-53060-exec-4][SQLLogger.java:89] - Actual SQL: ds0 ::: SELECT COUNT( 1 ) FROM tender_0 
 
 WHERE PROJECT_ID = ? ::: [1545794458589818882]
[transaction-service][53060] 2022-07-10 16:52:14,907 INFO [http-nio-53060-exec-4][SQLLogger.java:89] - Actual SQL: ds1 ::: SELECT COUNT( 1 ) FROM tender_0 
 
 WHERE PROJECT_ID = ? ::: [1545794458589818882]
[transaction-service][53060] 2022-07-10 16:52:14,910 DEBUG [http-nio-53060-exec-4][BaseJdbcLogger.java:159] - <==      Total: 1
[transaction-service][53060] 2022-07-10 16:52:27,128 DEBUG [http-nio-53060-exec-6][BaseJdbcLogger.java:159] - ==>  Preparing: SELECT ID,CONSUMER_ID,CONSUMER_USERNAME,USER_NO,PROJECT_ID,PROJECT_NO,AMOUNT,TENDER_STATUS,CREATE_DATE,REQUEST_NO,STATUS,PROJECT_NAME,PROJECT_PERIOD,PROJECT_ANNUAL_RATE FROM tender WHERE PROJECT_ID = ? 
[transaction-service][53060] 2022-07-10 16:52:27,132 DEBUG [http-nio-53060-exec-6][BaseJdbcLogger.java:159] - ==> Parameters: 1545794458589818882(Long)
[transaction-service][53060] 2022-07-10 16:52:27,166 INFO [http-nio-53060-exec-6][SQLLogger.java:89] - Rule Type: sharding
[transaction-service][53060] 2022-07-10 16:52:27,167 INFO [http-nio-53060-exec-6][SQLLogger.java:89] - Logic SQL: SELECT  ID,CONSUMER_ID,CONSUMER_USERNAME,USER_NO,PROJECT_ID,PROJECT_NO,AMOUNT,TENDER_STATUS,CREATE_DATE,REQUEST_NO,STATUS,PROJECT_NAME,PROJECT_PERIOD,PROJECT_ANNUAL_RATE  FROM tender 
 
 WHERE PROJECT_ID = ?
[transaction-service][53060] 2022-07-10 16:52:27,167 INFO [http-nio-53060-exec-6][SQLLogger.java:89] - SQLStatement: SelectStatement(super=DQLStatement(super=AbstractSQLStatement(type=DQL, tables=Tables(tables=[Table(name=tender, alias=Optional.absent())]), routeConditions=Conditions(orCondition=OrCondition(andConditions=[AndCondition(conditions=[Condition(column=Column(name=PROJECT_ID, tableName=tender), operator=EQUAL, compareOperator==, positionValueMap={}, positionIndexMap={0=0})])])), encryptConditions=Conditions(orCondition=OrCondition(andConditions=[])), sqlTokens=[TableToken(tableName=tender, quoteCharacter=NONE, schemaNameLength=0)], parametersIndex=1, logicSQL=SELECT  ID,CONSUMER_ID,CONSUMER_USERNAME,USER_NO,PROJECT_ID,PROJECT_NO,AMOUNT,TENDER_STATUS,CREATE_DATE,REQUEST_NO,STATUS,PROJECT_NAME,PROJECT_PERIOD,PROJECT_ANNUAL_RATE  FROM tender 
 
 WHERE PROJECT_ID = ?)), containStar=false, firstSelectItemStartIndex=8, selectListStopIndex=168, groupByLastIndex=0, items=[CommonSelectItem(expression=ID, alias=Optional.absent()), CommonSelectItem(expression=CONSUMER_ID, alias=Optional.absent()), CommonSelectItem(expression=CONSUMER_USERNAME, alias=Optional.absent()), CommonSelectItem(expression=USER_NO, alias=Optional.absent()), CommonSelectItem(expression=PROJECT_ID, alias=Optional.absent()), CommonSelectItem(expression=PROJECT_NO, alias=Optional.absent()), CommonSelectItem(expression=AMOUNT, alias=Optional.absent()), CommonSelectItem(expression=TENDER_STATUS, alias=Optional.absent()), CommonSelectItem(expression=CREATE_DATE, alias=Optional.absent()), CommonSelectItem(expression=REQUEST_NO, alias=Optional.absent()), CommonSelectItem(expression=STATUS, alias=Optional.absent()), CommonSelectItem(expression=PROJECT_NAME, alias=Optional.absent()), CommonSelectItem(expression=PROJECT_PERIOD, alias=Optional.absent()), CommonSelectItem(expression=PROJECT_ANNUAL_RATE, alias=Optional.absent())], groupByItems=[], orderByItems=[], limit=null, subqueryStatement=null, subqueryStatements=[], subqueryConditions=[])
[transaction-service][53060] 2022-07-10 16:52:27,169 INFO [http-nio-53060-exec-6][SQLLogger.java:89] - Actual SQL: ds0 ::: SELECT  ID,CONSUMER_ID,CONSUMER_USERNAME,USER_NO,PROJECT_ID,PROJECT_NO,AMOUNT,TENDER_STATUS,CREATE_DATE,REQUEST_NO,STATUS,PROJECT_NAME,PROJECT_PERIOD,PROJECT_ANNUAL_RATE  FROM tender_0 
 
 WHERE PROJECT_ID = ? ::: [1545794458589818882]
[transaction-service][53060] 2022-07-10 16:52:27,169 INFO [http-nio-53060-exec-6][SQLLogger.java:89] - Actual SQL: ds1 ::: SELECT  ID,CONSUMER_ID,CONSUMER_USERNAME,USER_NO,PROJECT_ID,PROJECT_NO,AMOUNT,TENDER_STATUS,CREATE_DATE,REQUEST_NO,STATUS,PROJECT_NAME,PROJECT_PERIOD,PROJECT_ANNUAL_RATE  FROM tender_0 
 
 WHERE PROJECT_ID = ? ::: [1545794458589818882]
[transaction-service][53060] 2022-07-10 16:52:27,175 DEBUG [http-nio-53060-exec-6][BaseJdbcLogger.java:159] - <==      Total: 2
[transaction-service][53060] 2022-07-10 16:56:04,805 DEBUG [http-nio-53060-exec-10][BaseJdbcLogger.java:159] - ==>  Preparing: SELECT ID,CONSUMER_ID,USER_NO,PROJECT_NO,NAME,DESCRIPTION,TYPE,PERIOD,ANNUAL_RATE,BORROWER_ANNUAL_RATE,COMMISSION_ANNUAL_RATE,REPAYMENT_WAY,AMOUNT,PROJECT_STATUS,CREATE_DATE,STATUS,IS_ASSIGNMENT,REQUEST_NO,MODIFY_DATE FROM project WHERE ID IN (?) 
[transaction-service][53060] 2022-07-10 16:56:04,812 DEBUG [http-nio-53060-exec-10][BaseJdbcLogger.java:159] - ==> Parameters: 1545794458589818882(Long)
[transaction-service][53060] 2022-07-10 16:56:04,813 INFO [http-nio-53060-exec-10][SQLLogger.java:89] - Rule Type: sharding
[transaction-service][53060] 2022-07-10 16:56:04,813 INFO [http-nio-53060-exec-10][SQLLogger.java:89] - Logic SQL: SELECT  ID,CONSUMER_ID,USER_NO,PROJECT_NO,NAME,DESCRIPTION,TYPE,PERIOD,ANNUAL_RATE,BORROWER_ANNUAL_RATE,COMMISSION_ANNUAL_RATE,REPAYMENT_WAY,AMOUNT,PROJECT_STATUS,CREATE_DATE,STATUS,IS_ASSIGNMENT,REQUEST_NO,MODIFY_DATE  FROM project 
 
 WHERE ID IN (?)
[transaction-service][53060] 2022-07-10 16:56:04,814 INFO [http-nio-53060-exec-10][SQLLogger.java:89] - SQLStatement: SelectStatement(super=DQLStatement(super=AbstractSQLStatement(type=DQL, tables=Tables(tables=[Table(name=project, alias=Optional.absent())]), routeConditions=Conditions(orCondition=OrCondition(andConditions=[AndCondition(conditions=[Condition(column=Column(name=ID, tableName=project), operator=IN, compareOperator=null, positionValueMap={}, positionIndexMap={0=0})])])), encryptConditions=Conditions(orCondition=OrCondition(andConditions=[])), sqlTokens=[TableToken(tableName=project, quoteCharacter=NONE, schemaNameLength=0)], parametersIndex=1, logicSQL=SELECT  ID,CONSUMER_ID,USER_NO,PROJECT_NO,NAME,DESCRIPTION,TYPE,PERIOD,ANNUAL_RATE,BORROWER_ANNUAL_RATE,COMMISSION_ANNUAL_RATE,REPAYMENT_WAY,AMOUNT,PROJECT_STATUS,CREATE_DATE,STATUS,IS_ASSIGNMENT,REQUEST_NO,MODIFY_DATE  FROM project 
 
 WHERE ID IN (?))), containStar=false, firstSelectItemStartIndex=8, selectListStopIndex=217, groupByLastIndex=0, items=[CommonSelectItem(expression=ID, alias=Optional.absent()), CommonSelectItem(expression=CONSUMER_ID, alias=Optional.absent()), CommonSelectItem(expression=USER_NO, alias=Optional.absent()), CommonSelectItem(expression=PROJECT_NO, alias=Optional.absent()), CommonSelectItem(expression=NAME, alias=Optional.absent()), CommonSelectItem(expression=DESCRIPTION, alias=Optional.absent()), CommonSelectItem(expression=TYPE, alias=Optional.absent()), CommonSelectItem(expression=PERIOD, alias=Optional.absent()), CommonSelectItem(expression=ANNUAL_RATE, alias=Optional.absent()), CommonSelectItem(expression=BORROWER_ANNUAL_RATE, alias=Optional.absent()), CommonSelectItem(expression=COMMISSION_ANNUAL_RATE, alias=Optional.absent()), CommonSelectItem(expression=REPAYMENT_WAY, alias=Optional.absent()), CommonSelectItem(expression=AMOUNT, alias=Optional.absent()), CommonSelectItem(expression=PROJECT_STATUS, alias=Optional.absent()), CommonSelectItem(expression=CREATE_DATE, alias=Optional.absent()), CommonSelectItem(expression=STATUS, alias=Optional.absent()), CommonSelectItem(expression=IS_ASSIGNMENT, alias=Optional.absent()), CommonSelectItem(expression=REQUEST_NO, alias=Optional.absent()), CommonSelectItem(expression=MODIFY_DATE, alias=Optional.absent())], groupByItems=[], orderByItems=[], limit=null, subqueryStatement=null, subqueryStatements=[], subqueryConditions=[])
[transaction-service][53060] 2022-07-10 16:56:04,815 INFO [http-nio-53060-exec-10][SQLLogger.java:89] - Actual SQL: ds0 ::: SELECT  ID,CONSUMER_ID,USER_NO,PROJECT_NO,NAME,DESCRIPTION,TYPE,PERIOD,ANNUAL_RATE,BORROWER_ANNUAL_RATE,COMMISSION_ANNUAL_RATE,REPAYMENT_WAY,AMOUNT,PROJECT_STATUS,CREATE_DATE,STATUS,IS_ASSIGNMENT,REQUEST_NO,MODIFY_DATE  FROM project_0 
 
 WHERE ID IN (?) ::: [1545794458589818882]
[transaction-service][53060] 2022-07-10 16:56:04,816 INFO [http-nio-53060-exec-10][SQLLogger.java:89] - Actual SQL: ds1 ::: SELECT  ID,CONSUMER_ID,USER_NO,PROJECT_NO,NAME,DESCRIPTION,TYPE,PERIOD,ANNUAL_RATE,BORROWER_ANNUAL_RATE,COMMISSION_ANNUAL_RATE,REPAYMENT_WAY,AMOUNT,PROJECT_STATUS,CREATE_DATE,STATUS,IS_ASSIGNMENT,REQUEST_NO,MODIFY_DATE  FROM project_0 
 
 WHERE ID IN (?) ::: [1545794458589818882]
[transaction-service][53060] 2022-07-10 16:56:04,839 DEBUG [http-nio-53060-exec-10][BaseJdbcLogger.java:159] - <==      Total: 1
[transaction-service][53060] 2022-07-10 16:56:04,843 DEBUG [http-nio-53060-exec-10][BaseJdbcLogger.java:159] - ==>  Preparing: SELECT IFNULL(SUM(AMOUNT), 0.0) FROM tender WHERE PROJECT_ID = ? AND STATUS = 1 
[transaction-service][53060] 2022-07-10 16:56:04,849 DEBUG [http-nio-53060-exec-10][BaseJdbcLogger.java:159] - ==> Parameters: 1545794458589818882(Long)
[transaction-service][53060] 2022-07-10 16:56:04,852 INFO [http-nio-53060-exec-10][SQLLogger.java:89] - Rule Type: sharding
[transaction-service][53060] 2022-07-10 16:56:04,852 INFO [http-nio-53060-exec-10][SQLLogger.java:89] - Logic SQL: SELECT IFNULL(SUM(AMOUNT), 0.0) FROM tender WHERE PROJECT_ID = ? AND STATUS = 1
[transaction-service][53060] 2022-07-10 16:56:04,855 INFO [http-nio-53060-exec-10][SQLLogger.java:89] - SQLStatement: SelectStatement(super=DQLStatement(super=AbstractSQLStatement(type=DQL, tables=Tables(tables=[Table(name=tender, alias=Optional.absent())]), routeConditions=Conditions(orCondition=OrCondition(andConditions=[AndCondition(conditions=[Condition(column=Column(name=PROJECT_ID, tableName=tender), operator=EQUAL, compareOperator==, positionValueMap={}, positionIndexMap={0=0})])])), encryptConditions=Conditions(orCondition=OrCondition(andConditions=[])), sqlTokens=[TableToken(tableName=tender, quoteCharacter=NONE, schemaNameLength=0)], parametersIndex=1, logicSQL=SELECT IFNULL(SUM(AMOUNT), 0.0) FROM tender WHERE PROJECT_ID = ? AND STATUS = 1)), containStar=false, firstSelectItemStartIndex=7, selectListStopIndex=30, groupByLastIndex=0, items=[CommonSelectItem(expression=IFNULL(SUM(AMOUNT),0.0), alias=Optional.absent())], groupByItems=[], orderByItems=[], limit=null, subqueryStatement=null, subqueryStatements=[], subqueryConditions=[])
[transaction-service][53060] 2022-07-10 16:56:04,855 INFO [http-nio-53060-exec-10][SQLLogger.java:89] - Actual SQL: ds0 ::: SELECT IFNULL(SUM(AMOUNT), 0.0) FROM tender_0 WHERE PROJECT_ID = ? AND STATUS = 1 ::: [1545794458589818882]
[transaction-service][53060] 2022-07-10 16:56:04,856 INFO [http-nio-53060-exec-10][SQLLogger.java:89] - Actual SQL: ds1 ::: SELECT IFNULL(SUM(AMOUNT), 0.0) FROM tender_0 WHERE PROJECT_ID = ? AND STATUS = 1 ::: [1545794458589818882]
[transaction-service][53060] 2022-07-10 16:56:04,859 DEBUG [http-nio-53060-exec-10][BaseJdbcLogger.java:159] - <==      Total: 2
[transaction-service][53060] 2022-07-10 16:56:04,863 DEBUG [http-nio-53060-exec-10][BaseJdbcLogger.java:159] - ==>  Preparing: SELECT COUNT( 1 ) FROM tender WHERE PROJECT_ID = ? 
[transaction-service][53060] 2022-07-10 16:56:04,868 DEBUG [http-nio-53060-exec-10][BaseJdbcLogger.java:159] - ==> Parameters: 1545794458589818882(Long)
[transaction-service][53060] 2022-07-10 16:56:04,869 INFO [http-nio-53060-exec-10][SQLLogger.java:89] - Rule Type: sharding
[transaction-service][53060] 2022-07-10 16:56:04,870 INFO [http-nio-53060-exec-10][SQLLogger.java:89] - Logic SQL: SELECT COUNT( 1 ) FROM tender 
 
 WHERE PROJECT_ID = ?
[transaction-service][53060] 2022-07-10 16:56:04,870 INFO [http-nio-53060-exec-10][SQLLogger.java:89] - SQLStatement: SelectStatement(super=DQLStatement(super=AbstractSQLStatement(type=DQL, tables=Tables(tables=[Table(name=tender, alias=Optional.absent())]), routeConditions=Conditions(orCondition=OrCondition(andConditions=[AndCondition(conditions=[Condition(column=Column(name=PROJECT_ID, tableName=tender), operator=EQUAL, compareOperator==, positionValueMap={}, positionIndexMap={0=0})])])), encryptConditions=Conditions(orCondition=OrCondition(andConditions=[])), sqlTokens=[TableToken(tableName=tender, quoteCharacter=NONE, schemaNameLength=0)], parametersIndex=1, logicSQL=SELECT COUNT( 1 ) FROM tender 
 
 WHERE PROJECT_ID = ?)), containStar=false, firstSelectItemStartIndex=7, selectListStopIndex=16, groupByLastIndex=0, items=[AggregationSelectItem(type=COUNT, innerExpression=( 1 ), alias=Optional.absent(), derivedAggregationSelectItems=[], index=1)], groupByItems=[], orderByItems=[], limit=null, subqueryStatement=null, subqueryStatements=[], subqueryConditions=[])
[transaction-service][53060] 2022-07-10 16:56:04,871 INFO [http-nio-53060-exec-10][SQLLogger.java:89] - Actual SQL: ds0 ::: SELECT COUNT( 1 ) FROM tender_0 
 
 WHERE PROJECT_ID = ? ::: [1545794458589818882]
[transaction-service][53060] 2022-07-10 16:56:04,872 INFO [http-nio-53060-exec-10][SQLLogger.java:89] - Actual SQL: ds1 ::: SELECT COUNT( 1 ) FROM tender_0 
 
 WHERE PROJECT_ID = ? ::: [1545794458589818882]
[transaction-service][53060] 2022-07-10 16:56:04,876 DEBUG [http-nio-53060-exec-10][BaseJdbcLogger.java:159] - <==      Total: 1
[transaction-service][53060] 2022-07-10 16:56:11,383 WARN [Apollo-RemoteConfigRepository-1][RemoteConfigRepository.java:194] - Load config failed, will retry in 1 SECONDS. appId: transaction-service, cluster: DEFAULT, namespaces: micro_service.spring-cloud-feign
[transaction-service][53060] 2022-07-10 16:56:12,114 DEBUG [http-nio-53060-exec-1][BaseJdbcLogger.java:159] - ==>  Preparing: SELECT ID,CONSUMER_ID,USER_NO,PROJECT_NO,NAME,DESCRIPTION,TYPE,PERIOD,ANNUAL_RATE,BORROWER_ANNUAL_RATE,COMMISSION_ANNUAL_RATE,REPAYMENT_WAY,AMOUNT,PROJECT_STATUS,CREATE_DATE,STATUS,IS_ASSIGNMENT,REQUEST_NO,MODIFY_DATE FROM project WHERE ID IN (?) 
[transaction-service][53060] 2022-07-10 16:56:12,118 DEBUG [http-nio-53060-exec-1][BaseJdbcLogger.java:159] - ==> Parameters: 1545794458589818882(Long)
[transaction-service][53060] 2022-07-10 16:56:12,119 INFO [http-nio-53060-exec-1][SQLLogger.java:89] - Rule Type: sharding
[transaction-service][53060] 2022-07-10 16:56:12,120 INFO [http-nio-53060-exec-1][SQLLogger.java:89] - Logic SQL: SELECT  ID,CONSUMER_ID,USER_NO,PROJECT_NO,NAME,DESCRIPTION,TYPE,PERIOD,ANNUAL_RATE,BORROWER_ANNUAL_RATE,COMMISSION_ANNUAL_RATE,REPAYMENT_WAY,AMOUNT,PROJECT_STATUS,CREATE_DATE,STATUS,IS_ASSIGNMENT,REQUEST_NO,MODIFY_DATE  FROM project 
 
 WHERE ID IN (?)
[transaction-service][53060] 2022-07-10 16:56:12,121 INFO [http-nio-53060-exec-1][SQLLogger.java:89] - SQLStatement: SelectStatement(super=DQLStatement(super=AbstractSQLStatement(type=DQL, tables=Tables(tables=[Table(name=project, alias=Optional.absent())]), routeConditions=Conditions(orCondition=OrCondition(andConditions=[AndCondition(conditions=[Condition(column=Column(name=ID, tableName=project), operator=IN, compareOperator=null, positionValueMap={}, positionIndexMap={0=0})])])), encryptConditions=Conditions(orCondition=OrCondition(andConditions=[])), sqlTokens=[TableToken(tableName=project, quoteCharacter=NONE, schemaNameLength=0)], parametersIndex=1, logicSQL=SELECT  ID,CONSUMER_ID,USER_NO,PROJECT_NO,NAME,DESCRIPTION,TYPE,PERIOD,ANNUAL_RATE,BORROWER_ANNUAL_RATE,COMMISSION_ANNUAL_RATE,REPAYMENT_WAY,AMOUNT,PROJECT_STATUS,CREATE_DATE,STATUS,IS_ASSIGNMENT,REQUEST_NO,MODIFY_DATE  FROM project 
 
 WHERE ID IN (?))), containStar=false, firstSelectItemStartIndex=8, selectListStopIndex=217, groupByLastIndex=0, items=[CommonSelectItem(expression=ID, alias=Optional.absent()), CommonSelectItem(expression=CONSUMER_ID, alias=Optional.absent()), CommonSelectItem(expression=USER_NO, alias=Optional.absent()), CommonSelectItem(expression=PROJECT_NO, alias=Optional.absent()), CommonSelectItem(expression=NAME, alias=Optional.absent()), CommonSelectItem(expression=DESCRIPTION, alias=Optional.absent()), CommonSelectItem(expression=TYPE, alias=Optional.absent()), CommonSelectItem(expression=PERIOD, alias=Optional.absent()), CommonSelectItem(expression=ANNUAL_RATE, alias=Optional.absent()), CommonSelectItem(expression=BORROWER_ANNUAL_RATE, alias=Optional.absent()), CommonSelectItem(expression=COMMISSION_ANNUAL_RATE, alias=Optional.absent()), CommonSelectItem(expression=REPAYMENT_WAY, alias=Optional.absent()), CommonSelectItem(expression=AMOUNT, alias=Optional.absent()), CommonSelectItem(expression=PROJECT_STATUS, alias=Optional.absent()), CommonSelectItem(expression=CREATE_DATE, alias=Optional.absent()), CommonSelectItem(expression=STATUS, alias=Optional.absent()), CommonSelectItem(expression=IS_ASSIGNMENT, alias=Optional.absent()), CommonSelectItem(expression=REQUEST_NO, alias=Optional.absent()), CommonSelectItem(expression=MODIFY_DATE, alias=Optional.absent())], groupByItems=[], orderByItems=[], limit=null, subqueryStatement=null, subqueryStatements=[], subqueryConditions=[])
[transaction-service][53060] 2022-07-10 16:56:12,122 INFO [http-nio-53060-exec-1][SQLLogger.java:89] - Actual SQL: ds0 ::: SELECT  ID,CONSUMER_ID,USER_NO,PROJECT_NO,NAME,DESCRIPTION,TYPE,PERIOD,ANNUAL_RATE,BORROWER_ANNUAL_RATE,COMMISSION_ANNUAL_RATE,REPAYMENT_WAY,AMOUNT,PROJECT_STATUS,CREATE_DATE,STATUS,IS_ASSIGNMENT,REQUEST_NO,MODIFY_DATE  FROM project_0 
 
 WHERE ID IN (?) ::: [1545794458589818882]
[transaction-service][53060] 2022-07-10 16:56:12,123 INFO [http-nio-53060-exec-1][SQLLogger.java:89] - Actual SQL: ds1 ::: SELECT  ID,CONSUMER_ID,USER_NO,PROJECT_NO,NAME,DESCRIPTION,TYPE,PERIOD,ANNUAL_RATE,BORROWER_ANNUAL_RATE,COMMISSION_ANNUAL_RATE,REPAYMENT_WAY,AMOUNT,PROJECT_STATUS,CREATE_DATE,STATUS,IS_ASSIGNMENT,REQUEST_NO,MODIFY_DATE  FROM project_0 
 
 WHERE ID IN (?) ::: [1545794458589818882]
[transaction-service][53060] 2022-07-10 16:56:12,131 DEBUG [http-nio-53060-exec-1][BaseJdbcLogger.java:159] - <==      Total: 1
[transaction-service][53060] 2022-07-10 16:56:12,135 DEBUG [http-nio-53060-exec-1][BaseJdbcLogger.java:159] - ==>  Preparing: SELECT IFNULL(SUM(AMOUNT), 0.0) FROM tender WHERE PROJECT_ID = ? AND STATUS = 1 
[transaction-service][53060] 2022-07-10 16:56:12,143 DEBUG [http-nio-53060-exec-1][BaseJdbcLogger.java:159] - ==> Parameters: 1545794458589818882(Long)
[transaction-service][53060] 2022-07-10 16:56:12,144 INFO [http-nio-53060-exec-1][SQLLogger.java:89] - Rule Type: sharding
[transaction-service][53060] 2022-07-10 16:56:12,145 INFO [http-nio-53060-exec-1][SQLLogger.java:89] - Logic SQL: SELECT IFNULL(SUM(AMOUNT), 0.0) FROM tender WHERE PROJECT_ID = ? AND STATUS = 1
[transaction-service][53060] 2022-07-10 16:56:12,146 INFO [http-nio-53060-exec-1][SQLLogger.java:89] - SQLStatement: SelectStatement(super=DQLStatement(super=AbstractSQLStatement(type=DQL, tables=Tables(tables=[Table(name=tender, alias=Optional.absent())]), routeConditions=Conditions(orCondition=OrCondition(andConditions=[AndCondition(conditions=[Condition(column=Column(name=PROJECT_ID, tableName=tender), operator=EQUAL, compareOperator==, positionValueMap={}, positionIndexMap={0=0})])])), encryptConditions=Conditions(orCondition=OrCondition(andConditions=[])), sqlTokens=[TableToken(tableName=tender, quoteCharacter=NONE, schemaNameLength=0)], parametersIndex=1, logicSQL=SELECT IFNULL(SUM(AMOUNT), 0.0) FROM tender WHERE PROJECT_ID = ? AND STATUS = 1)), containStar=false, firstSelectItemStartIndex=7, selectListStopIndex=30, groupByLastIndex=0, items=[CommonSelectItem(expression=IFNULL(SUM(AMOUNT),0.0), alias=Optional.absent())], groupByItems=[], orderByItems=[], limit=null, subqueryStatement=null, subqueryStatements=[], subqueryConditions=[])
[transaction-service][53060] 2022-07-10 16:56:12,147 INFO [http-nio-53060-exec-1][SQLLogger.java:89] - Actual SQL: ds0 ::: SELECT IFNULL(SUM(AMOUNT), 0.0) FROM tender_0 WHERE PROJECT_ID = ? AND STATUS = 1 ::: [1545794458589818882]
[transaction-service][53060] 2022-07-10 16:56:12,147 INFO [http-nio-53060-exec-1][SQLLogger.java:89] - Actual SQL: ds1 ::: SELECT IFNULL(SUM(AMOUNT), 0.0) FROM tender_0 WHERE PROJECT_ID = ? AND STATUS = 1 ::: [1545794458589818882]
[transaction-service][53060] 2022-07-10 16:56:12,151 DEBUG [http-nio-53060-exec-1][BaseJdbcLogger.java:159] - <==      Total: 2
[transaction-service][53060] 2022-07-10 16:56:12,159 DEBUG [http-nio-53060-exec-1][BaseJdbcLogger.java:159] - ==>  Preparing: SELECT COUNT( 1 ) FROM tender WHERE PROJECT_ID = ? 
[transaction-service][53060] 2022-07-10 16:56:12,163 DEBUG [http-nio-53060-exec-1][BaseJdbcLogger.java:159] - ==> Parameters: 1545794458589818882(Long)
[transaction-service][53060] 2022-07-10 16:56:12,164 INFO [http-nio-53060-exec-1][SQLLogger.java:89] - Rule Type: sharding
[transaction-service][53060] 2022-07-10 16:56:12,165 INFO [http-nio-53060-exec-1][SQLLogger.java:89] - Logic SQL: SELECT COUNT( 1 ) FROM tender 
 
 WHERE PROJECT_ID = ?
[transaction-service][53060] 2022-07-10 16:56:12,166 INFO [http-nio-53060-exec-1][SQLLogger.java:89] - SQLStatement: SelectStatement(super=DQLStatement(super=AbstractSQLStatement(type=DQL, tables=Tables(tables=[Table(name=tender, alias=Optional.absent())]), routeConditions=Conditions(orCondition=OrCondition(andConditions=[AndCondition(conditions=[Condition(column=Column(name=PROJECT_ID, tableName=tender), operator=EQUAL, compareOperator==, positionValueMap={}, positionIndexMap={0=0})])])), encryptConditions=Conditions(orCondition=OrCondition(andConditions=[])), sqlTokens=[TableToken(tableName=tender, quoteCharacter=NONE, schemaNameLength=0)], parametersIndex=1, logicSQL=SELECT COUNT( 1 ) FROM tender 
 
 WHERE PROJECT_ID = ?)), containStar=false, firstSelectItemStartIndex=7, selectListStopIndex=16, groupByLastIndex=0, items=[AggregationSelectItem(type=COUNT, innerExpression=( 1 ), alias=Optional.absent(), derivedAggregationSelectItems=[], index=1)], groupByItems=[], orderByItems=[], limit=null, subqueryStatement=null, subqueryStatements=[], subqueryConditions=[])
[transaction-service][53060] 2022-07-10 16:56:12,167 INFO [http-nio-53060-exec-1][SQLLogger.java:89] - Actual SQL: ds0 ::: SELECT COUNT( 1 ) FROM tender_0 
 
 WHERE PROJECT_ID = ? ::: [1545794458589818882]
[transaction-service][53060] 2022-07-10 16:56:12,167 INFO [http-nio-53060-exec-1][SQLLogger.java:89] - Actual SQL: ds1 ::: SELECT COUNT( 1 ) FROM tender_0 
 
 WHERE PROJECT_ID = ? ::: [1545794458589818882]
[transaction-service][53060] 2022-07-10 16:56:12,173 DEBUG [http-nio-53060-exec-1][BaseJdbcLogger.java:159] - <==      Total: 1
[transaction-service][53060] 2022-07-10 16:56:12,398 WARN [Apollo-RemoteConfigRepository-1][AbstractConfigRepository.java:26] - Sync config failed, will retry. Repository class com.ctrip.framework.apollo.internals.RemoteConfigRepository, reason: Load Apollo Config failed - appId: transaction-service, cluster: DEFAULT, namespace: micro_service.spring-cloud-feign, url: http://192.168.1.4:8080/configs/transaction-service/DEFAULT/micro_service.spring-cloud-feign?ip=172.26.144.1&messages=%7B%22details%22%3A%7B%22transaction-service%2Bdefault%2Bmicro_service.spring-cloud-feign%22%3A285%2C%22common-template%2Bdefault%2Bmicro_service.spring-cloud-feign%22%3A403%7D%7D [Cause: [status code: 404] Could not find config for namespace - appId: transaction-service, cluster: DEFAULT, namespace: micro_service.spring-cloud-feign, please check whether the configs are released in Apollo!]
[transaction-service][53060] 2022-07-10 16:56:38,480 INFO [AsyncResolver-bootstrap-executor-0][ConfigClusterResolver.java:43] - Resolving eureka endpoints via configuration
