[transaction-service][53060] 2022-07-10 18:50:56,035 INFO [main][DefaultApplicationProvider.java:85] - App ID is set to transaction-service by app.id property from System Property
[transaction-service][53060] 2022-07-10 18:50:56,044 INFO [main][DefaultServerProvider.java:108] - Environment is set to [dev] by JVM system property 'env'.
[transaction-service][53060] 2022-07-10 18:50:56,114 WARN [main][DefaultMetaServerProvider.java:39] - Could not find meta server address, because it is not available in neither (1) JVM system property 'apollo.meta', (2) OS env variable 'APOLLO_META' (3) property 'apollo.meta' from server.properties nor (4) property 'apollo.meta' from app.properties
[transaction-service][53060] 2022-07-10 18:50:56,123 INFO [main][MetaDomainConsts.java:93] - Located meta server address http://localhost:8080 for env DEV from com.ctrip.framework.apollo.core.internals.LegacyMetaServerProvider
[transaction-service][53060] 2022-07-10 18:50:58,302 WARN [main][RemoteConfigRepository.java:194] - Load config failed, will retry in 1 SECONDS. appId: transaction-service, cluster: DEFAULT, namespaces: micro_service.spring-cloud-feign
[transaction-service][53060] 2022-07-10 18:50:59,317 WARN [main][AbstractConfigRepository.java:26] - Sync config failed, will retry. Repository class com.ctrip.framework.apollo.internals.RemoteConfigRepository, reason: Load Apollo Config failed - appId: transaction-service, cluster: DEFAULT, namespace: micro_service.spring-cloud-feign, url: http://192.168.1.4:8080/configs/transaction-service/DEFAULT/micro_service.spring-cloud-feign?ip=172.26.144.1 [Cause: [status code: 404] Could not find config for namespace - appId: transaction-service, cluster: DEFAULT, namespace: micro_service.spring-cloud-feign, please check whether the configs are released in Apollo!]
[transaction-service][53060] 2022-07-10 18:50:59,325 WARN [main][RemoteConfigRepository.java:194] - Load config failed, will retry in 1 SECONDS. appId: transaction-service, cluster: DEFAULT, namespaces: micro_service.spring-cloud-feign
[transaction-service][53060] 2022-07-10 18:51:00,345 WARN [main][LocalFileConfigRepository.java:167] - Sync config from upstream repository class com.ctrip.framework.apollo.internals.RemoteConfigRepository failed, reason: Load Apollo Config failed - appId: transaction-service, cluster: DEFAULT, namespace: micro_service.spring-cloud-feign, url: http://192.168.1.4:8080/configs/transaction-service/DEFAULT/micro_service.spring-cloud-feign?ip=172.26.144.1&messages=%7B%22details%22%3A%7B%22transaction-service%2Bdefault%2Bmicro_service.spring-cloud-feign%22%3A285%2C%22common-template%2Bdefault%2Bmicro_service.spring-cloud-feign%22%3A403%7D%7D [Cause: [status code: 404] Could not find config for namespace - appId: transaction-service, cluster: DEFAULT, namespace: micro_service.spring-cloud-feign, please check whether the configs are released in Apollo!]
[transaction-service][53060] 2022-07-10 18:51:00,352 WARN [Apollo-RemoteConfigRepository-1][RemoteConfigRepository.java:194] - Load config failed, will retry in 1 SECONDS. appId: transaction-service, cluster: DEFAULT, namespaces: micro_service.spring-cloud-feign
[transaction-service][53060] 2022-07-10 18:51:01,364 WARN [Apollo-RemoteConfigRepository-1][RemoteConfigRepository.java:194] - Load config failed, will retry in 1 SECONDS. appId: transaction-service, cluster: DEFAULT, namespaces: micro_service.spring-cloud-feign
[transaction-service][53060] 2022-07-10 18:51:02,385 WARN [Apollo-RemoteConfigRepository-1][AbstractConfigRepository.java:26] - Sync config failed, will retry. Repository class com.ctrip.framework.apollo.internals.RemoteConfigRepository, reason: Load Apollo Config failed - appId: transaction-service, cluster: DEFAULT, namespace: micro_service.spring-cloud-feign, url: http://192.168.1.4:8080/configs/transaction-service/DEFAULT/micro_service.spring-cloud-feign?ip=172.26.144.1&messages=%7B%22details%22%3A%7B%22transaction-service%2Bdefault%2Bmicro_service.spring-cloud-feign%22%3A285%2C%22common-template%2Bdefault%2Bmicro_service.spring-cloud-feign%22%3A403%7D%7D [Cause: [status code: 404] Could not find config for namespace - appId: transaction-service, cluster: DEFAULT, namespace: micro_service.spring-cloud-feign, please check whether the configs are released in Apollo!]
[transaction-service][53060] 2022-07-10 18:51:02,399 WARN [main][RemoteConfigRepository.java:194] - Load config failed, will retry in 1 SECONDS. appId: transaction-service, cluster: DEFAULT, namespaces: micro_service.spring-cloud-feign
[transaction-service][53060] 2022-07-10 18:51:03,413 WARN [main][LocalFileConfigRepository.java:167] - Sync config from upstream repository class com.ctrip.framework.apollo.internals.RemoteConfigRepository failed, reason: Load Apollo Config failed - appId: transaction-service, cluster: DEFAULT, namespace: micro_service.spring-cloud-feign, url: http://192.168.1.4:8080/configs/transaction-service/DEFAULT/micro_service.spring-cloud-feign?ip=172.26.144.1&messages=%7B%22details%22%3A%7B%22transaction-service%2Bdefault%2Bmicro_service.spring-cloud-feign%22%3A285%2C%22common-template%2Bdefault%2Bmicro_service.spring-cloud-feign%22%3A403%7D%7D [Cause: [status code: 404] Could not find config for namespace - appId: transaction-service, cluster: DEFAULT, namespace: micro_service.spring-cloud-feign, please check whether the configs are released in Apollo!]
[transaction-service][53060] 2022-07-10 18:51:03,413 WARN [main][AbstractConfigRepository.java:26] - Sync config failed, will retry. Repository class com.ctrip.framework.apollo.internals.LocalFileConfigRepository, reason: Load config from local config failed! [Cause: Cannot read from local cache file C:\opt\data\transaction-service\config-cache\transaction-service+DEFAULT+micro_service.spring-cloud-feign.properties]
[transaction-service][53060] 2022-07-10 18:51:03,420 WARN [main][RemoteConfigRepository.java:194] - Load config failed, will retry in 1 SECONDS. appId: transaction-service, cluster: DEFAULT, namespaces: micro_service.spring-cloud-feign
[transaction-service][53060] 2022-07-10 18:51:04,444 WARN [main][LocalFileConfigRepository.java:167] - Sync config from upstream repository class com.ctrip.framework.apollo.internals.RemoteConfigRepository failed, reason: Load Apollo Config failed - appId: transaction-service, cluster: DEFAULT, namespace: micro_service.spring-cloud-feign, url: http://192.168.1.4:8080/configs/transaction-service/DEFAULT/micro_service.spring-cloud-feign?ip=172.26.144.1&messages=%7B%22details%22%3A%7B%22transaction-service%2Bdefault%2Bmicro_service.spring-cloud-feign%22%3A285%2C%22common-template%2Bdefault%2Bmicro_service.spring-cloud-feign%22%3A403%7D%7D [Cause: [status code: 404] Could not find config for namespace - appId: transaction-service, cluster: DEFAULT, namespace: micro_service.spring-cloud-feign, please check whether the configs are released in Apollo!]
[transaction-service][53060] 2022-07-10 18:51:04,445 WARN [main][DefaultConfig.java:61] - Init Apollo Local Config failed - namespace: micro_service.spring-cloud-feign, reason: Load config from local config failed! [Cause: Cannot read from local cache file C:\opt\data\transaction-service\config-cache\transaction-service+DEFAULT+micro_service.spring-cloud-feign.properties].
[transaction-service][53060] 2022-07-10 18:51:04,489 WARN [main][DefaultConfig.java:95] - Could not load config for namespace micro_service.spring-cloud-feign from Apollo, please check whether the configs are released in Apollo! Return default value now!
[transaction-service][53060] 2022-07-10 18:51:04,490 INFO [main][SpringApplication.java:675] - No active profile set, falling back to default profiles: default
[transaction-service][53060] 2022-07-10 18:51:06,560 WARN [main][EndpointId.java:135] - Endpoint ID 'service-registry' contains invalid characters, please migrate to a valid format.
[transaction-service][53060] 2022-07-10 18:51:06,898 INFO [main][GenericScope.java:294] - BeanFactory id=abd3f24e-aec8-3cc6-849a-f7f4787b54d3
[transaction-service][53060] 2022-07-10 18:51:06,972 INFO [main][PostProcessorRegistrationDelegate.java:330] - Bean 'com.liu.wanxinp2p.transaction.agent.ConsumerServiceAgent' of type [org.springframework.cloud.openfeign.FeignClientFactoryBean] is not eligible for getting processed by all BeanPostProcessors (for example: not eligible for auto-proxying)
[transaction-service][53060] 2022-07-10 18:51:06,974 INFO [main][PostProcessorRegistrationDelegate.java:330] - Bean 'com.liu.wanxinp2p.transaction.agent.ContentSearchApiAgent' of type [org.springframework.cloud.openfeign.FeignClientFactoryBean] is not eligible for getting processed by all BeanPostProcessors (for example: not eligible for auto-proxying)
[transaction-service][53060] 2022-07-10 18:51:06,976 INFO [main][PostProcessorRegistrationDelegate.java:330] - Bean 'com.liu.wanxinp2p.transaction.agent.DepositoryAgentService' of type [org.springframework.cloud.openfeign.FeignClientFactoryBean] is not eligible for getting processed by all BeanPostProcessors (for example: not eligible for auto-proxying)
[transaction-service][53060] 2022-07-10 18:51:07,007 INFO [main][PostProcessorRegistrationDelegate.java:330] - Bean 'org.apache.rocketmq.spring.autoconfigure.RocketMQAutoConfiguration' of type [org.apache.rocketmq.spring.autoconfigure.RocketMQAutoConfiguration$$EnhancerBySpringCGLIB$$fc1d6efc] is not eligible for getting processed by all BeanPostProcessors (for example: not eligible for auto-proxying)
[transaction-service][53060] 2022-07-10 18:51:07,021 INFO [main][PostProcessorRegistrationDelegate.java:330] - Bean 'rocketmq-org.apache.rocketmq.spring.autoconfigure.RocketMQProperties' of type [org.apache.rocketmq.spring.autoconfigure.RocketMQProperties] is not eligible for getting processed by all BeanPostProcessors (for example: not eligible for auto-proxying)
[transaction-service][53060] 2022-07-10 18:51:08,751 INFO [main][PostProcessorRegistrationDelegate.java:330] - Bean 'defaultMQProducer' of type [org.apache.rocketmq.client.producer.DefaultMQProducer] is not eligible for getting processed by all BeanPostProcessors (for example: not eligible for auto-proxying)
[transaction-service][53060] 2022-07-10 18:51:08,755 INFO [main][PostProcessorRegistrationDelegate.java:330] - Bean 'org.springframework.boot.autoconfigure.jackson.JacksonAutoConfiguration$JacksonObjectMapperConfiguration' of type [org.springframework.boot.autoconfigure.jackson.JacksonAutoConfiguration$JacksonObjectMapperConfiguration$$EnhancerBySpringCGLIB$$2f1adf91] is not eligible for getting processed by all BeanPostProcessors (for example: not eligible for auto-proxying)
[transaction-service][53060] 2022-07-10 18:51:08,761 INFO [main][PostProcessorRegistrationDelegate.java:330] - Bean 'org.springframework.boot.autoconfigure.jackson.JacksonAutoConfiguration$JacksonObjectMapperBuilderConfiguration' of type [org.springframework.boot.autoconfigure.jackson.JacksonAutoConfiguration$JacksonObjectMapperBuilderConfiguration$$EnhancerBySpringCGLIB$$e167a1aa] is not eligible for getting processed by all BeanPostProcessors (for example: not eligible for auto-proxying)
[transaction-service][53060] 2022-07-10 18:51:08,764 INFO [main][PostProcessorRegistrationDelegate.java:330] - Bean 'org.springframework.boot.autoconfigure.jackson.JacksonAutoConfiguration$Jackson2ObjectMapperBuilderCustomizerConfiguration' of type [org.springframework.boot.autoconfigure.jackson.JacksonAutoConfiguration$Jackson2ObjectMapperBuilderCustomizerConfiguration$$EnhancerBySpringCGLIB$$9c7e8799] is not eligible for getting processed by all BeanPostProcessors (for example: not eligible for auto-proxying)
[transaction-service][53060] 2022-07-10 18:51:08,771 INFO [main][PostProcessorRegistrationDelegate.java:330] - Bean 'spring.jackson-org.springframework.boot.autoconfigure.jackson.JacksonProperties' of type [org.springframework.boot.autoconfigure.jackson.JacksonProperties] is not eligible for getting processed by all BeanPostProcessors (for example: not eligible for auto-proxying)
[transaction-service][53060] 2022-07-10 18:51:08,774 INFO [main][PostProcessorRegistrationDelegate.java:330] - Bean 'standardJacksonObjectMapperBuilderCustomizer' of type [org.springframework.boot.autoconfigure.jackson.JacksonAutoConfiguration$Jackson2ObjectMapperBuilderCustomizerConfiguration$StandardJackson2ObjectMapperBuilderCustomizer] is not eligible for getting processed by all BeanPostProcessors (for example: not eligible for auto-proxying)
[transaction-service][53060] 2022-07-10 18:51:08,780 INFO [main][PostProcessorRegistrationDelegate.java:330] - Bean 'org.springframework.boot.autoconfigure.jackson.JacksonAutoConfiguration$ParameterNamesModuleConfiguration' of type [org.springframework.boot.autoconfigure.jackson.JacksonAutoConfiguration$ParameterNamesModuleConfiguration$$EnhancerBySpringCGLIB$$c349fec7] is not eligible for getting processed by all BeanPostProcessors (for example: not eligible for auto-proxying)
[transaction-service][53060] 2022-07-10 18:51:08,788 INFO [main][PostProcessorRegistrationDelegate.java:330] - Bean 'parameterNamesModule' of type [com.fasterxml.jackson.module.paramnames.ParameterNamesModule] is not eligible for getting processed by all BeanPostProcessors (for example: not eligible for auto-proxying)
[transaction-service][53060] 2022-07-10 18:51:08,790 INFO [main][PostProcessorRegistrationDelegate.java:330] - Bean 'org.springframework.boot.autoconfigure.jackson.JacksonAutoConfiguration' of type [org.springframework.boot.autoconfigure.jackson.JacksonAutoConfiguration$$EnhancerBySpringCGLIB$$11267d20] is not eligible for getting processed by all BeanPostProcessors (for example: not eligible for auto-proxying)
[transaction-service][53060] 2022-07-10 18:51:08,845 INFO [main][PostProcessorRegistrationDelegate.java:330] - Bean 'jsonComponentModule' of type [org.springframework.boot.jackson.JsonComponentModule] is not eligible for getting processed by all BeanPostProcessors (for example: not eligible for auto-proxying)
[transaction-service][53060] 2022-07-10 18:51:08,846 INFO [main][PostProcessorRegistrationDelegate.java:330] - Bean 'org.springframework.data.web.config.SpringDataJacksonConfiguration' of type [org.springframework.data.web.config.SpringDataJacksonConfiguration] is not eligible for getting processed by all BeanPostProcessors (for example: not eligible for auto-proxying)
[transaction-service][53060] 2022-07-10 18:51:08,853 INFO [main][PostProcessorRegistrationDelegate.java:330] - Bean 'jacksonGeoModule' of type [org.springframework.data.geo.GeoModule] is not eligible for getting processed by all BeanPostProcessors (for example: not eligible for auto-proxying)
[transaction-service][53060] 2022-07-10 18:51:08,857 INFO [main][PostProcessorRegistrationDelegate.java:330] - Bean 'jacksonObjectMapperBuilder' of type [org.springframework.http.converter.json.Jackson2ObjectMapperBuilder] is not eligible for getting processed by all BeanPostProcessors (for example: not eligible for auto-proxying)
[transaction-service][53060] 2022-07-10 18:51:08,890 INFO [main][PostProcessorRegistrationDelegate.java:330] - Bean 'jacksonObjectMapper' of type [com.fasterxml.jackson.databind.ObjectMapper] is not eligible for getting processed by all BeanPostProcessors (for example: not eligible for auto-proxying)
[transaction-service][53060] 2022-07-10 18:51:13,807 INFO [main][PostProcessorRegistrationDelegate.java:330] - Bean 'rocketMQTemplate' of type [org.apache.rocketmq.spring.core.RocketMQTemplate] is not eligible for getting processed by all BeanPostProcessors (for example: not eligible for auto-proxying)
[transaction-service][53060] 2022-07-10 18:51:13,809 INFO [main][PostProcessorRegistrationDelegate.java:330] - Bean 'transactionHandlerRegistry' of type [org.apache.rocketmq.spring.config.TransactionHandlerRegistry] is not eligible for getting processed by all BeanPostProcessors (for example: not eligible for auto-proxying)
[transaction-service][53060] 2022-07-10 18:51:13,899 INFO [main][PostProcessorRegistrationDelegate.java:330] - Bean 'org.springframework.transaction.annotation.ProxyTransactionManagementConfiguration' of type [org.springframework.transaction.annotation.ProxyTransactionManagementConfiguration$$EnhancerBySpringCGLIB$$d3876000] is not eligible for getting processed by all BeanPostProcessors (for example: not eligible for auto-proxying)
[transaction-service][53060] 2022-07-10 18:51:13,954 INFO [main][PostProcessorRegistrationDelegate.java:330] - Bean 'org.springframework.cloud.autoconfigure.ConfigurationPropertiesRebinderAutoConfiguration' of type [org.springframework.cloud.autoconfigure.ConfigurationPropertiesRebinderAutoConfiguration$$EnhancerBySpringCGLIB$$efa162fd] is not eligible for getting processed by all BeanPostProcessors (for example: not eligible for auto-proxying)
[transaction-service][53060] 2022-07-10 18:51:14,783 INFO [main][TomcatWebServer.java:90] - Tomcat initialized with port(s): 53060 (http)
[transaction-service][53060] 2022-07-10 18:51:14,821 INFO [main][DirectJDKLog.java:173] - Initializing ProtocolHandler ["http-nio-53060"]
[transaction-service][53060] 2022-07-10 18:51:14,862 INFO [main][DirectJDKLog.java:173] - Starting service [Tomcat]
[transaction-service][53060] 2022-07-10 18:51:14,863 INFO [main][DirectJDKLog.java:173] - Starting Servlet engine: [Apache Tomcat/9.0.16]
[transaction-service][53060] 2022-07-10 18:51:14,889 INFO [main][DirectJDKLog.java:173] - The APR based Apache Tomcat Native library which allows optimal performance in production environments was not found on the java.library.path: [E:\jdk1.8.0_161\bin;C:\WINDOWS\Sun\Java\bin;C:\WINDOWS\system32;C:\WINDOWS;E:\Ruby26-x64\bin;C:\Program Files (x86)\Common Files\Oracle\Java\javapath;C:\Program Files\VanDyke Software\Clients\;E:\Anaconda;E:\Anaconda\Library\mingw-w64\bin;E:\Anaconda\Library\usr\bin;E:\Anaconda\Library\bin;E:\Anaconda\Scripts;C:\WINDOWS\system32;C:\WINDOWS;C:\WINDOWS\System32\Wbem;C:\WINDOWS\System32\WindowsPowerShell\v1.0\;C:\WINDOWS\System32\OpenSSH\;E:\mysql-5.7.20-winx64\bin;C:\Program Files\dotnet\;E:\nodejs\;C:\Users\Administrator\AppData\Roaming\npm;E:\nodejs\node_global\;C:\Program Files (x86)\Common Files\Thunder Network\KanKan\Codecs;E:\spark-2.1.1-hadoop2.7\bin;D:\Android\Sdk\platform-tools;E:\TortoiseSVN\bin;E:\TortoiseSVN\bin;E:\Subversion\bin;C:\Program Files\Docker\Docker\resources\bin;C:\ProgramData\DockerDesktop\version-bin;E:\CMake\bin;C:\mingw64\bin;E:\scala-2.12.15\bin;C:\Program Files (x86)\scala\bin;E:\spark\bin;E:\spark-2.1.1-hadoop2.7\bin;E:\NetSarang\Xshell 7\;E:\NetSarang\Xftp 7\;C:\Program Files\Git\cmd;E:\apache-maven-3.6.3\bin;E:\jdk1.8.0_161\bin;C:\Users\Administrator\AppData\Local\Microsoft\WindowsApps;E:\IntelliJ IDEA\bin;;C:\Users\Administrator\AppData\Roaming\npm;E:\nodejs\node_global\;C:\Users\Administrator\.dotnet\tools;C:\Users\Administrator\AppData\Local\GitHubDesktop\bin;E:\Microsoft VS Code\bin;.]
[transaction-service][53060] 2022-07-10 18:51:15,175 INFO [main][DirectJDKLog.java:173] - Initializing Spring embedded WebApplicationContext
[transaction-service][53060] 2022-07-10 18:51:15,176 INFO [main][ServletWebServerApplicationContext.java:296] - Root WebApplicationContext: initialization completed in 10659 ms
[transaction-service][53060] 2022-07-10 18:51:15,390 WARN [main][URLConfigurationSource.java:121] - No URLs will be polled as dynamic configuration sources.
[transaction-service][53060] 2022-07-10 18:51:15,391 INFO [main][URLConfigurationSource.java:122] - To enable URLs as dynamic configuration sources, define System property archaius.configurationSource.additionalUrls or make config.properties available on classpath.
[transaction-service][53060] 2022-07-10 18:51:15,418 INFO [main][DynamicPropertyFactory.java:281] - DynamicPropertyFactory is initialized with configuration sources: com.netflix.config.ConcurrentCompositeConfiguration@2b7774d5
[transaction-service][53060] 2022-07-10 18:51:16,652 INFO [main][DruidDataSource.java:1002] - {dataSource-1} inited
[transaction-service][53060] 2022-07-10 18:51:16,870 INFO [main][DruidDataSource.java:1002] - {dataSource-2} inited
[transaction-service][53060] 2022-07-10 18:51:22,163 INFO [main][EndpointLinksResolver.java:59] - Exposing 2 endpoint(s) beneath base path '/actuator'
[transaction-service][53060] 2022-07-10 18:51:22,300 INFO [main][PropertySourcedRequestMappingHandlerMapping.java:69] - Mapped URL path [/v2/api-docs] onto method [public org.springframework.http.ResponseEntity<springfox.documentation.spring.web.json.Json> springfox.documentation.swagger2.web.Swagger2Controller.getDocumentation(java.lang.String,javax.servlet.http.HttpServletRequest)]
[transaction-service][53060] 2022-07-10 18:51:22,316 WARN [main][URLConfigurationSource.java:121] - No URLs will be polled as dynamic configuration sources.
[transaction-service][53060] 2022-07-10 18:51:22,316 INFO [main][URLConfigurationSource.java:122] - To enable URLs as dynamic configuration sources, define System property archaius.configurationSource.additionalUrls or make config.properties available on classpath.
[transaction-service][53060] 2022-07-10 18:51:22,484 INFO [main][ExecutorConfigurationSupport.java:171] - Initializing ExecutorService 'applicationTaskExecutor'
[transaction-service][53060] 2022-07-10 18:51:25,042 INFO [main][InstanceInfoFactory.java:71] - Setting initial instance status as: STARTING
[transaction-service][53060] 2022-07-10 18:51:25,133 INFO [main][DiscoveryClient.java:349] - Initializing Eureka in region us-east-1
[transaction-service][53060] 2022-07-10 18:51:26,455 INFO [main][DiscoveryJerseyProvider.java:70] - Using JSON encoding codec LegacyJacksonJson
[transaction-service][53060] 2022-07-10 18:51:26,456 INFO [main][DiscoveryJerseyProvider.java:71] - Using JSON decoding codec LegacyJacksonJson
[transaction-service][53060] 2022-07-10 18:51:26,754 INFO [main][DiscoveryJerseyProvider.java:80] - Using XML encoding codec XStreamXml
[transaction-service][53060] 2022-07-10 18:51:26,755 INFO [main][DiscoveryJerseyProvider.java:81] - Using XML decoding codec XStreamXml
[transaction-service][53060] 2022-07-10 18:51:27,077 INFO [main][ConfigClusterResolver.java:43] - Resolving eureka endpoints via configuration
[transaction-service][53060] 2022-07-10 18:51:27,921 INFO [main][DiscoveryClient.java:958] - Disable delta property : false
[transaction-service][53060] 2022-07-10 18:51:27,922 INFO [main][DiscoveryClient.java:959] - Single vip registry refresh property : null
[transaction-service][53060] 2022-07-10 18:51:27,922 INFO [main][DiscoveryClient.java:960] - Force full registry fetch : false
[transaction-service][53060] 2022-07-10 18:51:27,923 INFO [main][DiscoveryClient.java:961] - Application is null : false
[transaction-service][53060] 2022-07-10 18:51:27,923 INFO [main][DiscoveryClient.java:962] - Registered Applications size is zero : true
[transaction-service][53060] 2022-07-10 18:51:27,923 INFO [main][DiscoveryClient.java:964] - Application version is -1: true
[transaction-service][53060] 2022-07-10 18:51:27,923 INFO [main][DiscoveryClient.java:1047] - Getting all instance registry info from the eureka server
[transaction-service][53060] 2022-07-10 18:51:28,223 INFO [main][DiscoveryClient.java:1056] - The response status is 200
[transaction-service][53060] 2022-07-10 18:51:28,232 INFO [main][DiscoveryClient.java:1270] - Starting heartbeat executor: renew interval is: 30
[transaction-service][53060] 2022-07-10 18:51:28,238 INFO [main][InstanceInfoReplicator.java:60] - InstanceInfoReplicator onDemand update allowed rate per min is 4
[transaction-service][53060] 2022-07-10 18:51:28,246 INFO [main][DiscoveryClient.java:449] - Discovery Client initialized at timestamp 1657450288243 with initial instances count: 8
[transaction-service][53060] 2022-07-10 18:51:28,249 INFO [main][EurekaServiceRegistry.java:42] - Registering application TRANSACTION-SERVICE with eureka with status UP
[transaction-service][53060] 2022-07-10 18:51:28,249 INFO [main][DiscoveryClient.java:1305] - Saw local status change event StatusChangeEvent [timestamp=1657450288249, current=UP, previous=STARTING]
[transaction-service][53060] 2022-07-10 18:51:28,252 INFO [main][DocumentationPluginsBootstrapper.java:160] - Context refreshed
[transaction-service][53060] 2022-07-10 18:51:28,255 INFO [DiscoveryClient-InstanceInfoReplicator-0][DiscoveryClient.java:826] - DiscoveryClient_TRANSACTION-SERVICE/transaction-service:192.168.1.4:53060: registering service...
[transaction-service][53060] 2022-07-10 18:51:28,276 INFO [main][DocumentationPluginsBootstrapper.java:163] - Found 1 custom documentation plugin(s)
[transaction-service][53060] 2022-07-10 18:51:28,330 INFO [main][ApiListingReferenceScanner.java:41] - Scanning for api listing references
[transaction-service][53060] 2022-07-10 18:51:28,333 INFO [DiscoveryClient-InstanceInfoReplicator-0][DiscoveryClient.java:835] - DiscoveryClient_TRANSACTION-SERVICE/transaction-service:192.168.1.4:53060 - registration status: 204
[transaction-service][53060] 2022-07-10 18:51:28,511 INFO [main][CachingOperationNameGenerator.java:40] - Generating unique operation named: handleUsingGET_1
[transaction-service][53060] 2022-07-10 18:51:28,513 INFO [main][CachingOperationNameGenerator.java:40] - Generating unique operation named: handleUsingGET_2
[transaction-service][53060] 2022-07-10 18:51:28,515 INFO [main][CachingOperationNameGenerator.java:40] - Generating unique operation named: handleUsingGET_3
[transaction-service][53060] 2022-07-10 18:51:28,603 INFO [main][CachingOperationNameGenerator.java:40] - Generating unique operation named: queryProjectsUsingPOST_1
[transaction-service][53060] 2022-07-10 18:51:28,655 INFO [main][DirectJDKLog.java:173] - Starting ProtocolHandler ["http-nio-53060"]
[transaction-service][53060] 2022-07-10 18:51:28,687 INFO [main][TomcatWebServer.java:204] - Tomcat started on port(s): 53060 (http) with context path '/transaction'
[transaction-service][53060] 2022-07-10 18:51:28,688 INFO [main][EurekaAutoServiceRegistration.java:141] - Updating port to 53060
[transaction-service][53060] 2022-07-10 18:51:28,693 INFO [main][StartupInfoLogger.java:59] - Started TransactionService in 38.613 seconds (JVM running for 44.636)
[transaction-service][53060] 2022-07-10 18:51:31,114 INFO [RMI TCP Connection(3)-172.26.144.1][DirectJDKLog.java:173] - Initializing Spring DispatcherServlet 'dispatcherServlet'
[transaction-service][53060] 2022-07-10 18:51:31,115 INFO [RMI TCP Connection(3)-172.26.144.1][FrameworkServlet.java:524] - Initializing Servlet 'dispatcherServlet'
[transaction-service][53060] 2022-07-10 18:51:31,134 INFO [RMI TCP Connection(3)-172.26.144.1][FrameworkServlet.java:546] - Completed initialization in 19 ms
[transaction-service][53060] 2022-07-10 18:51:32,494 INFO [RMI TCP Connection(2)-172.26.144.1][SQLLogger.java:89] - Rule Type: sharding
[transaction-service][53060] 2022-07-10 18:51:32,494 INFO [RMI TCP Connection(2)-172.26.144.1][SQLLogger.java:89] - Logic SQL: /* ping */ SELECT 1
[transaction-service][53060] 2022-07-10 18:51:32,495 INFO [RMI TCP Connection(2)-172.26.144.1][SQLLogger.java:89] - SQLStatement: SelectStatement(super=DQLStatement(super=AbstractSQLStatement(type=DQL, tables=Tables(tables=[]), routeConditions=Conditions(orCondition=OrCondition(andConditions=[])), encryptConditions=Conditions(orCondition=OrCondition(andConditions=[])), sqlTokens=[], parametersIndex=0, logicSQL=/* ping */ SELECT 1)), containStar=false, firstSelectItemStartIndex=18, selectListStopIndex=18, groupByLastIndex=0, items=[CommonSelectItem(expression=1, alias=Optional.absent())], groupByItems=[], orderByItems=[], limit=null, subqueryStatement=null, subqueryStatements=[], subqueryConditions=[])
[transaction-service][53060] 2022-07-10 18:51:32,496 INFO [RMI TCP Connection(2)-172.26.144.1][SQLLogger.java:89] - Actual SQL: ds0 ::: /* ping */ SELECT 1
[transaction-service][53060] 2022-07-10 18:55:59,343 WARN [Apollo-RemoteConfigRepository-1][RemoteConfigRepository.java:194] - Load config failed, will retry in 1 SECONDS. appId: transaction-service, cluster: DEFAULT, namespaces: micro_service.spring-cloud-feign
[transaction-service][53060] 2022-07-10 18:56:00,359 WARN [Apollo-RemoteConfigRepository-1][AbstractConfigRepository.java:26] - Sync config failed, will retry. Repository class com.ctrip.framework.apollo.internals.RemoteConfigRepository, reason: Load Apollo Config failed - appId: transaction-service, cluster: DEFAULT, namespace: micro_service.spring-cloud-feign, url: http://192.168.1.4:8080/configs/transaction-service/DEFAULT/micro_service.spring-cloud-feign?ip=172.26.144.1&messages=%7B%22details%22%3A%7B%22transaction-service%2Bdefault%2Bmicro_service.spring-cloud-feign%22%3A285%2C%22common-template%2Bdefault%2Bmicro_service.spring-cloud-feign%22%3A403%7D%7D [Cause: [status code: 404] Could not find config for namespace - appId: transaction-service, cluster: DEFAULT, namespace: micro_service.spring-cloud-feign, please check whether the configs are released in Apollo!]
[transaction-service][53060] 2022-07-10 18:56:27,935 INFO [AsyncResolver-bootstrap-executor-0][ConfigClusterResolver.java:43] - Resolving eureka endpoints via configuration
[transaction-service][53060] 2022-07-10 18:57:15,248 WARN [http-nio-53060-exec-1][DefaultConfig.java:95] - Could not load config for namespace micro_service.spring-cloud-feign from Apollo, please check whether the configs are released in Apollo! Return default value now!
[transaction-service][53060] 2022-07-10 18:57:15,549 INFO [http-nio-53060-exec-1][ChainedDynamicProperty.java:115] - Flipping property: consumer-service.ribbon.ActiveConnectionsLimit to use NEXT property: niws.loadbalancer.availabilityFilteringRule.activeConnectionsLimit = 2147483647
[transaction-service][53060] 2022-07-10 18:57:15,581 INFO [http-nio-53060-exec-1][ShutdownEnabledTimer.java:58] - Shutdown hook installed for: NFLoadBalancer-PingTimer-consumer-service
[transaction-service][53060] 2022-07-10 18:57:15,583 INFO [http-nio-53060-exec-1][BaseLoadBalancer.java:197] - Client: consumer-service instantiated a LoadBalancer: DynamicServerListLoadBalancer:{NFLoadBalancer:name=consumer-service,current list of Servers=[],Load balancer stats=Zone stats: {},Server stats: []}ServerList:null
[transaction-service][53060] 2022-07-10 18:57:15,593 INFO [http-nio-53060-exec-1][DynamicServerListLoadBalancer.java:222] - Using serverListUpdater PollingServerListUpdater
[transaction-service][53060] 2022-07-10 18:57:15,619 INFO [http-nio-53060-exec-1][ChainedDynamicProperty.java:115] - Flipping property: consumer-service.ribbon.ActiveConnectionsLimit to use NEXT property: niws.loadbalancer.availabilityFilteringRule.activeConnectionsLimit = 2147483647
[transaction-service][53060] 2022-07-10 18:57:15,623 INFO [http-nio-53060-exec-1][DynamicServerListLoadBalancer.java:150] - DynamicServerListLoadBalancer for client consumer-service initialized: DynamicServerListLoadBalancer:{NFLoadBalancer:name=consumer-service,current list of Servers=[192.168.1.4:53050],Load balancer stats=Zone stats: {defaultzone=[Zone:defaultzone;	Instance count:1;	Active connections count: 0;	Circuit breaker tripped count: 0;	Active connections per server: 0.0;]
},Server stats: [[Server:192.168.1.4:53050;	Zone:defaultZone;	Total Requests:0;	Successive connection failure:0;	Total blackout seconds:0;	Last connection made:Thu Jan 01 08:00:00 CST 1970;	First connection made: Thu Jan 01 08:00:00 CST 1970;	Active Connections:0;	total failure count in last (1000) msecs:0;	average resp time:0.0;	90 percentile resp time:0.0;	95 percentile resp time:0.0;	min resp time:0.0;	max resp time:0.0;	stddev resp time:0.0]
]}ServerList:org.springframework.cloud.netflix.ribbon.eureka.DomainExtractingServerList@496c349e
[transaction-service][53060] 2022-07-10 18:57:16,038 DEBUG [http-nio-53060-exec-1][BaseJdbcLogger.java:159] - ==>  Preparing: SELECT ID,CONSUMER_ID,USER_NO,PROJECT_NO,NAME,DESCRIPTION,TYPE,PERIOD,ANNUAL_RATE,BORROWER_ANNUAL_RATE,COMMISSION_ANNUAL_RATE,REPAYMENT_WAY,AMOUNT,PROJECT_STATUS,CREATE_DATE,STATUS,IS_ASSIGNMENT,REQUEST_NO,MODIFY_DATE FROM project WHERE ID=? 
[transaction-service][53060] 2022-07-10 18:57:16,077 DEBUG [http-nio-53060-exec-1][BaseJdbcLogger.java:159] - ==> Parameters: 1545794458589818882(Long)
[transaction-service][53060] 2022-07-10 18:57:16,283 INFO [http-nio-53060-exec-1][SQLLogger.java:89] - Rule Type: sharding
[transaction-service][53060] 2022-07-10 18:57:16,284 INFO [http-nio-53060-exec-1][SQLLogger.java:89] - Logic SQL: SELECT ID,CONSUMER_ID,USER_NO,PROJECT_NO,NAME,DESCRIPTION,TYPE,PERIOD,ANNUAL_RATE,BORROWER_ANNUAL_RATE,COMMISSION_ANNUAL_RATE,REPAYMENT_WAY,AMOUNT,PROJECT_STATUS,CREATE_DATE,STATUS,IS_ASSIGNMENT,REQUEST_NO,MODIFY_DATE FROM project WHERE ID=?
[transaction-service][53060] 2022-07-10 18:57:16,284 INFO [http-nio-53060-exec-1][SQLLogger.java:89] - SQLStatement: SelectStatement(super=DQLStatement(super=AbstractSQLStatement(type=DQL, tables=Tables(tables=[Table(name=project, alias=Optional.absent())]), routeConditions=Conditions(orCondition=OrCondition(andConditions=[AndCondition(conditions=[Condition(column=Column(name=ID, tableName=project), operator=EQUAL, compareOperator==, positionValueMap={}, positionIndexMap={0=0})])])), encryptConditions=Conditions(orCondition=OrCondition(andConditions=[])), sqlTokens=[TableToken(tableName=project, quoteCharacter=NONE, schemaNameLength=0)], parametersIndex=1, logicSQL=SELECT ID,CONSUMER_ID,USER_NO,PROJECT_NO,NAME,DESCRIPTION,TYPE,PERIOD,ANNUAL_RATE,BORROWER_ANNUAL_RATE,COMMISSION_ANNUAL_RATE,REPAYMENT_WAY,AMOUNT,PROJECT_STATUS,CREATE_DATE,STATUS,IS_ASSIGNMENT,REQUEST_NO,MODIFY_DATE FROM project WHERE ID=?)), containStar=false, firstSelectItemStartIndex=7, selectListStopIndex=216, groupByLastIndex=0, items=[CommonSelectItem(expression=ID, alias=Optional.absent()), CommonSelectItem(expression=CONSUMER_ID, alias=Optional.absent()), CommonSelectItem(expression=USER_NO, alias=Optional.absent()), CommonSelectItem(expression=PROJECT_NO, alias=Optional.absent()), CommonSelectItem(expression=NAME, alias=Optional.absent()), CommonSelectItem(expression=DESCRIPTION, alias=Optional.absent()), CommonSelectItem(expression=TYPE, alias=Optional.absent()), CommonSelectItem(expression=PERIOD, alias=Optional.absent()), CommonSelectItem(expression=ANNUAL_RATE, alias=Optional.absent()), CommonSelectItem(expression=BORROWER_ANNUAL_RATE, alias=Optional.absent()), CommonSelectItem(expression=COMMISSION_ANNUAL_RATE, alias=Optional.absent()), CommonSelectItem(expression=REPAYMENT_WAY, alias=Optional.absent()), CommonSelectItem(expression=AMOUNT, alias=Optional.absent()), CommonSelectItem(expression=PROJECT_STATUS, alias=Optional.absent()), CommonSelectItem(expression=CREATE_DATE, alias=Optional.absent()), CommonSelectItem(expression=STATUS, alias=Optional.absent()), CommonSelectItem(expression=IS_ASSIGNMENT, alias=Optional.absent()), CommonSelectItem(expression=REQUEST_NO, alias=Optional.absent()), CommonSelectItem(expression=MODIFY_DATE, alias=Optional.absent())], groupByItems=[], orderByItems=[], limit=null, subqueryStatement=null, subqueryStatements=[], subqueryConditions=[])
[transaction-service][53060] 2022-07-10 18:57:16,285 INFO [http-nio-53060-exec-1][SQLLogger.java:89] - Actual SQL: ds0 ::: SELECT ID,CONSUMER_ID,USER_NO,PROJECT_NO,NAME,DESCRIPTION,TYPE,PERIOD,ANNUAL_RATE,BORROWER_ANNUAL_RATE,COMMISSION_ANNUAL_RATE,REPAYMENT_WAY,AMOUNT,PROJECT_STATUS,CREATE_DATE,STATUS,IS_ASSIGNMENT,REQUEST_NO,MODIFY_DATE FROM project_0 WHERE ID=? ::: [1545794458589818882]
[transaction-service][53060] 2022-07-10 18:57:16,286 INFO [http-nio-53060-exec-1][SQLLogger.java:89] - Actual SQL: ds1 ::: SELECT ID,CONSUMER_ID,USER_NO,PROJECT_NO,NAME,DESCRIPTION,TYPE,PERIOD,ANNUAL_RATE,BORROWER_ANNUAL_RATE,COMMISSION_ANNUAL_RATE,REPAYMENT_WAY,AMOUNT,PROJECT_STATUS,CREATE_DATE,STATUS,IS_ASSIGNMENT,REQUEST_NO,MODIFY_DATE FROM project_0 WHERE ID=? ::: [1545794458589818882]
[transaction-service][53060] 2022-07-10 18:57:16,355 DEBUG [http-nio-53060-exec-1][BaseJdbcLogger.java:159] - <==      Total: 1
[transaction-service][53060] 2022-07-10 18:57:16,363 DEBUG [http-nio-53060-exec-1][BaseJdbcLogger.java:159] - ==>  Preparing: SELECT IFNULL(SUM(AMOUNT), 0.0) FROM tender WHERE PROJECT_ID = ? AND STATUS = 1 
[transaction-service][53060] 2022-07-10 18:57:16,367 DEBUG [http-nio-53060-exec-1][BaseJdbcLogger.java:159] - ==> Parameters: 1545794458589818882(Long)
[transaction-service][53060] 2022-07-10 18:57:16,420 INFO [http-nio-53060-exec-1][SQLLogger.java:89] - Rule Type: sharding
[transaction-service][53060] 2022-07-10 18:57:16,421 INFO [http-nio-53060-exec-1][SQLLogger.java:89] - Logic SQL: SELECT IFNULL(SUM(AMOUNT), 0.0) FROM tender WHERE PROJECT_ID = ? AND STATUS = 1
[transaction-service][53060] 2022-07-10 18:57:16,422 INFO [http-nio-53060-exec-1][SQLLogger.java:89] - SQLStatement: SelectStatement(super=DQLStatement(super=AbstractSQLStatement(type=DQL, tables=Tables(tables=[Table(name=tender, alias=Optional.absent())]), routeConditions=Conditions(orCondition=OrCondition(andConditions=[AndCondition(conditions=[Condition(column=Column(name=PROJECT_ID, tableName=tender), operator=EQUAL, compareOperator==, positionValueMap={}, positionIndexMap={0=0})])])), encryptConditions=Conditions(orCondition=OrCondition(andConditions=[])), sqlTokens=[TableToken(tableName=tender, quoteCharacter=NONE, schemaNameLength=0)], parametersIndex=1, logicSQL=SELECT IFNULL(SUM(AMOUNT), 0.0) FROM tender WHERE PROJECT_ID = ? AND STATUS = 1)), containStar=false, firstSelectItemStartIndex=7, selectListStopIndex=30, groupByLastIndex=0, items=[CommonSelectItem(expression=IFNULL(SUM(AMOUNT),0.0), alias=Optional.absent())], groupByItems=[], orderByItems=[], limit=null, subqueryStatement=null, subqueryStatements=[], subqueryConditions=[])
[transaction-service][53060] 2022-07-10 18:57:16,422 INFO [http-nio-53060-exec-1][SQLLogger.java:89] - Actual SQL: ds0 ::: SELECT IFNULL(SUM(AMOUNT), 0.0) FROM tender_0 WHERE PROJECT_ID = ? AND STATUS = 1 ::: [1545794458589818882]
[transaction-service][53060] 2022-07-10 18:57:16,423 INFO [http-nio-53060-exec-1][SQLLogger.java:89] - Actual SQL: ds1 ::: SELECT IFNULL(SUM(AMOUNT), 0.0) FROM tender_0 WHERE PROJECT_ID = ? AND STATUS = 1 ::: [1545794458589818882]
[transaction-service][53060] 2022-07-10 18:57:16,429 DEBUG [http-nio-53060-exec-1][BaseJdbcLogger.java:159] - <==      Total: 2
[transaction-service][53060] 2022-07-10 18:57:16,605 INFO [PollingServerListUpdater-0][ChainedDynamicProperty.java:115] - Flipping property: consumer-service.ribbon.ActiveConnectionsLimit to use NEXT property: niws.loadbalancer.availabilityFilteringRule.activeConnectionsLimit = 2147483647
[transaction-service][53060] 2022-07-10 18:57:17,403 DEBUG [http-nio-53060-exec-1][BaseJdbcLogger.java:159] - ==>  Preparing: INSERT INTO tender ( ID, CONSUMER_ID, CONSUMER_USERNAME, USER_NO, PROJECT_ID, PROJECT_NO, AMOUNT, TENDER_STATUS, CREATE_DATE, REQUEST_NO, STATUS, PROJECT_PERIOD, PROJECT_ANNUAL_RATE ) VALUES ( ?, ?, ?, ?, ?, ?, ?, ?, ?, ?, ?, ?, ? ) 
[transaction-service][53060] 2022-07-10 18:57:17,408 DEBUG [http-nio-53060-exec-1][BaseJdbcLogger.java:159] - ==> Parameters: 1546086148689002497(Long), 1003(Long), 15378791983(String), USR_3525C3F56E36416B9FA7696619E2F02Y(String), 1545794458589818882(Long), 令狐泽银先生第1次借款(String), 1500(BigDecimal), FROZEN(String), 2022-07-10 18:57:16.433(Timestamp), REQ_BB6E2ECC10DB4EB98DC9E8D8B966102D(String), 0(Integer), 360(Integer), 0.00(BigDecimal)
[transaction-service][53060] 2022-07-10 18:57:17,451 INFO [http-nio-53060-exec-1][SQLLogger.java:89] - Rule Type: sharding
[transaction-service][53060] 2022-07-10 18:57:17,452 INFO [http-nio-53060-exec-1][SQLLogger.java:89] - Logic SQL: INSERT INTO tender  ( ID,
CONSUMER_ID,
CONSUMER_USERNAME,
USER_NO,
PROJECT_ID,
PROJECT_NO,
AMOUNT,
TENDER_STATUS,
CREATE_DATE,
REQUEST_NO,
STATUS,

PROJECT_PERIOD,
PROJECT_ANNUAL_RATE )  VALUES  ( ?,
?,
?,
?,
?,
?,
?,
?,
?,
?,
?,

?,
? )
[transaction-service][53060] 2022-07-10 18:57:17,452 INFO [http-nio-53060-exec-1][SQLLogger.java:89] - SQLStatement: InsertStatement(super=DMLStatement(super=AbstractSQLStatement(type=DML, tables=Tables(tables=[Table(name=tender, alias=Optional.absent())]), routeConditions=Conditions(orCondition=OrCondition(andConditions=[AndCondition(conditions=[Condition(column=Column(name=CONSUMER_ID, tableName=tender), operator=EQUAL, compareOperator=null, positionValueMap={}, positionIndexMap={0=1}), Condition(column=Column(name=PROJECT_ID, tableName=tender), operator=EQUAL, compareOperator=null, positionValueMap={}, positionIndexMap={0=4})])])), encryptConditions=Conditions(orCondition=OrCondition(andConditions=[])), sqlTokens=[TableToken(tableName=tender, quoteCharacter=NONE, schemaNameLength=0), SQLToken(startIndex=20)], parametersIndex=13, logicSQL=INSERT INTO tender  ( ID,
CONSUMER_ID,
CONSUMER_USERNAME,
USER_NO,
PROJECT_ID,
PROJECT_NO,
AMOUNT,
TENDER_STATUS,
CREATE_DATE,
REQUEST_NO,
STATUS,

PROJECT_PERIOD,
PROJECT_ANNUAL_RATE )  VALUES  ( ?,
?,
?,
?,
?,
?,
?,
?,
?,
?,
?,

?,
? )), deleteStatement=false, updateTableAlias={}, updateColumnValues={}, whereStartIndex=0, whereStopIndex=0, whereParameterStartIndex=0, whereParameterEndIndex=0), columnNames=[ID, CONSUMER_ID, CONSUMER_USERNAME, USER_NO, PROJECT_ID, PROJECT_NO, AMOUNT, TENDER_STATUS, CREATE_DATE, REQUEST_NO, STATUS, PROJECT_PERIOD, PROJECT_ANNUAL_RATE], values=[InsertValue(columnValues=[org.apache.shardingsphere.core.parse.old.parser.expression.SQLPlaceholderExpression@2db118a, org.apache.shardingsphere.core.parse.old.parser.expression.SQLPlaceholderExpression@1ea77391, org.apache.shardingsphere.core.parse.old.parser.expression.SQLPlaceholderExpression@425f6bcc, org.apache.shardingsphere.core.parse.old.parser.expression.SQLPlaceholderExpression@62c464df, org.apache.shardingsphere.core.parse.old.parser.expression.SQLPlaceholderExpression@38497e4c, org.apache.shardingsphere.core.parse.old.parser.expression.SQLPlaceholderExpression@1d57a92f, org.apache.shardingsphere.core.parse.old.parser.expression.SQLPlaceholderExpression@246fb042, org.apache.shardingsphere.core.parse.old.parser.expression.SQLPlaceholderExpression@65ccda8c, org.apache.shardingsphere.core.parse.old.parser.expression.SQLPlaceholderExpression@16846367, org.apache.shardingsphere.core.parse.old.parser.expression.SQLPlaceholderExpression@36baae49, org.apache.shardingsphere.core.parse.old.parser.expression.SQLPlaceholderExpression@6f8ee57c, org.apache.shardingsphere.core.parse.old.parser.expression.SQLPlaceholderExpression@6c155abb, org.apache.shardingsphere.core.parse.old.parser.expression.SQLPlaceholderExpression@59bf9305])])
[transaction-service][53060] 2022-07-10 18:57:17,453 INFO [http-nio-53060-exec-1][SQLLogger.java:89] - Actual SQL: ds1 ::: INSERT INTO tender_0   (ID, CONSUMER_ID, CONSUMER_USERNAME, USER_NO, PROJECT_ID, PROJECT_NO, AMOUNT, TENDER_STATUS, CREATE_DATE, REQUEST_NO, STATUS, PROJECT_PERIOD, PROJECT_ANNUAL_RATE) VALUES (?, ?, ?, ?, ?, ?, ?, ?, ?, ?, ?, ?, ?) ::: [1546086148689002497, 1003, 15378791983, USR_3525C3F56E36416B9FA7696619E2F02Y, 1545794458589818882, 令狐泽银先生第1次借款, 1500, FROZEN, 2022-07-10T18:57:16.433+0800, REQ_BB6E2ECC10DB4EB98DC9E8D8B966102D, 0, 360, 0.00]
[transaction-service][53060] 2022-07-10 18:57:17,516 DEBUG [http-nio-53060-exec-1][BaseJdbcLogger.java:159] - <==    Updates: 1
[transaction-service][53060] 2022-07-10 18:57:17,590 INFO [http-nio-53060-exec-1][ChainedDynamicProperty.java:115] - Flipping property: depository-agent-service.ribbon.ActiveConnectionsLimit to use NEXT property: niws.loadbalancer.availabilityFilteringRule.activeConnectionsLimit = 2147483647
[transaction-service][53060] 2022-07-10 18:57:17,592 INFO [http-nio-53060-exec-1][ShutdownEnabledTimer.java:58] - Shutdown hook installed for: NFLoadBalancer-PingTimer-depository-agent-service
[transaction-service][53060] 2022-07-10 18:57:17,593 INFO [http-nio-53060-exec-1][BaseLoadBalancer.java:197] - Client: depository-agent-service instantiated a LoadBalancer: DynamicServerListLoadBalancer:{NFLoadBalancer:name=depository-agent-service,current list of Servers=[],Load balancer stats=Zone stats: {},Server stats: []}ServerList:null
[transaction-service][53060] 2022-07-10 18:57:17,595 INFO [http-nio-53060-exec-1][DynamicServerListLoadBalancer.java:222] - Using serverListUpdater PollingServerListUpdater
[transaction-service][53060] 2022-07-10 18:57:17,598 INFO [http-nio-53060-exec-1][ChainedDynamicProperty.java:115] - Flipping property: depository-agent-service.ribbon.ActiveConnectionsLimit to use NEXT property: niws.loadbalancer.availabilityFilteringRule.activeConnectionsLimit = 2147483647
[transaction-service][53060] 2022-07-10 18:57:17,599 INFO [http-nio-53060-exec-1][DynamicServerListLoadBalancer.java:150] - DynamicServerListLoadBalancer for client depository-agent-service initialized: DynamicServerListLoadBalancer:{NFLoadBalancer:name=depository-agent-service,current list of Servers=[192.168.1.4:53070],Load balancer stats=Zone stats: {defaultzone=[Zone:defaultzone;	Instance count:1;	Active connections count: 0;	Circuit breaker tripped count: 0;	Active connections per server: 0.0;]
},Server stats: [[Server:192.168.1.4:53070;	Zone:defaultZone;	Total Requests:0;	Successive connection failure:0;	Total blackout seconds:0;	Last connection made:Thu Jan 01 08:00:00 CST 1970;	First connection made: Thu Jan 01 08:00:00 CST 1970;	Active Connections:0;	total failure count in last (1000) msecs:0;	average resp time:0.0;	90 percentile resp time:0.0;	95 percentile resp time:0.0;	min resp time:0.0;	max resp time:0.0;	stddev resp time:0.0]
]}ServerList:org.springframework.cloud.netflix.ribbon.eureka.DomainExtractingServerList@45f838d8
[transaction-service][53060] 2022-07-10 18:57:18,106 DEBUG [http-nio-53060-exec-1][BaseJdbcLogger.java:159] - ==>  Preparing: UPDATE tender SET CONSUMER_ID=?, CONSUMER_USERNAME=?, USER_NO=?, PROJECT_ID=?, PROJECT_NO=?, AMOUNT=?, TENDER_STATUS=?, CREATE_DATE=?, REQUEST_NO=?, STATUS=?, PROJECT_PERIOD=?, PROJECT_ANNUAL_RATE=? WHERE ID=? 
[transaction-service][53060] 2022-07-10 18:57:18,110 DEBUG [http-nio-53060-exec-1][BaseJdbcLogger.java:159] - ==> Parameters: 1003(Long), 15378791983(String), USR_3525C3F56E36416B9FA7696619E2F02Y(String), 1545794458589818882(Long), 令狐泽银先生第1次借款(String), 1500(BigDecimal), FROZEN(String), 2022-07-10 18:57:16.433(Timestamp), REQ_BB6E2ECC10DB4EB98DC9E8D8B966102D(String), 1(Integer), 360(Integer), 0.00(BigDecimal), 1546086148689002497(Long)
[transaction-service][53060] 2022-07-10 18:57:18,119 INFO [http-nio-53060-exec-1][SQLLogger.java:89] - Rule Type: sharding
[transaction-service][53060] 2022-07-10 18:57:18,120 INFO [http-nio-53060-exec-1][SQLLogger.java:89] - Logic SQL: UPDATE tender  SET CONSUMER_ID=?,
CONSUMER_USERNAME=?,
USER_NO=?,
PROJECT_ID=?,
PROJECT_NO=?,
AMOUNT=?,
TENDER_STATUS=?,
CREATE_DATE=?,
REQUEST_NO=?,
STATUS=?,

PROJECT_PERIOD=?,
PROJECT_ANNUAL_RATE=?  WHERE ID=?
[transaction-service][53060] 2022-07-10 18:57:18,120 INFO [http-nio-53060-exec-1][SQLLogger.java:89] - SQLStatement: DMLStatement(super=AbstractSQLStatement(type=DML, tables=Tables(tables=[Table(name=tender, alias=Optional.absent())]), routeConditions=Conditions(orCondition=OrCondition(andConditions=[])), encryptConditions=Conditions(orCondition=OrCondition(andConditions=[])), sqlTokens=[TableToken(tableName=tender, quoteCharacter=NONE, schemaNameLength=0)], parametersIndex=13, logicSQL=UPDATE tender  SET CONSUMER_ID=?,
CONSUMER_USERNAME=?,
USER_NO=?,
PROJECT_ID=?,
PROJECT_NO=?,
AMOUNT=?,
TENDER_STATUS=?,
CREATE_DATE=?,
REQUEST_NO=?,
STATUS=?,

PROJECT_PERIOD=?,
PROJECT_ANNUAL_RATE=?  WHERE ID=?), deleteStatement=false, updateTableAlias={tender=tender}, updateColumnValues={Column(name=CONSUMER_ID, tableName=tender)=org.apache.shardingsphere.core.parse.old.parser.expression.SQLPlaceholderExpression@21c91133, Column(name=CONSUMER_USERNAME, tableName=tender)=org.apache.shardingsphere.core.parse.old.parser.expression.SQLPlaceholderExpression@57281935, Column(name=USER_NO, tableName=tender)=org.apache.shardingsphere.core.parse.old.parser.expression.SQLPlaceholderExpression@3044b0d8, Column(name=PROJECT_ID, tableName=tender)=org.apache.shardingsphere.core.parse.old.parser.expression.SQLPlaceholderExpression@2b1bbc87, Column(name=PROJECT_NO, tableName=tender)=org.apache.shardingsphere.core.parse.old.parser.expression.SQLPlaceholderExpression@42b2605e, Column(name=AMOUNT, tableName=tender)=org.apache.shardingsphere.core.parse.old.parser.expression.SQLPlaceholderExpression@5544388c, Column(name=TENDER_STATUS, tableName=tender)=org.apache.shardingsphere.core.parse.old.parser.expression.SQLPlaceholderExpression@4013808c, Column(name=CREATE_DATE, tableName=tender)=org.apache.shardingsphere.core.parse.old.parser.expression.SQLPlaceholderExpression@369ae38d, Column(name=REQUEST_NO, tableName=tender)=org.apache.shardingsphere.core.parse.old.parser.expression.SQLPlaceholderExpression@67fbd590, Column(name=STATUS, tableName=tender)=org.apache.shardingsphere.core.parse.old.parser.expression.SQLPlaceholderExpression@130f01bb, Column(name=PROJECT_PERIOD, tableName=tender)=org.apache.shardingsphere.core.parse.old.parser.expression.SQLPlaceholderExpression@4f44f4b6, Column(name=PROJECT_ANNUAL_RATE, tableName=tender)=org.apache.shardingsphere.core.parse.old.parser.expression.SQLPlaceholderExpression@2ea3f058}, whereStartIndex=202, whereStopIndex=211, whereParameterStartIndex=12, whereParameterEndIndex=12)
[transaction-service][53060] 2022-07-10 18:57:18,121 INFO [http-nio-53060-exec-1][SQLLogger.java:89] - Actual SQL: ds0 ::: UPDATE tender_0  SET CONSUMER_ID=?,
CONSUMER_USERNAME=?,
USER_NO=?,
PROJECT_ID=?,
PROJECT_NO=?,
AMOUNT=?,
TENDER_STATUS=?,
CREATE_DATE=?,
REQUEST_NO=?,
STATUS=?,

PROJECT_PERIOD=?,
PROJECT_ANNUAL_RATE=?  WHERE ID=? ::: [1003, 15378791983, USR_3525C3F56E36416B9FA7696619E2F02Y, 1545794458589818882, 令狐泽银先生第1次借款, 1500, FROZEN, 2022-07-10T18:57:16.433+0800, REQ_BB6E2ECC10DB4EB98DC9E8D8B966102D, 1, 360, 0.00, 1546086148689002497]
[transaction-service][53060] 2022-07-10 18:57:18,121 INFO [http-nio-53060-exec-1][SQLLogger.java:89] - Actual SQL: ds0 ::: UPDATE tender_1  SET CONSUMER_ID=?,
CONSUMER_USERNAME=?,
USER_NO=?,
PROJECT_ID=?,
PROJECT_NO=?,
AMOUNT=?,
TENDER_STATUS=?,
CREATE_DATE=?,
REQUEST_NO=?,
STATUS=?,

PROJECT_PERIOD=?,
PROJECT_ANNUAL_RATE=?  WHERE ID=? ::: [1003, 15378791983, USR_3525C3F56E36416B9FA7696619E2F02Y, 1545794458589818882, 令狐泽银先生第1次借款, 1500, FROZEN, 2022-07-10T18:57:16.433+0800, REQ_BB6E2ECC10DB4EB98DC9E8D8B966102D, 1, 360, 0.00, 1546086148689002497]
[transaction-service][53060] 2022-07-10 18:57:18,122 INFO [http-nio-53060-exec-1][SQLLogger.java:89] - Actual SQL: ds1 ::: UPDATE tender_0  SET CONSUMER_ID=?,
CONSUMER_USERNAME=?,
USER_NO=?,
PROJECT_ID=?,
PROJECT_NO=?,
AMOUNT=?,
TENDER_STATUS=?,
CREATE_DATE=?,
REQUEST_NO=?,
STATUS=?,

PROJECT_PERIOD=?,
PROJECT_ANNUAL_RATE=?  WHERE ID=? ::: [1003, 15378791983, USR_3525C3F56E36416B9FA7696619E2F02Y, 1545794458589818882, 令狐泽银先生第1次借款, 1500, FROZEN, 2022-07-10T18:57:16.433+0800, REQ_BB6E2ECC10DB4EB98DC9E8D8B966102D, 1, 360, 0.00, 1546086148689002497]
[transaction-service][53060] 2022-07-10 18:57:18,122 INFO [http-nio-53060-exec-1][SQLLogger.java:89] - Actual SQL: ds1 ::: UPDATE tender_1  SET CONSUMER_ID=?,
CONSUMER_USERNAME=?,
USER_NO=?,
PROJECT_ID=?,
PROJECT_NO=?,
AMOUNT=?,
TENDER_STATUS=?,
CREATE_DATE=?,
REQUEST_NO=?,
STATUS=?,

PROJECT_PERIOD=?,
PROJECT_ANNUAL_RATE=?  WHERE ID=? ::: [1003, 15378791983, USR_3525C3F56E36416B9FA7696619E2F02Y, 1545794458589818882, 令狐泽银先生第1次借款, 1500, FROZEN, 2022-07-10T18:57:16.433+0800, REQ_BB6E2ECC10DB4EB98DC9E8D8B966102D, 1, 360, 0.00, 1546086148689002497]
[transaction-service][53060] 2022-07-10 18:57:18,147 DEBUG [http-nio-53060-exec-1][BaseJdbcLogger.java:159] - <==    Updates: 1
[transaction-service][53060] 2022-07-10 18:57:18,150 DEBUG [http-nio-53060-exec-1][BaseJdbcLogger.java:159] - ==>  Preparing: SELECT IFNULL(SUM(AMOUNT), 0.0) FROM tender WHERE PROJECT_ID = ? AND STATUS = 1 
[transaction-service][53060] 2022-07-10 18:57:18,154 DEBUG [http-nio-53060-exec-1][BaseJdbcLogger.java:159] - ==> Parameters: 1545794458589818882(Long)
[transaction-service][53060] 2022-07-10 18:57:18,155 INFO [http-nio-53060-exec-1][SQLLogger.java:89] - Rule Type: sharding
[transaction-service][53060] 2022-07-10 18:57:18,156 INFO [http-nio-53060-exec-1][SQLLogger.java:89] - Logic SQL: SELECT IFNULL(SUM(AMOUNT), 0.0) FROM tender WHERE PROJECT_ID = ? AND STATUS = 1
[transaction-service][53060] 2022-07-10 18:57:18,156 INFO [http-nio-53060-exec-1][SQLLogger.java:89] - SQLStatement: SelectStatement(super=DQLStatement(super=AbstractSQLStatement(type=DQL, tables=Tables(tables=[Table(name=tender, alias=Optional.absent())]), routeConditions=Conditions(orCondition=OrCondition(andConditions=[AndCondition(conditions=[Condition(column=Column(name=PROJECT_ID, tableName=tender), operator=EQUAL, compareOperator==, positionValueMap={}, positionIndexMap={0=0})])])), encryptConditions=Conditions(orCondition=OrCondition(andConditions=[])), sqlTokens=[TableToken(tableName=tender, quoteCharacter=NONE, schemaNameLength=0)], parametersIndex=1, logicSQL=SELECT IFNULL(SUM(AMOUNT), 0.0) FROM tender WHERE PROJECT_ID = ? AND STATUS = 1)), containStar=false, firstSelectItemStartIndex=7, selectListStopIndex=30, groupByLastIndex=0, items=[CommonSelectItem(expression=IFNULL(SUM(AMOUNT),0.0), alias=Optional.absent())], groupByItems=[], orderByItems=[], limit=null, subqueryStatement=null, subqueryStatements=[], subqueryConditions=[])
[transaction-service][53060] 2022-07-10 18:57:18,156 INFO [http-nio-53060-exec-1][SQLLogger.java:89] - Actual SQL: ds0 ::: SELECT IFNULL(SUM(AMOUNT), 0.0) FROM tender_0 WHERE PROJECT_ID = ? AND STATUS = 1 ::: [1545794458589818882]
[transaction-service][53060] 2022-07-10 18:57:18,157 INFO [http-nio-53060-exec-1][SQLLogger.java:89] - Actual SQL: ds1 ::: SELECT IFNULL(SUM(AMOUNT), 0.0) FROM tender_0 WHERE PROJECT_ID = ? AND STATUS = 1 ::: [1545794458589818882]
[transaction-service][53060] 2022-07-10 18:57:18,160 DEBUG [http-nio-53060-exec-1][BaseJdbcLogger.java:159] - <==      Total: 2
[transaction-service][53060] 2022-07-10 18:57:18,223 ERROR [http-nio-53060-exec-1][GlobalExceptionHandler.java:42] - 系统异常:/ by zero
[transaction-service][53060] 2022-07-10 18:57:18,603 INFO [PollingServerListUpdater-0][ChainedDynamicProperty.java:115] - Flipping property: depository-agent-service.ribbon.ActiveConnectionsLimit to use NEXT property: niws.loadbalancer.availabilityFilteringRule.activeConnectionsLimit = 2147483647
