[transaction-service][53060] 2022-07-10 17:46:11,011 INFO [main][DefaultApplicationProvider.java:85] - App ID is set to transaction-service by app.id property from System Property
[transaction-service][53060] 2022-07-10 17:46:11,021 INFO [main][DefaultServerProvider.java:108] - Environment is set to [dev] by JVM system property 'env'.
[transaction-service][53060] 2022-07-10 17:46:11,100 WARN [main][DefaultMetaServerProvider.java:39] - Could not find meta server address, because it is not available in neither (1) JVM system property 'apollo.meta', (2) OS env variable 'APOLLO_META' (3) property 'apollo.meta' from server.properties nor (4) property 'apollo.meta' from app.properties
[transaction-service][53060] 2022-07-10 17:46:11,110 INFO [main][MetaDomainConsts.java:93] - Located meta server address http://localhost:8080 for env DEV from com.ctrip.framework.apollo.core.internals.LegacyMetaServerProvider
[transaction-service][53060] 2022-07-10 17:46:13,111 WARN [main][RemoteConfigRepository.java:194] - Load config failed, will retry in 1 SECONDS. appId: transaction-service, cluster: DEFAULT, namespaces: micro_service.spring-cloud-feign
[transaction-service][53060] 2022-07-10 17:46:14,134 WARN [main][AbstractConfigRepository.java:26] - Sync config failed, will retry. Repository class com.ctrip.framework.apollo.internals.RemoteConfigRepository, reason: Load Apollo Config failed - appId: transaction-service, cluster: DEFAULT, namespace: micro_service.spring-cloud-feign, url: http://192.168.1.4:8080/configs/transaction-service/DEFAULT/micro_service.spring-cloud-feign?ip=172.26.144.1 [Cause: [status code: 404] Could not find config for namespace - appId: transaction-service, cluster: DEFAULT, namespace: micro_service.spring-cloud-feign, please check whether the configs are released in Apollo!]
[transaction-service][53060] 2022-07-10 17:46:14,143 WARN [main][RemoteConfigRepository.java:194] - Load config failed, will retry in 1 SECONDS. appId: transaction-service, cluster: DEFAULT, namespaces: micro_service.spring-cloud-feign
[transaction-service][53060] 2022-07-10 17:46:15,164 WARN [main][LocalFileConfigRepository.java:167] - Sync config from upstream repository class com.ctrip.framework.apollo.internals.RemoteConfigRepository failed, reason: Load Apollo Config failed - appId: transaction-service, cluster: DEFAULT, namespace: micro_service.spring-cloud-feign, url: http://192.168.1.4:8080/configs/transaction-service/DEFAULT/micro_service.spring-cloud-feign?ip=172.26.144.1&messages=%7B%22details%22%3A%7B%22transaction-service%2Bdefault%2Bmicro_service.spring-cloud-feign%22%3A285%2C%22common-template%2Bdefault%2Bmicro_service.spring-cloud-feign%22%3A403%7D%7D [Cause: [status code: 404] Could not find config for namespace - appId: transaction-service, cluster: DEFAULT, namespace: micro_service.spring-cloud-feign, please check whether the configs are released in Apollo!]
[transaction-service][53060] 2022-07-10 17:46:15,170 WARN [Apollo-RemoteConfigRepository-1][RemoteConfigRepository.java:194] - Load config failed, will retry in 1 SECONDS. appId: transaction-service, cluster: DEFAULT, namespaces: micro_service.spring-cloud-feign
[transaction-service][53060] 2022-07-10 17:46:16,189 WARN [Apollo-RemoteConfigRepository-1][RemoteConfigRepository.java:194] - Load config failed, will retry in 1 SECONDS. appId: transaction-service, cluster: DEFAULT, namespaces: micro_service.spring-cloud-feign
[transaction-service][53060] 2022-07-10 17:46:17,210 WARN [Apollo-RemoteConfigRepository-1][AbstractConfigRepository.java:26] - Sync config failed, will retry. Repository class com.ctrip.framework.apollo.internals.RemoteConfigRepository, reason: Load Apollo Config failed - appId: transaction-service, cluster: DEFAULT, namespace: micro_service.spring-cloud-feign, url: http://192.168.1.4:8080/configs/transaction-service/DEFAULT/micro_service.spring-cloud-feign?ip=172.26.144.1&messages=%7B%22details%22%3A%7B%22transaction-service%2Bdefault%2Bmicro_service.spring-cloud-feign%22%3A285%2C%22common-template%2Bdefault%2Bmicro_service.spring-cloud-feign%22%3A403%7D%7D [Cause: [status code: 404] Could not find config for namespace - appId: transaction-service, cluster: DEFAULT, namespace: micro_service.spring-cloud-feign, please check whether the configs are released in Apollo!]
[transaction-service][53060] 2022-07-10 17:46:17,218 WARN [main][RemoteConfigRepository.java:194] - Load config failed, will retry in 1 SECONDS. appId: transaction-service, cluster: DEFAULT, namespaces: micro_service.spring-cloud-feign
[transaction-service][53060] 2022-07-10 17:46:18,240 WARN [main][LocalFileConfigRepository.java:167] - Sync config from upstream repository class com.ctrip.framework.apollo.internals.RemoteConfigRepository failed, reason: Load Apollo Config failed - appId: transaction-service, cluster: DEFAULT, namespace: micro_service.spring-cloud-feign, url: http://192.168.1.4:8080/configs/transaction-service/DEFAULT/micro_service.spring-cloud-feign?ip=172.26.144.1&messages=%7B%22details%22%3A%7B%22transaction-service%2Bdefault%2Bmicro_service.spring-cloud-feign%22%3A285%2C%22common-template%2Bdefault%2Bmicro_service.spring-cloud-feign%22%3A403%7D%7D [Cause: [status code: 404] Could not find config for namespace - appId: transaction-service, cluster: DEFAULT, namespace: micro_service.spring-cloud-feign, please check whether the configs are released in Apollo!]
[transaction-service][53060] 2022-07-10 17:46:18,241 WARN [main][AbstractConfigRepository.java:26] - Sync config failed, will retry. Repository class com.ctrip.framework.apollo.internals.LocalFileConfigRepository, reason: Load config from local config failed! [Cause: Cannot read from local cache file C:\opt\data\transaction-service\config-cache\transaction-service+DEFAULT+micro_service.spring-cloud-feign.properties]
[transaction-service][53060] 2022-07-10 17:46:18,250 WARN [main][RemoteConfigRepository.java:194] - Load config failed, will retry in 1 SECONDS. appId: transaction-service, cluster: DEFAULT, namespaces: micro_service.spring-cloud-feign
[transaction-service][53060] 2022-07-10 17:46:19,263 WARN [main][LocalFileConfigRepository.java:167] - Sync config from upstream repository class com.ctrip.framework.apollo.internals.RemoteConfigRepository failed, reason: Load Apollo Config failed - appId: transaction-service, cluster: DEFAULT, namespace: micro_service.spring-cloud-feign, url: http://192.168.1.4:8080/configs/transaction-service/DEFAULT/micro_service.spring-cloud-feign?ip=172.26.144.1&messages=%7B%22details%22%3A%7B%22transaction-service%2Bdefault%2Bmicro_service.spring-cloud-feign%22%3A285%2C%22common-template%2Bdefault%2Bmicro_service.spring-cloud-feign%22%3A403%7D%7D [Cause: [status code: 404] Could not find config for namespace - appId: transaction-service, cluster: DEFAULT, namespace: micro_service.spring-cloud-feign, please check whether the configs are released in Apollo!]
[transaction-service][53060] 2022-07-10 17:46:19,263 WARN [main][DefaultConfig.java:61] - Init Apollo Local Config failed - namespace: micro_service.spring-cloud-feign, reason: Load config from local config failed! [Cause: Cannot read from local cache file C:\opt\data\transaction-service\config-cache\transaction-service+DEFAULT+micro_service.spring-cloud-feign.properties].
[transaction-service][53060] 2022-07-10 17:46:19,307 WARN [main][DefaultConfig.java:95] - Could not load config for namespace micro_service.spring-cloud-feign from Apollo, please check whether the configs are released in Apollo! Return default value now!
[transaction-service][53060] 2022-07-10 17:46:19,307 INFO [main][SpringApplication.java:675] - No active profile set, falling back to default profiles: default
[transaction-service][53060] 2022-07-10 17:46:21,383 WARN [main][EndpointId.java:135] - Endpoint ID 'service-registry' contains invalid characters, please migrate to a valid format.
[transaction-service][53060] 2022-07-10 17:46:21,701 INFO [main][GenericScope.java:294] - BeanFactory id=abd3f24e-aec8-3cc6-849a-f7f4787b54d3
[transaction-service][53060] 2022-07-10 17:46:21,771 INFO [main][PostProcessorRegistrationDelegate.java:330] - Bean 'com.liu.wanxinp2p.transaction.agent.ConsumerServiceAgent' of type [org.springframework.cloud.openfeign.FeignClientFactoryBean] is not eligible for getting processed by all BeanPostProcessors (for example: not eligible for auto-proxying)
[transaction-service][53060] 2022-07-10 17:46:21,774 INFO [main][PostProcessorRegistrationDelegate.java:330] - Bean 'com.liu.wanxinp2p.transaction.agent.ContentSearchApiAgent' of type [org.springframework.cloud.openfeign.FeignClientFactoryBean] is not eligible for getting processed by all BeanPostProcessors (for example: not eligible for auto-proxying)
[transaction-service][53060] 2022-07-10 17:46:21,776 INFO [main][PostProcessorRegistrationDelegate.java:330] - Bean 'com.liu.wanxinp2p.transaction.agent.DepositoryAgentService' of type [org.springframework.cloud.openfeign.FeignClientFactoryBean] is not eligible for getting processed by all BeanPostProcessors (for example: not eligible for auto-proxying)
[transaction-service][53060] 2022-07-10 17:46:21,808 INFO [main][PostProcessorRegistrationDelegate.java:330] - Bean 'org.apache.rocketmq.spring.autoconfigure.RocketMQAutoConfiguration' of type [org.apache.rocketmq.spring.autoconfigure.RocketMQAutoConfiguration$$EnhancerBySpringCGLIB$$ca9022e9] is not eligible for getting processed by all BeanPostProcessors (for example: not eligible for auto-proxying)
[transaction-service][53060] 2022-07-10 17:46:21,823 INFO [main][PostProcessorRegistrationDelegate.java:330] - Bean 'rocketmq-org.apache.rocketmq.spring.autoconfigure.RocketMQProperties' of type [org.apache.rocketmq.spring.autoconfigure.RocketMQProperties] is not eligible for getting processed by all BeanPostProcessors (for example: not eligible for auto-proxying)
[transaction-service][53060] 2022-07-10 17:46:23,605 INFO [main][PostProcessorRegistrationDelegate.java:330] - Bean 'defaultMQProducer' of type [org.apache.rocketmq.client.producer.DefaultMQProducer] is not eligible for getting processed by all BeanPostProcessors (for example: not eligible for auto-proxying)
[transaction-service][53060] 2022-07-10 17:46:23,608 INFO [main][PostProcessorRegistrationDelegate.java:330] - Bean 'org.springframework.boot.autoconfigure.jackson.JacksonAutoConfiguration$JacksonObjectMapperConfiguration' of type [org.springframework.boot.autoconfigure.jackson.JacksonAutoConfiguration$JacksonObjectMapperConfiguration$$EnhancerBySpringCGLIB$$fd8d937e] is not eligible for getting processed by all BeanPostProcessors (for example: not eligible for auto-proxying)
[transaction-service][53060] 2022-07-10 17:46:23,614 INFO [main][PostProcessorRegistrationDelegate.java:330] - Bean 'org.springframework.boot.autoconfigure.jackson.JacksonAutoConfiguration$JacksonObjectMapperBuilderConfiguration' of type [org.springframework.boot.autoconfigure.jackson.JacksonAutoConfiguration$JacksonObjectMapperBuilderConfiguration$$EnhancerBySpringCGLIB$$afda5597] is not eligible for getting processed by all BeanPostProcessors (for example: not eligible for auto-proxying)
[transaction-service][53060] 2022-07-10 17:46:23,620 INFO [main][PostProcessorRegistrationDelegate.java:330] - Bean 'org.springframework.boot.autoconfigure.jackson.JacksonAutoConfiguration$Jackson2ObjectMapperBuilderCustomizerConfiguration' of type [org.springframework.boot.autoconfigure.jackson.JacksonAutoConfiguration$Jackson2ObjectMapperBuilderCustomizerConfiguration$$EnhancerBySpringCGLIB$$6af13b86] is not eligible for getting processed by all BeanPostProcessors (for example: not eligible for auto-proxying)
[transaction-service][53060] 2022-07-10 17:46:23,628 INFO [main][PostProcessorRegistrationDelegate.java:330] - Bean 'spring.jackson-org.springframework.boot.autoconfigure.jackson.JacksonProperties' of type [org.springframework.boot.autoconfigure.jackson.JacksonProperties] is not eligible for getting processed by all BeanPostProcessors (for example: not eligible for auto-proxying)
[transaction-service][53060] 2022-07-10 17:46:23,631 INFO [main][PostProcessorRegistrationDelegate.java:330] - Bean 'standardJacksonObjectMapperBuilderCustomizer' of type [org.springframework.boot.autoconfigure.jackson.JacksonAutoConfiguration$Jackson2ObjectMapperBuilderCustomizerConfiguration$StandardJackson2ObjectMapperBuilderCustomizer] is not eligible for getting processed by all BeanPostProcessors (for example: not eligible for auto-proxying)
[transaction-service][53060] 2022-07-10 17:46:23,640 INFO [main][PostProcessorRegistrationDelegate.java:330] - Bean 'org.springframework.boot.autoconfigure.jackson.JacksonAutoConfiguration$ParameterNamesModuleConfiguration' of type [org.springframework.boot.autoconfigure.jackson.JacksonAutoConfiguration$ParameterNamesModuleConfiguration$$EnhancerBySpringCGLIB$$91bcb2b4] is not eligible for getting processed by all BeanPostProcessors (for example: not eligible for auto-proxying)
[transaction-service][53060] 2022-07-10 17:46:23,649 INFO [main][PostProcessorRegistrationDelegate.java:330] - Bean 'parameterNamesModule' of type [com.fasterxml.jackson.module.paramnames.ParameterNamesModule] is not eligible for getting processed by all BeanPostProcessors (for example: not eligible for auto-proxying)
[transaction-service][53060] 2022-07-10 17:46:23,651 INFO [main][PostProcessorRegistrationDelegate.java:330] - Bean 'org.springframework.boot.autoconfigure.jackson.JacksonAutoConfiguration' of type [org.springframework.boot.autoconfigure.jackson.JacksonAutoConfiguration$$EnhancerBySpringCGLIB$$df99310d] is not eligible for getting processed by all BeanPostProcessors (for example: not eligible for auto-proxying)
[transaction-service][53060] 2022-07-10 17:46:23,702 INFO [main][PostProcessorRegistrationDelegate.java:330] - Bean 'jsonComponentModule' of type [org.springframework.boot.jackson.JsonComponentModule] is not eligible for getting processed by all BeanPostProcessors (for example: not eligible for auto-proxying)
[transaction-service][53060] 2022-07-10 17:46:23,704 INFO [main][PostProcessorRegistrationDelegate.java:330] - Bean 'org.springframework.data.web.config.SpringDataJacksonConfiguration' of type [org.springframework.data.web.config.SpringDataJacksonConfiguration] is not eligible for getting processed by all BeanPostProcessors (for example: not eligible for auto-proxying)
[transaction-service][53060] 2022-07-10 17:46:23,709 INFO [main][PostProcessorRegistrationDelegate.java:330] - Bean 'jacksonGeoModule' of type [org.springframework.data.geo.GeoModule] is not eligible for getting processed by all BeanPostProcessors (for example: not eligible for auto-proxying)
[transaction-service][53060] 2022-07-10 17:46:23,713 INFO [main][PostProcessorRegistrationDelegate.java:330] - Bean 'jacksonObjectMapperBuilder' of type [org.springframework.http.converter.json.Jackson2ObjectMapperBuilder] is not eligible for getting processed by all BeanPostProcessors (for example: not eligible for auto-proxying)
[transaction-service][53060] 2022-07-10 17:46:23,745 INFO [main][PostProcessorRegistrationDelegate.java:330] - Bean 'jacksonObjectMapper' of type [com.fasterxml.jackson.databind.ObjectMapper] is not eligible for getting processed by all BeanPostProcessors (for example: not eligible for auto-proxying)
[transaction-service][53060] 2022-07-10 17:46:28,782 INFO [main][PostProcessorRegistrationDelegate.java:330] - Bean 'rocketMQTemplate' of type [org.apache.rocketmq.spring.core.RocketMQTemplate] is not eligible for getting processed by all BeanPostProcessors (for example: not eligible for auto-proxying)
[transaction-service][53060] 2022-07-10 17:46:28,785 INFO [main][PostProcessorRegistrationDelegate.java:330] - Bean 'transactionHandlerRegistry' of type [org.apache.rocketmq.spring.config.TransactionHandlerRegistry] is not eligible for getting processed by all BeanPostProcessors (for example: not eligible for auto-proxying)
[transaction-service][53060] 2022-07-10 17:46:28,895 INFO [main][PostProcessorRegistrationDelegate.java:330] - Bean 'org.springframework.transaction.annotation.ProxyTransactionManagementConfiguration' of type [org.springframework.transaction.annotation.ProxyTransactionManagementConfiguration$$EnhancerBySpringCGLIB$$a1fa13ed] is not eligible for getting processed by all BeanPostProcessors (for example: not eligible for auto-proxying)
[transaction-service][53060] 2022-07-10 17:46:28,949 INFO [main][PostProcessorRegistrationDelegate.java:330] - Bean 'org.springframework.cloud.autoconfigure.ConfigurationPropertiesRebinderAutoConfiguration' of type [org.springframework.cloud.autoconfigure.ConfigurationPropertiesRebinderAutoConfiguration$$EnhancerBySpringCGLIB$$be1416ea] is not eligible for getting processed by all BeanPostProcessors (for example: not eligible for auto-proxying)
[transaction-service][53060] 2022-07-10 17:46:29,620 INFO [main][TomcatWebServer.java:90] - Tomcat initialized with port(s): 53060 (http)
[transaction-service][53060] 2022-07-10 17:46:29,656 INFO [main][DirectJDKLog.java:173] - Initializing ProtocolHandler ["http-nio-53060"]
[transaction-service][53060] 2022-07-10 17:46:29,678 INFO [main][DirectJDKLog.java:173] - Starting service [Tomcat]
[transaction-service][53060] 2022-07-10 17:46:29,681 INFO [main][DirectJDKLog.java:173] - Starting Servlet engine: [Apache Tomcat/9.0.16]
[transaction-service][53060] 2022-07-10 17:46:29,698 INFO [main][DirectJDKLog.java:173] - The APR based Apache Tomcat Native library which allows optimal performance in production environments was not found on the java.library.path: [E:\jdk1.8.0_161\bin;C:\WINDOWS\Sun\Java\bin;C:\WINDOWS\system32;C:\WINDOWS;E:\Ruby26-x64\bin;C:\Program Files (x86)\Common Files\Oracle\Java\javapath;C:\Program Files\VanDyke Software\Clients\;E:\Anaconda;E:\Anaconda\Library\mingw-w64\bin;E:\Anaconda\Library\usr\bin;E:\Anaconda\Library\bin;E:\Anaconda\Scripts;C:\WINDOWS\system32;C:\WINDOWS;C:\WINDOWS\System32\Wbem;C:\WINDOWS\System32\WindowsPowerShell\v1.0\;C:\WINDOWS\System32\OpenSSH\;E:\mysql-5.7.20-winx64\bin;C:\Program Files\dotnet\;E:\nodejs\;C:\Users\Administrator\AppData\Roaming\npm;E:\nodejs\node_global\;C:\Program Files (x86)\Common Files\Thunder Network\KanKan\Codecs;E:\spark-2.1.1-hadoop2.7\bin;D:\Android\Sdk\platform-tools;E:\TortoiseSVN\bin;E:\TortoiseSVN\bin;E:\Subversion\bin;C:\Program Files\Docker\Docker\resources\bin;C:\ProgramData\DockerDesktop\version-bin;E:\CMake\bin;C:\mingw64\bin;E:\scala-2.12.15\bin;C:\Program Files (x86)\scala\bin;E:\spark\bin;E:\spark-2.1.1-hadoop2.7\bin;E:\NetSarang\Xshell 7\;E:\NetSarang\Xftp 7\;C:\Program Files\Git\cmd;E:\apache-maven-3.6.3\bin;E:\jdk1.8.0_161\bin;C:\Users\Administrator\AppData\Local\Microsoft\WindowsApps;E:\IntelliJ IDEA\bin;;C:\Users\Administrator\AppData\Roaming\npm;E:\nodejs\node_global\;C:\Users\Administrator\.dotnet\tools;C:\Users\Administrator\AppData\Local\GitHubDesktop\bin;E:\Microsoft VS Code\bin;.]
[transaction-service][53060] 2022-07-10 17:46:29,991 INFO [main][DirectJDKLog.java:173] - Initializing Spring embedded WebApplicationContext
[transaction-service][53060] 2022-07-10 17:46:29,992 INFO [main][ServletWebServerApplicationContext.java:296] - Root WebApplicationContext: initialization completed in 10664 ms
[transaction-service][53060] 2022-07-10 17:46:30,227 WARN [main][URLConfigurationSource.java:121] - No URLs will be polled as dynamic configuration sources.
[transaction-service][53060] 2022-07-10 17:46:30,229 INFO [main][URLConfigurationSource.java:122] - To enable URLs as dynamic configuration sources, define System property archaius.configurationSource.additionalUrls or make config.properties available on classpath.
[transaction-service][53060] 2022-07-10 17:46:30,257 INFO [main][DynamicPropertyFactory.java:281] - DynamicPropertyFactory is initialized with configuration sources: com.netflix.config.ConcurrentCompositeConfiguration@57c6feea
[transaction-service][53060] 2022-07-10 17:46:31,148 INFO [main][DruidDataSource.java:1002] - {dataSource-1} inited
[transaction-service][53060] 2022-07-10 17:46:31,346 INFO [main][DruidDataSource.java:1002] - {dataSource-2} inited
[transaction-service][53060] 2022-07-10 17:46:36,643 INFO [main][EndpointLinksResolver.java:59] - Exposing 2 endpoint(s) beneath base path '/actuator'
[transaction-service][53060] 2022-07-10 17:46:36,778 INFO [main][PropertySourcedRequestMappingHandlerMapping.java:69] - Mapped URL path [/v2/api-docs] onto method [public org.springframework.http.ResponseEntity<springfox.documentation.spring.web.json.Json> springfox.documentation.swagger2.web.Swagger2Controller.getDocumentation(java.lang.String,javax.servlet.http.HttpServletRequest)]
[transaction-service][53060] 2022-07-10 17:46:36,793 WARN [main][URLConfigurationSource.java:121] - No URLs will be polled as dynamic configuration sources.
[transaction-service][53060] 2022-07-10 17:46:36,793 INFO [main][URLConfigurationSource.java:122] - To enable URLs as dynamic configuration sources, define System property archaius.configurationSource.additionalUrls or make config.properties available on classpath.
[transaction-service][53060] 2022-07-10 17:46:36,968 INFO [main][ExecutorConfigurationSupport.java:171] - Initializing ExecutorService 'applicationTaskExecutor'
[transaction-service][53060] 2022-07-10 17:46:39,671 INFO [main][InstanceInfoFactory.java:71] - Setting initial instance status as: STARTING
[transaction-service][53060] 2022-07-10 17:46:39,728 INFO [main][DiscoveryClient.java:349] - Initializing Eureka in region us-east-1
[transaction-service][53060] 2022-07-10 17:46:41,109 INFO [main][DiscoveryJerseyProvider.java:70] - Using JSON encoding codec LegacyJacksonJson
[transaction-service][53060] 2022-07-10 17:46:41,110 INFO [main][DiscoveryJerseyProvider.java:71] - Using JSON decoding codec LegacyJacksonJson
[transaction-service][53060] 2022-07-10 17:46:41,429 INFO [main][DiscoveryJerseyProvider.java:80] - Using XML encoding codec XStreamXml
[transaction-service][53060] 2022-07-10 17:46:41,434 INFO [main][DiscoveryJerseyProvider.java:81] - Using XML decoding codec XStreamXml
[transaction-service][53060] 2022-07-10 17:46:42,993 INFO [main][ConfigClusterResolver.java:43] - Resolving eureka endpoints via configuration
[transaction-service][53060] 2022-07-10 17:46:46,821 INFO [main][DiscoveryClient.java:958] - Disable delta property : false
[transaction-service][53060] 2022-07-10 17:46:46,822 INFO [main][DiscoveryClient.java:959] - Single vip registry refresh property : null
[transaction-service][53060] 2022-07-10 17:46:46,823 INFO [main][DiscoveryClient.java:960] - Force full registry fetch : false
[transaction-service][53060] 2022-07-10 17:46:46,824 INFO [main][DiscoveryClient.java:961] - Application is null : false
[transaction-service][53060] 2022-07-10 17:46:46,824 INFO [main][DiscoveryClient.java:962] - Registered Applications size is zero : true
[transaction-service][53060] 2022-07-10 17:46:46,825 INFO [main][DiscoveryClient.java:964] - Application version is -1: true
[transaction-service][53060] 2022-07-10 17:46:46,826 INFO [main][DiscoveryClient.java:1047] - Getting all instance registry info from the eureka server
[transaction-service][53060] 2022-07-10 17:46:47,660 INFO [main][DiscoveryClient.java:1056] - The response status is 200
[transaction-service][53060] 2022-07-10 17:46:47,674 INFO [main][DiscoveryClient.java:1270] - Starting heartbeat executor: renew interval is: 30
[transaction-service][53060] 2022-07-10 17:46:47,684 INFO [main][InstanceInfoReplicator.java:60] - InstanceInfoReplicator onDemand update allowed rate per min is 4
[transaction-service][53060] 2022-07-10 17:46:47,694 INFO [main][DiscoveryClient.java:449] - Discovery Client initialized at timestamp 1657446407692 with initial instances count: 8
[transaction-service][53060] 2022-07-10 17:46:47,700 INFO [main][EurekaServiceRegistry.java:42] - Registering application TRANSACTION-SERVICE with eureka with status UP
[transaction-service][53060] 2022-07-10 17:46:47,701 INFO [main][DiscoveryClient.java:1305] - Saw local status change event StatusChangeEvent [timestamp=1657446407700, current=UP, previous=STARTING]
[transaction-service][53060] 2022-07-10 17:46:47,706 INFO [main][DocumentationPluginsBootstrapper.java:160] - Context refreshed
[transaction-service][53060] 2022-07-10 17:46:47,709 INFO [DiscoveryClient-InstanceInfoReplicator-0][DiscoveryClient.java:826] - DiscoveryClient_TRANSACTION-SERVICE/transaction-service:192.168.1.4:53060: registering service...
[transaction-service][53060] 2022-07-10 17:46:47,746 INFO [main][DocumentationPluginsBootstrapper.java:163] - Found 1 custom documentation plugin(s)
[transaction-service][53060] 2022-07-10 17:46:47,804 INFO [DiscoveryClient-InstanceInfoReplicator-0][DiscoveryClient.java:835] - DiscoveryClient_TRANSACTION-SERVICE/transaction-service:192.168.1.4:53060 - registration status: 204
[transaction-service][53060] 2022-07-10 17:46:47,844 INFO [main][ApiListingReferenceScanner.java:41] - Scanning for api listing references
[transaction-service][53060] 2022-07-10 17:46:48,204 INFO [main][CachingOperationNameGenerator.java:40] - Generating unique operation named: handleUsingGET_1
[transaction-service][53060] 2022-07-10 17:46:48,207 INFO [main][CachingOperationNameGenerator.java:40] - Generating unique operation named: handleUsingGET_2
[transaction-service][53060] 2022-07-10 17:46:48,209 INFO [main][CachingOperationNameGenerator.java:40] - Generating unique operation named: handleUsingGET_3
[transaction-service][53060] 2022-07-10 17:46:48,518 INFO [main][CachingOperationNameGenerator.java:40] - Generating unique operation named: queryProjectsUsingPOST_1
[transaction-service][53060] 2022-07-10 17:46:48,618 INFO [main][DirectJDKLog.java:173] - Starting ProtocolHandler ["http-nio-53060"]
[transaction-service][53060] 2022-07-10 17:46:48,680 INFO [main][TomcatWebServer.java:204] - Tomcat started on port(s): 53060 (http) with context path '/transaction'
[transaction-service][53060] 2022-07-10 17:46:48,684 INFO [main][EurekaAutoServiceRegistration.java:141] - Updating port to 53060
[transaction-service][53060] 2022-07-10 17:46:48,690 INFO [main][StartupInfoLogger.java:59] - Started TransactionService in 44.334 seconds (JVM running for 49.744)
[transaction-service][53060] 2022-07-10 17:46:51,109 INFO [RMI TCP Connection(3)-172.26.144.1][DirectJDKLog.java:173] - Initializing Spring DispatcherServlet 'dispatcherServlet'
[transaction-service][53060] 2022-07-10 17:46:51,110 INFO [RMI TCP Connection(3)-172.26.144.1][FrameworkServlet.java:524] - Initializing Servlet 'dispatcherServlet'
[transaction-service][53060] 2022-07-10 17:46:51,138 INFO [RMI TCP Connection(3)-172.26.144.1][FrameworkServlet.java:546] - Completed initialization in 27 ms
[transaction-service][53060] 2022-07-10 17:46:53,660 INFO [RMI TCP Connection(4)-172.26.144.1][SQLLogger.java:89] - Rule Type: sharding
[transaction-service][53060] 2022-07-10 17:46:53,661 INFO [RMI TCP Connection(4)-172.26.144.1][SQLLogger.java:89] - Logic SQL: /* ping */ SELECT 1
[transaction-service][53060] 2022-07-10 17:46:53,662 INFO [RMI TCP Connection(4)-172.26.144.1][SQLLogger.java:89] - SQLStatement: SelectStatement(super=DQLStatement(super=AbstractSQLStatement(type=DQL, tables=Tables(tables=[]), routeConditions=Conditions(orCondition=OrCondition(andConditions=[])), encryptConditions=Conditions(orCondition=OrCondition(andConditions=[])), sqlTokens=[], parametersIndex=0, logicSQL=/* ping */ SELECT 1)), containStar=false, firstSelectItemStartIndex=18, selectListStopIndex=18, groupByLastIndex=0, items=[CommonSelectItem(expression=1, alias=Optional.absent())], groupByItems=[], orderByItems=[], limit=null, subqueryStatement=null, subqueryStatements=[], subqueryConditions=[])
[transaction-service][53060] 2022-07-10 17:46:53,667 INFO [RMI TCP Connection(4)-172.26.144.1][SQLLogger.java:89] - Actual SQL: ds0 ::: /* ping */ SELECT 1
[transaction-service][53060] 2022-07-10 17:47:19,233 WARN [http-nio-53060-exec-1][DefaultConfig.java:95] - Could not load config for namespace micro_service.spring-cloud-feign from Apollo, please check whether the configs are released in Apollo! Return default value now!
[transaction-service][53060] 2022-07-10 17:47:19,511 INFO [http-nio-53060-exec-1][ChainedDynamicProperty.java:115] - Flipping property: consumer-service.ribbon.ActiveConnectionsLimit to use NEXT property: niws.loadbalancer.availabilityFilteringRule.activeConnectionsLimit = 2147483647
[transaction-service][53060] 2022-07-10 17:47:19,543 INFO [http-nio-53060-exec-1][ShutdownEnabledTimer.java:58] - Shutdown hook installed for: NFLoadBalancer-PingTimer-consumer-service
[transaction-service][53060] 2022-07-10 17:47:19,545 INFO [http-nio-53060-exec-1][BaseLoadBalancer.java:197] - Client: consumer-service instantiated a LoadBalancer: DynamicServerListLoadBalancer:{NFLoadBalancer:name=consumer-service,current list of Servers=[],Load balancer stats=Zone stats: {},Server stats: []}ServerList:null
[transaction-service][53060] 2022-07-10 17:47:19,554 INFO [http-nio-53060-exec-1][DynamicServerListLoadBalancer.java:222] - Using serverListUpdater PollingServerListUpdater
[transaction-service][53060] 2022-07-10 17:47:19,574 INFO [http-nio-53060-exec-1][ChainedDynamicProperty.java:115] - Flipping property: consumer-service.ribbon.ActiveConnectionsLimit to use NEXT property: niws.loadbalancer.availabilityFilteringRule.activeConnectionsLimit = 2147483647
[transaction-service][53060] 2022-07-10 17:47:19,578 INFO [http-nio-53060-exec-1][DynamicServerListLoadBalancer.java:150] - DynamicServerListLoadBalancer for client consumer-service initialized: DynamicServerListLoadBalancer:{NFLoadBalancer:name=consumer-service,current list of Servers=[192.168.1.4:53050],Load balancer stats=Zone stats: {defaultzone=[Zone:defaultzone;	Instance count:1;	Active connections count: 0;	Circuit breaker tripped count: 0;	Active connections per server: 0.0;]
},Server stats: [[Server:192.168.1.4:53050;	Zone:defaultZone;	Total Requests:0;	Successive connection failure:0;	Total blackout seconds:0;	Last connection made:Thu Jan 01 08:00:00 CST 1970;	First connection made: Thu Jan 01 08:00:00 CST 1970;	Active Connections:0;	total failure count in last (1000) msecs:0;	average resp time:0.0;	90 percentile resp time:0.0;	95 percentile resp time:0.0;	min resp time:0.0;	max resp time:0.0;	stddev resp time:0.0]
]}ServerList:org.springframework.cloud.netflix.ribbon.eureka.DomainExtractingServerList@496c349e
[transaction-service][53060] 2022-07-10 17:47:19,843 DEBUG [http-nio-53060-exec-1][BaseJdbcLogger.java:159] - ==>  Preparing: SELECT ID,CONSUMER_ID,USER_NO,PROJECT_NO,NAME,DESCRIPTION,TYPE,PERIOD,ANNUAL_RATE,BORROWER_ANNUAL_RATE,COMMISSION_ANNUAL_RATE,REPAYMENT_WAY,AMOUNT,PROJECT_STATUS,CREATE_DATE,STATUS,IS_ASSIGNMENT,REQUEST_NO,MODIFY_DATE FROM project WHERE ID=? 
[transaction-service][53060] 2022-07-10 17:47:19,876 DEBUG [http-nio-53060-exec-1][BaseJdbcLogger.java:159] - ==> Parameters: 1545794458589818882(Long)
[transaction-service][53060] 2022-07-10 17:47:20,035 INFO [http-nio-53060-exec-1][SQLLogger.java:89] - Rule Type: sharding
[transaction-service][53060] 2022-07-10 17:47:20,036 INFO [http-nio-53060-exec-1][SQLLogger.java:89] - Logic SQL: SELECT ID,CONSUMER_ID,USER_NO,PROJECT_NO,NAME,DESCRIPTION,TYPE,PERIOD,ANNUAL_RATE,BORROWER_ANNUAL_RATE,COMMISSION_ANNUAL_RATE,REPAYMENT_WAY,AMOUNT,PROJECT_STATUS,CREATE_DATE,STATUS,IS_ASSIGNMENT,REQUEST_NO,MODIFY_DATE FROM project WHERE ID=?
[transaction-service][53060] 2022-07-10 17:47:20,037 INFO [http-nio-53060-exec-1][SQLLogger.java:89] - SQLStatement: SelectStatement(super=DQLStatement(super=AbstractSQLStatement(type=DQL, tables=Tables(tables=[Table(name=project, alias=Optional.absent())]), routeConditions=Conditions(orCondition=OrCondition(andConditions=[AndCondition(conditions=[Condition(column=Column(name=ID, tableName=project), operator=EQUAL, compareOperator==, positionValueMap={}, positionIndexMap={0=0})])])), encryptConditions=Conditions(orCondition=OrCondition(andConditions=[])), sqlTokens=[TableToken(tableName=project, quoteCharacter=NONE, schemaNameLength=0)], parametersIndex=1, logicSQL=SELECT ID,CONSUMER_ID,USER_NO,PROJECT_NO,NAME,DESCRIPTION,TYPE,PERIOD,ANNUAL_RATE,BORROWER_ANNUAL_RATE,COMMISSION_ANNUAL_RATE,REPAYMENT_WAY,AMOUNT,PROJECT_STATUS,CREATE_DATE,STATUS,IS_ASSIGNMENT,REQUEST_NO,MODIFY_DATE FROM project WHERE ID=?)), containStar=false, firstSelectItemStartIndex=7, selectListStopIndex=216, groupByLastIndex=0, items=[CommonSelectItem(expression=ID, alias=Optional.absent()), CommonSelectItem(expression=CONSUMER_ID, alias=Optional.absent()), CommonSelectItem(expression=USER_NO, alias=Optional.absent()), CommonSelectItem(expression=PROJECT_NO, alias=Optional.absent()), CommonSelectItem(expression=NAME, alias=Optional.absent()), CommonSelectItem(expression=DESCRIPTION, alias=Optional.absent()), CommonSelectItem(expression=TYPE, alias=Optional.absent()), CommonSelectItem(expression=PERIOD, alias=Optional.absent()), CommonSelectItem(expression=ANNUAL_RATE, alias=Optional.absent()), CommonSelectItem(expression=BORROWER_ANNUAL_RATE, alias=Optional.absent()), CommonSelectItem(expression=COMMISSION_ANNUAL_RATE, alias=Optional.absent()), CommonSelectItem(expression=REPAYMENT_WAY, alias=Optional.absent()), CommonSelectItem(expression=AMOUNT, alias=Optional.absent()), CommonSelectItem(expression=PROJECT_STATUS, alias=Optional.absent()), CommonSelectItem(expression=CREATE_DATE, alias=Optional.absent()), CommonSelectItem(expression=STATUS, alias=Optional.absent()), CommonSelectItem(expression=IS_ASSIGNMENT, alias=Optional.absent()), CommonSelectItem(expression=REQUEST_NO, alias=Optional.absent()), CommonSelectItem(expression=MODIFY_DATE, alias=Optional.absent())], groupByItems=[], orderByItems=[], limit=null, subqueryStatement=null, subqueryStatements=[], subqueryConditions=[])
[transaction-service][53060] 2022-07-10 17:47:20,037 INFO [http-nio-53060-exec-1][SQLLogger.java:89] - Actual SQL: ds0 ::: SELECT ID,CONSUMER_ID,USER_NO,PROJECT_NO,NAME,DESCRIPTION,TYPE,PERIOD,ANNUAL_RATE,BORROWER_ANNUAL_RATE,COMMISSION_ANNUAL_RATE,REPAYMENT_WAY,AMOUNT,PROJECT_STATUS,CREATE_DATE,STATUS,IS_ASSIGNMENT,REQUEST_NO,MODIFY_DATE FROM project_0 WHERE ID=? ::: [1545794458589818882]
[transaction-service][53060] 2022-07-10 17:47:20,038 INFO [http-nio-53060-exec-1][SQLLogger.java:89] - Actual SQL: ds1 ::: SELECT ID,CONSUMER_ID,USER_NO,PROJECT_NO,NAME,DESCRIPTION,TYPE,PERIOD,ANNUAL_RATE,BORROWER_ANNUAL_RATE,COMMISSION_ANNUAL_RATE,REPAYMENT_WAY,AMOUNT,PROJECT_STATUS,CREATE_DATE,STATUS,IS_ASSIGNMENT,REQUEST_NO,MODIFY_DATE FROM project_0 WHERE ID=? ::: [1545794458589818882]
[transaction-service][53060] 2022-07-10 17:47:20,096 DEBUG [http-nio-53060-exec-1][BaseJdbcLogger.java:159] - <==      Total: 1
[transaction-service][53060] 2022-07-10 17:47:20,104 DEBUG [http-nio-53060-exec-1][BaseJdbcLogger.java:159] - ==>  Preparing: SELECT IFNULL(SUM(AMOUNT), 0.0) FROM tender WHERE PROJECT_ID = ? AND STATUS = 1 
[transaction-service][53060] 2022-07-10 17:47:20,109 DEBUG [http-nio-53060-exec-1][BaseJdbcLogger.java:159] - ==> Parameters: 1545794458589818882(Long)
[transaction-service][53060] 2022-07-10 17:47:20,165 INFO [http-nio-53060-exec-1][SQLLogger.java:89] - Rule Type: sharding
[transaction-service][53060] 2022-07-10 17:47:20,166 INFO [http-nio-53060-exec-1][SQLLogger.java:89] - Logic SQL: SELECT IFNULL(SUM(AMOUNT), 0.0) FROM tender WHERE PROJECT_ID = ? AND STATUS = 1
[transaction-service][53060] 2022-07-10 17:47:20,166 INFO [http-nio-53060-exec-1][SQLLogger.java:89] - SQLStatement: SelectStatement(super=DQLStatement(super=AbstractSQLStatement(type=DQL, tables=Tables(tables=[Table(name=tender, alias=Optional.absent())]), routeConditions=Conditions(orCondition=OrCondition(andConditions=[AndCondition(conditions=[Condition(column=Column(name=PROJECT_ID, tableName=tender), operator=EQUAL, compareOperator==, positionValueMap={}, positionIndexMap={0=0})])])), encryptConditions=Conditions(orCondition=OrCondition(andConditions=[])), sqlTokens=[TableToken(tableName=tender, quoteCharacter=NONE, schemaNameLength=0)], parametersIndex=1, logicSQL=SELECT IFNULL(SUM(AMOUNT), 0.0) FROM tender WHERE PROJECT_ID = ? AND STATUS = 1)), containStar=false, firstSelectItemStartIndex=7, selectListStopIndex=30, groupByLastIndex=0, items=[CommonSelectItem(expression=IFNULL(SUM(AMOUNT),0.0), alias=Optional.absent())], groupByItems=[], orderByItems=[], limit=null, subqueryStatement=null, subqueryStatements=[], subqueryConditions=[])
[transaction-service][53060] 2022-07-10 17:47:20,167 INFO [http-nio-53060-exec-1][SQLLogger.java:89] - Actual SQL: ds0 ::: SELECT IFNULL(SUM(AMOUNT), 0.0) FROM tender_0 WHERE PROJECT_ID = ? AND STATUS = 1 ::: [1545794458589818882]
[transaction-service][53060] 2022-07-10 17:47:20,167 INFO [http-nio-53060-exec-1][SQLLogger.java:89] - Actual SQL: ds1 ::: SELECT IFNULL(SUM(AMOUNT), 0.0) FROM tender_0 WHERE PROJECT_ID = ? AND STATUS = 1 ::: [1545794458589818882]
[transaction-service][53060] 2022-07-10 17:47:20,171 DEBUG [http-nio-53060-exec-1][BaseJdbcLogger.java:159] - <==      Total: 2
[transaction-service][53060] 2022-07-10 17:47:20,561 INFO [PollingServerListUpdater-0][ChainedDynamicProperty.java:115] - Flipping property: consumer-service.ribbon.ActiveConnectionsLimit to use NEXT property: niws.loadbalancer.availabilityFilteringRule.activeConnectionsLimit = 2147483647
[transaction-service][53060] 2022-07-10 17:47:21,257 DEBUG [http-nio-53060-exec-1][BaseJdbcLogger.java:159] - ==>  Preparing: INSERT INTO tender ( ID, CONSUMER_ID, CONSUMER_USERNAME, USER_NO, PROJECT_ID, PROJECT_NO, AMOUNT, TENDER_STATUS, CREATE_DATE, REQUEST_NO, STATUS, PROJECT_PERIOD, PROJECT_ANNUAL_RATE ) VALUES ( ?, ?, ?, ?, ?, ?, ?, ?, ?, ?, ?, ?, ? ) 
[transaction-service][53060] 2022-07-10 17:47:21,262 DEBUG [http-nio-53060-exec-1][BaseJdbcLogger.java:159] - ==> Parameters: 1546068548751884289(Long), 1003(Long), 15378791983(String), USR_3525C3F56E36416B9FA7696619E2F02Y(String), 1545794458589818882(Long), 令狐泽银先生第1次借款(String), 1500(BigDecimal), FROZEN(String), 2022-07-10 17:47:20.177(Timestamp), REQ_4F16C7DF946F4405997D5DB3E583E3E8(String), 0(Integer), 360(Integer), 0.00(BigDecimal)
[transaction-service][53060] 2022-07-10 17:47:21,304 INFO [http-nio-53060-exec-1][SQLLogger.java:89] - Rule Type: sharding
[transaction-service][53060] 2022-07-10 17:47:21,304 INFO [http-nio-53060-exec-1][SQLLogger.java:89] - Logic SQL: INSERT INTO tender  ( ID,
CONSUMER_ID,
CONSUMER_USERNAME,
USER_NO,
PROJECT_ID,
PROJECT_NO,
AMOUNT,
TENDER_STATUS,
CREATE_DATE,
REQUEST_NO,
STATUS,

PROJECT_PERIOD,
PROJECT_ANNUAL_RATE )  VALUES  ( ?,
?,
?,
?,
?,
?,
?,
?,
?,
?,
?,

?,
? )
[transaction-service][53060] 2022-07-10 17:47:21,305 INFO [http-nio-53060-exec-1][SQLLogger.java:89] - SQLStatement: InsertStatement(super=DMLStatement(super=AbstractSQLStatement(type=DML, tables=Tables(tables=[Table(name=tender, alias=Optional.absent())]), routeConditions=Conditions(orCondition=OrCondition(andConditions=[AndCondition(conditions=[Condition(column=Column(name=CONSUMER_ID, tableName=tender), operator=EQUAL, compareOperator=null, positionValueMap={}, positionIndexMap={0=1}), Condition(column=Column(name=PROJECT_ID, tableName=tender), operator=EQUAL, compareOperator=null, positionValueMap={}, positionIndexMap={0=4})])])), encryptConditions=Conditions(orCondition=OrCondition(andConditions=[])), sqlTokens=[TableToken(tableName=tender, quoteCharacter=NONE, schemaNameLength=0), SQLToken(startIndex=20)], parametersIndex=13, logicSQL=INSERT INTO tender  ( ID,
CONSUMER_ID,
CONSUMER_USERNAME,
USER_NO,
PROJECT_ID,
PROJECT_NO,
AMOUNT,
TENDER_STATUS,
CREATE_DATE,
REQUEST_NO,
STATUS,

PROJECT_PERIOD,
PROJECT_ANNUAL_RATE )  VALUES  ( ?,
?,
?,
?,
?,
?,
?,
?,
?,
?,
?,

?,
? )), deleteStatement=false, updateTableAlias={}, updateColumnValues={}, whereStartIndex=0, whereStopIndex=0, whereParameterStartIndex=0, whereParameterEndIndex=0), columnNames=[ID, CONSUMER_ID, CONSUMER_USERNAME, USER_NO, PROJECT_ID, PROJECT_NO, AMOUNT, TENDER_STATUS, CREATE_DATE, REQUEST_NO, STATUS, PROJECT_PERIOD, PROJECT_ANNUAL_RATE], values=[InsertValue(columnValues=[org.apache.shardingsphere.core.parse.old.parser.expression.SQLPlaceholderExpression@1f3bc1b2, org.apache.shardingsphere.core.parse.old.parser.expression.SQLPlaceholderExpression@55a933d1, org.apache.shardingsphere.core.parse.old.parser.expression.SQLPlaceholderExpression@70909cbd, org.apache.shardingsphere.core.parse.old.parser.expression.SQLPlaceholderExpression@4d057c01, org.apache.shardingsphere.core.parse.old.parser.expression.SQLPlaceholderExpression@cf21242, org.apache.shardingsphere.core.parse.old.parser.expression.SQLPlaceholderExpression@10598fb6, org.apache.shardingsphere.core.parse.old.parser.expression.SQLPlaceholderExpression@64588c74, org.apache.shardingsphere.core.parse.old.parser.expression.SQLPlaceholderExpression@2db118a, org.apache.shardingsphere.core.parse.old.parser.expression.SQLPlaceholderExpression@1ea77391, org.apache.shardingsphere.core.parse.old.parser.expression.SQLPlaceholderExpression@425f6bcc, org.apache.shardingsphere.core.parse.old.parser.expression.SQLPlaceholderExpression@62c464df, org.apache.shardingsphere.core.parse.old.parser.expression.SQLPlaceholderExpression@38497e4c, org.apache.shardingsphere.core.parse.old.parser.expression.SQLPlaceholderExpression@1d57a92f])])
[transaction-service][53060] 2022-07-10 17:47:21,306 INFO [http-nio-53060-exec-1][SQLLogger.java:89] - Actual SQL: ds1 ::: INSERT INTO tender_0   (ID, CONSUMER_ID, CONSUMER_USERNAME, USER_NO, PROJECT_ID, PROJECT_NO, AMOUNT, TENDER_STATUS, CREATE_DATE, REQUEST_NO, STATUS, PROJECT_PERIOD, PROJECT_ANNUAL_RATE) VALUES (?, ?, ?, ?, ?, ?, ?, ?, ?, ?, ?, ?, ?) ::: [1546068548751884289, 1003, 15378791983, USR_3525C3F56E36416B9FA7696619E2F02Y, 1545794458589818882, 令狐泽银先生第1次借款, 1500, FROZEN, 2022-07-10T17:47:20.177+0800, REQ_4F16C7DF946F4405997D5DB3E583E3E8, 0, 360, 0.00]
[transaction-service][53060] 2022-07-10 17:47:21,345 DEBUG [http-nio-53060-exec-1][BaseJdbcLogger.java:159] - <==    Updates: 1
[transaction-service][53060] 2022-07-10 17:47:21,414 INFO [http-nio-53060-exec-1][ChainedDynamicProperty.java:115] - Flipping property: depository-agent-service.ribbon.ActiveConnectionsLimit to use NEXT property: niws.loadbalancer.availabilityFilteringRule.activeConnectionsLimit = 2147483647
[transaction-service][53060] 2022-07-10 17:47:21,417 INFO [http-nio-53060-exec-1][ShutdownEnabledTimer.java:58] - Shutdown hook installed for: NFLoadBalancer-PingTimer-depository-agent-service
[transaction-service][53060] 2022-07-10 17:47:21,418 INFO [http-nio-53060-exec-1][BaseLoadBalancer.java:197] - Client: depository-agent-service instantiated a LoadBalancer: DynamicServerListLoadBalancer:{NFLoadBalancer:name=depository-agent-service,current list of Servers=[],Load balancer stats=Zone stats: {},Server stats: []}ServerList:null
[transaction-service][53060] 2022-07-10 17:47:21,420 INFO [http-nio-53060-exec-1][DynamicServerListLoadBalancer.java:222] - Using serverListUpdater PollingServerListUpdater
[transaction-service][53060] 2022-07-10 17:47:21,422 INFO [http-nio-53060-exec-1][ChainedDynamicProperty.java:115] - Flipping property: depository-agent-service.ribbon.ActiveConnectionsLimit to use NEXT property: niws.loadbalancer.availabilityFilteringRule.activeConnectionsLimit = 2147483647
[transaction-service][53060] 2022-07-10 17:47:21,423 INFO [http-nio-53060-exec-1][DynamicServerListLoadBalancer.java:150] - DynamicServerListLoadBalancer for client depository-agent-service initialized: DynamicServerListLoadBalancer:{NFLoadBalancer:name=depository-agent-service,current list of Servers=[192.168.1.4:53070],Load balancer stats=Zone stats: {defaultzone=[Zone:defaultzone;	Instance count:1;	Active connections count: 0;	Circuit breaker tripped count: 0;	Active connections per server: 0.0;]
},Server stats: [[Server:192.168.1.4:53070;	Zone:defaultZone;	Total Requests:0;	Successive connection failure:0;	Total blackout seconds:0;	Last connection made:Thu Jan 01 08:00:00 CST 1970;	First connection made: Thu Jan 01 08:00:00 CST 1970;	Active Connections:0;	total failure count in last (1000) msecs:0;	average resp time:0.0;	90 percentile resp time:0.0;	95 percentile resp time:0.0;	min resp time:0.0;	max resp time:0.0;	stddev resp time:0.0]
]}ServerList:org.springframework.cloud.netflix.ribbon.eureka.DomainExtractingServerList@467e5e47
[transaction-service][53060] 2022-07-10 17:47:21,628 WARN [http-nio-53060-exec-1][ProjectServiceImpl.java:347] - 投标失败！标的ID为：1545794458589818882,存管代理服务返回的状态为:ConsumerDTO(id=1003, username=15378791983, fullname=廖淖, idNumber=239038197301289816, userNo=USR_3525C3F56E36416B9FA7696619E2F02Y, mobile=15378791983, userType=null, role=c, authList=ALL, isBindCard=1, status=1, loanAmount=10000)
[transaction-service][53060] 2022-07-10 17:47:22,424 INFO [PollingServerListUpdater-0][ChainedDynamicProperty.java:115] - Flipping property: depository-agent-service.ribbon.ActiveConnectionsLimit to use NEXT property: niws.loadbalancer.availabilityFilteringRule.activeConnectionsLimit = 2147483647
[transaction-service][53060] 2022-07-10 17:51:14,154 WARN [Apollo-RemoteConfigRepository-1][RemoteConfigRepository.java:194] - Load config failed, will retry in 1 SECONDS. appId: transaction-service, cluster: DEFAULT, namespaces: micro_service.spring-cloud-feign
[transaction-service][53060] 2022-07-10 17:51:15,174 WARN [Apollo-RemoteConfigRepository-1][AbstractConfigRepository.java:26] - Sync config failed, will retry. Repository class com.ctrip.framework.apollo.internals.RemoteConfigRepository, reason: Load Apollo Config failed - appId: transaction-service, cluster: DEFAULT, namespace: micro_service.spring-cloud-feign, url: http://192.168.1.4:8080/configs/transaction-service/DEFAULT/micro_service.spring-cloud-feign?ip=172.26.144.1&messages=%7B%22details%22%3A%7B%22transaction-service%2Bdefault%2Bmicro_service.spring-cloud-feign%22%3A285%2C%22common-template%2Bdefault%2Bmicro_service.spring-cloud-feign%22%3A403%7D%7D [Cause: [status code: 404] Could not find config for namespace - appId: transaction-service, cluster: DEFAULT, namespace: micro_service.spring-cloud-feign, please check whether the configs are released in Apollo!]
[transaction-service][53060] 2022-07-10 17:51:46,845 INFO [AsyncResolver-bootstrap-executor-0][ConfigClusterResolver.java:43] - Resolving eureka endpoints via configuration
[transaction-service][53060] 2022-07-10 17:56:14,147 WARN [Apollo-RemoteConfigRepository-1][RemoteConfigRepository.java:194] - Load config failed, will retry in 1 SECONDS. appId: transaction-service, cluster: DEFAULT, namespaces: micro_service.spring-cloud-feign
[transaction-service][53060] 2022-07-10 17:56:15,153 WARN [Apollo-RemoteConfigRepository-1][AbstractConfigRepository.java:26] - Sync config failed, will retry. Repository class com.ctrip.framework.apollo.internals.RemoteConfigRepository, reason: Load Apollo Config failed - appId: transaction-service, cluster: DEFAULT, namespace: micro_service.spring-cloud-feign, url: http://192.168.1.4:8080/configs/transaction-service/DEFAULT/micro_service.spring-cloud-feign?ip=172.26.144.1&messages=%7B%22details%22%3A%7B%22transaction-service%2Bdefault%2Bmicro_service.spring-cloud-feign%22%3A285%2C%22common-template%2Bdefault%2Bmicro_service.spring-cloud-feign%22%3A403%7D%7D [Cause: [status code: 404] Could not find config for namespace - appId: transaction-service, cluster: DEFAULT, namespace: micro_service.spring-cloud-feign, please check whether the configs are released in Apollo!]
[transaction-service][53060] 2022-07-10 17:56:46,852 INFO [AsyncResolver-bootstrap-executor-0][ConfigClusterResolver.java:43] - Resolving eureka endpoints via configuration
