[transaction-service][53060] 2022-07-10 12:47:20,405 INFO [main][DefaultApplicationProvider.java:85] - App ID is set to transaction-service by app.id property from System Property
[transaction-service][53060] 2022-07-10 12:47:20,435 INFO [main][DefaultServerProvider.java:108] - Environment is set to [dev] by JVM system property 'env'.
[transaction-service][53060] 2022-07-10 12:47:20,721 WARN [main][DefaultMetaServerProvider.java:39] - Could not find meta server address, because it is not available in neither (1) JVM system property 'apollo.meta', (2) OS env variable 'APOLLO_META' (3) property 'apollo.meta' from server.properties nor (4) property 'apollo.meta' from app.properties
[transaction-service][53060] 2022-07-10 12:47:20,774 INFO [main][MetaDomainConsts.java:93] - Located meta server address http://localhost:8080 for env DEV from com.ctrip.framework.apollo.core.internals.LegacyMetaServerProvider
[transaction-service][53060] 2022-07-10 12:47:28,555 WARN [main][RemoteConfigRepository.java:194] - Load config failed, will retry in 1 SECONDS. appId: transaction-service, cluster: DEFAULT, namespaces: micro_service.spring-cloud-feign
[transaction-service][53060] 2022-07-10 12:47:29,582 WARN [main][AbstractConfigRepository.java:26] - Sync config failed, will retry. Repository class com.ctrip.framework.apollo.internals.RemoteConfigRepository, reason: Load Apollo Config failed - appId: transaction-service, cluster: DEFAULT, namespace: micro_service.spring-cloud-feign, url: http://192.168.1.4:8080/configs/transaction-service/DEFAULT/micro_service.spring-cloud-feign?ip=172.26.144.1 [Cause: [status code: 404] Could not find config for namespace - appId: transaction-service, cluster: DEFAULT, namespace: micro_service.spring-cloud-feign, please check whether the configs are released in Apollo!]
[transaction-service][53060] 2022-07-10 12:47:29,595 WARN [main][RemoteConfigRepository.java:194] - Load config failed, will retry in 1 SECONDS. appId: transaction-service, cluster: DEFAULT, namespaces: micro_service.spring-cloud-feign
[transaction-service][53060] 2022-07-10 12:47:30,624 WARN [main][LocalFileConfigRepository.java:167] - Sync config from upstream repository class com.ctrip.framework.apollo.internals.RemoteConfigRepository failed, reason: Load Apollo Config failed - appId: transaction-service, cluster: DEFAULT, namespace: micro_service.spring-cloud-feign, url: http://192.168.1.4:8080/configs/transaction-service/DEFAULT/micro_service.spring-cloud-feign?ip=172.26.144.1&messages=%7B%22details%22%3A%7B%22transaction-service%2Bdefault%2Bmicro_service.spring-cloud-feign%22%3A285%2C%22common-template%2Bdefault%2Bmicro_service.spring-cloud-feign%22%3A403%7D%7D [Cause: [status code: 404] Could not find config for namespace - appId: transaction-service, cluster: DEFAULT, namespace: micro_service.spring-cloud-feign, please check whether the configs are released in Apollo!]
[transaction-service][53060] 2022-07-10 12:47:30,637 WARN [Apollo-RemoteConfigRepository-1][RemoteConfigRepository.java:194] - Load config failed, will retry in 1 SECONDS. appId: transaction-service, cluster: DEFAULT, namespaces: micro_service.spring-cloud-feign
[transaction-service][53060] 2022-07-10 12:47:31,649 WARN [Apollo-RemoteConfigRepository-1][RemoteConfigRepository.java:194] - Load config failed, will retry in 1 SECONDS. appId: transaction-service, cluster: DEFAULT, namespaces: micro_service.spring-cloud-feign
[transaction-service][53060] 2022-07-10 12:47:32,666 WARN [Apollo-RemoteConfigRepository-1][AbstractConfigRepository.java:26] - Sync config failed, will retry. Repository class com.ctrip.framework.apollo.internals.RemoteConfigRepository, reason: Load Apollo Config failed - appId: transaction-service, cluster: DEFAULT, namespace: micro_service.spring-cloud-feign, url: http://192.168.1.4:8080/configs/transaction-service/DEFAULT/micro_service.spring-cloud-feign?ip=172.26.144.1&messages=%7B%22details%22%3A%7B%22transaction-service%2Bdefault%2Bmicro_service.spring-cloud-feign%22%3A285%2C%22common-template%2Bdefault%2Bmicro_service.spring-cloud-feign%22%3A403%7D%7D [Cause: [status code: 404] Could not find config for namespace - appId: transaction-service, cluster: DEFAULT, namespace: micro_service.spring-cloud-feign, please check whether the configs are released in Apollo!]
[transaction-service][53060] 2022-07-10 12:47:32,678 WARN [main][RemoteConfigRepository.java:194] - Load config failed, will retry in 1 SECONDS. appId: transaction-service, cluster: DEFAULT, namespaces: micro_service.spring-cloud-feign
[transaction-service][53060] 2022-07-10 12:47:33,697 WARN [main][LocalFileConfigRepository.java:167] - Sync config from upstream repository class com.ctrip.framework.apollo.internals.RemoteConfigRepository failed, reason: Load Apollo Config failed - appId: transaction-service, cluster: DEFAULT, namespace: micro_service.spring-cloud-feign, url: http://192.168.1.4:8080/configs/transaction-service/DEFAULT/micro_service.spring-cloud-feign?ip=172.26.144.1&messages=%7B%22details%22%3A%7B%22transaction-service%2Bdefault%2Bmicro_service.spring-cloud-feign%22%3A285%2C%22common-template%2Bdefault%2Bmicro_service.spring-cloud-feign%22%3A403%7D%7D [Cause: [status code: 404] Could not find config for namespace - appId: transaction-service, cluster: DEFAULT, namespace: micro_service.spring-cloud-feign, please check whether the configs are released in Apollo!]
[transaction-service][53060] 2022-07-10 12:47:33,698 WARN [main][AbstractConfigRepository.java:26] - Sync config failed, will retry. Repository class com.ctrip.framework.apollo.internals.LocalFileConfigRepository, reason: Load config from local config failed! [Cause: Cannot read from local cache file C:\opt\data\transaction-service\config-cache\transaction-service+DEFAULT+micro_service.spring-cloud-feign.properties]
[transaction-service][53060] 2022-07-10 12:47:33,710 WARN [main][RemoteConfigRepository.java:194] - Load config failed, will retry in 1 SECONDS. appId: transaction-service, cluster: DEFAULT, namespaces: micro_service.spring-cloud-feign
[transaction-service][53060] 2022-07-10 12:47:34,727 WARN [main][LocalFileConfigRepository.java:167] - Sync config from upstream repository class com.ctrip.framework.apollo.internals.RemoteConfigRepository failed, reason: Load Apollo Config failed - appId: transaction-service, cluster: DEFAULT, namespace: micro_service.spring-cloud-feign, url: http://192.168.1.4:8080/configs/transaction-service/DEFAULT/micro_service.spring-cloud-feign?ip=172.26.144.1&messages=%7B%22details%22%3A%7B%22transaction-service%2Bdefault%2Bmicro_service.spring-cloud-feign%22%3A285%2C%22common-template%2Bdefault%2Bmicro_service.spring-cloud-feign%22%3A403%7D%7D [Cause: [status code: 404] Could not find config for namespace - appId: transaction-service, cluster: DEFAULT, namespace: micro_service.spring-cloud-feign, please check whether the configs are released in Apollo!]
[transaction-service][53060] 2022-07-10 12:47:34,728 WARN [main][DefaultConfig.java:61] - Init Apollo Local Config failed - namespace: micro_service.spring-cloud-feign, reason: Load config from local config failed! [Cause: Cannot read from local cache file C:\opt\data\transaction-service\config-cache\transaction-service+DEFAULT+micro_service.spring-cloud-feign.properties].
[transaction-service][53060] 2022-07-10 12:47:34,838 WARN [main][DefaultConfig.java:95] - Could not load config for namespace micro_service.spring-cloud-feign from Apollo, please check whether the configs are released in Apollo! Return default value now!
[transaction-service][53060] 2022-07-10 12:47:34,841 INFO [main][SpringApplication.java:675] - No active profile set, falling back to default profiles: default
[transaction-service][53060] 2022-07-10 12:47:40,282 WARN [main][EndpointId.java:135] - Endpoint ID 'service-registry' contains invalid characters, please migrate to a valid format.
[transaction-service][53060] 2022-07-10 12:47:41,374 INFO [main][GenericScope.java:294] - BeanFactory id=abd3f24e-aec8-3cc6-849a-f7f4787b54d3
[transaction-service][53060] 2022-07-10 12:47:41,574 INFO [main][PostProcessorRegistrationDelegate.java:330] - Bean 'com.liu.wanxinp2p.transaction.agent.ConsumerServiceAgent' of type [org.springframework.cloud.openfeign.FeignClientFactoryBean] is not eligible for getting processed by all BeanPostProcessors (for example: not eligible for auto-proxying)
[transaction-service][53060] 2022-07-10 12:47:41,581 INFO [main][PostProcessorRegistrationDelegate.java:330] - Bean 'com.liu.wanxinp2p.transaction.agent.ContentSearchApiAgent' of type [org.springframework.cloud.openfeign.FeignClientFactoryBean] is not eligible for getting processed by all BeanPostProcessors (for example: not eligible for auto-proxying)
[transaction-service][53060] 2022-07-10 12:47:41,585 INFO [main][PostProcessorRegistrationDelegate.java:330] - Bean 'com.liu.wanxinp2p.transaction.agent.DepositoryAgentService' of type [org.springframework.cloud.openfeign.FeignClientFactoryBean] is not eligible for getting processed by all BeanPostProcessors (for example: not eligible for auto-proxying)
[transaction-service][53060] 2022-07-10 12:47:41,689 INFO [main][PostProcessorRegistrationDelegate.java:330] - Bean 'org.apache.rocketmq.spring.autoconfigure.RocketMQAutoConfiguration' of type [org.apache.rocketmq.spring.autoconfigure.RocketMQAutoConfiguration$$EnhancerBySpringCGLIB$$ccd45828] is not eligible for getting processed by all BeanPostProcessors (for example: not eligible for auto-proxying)
[transaction-service][53060] 2022-07-10 12:47:41,729 INFO [main][PostProcessorRegistrationDelegate.java:330] - Bean 'rocketmq-org.apache.rocketmq.spring.autoconfigure.RocketMQProperties' of type [org.apache.rocketmq.spring.autoconfigure.RocketMQProperties] is not eligible for getting processed by all BeanPostProcessors (for example: not eligible for auto-proxying)
[transaction-service][53060] 2022-07-10 12:47:46,689 INFO [main][PostProcessorRegistrationDelegate.java:330] - Bean 'defaultMQProducer' of type [org.apache.rocketmq.client.producer.DefaultMQProducer] is not eligible for getting processed by all BeanPostProcessors (for example: not eligible for auto-proxying)
[transaction-service][53060] 2022-07-10 12:47:46,698 INFO [main][PostProcessorRegistrationDelegate.java:330] - Bean 'org.springframework.boot.autoconfigure.jackson.JacksonAutoConfiguration$JacksonObjectMapperConfiguration' of type [org.springframework.boot.autoconfigure.jackson.JacksonAutoConfiguration$JacksonObjectMapperConfiguration$$EnhancerBySpringCGLIB$$ffd1c8bd] is not eligible for getting processed by all BeanPostProcessors (for example: not eligible for auto-proxying)
[transaction-service][53060] 2022-07-10 12:47:46,712 INFO [main][PostProcessorRegistrationDelegate.java:330] - Bean 'org.springframework.boot.autoconfigure.jackson.JacksonAutoConfiguration$JacksonObjectMapperBuilderConfiguration' of type [org.springframework.boot.autoconfigure.jackson.JacksonAutoConfiguration$JacksonObjectMapperBuilderConfiguration$$EnhancerBySpringCGLIB$$b21e8ad6] is not eligible for getting processed by all BeanPostProcessors (for example: not eligible for auto-proxying)
[transaction-service][53060] 2022-07-10 12:47:46,724 INFO [main][PostProcessorRegistrationDelegate.java:330] - Bean 'org.springframework.boot.autoconfigure.jackson.JacksonAutoConfiguration$Jackson2ObjectMapperBuilderCustomizerConfiguration' of type [org.springframework.boot.autoconfigure.jackson.JacksonAutoConfiguration$Jackson2ObjectMapperBuilderCustomizerConfiguration$$EnhancerBySpringCGLIB$$6d3570c5] is not eligible for getting processed by all BeanPostProcessors (for example: not eligible for auto-proxying)
[transaction-service][53060] 2022-07-10 12:47:46,739 INFO [main][PostProcessorRegistrationDelegate.java:330] - Bean 'spring.jackson-org.springframework.boot.autoconfigure.jackson.JacksonProperties' of type [org.springframework.boot.autoconfigure.jackson.JacksonProperties] is not eligible for getting processed by all BeanPostProcessors (for example: not eligible for auto-proxying)
[transaction-service][53060] 2022-07-10 12:47:46,745 INFO [main][PostProcessorRegistrationDelegate.java:330] - Bean 'standardJacksonObjectMapperBuilderCustomizer' of type [org.springframework.boot.autoconfigure.jackson.JacksonAutoConfiguration$Jackson2ObjectMapperBuilderCustomizerConfiguration$StandardJackson2ObjectMapperBuilderCustomizer] is not eligible for getting processed by all BeanPostProcessors (for example: not eligible for auto-proxying)
[transaction-service][53060] 2022-07-10 12:47:46,757 INFO [main][PostProcessorRegistrationDelegate.java:330] - Bean 'org.springframework.boot.autoconfigure.jackson.JacksonAutoConfiguration$ParameterNamesModuleConfiguration' of type [org.springframework.boot.autoconfigure.jackson.JacksonAutoConfiguration$ParameterNamesModuleConfiguration$$EnhancerBySpringCGLIB$$9400e7f3] is not eligible for getting processed by all BeanPostProcessors (for example: not eligible for auto-proxying)
[transaction-service][53060] 2022-07-10 12:47:46,776 INFO [main][PostProcessorRegistrationDelegate.java:330] - Bean 'parameterNamesModule' of type [com.fasterxml.jackson.module.paramnames.ParameterNamesModule] is not eligible for getting processed by all BeanPostProcessors (for example: not eligible for auto-proxying)
[transaction-service][53060] 2022-07-10 12:47:46,778 INFO [main][PostProcessorRegistrationDelegate.java:330] - Bean 'org.springframework.boot.autoconfigure.jackson.JacksonAutoConfiguration' of type [org.springframework.boot.autoconfigure.jackson.JacksonAutoConfiguration$$EnhancerBySpringCGLIB$$e1dd664c] is not eligible for getting processed by all BeanPostProcessors (for example: not eligible for auto-proxying)
[transaction-service][53060] 2022-07-10 12:47:47,089 INFO [main][PostProcessorRegistrationDelegate.java:330] - Bean 'jsonComponentModule' of type [org.springframework.boot.jackson.JsonComponentModule] is not eligible for getting processed by all BeanPostProcessors (for example: not eligible for auto-proxying)
[transaction-service][53060] 2022-07-10 12:47:47,094 INFO [main][PostProcessorRegistrationDelegate.java:330] - Bean 'org.springframework.data.web.config.SpringDataJacksonConfiguration' of type [org.springframework.data.web.config.SpringDataJacksonConfiguration] is not eligible for getting processed by all BeanPostProcessors (for example: not eligible for auto-proxying)
[transaction-service][53060] 2022-07-10 12:47:47,111 INFO [main][PostProcessorRegistrationDelegate.java:330] - Bean 'jacksonGeoModule' of type [org.springframework.data.geo.GeoModule] is not eligible for getting processed by all BeanPostProcessors (for example: not eligible for auto-proxying)
[transaction-service][53060] 2022-07-10 12:47:47,120 INFO [main][PostProcessorRegistrationDelegate.java:330] - Bean 'jacksonObjectMapperBuilder' of type [org.springframework.http.converter.json.Jackson2ObjectMapperBuilder] is not eligible for getting processed by all BeanPostProcessors (for example: not eligible for auto-proxying)
[transaction-service][53060] 2022-07-10 12:47:47,202 INFO [main][PostProcessorRegistrationDelegate.java:330] - Bean 'jacksonObjectMapper' of type [com.fasterxml.jackson.databind.ObjectMapper] is not eligible for getting processed by all BeanPostProcessors (for example: not eligible for auto-proxying)
[transaction-service][53060] 2022-07-10 12:48:01,371 INFO [main][PostProcessorRegistrationDelegate.java:330] - Bean 'rocketMQTemplate' of type [org.apache.rocketmq.spring.core.RocketMQTemplate] is not eligible for getting processed by all BeanPostProcessors (for example: not eligible for auto-proxying)
[transaction-service][53060] 2022-07-10 12:48:01,375 INFO [main][PostProcessorRegistrationDelegate.java:330] - Bean 'transactionHandlerRegistry' of type [org.apache.rocketmq.spring.config.TransactionHandlerRegistry] is not eligible for getting processed by all BeanPostProcessors (for example: not eligible for auto-proxying)
[transaction-service][53060] 2022-07-10 12:48:01,547 INFO [main][PostProcessorRegistrationDelegate.java:330] - Bean 'org.springframework.transaction.annotation.ProxyTransactionManagementConfiguration' of type [org.springframework.transaction.annotation.ProxyTransactionManagementConfiguration$$EnhancerBySpringCGLIB$$a43e492c] is not eligible for getting processed by all BeanPostProcessors (for example: not eligible for auto-proxying)
[transaction-service][53060] 2022-07-10 12:48:01,645 INFO [main][PostProcessorRegistrationDelegate.java:330] - Bean 'org.springframework.cloud.autoconfigure.ConfigurationPropertiesRebinderAutoConfiguration' of type [org.springframework.cloud.autoconfigure.ConfigurationPropertiesRebinderAutoConfiguration$$EnhancerBySpringCGLIB$$c0584c29] is not eligible for getting processed by all BeanPostProcessors (for example: not eligible for auto-proxying)
[transaction-service][53060] 2022-07-10 12:48:03,177 INFO [main][TomcatWebServer.java:90] - Tomcat initialized with port(s): 53060 (http)
[transaction-service][53060] 2022-07-10 12:48:03,240 INFO [main][DirectJDKLog.java:173] - Initializing ProtocolHandler ["http-nio-53060"]
[transaction-service][53060] 2022-07-10 12:48:03,268 INFO [main][DirectJDKLog.java:173] - Starting service [Tomcat]
[transaction-service][53060] 2022-07-10 12:48:03,270 INFO [main][DirectJDKLog.java:173] - Starting Servlet engine: [Apache Tomcat/9.0.16]
[transaction-service][53060] 2022-07-10 12:48:03,291 INFO [main][DirectJDKLog.java:173] - The APR based Apache Tomcat Native library which allows optimal performance in production environments was not found on the java.library.path: [E:\jdk1.8.0_161\bin;C:\WINDOWS\Sun\Java\bin;C:\WINDOWS\system32;C:\WINDOWS;E:\Ruby26-x64\bin;C:\Program Files (x86)\Common Files\Oracle\Java\javapath;C:\Program Files\VanDyke Software\Clients\;E:\Anaconda;E:\Anaconda\Library\mingw-w64\bin;E:\Anaconda\Library\usr\bin;E:\Anaconda\Library\bin;E:\Anaconda\Scripts;C:\WINDOWS\system32;C:\WINDOWS;C:\WINDOWS\System32\Wbem;C:\WINDOWS\System32\WindowsPowerShell\v1.0\;C:\WINDOWS\System32\OpenSSH\;E:\mysql-5.7.20-winx64\bin;C:\Program Files\dotnet\;E:\nodejs\;C:\Users\Administrator\AppData\Roaming\npm;E:\nodejs\node_global\;C:\Program Files (x86)\Common Files\Thunder Network\KanKan\Codecs;E:\spark-2.1.1-hadoop2.7\bin;D:\Android\Sdk\platform-tools;E:\TortoiseSVN\bin;E:\TortoiseSVN\bin;E:\Subversion\bin;C:\Program Files\Docker\Docker\resources\bin;C:\ProgramData\DockerDesktop\version-bin;E:\CMake\bin;C:\mingw64\bin;E:\scala-2.12.15\bin;C:\Program Files (x86)\scala\bin;E:\spark\bin;E:\spark-2.1.1-hadoop2.7\bin;E:\NetSarang\Xshell 7\;E:\NetSarang\Xftp 7\;C:\Program Files\Git\cmd;E:\apache-maven-3.6.3\bin;E:\jdk1.8.0_161\bin;C:\Users\Administrator\AppData\Local\Microsoft\WindowsApps;E:\IntelliJ IDEA\bin;;C:\Users\Administrator\AppData\Roaming\npm;E:\nodejs\node_global\;C:\Users\Administrator\.dotnet\tools;C:\Users\Administrator\AppData\Local\GitHubDesktop\bin;E:\Microsoft VS Code\bin;.]
[transaction-service][53060] 2022-07-10 12:48:03,839 INFO [main][DirectJDKLog.java:173] - Initializing Spring embedded WebApplicationContext
[transaction-service][53060] 2022-07-10 12:48:03,839 INFO [main][ServletWebServerApplicationContext.java:296] - Root WebApplicationContext: initialization completed in 28934 ms
[transaction-service][53060] 2022-07-10 12:48:04,194 WARN [main][URLConfigurationSource.java:121] - No URLs will be polled as dynamic configuration sources.
[transaction-service][53060] 2022-07-10 12:48:04,197 INFO [main][URLConfigurationSource.java:122] - To enable URLs as dynamic configuration sources, define System property archaius.configurationSource.additionalUrls or make config.properties available on classpath.
[transaction-service][53060] 2022-07-10 12:48:04,227 INFO [main][DynamicPropertyFactory.java:281] - DynamicPropertyFactory is initialized with configuration sources: com.netflix.config.ConcurrentCompositeConfiguration@4276ad40
[transaction-service][53060] 2022-07-10 12:48:06,183 INFO [main][DruidDataSource.java:1002] - {dataSource-1} inited
[transaction-service][53060] 2022-07-10 12:48:06,577 INFO [main][DruidDataSource.java:1002] - {dataSource-2} inited
[transaction-service][53060] 2022-07-10 12:48:16,515 INFO [main][EndpointLinksResolver.java:59] - Exposing 2 endpoint(s) beneath base path '/actuator'
[transaction-service][53060] 2022-07-10 12:48:16,741 INFO [main][PropertySourcedRequestMappingHandlerMapping.java:69] - Mapped URL path [/v2/api-docs] onto method [public org.springframework.http.ResponseEntity<springfox.documentation.spring.web.json.Json> springfox.documentation.swagger2.web.Swagger2Controller.getDocumentation(java.lang.String,javax.servlet.http.HttpServletRequest)]
[transaction-service][53060] 2022-07-10 12:48:16,764 WARN [main][URLConfigurationSource.java:121] - No URLs will be polled as dynamic configuration sources.
[transaction-service][53060] 2022-07-10 12:48:16,764 INFO [main][URLConfigurationSource.java:122] - To enable URLs as dynamic configuration sources, define System property archaius.configurationSource.additionalUrls or make config.properties available on classpath.
[transaction-service][53060] 2022-07-10 12:48:17,031 INFO [main][ExecutorConfigurationSupport.java:171] - Initializing ExecutorService 'applicationTaskExecutor'
[transaction-service][53060] 2022-07-10 12:48:22,119 INFO [main][InstanceInfoFactory.java:71] - Setting initial instance status as: STARTING
[transaction-service][53060] 2022-07-10 12:48:22,203 INFO [main][DiscoveryClient.java:349] - Initializing Eureka in region us-east-1
[transaction-service][53060] 2022-07-10 12:48:23,754 INFO [main][DiscoveryJerseyProvider.java:70] - Using JSON encoding codec LegacyJacksonJson
[transaction-service][53060] 2022-07-10 12:48:23,755 INFO [main][DiscoveryJerseyProvider.java:71] - Using JSON decoding codec LegacyJacksonJson
[transaction-service][53060] 2022-07-10 12:48:24,009 INFO [main][DiscoveryJerseyProvider.java:80] - Using XML encoding codec XStreamXml
[transaction-service][53060] 2022-07-10 12:48:24,010 INFO [main][DiscoveryJerseyProvider.java:81] - Using XML decoding codec XStreamXml
[transaction-service][53060] 2022-07-10 12:48:24,347 INFO [main][ConfigClusterResolver.java:43] - Resolving eureka endpoints via configuration
[transaction-service][53060] 2022-07-10 12:48:25,483 INFO [main][DiscoveryClient.java:958] - Disable delta property : false
[transaction-service][53060] 2022-07-10 12:48:25,484 INFO [main][DiscoveryClient.java:959] - Single vip registry refresh property : null
[transaction-service][53060] 2022-07-10 12:48:25,484 INFO [main][DiscoveryClient.java:960] - Force full registry fetch : false
[transaction-service][53060] 2022-07-10 12:48:25,485 INFO [main][DiscoveryClient.java:961] - Application is null : false
[transaction-service][53060] 2022-07-10 12:48:25,485 INFO [main][DiscoveryClient.java:962] - Registered Applications size is zero : true
[transaction-service][53060] 2022-07-10 12:48:25,485 INFO [main][DiscoveryClient.java:964] - Application version is -1: true
[transaction-service][53060] 2022-07-10 12:48:25,486 INFO [main][DiscoveryClient.java:1047] - Getting all instance registry info from the eureka server
[transaction-service][53060] 2022-07-10 12:48:25,857 INFO [main][DiscoveryClient.java:1056] - The response status is 200
[transaction-service][53060] 2022-07-10 12:48:25,862 INFO [main][DiscoveryClient.java:1270] - Starting heartbeat executor: renew interval is: 30
[transaction-service][53060] 2022-07-10 12:48:25,869 INFO [main][InstanceInfoReplicator.java:60] - InstanceInfoReplicator onDemand update allowed rate per min is 4
[transaction-service][53060] 2022-07-10 12:48:25,876 INFO [main][DiscoveryClient.java:449] - Discovery Client initialized at timestamp 1657428505874 with initial instances count: 4
[transaction-service][53060] 2022-07-10 12:48:25,879 INFO [main][EurekaServiceRegistry.java:42] - Registering application TRANSACTION-SERVICE with eureka with status UP
[transaction-service][53060] 2022-07-10 12:48:25,880 INFO [main][DiscoveryClient.java:1305] - Saw local status change event StatusChangeEvent [timestamp=1657428505880, current=UP, previous=STARTING]
[transaction-service][53060] 2022-07-10 12:48:25,884 INFO [main][DocumentationPluginsBootstrapper.java:160] - Context refreshed
[transaction-service][53060] 2022-07-10 12:48:25,886 INFO [DiscoveryClient-InstanceInfoReplicator-0][DiscoveryClient.java:826] - DiscoveryClient_TRANSACTION-SERVICE/transaction-service:192.168.1.4:53060: registering service...
[transaction-service][53060] 2022-07-10 12:48:25,906 INFO [main][DocumentationPluginsBootstrapper.java:163] - Found 1 custom documentation plugin(s)
[transaction-service][53060] 2022-07-10 12:48:25,975 INFO [DiscoveryClient-InstanceInfoReplicator-0][DiscoveryClient.java:835] - DiscoveryClient_TRANSACTION-SERVICE/transaction-service:192.168.1.4:53060 - registration status: 204
[transaction-service][53060] 2022-07-10 12:48:25,981 INFO [main][ApiListingReferenceScanner.java:41] - Scanning for api listing references
[transaction-service][53060] 2022-07-10 12:48:26,230 INFO [main][CachingOperationNameGenerator.java:40] - Generating unique operation named: handleUsingGET_1
[transaction-service][53060] 2022-07-10 12:48:26,233 INFO [main][CachingOperationNameGenerator.java:40] - Generating unique operation named: handleUsingGET_2
[transaction-service][53060] 2022-07-10 12:48:26,235 INFO [main][CachingOperationNameGenerator.java:40] - Generating unique operation named: handleUsingGET_3
[transaction-service][53060] 2022-07-10 12:48:26,344 INFO [main][CachingOperationNameGenerator.java:40] - Generating unique operation named: queryProjectsUsingPOST_1
[transaction-service][53060] 2022-07-10 12:48:26,400 INFO [main][DirectJDKLog.java:173] - Starting ProtocolHandler ["http-nio-53060"]
[transaction-service][53060] 2022-07-10 12:48:26,438 INFO [main][TomcatWebServer.java:204] - Tomcat started on port(s): 53060 (http) with context path '/transaction'
[transaction-service][53060] 2022-07-10 12:48:26,439 INFO [main][EurekaAutoServiceRegistration.java:141] - Updating port to 53060
[transaction-service][53060] 2022-07-10 12:48:26,444 INFO [main][StartupInfoLogger.java:59] - Started TransactionService in 84.309 seconds (JVM running for 94.52)
[transaction-service][53060] 2022-07-10 12:48:28,235 INFO [RMI TCP Connection(5)-172.26.144.1][SQLLogger.java:89] - Rule Type: sharding
[transaction-service][53060] 2022-07-10 12:48:28,236 INFO [RMI TCP Connection(5)-172.26.144.1][SQLLogger.java:89] - Logic SQL: /* ping */ SELECT 1
[transaction-service][53060] 2022-07-10 12:48:28,237 INFO [RMI TCP Connection(5)-172.26.144.1][SQLLogger.java:89] - SQLStatement: SelectStatement(super=DQLStatement(super=AbstractSQLStatement(type=DQL, tables=Tables(tables=[]), routeConditions=Conditions(orCondition=OrCondition(andConditions=[])), encryptConditions=Conditions(orCondition=OrCondition(andConditions=[])), sqlTokens=[], parametersIndex=0, logicSQL=/* ping */ SELECT 1)), containStar=false, firstSelectItemStartIndex=18, selectListStopIndex=18, groupByLastIndex=0, items=[CommonSelectItem(expression=1, alias=Optional.absent())], groupByItems=[], orderByItems=[], limit=null, subqueryStatement=null, subqueryStatements=[], subqueryConditions=[])
[transaction-service][53060] 2022-07-10 12:48:28,239 INFO [RMI TCP Connection(5)-172.26.144.1][SQLLogger.java:89] - Actual SQL: ds0 ::: /* ping */ SELECT 1
[transaction-service][53060] 2022-07-10 12:48:29,379 INFO [RMI TCP Connection(7)-172.26.144.1][DirectJDKLog.java:173] - Initializing Spring DispatcherServlet 'dispatcherServlet'
[transaction-service][53060] 2022-07-10 12:48:29,379 INFO [RMI TCP Connection(7)-172.26.144.1][FrameworkServlet.java:524] - Initializing Servlet 'dispatcherServlet'
[transaction-service][53060] 2022-07-10 12:48:29,397 INFO [RMI TCP Connection(7)-172.26.144.1][FrameworkServlet.java:546] - Completed initialization in 17 ms
[transaction-service][53060] 2022-07-10 12:52:29,599 WARN [Apollo-RemoteConfigRepository-1][RemoteConfigRepository.java:194] - Load config failed, will retry in 1 SECONDS. appId: transaction-service, cluster: DEFAULT, namespaces: micro_service.spring-cloud-feign
[transaction-service][53060] 2022-07-10 12:52:30,612 WARN [Apollo-RemoteConfigRepository-1][AbstractConfigRepository.java:26] - Sync config failed, will retry. Repository class com.ctrip.framework.apollo.internals.RemoteConfigRepository, reason: Load Apollo Config failed - appId: transaction-service, cluster: DEFAULT, namespace: micro_service.spring-cloud-feign, url: http://192.168.1.4:8080/configs/transaction-service/DEFAULT/micro_service.spring-cloud-feign?ip=172.26.144.1&messages=%7B%22details%22%3A%7B%22transaction-service%2Bdefault%2Bmicro_service.spring-cloud-feign%22%3A285%2C%22common-template%2Bdefault%2Bmicro_service.spring-cloud-feign%22%3A403%7D%7D [Cause: [status code: 404] Could not find config for namespace - appId: transaction-service, cluster: DEFAULT, namespace: micro_service.spring-cloud-feign, please check whether the configs are released in Apollo!]
[transaction-service][53060] 2022-07-10 12:52:34,930 DEBUG [http-nio-53060-exec-1][BaseJdbcLogger.java:159] - ==>  Preparing: SELECT COUNT(1) FROM project WHERE PROJECT_STATUS = ? 
[transaction-service][53060] 2022-07-10 12:52:34,982 DEBUG [http-nio-53060-exec-1][BaseJdbcLogger.java:159] - ==> Parameters: COLLECTING(String)
[transaction-service][53060] 2022-07-10 12:52:35,074 INFO [http-nio-53060-exec-1][SQLLogger.java:89] - Rule Type: sharding
[transaction-service][53060] 2022-07-10 12:52:35,075 INFO [http-nio-53060-exec-1][SQLLogger.java:89] - Logic SQL: SELECT COUNT(1) FROM project WHERE PROJECT_STATUS = ?
[transaction-service][53060] 2022-07-10 12:52:35,076 INFO [http-nio-53060-exec-1][SQLLogger.java:89] - SQLStatement: SelectStatement(super=DQLStatement(super=AbstractSQLStatement(type=DQL, tables=Tables(tables=[Table(name=project, alias=Optional.absent())]), routeConditions=Conditions(orCondition=OrCondition(andConditions=[])), encryptConditions=Conditions(orCondition=OrCondition(andConditions=[])), sqlTokens=[TableToken(tableName=project, quoteCharacter=NONE, schemaNameLength=0)], parametersIndex=1, logicSQL=SELECT COUNT(1) FROM project WHERE PROJECT_STATUS = ?)), containStar=false, firstSelectItemStartIndex=7, selectListStopIndex=14, groupByLastIndex=0, items=[AggregationSelectItem(type=COUNT, innerExpression=(1), alias=Optional.absent(), derivedAggregationSelectItems=[], index=-1)], groupByItems=[], orderByItems=[], limit=null, subqueryStatement=null, subqueryStatements=[], subqueryConditions=[])
[transaction-service][53060] 2022-07-10 12:52:35,076 INFO [http-nio-53060-exec-1][SQLLogger.java:89] - Actual SQL: ds0 ::: SELECT COUNT(1) FROM project_0 WHERE PROJECT_STATUS = ? ::: [COLLECTING]
[transaction-service][53060] 2022-07-10 12:52:35,077 INFO [http-nio-53060-exec-1][SQLLogger.java:89] - Actual SQL: ds0 ::: SELECT COUNT(1) FROM project_1 WHERE PROJECT_STATUS = ? ::: [COLLECTING]
[transaction-service][53060] 2022-07-10 12:52:35,077 INFO [http-nio-53060-exec-1][SQLLogger.java:89] - Actual SQL: ds1 ::: SELECT COUNT(1) FROM project_0 WHERE PROJECT_STATUS = ? ::: [COLLECTING]
[transaction-service][53060] 2022-07-10 12:52:35,077 INFO [http-nio-53060-exec-1][SQLLogger.java:89] - Actual SQL: ds1 ::: SELECT COUNT(1) FROM project_1 WHERE PROJECT_STATUS = ? ::: [COLLECTING]
[transaction-service][53060] 2022-07-10 12:52:35,172 DEBUG [http-nio-53060-exec-1][BaseJdbcLogger.java:159] - ==>  Preparing: SELECT ID,CONSUMER_ID,USER_NO,PROJECT_NO,NAME,DESCRIPTION,TYPE,PERIOD,ANNUAL_RATE,BORROWER_ANNUAL_RATE,COMMISSION_ANNUAL_RATE,REPAYMENT_WAY,AMOUNT,PROJECT_STATUS,CREATE_DATE,STATUS,IS_ASSIGNMENT,REQUEST_NO,MODIFY_DATE FROM project WHERE PROJECT_STATUS = ? ORDER BY CREATE_DATE DESC LIMIT ?,? 
[transaction-service][53060] 2022-07-10 12:52:35,187 DEBUG [http-nio-53060-exec-1][BaseJdbcLogger.java:159] - ==> Parameters: COLLECTING(String), 0(Long), 10(Long)
[transaction-service][53060] 2022-07-10 12:52:35,247 INFO [http-nio-53060-exec-1][SQLLogger.java:89] - Rule Type: sharding
[transaction-service][53060] 2022-07-10 12:52:35,248 INFO [http-nio-53060-exec-1][SQLLogger.java:89] - Logic SQL: SELECT  ID,CONSUMER_ID,USER_NO,PROJECT_NO,NAME,DESCRIPTION,TYPE,PERIOD,ANNUAL_RATE,BORROWER_ANNUAL_RATE,COMMISSION_ANNUAL_RATE,REPAYMENT_WAY,AMOUNT,PROJECT_STATUS,CREATE_DATE,STATUS,IS_ASSIGNMENT,REQUEST_NO,MODIFY_DATE  FROM project 
 
 WHERE PROJECT_STATUS = ? ORDER BY CREATE_DATE DESC LIMIT ?,?
[transaction-service][53060] 2022-07-10 12:52:35,248 INFO [http-nio-53060-exec-1][SQLLogger.java:89] - SQLStatement: SelectStatement(super=DQLStatement(super=AbstractSQLStatement(type=DQL, tables=Tables(tables=[Table(name=project, alias=Optional.absent())]), routeConditions=Conditions(orCondition=OrCondition(andConditions=[])), encryptConditions=Conditions(orCondition=OrCondition(andConditions=[])), sqlTokens=[TableToken(tableName=project, quoteCharacter=NONE, schemaNameLength=0)], parametersIndex=3, logicSQL=SELECT  ID,CONSUMER_ID,USER_NO,PROJECT_NO,NAME,DESCRIPTION,TYPE,PERIOD,ANNUAL_RATE,BORROWER_ANNUAL_RATE,COMMISSION_ANNUAL_RATE,REPAYMENT_WAY,AMOUNT,PROJECT_STATUS,CREATE_DATE,STATUS,IS_ASSIGNMENT,REQUEST_NO,MODIFY_DATE  FROM project 
 
 WHERE PROJECT_STATUS = ? ORDER BY CREATE_DATE DESC LIMIT ?,?)), containStar=false, firstSelectItemStartIndex=8, selectListStopIndex=217, groupByLastIndex=0, items=[CommonSelectItem(expression=ID, alias=Optional.absent()), CommonSelectItem(expression=CONSUMER_ID, alias=Optional.absent()), CommonSelectItem(expression=USER_NO, alias=Optional.absent()), CommonSelectItem(expression=PROJECT_NO, alias=Optional.absent()), CommonSelectItem(expression=NAME, alias=Optional.absent()), CommonSelectItem(expression=DESCRIPTION, alias=Optional.absent()), CommonSelectItem(expression=TYPE, alias=Optional.absent()), CommonSelectItem(expression=PERIOD, alias=Optional.absent()), CommonSelectItem(expression=ANNUAL_RATE, alias=Optional.absent()), CommonSelectItem(expression=BORROWER_ANNUAL_RATE, alias=Optional.absent()), CommonSelectItem(expression=COMMISSION_ANNUAL_RATE, alias=Optional.absent()), CommonSelectItem(expression=REPAYMENT_WAY, alias=Optional.absent()), CommonSelectItem(expression=AMOUNT, alias=Optional.absent()), CommonSelectItem(expression=PROJECT_STATUS, alias=Optional.absent()), CommonSelectItem(expression=CREATE_DATE, alias=Optional.absent()), CommonSelectItem(expression=STATUS, alias=Optional.absent()), CommonSelectItem(expression=IS_ASSIGNMENT, alias=Optional.absent()), CommonSelectItem(expression=REQUEST_NO, alias=Optional.absent()), CommonSelectItem(expression=MODIFY_DATE, alias=Optional.absent())], groupByItems=[], orderByItems=[OrderItem(owner=Optional.absent(), name=Optional.of(CREATE_DATE), orderDirection=DESC, nullOrderDirection=ASC, index=-1, expression=null, alias=Optional.absent())], limit=Limit(offset=LimitValue(value=-1, index=1, boundOpened=false), rowCount=LimitValue(value=-1, index=2, boundOpened=false)), subqueryStatement=null, subqueryStatements=[], subqueryConditions=[])
[transaction-service][53060] 2022-07-10 12:52:35,249 INFO [http-nio-53060-exec-1][SQLLogger.java:89] - Actual SQL: ds0 ::: SELECT  ID,CONSUMER_ID,USER_NO,PROJECT_NO,NAME,DESCRIPTION,TYPE,PERIOD,ANNUAL_RATE,BORROWER_ANNUAL_RATE,COMMISSION_ANNUAL_RATE,REPAYMENT_WAY,AMOUNT,PROJECT_STATUS,CREATE_DATE,STATUS,IS_ASSIGNMENT,REQUEST_NO,MODIFY_DATE  FROM project_0 
 
 WHERE PROJECT_STATUS = ? ORDER BY CREATE_DATE DESC LIMIT ?,? ::: [COLLECTING, 0, 10]
[transaction-service][53060] 2022-07-10 12:52:35,249 INFO [http-nio-53060-exec-1][SQLLogger.java:89] - Actual SQL: ds0 ::: SELECT  ID,CONSUMER_ID,USER_NO,PROJECT_NO,NAME,DESCRIPTION,TYPE,PERIOD,ANNUAL_RATE,BORROWER_ANNUAL_RATE,COMMISSION_ANNUAL_RATE,REPAYMENT_WAY,AMOUNT,PROJECT_STATUS,CREATE_DATE,STATUS,IS_ASSIGNMENT,REQUEST_NO,MODIFY_DATE  FROM project_1 
 
 WHERE PROJECT_STATUS = ? ORDER BY CREATE_DATE DESC LIMIT ?,? ::: [COLLECTING, 0, 10]
[transaction-service][53060] 2022-07-10 12:52:35,250 INFO [http-nio-53060-exec-1][SQLLogger.java:89] - Actual SQL: ds1 ::: SELECT  ID,CONSUMER_ID,USER_NO,PROJECT_NO,NAME,DESCRIPTION,TYPE,PERIOD,ANNUAL_RATE,BORROWER_ANNUAL_RATE,COMMISSION_ANNUAL_RATE,REPAYMENT_WAY,AMOUNT,PROJECT_STATUS,CREATE_DATE,STATUS,IS_ASSIGNMENT,REQUEST_NO,MODIFY_DATE  FROM project_0 
 
 WHERE PROJECT_STATUS = ? ORDER BY CREATE_DATE DESC LIMIT ?,? ::: [COLLECTING, 0, 10]
[transaction-service][53060] 2022-07-10 12:52:35,250 INFO [http-nio-53060-exec-1][SQLLogger.java:89] - Actual SQL: ds1 ::: SELECT  ID,CONSUMER_ID,USER_NO,PROJECT_NO,NAME,DESCRIPTION,TYPE,PERIOD,ANNUAL_RATE,BORROWER_ANNUAL_RATE,COMMISSION_ANNUAL_RATE,REPAYMENT_WAY,AMOUNT,PROJECT_STATUS,CREATE_DATE,STATUS,IS_ASSIGNMENT,REQUEST_NO,MODIFY_DATE  FROM project_1 
 
 WHERE PROJECT_STATUS = ? ORDER BY CREATE_DATE DESC LIMIT ?,? ::: [COLLECTING, 0, 10]
[transaction-service][53060] 2022-07-10 12:52:35,327 DEBUG [http-nio-53060-exec-1][BaseJdbcLogger.java:159] - <==      Total: 1
[transaction-service][53060] 2022-07-10 12:53:25,502 INFO [AsyncResolver-bootstrap-executor-0][ConfigClusterResolver.java:43] - Resolving eureka endpoints via configuration
[transaction-service][53060] 2022-07-10 12:56:29,457 DEBUG [http-nio-53060-exec-3][BaseJdbcLogger.java:159] - ==>  Preparing: SELECT ID,CONSUMER_ID,USER_NO,PROJECT_NO,NAME,DESCRIPTION,TYPE,PERIOD,ANNUAL_RATE,BORROWER_ANNUAL_RATE,COMMISSION_ANNUAL_RATE,REPAYMENT_WAY,AMOUNT,PROJECT_STATUS,CREATE_DATE,STATUS,IS_ASSIGNMENT,REQUEST_NO,MODIFY_DATE FROM project WHERE ID IN (?) 
[transaction-service][53060] 2022-07-10 12:56:29,462 DEBUG [http-nio-53060-exec-3][BaseJdbcLogger.java:159] - ==> Parameters: 1545794458589818882(Long)
[transaction-service][53060] 2022-07-10 12:56:29,632 INFO [http-nio-53060-exec-3][SQLLogger.java:89] - Rule Type: sharding
[transaction-service][53060] 2022-07-10 12:56:29,633 INFO [http-nio-53060-exec-3][SQLLogger.java:89] - Logic SQL: SELECT  ID,CONSUMER_ID,USER_NO,PROJECT_NO,NAME,DESCRIPTION,TYPE,PERIOD,ANNUAL_RATE,BORROWER_ANNUAL_RATE,COMMISSION_ANNUAL_RATE,REPAYMENT_WAY,AMOUNT,PROJECT_STATUS,CREATE_DATE,STATUS,IS_ASSIGNMENT,REQUEST_NO,MODIFY_DATE  FROM project 
 
 WHERE ID IN (?)
[transaction-service][53060] 2022-07-10 12:56:29,634 INFO [http-nio-53060-exec-3][SQLLogger.java:89] - SQLStatement: SelectStatement(super=DQLStatement(super=AbstractSQLStatement(type=DQL, tables=Tables(tables=[Table(name=project, alias=Optional.absent())]), routeConditions=Conditions(orCondition=OrCondition(andConditions=[AndCondition(conditions=[Condition(column=Column(name=ID, tableName=project), operator=IN, compareOperator=null, positionValueMap={}, positionIndexMap={0=0})])])), encryptConditions=Conditions(orCondition=OrCondition(andConditions=[])), sqlTokens=[TableToken(tableName=project, quoteCharacter=NONE, schemaNameLength=0)], parametersIndex=1, logicSQL=SELECT  ID,CONSUMER_ID,USER_NO,PROJECT_NO,NAME,DESCRIPTION,TYPE,PERIOD,ANNUAL_RATE,BORROWER_ANNUAL_RATE,COMMISSION_ANNUAL_RATE,REPAYMENT_WAY,AMOUNT,PROJECT_STATUS,CREATE_DATE,STATUS,IS_ASSIGNMENT,REQUEST_NO,MODIFY_DATE  FROM project 
 
 WHERE ID IN (?))), containStar=false, firstSelectItemStartIndex=8, selectListStopIndex=217, groupByLastIndex=0, items=[CommonSelectItem(expression=ID, alias=Optional.absent()), CommonSelectItem(expression=CONSUMER_ID, alias=Optional.absent()), CommonSelectItem(expression=USER_NO, alias=Optional.absent()), CommonSelectItem(expression=PROJECT_NO, alias=Optional.absent()), CommonSelectItem(expression=NAME, alias=Optional.absent()), CommonSelectItem(expression=DESCRIPTION, alias=Optional.absent()), CommonSelectItem(expression=TYPE, alias=Optional.absent()), CommonSelectItem(expression=PERIOD, alias=Optional.absent()), CommonSelectItem(expression=ANNUAL_RATE, alias=Optional.absent()), CommonSelectItem(expression=BORROWER_ANNUAL_RATE, alias=Optional.absent()), CommonSelectItem(expression=COMMISSION_ANNUAL_RATE, alias=Optional.absent()), CommonSelectItem(expression=REPAYMENT_WAY, alias=Optional.absent()), CommonSelectItem(expression=AMOUNT, alias=Optional.absent()), CommonSelectItem(expression=PROJECT_STATUS, alias=Optional.absent()), CommonSelectItem(expression=CREATE_DATE, alias=Optional.absent()), CommonSelectItem(expression=STATUS, alias=Optional.absent()), CommonSelectItem(expression=IS_ASSIGNMENT, alias=Optional.absent()), CommonSelectItem(expression=REQUEST_NO, alias=Optional.absent()), CommonSelectItem(expression=MODIFY_DATE, alias=Optional.absent())], groupByItems=[], orderByItems=[], limit=null, subqueryStatement=null, subqueryStatements=[], subqueryConditions=[])
[transaction-service][53060] 2022-07-10 12:56:29,635 INFO [http-nio-53060-exec-3][SQLLogger.java:89] - Actual SQL: ds0 ::: SELECT  ID,CONSUMER_ID,USER_NO,PROJECT_NO,NAME,DESCRIPTION,TYPE,PERIOD,ANNUAL_RATE,BORROWER_ANNUAL_RATE,COMMISSION_ANNUAL_RATE,REPAYMENT_WAY,AMOUNT,PROJECT_STATUS,CREATE_DATE,STATUS,IS_ASSIGNMENT,REQUEST_NO,MODIFY_DATE  FROM project_0 
 
 WHERE ID IN (?) ::: [1545794458589818882]
[transaction-service][53060] 2022-07-10 12:56:29,635 INFO [http-nio-53060-exec-3][SQLLogger.java:89] - Actual SQL: ds1 ::: SELECT  ID,CONSUMER_ID,USER_NO,PROJECT_NO,NAME,DESCRIPTION,TYPE,PERIOD,ANNUAL_RATE,BORROWER_ANNUAL_RATE,COMMISSION_ANNUAL_RATE,REPAYMENT_WAY,AMOUNT,PROJECT_STATUS,CREATE_DATE,STATUS,IS_ASSIGNMENT,REQUEST_NO,MODIFY_DATE  FROM project_0 
 
 WHERE ID IN (?) ::: [1545794458589818882]
[transaction-service][53060] 2022-07-10 12:56:29,652 DEBUG [http-nio-53060-exec-3][BaseJdbcLogger.java:159] - <==      Total: 1
[transaction-service][53060] 2022-07-10 12:56:29,655 DEBUG [http-nio-53060-exec-3][BaseJdbcLogger.java:159] - ==>  Preparing: SELECT IFNULL(SUM(AMOUNT), 0.0) FROM tender WHERE PROJECT_ID = ? AND STATUS = 1 
[transaction-service][53060] 2022-07-10 12:56:29,660 DEBUG [http-nio-53060-exec-3][BaseJdbcLogger.java:159] - ==> Parameters: 1545794458589818882(Long)
[transaction-service][53060] 2022-07-10 12:56:29,693 INFO [http-nio-53060-exec-3][SQLLogger.java:89] - Rule Type: sharding
[transaction-service][53060] 2022-07-10 12:56:29,694 INFO [http-nio-53060-exec-3][SQLLogger.java:89] - Logic SQL: SELECT IFNULL(SUM(AMOUNT), 0.0) FROM tender WHERE PROJECT_ID = ? AND STATUS = 1
[transaction-service][53060] 2022-07-10 12:56:29,694 INFO [http-nio-53060-exec-3][SQLLogger.java:89] - SQLStatement: SelectStatement(super=DQLStatement(super=AbstractSQLStatement(type=DQL, tables=Tables(tables=[Table(name=tender, alias=Optional.absent())]), routeConditions=Conditions(orCondition=OrCondition(andConditions=[AndCondition(conditions=[Condition(column=Column(name=PROJECT_ID, tableName=tender), operator=EQUAL, compareOperator==, positionValueMap={}, positionIndexMap={0=0})])])), encryptConditions=Conditions(orCondition=OrCondition(andConditions=[])), sqlTokens=[TableToken(tableName=tender, quoteCharacter=NONE, schemaNameLength=0)], parametersIndex=1, logicSQL=SELECT IFNULL(SUM(AMOUNT), 0.0) FROM tender WHERE PROJECT_ID = ? AND STATUS = 1)), containStar=false, firstSelectItemStartIndex=7, selectListStopIndex=30, groupByLastIndex=0, items=[CommonSelectItem(expression=IFNULL(SUM(AMOUNT),0.0), alias=Optional.absent())], groupByItems=[], orderByItems=[], limit=null, subqueryStatement=null, subqueryStatements=[], subqueryConditions=[])
[transaction-service][53060] 2022-07-10 12:56:29,695 INFO [http-nio-53060-exec-3][SQLLogger.java:89] - Actual SQL: ds0 ::: SELECT IFNULL(SUM(AMOUNT), 0.0) FROM tender_0 WHERE PROJECT_ID = ? AND STATUS = 1 ::: [1545794458589818882]
[transaction-service][53060] 2022-07-10 12:56:29,696 INFO [http-nio-53060-exec-3][SQLLogger.java:89] - Actual SQL: ds1 ::: SELECT IFNULL(SUM(AMOUNT), 0.0) FROM tender_0 WHERE PROJECT_ID = ? AND STATUS = 1 ::: [1545794458589818882]
[transaction-service][53060] 2022-07-10 12:56:29,707 DEBUG [http-nio-53060-exec-3][BaseJdbcLogger.java:159] - <==      Total: 2
[transaction-service][53060] 2022-07-10 12:56:29,712 DEBUG [http-nio-53060-exec-3][BaseJdbcLogger.java:159] - ==>  Preparing: SELECT COUNT( 1 ) FROM tender WHERE PROJECT_ID = ? 
[transaction-service][53060] 2022-07-10 12:56:29,715 DEBUG [http-nio-53060-exec-3][BaseJdbcLogger.java:159] - ==> Parameters: 1545794458589818882(Long)
[transaction-service][53060] 2022-07-10 12:56:29,720 INFO [http-nio-53060-exec-3][SQLLogger.java:89] - Rule Type: sharding
[transaction-service][53060] 2022-07-10 12:56:29,721 INFO [http-nio-53060-exec-3][SQLLogger.java:89] - Logic SQL: SELECT COUNT( 1 ) FROM tender 
 
 WHERE PROJECT_ID = ?
[transaction-service][53060] 2022-07-10 12:56:29,721 INFO [http-nio-53060-exec-3][SQLLogger.java:89] - SQLStatement: SelectStatement(super=DQLStatement(super=AbstractSQLStatement(type=DQL, tables=Tables(tables=[Table(name=tender, alias=Optional.absent())]), routeConditions=Conditions(orCondition=OrCondition(andConditions=[AndCondition(conditions=[Condition(column=Column(name=PROJECT_ID, tableName=tender), operator=EQUAL, compareOperator==, positionValueMap={}, positionIndexMap={0=0})])])), encryptConditions=Conditions(orCondition=OrCondition(andConditions=[])), sqlTokens=[TableToken(tableName=tender, quoteCharacter=NONE, schemaNameLength=0)], parametersIndex=1, logicSQL=SELECT COUNT( 1 ) FROM tender 
 
 WHERE PROJECT_ID = ?)), containStar=false, firstSelectItemStartIndex=7, selectListStopIndex=16, groupByLastIndex=0, items=[AggregationSelectItem(type=COUNT, innerExpression=( 1 ), alias=Optional.absent(), derivedAggregationSelectItems=[], index=-1)], groupByItems=[], orderByItems=[], limit=null, subqueryStatement=null, subqueryStatements=[], subqueryConditions=[])
[transaction-service][53060] 2022-07-10 12:56:29,722 INFO [http-nio-53060-exec-3][SQLLogger.java:89] - Actual SQL: ds0 ::: SELECT COUNT( 1 ) FROM tender_0 
 
 WHERE PROJECT_ID = ? ::: [1545794458589818882]
[transaction-service][53060] 2022-07-10 12:56:29,722 INFO [http-nio-53060-exec-3][SQLLogger.java:89] - Actual SQL: ds1 ::: SELECT COUNT( 1 ) FROM tender_0 
 
 WHERE PROJECT_ID = ? ::: [1545794458589818882]
[transaction-service][53060] 2022-07-10 12:56:29,725 DEBUG [http-nio-53060-exec-3][BaseJdbcLogger.java:159] - <==      Total: 1
[transaction-service][53060] 2022-07-10 12:56:31,269 DEBUG [http-nio-53060-exec-4][BaseJdbcLogger.java:159] - ==>  Preparing: SELECT ID,CONSUMER_ID,USER_NO,PROJECT_NO,NAME,DESCRIPTION,TYPE,PERIOD,ANNUAL_RATE,BORROWER_ANNUAL_RATE,COMMISSION_ANNUAL_RATE,REPAYMENT_WAY,AMOUNT,PROJECT_STATUS,CREATE_DATE,STATUS,IS_ASSIGNMENT,REQUEST_NO,MODIFY_DATE FROM project WHERE ID IN (?) 
[transaction-service][53060] 2022-07-10 12:56:31,273 DEBUG [http-nio-53060-exec-4][BaseJdbcLogger.java:159] - ==> Parameters: 1545794458589818882(Long)
[transaction-service][53060] 2022-07-10 12:56:31,275 INFO [http-nio-53060-exec-4][SQLLogger.java:89] - Rule Type: sharding
[transaction-service][53060] 2022-07-10 12:56:31,275 INFO [http-nio-53060-exec-4][SQLLogger.java:89] - Logic SQL: SELECT  ID,CONSUMER_ID,USER_NO,PROJECT_NO,NAME,DESCRIPTION,TYPE,PERIOD,ANNUAL_RATE,BORROWER_ANNUAL_RATE,COMMISSION_ANNUAL_RATE,REPAYMENT_WAY,AMOUNT,PROJECT_STATUS,CREATE_DATE,STATUS,IS_ASSIGNMENT,REQUEST_NO,MODIFY_DATE  FROM project 
 
 WHERE ID IN (?)
[transaction-service][53060] 2022-07-10 12:56:31,276 INFO [http-nio-53060-exec-4][SQLLogger.java:89] - SQLStatement: SelectStatement(super=DQLStatement(super=AbstractSQLStatement(type=DQL, tables=Tables(tables=[Table(name=project, alias=Optional.absent())]), routeConditions=Conditions(orCondition=OrCondition(andConditions=[AndCondition(conditions=[Condition(column=Column(name=ID, tableName=project), operator=IN, compareOperator=null, positionValueMap={}, positionIndexMap={0=0})])])), encryptConditions=Conditions(orCondition=OrCondition(andConditions=[])), sqlTokens=[TableToken(tableName=project, quoteCharacter=NONE, schemaNameLength=0)], parametersIndex=1, logicSQL=SELECT  ID,CONSUMER_ID,USER_NO,PROJECT_NO,NAME,DESCRIPTION,TYPE,PERIOD,ANNUAL_RATE,BORROWER_ANNUAL_RATE,COMMISSION_ANNUAL_RATE,REPAYMENT_WAY,AMOUNT,PROJECT_STATUS,CREATE_DATE,STATUS,IS_ASSIGNMENT,REQUEST_NO,MODIFY_DATE  FROM project 
 
 WHERE ID IN (?))), containStar=false, firstSelectItemStartIndex=8, selectListStopIndex=217, groupByLastIndex=0, items=[CommonSelectItem(expression=ID, alias=Optional.absent()), CommonSelectItem(expression=CONSUMER_ID, alias=Optional.absent()), CommonSelectItem(expression=USER_NO, alias=Optional.absent()), CommonSelectItem(expression=PROJECT_NO, alias=Optional.absent()), CommonSelectItem(expression=NAME, alias=Optional.absent()), CommonSelectItem(expression=DESCRIPTION, alias=Optional.absent()), CommonSelectItem(expression=TYPE, alias=Optional.absent()), CommonSelectItem(expression=PERIOD, alias=Optional.absent()), CommonSelectItem(expression=ANNUAL_RATE, alias=Optional.absent()), CommonSelectItem(expression=BORROWER_ANNUAL_RATE, alias=Optional.absent()), CommonSelectItem(expression=COMMISSION_ANNUAL_RATE, alias=Optional.absent()), CommonSelectItem(expression=REPAYMENT_WAY, alias=Optional.absent()), CommonSelectItem(expression=AMOUNT, alias=Optional.absent()), CommonSelectItem(expression=PROJECT_STATUS, alias=Optional.absent()), CommonSelectItem(expression=CREATE_DATE, alias=Optional.absent()), CommonSelectItem(expression=STATUS, alias=Optional.absent()), CommonSelectItem(expression=IS_ASSIGNMENT, alias=Optional.absent()), CommonSelectItem(expression=REQUEST_NO, alias=Optional.absent()), CommonSelectItem(expression=MODIFY_DATE, alias=Optional.absent())], groupByItems=[], orderByItems=[], limit=null, subqueryStatement=null, subqueryStatements=[], subqueryConditions=[])
[transaction-service][53060] 2022-07-10 12:56:31,277 INFO [http-nio-53060-exec-4][SQLLogger.java:89] - Actual SQL: ds0 ::: SELECT  ID,CONSUMER_ID,USER_NO,PROJECT_NO,NAME,DESCRIPTION,TYPE,PERIOD,ANNUAL_RATE,BORROWER_ANNUAL_RATE,COMMISSION_ANNUAL_RATE,REPAYMENT_WAY,AMOUNT,PROJECT_STATUS,CREATE_DATE,STATUS,IS_ASSIGNMENT,REQUEST_NO,MODIFY_DATE  FROM project_0 
 
 WHERE ID IN (?) ::: [1545794458589818882]
[transaction-service][53060] 2022-07-10 12:56:31,278 INFO [http-nio-53060-exec-4][SQLLogger.java:89] - Actual SQL: ds1 ::: SELECT  ID,CONSUMER_ID,USER_NO,PROJECT_NO,NAME,DESCRIPTION,TYPE,PERIOD,ANNUAL_RATE,BORROWER_ANNUAL_RATE,COMMISSION_ANNUAL_RATE,REPAYMENT_WAY,AMOUNT,PROJECT_STATUS,CREATE_DATE,STATUS,IS_ASSIGNMENT,REQUEST_NO,MODIFY_DATE  FROM project_0 
 
 WHERE ID IN (?) ::: [1545794458589818882]
[transaction-service][53060] 2022-07-10 12:56:31,283 DEBUG [http-nio-53060-exec-4][BaseJdbcLogger.java:159] - <==      Total: 1
[transaction-service][53060] 2022-07-10 12:56:31,286 DEBUG [http-nio-53060-exec-4][BaseJdbcLogger.java:159] - ==>  Preparing: SELECT IFNULL(SUM(AMOUNT), 0.0) FROM tender WHERE PROJECT_ID = ? AND STATUS = 1 
[transaction-service][53060] 2022-07-10 12:56:31,290 DEBUG [http-nio-53060-exec-4][BaseJdbcLogger.java:159] - ==> Parameters: 1545794458589818882(Long)
[transaction-service][53060] 2022-07-10 12:56:31,291 INFO [http-nio-53060-exec-4][SQLLogger.java:89] - Rule Type: sharding
[transaction-service][53060] 2022-07-10 12:56:31,292 INFO [http-nio-53060-exec-4][SQLLogger.java:89] - Logic SQL: SELECT IFNULL(SUM(AMOUNT), 0.0) FROM tender WHERE PROJECT_ID = ? AND STATUS = 1
[transaction-service][53060] 2022-07-10 12:56:31,293 INFO [http-nio-53060-exec-4][SQLLogger.java:89] - SQLStatement: SelectStatement(super=DQLStatement(super=AbstractSQLStatement(type=DQL, tables=Tables(tables=[Table(name=tender, alias=Optional.absent())]), routeConditions=Conditions(orCondition=OrCondition(andConditions=[AndCondition(conditions=[Condition(column=Column(name=PROJECT_ID, tableName=tender), operator=EQUAL, compareOperator==, positionValueMap={}, positionIndexMap={0=0})])])), encryptConditions=Conditions(orCondition=OrCondition(andConditions=[])), sqlTokens=[TableToken(tableName=tender, quoteCharacter=NONE, schemaNameLength=0)], parametersIndex=1, logicSQL=SELECT IFNULL(SUM(AMOUNT), 0.0) FROM tender WHERE PROJECT_ID = ? AND STATUS = 1)), containStar=false, firstSelectItemStartIndex=7, selectListStopIndex=30, groupByLastIndex=0, items=[CommonSelectItem(expression=IFNULL(SUM(AMOUNT),0.0), alias=Optional.absent())], groupByItems=[], orderByItems=[], limit=null, subqueryStatement=null, subqueryStatements=[], subqueryConditions=[])
[transaction-service][53060] 2022-07-10 12:56:31,294 INFO [http-nio-53060-exec-4][SQLLogger.java:89] - Actual SQL: ds0 ::: SELECT IFNULL(SUM(AMOUNT), 0.0) FROM tender_0 WHERE PROJECT_ID = ? AND STATUS = 1 ::: [1545794458589818882]
[transaction-service][53060] 2022-07-10 12:56:31,295 INFO [http-nio-53060-exec-4][SQLLogger.java:89] - Actual SQL: ds1 ::: SELECT IFNULL(SUM(AMOUNT), 0.0) FROM tender_0 WHERE PROJECT_ID = ? AND STATUS = 1 ::: [1545794458589818882]
[transaction-service][53060] 2022-07-10 12:56:31,299 DEBUG [http-nio-53060-exec-4][BaseJdbcLogger.java:159] - <==      Total: 2
[transaction-service][53060] 2022-07-10 12:56:31,304 DEBUG [http-nio-53060-exec-4][BaseJdbcLogger.java:159] - ==>  Preparing: SELECT COUNT( 1 ) FROM tender WHERE PROJECT_ID = ? 
[transaction-service][53060] 2022-07-10 12:56:31,310 DEBUG [http-nio-53060-exec-4][BaseJdbcLogger.java:159] - ==> Parameters: 1545794458589818882(Long)
[transaction-service][53060] 2022-07-10 12:56:31,311 INFO [http-nio-53060-exec-4][SQLLogger.java:89] - Rule Type: sharding
[transaction-service][53060] 2022-07-10 12:56:31,312 INFO [http-nio-53060-exec-4][SQLLogger.java:89] - Logic SQL: SELECT COUNT( 1 ) FROM tender 
 
 WHERE PROJECT_ID = ?
[transaction-service][53060] 2022-07-10 12:56:31,312 INFO [http-nio-53060-exec-4][SQLLogger.java:89] - SQLStatement: SelectStatement(super=DQLStatement(super=AbstractSQLStatement(type=DQL, tables=Tables(tables=[Table(name=tender, alias=Optional.absent())]), routeConditions=Conditions(orCondition=OrCondition(andConditions=[AndCondition(conditions=[Condition(column=Column(name=PROJECT_ID, tableName=tender), operator=EQUAL, compareOperator==, positionValueMap={}, positionIndexMap={0=0})])])), encryptConditions=Conditions(orCondition=OrCondition(andConditions=[])), sqlTokens=[TableToken(tableName=tender, quoteCharacter=NONE, schemaNameLength=0)], parametersIndex=1, logicSQL=SELECT COUNT( 1 ) FROM tender 
 
 WHERE PROJECT_ID = ?)), containStar=false, firstSelectItemStartIndex=7, selectListStopIndex=16, groupByLastIndex=0, items=[AggregationSelectItem(type=COUNT, innerExpression=( 1 ), alias=Optional.absent(), derivedAggregationSelectItems=[], index=1)], groupByItems=[], orderByItems=[], limit=null, subqueryStatement=null, subqueryStatements=[], subqueryConditions=[])
[transaction-service][53060] 2022-07-10 12:56:31,313 INFO [http-nio-53060-exec-4][SQLLogger.java:89] - Actual SQL: ds0 ::: SELECT COUNT( 1 ) FROM tender_0 
 
 WHERE PROJECT_ID = ? ::: [1545794458589818882]
[transaction-service][53060] 2022-07-10 12:56:31,314 INFO [http-nio-53060-exec-4][SQLLogger.java:89] - Actual SQL: ds1 ::: SELECT COUNT( 1 ) FROM tender_0 
 
 WHERE PROJECT_ID = ? ::: [1545794458589818882]
[transaction-service][53060] 2022-07-10 12:56:31,318 DEBUG [http-nio-53060-exec-4][BaseJdbcLogger.java:159] - <==      Total: 1
[transaction-service][53060] 2022-07-10 12:56:32,695 DEBUG [http-nio-53060-exec-5][BaseJdbcLogger.java:159] - ==>  Preparing: SELECT ID,CONSUMER_ID,USER_NO,PROJECT_NO,NAME,DESCRIPTION,TYPE,PERIOD,ANNUAL_RATE,BORROWER_ANNUAL_RATE,COMMISSION_ANNUAL_RATE,REPAYMENT_WAY,AMOUNT,PROJECT_STATUS,CREATE_DATE,STATUS,IS_ASSIGNMENT,REQUEST_NO,MODIFY_DATE FROM project WHERE ID IN (?) 
[transaction-service][53060] 2022-07-10 12:56:32,700 DEBUG [http-nio-53060-exec-5][BaseJdbcLogger.java:159] - ==> Parameters: 1545794458589818882(Long)
[transaction-service][53060] 2022-07-10 12:56:32,701 INFO [http-nio-53060-exec-5][SQLLogger.java:89] - Rule Type: sharding
[transaction-service][53060] 2022-07-10 12:56:32,702 INFO [http-nio-53060-exec-5][SQLLogger.java:89] - Logic SQL: SELECT  ID,CONSUMER_ID,USER_NO,PROJECT_NO,NAME,DESCRIPTION,TYPE,PERIOD,ANNUAL_RATE,BORROWER_ANNUAL_RATE,COMMISSION_ANNUAL_RATE,REPAYMENT_WAY,AMOUNT,PROJECT_STATUS,CREATE_DATE,STATUS,IS_ASSIGNMENT,REQUEST_NO,MODIFY_DATE  FROM project 
 
 WHERE ID IN (?)
[transaction-service][53060] 2022-07-10 12:56:32,702 INFO [http-nio-53060-exec-5][SQLLogger.java:89] - SQLStatement: SelectStatement(super=DQLStatement(super=AbstractSQLStatement(type=DQL, tables=Tables(tables=[Table(name=project, alias=Optional.absent())]), routeConditions=Conditions(orCondition=OrCondition(andConditions=[AndCondition(conditions=[Condition(column=Column(name=ID, tableName=project), operator=IN, compareOperator=null, positionValueMap={}, positionIndexMap={0=0})])])), encryptConditions=Conditions(orCondition=OrCondition(andConditions=[])), sqlTokens=[TableToken(tableName=project, quoteCharacter=NONE, schemaNameLength=0)], parametersIndex=1, logicSQL=SELECT  ID,CONSUMER_ID,USER_NO,PROJECT_NO,NAME,DESCRIPTION,TYPE,PERIOD,ANNUAL_RATE,BORROWER_ANNUAL_RATE,COMMISSION_ANNUAL_RATE,REPAYMENT_WAY,AMOUNT,PROJECT_STATUS,CREATE_DATE,STATUS,IS_ASSIGNMENT,REQUEST_NO,MODIFY_DATE  FROM project 
 
 WHERE ID IN (?))), containStar=false, firstSelectItemStartIndex=8, selectListStopIndex=217, groupByLastIndex=0, items=[CommonSelectItem(expression=ID, alias=Optional.absent()), CommonSelectItem(expression=CONSUMER_ID, alias=Optional.absent()), CommonSelectItem(expression=USER_NO, alias=Optional.absent()), CommonSelectItem(expression=PROJECT_NO, alias=Optional.absent()), CommonSelectItem(expression=NAME, alias=Optional.absent()), CommonSelectItem(expression=DESCRIPTION, alias=Optional.absent()), CommonSelectItem(expression=TYPE, alias=Optional.absent()), CommonSelectItem(expression=PERIOD, alias=Optional.absent()), CommonSelectItem(expression=ANNUAL_RATE, alias=Optional.absent()), CommonSelectItem(expression=BORROWER_ANNUAL_RATE, alias=Optional.absent()), CommonSelectItem(expression=COMMISSION_ANNUAL_RATE, alias=Optional.absent()), CommonSelectItem(expression=REPAYMENT_WAY, alias=Optional.absent()), CommonSelectItem(expression=AMOUNT, alias=Optional.absent()), CommonSelectItem(expression=PROJECT_STATUS, alias=Optional.absent()), CommonSelectItem(expression=CREATE_DATE, alias=Optional.absent()), CommonSelectItem(expression=STATUS, alias=Optional.absent()), CommonSelectItem(expression=IS_ASSIGNMENT, alias=Optional.absent()), CommonSelectItem(expression=REQUEST_NO, alias=Optional.absent()), CommonSelectItem(expression=MODIFY_DATE, alias=Optional.absent())], groupByItems=[], orderByItems=[], limit=null, subqueryStatement=null, subqueryStatements=[], subqueryConditions=[])
[transaction-service][53060] 2022-07-10 12:56:32,703 INFO [http-nio-53060-exec-5][SQLLogger.java:89] - Actual SQL: ds0 ::: SELECT  ID,CONSUMER_ID,USER_NO,PROJECT_NO,NAME,DESCRIPTION,TYPE,PERIOD,ANNUAL_RATE,BORROWER_ANNUAL_RATE,COMMISSION_ANNUAL_RATE,REPAYMENT_WAY,AMOUNT,PROJECT_STATUS,CREATE_DATE,STATUS,IS_ASSIGNMENT,REQUEST_NO,MODIFY_DATE  FROM project_0 
 
 WHERE ID IN (?) ::: [1545794458589818882]
[transaction-service][53060] 2022-07-10 12:56:32,704 INFO [http-nio-53060-exec-5][SQLLogger.java:89] - Actual SQL: ds1 ::: SELECT  ID,CONSUMER_ID,USER_NO,PROJECT_NO,NAME,DESCRIPTION,TYPE,PERIOD,ANNUAL_RATE,BORROWER_ANNUAL_RATE,COMMISSION_ANNUAL_RATE,REPAYMENT_WAY,AMOUNT,PROJECT_STATUS,CREATE_DATE,STATUS,IS_ASSIGNMENT,REQUEST_NO,MODIFY_DATE  FROM project_0 
 
 WHERE ID IN (?) ::: [1545794458589818882]
[transaction-service][53060] 2022-07-10 12:56:32,711 DEBUG [http-nio-53060-exec-5][BaseJdbcLogger.java:159] - <==      Total: 1
[transaction-service][53060] 2022-07-10 12:56:32,715 DEBUG [http-nio-53060-exec-5][BaseJdbcLogger.java:159] - ==>  Preparing: SELECT IFNULL(SUM(AMOUNT), 0.0) FROM tender WHERE PROJECT_ID = ? AND STATUS = 1 
[transaction-service][53060] 2022-07-10 12:56:32,719 DEBUG [http-nio-53060-exec-5][BaseJdbcLogger.java:159] - ==> Parameters: 1545794458589818882(Long)
[transaction-service][53060] 2022-07-10 12:56:32,721 INFO [http-nio-53060-exec-5][SQLLogger.java:89] - Rule Type: sharding
[transaction-service][53060] 2022-07-10 12:56:32,722 INFO [http-nio-53060-exec-5][SQLLogger.java:89] - Logic SQL: SELECT IFNULL(SUM(AMOUNT), 0.0) FROM tender WHERE PROJECT_ID = ? AND STATUS = 1
[transaction-service][53060] 2022-07-10 12:56:32,723 INFO [http-nio-53060-exec-5][SQLLogger.java:89] - SQLStatement: SelectStatement(super=DQLStatement(super=AbstractSQLStatement(type=DQL, tables=Tables(tables=[Table(name=tender, alias=Optional.absent())]), routeConditions=Conditions(orCondition=OrCondition(andConditions=[AndCondition(conditions=[Condition(column=Column(name=PROJECT_ID, tableName=tender), operator=EQUAL, compareOperator==, positionValueMap={}, positionIndexMap={0=0})])])), encryptConditions=Conditions(orCondition=OrCondition(andConditions=[])), sqlTokens=[TableToken(tableName=tender, quoteCharacter=NONE, schemaNameLength=0)], parametersIndex=1, logicSQL=SELECT IFNULL(SUM(AMOUNT), 0.0) FROM tender WHERE PROJECT_ID = ? AND STATUS = 1)), containStar=false, firstSelectItemStartIndex=7, selectListStopIndex=30, groupByLastIndex=0, items=[CommonSelectItem(expression=IFNULL(SUM(AMOUNT),0.0), alias=Optional.absent())], groupByItems=[], orderByItems=[], limit=null, subqueryStatement=null, subqueryStatements=[], subqueryConditions=[])
[transaction-service][53060] 2022-07-10 12:56:32,724 INFO [http-nio-53060-exec-5][SQLLogger.java:89] - Actual SQL: ds0 ::: SELECT IFNULL(SUM(AMOUNT), 0.0) FROM tender_0 WHERE PROJECT_ID = ? AND STATUS = 1 ::: [1545794458589818882]
[transaction-service][53060] 2022-07-10 12:56:32,725 INFO [http-nio-53060-exec-5][SQLLogger.java:89] - Actual SQL: ds1 ::: SELECT IFNULL(SUM(AMOUNT), 0.0) FROM tender_0 WHERE PROJECT_ID = ? AND STATUS = 1 ::: [1545794458589818882]
[transaction-service][53060] 2022-07-10 12:56:32,728 DEBUG [http-nio-53060-exec-5][BaseJdbcLogger.java:159] - <==      Total: 2
[transaction-service][53060] 2022-07-10 12:56:32,733 DEBUG [http-nio-53060-exec-5][BaseJdbcLogger.java:159] - ==>  Preparing: SELECT COUNT( 1 ) FROM tender WHERE PROJECT_ID = ? 
[transaction-service][53060] 2022-07-10 12:56:32,738 DEBUG [http-nio-53060-exec-5][BaseJdbcLogger.java:159] - ==> Parameters: 1545794458589818882(Long)
[transaction-service][53060] 2022-07-10 12:56:32,739 INFO [http-nio-53060-exec-5][SQLLogger.java:89] - Rule Type: sharding
[transaction-service][53060] 2022-07-10 12:56:32,740 INFO [http-nio-53060-exec-5][SQLLogger.java:89] - Logic SQL: SELECT COUNT( 1 ) FROM tender 
 
 WHERE PROJECT_ID = ?
[transaction-service][53060] 2022-07-10 12:56:32,740 INFO [http-nio-53060-exec-5][SQLLogger.java:89] - SQLStatement: SelectStatement(super=DQLStatement(super=AbstractSQLStatement(type=DQL, tables=Tables(tables=[Table(name=tender, alias=Optional.absent())]), routeConditions=Conditions(orCondition=OrCondition(andConditions=[AndCondition(conditions=[Condition(column=Column(name=PROJECT_ID, tableName=tender), operator=EQUAL, compareOperator==, positionValueMap={}, positionIndexMap={0=0})])])), encryptConditions=Conditions(orCondition=OrCondition(andConditions=[])), sqlTokens=[TableToken(tableName=tender, quoteCharacter=NONE, schemaNameLength=0)], parametersIndex=1, logicSQL=SELECT COUNT( 1 ) FROM tender 
 
 WHERE PROJECT_ID = ?)), containStar=false, firstSelectItemStartIndex=7, selectListStopIndex=16, groupByLastIndex=0, items=[AggregationSelectItem(type=COUNT, innerExpression=( 1 ), alias=Optional.absent(), derivedAggregationSelectItems=[], index=1)], groupByItems=[], orderByItems=[], limit=null, subqueryStatement=null, subqueryStatements=[], subqueryConditions=[])
[transaction-service][53060] 2022-07-10 12:56:32,741 INFO [http-nio-53060-exec-5][SQLLogger.java:89] - Actual SQL: ds0 ::: SELECT COUNT( 1 ) FROM tender_0 
 
 WHERE PROJECT_ID = ? ::: [1545794458589818882]
[transaction-service][53060] 2022-07-10 12:56:32,742 INFO [http-nio-53060-exec-5][SQLLogger.java:89] - Actual SQL: ds1 ::: SELECT COUNT( 1 ) FROM tender_0 
 
 WHERE PROJECT_ID = ? ::: [1545794458589818882]
[transaction-service][53060] 2022-07-10 12:56:32,746 DEBUG [http-nio-53060-exec-5][BaseJdbcLogger.java:159] - <==      Total: 1
[transaction-service][53060] 2022-07-10 12:56:33,554 DEBUG [http-nio-53060-exec-6][BaseJdbcLogger.java:159] - ==>  Preparing: SELECT ID,CONSUMER_ID,USER_NO,PROJECT_NO,NAME,DESCRIPTION,TYPE,PERIOD,ANNUAL_RATE,BORROWER_ANNUAL_RATE,COMMISSION_ANNUAL_RATE,REPAYMENT_WAY,AMOUNT,PROJECT_STATUS,CREATE_DATE,STATUS,IS_ASSIGNMENT,REQUEST_NO,MODIFY_DATE FROM project WHERE ID IN (?) 
[transaction-service][53060] 2022-07-10 12:56:33,559 DEBUG [http-nio-53060-exec-6][BaseJdbcLogger.java:159] - ==> Parameters: 1545794458589818882(Long)
[transaction-service][53060] 2022-07-10 12:56:33,561 INFO [http-nio-53060-exec-6][SQLLogger.java:89] - Rule Type: sharding
[transaction-service][53060] 2022-07-10 12:56:33,561 INFO [http-nio-53060-exec-6][SQLLogger.java:89] - Logic SQL: SELECT  ID,CONSUMER_ID,USER_NO,PROJECT_NO,NAME,DESCRIPTION,TYPE,PERIOD,ANNUAL_RATE,BORROWER_ANNUAL_RATE,COMMISSION_ANNUAL_RATE,REPAYMENT_WAY,AMOUNT,PROJECT_STATUS,CREATE_DATE,STATUS,IS_ASSIGNMENT,REQUEST_NO,MODIFY_DATE  FROM project 
 
 WHERE ID IN (?)
[transaction-service][53060] 2022-07-10 12:56:33,562 INFO [http-nio-53060-exec-6][SQLLogger.java:89] - SQLStatement: SelectStatement(super=DQLStatement(super=AbstractSQLStatement(type=DQL, tables=Tables(tables=[Table(name=project, alias=Optional.absent())]), routeConditions=Conditions(orCondition=OrCondition(andConditions=[AndCondition(conditions=[Condition(column=Column(name=ID, tableName=project), operator=IN, compareOperator=null, positionValueMap={}, positionIndexMap={0=0})])])), encryptConditions=Conditions(orCondition=OrCondition(andConditions=[])), sqlTokens=[TableToken(tableName=project, quoteCharacter=NONE, schemaNameLength=0)], parametersIndex=1, logicSQL=SELECT  ID,CONSUMER_ID,USER_NO,PROJECT_NO,NAME,DESCRIPTION,TYPE,PERIOD,ANNUAL_RATE,BORROWER_ANNUAL_RATE,COMMISSION_ANNUAL_RATE,REPAYMENT_WAY,AMOUNT,PROJECT_STATUS,CREATE_DATE,STATUS,IS_ASSIGNMENT,REQUEST_NO,MODIFY_DATE  FROM project 
 
 WHERE ID IN (?))), containStar=false, firstSelectItemStartIndex=8, selectListStopIndex=217, groupByLastIndex=0, items=[CommonSelectItem(expression=ID, alias=Optional.absent()), CommonSelectItem(expression=CONSUMER_ID, alias=Optional.absent()), CommonSelectItem(expression=USER_NO, alias=Optional.absent()), CommonSelectItem(expression=PROJECT_NO, alias=Optional.absent()), CommonSelectItem(expression=NAME, alias=Optional.absent()), CommonSelectItem(expression=DESCRIPTION, alias=Optional.absent()), CommonSelectItem(expression=TYPE, alias=Optional.absent()), CommonSelectItem(expression=PERIOD, alias=Optional.absent()), CommonSelectItem(expression=ANNUAL_RATE, alias=Optional.absent()), CommonSelectItem(expression=BORROWER_ANNUAL_RATE, alias=Optional.absent()), CommonSelectItem(expression=COMMISSION_ANNUAL_RATE, alias=Optional.absent()), CommonSelectItem(expression=REPAYMENT_WAY, alias=Optional.absent()), CommonSelectItem(expression=AMOUNT, alias=Optional.absent()), CommonSelectItem(expression=PROJECT_STATUS, alias=Optional.absent()), CommonSelectItem(expression=CREATE_DATE, alias=Optional.absent()), CommonSelectItem(expression=STATUS, alias=Optional.absent()), CommonSelectItem(expression=IS_ASSIGNMENT, alias=Optional.absent()), CommonSelectItem(expression=REQUEST_NO, alias=Optional.absent()), CommonSelectItem(expression=MODIFY_DATE, alias=Optional.absent())], groupByItems=[], orderByItems=[], limit=null, subqueryStatement=null, subqueryStatements=[], subqueryConditions=[])
[transaction-service][53060] 2022-07-10 12:56:33,563 INFO [http-nio-53060-exec-6][SQLLogger.java:89] - Actual SQL: ds0 ::: SELECT  ID,CONSUMER_ID,USER_NO,PROJECT_NO,NAME,DESCRIPTION,TYPE,PERIOD,ANNUAL_RATE,BORROWER_ANNUAL_RATE,COMMISSION_ANNUAL_RATE,REPAYMENT_WAY,AMOUNT,PROJECT_STATUS,CREATE_DATE,STATUS,IS_ASSIGNMENT,REQUEST_NO,MODIFY_DATE  FROM project_0 
 
 WHERE ID IN (?) ::: [1545794458589818882]
[transaction-service][53060] 2022-07-10 12:56:33,564 INFO [http-nio-53060-exec-6][SQLLogger.java:89] - Actual SQL: ds1 ::: SELECT  ID,CONSUMER_ID,USER_NO,PROJECT_NO,NAME,DESCRIPTION,TYPE,PERIOD,ANNUAL_RATE,BORROWER_ANNUAL_RATE,COMMISSION_ANNUAL_RATE,REPAYMENT_WAY,AMOUNT,PROJECT_STATUS,CREATE_DATE,STATUS,IS_ASSIGNMENT,REQUEST_NO,MODIFY_DATE  FROM project_0 
 
 WHERE ID IN (?) ::: [1545794458589818882]
[transaction-service][53060] 2022-07-10 12:56:33,569 DEBUG [http-nio-53060-exec-6][BaseJdbcLogger.java:159] - <==      Total: 1
[transaction-service][53060] 2022-07-10 12:56:33,573 DEBUG [http-nio-53060-exec-6][BaseJdbcLogger.java:159] - ==>  Preparing: SELECT IFNULL(SUM(AMOUNT), 0.0) FROM tender WHERE PROJECT_ID = ? AND STATUS = 1 
[transaction-service][53060] 2022-07-10 12:56:33,576 DEBUG [http-nio-53060-exec-6][BaseJdbcLogger.java:159] - ==> Parameters: 1545794458589818882(Long)
[transaction-service][53060] 2022-07-10 12:56:33,578 INFO [http-nio-53060-exec-6][SQLLogger.java:89] - Rule Type: sharding
[transaction-service][53060] 2022-07-10 12:56:33,578 INFO [http-nio-53060-exec-6][SQLLogger.java:89] - Logic SQL: SELECT IFNULL(SUM(AMOUNT), 0.0) FROM tender WHERE PROJECT_ID = ? AND STATUS = 1
[transaction-service][53060] 2022-07-10 12:56:33,579 INFO [http-nio-53060-exec-6][SQLLogger.java:89] - SQLStatement: SelectStatement(super=DQLStatement(super=AbstractSQLStatement(type=DQL, tables=Tables(tables=[Table(name=tender, alias=Optional.absent())]), routeConditions=Conditions(orCondition=OrCondition(andConditions=[AndCondition(conditions=[Condition(column=Column(name=PROJECT_ID, tableName=tender), operator=EQUAL, compareOperator==, positionValueMap={}, positionIndexMap={0=0})])])), encryptConditions=Conditions(orCondition=OrCondition(andConditions=[])), sqlTokens=[TableToken(tableName=tender, quoteCharacter=NONE, schemaNameLength=0)], parametersIndex=1, logicSQL=SELECT IFNULL(SUM(AMOUNT), 0.0) FROM tender WHERE PROJECT_ID = ? AND STATUS = 1)), containStar=false, firstSelectItemStartIndex=7, selectListStopIndex=30, groupByLastIndex=0, items=[CommonSelectItem(expression=IFNULL(SUM(AMOUNT),0.0), alias=Optional.absent())], groupByItems=[], orderByItems=[], limit=null, subqueryStatement=null, subqueryStatements=[], subqueryConditions=[])
[transaction-service][53060] 2022-07-10 12:56:33,580 INFO [http-nio-53060-exec-6][SQLLogger.java:89] - Actual SQL: ds0 ::: SELECT IFNULL(SUM(AMOUNT), 0.0) FROM tender_0 WHERE PROJECT_ID = ? AND STATUS = 1 ::: [1545794458589818882]
[transaction-service][53060] 2022-07-10 12:56:33,580 INFO [http-nio-53060-exec-6][SQLLogger.java:89] - Actual SQL: ds1 ::: SELECT IFNULL(SUM(AMOUNT), 0.0) FROM tender_0 WHERE PROJECT_ID = ? AND STATUS = 1 ::: [1545794458589818882]
[transaction-service][53060] 2022-07-10 12:56:33,583 DEBUG [http-nio-53060-exec-6][BaseJdbcLogger.java:159] - <==      Total: 2
[transaction-service][53060] 2022-07-10 12:56:33,587 DEBUG [http-nio-53060-exec-6][BaseJdbcLogger.java:159] - ==>  Preparing: SELECT COUNT( 1 ) FROM tender WHERE PROJECT_ID = ? 
[transaction-service][53060] 2022-07-10 12:56:33,591 DEBUG [http-nio-53060-exec-6][BaseJdbcLogger.java:159] - ==> Parameters: 1545794458589818882(Long)
[transaction-service][53060] 2022-07-10 12:56:33,593 INFO [http-nio-53060-exec-6][SQLLogger.java:89] - Rule Type: sharding
[transaction-service][53060] 2022-07-10 12:56:33,594 INFO [http-nio-53060-exec-6][SQLLogger.java:89] - Logic SQL: SELECT COUNT( 1 ) FROM tender 
 
 WHERE PROJECT_ID = ?
[transaction-service][53060] 2022-07-10 12:56:33,594 INFO [http-nio-53060-exec-6][SQLLogger.java:89] - SQLStatement: SelectStatement(super=DQLStatement(super=AbstractSQLStatement(type=DQL, tables=Tables(tables=[Table(name=tender, alias=Optional.absent())]), routeConditions=Conditions(orCondition=OrCondition(andConditions=[AndCondition(conditions=[Condition(column=Column(name=PROJECT_ID, tableName=tender), operator=EQUAL, compareOperator==, positionValueMap={}, positionIndexMap={0=0})])])), encryptConditions=Conditions(orCondition=OrCondition(andConditions=[])), sqlTokens=[TableToken(tableName=tender, quoteCharacter=NONE, schemaNameLength=0)], parametersIndex=1, logicSQL=SELECT COUNT( 1 ) FROM tender 
 
 WHERE PROJECT_ID = ?)), containStar=false, firstSelectItemStartIndex=7, selectListStopIndex=16, groupByLastIndex=0, items=[AggregationSelectItem(type=COUNT, innerExpression=( 1 ), alias=Optional.absent(), derivedAggregationSelectItems=[], index=1)], groupByItems=[], orderByItems=[], limit=null, subqueryStatement=null, subqueryStatements=[], subqueryConditions=[])
[transaction-service][53060] 2022-07-10 12:56:33,595 INFO [http-nio-53060-exec-6][SQLLogger.java:89] - Actual SQL: ds0 ::: SELECT COUNT( 1 ) FROM tender_0 
 
 WHERE PROJECT_ID = ? ::: [1545794458589818882]
[transaction-service][53060] 2022-07-10 12:56:33,596 INFO [http-nio-53060-exec-6][SQLLogger.java:89] - Actual SQL: ds1 ::: SELECT COUNT( 1 ) FROM tender_0 
 
 WHERE PROJECT_ID = ? ::: [1545794458589818882]
[transaction-service][53060] 2022-07-10 12:56:33,599 DEBUG [http-nio-53060-exec-6][BaseJdbcLogger.java:159] - <==      Total: 1
[transaction-service][53060] 2022-07-10 12:56:34,010 DEBUG [http-nio-53060-exec-7][BaseJdbcLogger.java:159] - ==>  Preparing: SELECT ID,CONSUMER_ID,USER_NO,PROJECT_NO,NAME,DESCRIPTION,TYPE,PERIOD,ANNUAL_RATE,BORROWER_ANNUAL_RATE,COMMISSION_ANNUAL_RATE,REPAYMENT_WAY,AMOUNT,PROJECT_STATUS,CREATE_DATE,STATUS,IS_ASSIGNMENT,REQUEST_NO,MODIFY_DATE FROM project WHERE ID IN (?) 
[transaction-service][53060] 2022-07-10 12:56:34,015 DEBUG [http-nio-53060-exec-7][BaseJdbcLogger.java:159] - ==> Parameters: 1545794458589818882(Long)
[transaction-service][53060] 2022-07-10 12:56:34,016 INFO [http-nio-53060-exec-7][SQLLogger.java:89] - Rule Type: sharding
[transaction-service][53060] 2022-07-10 12:56:34,017 INFO [http-nio-53060-exec-7][SQLLogger.java:89] - Logic SQL: SELECT  ID,CONSUMER_ID,USER_NO,PROJECT_NO,NAME,DESCRIPTION,TYPE,PERIOD,ANNUAL_RATE,BORROWER_ANNUAL_RATE,COMMISSION_ANNUAL_RATE,REPAYMENT_WAY,AMOUNT,PROJECT_STATUS,CREATE_DATE,STATUS,IS_ASSIGNMENT,REQUEST_NO,MODIFY_DATE  FROM project 
 
 WHERE ID IN (?)
[transaction-service][53060] 2022-07-10 12:56:34,017 INFO [http-nio-53060-exec-7][SQLLogger.java:89] - SQLStatement: SelectStatement(super=DQLStatement(super=AbstractSQLStatement(type=DQL, tables=Tables(tables=[Table(name=project, alias=Optional.absent())]), routeConditions=Conditions(orCondition=OrCondition(andConditions=[AndCondition(conditions=[Condition(column=Column(name=ID, tableName=project), operator=IN, compareOperator=null, positionValueMap={}, positionIndexMap={0=0})])])), encryptConditions=Conditions(orCondition=OrCondition(andConditions=[])), sqlTokens=[TableToken(tableName=project, quoteCharacter=NONE, schemaNameLength=0)], parametersIndex=1, logicSQL=SELECT  ID,CONSUMER_ID,USER_NO,PROJECT_NO,NAME,DESCRIPTION,TYPE,PERIOD,ANNUAL_RATE,BORROWER_ANNUAL_RATE,COMMISSION_ANNUAL_RATE,REPAYMENT_WAY,AMOUNT,PROJECT_STATUS,CREATE_DATE,STATUS,IS_ASSIGNMENT,REQUEST_NO,MODIFY_DATE  FROM project 
 
 WHERE ID IN (?))), containStar=false, firstSelectItemStartIndex=8, selectListStopIndex=217, groupByLastIndex=0, items=[CommonSelectItem(expression=ID, alias=Optional.absent()), CommonSelectItem(expression=CONSUMER_ID, alias=Optional.absent()), CommonSelectItem(expression=USER_NO, alias=Optional.absent()), CommonSelectItem(expression=PROJECT_NO, alias=Optional.absent()), CommonSelectItem(expression=NAME, alias=Optional.absent()), CommonSelectItem(expression=DESCRIPTION, alias=Optional.absent()), CommonSelectItem(expression=TYPE, alias=Optional.absent()), CommonSelectItem(expression=PERIOD, alias=Optional.absent()), CommonSelectItem(expression=ANNUAL_RATE, alias=Optional.absent()), CommonSelectItem(expression=BORROWER_ANNUAL_RATE, alias=Optional.absent()), CommonSelectItem(expression=COMMISSION_ANNUAL_RATE, alias=Optional.absent()), CommonSelectItem(expression=REPAYMENT_WAY, alias=Optional.absent()), CommonSelectItem(expression=AMOUNT, alias=Optional.absent()), CommonSelectItem(expression=PROJECT_STATUS, alias=Optional.absent()), CommonSelectItem(expression=CREATE_DATE, alias=Optional.absent()), CommonSelectItem(expression=STATUS, alias=Optional.absent()), CommonSelectItem(expression=IS_ASSIGNMENT, alias=Optional.absent()), CommonSelectItem(expression=REQUEST_NO, alias=Optional.absent()), CommonSelectItem(expression=MODIFY_DATE, alias=Optional.absent())], groupByItems=[], orderByItems=[], limit=null, subqueryStatement=null, subqueryStatements=[], subqueryConditions=[])
[transaction-service][53060] 2022-07-10 12:56:34,018 INFO [http-nio-53060-exec-7][SQLLogger.java:89] - Actual SQL: ds0 ::: SELECT  ID,CONSUMER_ID,USER_NO,PROJECT_NO,NAME,DESCRIPTION,TYPE,PERIOD,ANNUAL_RATE,BORROWER_ANNUAL_RATE,COMMISSION_ANNUAL_RATE,REPAYMENT_WAY,AMOUNT,PROJECT_STATUS,CREATE_DATE,STATUS,IS_ASSIGNMENT,REQUEST_NO,MODIFY_DATE  FROM project_0 
 
 WHERE ID IN (?) ::: [1545794458589818882]
[transaction-service][53060] 2022-07-10 12:56:34,019 INFO [http-nio-53060-exec-7][SQLLogger.java:89] - Actual SQL: ds1 ::: SELECT  ID,CONSUMER_ID,USER_NO,PROJECT_NO,NAME,DESCRIPTION,TYPE,PERIOD,ANNUAL_RATE,BORROWER_ANNUAL_RATE,COMMISSION_ANNUAL_RATE,REPAYMENT_WAY,AMOUNT,PROJECT_STATUS,CREATE_DATE,STATUS,IS_ASSIGNMENT,REQUEST_NO,MODIFY_DATE  FROM project_0 
 
 WHERE ID IN (?) ::: [1545794458589818882]
[transaction-service][53060] 2022-07-10 12:56:34,024 DEBUG [http-nio-53060-exec-7][BaseJdbcLogger.java:159] - <==      Total: 1
[transaction-service][53060] 2022-07-10 12:56:34,027 DEBUG [http-nio-53060-exec-7][BaseJdbcLogger.java:159] - ==>  Preparing: SELECT IFNULL(SUM(AMOUNT), 0.0) FROM tender WHERE PROJECT_ID = ? AND STATUS = 1 
[transaction-service][53060] 2022-07-10 12:56:34,031 DEBUG [http-nio-53060-exec-7][BaseJdbcLogger.java:159] - ==> Parameters: 1545794458589818882(Long)
[transaction-service][53060] 2022-07-10 12:56:34,032 INFO [http-nio-53060-exec-7][SQLLogger.java:89] - Rule Type: sharding
[transaction-service][53060] 2022-07-10 12:56:34,032 INFO [http-nio-53060-exec-7][SQLLogger.java:89] - Logic SQL: SELECT IFNULL(SUM(AMOUNT), 0.0) FROM tender WHERE PROJECT_ID = ? AND STATUS = 1
[transaction-service][53060] 2022-07-10 12:56:34,033 INFO [http-nio-53060-exec-7][SQLLogger.java:89] - SQLStatement: SelectStatement(super=DQLStatement(super=AbstractSQLStatement(type=DQL, tables=Tables(tables=[Table(name=tender, alias=Optional.absent())]), routeConditions=Conditions(orCondition=OrCondition(andConditions=[AndCondition(conditions=[Condition(column=Column(name=PROJECT_ID, tableName=tender), operator=EQUAL, compareOperator==, positionValueMap={}, positionIndexMap={0=0})])])), encryptConditions=Conditions(orCondition=OrCondition(andConditions=[])), sqlTokens=[TableToken(tableName=tender, quoteCharacter=NONE, schemaNameLength=0)], parametersIndex=1, logicSQL=SELECT IFNULL(SUM(AMOUNT), 0.0) FROM tender WHERE PROJECT_ID = ? AND STATUS = 1)), containStar=false, firstSelectItemStartIndex=7, selectListStopIndex=30, groupByLastIndex=0, items=[CommonSelectItem(expression=IFNULL(SUM(AMOUNT),0.0), alias=Optional.absent())], groupByItems=[], orderByItems=[], limit=null, subqueryStatement=null, subqueryStatements=[], subqueryConditions=[])
[transaction-service][53060] 2022-07-10 12:56:34,033 INFO [http-nio-53060-exec-7][SQLLogger.java:89] - Actual SQL: ds0 ::: SELECT IFNULL(SUM(AMOUNT), 0.0) FROM tender_0 WHERE PROJECT_ID = ? AND STATUS = 1 ::: [1545794458589818882]
[transaction-service][53060] 2022-07-10 12:56:34,034 INFO [http-nio-53060-exec-7][SQLLogger.java:89] - Actual SQL: ds1 ::: SELECT IFNULL(SUM(AMOUNT), 0.0) FROM tender_0 WHERE PROJECT_ID = ? AND STATUS = 1 ::: [1545794458589818882]
[transaction-service][53060] 2022-07-10 12:56:34,037 DEBUG [http-nio-53060-exec-7][BaseJdbcLogger.java:159] - <==      Total: 2
[transaction-service][53060] 2022-07-10 12:56:34,043 DEBUG [http-nio-53060-exec-7][BaseJdbcLogger.java:159] - ==>  Preparing: SELECT COUNT( 1 ) FROM tender WHERE PROJECT_ID = ? 
[transaction-service][53060] 2022-07-10 12:56:34,048 DEBUG [http-nio-53060-exec-7][BaseJdbcLogger.java:159] - ==> Parameters: 1545794458589818882(Long)
[transaction-service][53060] 2022-07-10 12:56:34,049 INFO [http-nio-53060-exec-7][SQLLogger.java:89] - Rule Type: sharding
[transaction-service][53060] 2022-07-10 12:56:34,050 INFO [http-nio-53060-exec-7][SQLLogger.java:89] - Logic SQL: SELECT COUNT( 1 ) FROM tender 
 
 WHERE PROJECT_ID = ?
[transaction-service][53060] 2022-07-10 12:56:34,051 INFO [http-nio-53060-exec-7][SQLLogger.java:89] - SQLStatement: SelectStatement(super=DQLStatement(super=AbstractSQLStatement(type=DQL, tables=Tables(tables=[Table(name=tender, alias=Optional.absent())]), routeConditions=Conditions(orCondition=OrCondition(andConditions=[AndCondition(conditions=[Condition(column=Column(name=PROJECT_ID, tableName=tender), operator=EQUAL, compareOperator==, positionValueMap={}, positionIndexMap={0=0})])])), encryptConditions=Conditions(orCondition=OrCondition(andConditions=[])), sqlTokens=[TableToken(tableName=tender, quoteCharacter=NONE, schemaNameLength=0)], parametersIndex=1, logicSQL=SELECT COUNT( 1 ) FROM tender 
 
 WHERE PROJECT_ID = ?)), containStar=false, firstSelectItemStartIndex=7, selectListStopIndex=16, groupByLastIndex=0, items=[AggregationSelectItem(type=COUNT, innerExpression=( 1 ), alias=Optional.absent(), derivedAggregationSelectItems=[], index=1)], groupByItems=[], orderByItems=[], limit=null, subqueryStatement=null, subqueryStatements=[], subqueryConditions=[])
[transaction-service][53060] 2022-07-10 12:56:34,051 INFO [http-nio-53060-exec-7][SQLLogger.java:89] - Actual SQL: ds0 ::: SELECT COUNT( 1 ) FROM tender_0 
 
 WHERE PROJECT_ID = ? ::: [1545794458589818882]
[transaction-service][53060] 2022-07-10 12:56:34,052 INFO [http-nio-53060-exec-7][SQLLogger.java:89] - Actual SQL: ds1 ::: SELECT COUNT( 1 ) FROM tender_0 
 
 WHERE PROJECT_ID = ? ::: [1545794458589818882]
[transaction-service][53060] 2022-07-10 12:56:34,057 DEBUG [http-nio-53060-exec-7][BaseJdbcLogger.java:159] - <==      Total: 1
[transaction-service][53060] 2022-07-10 12:56:45,787 ERROR [http-nio-53060-exec-8][GlobalExceptionHandler.java:42] - :null
[transaction-service][53060] 2022-07-10 12:56:51,318 ERROR [http-nio-53060-exec-1][GlobalExceptionHandler.java:42] - :null
[transaction-service][53060] 2022-07-10 12:56:54,002 WARN [http-nio-53060-exec-2][DefaultConfig.java:95] - Could not load config for namespace micro_service.spring-cloud-feign from Apollo, please check whether the configs are released in Apollo! Return default value now!
[transaction-service][53060] 2022-07-10 12:56:54,260 INFO [http-nio-53060-exec-2][ChainedDynamicProperty.java:115] - Flipping property: content-search-service.ribbon.ActiveConnectionsLimit to use NEXT property: niws.loadbalancer.availabilityFilteringRule.activeConnectionsLimit = 2147483647
[transaction-service][53060] 2022-07-10 12:56:54,292 INFO [http-nio-53060-exec-2][ShutdownEnabledTimer.java:58] - Shutdown hook installed for: NFLoadBalancer-PingTimer-content-search-service
[transaction-service][53060] 2022-07-10 12:56:54,294 INFO [http-nio-53060-exec-2][BaseLoadBalancer.java:197] - Client: content-search-service instantiated a LoadBalancer: DynamicServerListLoadBalancer:{NFLoadBalancer:name=content-search-service,current list of Servers=[],Load balancer stats=Zone stats: {},Server stats: []}ServerList:null
[transaction-service][53060] 2022-07-10 12:56:54,306 INFO [http-nio-53060-exec-2][DynamicServerListLoadBalancer.java:222] - Using serverListUpdater PollingServerListUpdater
[transaction-service][53060] 2022-07-10 12:56:54,325 INFO [http-nio-53060-exec-2][ChainedDynamicProperty.java:115] - Flipping property: content-search-service.ribbon.ActiveConnectionsLimit to use NEXT property: niws.loadbalancer.availabilityFilteringRule.activeConnectionsLimit = 2147483647
[transaction-service][53060] 2022-07-10 12:56:54,328 INFO [http-nio-53060-exec-2][DynamicServerListLoadBalancer.java:150] - DynamicServerListLoadBalancer for client content-search-service initialized: DynamicServerListLoadBalancer:{NFLoadBalancer:name=content-search-service,current list of Servers=[192.168.1.4:53090],Load balancer stats=Zone stats: {defaultzone=[Zone:defaultzone;	Instance count:1;	Active connections count: 0;	Circuit breaker tripped count: 0;	Active connections per server: 0.0;]
},Server stats: [[Server:192.168.1.4:53090;	Zone:defaultZone;	Total Requests:0;	Successive connection failure:0;	Total blackout seconds:0;	Last connection made:Thu Jan 01 08:00:00 CST 1970;	First connection made: Thu Jan 01 08:00:00 CST 1970;	Active Connections:0;	total failure count in last (1000) msecs:0;	average resp time:0.0;	90 percentile resp time:0.0;	95 percentile resp time:0.0;	min resp time:0.0;	max resp time:0.0;	stddev resp time:0.0]
]}ServerList:org.springframework.cloud.netflix.ribbon.eureka.DomainExtractingServerList@3cc87098
[transaction-service][53060] 2022-07-10 12:56:55,321 INFO [PollingServerListUpdater-0][ChainedDynamicProperty.java:115] - Flipping property: content-search-service.ribbon.ActiveConnectionsLimit to use NEXT property: niws.loadbalancer.availabilityFilteringRule.activeConnectionsLimit = 2147483647
[transaction-service][53060] 2022-07-10 12:57:01,701 DEBUG [http-nio-53060-exec-4][BaseJdbcLogger.java:159] - ==>  Preparing: SELECT ID,CONSUMER_ID,USER_NO,PROJECT_NO,NAME,DESCRIPTION,TYPE,PERIOD,ANNUAL_RATE,BORROWER_ANNUAL_RATE,COMMISSION_ANNUAL_RATE,REPAYMENT_WAY,AMOUNT,PROJECT_STATUS,CREATE_DATE,STATUS,IS_ASSIGNMENT,REQUEST_NO,MODIFY_DATE FROM project WHERE ID IN (?) 
[transaction-service][53060] 2022-07-10 12:57:01,706 DEBUG [http-nio-53060-exec-4][BaseJdbcLogger.java:159] - ==> Parameters: 1545794458589818882(Long)
[transaction-service][53060] 2022-07-10 12:57:01,708 INFO [http-nio-53060-exec-4][SQLLogger.java:89] - Rule Type: sharding
[transaction-service][53060] 2022-07-10 12:57:01,709 INFO [http-nio-53060-exec-4][SQLLogger.java:89] - Logic SQL: SELECT  ID,CONSUMER_ID,USER_NO,PROJECT_NO,NAME,DESCRIPTION,TYPE,PERIOD,ANNUAL_RATE,BORROWER_ANNUAL_RATE,COMMISSION_ANNUAL_RATE,REPAYMENT_WAY,AMOUNT,PROJECT_STATUS,CREATE_DATE,STATUS,IS_ASSIGNMENT,REQUEST_NO,MODIFY_DATE  FROM project 
 
 WHERE ID IN (?)
[transaction-service][53060] 2022-07-10 12:57:01,710 INFO [http-nio-53060-exec-4][SQLLogger.java:89] - SQLStatement: SelectStatement(super=DQLStatement(super=AbstractSQLStatement(type=DQL, tables=Tables(tables=[Table(name=project, alias=Optional.absent())]), routeConditions=Conditions(orCondition=OrCondition(andConditions=[AndCondition(conditions=[Condition(column=Column(name=ID, tableName=project), operator=IN, compareOperator=null, positionValueMap={}, positionIndexMap={0=0})])])), encryptConditions=Conditions(orCondition=OrCondition(andConditions=[])), sqlTokens=[TableToken(tableName=project, quoteCharacter=NONE, schemaNameLength=0)], parametersIndex=1, logicSQL=SELECT  ID,CONSUMER_ID,USER_NO,PROJECT_NO,NAME,DESCRIPTION,TYPE,PERIOD,ANNUAL_RATE,BORROWER_ANNUAL_RATE,COMMISSION_ANNUAL_RATE,REPAYMENT_WAY,AMOUNT,PROJECT_STATUS,CREATE_DATE,STATUS,IS_ASSIGNMENT,REQUEST_NO,MODIFY_DATE  FROM project 
 
 WHERE ID IN (?))), containStar=false, firstSelectItemStartIndex=8, selectListStopIndex=217, groupByLastIndex=0, items=[CommonSelectItem(expression=ID, alias=Optional.absent()), CommonSelectItem(expression=CONSUMER_ID, alias=Optional.absent()), CommonSelectItem(expression=USER_NO, alias=Optional.absent()), CommonSelectItem(expression=PROJECT_NO, alias=Optional.absent()), CommonSelectItem(expression=NAME, alias=Optional.absent()), CommonSelectItem(expression=DESCRIPTION, alias=Optional.absent()), CommonSelectItem(expression=TYPE, alias=Optional.absent()), CommonSelectItem(expression=PERIOD, alias=Optional.absent()), CommonSelectItem(expression=ANNUAL_RATE, alias=Optional.absent()), CommonSelectItem(expression=BORROWER_ANNUAL_RATE, alias=Optional.absent()), CommonSelectItem(expression=COMMISSION_ANNUAL_RATE, alias=Optional.absent()), CommonSelectItem(expression=REPAYMENT_WAY, alias=Optional.absent()), CommonSelectItem(expression=AMOUNT, alias=Optional.absent()), CommonSelectItem(expression=PROJECT_STATUS, alias=Optional.absent()), CommonSelectItem(expression=CREATE_DATE, alias=Optional.absent()), CommonSelectItem(expression=STATUS, alias=Optional.absent()), CommonSelectItem(expression=IS_ASSIGNMENT, alias=Optional.absent()), CommonSelectItem(expression=REQUEST_NO, alias=Optional.absent()), CommonSelectItem(expression=MODIFY_DATE, alias=Optional.absent())], groupByItems=[], orderByItems=[], limit=null, subqueryStatement=null, subqueryStatements=[], subqueryConditions=[])
[transaction-service][53060] 2022-07-10 12:57:01,710 INFO [http-nio-53060-exec-4][SQLLogger.java:89] - Actual SQL: ds0 ::: SELECT  ID,CONSUMER_ID,USER_NO,PROJECT_NO,NAME,DESCRIPTION,TYPE,PERIOD,ANNUAL_RATE,BORROWER_ANNUAL_RATE,COMMISSION_ANNUAL_RATE,REPAYMENT_WAY,AMOUNT,PROJECT_STATUS,CREATE_DATE,STATUS,IS_ASSIGNMENT,REQUEST_NO,MODIFY_DATE  FROM project_0 
 
 WHERE ID IN (?) ::: [1545794458589818882]
[transaction-service][53060] 2022-07-10 12:57:01,711 INFO [http-nio-53060-exec-4][SQLLogger.java:89] - Actual SQL: ds1 ::: SELECT  ID,CONSUMER_ID,USER_NO,PROJECT_NO,NAME,DESCRIPTION,TYPE,PERIOD,ANNUAL_RATE,BORROWER_ANNUAL_RATE,COMMISSION_ANNUAL_RATE,REPAYMENT_WAY,AMOUNT,PROJECT_STATUS,CREATE_DATE,STATUS,IS_ASSIGNMENT,REQUEST_NO,MODIFY_DATE  FROM project_0 
 
 WHERE ID IN (?) ::: [1545794458589818882]
[transaction-service][53060] 2022-07-10 12:57:01,716 DEBUG [http-nio-53060-exec-4][BaseJdbcLogger.java:159] - <==      Total: 1
[transaction-service][53060] 2022-07-10 12:57:01,719 DEBUG [http-nio-53060-exec-4][BaseJdbcLogger.java:159] - ==>  Preparing: SELECT IFNULL(SUM(AMOUNT), 0.0) FROM tender WHERE PROJECT_ID = ? AND STATUS = 1 
[transaction-service][53060] 2022-07-10 12:57:01,723 DEBUG [http-nio-53060-exec-4][BaseJdbcLogger.java:159] - ==> Parameters: 1545794458589818882(Long)
[transaction-service][53060] 2022-07-10 12:57:01,724 INFO [http-nio-53060-exec-4][SQLLogger.java:89] - Rule Type: sharding
[transaction-service][53060] 2022-07-10 12:57:01,725 INFO [http-nio-53060-exec-4][SQLLogger.java:89] - Logic SQL: SELECT IFNULL(SUM(AMOUNT), 0.0) FROM tender WHERE PROJECT_ID = ? AND STATUS = 1
[transaction-service][53060] 2022-07-10 12:57:01,726 INFO [http-nio-53060-exec-4][SQLLogger.java:89] - SQLStatement: SelectStatement(super=DQLStatement(super=AbstractSQLStatement(type=DQL, tables=Tables(tables=[Table(name=tender, alias=Optional.absent())]), routeConditions=Conditions(orCondition=OrCondition(andConditions=[AndCondition(conditions=[Condition(column=Column(name=PROJECT_ID, tableName=tender), operator=EQUAL, compareOperator==, positionValueMap={}, positionIndexMap={0=0})])])), encryptConditions=Conditions(orCondition=OrCondition(andConditions=[])), sqlTokens=[TableToken(tableName=tender, quoteCharacter=NONE, schemaNameLength=0)], parametersIndex=1, logicSQL=SELECT IFNULL(SUM(AMOUNT), 0.0) FROM tender WHERE PROJECT_ID = ? AND STATUS = 1)), containStar=false, firstSelectItemStartIndex=7, selectListStopIndex=30, groupByLastIndex=0, items=[CommonSelectItem(expression=IFNULL(SUM(AMOUNT),0.0), alias=Optional.absent())], groupByItems=[], orderByItems=[], limit=null, subqueryStatement=null, subqueryStatements=[], subqueryConditions=[])
[transaction-service][53060] 2022-07-10 12:57:01,727 INFO [http-nio-53060-exec-4][SQLLogger.java:89] - Actual SQL: ds0 ::: SELECT IFNULL(SUM(AMOUNT), 0.0) FROM tender_0 WHERE PROJECT_ID = ? AND STATUS = 1 ::: [1545794458589818882]
[transaction-service][53060] 2022-07-10 12:57:01,727 INFO [http-nio-53060-exec-4][SQLLogger.java:89] - Actual SQL: ds1 ::: SELECT IFNULL(SUM(AMOUNT), 0.0) FROM tender_0 WHERE PROJECT_ID = ? AND STATUS = 1 ::: [1545794458589818882]
[transaction-service][53060] 2022-07-10 12:57:01,730 DEBUG [http-nio-53060-exec-4][BaseJdbcLogger.java:159] - <==      Total: 2
[transaction-service][53060] 2022-07-10 12:57:01,734 DEBUG [http-nio-53060-exec-4][BaseJdbcLogger.java:159] - ==>  Preparing: SELECT COUNT( 1 ) FROM tender WHERE PROJECT_ID = ? 
[transaction-service][53060] 2022-07-10 12:57:01,737 DEBUG [http-nio-53060-exec-4][BaseJdbcLogger.java:159] - ==> Parameters: 1545794458589818882(Long)
[transaction-service][53060] 2022-07-10 12:57:01,738 INFO [http-nio-53060-exec-4][SQLLogger.java:89] - Rule Type: sharding
[transaction-service][53060] 2022-07-10 12:57:01,738 INFO [http-nio-53060-exec-4][SQLLogger.java:89] - Logic SQL: SELECT COUNT( 1 ) FROM tender 
 
 WHERE PROJECT_ID = ?
[transaction-service][53060] 2022-07-10 12:57:01,739 INFO [http-nio-53060-exec-4][SQLLogger.java:89] - SQLStatement: SelectStatement(super=DQLStatement(super=AbstractSQLStatement(type=DQL, tables=Tables(tables=[Table(name=tender, alias=Optional.absent())]), routeConditions=Conditions(orCondition=OrCondition(andConditions=[AndCondition(conditions=[Condition(column=Column(name=PROJECT_ID, tableName=tender), operator=EQUAL, compareOperator==, positionValueMap={}, positionIndexMap={0=0})])])), encryptConditions=Conditions(orCondition=OrCondition(andConditions=[])), sqlTokens=[TableToken(tableName=tender, quoteCharacter=NONE, schemaNameLength=0)], parametersIndex=1, logicSQL=SELECT COUNT( 1 ) FROM tender 
 
 WHERE PROJECT_ID = ?)), containStar=false, firstSelectItemStartIndex=7, selectListStopIndex=16, groupByLastIndex=0, items=[AggregationSelectItem(type=COUNT, innerExpression=( 1 ), alias=Optional.absent(), derivedAggregationSelectItems=[], index=1)], groupByItems=[], orderByItems=[], limit=null, subqueryStatement=null, subqueryStatements=[], subqueryConditions=[])
[transaction-service][53060] 2022-07-10 12:57:01,739 INFO [http-nio-53060-exec-4][SQLLogger.java:89] - Actual SQL: ds0 ::: SELECT COUNT( 1 ) FROM tender_0 
 
 WHERE PROJECT_ID = ? ::: [1545794458589818882]
[transaction-service][53060] 2022-07-10 12:57:01,739 INFO [http-nio-53060-exec-4][SQLLogger.java:89] - Actual SQL: ds1 ::: SELECT COUNT( 1 ) FROM tender_0 
 
 WHERE PROJECT_ID = ? ::: [1545794458589818882]
[transaction-service][53060] 2022-07-10 12:57:01,741 DEBUG [http-nio-53060-exec-4][BaseJdbcLogger.java:159] - <==      Total: 1
[transaction-service][53060] 2022-07-10 12:57:29,600 WARN [Apollo-RemoteConfigRepository-1][RemoteConfigRepository.java:194] - Load config failed, will retry in 1 SECONDS. appId: transaction-service, cluster: DEFAULT, namespaces: micro_service.spring-cloud-feign
[transaction-service][53060] 2022-07-10 12:57:30,617 WARN [Apollo-RemoteConfigRepository-1][AbstractConfigRepository.java:26] - Sync config failed, will retry. Repository class com.ctrip.framework.apollo.internals.RemoteConfigRepository, reason: Load Apollo Config failed - appId: transaction-service, cluster: DEFAULT, namespace: micro_service.spring-cloud-feign, url: http://192.168.1.4:8080/configs/transaction-service/DEFAULT/micro_service.spring-cloud-feign?ip=172.26.144.1&messages=%7B%22details%22%3A%7B%22transaction-service%2Bdefault%2Bmicro_service.spring-cloud-feign%22%3A285%2C%22common-template%2Bdefault%2Bmicro_service.spring-cloud-feign%22%3A403%7D%7D [Cause: [status code: 404] Could not find config for namespace - appId: transaction-service, cluster: DEFAULT, namespace: micro_service.spring-cloud-feign, please check whether the configs are released in Apollo!]
[transaction-service][53060] 2022-07-10 12:58:25,515 INFO [AsyncResolver-bootstrap-executor-0][ConfigClusterResolver.java:43] - Resolving eureka endpoints via configuration
