[ConsumerService][53050] 2022-06-27 16:47:51,261 INFO [main][DefaultApplicationProvider.java:85] - App ID is set to consumer-service by app.id property from System Property
[ConsumerService][53050] 2022-06-27 16:47:51,278 INFO [main][DefaultServerProvider.java:108] - Environment is set to [dev] by JVM system property 'env'.
[ConsumerService][53050] 2022-06-27 16:47:51,339 WARN [main][DefaultMetaServerProvider.java:39] - Could not find meta server address, because it is not available in neither (1) JVM system property 'apollo.meta', (2) OS env variable 'APOLLO_META' (3) property 'apollo.meta' from server.properties nor (4) property 'apollo.meta' from app.properties
[ConsumerService][53050] 2022-06-27 16:47:51,348 INFO [main][MetaDomainConsts.java:93] - Located meta server address http://localhost:8080 for env DEV from com.ctrip.framework.apollo.core.internals.LegacyMetaServerProvider
[ConsumerService][53050] 2022-06-27 16:47:53,128 INFO [main][SpringApplication.java:675] - No active profile set, falling back to default profiles: default
[ConsumerService][53050] 2022-06-27 16:47:57,050 INFO [main][RepositoryConfigurationDelegate.java:244] - Multiple Spring Data modules found, entering strict repository configuration mode!
[ConsumerService][53050] 2022-06-27 16:47:57,051 INFO [main][RepositoryConfigurationDelegate.java:126] - Bootstrapping Spring Data repositories in DEFAULT mode.
[ConsumerService][53050] 2022-06-27 16:47:57,103 INFO [main][RepositoryConfigurationDelegate.java:182] - Finished Spring Data repository scanning in 42ms. Found 0 repository interfaces.
[ConsumerService][53050] 2022-06-27 16:47:57,140 INFO [main][RepositoryConfigurationDelegate.java:244] - Multiple Spring Data modules found, entering strict repository configuration mode!
[ConsumerService][53050] 2022-06-27 16:47:57,142 INFO [main][RepositoryConfigurationDelegate.java:126] - Bootstrapping Spring Data repositories in DEFAULT mode.
[ConsumerService][53050] 2022-06-27 16:47:57,169 INFO [main][RepositoryConfigurationDelegate.java:182] - Finished Spring Data repository scanning in 8ms. Found 0 repository interfaces.
[ConsumerService][53050] 2022-06-27 16:47:57,411 WARN [main][EndpointId.java:135] - Endpoint ID 'service-registry' contains invalid characters, please migrate to a valid format.
[ConsumerService][53050] 2022-06-27 16:47:57,821 INFO [main][GenericScope.java:294] - BeanFactory id=84d9a334-7360-36ce-9d22-a0a9f0cdd40c
[ConsumerService][53050] 2022-06-27 16:47:57,963 INFO [main][PostProcessorRegistrationDelegate.java:330] - Bean 'com.liu.wanxinp2p.consumer.agent.AccountServiceAgent' of type [org.springframework.cloud.openfeign.FeignClientFactoryBean] is not eligible for getting processed by all BeanPostProcessors (for example: not eligible for auto-proxying)
[ConsumerService][53050] 2022-06-27 16:47:57,965 INFO [main][PostProcessorRegistrationDelegate.java:330] - Bean 'com.liu.wanxinp2p.consumer.agent.DepositoryServiceAgent' of type [org.springframework.cloud.openfeign.FeignClientFactoryBean] is not eligible for getting processed by all BeanPostProcessors (for example: not eligible for auto-proxying)
[ConsumerService][53050] 2022-06-27 16:47:57,994 INFO [main][PostProcessorRegistrationDelegate.java:330] - Bean 'com.alibaba.druid.spring.boot.autoconfigure.stat.DruidSpringAopConfiguration' of type [com.alibaba.druid.spring.boot.autoconfigure.stat.DruidSpringAopConfiguration] is not eligible for getting processed by all BeanPostProcessors (for example: not eligible for auto-proxying)
[ConsumerService][53050] 2022-06-27 16:47:58,004 INFO [main][PostProcessorRegistrationDelegate.java:330] - Bean 'org.apache.rocketmq.spring.autoconfigure.RocketMQAutoConfiguration' of type [org.apache.rocketmq.spring.autoconfigure.RocketMQAutoConfiguration$$EnhancerBySpringCGLIB$$fd271491] is not eligible for getting processed by all BeanPostProcessors (for example: not eligible for auto-proxying)
[ConsumerService][53050] 2022-06-27 16:47:58,021 INFO [main][PostProcessorRegistrationDelegate.java:330] - Bean 'rocketmq-org.apache.rocketmq.spring.autoconfigure.RocketMQProperties' of type [org.apache.rocketmq.spring.autoconfigure.RocketMQProperties] is not eligible for getting processed by all BeanPostProcessors (for example: not eligible for auto-proxying)
[ConsumerService][53050] 2022-06-27 16:47:59,504 INFO [main][PostProcessorRegistrationDelegate.java:330] - Bean 'defaultMQProducer' of type [org.apache.rocketmq.client.producer.DefaultMQProducer] is not eligible for getting processed by all BeanPostProcessors (for example: not eligible for auto-proxying)
[ConsumerService][53050] 2022-06-27 16:47:59,508 INFO [main][PostProcessorRegistrationDelegate.java:330] - Bean 'org.springframework.boot.autoconfigure.jackson.JacksonAutoConfiguration$JacksonObjectMapperConfiguration' of type [org.springframework.boot.autoconfigure.jackson.JacksonAutoConfiguration$JacksonObjectMapperConfiguration$$EnhancerBySpringCGLIB$$30248526] is not eligible for getting processed by all BeanPostProcessors (for example: not eligible for auto-proxying)
[ConsumerService][53050] 2022-06-27 16:47:59,514 INFO [main][PostProcessorRegistrationDelegate.java:330] - Bean 'org.springframework.boot.autoconfigure.jackson.JacksonAutoConfiguration$JacksonObjectMapperBuilderConfiguration' of type [org.springframework.boot.autoconfigure.jackson.JacksonAutoConfiguration$JacksonObjectMapperBuilderConfiguration$$EnhancerBySpringCGLIB$$e271473f] is not eligible for getting processed by all BeanPostProcessors (for example: not eligible for auto-proxying)
[ConsumerService][53050] 2022-06-27 16:47:59,518 INFO [main][PostProcessorRegistrationDelegate.java:330] - Bean 'org.springframework.boot.autoconfigure.jackson.JacksonAutoConfiguration$Jackson2ObjectMapperBuilderCustomizerConfiguration' of type [org.springframework.boot.autoconfigure.jackson.JacksonAutoConfiguration$Jackson2ObjectMapperBuilderCustomizerConfiguration$$EnhancerBySpringCGLIB$$9d882d2e] is not eligible for getting processed by all BeanPostProcessors (for example: not eligible for auto-proxying)
[ConsumerService][53050] 2022-06-27 16:47:59,524 INFO [main][PostProcessorRegistrationDelegate.java:330] - Bean 'spring.jackson-org.springframework.boot.autoconfigure.jackson.JacksonProperties' of type [org.springframework.boot.autoconfigure.jackson.JacksonProperties] is not eligible for getting processed by all BeanPostProcessors (for example: not eligible for auto-proxying)
[ConsumerService][53050] 2022-06-27 16:47:59,527 INFO [main][PostProcessorRegistrationDelegate.java:330] - Bean 'standardJacksonObjectMapperBuilderCustomizer' of type [org.springframework.boot.autoconfigure.jackson.JacksonAutoConfiguration$Jackson2ObjectMapperBuilderCustomizerConfiguration$StandardJackson2ObjectMapperBuilderCustomizer] is not eligible for getting processed by all BeanPostProcessors (for example: not eligible for auto-proxying)
[ConsumerService][53050] 2022-06-27 16:47:59,533 INFO [main][PostProcessorRegistrationDelegate.java:330] - Bean 'org.springframework.boot.autoconfigure.jackson.JacksonAutoConfiguration$ParameterNamesModuleConfiguration' of type [org.springframework.boot.autoconfigure.jackson.JacksonAutoConfiguration$ParameterNamesModuleConfiguration$$EnhancerBySpringCGLIB$$c453a45c] is not eligible for getting processed by all BeanPostProcessors (for example: not eligible for auto-proxying)
[ConsumerService][53050] 2022-06-27 16:47:59,541 INFO [main][PostProcessorRegistrationDelegate.java:330] - Bean 'parameterNamesModule' of type [com.fasterxml.jackson.module.paramnames.ParameterNamesModule] is not eligible for getting processed by all BeanPostProcessors (for example: not eligible for auto-proxying)
[ConsumerService][53050] 2022-06-27 16:47:59,543 INFO [main][PostProcessorRegistrationDelegate.java:330] - Bean 'org.springframework.boot.autoconfigure.jackson.JacksonAutoConfiguration' of type [org.springframework.boot.autoconfigure.jackson.JacksonAutoConfiguration$$EnhancerBySpringCGLIB$$123022b5] is not eligible for getting processed by all BeanPostProcessors (for example: not eligible for auto-proxying)
[ConsumerService][53050] 2022-06-27 16:47:59,604 INFO [main][PostProcessorRegistrationDelegate.java:330] - Bean 'jsonComponentModule' of type [org.springframework.boot.jackson.JsonComponentModule] is not eligible for getting processed by all BeanPostProcessors (for example: not eligible for auto-proxying)
[ConsumerService][53050] 2022-06-27 16:47:59,605 INFO [main][PostProcessorRegistrationDelegate.java:330] - Bean 'org.springframework.data.web.config.SpringDataJacksonConfiguration' of type [org.springframework.data.web.config.SpringDataJacksonConfiguration] is not eligible for getting processed by all BeanPostProcessors (for example: not eligible for auto-proxying)
[ConsumerService][53050] 2022-06-27 16:47:59,649 INFO [main][PostProcessorRegistrationDelegate.java:330] - Bean 'jacksonGeoModule' of type [org.springframework.data.geo.GeoModule] is not eligible for getting processed by all BeanPostProcessors (for example: not eligible for auto-proxying)
[ConsumerService][53050] 2022-06-27 16:47:59,650 INFO [main][PostProcessorRegistrationDelegate.java:330] - Bean 'org.springframework.data.mongodb.config.GeoJsonConfiguration' of type [org.springframework.data.mongodb.config.GeoJsonConfiguration] is not eligible for getting processed by all BeanPostProcessors (for example: not eligible for auto-proxying)
[ConsumerService][53050] 2022-06-27 16:47:59,665 INFO [main][PostProcessorRegistrationDelegate.java:330] - Bean 'geoJsonModule' of type [org.springframework.data.mongodb.core.geo.GeoJsonModule] is not eligible for getting processed by all BeanPostProcessors (for example: not eligible for auto-proxying)
[ConsumerService][53050] 2022-06-27 16:47:59,670 INFO [main][PostProcessorRegistrationDelegate.java:330] - Bean 'jacksonObjectMapperBuilder' of type [org.springframework.http.converter.json.Jackson2ObjectMapperBuilder] is not eligible for getting processed by all BeanPostProcessors (for example: not eligible for auto-proxying)
[ConsumerService][53050] 2022-06-27 16:47:59,706 INFO [main][PostProcessorRegistrationDelegate.java:330] - Bean 'jacksonObjectMapper' of type [com.fasterxml.jackson.databind.ObjectMapper] is not eligible for getting processed by all BeanPostProcessors (for example: not eligible for auto-proxying)
[ConsumerService][53050] 2022-06-27 16:48:04,568 INFO [main][PostProcessorRegistrationDelegate.java:330] - Bean 'rocketMQTemplate' of type [org.apache.rocketmq.spring.core.RocketMQTemplate] is not eligible for getting processed by all BeanPostProcessors (for example: not eligible for auto-proxying)
[ConsumerService][53050] 2022-06-27 16:48:04,571 INFO [main][PostProcessorRegistrationDelegate.java:330] - Bean 'transactionHandlerRegistry' of type [org.apache.rocketmq.spring.config.TransactionHandlerRegistry] is not eligible for getting processed by all BeanPostProcessors (for example: not eligible for auto-proxying)
[ConsumerService][53050] 2022-06-27 16:48:04,736 INFO [main][PostProcessorRegistrationDelegate.java:330] - Bean 'org.springframework.transaction.annotation.ProxyTransactionManagementConfiguration' of type [org.springframework.transaction.annotation.ProxyTransactionManagementConfiguration$$EnhancerBySpringCGLIB$$d4910595] is not eligible for getting processed by all BeanPostProcessors (for example: not eligible for auto-proxying)
[ConsumerService][53050] 2022-06-27 16:48:05,211 INFO [main][PostProcessorRegistrationDelegate.java:330] - Bean 'spring.datasource.druid-com.alibaba.druid.spring.boot.autoconfigure.properties.DruidStatProperties' of type [com.alibaba.druid.spring.boot.autoconfigure.properties.DruidStatProperties] is not eligible for getting processed by all BeanPostProcessors (for example: not eligible for auto-proxying)
[ConsumerService][53050] 2022-06-27 16:48:05,269 INFO [main][PostProcessorRegistrationDelegate.java:330] - Bean 'advisor' of type [org.springframework.aop.support.RegexpMethodPointcutAdvisor] is not eligible for getting processed by all BeanPostProcessors (for example: not eligible for auto-proxying)
[ConsumerService][53050] 2022-06-27 16:48:05,308 INFO [main][PostProcessorRegistrationDelegate.java:330] - Bean 'org.springframework.cloud.autoconfigure.ConfigurationPropertiesRebinderAutoConfiguration' of type [org.springframework.cloud.autoconfigure.ConfigurationPropertiesRebinderAutoConfiguration$$EnhancerBySpringCGLIB$$f0ab0892] is not eligible for getting processed by all BeanPostProcessors (for example: not eligible for auto-proxying)
[ConsumerService][53050] 2022-06-27 16:48:06,207 INFO [main][TomcatWebServer.java:90] - Tomcat initialized with port(s): 53050 (http)
[ConsumerService][53050] 2022-06-27 16:48:06,261 INFO [main][DirectJDKLog.java:173] - Initializing ProtocolHandler ["http-nio-53050"]
[ConsumerService][53050] 2022-06-27 16:48:06,290 INFO [main][DirectJDKLog.java:173] - Starting service [Tomcat]
[ConsumerService][53050] 2022-06-27 16:48:06,292 INFO [main][DirectJDKLog.java:173] - Starting Servlet engine: [Apache Tomcat/9.0.16]
[ConsumerService][53050] 2022-06-27 16:48:06,307 INFO [main][DirectJDKLog.java:173] - The APR based Apache Tomcat Native library which allows optimal performance in production environments was not found on the java.library.path: [E:\jdk1.8.0_161\bin;C:\WINDOWS\Sun\Java\bin;C:\WINDOWS\system32;C:\WINDOWS;E:\Ruby26-x64\bin;C:\Program Files (x86)\Common Files\Oracle\Java\javapath;C:\Program Files\VanDyke Software\Clients\;E:\Anaconda;E:\Anaconda\Library\mingw-w64\bin;E:\Anaconda\Library\usr\bin;E:\Anaconda\Library\bin;E:\Anaconda\Scripts;C:\WINDOWS\system32;C:\WINDOWS;C:\WINDOWS\System32\Wbem;C:\WINDOWS\System32\WindowsPowerShell\v1.0\;C:\WINDOWS\System32\OpenSSH\;E:\mysql-5.7.20-winx64\bin;C:\Program Files\dotnet\;E:\nodejs\;C:\Users\Administrator\AppData\Roaming\npm;E:\nodejs\node_global\;C:\Program Files (x86)\Common Files\Thunder Network\KanKan\Codecs;E:\spark-2.1.1-hadoop2.7\bin;D:\Android\Sdk\platform-tools;E:\TortoiseSVN\bin;E:\TortoiseSVN\bin;E:\Subversion\bin;C:\Program Files\Docker\Docker\resources\bin;C:\ProgramData\DockerDesktop\version-bin;E:\CMake\bin;C:\mingw64\bin;E:\scala-2.12.15\bin;C:\Program Files (x86)\scala\bin;E:\spark\bin;E:\spark-2.1.1-hadoop2.7\bin;E:\NetSarang\Xshell 7\;E:\NetSarang\Xftp 7\;C:\Program Files\Git\cmd;E:\apache-maven-3.6.3\bin;E:\jdk1.8.0_161\bin;C:\Users\Administrator\AppData\Local\Microsoft\WindowsApps;E:\IntelliJ IDEA\bin;;C:\Users\Administrator\AppData\Roaming\npm;E:\nodejs\node_global\;C:\Users\Administrator\.dotnet\tools;C:\Users\Administrator\AppData\Local\GitHubDesktop\bin;E:\Microsoft VS Code\bin;.]
[ConsumerService][53050] 2022-06-27 16:48:06,763 INFO [main][DirectJDKLog.java:173] - Initializing Spring embedded WebApplicationContext
[ConsumerService][53050] 2022-06-27 16:48:06,763 INFO [main][ServletWebServerApplicationContext.java:296] - Root WebApplicationContext: initialization completed in 13571 ms
[ConsumerService][53050] 2022-06-27 16:48:07,117 INFO [NettyClientSelector_1][Slf4jLoggerFactory.java:95] - closeChannel: close the connection to remote address[] result: true
[ConsumerService][53050] 2022-06-27 16:48:07,133 INFO [NettyClientSelector_1][Slf4jLoggerFactory.java:95] - closeChannel: close the connection to remote address[] result: true
[ConsumerService][53050] 2022-06-27 16:48:07,201 WARN [main][URLConfigurationSource.java:121] - No URLs will be polled as dynamic configuration sources.
[ConsumerService][53050] 2022-06-27 16:48:07,203 INFO [main][URLConfigurationSource.java:122] - To enable URLs as dynamic configuration sources, define System property archaius.configurationSource.additionalUrls or make config.properties available on classpath.
[ConsumerService][53050] 2022-06-27 16:48:07,234 INFO [main][DynamicPropertyFactory.java:281] - DynamicPropertyFactory is initialized with configuration sources: com.netflix.config.ConcurrentCompositeConfiguration@45c423b3
[ConsumerService][53050] 2022-06-27 16:48:07,482 INFO [main][DruidDataSourceAutoConfigure.java:56] - Init DruidDataSource
[ConsumerService][53050] 2022-06-27 16:48:08,239 INFO [main][DruidDataSource.java:1002] - {dataSource-1} inited
[ConsumerService][53050] 2022-06-27 16:48:12,797 INFO [main][AutowiredAnnotationBeanPostProcessor.java:342] - Inconsistent constructor declaration on bean with name 'hmilyAutoConfiguration': single autowire-marked constructor flagged as optional - this constructor is effectively required since there is no default constructor to fall back to: public org.dromara.hmily.spring.boot.starter.parent.configuration.HmilyAutoConfiguration$$EnhancerBySpringCGLIB$$12c4421(org.dromara.hmily.spring.boot.starter.parent.config.HmilyConfigProperties)
[ConsumerService][53050] 2022-06-27 16:48:13,348 INFO [main][EndpointLinksResolver.java:59] - Exposing 2 endpoint(s) beneath base path '/actuator'
[ConsumerService][53050] 2022-06-27 16:48:13,621 INFO [main][HikariDataSource.java:110] - HikariPool-1 - Starting...
[ConsumerService][53050] 2022-06-27 16:48:13,629 WARN [main][DriverDataSource.java:68] - Registered driver with driverClassName=com.mysql.jdbc.Driver was not found, trying direct instantiation.
[ConsumerService][53050] 2022-06-27 16:48:13,677 INFO [main][HikariDataSource.java:123] - HikariPool-1 - Start completed.
[ConsumerService][53050] 2022-06-27 16:48:13,748 INFO [main][HmilyLogo.java:49] - 


    __  __          _ __     
   / / / /___ ___  (_) /_  __
  / /_/ / __ `__ \/ / / / / /
 / __  / / / / / / / / /_/ / 
/_/ /_/_/ /_/ /_/_/_/\__, /  
                    /____/   

 :: Hmily :: (v2.0.0-RELEASE)

[ConsumerService][53050] 2022-06-27 16:48:13,785 INFO [main][PropertySourcedRequestMappingHandlerMapping.java:69] - Mapped URL path [/v2/api-docs] onto method [public org.springframework.http.ResponseEntity<springfox.documentation.spring.web.json.Json> springfox.documentation.swagger2.web.Swagger2Controller.getDocumentation(java.lang.String,javax.servlet.http.HttpServletRequest)]
[ConsumerService][53050] 2022-06-27 16:48:13,806 WARN [main][URLConfigurationSource.java:121] - No URLs will be polled as dynamic configuration sources.
[ConsumerService][53050] 2022-06-27 16:48:13,807 INFO [main][URLConfigurationSource.java:122] - To enable URLs as dynamic configuration sources, define System property archaius.configurationSource.additionalUrls or make config.properties available on classpath.
[ConsumerService][53050] 2022-06-27 16:48:14,282 INFO [main][ExecutorConfigurationSupport.java:171] - Initializing ExecutorService 'applicationTaskExecutor'
[ConsumerService][53050] 2022-06-27 16:48:17,222 WARN [main][EurekaStarterDeprecationWarningAutoConfiguration.java:19] - spring-cloud-starter-eureka is deprecated as of Spring Cloud Netflix 1.4.0, please migrate to spring-cloud-starter-netflix-eureka
[ConsumerService][53050] 2022-06-27 16:48:21,142 INFO [NettyClientSelector_1][Slf4jLoggerFactory.java:95] - closeChannel: close the connection to remote address[] result: true
[ConsumerService][53050] 2022-06-27 16:48:23,184 INFO [NettyClientSelector_1][Slf4jLoggerFactory.java:95] - closeChannel: close the connection to remote address[] result: true
[ConsumerService][53050] 2022-06-27 16:48:23,188 INFO [main][DefaultRocketMQListenerContainer.java:243] - running container: DefaultRocketMQListenerContainer{consumerGroup='CID_P2P_GATEWAY_NOTIFY', nameServer='127.0.0.1:9876', topic='TP_GATEWAY_NOTIFY_AGENT', consumeMode=CONCURRENTLY, selectorType=TAG, selectorExpression='PERSONAL_REGISTER', messageModel=CLUSTERING}
[ConsumerService][53050] 2022-06-27 16:48:23,189 INFO [main][ListenerContainerConfiguration.java:107] - Register the listener to container, listenerBeanName:gatewayNotifyListener, containerBeanName:org.apache.rocketmq.spring.support.DefaultRocketMQListenerContainer_1
[ConsumerService][53050] 2022-06-27 16:48:23,312 INFO [main][InstanceInfoFactory.java:71] - Setting initial instance status as: STARTING
[ConsumerService][53050] 2022-06-27 16:48:23,373 INFO [main][DiscoveryClient.java:349] - Initializing Eureka in region us-east-1
[ConsumerService][53050] 2022-06-27 16:48:24,384 INFO [main][DiscoveryJerseyProvider.java:70] - Using JSON encoding codec LegacyJacksonJson
[ConsumerService][53050] 2022-06-27 16:48:24,385 INFO [main][DiscoveryJerseyProvider.java:71] - Using JSON decoding codec LegacyJacksonJson
[ConsumerService][53050] 2022-06-27 16:48:24,580 INFO [main][DiscoveryJerseyProvider.java:80] - Using XML encoding codec XStreamXml
[ConsumerService][53050] 2022-06-27 16:48:24,580 INFO [main][DiscoveryJerseyProvider.java:81] - Using XML decoding codec XStreamXml
[ConsumerService][53050] 2022-06-27 16:48:25,023 INFO [main][ConfigClusterResolver.java:43] - Resolving eureka endpoints via configuration
[ConsumerService][53050] 2022-06-27 16:48:25,207 INFO [NettyClientSelector_1][Slf4jLoggerFactory.java:95] - closeChannel: close the connection to remote address[] result: true
[ConsumerService][53050] 2022-06-27 16:48:25,799 INFO [main][DiscoveryClient.java:958] - Disable delta property : false
[ConsumerService][53050] 2022-06-27 16:48:25,799 INFO [main][DiscoveryClient.java:959] - Single vip registry refresh property : null
[ConsumerService][53050] 2022-06-27 16:48:25,799 INFO [main][DiscoveryClient.java:960] - Force full registry fetch : false
[ConsumerService][53050] 2022-06-27 16:48:25,799 INFO [main][DiscoveryClient.java:961] - Application is null : false
[ConsumerService][53050] 2022-06-27 16:48:25,799 INFO [main][DiscoveryClient.java:962] - Registered Applications size is zero : true
[ConsumerService][53050] 2022-06-27 16:48:25,800 INFO [main][DiscoveryClient.java:964] - Application version is -1: true
[ConsumerService][53050] 2022-06-27 16:48:25,800 INFO [main][DiscoveryClient.java:1047] - Getting all instance registry info from the eureka server
[ConsumerService][53050] 2022-06-27 16:48:26,244 INFO [main][DiscoveryClient.java:1056] - The response status is 200
[ConsumerService][53050] 2022-06-27 16:48:26,247 INFO [main][DiscoveryClient.java:1270] - Starting heartbeat executor: renew interval is: 30
[ConsumerService][53050] 2022-06-27 16:48:26,253 INFO [main][InstanceInfoReplicator.java:60] - InstanceInfoReplicator onDemand update allowed rate per min is 4
[ConsumerService][53050] 2022-06-27 16:48:26,259 INFO [main][DiscoveryClient.java:449] - Discovery Client initialized at timestamp 1656319706257 with initial instances count: 0
[ConsumerService][53050] 2022-06-27 16:48:26,265 INFO [main][EurekaServiceRegistry.java:42] - Registering application CONSUMER-SERVICE with eureka with status UP
[ConsumerService][53050] 2022-06-27 16:48:26,266 INFO [main][DiscoveryClient.java:1305] - Saw local status change event StatusChangeEvent [timestamp=1656319706266, current=UP, previous=STARTING]
[ConsumerService][53050] 2022-06-27 16:48:26,269 INFO [main][DocumentationPluginsBootstrapper.java:160] - Context refreshed
[ConsumerService][53050] 2022-06-27 16:48:26,281 INFO [DiscoveryClient-InstanceInfoReplicator-0][DiscoveryClient.java:826] - DiscoveryClient_CONSUMER-SERVICE/consumer-service:127.0.0.1:53050: registering service...
[ConsumerService][53050] 2022-06-27 16:48:26,330 INFO [main][DocumentationPluginsBootstrapper.java:163] - Found 1 custom documentation plugin(s)
[ConsumerService][53050] 2022-06-27 16:48:26,418 INFO [main][ApiListingReferenceScanner.java:41] - Scanning for api listing references
[ConsumerService][53050] 2022-06-27 16:48:26,514 INFO [DiscoveryClient-InstanceInfoReplicator-0][DiscoveryClient.java:835] - DiscoveryClient_CONSUMER-SERVICE/consumer-service:127.0.0.1:53050 - registration status: 204
[ConsumerService][53050] 2022-06-27 16:48:26,700 INFO [main][CachingOperationNameGenerator.java:40] - Generating unique operation named: handleUsingGET_1
[ConsumerService][53050] 2022-06-27 16:48:26,703 INFO [main][CachingOperationNameGenerator.java:40] - Generating unique operation named: handleUsingGET_2
[ConsumerService][53050] 2022-06-27 16:48:26,705 INFO [main][CachingOperationNameGenerator.java:40] - Generating unique operation named: handleUsingGET_3
[ConsumerService][53050] 2022-06-27 16:48:26,770 INFO [main][DirectJDKLog.java:173] - Starting ProtocolHandler ["http-nio-53050"]
[ConsumerService][53050] 2022-06-27 16:48:26,812 INFO [main][TomcatWebServer.java:204] - Tomcat started on port(s): 53050 (http) with context path '/consumer'
[ConsumerService][53050] 2022-06-27 16:48:26,814 INFO [main][EurekaAutoServiceRegistration.java:141] - Updating port to 53050
[ConsumerService][53050] 2022-06-27 16:48:26,820 INFO [main][StartupInfoLogger.java:59] - Started ConsumerService in 39.766 seconds (JVM running for 43.18)
[ConsumerService][53050] 2022-06-27 16:48:27,236 INFO [NettyClientSelector_1][Slf4jLoggerFactory.java:95] - closeChannel: close the connection to remote address[] result: true
[ConsumerService][53050] 2022-06-27 16:48:28,904 INFO [RMI TCP Connection(5)-172.29.112.1][DirectJDKLog.java:173] - Initializing Spring DispatcherServlet 'dispatcherServlet'
[ConsumerService][53050] 2022-06-27 16:48:28,905 INFO [RMI TCP Connection(5)-172.29.112.1][FrameworkServlet.java:524] - Initializing Servlet 'dispatcherServlet'
[ConsumerService][53050] 2022-06-27 16:48:28,936 INFO [RMI TCP Connection(5)-172.29.112.1][FrameworkServlet.java:546] - Completed initialization in 30 ms
[ConsumerService][53050] 2022-06-27 16:48:29,275 INFO [NettyClientSelector_1][Slf4jLoggerFactory.java:95] - closeChannel: close the connection to remote address[] result: true
[ConsumerService][53050] 2022-06-27 16:48:31,309 INFO [NettyClientSelector_1][Slf4jLoggerFactory.java:95] - closeChannel: close the connection to remote address[] result: true
[ConsumerService][53050] 2022-06-27 16:48:36,616 INFO [NettyClientSelector_1][Slf4jLoggerFactory.java:95] - closeChannel: close the connection to remote address[] result: true
[ConsumerService][53050] 2022-06-27 16:48:36,676 INFO [NettyClientSelector_1][Slf4jLoggerFactory.java:95] - closeChannel: close the connection to remote address[] result: true
[ConsumerService][53050] 2022-06-27 16:48:38,697 INFO [NettyClientSelector_1][Slf4jLoggerFactory.java:95] - closeChannel: close the connection to remote address[] result: true
[ConsumerService][53050] 2022-06-27 16:48:43,759 INFO [hmilyTransaction-tccRollBackService-1][LogUtil.java:87] - rollback execute delayTime:60
[ConsumerService][53050] 2022-06-27 16:48:53,338 INFO [NettyClientSelector_1][Slf4jLoggerFactory.java:95] - closeChannel: close the connection to remote address[] result: true
[ConsumerService][53050] 2022-06-27 16:48:55,381 INFO [NettyClientSelector_1][Slf4jLoggerFactory.java:95] - closeChannel: close the connection to remote address[] result: true
[ConsumerService][53050] 2022-06-27 16:48:56,261 INFO [DiscoveryClient-CacheRefreshExecutor-0][DiscoveryClient.java:958] - Disable delta property : false
[ConsumerService][53050] 2022-06-27 16:48:56,261 INFO [DiscoveryClient-CacheRefreshExecutor-0][DiscoveryClient.java:959] - Single vip registry refresh property : null
[ConsumerService][53050] 2022-06-27 16:48:56,262 INFO [DiscoveryClient-CacheRefreshExecutor-0][DiscoveryClient.java:960] - Force full registry fetch : false
[ConsumerService][53050] 2022-06-27 16:48:56,262 INFO [DiscoveryClient-CacheRefreshExecutor-0][DiscoveryClient.java:961] - Application is null : false
[ConsumerService][53050] 2022-06-27 16:48:56,262 INFO [DiscoveryClient-CacheRefreshExecutor-0][DiscoveryClient.java:962] - Registered Applications size is zero : true
[ConsumerService][53050] 2022-06-27 16:48:56,263 INFO [DiscoveryClient-CacheRefreshExecutor-0][DiscoveryClient.java:964] - Application version is -1: false
[ConsumerService][53050] 2022-06-27 16:48:56,263 INFO [DiscoveryClient-CacheRefreshExecutor-0][DiscoveryClient.java:1047] - Getting all instance registry info from the eureka server
[ConsumerService][53050] 2022-06-27 16:48:56,346 INFO [DiscoveryClient-CacheRefreshExecutor-0][DiscoveryClient.java:1056] - The response status is 200
[ConsumerService][53050] 2022-06-27 16:49:06,599 INFO [NettyClientSelector_1][Slf4jLoggerFactory.java:95] - closeChannel: close the connection to remote address[] result: true
[ConsumerService][53050] 2022-06-27 16:49:08,666 INFO [NettyClientSelector_1][Slf4jLoggerFactory.java:95] - closeChannel: close the connection to remote address[] result: true
[ConsumerService][53050] 2022-06-27 16:49:17,442 INFO [NettyClientSelector_1][Slf4jLoggerFactory.java:95] - closeChannel: close the connection to remote address[] result: true
[ConsumerService][53050] 2022-06-27 16:49:19,469 INFO [NettyClientSelector_1][Slf4jLoggerFactory.java:95] - closeChannel: close the connection to remote address[] result: true
[ConsumerService][53050] 2022-06-27 16:49:34,617 INFO [NettyClientSelector_1][Slf4jLoggerFactory.java:95] - closeChannel: close the connection to remote address[] result: true
[ConsumerService][53050] 2022-06-27 16:49:36,619 INFO [NettyClientSelector_1][Slf4jLoggerFactory.java:95] - closeChannel: close the connection to remote address[] result: true
[ConsumerService][53050] 2022-06-27 16:49:36,651 INFO [NettyClientSelector_1][Slf4jLoggerFactory.java:95] - closeChannel: close the connection to remote address[] result: true
[ConsumerService][53050] 2022-06-27 16:49:38,680 INFO [NettyClientSelector_1][Slf4jLoggerFactory.java:95] - closeChannel: close the connection to remote address[] result: true
[ConsumerService][53050] 2022-06-27 16:49:43,554 INFO [NettyClientSelector_1][Slf4jLoggerFactory.java:95] - closeChannel: close the connection to remote address[] result: true
[ConsumerService][53050] 2022-06-27 16:49:43,824 INFO [hmilyTransaction-tccRollBackService-1][LogUtil.java:87] - rollback execute delayTime:60
[ConsumerService][53050] 2022-06-27 16:50:04,632 INFO [NettyClientSelector_1][Slf4jLoggerFactory.java:95] - closeChannel: close the connection to remote address[] result: true
[ConsumerService][53050] 2022-06-27 16:50:06,618 INFO [NettyClientSelector_1][Slf4jLoggerFactory.java:95] - closeChannel: close the connection to remote address[] result: true
[ConsumerService][53050] 2022-06-27 16:50:06,667 INFO [NettyClientSelector_1][Slf4jLoggerFactory.java:95] - closeChannel: close the connection to remote address[] result: true
[ConsumerService][53050] 2022-06-27 16:50:08,697 INFO [NettyClientSelector_1][Slf4jLoggerFactory.java:95] - closeChannel: close the connection to remote address[] result: true
[ConsumerService][53050] 2022-06-27 16:50:10,712 INFO [NettyClientSelector_1][Slf4jLoggerFactory.java:95] - closeChannel: close the connection to remote address[] result: true
[ConsumerService][53050] 2022-06-27 16:50:32,741 INFO [NettyClientSelector_1][Slf4jLoggerFactory.java:95] - closeChannel: close the connection to remote address[] result: true
[ConsumerService][53050] 2022-06-27 16:50:34,804 INFO [NettyClientSelector_1][Slf4jLoggerFactory.java:95] - closeChannel: close the connection to remote address[] result: true
[ConsumerService][53050] 2022-06-27 16:50:36,597 INFO [NettyClientSelector_1][Slf4jLoggerFactory.java:95] - closeChannel: close the connection to remote address[] result: true
[ConsumerService][53050] 2022-06-27 16:50:36,832 INFO [NettyClientSelector_1][Slf4jLoggerFactory.java:95] - closeChannel: close the connection to remote address[] result: true
[ConsumerService][53050] 2022-06-27 16:50:38,851 INFO [NettyClientSelector_1][Slf4jLoggerFactory.java:95] - closeChannel: close the connection to remote address[] result: true
[ConsumerService][53050] 2022-06-27 16:50:40,876 INFO [NettyClientSelector_1][Slf4jLoggerFactory.java:95] - closeChannel: close the connection to remote address[] result: true
[ConsumerService][53050] 2022-06-27 16:50:43,830 INFO [hmilyTransaction-tccRollBackService-1][LogUtil.java:87] - rollback execute delayTime:60
[ConsumerService][53050] 2022-06-27 16:50:56,831 INFO [NettyClientSelector_1][Slf4jLoggerFactory.java:95] - closeChannel: close the connection to remote address[] result: true
[ConsumerService][53050] 2022-06-27 16:50:58,861 INFO [NettyClientSelector_1][Slf4jLoggerFactory.java:95] - closeChannel: close the connection to remote address[] result: true
[ConsumerService][53050] 2022-06-27 16:51:04,595 INFO [NettyClientSelector_1][Slf4jLoggerFactory.java:95] - closeChannel: close the connection to remote address[] result: true
[ConsumerService][53050] 2022-06-27 16:51:06,602 INFO [NettyClientSelector_1][Slf4jLoggerFactory.java:95] - closeChannel: close the connection to remote address[] result: true
[ConsumerService][53050] 2022-06-27 16:51:06,618 INFO [NettyClientSelector_1][Slf4jLoggerFactory.java:95] - closeChannel: close the connection to remote address[] result: true
[ConsumerService][53050] 2022-06-27 16:51:08,646 INFO [NettyClientSelector_1][Slf4jLoggerFactory.java:95] - closeChannel: close the connection to remote address[] result: true
[ConsumerService][53050] 2022-06-27 16:51:20,893 INFO [NettyClientSelector_1][Slf4jLoggerFactory.java:95] - closeChannel: close the connection to remote address[] result: true
[ConsumerService][53050] 2022-06-27 16:51:22,919 INFO [NettyClientSelector_1][Slf4jLoggerFactory.java:95] - closeChannel: close the connection to remote address[] result: true
[ConsumerService][53050] 2022-06-27 16:51:36,608 INFO [NettyClientSelector_1][Slf4jLoggerFactory.java:95] - closeChannel: close the connection to remote address[] result: true
[ConsumerService][53050] 2022-06-27 16:51:36,640 INFO [NettyClientSelector_1][Slf4jLoggerFactory.java:95] - closeChannel: close the connection to remote address[] result: true
[ConsumerService][53050] 2022-06-27 16:51:38,669 INFO [NettyClientSelector_1][Slf4jLoggerFactory.java:95] - closeChannel: close the connection to remote address[] result: true
[ConsumerService][53050] 2022-06-27 16:51:43,844 INFO [hmilyTransaction-tccRollBackService-1][LogUtil.java:87] - rollback execute delayTime:60
[ConsumerService][53050] 2022-06-27 16:51:47,005 INFO [NettyClientSelector_1][Slf4jLoggerFactory.java:95] - closeChannel: close the connection to remote address[] result: true
[ConsumerService][53050] 2022-06-27 16:52:04,616 INFO [NettyClientSelector_1][Slf4jLoggerFactory.java:95] - closeChannel: close the connection to remote address[] result: true
[ConsumerService][53050] 2022-06-27 16:52:06,612 INFO [NettyClientSelector_1][Slf4jLoggerFactory.java:95] - closeChannel: close the connection to remote address[] result: true
[ConsumerService][53050] 2022-06-27 16:52:06,643 INFO [NettyClientSelector_1][Slf4jLoggerFactory.java:95] - closeChannel: close the connection to remote address[] result: true
[ConsumerService][53050] 2022-06-27 16:52:08,677 INFO [NettyClientSelector_1][Slf4jLoggerFactory.java:95] - closeChannel: close the connection to remote address[] result: true
[ConsumerService][53050] 2022-06-27 16:52:10,726 INFO [NettyClientSelector_1][Slf4jLoggerFactory.java:95] - closeChannel: close the connection to remote address[] result: true
[ConsumerService][53050] 2022-06-27 16:52:12,751 INFO [NettyClientSelector_1][Slf4jLoggerFactory.java:95] - closeChannel: close the connection to remote address[] result: true
[ConsumerService][53050] 2022-06-27 16:52:34,612 INFO [NettyClientSelector_1][Slf4jLoggerFactory.java:95] - closeChannel: close the connection to remote address[] result: true
[ConsumerService][53050] 2022-06-27 16:52:36,602 INFO [NettyClientSelector_1][Slf4jLoggerFactory.java:95] - closeChannel: close the connection to remote address[] result: true
[ConsumerService][53050] 2022-06-27 16:52:36,634 INFO [NettyClientSelector_1][Slf4jLoggerFactory.java:95] - closeChannel: close the connection to remote address[] result: true
[ConsumerService][53050] 2022-06-27 16:52:38,656 INFO [NettyClientSelector_1][Slf4jLoggerFactory.java:95] - closeChannel: close the connection to remote address[] result: true
[ConsumerService][53050] 2022-06-27 16:52:40,695 INFO [NettyClientSelector_1][Slf4jLoggerFactory.java:95] - closeChannel: close the connection to remote address[] result: true
[ConsumerService][53050] 2022-06-27 16:52:43,860 INFO [hmilyTransaction-tccRollBackService-1][LogUtil.java:87] - rollback execute delayTime:60
[ConsumerService][53050] 2022-06-27 16:53:04,746 INFO [NettyClientSelector_1][Slf4jLoggerFactory.java:95] - closeChannel: close the connection to remote address[] result: true
[ConsumerService][53050] 2022-06-27 16:53:06,609 INFO [NettyClientSelector_1][Slf4jLoggerFactory.java:95] - closeChannel: close the connection to remote address[] result: true
[ConsumerService][53050] 2022-06-27 16:53:06,767 INFO [NettyClientSelector_1][Slf4jLoggerFactory.java:95] - closeChannel: close the connection to remote address[] result: true
[ConsumerService][53050] 2022-06-27 16:53:08,803 INFO [NettyClientSelector_1][Slf4jLoggerFactory.java:95] - closeChannel: close the connection to remote address[] result: true
[ConsumerService][53050] 2022-06-27 16:53:25,807 INFO [AsyncResolver-bootstrap-executor-0][ConfigClusterResolver.java:43] - Resolving eureka endpoints via configuration
[ConsumerService][53050] 2022-06-27 16:53:27,771 INFO [NettyClientSelector_1][Slf4jLoggerFactory.java:95] - closeChannel: close the connection to remote address[] result: true
[ConsumerService][53050] 2022-06-27 16:53:29,786 INFO [NettyClientSelector_1][Slf4jLoggerFactory.java:95] - closeChannel: close the connection to remote address[] result: true
[ConsumerService][53050] 2022-06-27 16:53:34,611 INFO [NettyClientSelector_1][Slf4jLoggerFactory.java:95] - closeChannel: close the connection to remote address[] result: true
[ConsumerService][53050] 2022-06-27 16:53:36,598 INFO [NettyClientSelector_1][Slf4jLoggerFactory.java:95] - closeChannel: close the connection to remote address[] result: true
[ConsumerService][53050] 2022-06-27 16:53:36,643 INFO [NettyClientSelector_1][Slf4jLoggerFactory.java:95] - closeChannel: close the connection to remote address[] result: true
[ConsumerService][53050] 2022-06-27 16:53:38,655 INFO [NettyClientSelector_1][Slf4jLoggerFactory.java:95] - closeChannel: close the connection to remote address[] result: true
[ConsumerService][53050] 2022-06-27 16:53:43,870 INFO [hmilyTransaction-tccRollBackService-1][LogUtil.java:87] - rollback execute delayTime:60
[ConsumerService][53050] 2022-06-27 16:53:51,817 INFO [NettyClientSelector_1][Slf4jLoggerFactory.java:95] - closeChannel: close the connection to remote address[] result: true
[ConsumerService][53050] 2022-06-27 16:53:53,838 INFO [NettyClientSelector_1][Slf4jLoggerFactory.java:95] - closeChannel: close the connection to remote address[] result: true
[ConsumerService][53050] 2022-06-27 16:54:04,603 INFO [NettyClientSelector_1][Slf4jLoggerFactory.java:95] - closeChannel: close the connection to remote address[] result: true
[ConsumerService][53050] 2022-06-27 16:54:06,605 INFO [NettyClientSelector_1][Slf4jLoggerFactory.java:95] - closeChannel: close the connection to remote address[] result: true
[ConsumerService][53050] 2022-06-27 16:54:06,621 INFO [NettyClientSelector_1][Slf4jLoggerFactory.java:95] - closeChannel: close the connection to remote address[] result: true
[ConsumerService][53050] 2022-06-27 16:54:08,660 INFO [NettyClientSelector_1][Slf4jLoggerFactory.java:95] - closeChannel: close the connection to remote address[] result: true
[ConsumerService][53050] 2022-06-27 16:54:15,881 INFO [NettyClientSelector_1][Slf4jLoggerFactory.java:95] - closeChannel: close the connection to remote address[] result: true
[ConsumerService][53050] 2022-06-27 16:54:17,923 INFO [NettyClientSelector_1][Slf4jLoggerFactory.java:95] - closeChannel: close the connection to remote address[] result: true
[ConsumerService][53050] 2022-06-27 16:54:34,614 INFO [NettyClientSelector_1][Slf4jLoggerFactory.java:95] - closeChannel: close the connection to remote address[] result: true
[ConsumerService][53050] 2022-06-27 16:54:36,613 INFO [NettyClientSelector_1][Slf4jLoggerFactory.java:95] - closeChannel: close the connection to remote address[] result: true
[ConsumerService][53050] 2022-06-27 16:54:36,645 INFO [NettyClientSelector_1][Slf4jLoggerFactory.java:95] - closeChannel: close the connection to remote address[] result: true
[ConsumerService][53050] 2022-06-27 16:54:38,676 INFO [NettyClientSelector_1][Slf4jLoggerFactory.java:95] - closeChannel: close the connection to remote address[] result: true
[ConsumerService][53050] 2022-06-27 16:54:40,716 INFO [NettyClientSelector_1][Slf4jLoggerFactory.java:95] - closeChannel: close the connection to remote address[] result: true
[ConsumerService][53050] 2022-06-27 16:54:42,740 INFO [NettyClientSelector_1][Slf4jLoggerFactory.java:95] - closeChannel: close the connection to remote address[] result: true
[ConsumerService][53050] 2022-06-27 16:54:43,873 INFO [hmilyTransaction-tccRollBackService-1][LogUtil.java:87] - rollback execute delayTime:60
[ConsumerService][53050] 2022-06-27 16:55:04,628 INFO [NettyClientSelector_1][Slf4jLoggerFactory.java:95] - closeChannel: close the connection to remote address[] result: true
[ConsumerService][53050] 2022-06-27 16:55:06,612 INFO [NettyClientSelector_1][Slf4jLoggerFactory.java:95] - closeChannel: close the connection to remote address[] result: true
[ConsumerService][53050] 2022-06-27 16:55:06,659 INFO [NettyClientSelector_1][Slf4jLoggerFactory.java:95] - closeChannel: close the connection to remote address[] result: true
[ConsumerService][53050] 2022-06-27 16:55:10,721 INFO [NettyClientSelector_1][Slf4jLoggerFactory.java:95] - closeChannel: close the connection to remote address[] result: true
[ConsumerService][53050] 2022-06-27 16:55:32,752 INFO [NettyClientSelector_1][Slf4jLoggerFactory.java:95] - closeChannel: close the connection to remote address[] result: true
[ConsumerService][53050] 2022-06-27 16:55:34,781 INFO [NettyClientSelector_1][Slf4jLoggerFactory.java:95] - closeChannel: close the connection to remote address[] result: true
[ConsumerService][53050] 2022-06-27 16:55:36,623 INFO [NettyClientSelector_1][Slf4jLoggerFactory.java:95] - closeChannel: close the connection to remote address[] result: true
[ConsumerService][53050] 2022-06-27 16:55:36,816 INFO [NettyClientSelector_1][Slf4jLoggerFactory.java:95] - closeChannel: close the connection to remote address[] result: true
[ConsumerService][53050] 2022-06-27 16:55:38,846 INFO [NettyClientSelector_1][Slf4jLoggerFactory.java:95] - closeChannel: close the connection to remote address[] result: true
[ConsumerService][53050] 2022-06-27 16:55:43,889 INFO [hmilyTransaction-tccRollBackService-1][LogUtil.java:87] - rollback execute delayTime:60
[ConsumerService][53050] 2022-06-27 16:55:57,803 INFO [NettyClientSelector_1][Slf4jLoggerFactory.java:95] - closeChannel: close the connection to remote address[] result: true
[ConsumerService][53050] 2022-06-27 16:55:59,834 INFO [NettyClientSelector_1][Slf4jLoggerFactory.java:95] - closeChannel: close the connection to remote address[] result: true
[ConsumerService][53050] 2022-06-27 16:56:04,605 INFO [NettyClientSelector_1][Slf4jLoggerFactory.java:95] - closeChannel: close the connection to remote address[] result: true
[ConsumerService][53050] 2022-06-27 16:56:06,631 INFO [NettyClientSelector_1][Slf4jLoggerFactory.java:95] - closeChannel: close the connection to remote address[] result: true
[ConsumerService][53050] 2022-06-27 16:56:06,647 INFO [NettyClientSelector_1][Slf4jLoggerFactory.java:95] - closeChannel: close the connection to remote address[] result: true
[ConsumerService][53050] 2022-06-27 16:56:08,692 INFO [NettyClientSelector_1][Slf4jLoggerFactory.java:95] - closeChannel: close the connection to remote address[] result: true
[ConsumerService][53050] 2022-06-27 16:56:21,874 INFO [NettyClientSelector_1][Slf4jLoggerFactory.java:95] - closeChannel: close the connection to remote address[] result: true
[ConsumerService][53050] 2022-06-27 16:56:23,920 INFO [NettyClientSelector_1][Slf4jLoggerFactory.java:95] - closeChannel: close the connection to remote address[] result: true
[ConsumerService][53050] 2022-06-27 16:56:34,613 INFO [NettyClientSelector_1][Slf4jLoggerFactory.java:95] - closeChannel: close the connection to remote address[] result: true
[ConsumerService][53050] 2022-06-27 16:56:36,623 INFO [NettyClientSelector_1][Slf4jLoggerFactory.java:95] - closeChannel: close the connection to remote address[] result: true
[ConsumerService][53050] 2022-06-27 16:56:36,655 INFO [NettyClientSelector_1][Slf4jLoggerFactory.java:95] - closeChannel: close the connection to remote address[] result: true
[ConsumerService][53050] 2022-06-27 16:56:38,699 INFO [NettyClientSelector_1][Slf4jLoggerFactory.java:95] - closeChannel: close the connection to remote address[] result: true
[ConsumerService][53050] 2022-06-27 16:56:43,905 INFO [hmilyTransaction-tccRollBackService-1][LogUtil.java:87] - rollback execute delayTime:60
[ConsumerService][53050] 2022-06-27 16:56:45,958 INFO [NettyClientSelector_1][Slf4jLoggerFactory.java:95] - closeChannel: close the connection to remote address[] result: true
[ConsumerService][53050] 2022-06-27 16:56:47,999 INFO [NettyClientSelector_1][Slf4jLoggerFactory.java:95] - closeChannel: close the connection to remote address[] result: true
[ConsumerService][53050] 2022-06-27 16:57:04,631 INFO [NettyClientSelector_1][Slf4jLoggerFactory.java:95] - closeChannel: close the connection to remote address[] result: true
[ConsumerService][53050] 2022-06-27 16:57:06,621 INFO [NettyClientSelector_1][Slf4jLoggerFactory.java:95] - closeChannel: close the connection to remote address[] result: true
[ConsumerService][53050] 2022-06-27 16:57:06,669 INFO [NettyClientSelector_1][Slf4jLoggerFactory.java:95] - closeChannel: close the connection to remote address[] result: true
[ConsumerService][53050] 2022-06-27 16:57:08,710 INFO [NettyClientSelector_1][Slf4jLoggerFactory.java:95] - closeChannel: close the connection to remote address[] result: true
[ConsumerService][53050] 2022-06-27 16:57:10,739 INFO [NettyClientSelector_1][Slf4jLoggerFactory.java:95] - closeChannel: close the connection to remote address[] result: true
[ConsumerService][53050] 2022-06-27 16:57:12,765 INFO [NettyClientSelector_1][Slf4jLoggerFactory.java:95] - closeChannel: close the connection to remote address[] result: true
[ConsumerService][53050] 2022-06-27 16:57:34,614 INFO [NettyClientSelector_1][Slf4jLoggerFactory.java:95] - closeChannel: close the connection to remote address[] result: true
[ConsumerService][53050] 2022-06-27 16:57:36,635 INFO [NettyClientSelector_1][Slf4jLoggerFactory.java:95] - closeChannel: close the connection to remote address[] result: true
[ConsumerService][53050] 2022-06-27 16:57:36,682 INFO [NettyClientSelector_1][Slf4jLoggerFactory.java:95] - closeChannel: close the connection to remote address[] result: true
[ConsumerService][53050] 2022-06-27 16:57:38,719 INFO [NettyClientSelector_1][Slf4jLoggerFactory.java:95] - closeChannel: close the connection to remote address[] result: true
[ConsumerService][53050] 2022-06-27 16:57:40,750 INFO [NettyClientSelector_1][Slf4jLoggerFactory.java:95] - closeChannel: close the connection to remote address[] result: true
[ConsumerService][53050] 2022-06-27 16:57:43,919 INFO [hmilyTransaction-tccRollBackService-1][LogUtil.java:87] - rollback execute delayTime:60
[ConsumerService][53050] 2022-06-27 16:58:02,783 INFO [NettyClientSelector_1][Slf4jLoggerFactory.java:95] - closeChannel: close the connection to remote address[] result: true
[ConsumerService][53050] 2022-06-27 16:58:04,820 INFO [NettyClientSelector_1][Slf4jLoggerFactory.java:95] - closeChannel: close the connection to remote address[] result: true
[ConsumerService][53050] 2022-06-27 16:58:06,619 INFO [NettyClientSelector_1][Slf4jLoggerFactory.java:95] - closeChannel: close the connection to remote address[] result: true
[ConsumerService][53050] 2022-06-27 16:58:08,890 INFO [NettyClientSelector_1][Slf4jLoggerFactory.java:95] - closeChannel: close the connection to remote address[] result: true
[ConsumerService][53050] 2022-06-27 16:58:10,920 INFO [NettyClientSelector_1][Slf4jLoggerFactory.java:95] - closeChannel: close the connection to remote address[] result: true
[ConsumerService][53050] 2022-06-27 16:58:25,814 INFO [AsyncResolver-bootstrap-executor-0][ConfigClusterResolver.java:43] - Resolving eureka endpoints via configuration
[ConsumerService][53050] 2022-06-27 16:58:26,870 INFO [NettyClientSelector_1][Slf4jLoggerFactory.java:95] - closeChannel: close the connection to remote address[] result: true
[ConsumerService][53050] 2022-06-27 16:58:28,914 INFO [NettyClientSelector_1][Slf4jLoggerFactory.java:95] - closeChannel: close the connection to remote address[] result: true
[ConsumerService][53050] 2022-06-27 16:58:34,611 INFO [NettyClientSelector_1][Slf4jLoggerFactory.java:95] - closeChannel: close the connection to remote address[] result: true
[ConsumerService][53050] 2022-06-27 16:58:36,610 INFO [NettyClientSelector_1][Slf4jLoggerFactory.java:95] - closeChannel: close the connection to remote address[] result: true
[ConsumerService][53050] 2022-06-27 16:58:38,696 INFO [NettyClientSelector_1][Slf4jLoggerFactory.java:95] - closeChannel: close the connection to remote address[] result: true
[ConsumerService][53050] 2022-06-27 16:58:43,930 INFO [hmilyTransaction-tccRollBackService-1][LogUtil.java:87] - rollback execute delayTime:60
[ConsumerService][53050] 2022-06-27 16:58:50,959 INFO [NettyClientSelector_1][Slf4jLoggerFactory.java:95] - closeChannel: close the connection to remote address[] result: true
[ConsumerService][53050] 2022-06-27 16:58:53,004 INFO [NettyClientSelector_1][Slf4jLoggerFactory.java:95] - closeChannel: close the connection to remote address[] result: true
[ConsumerService][53050] 2022-06-27 16:59:04,621 INFO [NettyClientSelector_1][Slf4jLoggerFactory.java:95] - closeChannel: close the connection to remote address[] result: true
[ConsumerService][53050] 2022-06-27 16:59:06,622 INFO [NettyClientSelector_1][Slf4jLoggerFactory.java:95] - closeChannel: close the connection to remote address[] result: true
[ConsumerService][53050] 2022-06-27 16:59:06,654 INFO [NettyClientSelector_1][Slf4jLoggerFactory.java:95] - closeChannel: close the connection to remote address[] result: true
[ConsumerService][53050] 2022-06-27 16:59:08,695 INFO [NettyClientSelector_1][Slf4jLoggerFactory.java:95] - closeChannel: close the connection to remote address[] result: true
[ConsumerService][53050] 2022-06-27 16:59:15,052 INFO [NettyClientSelector_1][Slf4jLoggerFactory.java:95] - closeChannel: close the connection to remote address[] result: true
[ConsumerService][53050] 2022-06-27 16:59:17,087 INFO [NettyClientSelector_1][Slf4jLoggerFactory.java:95] - closeChannel: close the connection to remote address[] result: true
[ConsumerService][53050] 2022-06-27 16:59:34,603 INFO [NettyClientSelector_1][Slf4jLoggerFactory.java:95] - closeChannel: close the connection to remote address[] result: true
[ConsumerService][53050] 2022-06-27 16:59:36,620 INFO [NettyClientSelector_1][Slf4jLoggerFactory.java:95] - closeChannel: close the connection to remote address[] result: true
[ConsumerService][53050] 2022-06-27 16:59:36,652 INFO [NettyClientSelector_1][Slf4jLoggerFactory.java:95] - closeChannel: close the connection to remote address[] result: true
[ConsumerService][53050] 2022-06-27 16:59:38,690 INFO [NettyClientSelector_1][Slf4jLoggerFactory.java:95] - closeChannel: close the connection to remote address[] result: true
[ConsumerService][53050] 2022-06-27 16:59:40,724 INFO [NettyClientSelector_1][Slf4jLoggerFactory.java:95] - closeChannel: close the connection to remote address[] result: true
[ConsumerService][53050] 2022-06-27 16:59:42,753 INFO [NettyClientSelector_1][Slf4jLoggerFactory.java:95] - closeChannel: close the connection to remote address[] result: true
[ConsumerService][53050] 2022-06-27 16:59:43,932 INFO [hmilyTransaction-tccRollBackService-1][LogUtil.java:87] - rollback execute delayTime:60
