Discovery:53000 2022-06-27 16:30:31,440 INFO [main][SpringApplication.java:675] - No active profile set, falling back to default profiles: default
Discovery:53000 2022-06-27 16:30:33,466 WARN [main][EndpointId.java:135] - Endpoint ID 'service-registry' contains invalid characters, please migrate to a valid format.
Discovery:53000 2022-06-27 16:30:33,825 INFO [main][GenericScope.java:294] - BeanFactory id=33c68227-122c-36dd-8028-a36de4f592a4
Discovery:53000 2022-06-27 16:30:33,980 INFO [main][PostProcessorRegistrationDelegate.java:330] - Bean 'org.springframework.cloud.autoconfigure.ConfigurationPropertiesRebinderAutoConfiguration' of type [org.springframework.cloud.autoconfigure.ConfigurationPropertiesRebinderAutoConfiguration$$EnhancerBySpringCGLIB$$d36bc2f6] is not eligible for getting processed by all BeanPostProcessors (for example: not eligible for auto-proxying)
Discovery:53000 2022-06-27 16:30:34,625 INFO [main][TomcatWebServer.java:90] - Tomcat initialized with port(s): 53000 (http)
Discovery:53000 2022-06-27 16:30:34,646 INFO [main][DirectJDKLog.java:173] - Initializing ProtocolHandler ["http-nio-53000"]
Discovery:53000 2022-06-27 16:30:34,658 INFO [main][DirectJDKLog.java:173] - Starting service [Tomcat]
Discovery:53000 2022-06-27 16:30:34,659 INFO [main][DirectJDKLog.java:173] - Starting Servlet engine: [Apache Tomcat/9.0.16]
Discovery:53000 2022-06-27 16:30:34,677 INFO [main][DirectJDKLog.java:173] - The APR based Apache Tomcat Native library which allows optimal performance in production environments was not found on the java.library.path: [E:\jdk1.8.0_161\bin;C:\WINDOWS\Sun\Java\bin;C:\WINDOWS\system32;C:\WINDOWS;E:\Ruby26-x64\bin;C:\Program Files (x86)\Common Files\Oracle\Java\javapath;C:\Program Files\VanDyke Software\Clients\;E:\Anaconda;E:\Anaconda\Library\mingw-w64\bin;E:\Anaconda\Library\usr\bin;E:\Anaconda\Library\bin;E:\Anaconda\Scripts;C:\WINDOWS\system32;C:\WINDOWS;C:\WINDOWS\System32\Wbem;C:\WINDOWS\System32\WindowsPowerShell\v1.0\;C:\WINDOWS\System32\OpenSSH\;E:\mysql-5.7.20-winx64\bin;C:\Program Files\dotnet\;E:\nodejs\;C:\Users\Administrator\AppData\Roaming\npm;E:\nodejs\node_global\;C:\Program Files (x86)\Common Files\Thunder Network\KanKan\Codecs;E:\spark-2.1.1-hadoop2.7\bin;D:\Android\Sdk\platform-tools;E:\TortoiseSVN\bin;E:\TortoiseSVN\bin;E:\Subversion\bin;C:\Program Files\Docker\Docker\resources\bin;C:\ProgramData\DockerDesktop\version-bin;E:\CMake\bin;C:\mingw64\bin;E:\scala-2.12.15\bin;C:\Program Files (x86)\scala\bin;E:\spark\bin;E:\spark-2.1.1-hadoop2.7\bin;E:\NetSarang\Xshell 7\;E:\NetSarang\Xftp 7\;C:\Program Files\Git\cmd;E:\apache-maven-3.6.3\bin;E:\jdk1.8.0_161\bin;C:\Users\Administrator\AppData\Local\Microsoft\WindowsApps;E:\IntelliJ IDEA\bin;;C:\Users\Administrator\AppData\Roaming\npm;E:\nodejs\node_global\;C:\Users\Administrator\.dotnet\tools;C:\Users\Administrator\AppData\Local\GitHubDesktop\bin;E:\Microsoft VS Code\bin;.]
Discovery:53000 2022-06-27 16:30:34,855 INFO [main][DirectJDKLog.java:173] - Initializing Spring embedded WebApplicationContext
Discovery:53000 2022-06-27 16:30:34,856 INFO [main][ServletWebServerApplicationContext.java:296] - Root WebApplicationContext: initialization completed in 3387 ms
Discovery:53000 2022-06-27 16:30:34,998 WARN [main][URLConfigurationSource.java:121] - No URLs will be polled as dynamic configuration sources.
Discovery:53000 2022-06-27 16:30:35,000 INFO [main][URLConfigurationSource.java:122] - To enable URLs as dynamic configuration sources, define System property archaius.configurationSource.additionalUrls or make config.properties available on classpath.
Discovery:53000 2022-06-27 16:30:35,058 INFO [main][DynamicPropertyFactory.java:281] - DynamicPropertyFactory is initialized with configuration sources: com.netflix.config.ConcurrentCompositeConfiguration@7ad1caa2
Discovery:53000 2022-06-27 16:30:37,574 INFO [main][WebApplicationImpl.java:815] - Initiating Jersey application, version 'Jersey: 1.19.1 03/11/2016 02:08 PM'
Discovery:53000 2022-06-27 16:30:37,701 INFO [main][DiscoveryJerseyProvider.java:70] - Using JSON encoding codec LegacyJacksonJson
Discovery:53000 2022-06-27 16:30:37,701 INFO [main][DiscoveryJerseyProvider.java:71] - Using JSON decoding codec LegacyJacksonJson
Discovery:53000 2022-06-27 16:30:37,928 INFO [main][DiscoveryJerseyProvider.java:80] - Using XML encoding codec XStreamXml
Discovery:53000 2022-06-27 16:30:37,928 INFO [main][DiscoveryJerseyProvider.java:81] - Using XML decoding codec XStreamXml
Discovery:53000 2022-06-27 16:30:38,423 WARN [main][URLConfigurationSource.java:121] - No URLs will be polled as dynamic configuration sources.
Discovery:53000 2022-06-27 16:30:38,423 INFO [main][URLConfigurationSource.java:122] - To enable URLs as dynamic configuration sources, define System property archaius.configurationSource.additionalUrls or make config.properties available on classpath.
Discovery:53000 2022-06-27 16:30:38,708 INFO [main][ExecutorConfigurationSupport.java:171] - Initializing ExecutorService 'applicationTaskExecutor'
Discovery:53000 2022-06-27 16:30:40,789 INFO [main][InstanceInfoFactory.java:71] - Setting initial instance status as: STARTING
Discovery:53000 2022-06-27 16:30:40,830 INFO [main][DiscoveryClient.java:349] - Initializing Eureka in region us-east-1
Discovery:53000 2022-06-27 16:30:40,831 INFO [main][DiscoveryClient.java:352] - Client configured to neither register nor query for data.
Discovery:53000 2022-06-27 16:30:40,893 INFO [main][DiscoveryClient.java:365] - Discovery Client initialized at timestamp 1656318640873 with initial instances count: 0
Discovery:53000 2022-06-27 16:30:40,965 INFO [main][DefaultEurekaServerContext.java:63] - Initializing ...
Discovery:53000 2022-06-27 16:30:40,969 INFO [main][PeerEurekaNodes.java:188] - Adding new peer nodes [http://localhost:53000/eureka/]
Discovery:53000 2022-06-27 16:30:42,136 INFO [main][DiscoveryJerseyProvider.java:70] - Using JSON encoding codec LegacyJacksonJson
Discovery:53000 2022-06-27 16:30:42,137 INFO [main][DiscoveryJerseyProvider.java:71] - Using JSON decoding codec LegacyJacksonJson
Discovery:53000 2022-06-27 16:30:42,137 INFO [main][DiscoveryJerseyProvider.java:80] - Using XML encoding codec XStreamXml
Discovery:53000 2022-06-27 16:30:42,137 INFO [main][DiscoveryJerseyProvider.java:81] - Using XML decoding codec XStreamXml
Discovery:53000 2022-06-27 16:30:42,296 INFO [main][PeerEurekaNodes.java:110] - Replica node URL:  http://localhost:53000/eureka/
Discovery:53000 2022-06-27 16:30:42,307 INFO [main][AbstractInstanceRegistry.java:151] - Finished initializing remote region registries. All known remote regions: []
Discovery:53000 2022-06-27 16:30:42,309 INFO [main][DefaultEurekaServerContext.java:70] - Initialized
Discovery:53000 2022-06-27 16:30:42,321 INFO [main][EndpointLinksResolver.java:59] - Exposing 2 endpoint(s) beneath base path '/actuator'
Discovery:53000 2022-06-27 16:30:42,448 INFO [main][EurekaServiceRegistry.java:42] - Registering application HNRADIO-DISCOVERY with eureka with status UP
Discovery:53000 2022-06-27 16:30:42,452 INFO [Thread-46][EurekaServerBootstrap.java:109] - Setting the eureka configuration..
Discovery:53000 2022-06-27 16:30:42,453 INFO [Thread-46][EurekaServerBootstrap.java:114] - Eureka data center value eureka.datacenter is not set, defaulting to default
Discovery:53000 2022-06-27 16:30:42,454 INFO [Thread-46][EurekaServerBootstrap.java:128] - Eureka environment value eureka.environment is not set, defaulting to test
Discovery:53000 2022-06-27 16:30:42,470 INFO [main][DirectJDKLog.java:173] - Starting ProtocolHandler ["http-nio-53000"]
Discovery:53000 2022-06-27 16:30:42,474 INFO [Thread-46][EurekaServerBootstrap.java:184] - isAws returned false
Discovery:53000 2022-06-27 16:30:42,475 INFO [Thread-46][EurekaServerBootstrap.java:152] - Initialized server context
Discovery:53000 2022-06-27 16:30:42,475 INFO [Thread-46][PeerAwareInstanceRegistryImpl.java:241] - Got 1 instances from neighboring DS node
Discovery:53000 2022-06-27 16:30:42,476 INFO [Thread-46][PeerAwareInstanceRegistryImpl.java:242] - Renew threshold is: 1
Discovery:53000 2022-06-27 16:30:42,476 INFO [Thread-46][PeerAwareInstanceRegistryImpl.java:253] - Changing status to UP
Discovery:53000 2022-06-27 16:30:42,486 INFO [Thread-46][EurekaServerInitializerConfiguration.java:72] - Started Eureka Server
Discovery:53000 2022-06-27 16:30:42,507 INFO [main][TomcatWebServer.java:204] - Tomcat started on port(s): 53000 (http) with context path ''
Discovery:53000 2022-06-27 16:30:42,509 INFO [main][EurekaAutoServiceRegistration.java:141] - Updating port to 53000
Discovery:53000 2022-06-27 16:30:42,512 INFO [main][StartupInfoLogger.java:59] - Started DiscoveryServer in 17.203 seconds (JVM running for 21.415)
Discovery:53000 2022-06-27 16:30:44,130 INFO [RMI TCP Connection(2)-172.29.112.1][DirectJDKLog.java:173] - Initializing Spring DispatcherServlet 'dispatcherServlet'
Discovery:53000 2022-06-27 16:30:44,131 INFO [RMI TCP Connection(2)-172.29.112.1][FrameworkServlet.java:524] - Initializing Servlet 'dispatcherServlet'
Discovery:53000 2022-06-27 16:30:44,142 INFO [RMI TCP Connection(2)-172.29.112.1][FrameworkServlet.java:546] - Completed initialization in 10 ms
Discovery:53000 2022-06-27 16:30:52,484 INFO [Eureka-EvictionTimer][AbstractInstanceRegistry.java:1250] - Running the evict task with compensationTime 0ms
Discovery:53000 2022-06-27 16:31:02,487 INFO [Eureka-EvictionTimer][AbstractInstanceRegistry.java:1250] - Running the evict task with compensationTime 2ms
Discovery:53000 2022-06-27 16:31:12,489 INFO [Eureka-EvictionTimer][AbstractInstanceRegistry.java:1250] - Running the evict task with compensationTime 2ms
Discovery:53000 2022-06-27 16:31:22,500 INFO [Eureka-EvictionTimer][AbstractInstanceRegistry.java:1250] - Running the evict task with compensationTime 11ms
Discovery:53000 2022-06-27 16:31:32,508 INFO [Eureka-EvictionTimer][AbstractInstanceRegistry.java:1250] - Running the evict task with compensationTime 7ms
Discovery:53000 2022-06-27 16:31:42,522 INFO [Eureka-EvictionTimer][AbstractInstanceRegistry.java:1250] - Running the evict task with compensationTime 13ms
Discovery:53000 2022-06-27 16:31:52,536 INFO [Eureka-EvictionTimer][AbstractInstanceRegistry.java:1250] - Running the evict task with compensationTime 13ms
Discovery:53000 2022-06-27 16:32:02,541 INFO [Eureka-EvictionTimer][AbstractInstanceRegistry.java:1250] - Running the evict task with compensationTime 5ms
Discovery:53000 2022-06-27 16:32:12,548 INFO [Eureka-EvictionTimer][AbstractInstanceRegistry.java:1250] - Running the evict task with compensationTime 6ms
Discovery:53000 2022-06-27 16:32:22,549 INFO [Eureka-EvictionTimer][AbstractInstanceRegistry.java:1250] - Running the evict task with compensationTime 0ms
Discovery:53000 2022-06-27 16:32:32,550 INFO [Eureka-EvictionTimer][AbstractInstanceRegistry.java:1250] - Running the evict task with compensationTime 0ms
Discovery:53000 2022-06-27 16:32:42,552 INFO [Eureka-EvictionTimer][AbstractInstanceRegistry.java:1250] - Running the evict task with compensationTime 1ms
Discovery:53000 2022-06-27 16:32:52,560 INFO [Eureka-EvictionTimer][AbstractInstanceRegistry.java:1250] - Running the evict task with compensationTime 8ms
Discovery:53000 2022-06-27 16:33:02,566 INFO [Eureka-EvictionTimer][AbstractInstanceRegistry.java:1250] - Running the evict task with compensationTime 5ms
Discovery:53000 2022-06-27 16:33:12,568 INFO [Eureka-EvictionTimer][AbstractInstanceRegistry.java:1250] - Running the evict task with compensationTime 2ms
Discovery:53000 2022-06-27 16:33:22,574 INFO [Eureka-EvictionTimer][AbstractInstanceRegistry.java:1250] - Running the evict task with compensationTime 6ms
Discovery:53000 2022-06-27 16:33:32,625 INFO [Eureka-EvictionTimer][AbstractInstanceRegistry.java:1250] - Running the evict task with compensationTime 50ms
Discovery:53000 2022-06-27 16:33:42,633 INFO [Eureka-EvictionTimer][AbstractInstanceRegistry.java:1250] - Running the evict task with compensationTime 7ms
Discovery:53000 2022-06-27 16:33:52,634 INFO [Eureka-EvictionTimer][AbstractInstanceRegistry.java:1250] - Running the evict task with compensationTime 1ms
Discovery:53000 2022-06-27 16:34:02,638 INFO [Eureka-EvictionTimer][AbstractInstanceRegistry.java:1250] - Running the evict task with compensationTime 3ms
Discovery:53000 2022-06-27 16:34:12,640 INFO [Eureka-EvictionTimer][AbstractInstanceRegistry.java:1250] - Running the evict task with compensationTime 2ms
Discovery:53000 2022-06-27 16:34:22,648 INFO [Eureka-EvictionTimer][AbstractInstanceRegistry.java:1250] - Running the evict task with compensationTime 8ms
Discovery:53000 2022-06-27 16:34:32,657 INFO [Eureka-EvictionTimer][AbstractInstanceRegistry.java:1250] - Running the evict task with compensationTime 8ms
Discovery:53000 2022-06-27 16:34:42,664 INFO [Eureka-EvictionTimer][AbstractInstanceRegistry.java:1250] - Running the evict task with compensationTime 7ms
Discovery:53000 2022-06-27 16:34:52,668 INFO [Eureka-EvictionTimer][AbstractInstanceRegistry.java:1250] - Running the evict task with compensationTime 4ms
Discovery:53000 2022-06-27 16:35:02,674 INFO [Eureka-EvictionTimer][AbstractInstanceRegistry.java:1250] - Running the evict task with compensationTime 6ms
Discovery:53000 2022-06-27 16:35:12,680 INFO [Eureka-EvictionTimer][AbstractInstanceRegistry.java:1250] - Running the evict task with compensationTime 5ms
Discovery:53000 2022-06-27 16:35:22,686 INFO [Eureka-EvictionTimer][AbstractInstanceRegistry.java:1250] - Running the evict task with compensationTime 5ms
Discovery:53000 2022-06-27 16:35:32,689 INFO [Eureka-EvictionTimer][AbstractInstanceRegistry.java:1250] - Running the evict task with compensationTime 3ms
Discovery:53000 2022-06-27 16:35:42,699 INFO [Eureka-EvictionTimer][AbstractInstanceRegistry.java:1250] - Running the evict task with compensationTime 9ms
Discovery:53000 2022-06-27 16:35:52,700 INFO [Eureka-EvictionTimer][AbstractInstanceRegistry.java:1250] - Running the evict task with compensationTime 1ms
Discovery:53000 2022-06-27 16:36:02,710 INFO [Eureka-EvictionTimer][AbstractInstanceRegistry.java:1250] - Running the evict task with compensationTime 9ms
Discovery:53000 2022-06-27 16:36:12,714 INFO [Eureka-EvictionTimer][AbstractInstanceRegistry.java:1250] - Running the evict task with compensationTime 4ms
Discovery:53000 2022-06-27 16:36:22,726 INFO [Eureka-EvictionTimer][AbstractInstanceRegistry.java:1250] - Running the evict task with compensationTime 11ms
Discovery:53000 2022-06-27 16:36:32,737 INFO [Eureka-EvictionTimer][AbstractInstanceRegistry.java:1250] - Running the evict task with compensationTime 10ms
Discovery:53000 2022-06-27 16:36:42,740 INFO [Eureka-EvictionTimer][AbstractInstanceRegistry.java:1250] - Running the evict task with compensationTime 3ms
Discovery:53000 2022-06-27 16:36:52,744 INFO [Eureka-EvictionTimer][AbstractInstanceRegistry.java:1250] - Running the evict task with compensationTime 3ms
Discovery:53000 2022-06-27 16:37:02,756 INFO [Eureka-EvictionTimer][AbstractInstanceRegistry.java:1250] - Running the evict task with compensationTime 12ms
Discovery:53000 2022-06-27 16:37:12,760 INFO [Eureka-EvictionTimer][AbstractInstanceRegistry.java:1250] - Running the evict task with compensationTime 4ms
Discovery:53000 2022-06-27 16:37:22,764 INFO [Eureka-EvictionTimer][AbstractInstanceRegistry.java:1250] - Running the evict task with compensationTime 3ms
Discovery:53000 2022-06-27 16:37:32,768 INFO [Eureka-EvictionTimer][AbstractInstanceRegistry.java:1250] - Running the evict task with compensationTime 4ms
Discovery:53000 2022-06-27 16:37:42,776 INFO [Eureka-EvictionTimer][AbstractInstanceRegistry.java:1250] - Running the evict task with compensationTime 7ms
Discovery:53000 2022-06-27 16:37:52,780 INFO [Eureka-EvictionTimer][AbstractInstanceRegistry.java:1250] - Running the evict task with compensationTime 3ms
Discovery:53000 2022-06-27 16:38:02,787 INFO [Eureka-EvictionTimer][AbstractInstanceRegistry.java:1250] - Running the evict task with compensationTime 6ms
Discovery:53000 2022-06-27 16:38:12,790 INFO [Eureka-EvictionTimer][AbstractInstanceRegistry.java:1250] - Running the evict task with compensationTime 3ms
Discovery:53000 2022-06-27 16:38:22,796 INFO [Eureka-EvictionTimer][AbstractInstanceRegistry.java:1250] - Running the evict task with compensationTime 6ms
Discovery:53000 2022-06-27 16:38:32,797 INFO [Eureka-EvictionTimer][AbstractInstanceRegistry.java:1250] - Running the evict task with compensationTime 0ms
Discovery:53000 2022-06-27 16:38:42,801 INFO [Eureka-EvictionTimer][AbstractInstanceRegistry.java:1250] - Running the evict task with compensationTime 3ms
Discovery:53000 2022-06-27 16:38:52,805 INFO [Eureka-EvictionTimer][AbstractInstanceRegistry.java:1250] - Running the evict task with compensationTime 3ms
Discovery:53000 2022-06-27 16:39:02,808 INFO [Eureka-EvictionTimer][AbstractInstanceRegistry.java:1250] - Running the evict task with compensationTime 3ms
Discovery:53000 2022-06-27 16:39:12,810 INFO [Eureka-EvictionTimer][AbstractInstanceRegistry.java:1250] - Running the evict task with compensationTime 1ms
Discovery:53000 2022-06-27 16:39:22,812 INFO [Eureka-EvictionTimer][AbstractInstanceRegistry.java:1250] - Running the evict task with compensationTime 1ms
Discovery:53000 2022-06-27 16:39:32,813 INFO [Eureka-EvictionTimer][AbstractInstanceRegistry.java:1250] - Running the evict task with compensationTime 1ms
Discovery:53000 2022-06-27 16:39:42,820 INFO [Eureka-EvictionTimer][AbstractInstanceRegistry.java:1250] - Running the evict task with compensationTime 6ms
Discovery:53000 2022-06-27 16:39:52,835 INFO [Eureka-EvictionTimer][AbstractInstanceRegistry.java:1250] - Running the evict task with compensationTime 15ms
Discovery:53000 2022-06-27 16:40:02,842 INFO [Eureka-EvictionTimer][AbstractInstanceRegistry.java:1250] - Running the evict task with compensationTime 7ms
Discovery:53000 2022-06-27 16:40:12,845 INFO [Eureka-EvictionTimer][AbstractInstanceRegistry.java:1250] - Running the evict task with compensationTime 3ms
Discovery:53000 2022-06-27 16:40:22,858 INFO [Eureka-EvictionTimer][AbstractInstanceRegistry.java:1250] - Running the evict task with compensationTime 13ms
Discovery:53000 2022-06-27 16:40:32,866 INFO [Eureka-EvictionTimer][AbstractInstanceRegistry.java:1250] - Running the evict task with compensationTime 7ms
Discovery:53000 2022-06-27 16:40:42,872 INFO [Eureka-EvictionTimer][AbstractInstanceRegistry.java:1250] - Running the evict task with compensationTime 6ms
Discovery:53000 2022-06-27 16:40:52,886 INFO [Eureka-EvictionTimer][AbstractInstanceRegistry.java:1250] - Running the evict task with compensationTime 13ms
Discovery:53000 2022-06-27 16:41:02,886 INFO [Eureka-EvictionTimer][AbstractInstanceRegistry.java:1250] - Running the evict task with compensationTime 0ms
Discovery:53000 2022-06-27 16:41:12,898 INFO [Eureka-EvictionTimer][AbstractInstanceRegistry.java:1250] - Running the evict task with compensationTime 11ms
Discovery:53000 2022-06-27 16:41:22,899 INFO [Eureka-EvictionTimer][AbstractInstanceRegistry.java:1250] - Running the evict task with compensationTime 0ms
Discovery:53000 2022-06-27 16:41:32,909 INFO [Eureka-EvictionTimer][AbstractInstanceRegistry.java:1250] - Running the evict task with compensationTime 10ms
Discovery:53000 2022-06-27 16:41:42,920 INFO [Eureka-EvictionTimer][AbstractInstanceRegistry.java:1250] - Running the evict task with compensationTime 10ms
Discovery:53000 2022-06-27 16:41:52,933 INFO [Eureka-EvictionTimer][AbstractInstanceRegistry.java:1250] - Running the evict task with compensationTime 13ms
Discovery:53000 2022-06-27 16:42:02,936 INFO [Eureka-EvictionTimer][AbstractInstanceRegistry.java:1250] - Running the evict task with compensationTime 2ms
Discovery:53000 2022-06-27 16:42:12,941 INFO [Eureka-EvictionTimer][AbstractInstanceRegistry.java:1250] - Running the evict task with compensationTime 4ms
Discovery:53000 2022-06-27 16:42:22,942 INFO [Eureka-EvictionTimer][AbstractInstanceRegistry.java:1250] - Running the evict task with compensationTime 0ms
Discovery:53000 2022-06-27 16:42:32,942 INFO [Eureka-EvictionTimer][AbstractInstanceRegistry.java:1250] - Running the evict task with compensationTime 0ms
Discovery:53000 2022-06-27 16:42:42,956 INFO [Eureka-EvictionTimer][AbstractInstanceRegistry.java:1250] - Running the evict task with compensationTime 14ms
Discovery:53000 2022-06-27 16:42:52,970 INFO [Eureka-EvictionTimer][AbstractInstanceRegistry.java:1250] - Running the evict task with compensationTime 13ms
Discovery:53000 2022-06-27 16:43:02,980 INFO [Eureka-EvictionTimer][AbstractInstanceRegistry.java:1250] - Running the evict task with compensationTime 10ms
Discovery:53000 2022-06-27 16:43:12,983 INFO [Eureka-EvictionTimer][AbstractInstanceRegistry.java:1250] - Running the evict task with compensationTime 3ms
Discovery:53000 2022-06-27 16:43:22,998 INFO [Eureka-EvictionTimer][AbstractInstanceRegistry.java:1250] - Running the evict task with compensationTime 14ms
Discovery:53000 2022-06-27 16:43:33,008 INFO [Eureka-EvictionTimer][AbstractInstanceRegistry.java:1250] - Running the evict task with compensationTime 10ms
Discovery:53000 2022-06-27 16:43:43,017 INFO [Eureka-EvictionTimer][AbstractInstanceRegistry.java:1250] - Running the evict task with compensationTime 9ms
Discovery:53000 2022-06-27 16:43:53,025 INFO [Eureka-EvictionTimer][AbstractInstanceRegistry.java:1250] - Running the evict task with compensationTime 7ms
Discovery:53000 2022-06-27 16:44:03,031 INFO [Eureka-EvictionTimer][AbstractInstanceRegistry.java:1250] - Running the evict task with compensationTime 6ms
Discovery:53000 2022-06-27 16:44:13,042 INFO [Eureka-EvictionTimer][AbstractInstanceRegistry.java:1250] - Running the evict task with compensationTime 10ms
Discovery:53000 2022-06-27 16:44:23,052 INFO [Eureka-EvictionTimer][AbstractInstanceRegistry.java:1250] - Running the evict task with compensationTime 10ms
Discovery:53000 2022-06-27 16:44:33,064 INFO [Eureka-EvictionTimer][AbstractInstanceRegistry.java:1250] - Running the evict task with compensationTime 12ms
Discovery:53000 2022-06-27 16:44:43,066 INFO [Eureka-EvictionTimer][AbstractInstanceRegistry.java:1250] - Running the evict task with compensationTime 1ms
Discovery:53000 2022-06-27 16:44:53,076 INFO [Eureka-EvictionTimer][AbstractInstanceRegistry.java:1250] - Running the evict task with compensationTime 9ms
Discovery:53000 2022-06-27 16:45:03,079 INFO [Eureka-EvictionTimer][AbstractInstanceRegistry.java:1250] - Running the evict task with compensationTime 3ms
Discovery:53000 2022-06-27 16:45:13,082 INFO [Eureka-EvictionTimer][AbstractInstanceRegistry.java:1250] - Running the evict task with compensationTime 2ms
Discovery:53000 2022-06-27 16:45:23,094 INFO [Eureka-EvictionTimer][AbstractInstanceRegistry.java:1250] - Running the evict task with compensationTime 12ms
Discovery:53000 2022-06-27 16:45:33,101 INFO [Eureka-EvictionTimer][AbstractInstanceRegistry.java:1250] - Running the evict task with compensationTime 7ms
Discovery:53000 2022-06-27 16:45:42,318 INFO [ReplicaAwareInstanceRegistry - RenewalThresholdUpdater][PeerAwareInstanceRegistryImpl.java:539] - Current renewal threshold is : 0
Discovery:53000 2022-06-27 16:45:43,102 INFO [Eureka-EvictionTimer][AbstractInstanceRegistry.java:1250] - Running the evict task with compensationTime 0ms
Discovery:53000 2022-06-27 16:45:53,107 INFO [Eureka-EvictionTimer][AbstractInstanceRegistry.java:1250] - Running the evict task with compensationTime 5ms
Discovery:53000 2022-06-27 16:46:03,121 INFO [Eureka-EvictionTimer][AbstractInstanceRegistry.java:1250] - Running the evict task with compensationTime 13ms
Discovery:53000 2022-06-27 16:46:13,123 INFO [Eureka-EvictionTimer][AbstractInstanceRegistry.java:1250] - Running the evict task with compensationTime 2ms
Discovery:53000 2022-06-27 16:46:23,125 INFO [Eureka-EvictionTimer][AbstractInstanceRegistry.java:1250] - Running the evict task with compensationTime 1ms
Discovery:53000 2022-06-27 16:46:33,130 INFO [Eureka-EvictionTimer][AbstractInstanceRegistry.java:1250] - Running the evict task with compensationTime 5ms
Discovery:53000 2022-06-27 16:46:43,145 INFO [Eureka-EvictionTimer][AbstractInstanceRegistry.java:1250] - Running the evict task with compensationTime 14ms
Discovery:53000 2022-06-27 16:46:53,153 INFO [Eureka-EvictionTimer][AbstractInstanceRegistry.java:1250] - Running the evict task with compensationTime 8ms
Discovery:53000 2022-06-27 16:47:03,158 INFO [Eureka-EvictionTimer][AbstractInstanceRegistry.java:1250] - Running the evict task with compensationTime 4ms
Discovery:53000 2022-06-27 16:47:13,161 INFO [Eureka-EvictionTimer][AbstractInstanceRegistry.java:1250] - Running the evict task with compensationTime 3ms
Discovery:53000 2022-06-27 16:47:23,163 INFO [Eureka-EvictionTimer][AbstractInstanceRegistry.java:1250] - Running the evict task with compensationTime 1ms
Discovery:53000 2022-06-27 16:47:33,182 INFO [Eureka-EvictionTimer][AbstractInstanceRegistry.java:1250] - Running the evict task with compensationTime 19ms
Discovery:53000 2022-06-27 16:47:43,190 INFO [Eureka-EvictionTimer][AbstractInstanceRegistry.java:1250] - Running the evict task with compensationTime 8ms
Discovery:53000 2022-06-27 16:47:53,198 INFO [Eureka-EvictionTimer][AbstractInstanceRegistry.java:1250] - Running the evict task with compensationTime 7ms
Discovery:53000 2022-06-27 16:48:03,210 INFO [Eureka-EvictionTimer][AbstractInstanceRegistry.java:1250] - Running the evict task with compensationTime 12ms
Discovery:53000 2022-06-27 16:48:13,213 INFO [Eureka-EvictionTimer][AbstractInstanceRegistry.java:1250] - Running the evict task with compensationTime 2ms
Discovery:53000 2022-06-27 16:48:23,215 INFO [Eureka-EvictionTimer][AbstractInstanceRegistry.java:1250] - Running the evict task with compensationTime 2ms
Discovery:53000 2022-06-27 16:48:26,508 INFO [http-nio-53000-exec-2][AbstractInstanceRegistry.java:266] - Registered instance CONSUMER-SERVICE/consumer-service:127.0.0.1:53050 with status UP (replication=false)
Discovery:53000 2022-06-27 16:48:27,195 INFO [http-nio-53000-exec-5][AbstractInstanceRegistry.java:266] - Registered instance CONSUMER-SERVICE/consumer-service:127.0.0.1:53050 with status UP (replication=true)
Discovery:53000 2022-06-27 16:48:29,023 INFO [http-nio-53000-exec-3][AbstractInstanceRegistry.java:266] - Registered instance GATEWAY-SERVER/gateway-server:127.0.0.1:53010 with status UP (replication=false)
Discovery:53000 2022-06-27 16:48:29,554 INFO [http-nio-53000-exec-6][AbstractInstanceRegistry.java:266] - Registered instance GATEWAY-SERVER/gateway-server:127.0.0.1:53010 with status UP (replication=true)
Discovery:53000 2022-06-27 16:48:33,225 INFO [Eureka-EvictionTimer][AbstractInstanceRegistry.java:1250] - Running the evict task with compensationTime 9ms
Discovery:53000 2022-06-27 16:48:43,234 INFO [Eureka-EvictionTimer][AbstractInstanceRegistry.java:1250] - Running the evict task with compensationTime 9ms
Discovery:53000 2022-06-27 16:48:53,241 INFO [Eureka-EvictionTimer][AbstractInstanceRegistry.java:1250] - Running the evict task with compensationTime 6ms
Discovery:53000 2022-06-27 16:48:57,158 INFO [http-nio-53000-exec-1][AbstractInstanceRegistry.java:266] - Registered instance ACCOUNT-SERVICE/account-service:127.0.0.1:53030 with status UP (replication=false)
Discovery:53000 2022-06-27 16:48:57,694 INFO [http-nio-53000-exec-2][AbstractInstanceRegistry.java:266] - Registered instance ACCOUNT-SERVICE/account-service:127.0.0.1:53030 with status UP (replication=true)
Discovery:53000 2022-06-27 16:49:03,247 INFO [Eureka-EvictionTimer][AbstractInstanceRegistry.java:1250] - Running the evict task with compensationTime 5ms
Discovery:53000 2022-06-27 16:49:13,258 INFO [Eureka-EvictionTimer][AbstractInstanceRegistry.java:1250] - Running the evict task with compensationTime 10ms
Discovery:53000 2022-06-27 16:49:23,268 INFO [Eureka-EvictionTimer][AbstractInstanceRegistry.java:1250] - Running the evict task with compensationTime 10ms
Discovery:53000 2022-06-27 16:49:31,557 INFO [http-nio-53000-exec-6][AbstractInstanceRegistry.java:266] - Registered instance UAA-SERVICE/uaa-service:127.0.0.1:53020 with status UP (replication=false)
Discovery:53000 2022-06-27 16:49:32,089 INFO [http-nio-53000-exec-8][AbstractInstanceRegistry.java:266] - Registered instance UAA-SERVICE/uaa-service:127.0.0.1:53020 with status UP (replication=true)
Discovery:53000 2022-06-27 16:49:33,283 INFO [Eureka-EvictionTimer][AbstractInstanceRegistry.java:1250] - Running the evict task with compensationTime 15ms
Discovery:53000 2022-06-27 16:49:43,284 INFO [Eureka-EvictionTimer][AbstractInstanceRegistry.java:1250] - Running the evict task with compensationTime 1ms
Discovery:53000 2022-06-27 16:49:53,286 INFO [Eureka-EvictionTimer][AbstractInstanceRegistry.java:1250] - Running the evict task with compensationTime 1ms
Discovery:53000 2022-06-27 16:50:03,289 INFO [Eureka-EvictionTimer][AbstractInstanceRegistry.java:1250] - Running the evict task with compensationTime 3ms
Discovery:53000 2022-06-27 16:50:09,245 INFO [http-nio-53000-exec-5][AbstractInstanceRegistry.java:266] - Registered instance TRANSACTION-SERVICE/transaction-service:192.168.2.167:53060 with status UP (replication=false)
Discovery:53000 2022-06-27 16:50:09,770 INFO [http-nio-53000-exec-4][AbstractInstanceRegistry.java:266] - Registered instance TRANSACTION-SERVICE/transaction-service:192.168.2.167:53060 with status UP (replication=true)
Discovery:53000 2022-06-27 16:50:13,294 INFO [Eureka-EvictionTimer][AbstractInstanceRegistry.java:1250] - Running the evict task with compensationTime 4ms
Discovery:53000 2022-06-27 16:50:23,296 INFO [Eureka-EvictionTimer][AbstractInstanceRegistry.java:1250] - Running the evict task with compensationTime 2ms
Discovery:53000 2022-06-27 16:50:33,319 INFO [Eureka-EvictionTimer][AbstractInstanceRegistry.java:1250] - Running the evict task with compensationTime 22ms
Discovery:53000 2022-06-27 16:50:43,322 INFO [Eureka-EvictionTimer][AbstractInstanceRegistry.java:1250] - Running the evict task with compensationTime 3ms
Discovery:53000 2022-06-27 16:50:53,325 INFO [Eureka-EvictionTimer][AbstractInstanceRegistry.java:1250] - Running the evict task with compensationTime 1ms
Discovery:53000 2022-06-27 16:51:03,328 INFO [Eureka-EvictionTimer][AbstractInstanceRegistry.java:1250] - Running the evict task with compensationTime 3ms
Discovery:53000 2022-06-27 16:51:13,342 INFO [Eureka-EvictionTimer][AbstractInstanceRegistry.java:1250] - Running the evict task with compensationTime 13ms
Discovery:53000 2022-06-27 16:51:23,348 INFO [Eureka-EvictionTimer][AbstractInstanceRegistry.java:1250] - Running the evict task with compensationTime 6ms
Discovery:53000 2022-06-27 16:51:33,362 INFO [Eureka-EvictionTimer][AbstractInstanceRegistry.java:1250] - Running the evict task with compensationTime 13ms
Discovery:53000 2022-06-27 16:51:43,365 INFO [Eureka-EvictionTimer][AbstractInstanceRegistry.java:1250] - Running the evict task with compensationTime 4ms
Discovery:53000 2022-06-27 16:51:53,378 INFO [Eureka-EvictionTimer][AbstractInstanceRegistry.java:1250] - Running the evict task with compensationTime 12ms
Discovery:53000 2022-06-27 16:52:03,389 INFO [Eureka-EvictionTimer][AbstractInstanceRegistry.java:1250] - Running the evict task with compensationTime 10ms
Discovery:53000 2022-06-27 16:52:13,402 INFO [Eureka-EvictionTimer][AbstractInstanceRegistry.java:1250] - Running the evict task with compensationTime 13ms
Discovery:53000 2022-06-27 16:52:23,404 INFO [Eureka-EvictionTimer][AbstractInstanceRegistry.java:1250] - Running the evict task with compensationTime 1ms
Discovery:53000 2022-06-27 16:52:33,410 INFO [Eureka-EvictionTimer][AbstractInstanceRegistry.java:1250] - Running the evict task with compensationTime 6ms
Discovery:53000 2022-06-27 16:52:43,421 INFO [Eureka-EvictionTimer][AbstractInstanceRegistry.java:1250] - Running the evict task with compensationTime 10ms
Discovery:53000 2022-06-27 16:52:53,434 INFO [Eureka-EvictionTimer][AbstractInstanceRegistry.java:1250] - Running the evict task with compensationTime 13ms
Discovery:53000 2022-06-27 16:53:03,438 INFO [Eureka-EvictionTimer][AbstractInstanceRegistry.java:1250] - Running the evict task with compensationTime 3ms
Discovery:53000 2022-06-27 16:53:13,445 INFO [Eureka-EvictionTimer][AbstractInstanceRegistry.java:1250] - Running the evict task with compensationTime 7ms
Discovery:53000 2022-06-27 16:53:23,450 INFO [Eureka-EvictionTimer][AbstractInstanceRegistry.java:1250] - Running the evict task with compensationTime 4ms
Discovery:53000 2022-06-27 16:53:33,461 INFO [Eureka-EvictionTimer][AbstractInstanceRegistry.java:1250] - Running the evict task with compensationTime 11ms
Discovery:53000 2022-06-27 16:53:43,474 INFO [Eureka-EvictionTimer][AbstractInstanceRegistry.java:1250] - Running the evict task with compensationTime 13ms
Discovery:53000 2022-06-27 16:53:53,482 INFO [Eureka-EvictionTimer][AbstractInstanceRegistry.java:1250] - Running the evict task with compensationTime 7ms
Discovery:53000 2022-06-27 16:54:03,486 INFO [Eureka-EvictionTimer][AbstractInstanceRegistry.java:1250] - Running the evict task with compensationTime 4ms
Discovery:53000 2022-06-27 16:54:13,494 INFO [Eureka-EvictionTimer][AbstractInstanceRegistry.java:1250] - Running the evict task with compensationTime 8ms
Discovery:53000 2022-06-27 16:54:23,505 INFO [Eureka-EvictionTimer][AbstractInstanceRegistry.java:1250] - Running the evict task with compensationTime 10ms
Discovery:53000 2022-06-27 16:54:33,509 INFO [Eureka-EvictionTimer][AbstractInstanceRegistry.java:1250] - Running the evict task with compensationTime 4ms
Discovery:53000 2022-06-27 16:54:43,510 INFO [Eureka-EvictionTimer][AbstractInstanceRegistry.java:1250] - Running the evict task with compensationTime 1ms
Discovery:53000 2022-06-27 16:54:53,513 INFO [Eureka-EvictionTimer][AbstractInstanceRegistry.java:1250] - Running the evict task with compensationTime 2ms
Discovery:53000 2022-06-27 16:55:03,529 INFO [Eureka-EvictionTimer][AbstractInstanceRegistry.java:1250] - Running the evict task with compensationTime 15ms
Discovery:53000 2022-06-27 16:55:13,542 INFO [Eureka-EvictionTimer][AbstractInstanceRegistry.java:1250] - Running the evict task with compensationTime 13ms
Discovery:53000 2022-06-27 16:55:23,543 INFO [Eureka-EvictionTimer][AbstractInstanceRegistry.java:1250] - Running the evict task with compensationTime 0ms
Discovery:53000 2022-06-27 16:55:33,558 INFO [Eureka-EvictionTimer][AbstractInstanceRegistry.java:1250] - Running the evict task with compensationTime 14ms
Discovery:53000 2022-06-27 16:55:43,571 INFO [Eureka-EvictionTimer][AbstractInstanceRegistry.java:1250] - Running the evict task with compensationTime 13ms
Discovery:53000 2022-06-27 16:55:53,584 INFO [Eureka-EvictionTimer][AbstractInstanceRegistry.java:1250] - Running the evict task with compensationTime 12ms
Discovery:53000 2022-06-27 16:56:03,585 INFO [Eureka-EvictionTimer][AbstractInstanceRegistry.java:1250] - Running the evict task with compensationTime 1ms
Discovery:53000 2022-06-27 16:56:13,601 INFO [Eureka-EvictionTimer][AbstractInstanceRegistry.java:1250] - Running the evict task with compensationTime 15ms
Discovery:53000 2022-06-27 16:56:23,617 INFO [Eureka-EvictionTimer][AbstractInstanceRegistry.java:1250] - Running the evict task with compensationTime 16ms
Discovery:53000 2022-06-27 16:56:33,623 INFO [Eureka-EvictionTimer][AbstractInstanceRegistry.java:1250] - Running the evict task with compensationTime 6ms
Discovery:53000 2022-06-27 16:56:43,635 INFO [Eureka-EvictionTimer][AbstractInstanceRegistry.java:1250] - Running the evict task with compensationTime 12ms
Discovery:53000 2022-06-27 16:56:53,636 INFO [Eureka-EvictionTimer][AbstractInstanceRegistry.java:1250] - Running the evict task with compensationTime 1ms
Discovery:53000 2022-06-27 16:57:03,638 INFO [Eureka-EvictionTimer][AbstractInstanceRegistry.java:1250] - Running the evict task with compensationTime 1ms
Discovery:53000 2022-06-27 16:57:13,649 INFO [Eureka-EvictionTimer][AbstractInstanceRegistry.java:1250] - Running the evict task with compensationTime 11ms
Discovery:53000 2022-06-27 16:57:23,662 INFO [Eureka-EvictionTimer][AbstractInstanceRegistry.java:1250] - Running the evict task with compensationTime 13ms
Discovery:53000 2022-06-27 16:57:33,677 INFO [Eureka-EvictionTimer][AbstractInstanceRegistry.java:1250] - Running the evict task with compensationTime 15ms
Discovery:53000 2022-06-27 16:57:43,679 INFO [Eureka-EvictionTimer][AbstractInstanceRegistry.java:1250] - Running the evict task with compensationTime 1ms
Discovery:53000 2022-06-27 16:57:53,684 INFO [Eureka-EvictionTimer][AbstractInstanceRegistry.java:1250] - Running the evict task with compensationTime 4ms
Discovery:53000 2022-06-27 16:58:03,696 INFO [Eureka-EvictionTimer][AbstractInstanceRegistry.java:1250] - Running the evict task with compensationTime 12ms
Discovery:53000 2022-06-27 16:58:13,711 INFO [Eureka-EvictionTimer][AbstractInstanceRegistry.java:1250] - Running the evict task with compensationTime 14ms
Discovery:53000 2022-06-27 16:58:23,712 INFO [Eureka-EvictionTimer][AbstractInstanceRegistry.java:1250] - Running the evict task with compensationTime 1ms
Discovery:53000 2022-06-27 16:58:33,725 INFO [Eureka-EvictionTimer][AbstractInstanceRegistry.java:1250] - Running the evict task with compensationTime 12ms
Discovery:53000 2022-06-27 16:58:43,739 INFO [Eureka-EvictionTimer][AbstractInstanceRegistry.java:1250] - Running the evict task with compensationTime 14ms
Discovery:53000 2022-06-27 16:58:53,739 INFO [Eureka-EvictionTimer][AbstractInstanceRegistry.java:1250] - Running the evict task with compensationTime 0ms
Discovery:53000 2022-06-27 16:59:03,740 INFO [Eureka-EvictionTimer][AbstractInstanceRegistry.java:1250] - Running the evict task with compensationTime 1ms
Discovery:53000 2022-06-27 16:59:13,745 INFO [Eureka-EvictionTimer][AbstractInstanceRegistry.java:1250] - Running the evict task with compensationTime 4ms
Discovery:53000 2022-06-27 16:59:23,754 INFO [Eureka-EvictionTimer][AbstractInstanceRegistry.java:1250] - Running the evict task with compensationTime 9ms
Discovery:53000 2022-06-27 16:59:33,761 INFO [Eureka-EvictionTimer][AbstractInstanceRegistry.java:1250] - Running the evict task with compensationTime 6ms
Discovery:53000 2022-06-27 16:59:43,773 INFO [Eureka-EvictionTimer][AbstractInstanceRegistry.java:1250] - Running the evict task with compensationTime 11ms
Discovery:53000 2022-06-27 16:59:53,778 INFO [Eureka-EvictionTimer][AbstractInstanceRegistry.java:1250] - Running the evict task with compensationTime 5ms
