[transaction-service][53060] 2022-07-06 22:36:30,684 INFO [main][DefaultApplicationProvider.java:85] - App ID is set to transaction-service by app.id property from System Property
[transaction-service][53060] 2022-07-06 22:36:30,696 INFO [main][DefaultServerProvider.java:108] - Environment is set to [dev] by JVM system property 'env'.
[transaction-service][53060] 2022-07-06 22:36:30,823 WARN [main][DefaultMetaServerProvider.java:39] - Could not find meta server address, because it is not available in neither (1) JVM system property 'apollo.meta', (2) OS env variable 'APOLLO_META' (3) property 'apollo.meta' from server.properties nor (4) property 'apollo.meta' from app.properties
[transaction-service][53060] 2022-07-06 22:36:30,839 INFO [main][MetaDomainConsts.java:93] - Located meta server address http://localhost:8080 for env DEV from com.ctrip.framework.apollo.core.internals.LegacyMetaServerProvider
[transaction-service][53060] 2022-07-06 22:36:33,220 WARN [main][RemoteConfigRepository.java:194] - Load config failed, will retry in 1 SECONDS. appId: transaction-service, cluster: DEFAULT, namespaces: micro_service.spring-cloud-feign
[transaction-service][53060] 2022-07-06 22:36:34,240 WARN [main][AbstractConfigRepository.java:26] - Sync config failed, will retry. Repository class com.ctrip.framework.apollo.internals.RemoteConfigRepository, reason: Load Apollo Config failed - appId: transaction-service, cluster: DEFAULT, namespace: micro_service.spring-cloud-feign, url: http://192.168.1.4:8080/configs/transaction-service/DEFAULT/micro_service.spring-cloud-feign?ip=172.18.224.1 [Cause: [status code: 404] Could not find config for namespace - appId: transaction-service, cluster: DEFAULT, namespace: micro_service.spring-cloud-feign, please check whether the configs are released in Apollo!]
[transaction-service][53060] 2022-07-06 22:36:34,253 WARN [main][RemoteConfigRepository.java:194] - Load config failed, will retry in 1 SECONDS. appId: transaction-service, cluster: DEFAULT, namespaces: micro_service.spring-cloud-feign
[transaction-service][53060] 2022-07-06 22:36:35,268 WARN [main][LocalFileConfigRepository.java:167] - Sync config from upstream repository class com.ctrip.framework.apollo.internals.RemoteConfigRepository failed, reason: Load Apollo Config failed - appId: transaction-service, cluster: DEFAULT, namespace: micro_service.spring-cloud-feign, url: http://192.168.1.4:8080/configs/transaction-service/DEFAULT/micro_service.spring-cloud-feign?ip=172.18.224.1&messages=%7B%22details%22%3A%7B%22transaction-service%2Bdefault%2Bmicro_service.spring-cloud-feign%22%3A285%2C%22common-template%2Bdefault%2Bmicro_service.spring-cloud-feign%22%3A403%7D%7D [Cause: [status code: 404] Could not find config for namespace - appId: transaction-service, cluster: DEFAULT, namespace: micro_service.spring-cloud-feign, please check whether the configs are released in Apollo!]
[transaction-service][53060] 2022-07-06 22:36:35,280 WARN [Apollo-RemoteConfigRepository-1][RemoteConfigRepository.java:194] - Load config failed, will retry in 1 SECONDS. appId: transaction-service, cluster: DEFAULT, namespaces: micro_service.spring-cloud-feign
[transaction-service][53060] 2022-07-06 22:36:36,295 WARN [Apollo-RemoteConfigRepository-1][RemoteConfigRepository.java:194] - Load config failed, will retry in 1 SECONDS. appId: transaction-service, cluster: DEFAULT, namespaces: micro_service.spring-cloud-feign
[transaction-service][53060] 2022-07-06 22:36:37,320 WARN [Apollo-RemoteConfigRepository-1][AbstractConfigRepository.java:26] - Sync config failed, will retry. Repository class com.ctrip.framework.apollo.internals.RemoteConfigRepository, reason: Load Apollo Config failed - appId: transaction-service, cluster: DEFAULT, namespace: micro_service.spring-cloud-feign, url: http://192.168.1.4:8080/configs/transaction-service/DEFAULT/micro_service.spring-cloud-feign?ip=172.18.224.1&messages=%7B%22details%22%3A%7B%22transaction-service%2Bdefault%2Bmicro_service.spring-cloud-feign%22%3A285%2C%22common-template%2Bdefault%2Bmicro_service.spring-cloud-feign%22%3A403%7D%7D [Cause: [status code: 404] Could not find config for namespace - appId: transaction-service, cluster: DEFAULT, namespace: micro_service.spring-cloud-feign, please check whether the configs are released in Apollo!]
[transaction-service][53060] 2022-07-06 22:36:37,335 WARN [main][RemoteConfigRepository.java:194] - Load config failed, will retry in 1 SECONDS. appId: transaction-service, cluster: DEFAULT, namespaces: micro_service.spring-cloud-feign
[transaction-service][53060] 2022-07-06 22:36:38,363 WARN [main][LocalFileConfigRepository.java:167] - Sync config from upstream repository class com.ctrip.framework.apollo.internals.RemoteConfigRepository failed, reason: Load Apollo Config failed - appId: transaction-service, cluster: DEFAULT, namespace: micro_service.spring-cloud-feign, url: http://192.168.1.4:8080/configs/transaction-service/DEFAULT/micro_service.spring-cloud-feign?ip=172.18.224.1&messages=%7B%22details%22%3A%7B%22transaction-service%2Bdefault%2Bmicro_service.spring-cloud-feign%22%3A285%2C%22common-template%2Bdefault%2Bmicro_service.spring-cloud-feign%22%3A403%7D%7D [Cause: [status code: 404] Could not find config for namespace - appId: transaction-service, cluster: DEFAULT, namespace: micro_service.spring-cloud-feign, please check whether the configs are released in Apollo!]
[transaction-service][53060] 2022-07-06 22:36:38,365 WARN [main][AbstractConfigRepository.java:26] - Sync config failed, will retry. Repository class com.ctrip.framework.apollo.internals.LocalFileConfigRepository, reason: Load config from local config failed! [Cause: Cannot read from local cache file C:\opt\data\transaction-service\config-cache\transaction-service+DEFAULT+micro_service.spring-cloud-feign.properties]
[transaction-service][53060] 2022-07-06 22:36:38,380 WARN [main][RemoteConfigRepository.java:194] - Load config failed, will retry in 1 SECONDS. appId: transaction-service, cluster: DEFAULT, namespaces: micro_service.spring-cloud-feign
[transaction-service][53060] 2022-07-06 22:36:39,401 WARN [main][LocalFileConfigRepository.java:167] - Sync config from upstream repository class com.ctrip.framework.apollo.internals.RemoteConfigRepository failed, reason: Load Apollo Config failed - appId: transaction-service, cluster: DEFAULT, namespace: micro_service.spring-cloud-feign, url: http://192.168.1.4:8080/configs/transaction-service/DEFAULT/micro_service.spring-cloud-feign?ip=172.18.224.1&messages=%7B%22details%22%3A%7B%22transaction-service%2Bdefault%2Bmicro_service.spring-cloud-feign%22%3A285%2C%22common-template%2Bdefault%2Bmicro_service.spring-cloud-feign%22%3A403%7D%7D [Cause: [status code: 404] Could not find config for namespace - appId: transaction-service, cluster: DEFAULT, namespace: micro_service.spring-cloud-feign, please check whether the configs are released in Apollo!]
[transaction-service][53060] 2022-07-06 22:36:39,402 WARN [main][DefaultConfig.java:61] - Init Apollo Local Config failed - namespace: micro_service.spring-cloud-feign, reason: Load config from local config failed! [Cause: Cannot read from local cache file C:\opt\data\transaction-service\config-cache\transaction-service+DEFAULT+micro_service.spring-cloud-feign.properties].
[transaction-service][53060] 2022-07-06 22:36:39,452 WARN [main][DefaultConfig.java:95] - Could not load config for namespace micro_service.spring-cloud-feign from Apollo, please check whether the configs are released in Apollo! Return default value now!
[transaction-service][53060] 2022-07-06 22:36:39,453 INFO [main][SpringApplication.java:675] - No active profile set, falling back to default profiles: default
[transaction-service][53060] 2022-07-06 22:36:43,226 WARN [main][EndpointId.java:135] - Endpoint ID 'service-registry' contains invalid characters, please migrate to a valid format.
[transaction-service][53060] 2022-07-06 22:36:43,737 INFO [main][GenericScope.java:294] - BeanFactory id=a9d27a58-54b0-3cbc-994b-3682818d98ad
[transaction-service][53060] 2022-07-06 22:36:43,885 INFO [main][PostProcessorRegistrationDelegate.java:330] - Bean 'com.liu.wanxinp2p.transaction.agent.ConsumerServiceAgent' of type [org.springframework.cloud.openfeign.FeignClientFactoryBean] is not eligible for getting processed by all BeanPostProcessors (for example: not eligible for auto-proxying)
[transaction-service][53060] 2022-07-06 22:36:43,890 INFO [main][PostProcessorRegistrationDelegate.java:330] - Bean 'com.liu.wanxinp2p.transaction.agent.ContentSearchApiAgent' of type [org.springframework.cloud.openfeign.FeignClientFactoryBean] is not eligible for getting processed by all BeanPostProcessors (for example: not eligible for auto-proxying)
[transaction-service][53060] 2022-07-06 22:36:43,895 INFO [main][PostProcessorRegistrationDelegate.java:330] - Bean 'com.liu.wanxinp2p.transaction.agent.DepositoryAgentService' of type [org.springframework.cloud.openfeign.FeignClientFactoryBean] is not eligible for getting processed by all BeanPostProcessors (for example: not eligible for auto-proxying)
[transaction-service][53060] 2022-07-06 22:36:43,963 INFO [main][PostProcessorRegistrationDelegate.java:330] - Bean 'org.apache.rocketmq.spring.autoconfigure.RocketMQAutoConfiguration' of type [org.apache.rocketmq.spring.autoconfigure.RocketMQAutoConfiguration$$EnhancerBySpringCGLIB$$4200cfd5] is not eligible for getting processed by all BeanPostProcessors (for example: not eligible for auto-proxying)
[transaction-service][53060] 2022-07-06 22:36:43,998 INFO [main][PostProcessorRegistrationDelegate.java:330] - Bean 'rocketmq-org.apache.rocketmq.spring.autoconfigure.RocketMQProperties' of type [org.apache.rocketmq.spring.autoconfigure.RocketMQProperties] is not eligible for getting processed by all BeanPostProcessors (for example: not eligible for auto-proxying)
[transaction-service][53060] 2022-07-06 22:36:46,532 INFO [main][PostProcessorRegistrationDelegate.java:330] - Bean 'defaultMQProducer' of type [org.apache.rocketmq.client.producer.DefaultMQProducer] is not eligible for getting processed by all BeanPostProcessors (for example: not eligible for auto-proxying)
[transaction-service][53060] 2022-07-06 22:36:46,536 INFO [main][PostProcessorRegistrationDelegate.java:330] - Bean 'org.springframework.boot.autoconfigure.jackson.JacksonAutoConfiguration$JacksonObjectMapperConfiguration' of type [org.springframework.boot.autoconfigure.jackson.JacksonAutoConfiguration$JacksonObjectMapperConfiguration$$EnhancerBySpringCGLIB$$74fe406a] is not eligible for getting processed by all BeanPostProcessors (for example: not eligible for auto-proxying)
[transaction-service][53060] 2022-07-06 22:36:46,543 INFO [main][PostProcessorRegistrationDelegate.java:330] - Bean 'org.springframework.boot.autoconfigure.jackson.JacksonAutoConfiguration$JacksonObjectMapperBuilderConfiguration' of type [org.springframework.boot.autoconfigure.jackson.JacksonAutoConfiguration$JacksonObjectMapperBuilderConfiguration$$EnhancerBySpringCGLIB$$274b0283] is not eligible for getting processed by all BeanPostProcessors (for example: not eligible for auto-proxying)
[transaction-service][53060] 2022-07-06 22:36:46,548 INFO [main][PostProcessorRegistrationDelegate.java:330] - Bean 'org.springframework.boot.autoconfigure.jackson.JacksonAutoConfiguration$Jackson2ObjectMapperBuilderCustomizerConfiguration' of type [org.springframework.boot.autoconfigure.jackson.JacksonAutoConfiguration$Jackson2ObjectMapperBuilderCustomizerConfiguration$$EnhancerBySpringCGLIB$$e261e872] is not eligible for getting processed by all BeanPostProcessors (for example: not eligible for auto-proxying)
[transaction-service][53060] 2022-07-06 22:36:46,556 INFO [main][PostProcessorRegistrationDelegate.java:330] - Bean 'spring.jackson-org.springframework.boot.autoconfigure.jackson.JacksonProperties' of type [org.springframework.boot.autoconfigure.jackson.JacksonProperties] is not eligible for getting processed by all BeanPostProcessors (for example: not eligible for auto-proxying)
[transaction-service][53060] 2022-07-06 22:36:46,560 INFO [main][PostProcessorRegistrationDelegate.java:330] - Bean 'standardJacksonObjectMapperBuilderCustomizer' of type [org.springframework.boot.autoconfigure.jackson.JacksonAutoConfiguration$Jackson2ObjectMapperBuilderCustomizerConfiguration$StandardJackson2ObjectMapperBuilderCustomizer] is not eligible for getting processed by all BeanPostProcessors (for example: not eligible for auto-proxying)
[transaction-service][53060] 2022-07-06 22:36:46,569 INFO [main][PostProcessorRegistrationDelegate.java:330] - Bean 'org.springframework.boot.autoconfigure.jackson.JacksonAutoConfiguration$ParameterNamesModuleConfiguration' of type [org.springframework.boot.autoconfigure.jackson.JacksonAutoConfiguration$ParameterNamesModuleConfiguration$$EnhancerBySpringCGLIB$$92d5fa0] is not eligible for getting processed by all BeanPostProcessors (for example: not eligible for auto-proxying)
[transaction-service][53060] 2022-07-06 22:36:46,576 INFO [main][PostProcessorRegistrationDelegate.java:330] - Bean 'parameterNamesModule' of type [com.fasterxml.jackson.module.paramnames.ParameterNamesModule] is not eligible for getting processed by all BeanPostProcessors (for example: not eligible for auto-proxying)
[transaction-service][53060] 2022-07-06 22:36:46,579 INFO [main][PostProcessorRegistrationDelegate.java:330] - Bean 'org.springframework.boot.autoconfigure.jackson.JacksonAutoConfiguration' of type [org.springframework.boot.autoconfigure.jackson.JacksonAutoConfiguration$$EnhancerBySpringCGLIB$$5709ddf9] is not eligible for getting processed by all BeanPostProcessors (for example: not eligible for auto-proxying)
[transaction-service][53060] 2022-07-06 22:36:46,647 INFO [main][PostProcessorRegistrationDelegate.java:330] - Bean 'jsonComponentModule' of type [org.springframework.boot.jackson.JsonComponentModule] is not eligible for getting processed by all BeanPostProcessors (for example: not eligible for auto-proxying)
[transaction-service][53060] 2022-07-06 22:36:46,648 INFO [main][PostProcessorRegistrationDelegate.java:330] - Bean 'org.springframework.data.web.config.SpringDataJacksonConfiguration' of type [org.springframework.data.web.config.SpringDataJacksonConfiguration] is not eligible for getting processed by all BeanPostProcessors (for example: not eligible for auto-proxying)
[transaction-service][53060] 2022-07-06 22:36:46,656 INFO [main][PostProcessorRegistrationDelegate.java:330] - Bean 'jacksonGeoModule' of type [org.springframework.data.geo.GeoModule] is not eligible for getting processed by all BeanPostProcessors (for example: not eligible for auto-proxying)
[transaction-service][53060] 2022-07-06 22:36:46,663 INFO [main][PostProcessorRegistrationDelegate.java:330] - Bean 'jacksonObjectMapperBuilder' of type [org.springframework.http.converter.json.Jackson2ObjectMapperBuilder] is not eligible for getting processed by all BeanPostProcessors (for example: not eligible for auto-proxying)
[transaction-service][53060] 2022-07-06 22:36:46,701 INFO [main][PostProcessorRegistrationDelegate.java:330] - Bean 'jacksonObjectMapper' of type [com.fasterxml.jackson.databind.ObjectMapper] is not eligible for getting processed by all BeanPostProcessors (for example: not eligible for auto-proxying)
[transaction-service][53060] 2022-07-06 22:36:51,768 INFO [main][PostProcessorRegistrationDelegate.java:330] - Bean 'rocketMQTemplate' of type [org.apache.rocketmq.spring.core.RocketMQTemplate] is not eligible for getting processed by all BeanPostProcessors (for example: not eligible for auto-proxying)
[transaction-service][53060] 2022-07-06 22:36:51,772 INFO [main][PostProcessorRegistrationDelegate.java:330] - Bean 'transactionHandlerRegistry' of type [org.apache.rocketmq.spring.config.TransactionHandlerRegistry] is not eligible for getting processed by all BeanPostProcessors (for example: not eligible for auto-proxying)
[transaction-service][53060] 2022-07-06 22:36:51,867 INFO [main][PostProcessorRegistrationDelegate.java:330] - Bean 'org.springframework.transaction.annotation.ProxyTransactionManagementConfiguration' of type [org.springframework.transaction.annotation.ProxyTransactionManagementConfiguration$$EnhancerBySpringCGLIB$$196ac0d9] is not eligible for getting processed by all BeanPostProcessors (for example: not eligible for auto-proxying)
[transaction-service][53060] 2022-07-06 22:36:51,928 INFO [main][PostProcessorRegistrationDelegate.java:330] - Bean 'org.springframework.cloud.autoconfigure.ConfigurationPropertiesRebinderAutoConfiguration' of type [org.springframework.cloud.autoconfigure.ConfigurationPropertiesRebinderAutoConfiguration$$EnhancerBySpringCGLIB$$3584c3d6] is not eligible for getting processed by all BeanPostProcessors (for example: not eligible for auto-proxying)
[transaction-service][53060] 2022-07-06 22:36:52,559 INFO [main][TomcatWebServer.java:90] - Tomcat initialized with port(s): 53060 (http)
[transaction-service][53060] 2022-07-06 22:36:52,595 INFO [main][DirectJDKLog.java:173] - Initializing ProtocolHandler ["http-nio-53060"]
[transaction-service][53060] 2022-07-06 22:36:52,618 INFO [main][DirectJDKLog.java:173] - Starting service [Tomcat]
[transaction-service][53060] 2022-07-06 22:36:52,620 INFO [main][DirectJDKLog.java:173] - Starting Servlet engine: [Apache Tomcat/9.0.16]
[transaction-service][53060] 2022-07-06 22:36:52,639 INFO [main][DirectJDKLog.java:173] - The APR based Apache Tomcat Native library which allows optimal performance in production environments was not found on the java.library.path: [E:\jdk1.8.0_161\bin;C:\WINDOWS\Sun\Java\bin;C:\WINDOWS\system32;C:\WINDOWS;E:\Ruby26-x64\bin;C:\Program Files (x86)\Common Files\Oracle\Java\javapath;C:\Program Files\VanDyke Software\Clients\;E:\Anaconda;E:\Anaconda\Library\mingw-w64\bin;E:\Anaconda\Library\usr\bin;E:\Anaconda\Library\bin;E:\Anaconda\Scripts;C:\WINDOWS\system32;C:\WINDOWS;C:\WINDOWS\System32\Wbem;C:\WINDOWS\System32\WindowsPowerShell\v1.0\;C:\WINDOWS\System32\OpenSSH\;E:\mysql-5.7.20-winx64\bin;C:\Program Files\dotnet\;E:\nodejs\;C:\Users\Administrator\AppData\Roaming\npm;E:\nodejs\node_global\;C:\Program Files (x86)\Common Files\Thunder Network\KanKan\Codecs;E:\spark-2.1.1-hadoop2.7\bin;D:\Android\Sdk\platform-tools;E:\TortoiseSVN\bin;E:\TortoiseSVN\bin;E:\Subversion\bin;C:\Program Files\Docker\Docker\resources\bin;C:\ProgramData\DockerDesktop\version-bin;E:\CMake\bin;C:\mingw64\bin;E:\scala-2.12.15\bin;C:\Program Files (x86)\scala\bin;E:\spark\bin;E:\spark-2.1.1-hadoop2.7\bin;E:\NetSarang\Xshell 7\;E:\NetSarang\Xftp 7\;C:\Program Files\Git\cmd;E:\apache-maven-3.6.3\bin;E:\jdk1.8.0_161\bin;C:\Users\Administrator\AppData\Local\Microsoft\WindowsApps;E:\IntelliJ IDEA\bin;;C:\Users\Administrator\AppData\Roaming\npm;E:\nodejs\node_global\;C:\Users\Administrator\.dotnet\tools;C:\Users\Administrator\AppData\Local\GitHubDesktop\bin;E:\Microsoft VS Code\bin;.]
[transaction-service][53060] 2022-07-06 22:36:52,956 INFO [main][DirectJDKLog.java:173] - Initializing Spring embedded WebApplicationContext
[transaction-service][53060] 2022-07-06 22:36:52,956 INFO [main][ServletWebServerApplicationContext.java:296] - Root WebApplicationContext: initialization completed in 13471 ms
[transaction-service][53060] 2022-07-06 22:36:53,191 WARN [main][URLConfigurationSource.java:121] - No URLs will be polled as dynamic configuration sources.
[transaction-service][53060] 2022-07-06 22:36:53,193 INFO [main][URLConfigurationSource.java:122] - To enable URLs as dynamic configuration sources, define System property archaius.configurationSource.additionalUrls or make config.properties available on classpath.
[transaction-service][53060] 2022-07-06 22:36:53,235 INFO [main][DynamicPropertyFactory.java:281] - DynamicPropertyFactory is initialized with configuration sources: com.netflix.config.ConcurrentCompositeConfiguration@49c1e294
[transaction-service][53060] 2022-07-06 22:36:54,132 INFO [NettyClientSelector_1][Slf4jLoggerFactory.java:95] - closeChannel: close the connection to remote address[] result: true
[transaction-service][53060] 2022-07-06 22:36:54,150 INFO [NettyClientSelector_1][Slf4jLoggerFactory.java:95] - closeChannel: close the connection to remote address[] result: true
[transaction-service][53060] 2022-07-06 22:36:54,720 INFO [main][DruidDataSource.java:1002] - {dataSource-1} inited
[transaction-service][53060] 2022-07-06 22:36:54,969 INFO [main][DruidDataSource.java:1002] - {dataSource-2} inited
[transaction-service][53060] 2022-07-06 22:37:00,677 WARN [main][URLConfigurationSource.java:121] - No URLs will be polled as dynamic configuration sources.
[transaction-service][53060] 2022-07-06 22:37:00,677 INFO [main][URLConfigurationSource.java:122] - To enable URLs as dynamic configuration sources, define System property archaius.configurationSource.additionalUrls or make config.properties available on classpath.
[transaction-service][53060] 2022-07-06 22:37:00,919 INFO [main][ExecutorConfigurationSupport.java:171] - Initializing ExecutorService 'applicationTaskExecutor'
[transaction-service][53060] 2022-07-06 22:37:03,749 INFO [main][EndpointLinksResolver.java:59] - Exposing 2 endpoint(s) beneath base path '/actuator'
[transaction-service][53060] 2022-07-06 22:37:03,989 INFO [main][InstanceInfoFactory.java:71] - Setting initial instance status as: STARTING
[transaction-service][53060] 2022-07-06 22:37:04,061 INFO [main][DiscoveryClient.java:349] - Initializing Eureka in region us-east-1
[transaction-service][53060] 2022-07-06 22:37:05,366 INFO [main][DiscoveryJerseyProvider.java:70] - Using JSON encoding codec LegacyJacksonJson
[transaction-service][53060] 2022-07-06 22:37:05,367 INFO [main][DiscoveryJerseyProvider.java:71] - Using JSON decoding codec LegacyJacksonJson
[transaction-service][53060] 2022-07-06 22:37:05,606 INFO [main][DiscoveryJerseyProvider.java:80] - Using XML encoding codec XStreamXml
[transaction-service][53060] 2022-07-06 22:37:05,607 INFO [main][DiscoveryJerseyProvider.java:81] - Using XML decoding codec XStreamXml
[transaction-service][53060] 2022-07-06 22:37:06,140 INFO [main][ConfigClusterResolver.java:43] - Resolving eureka endpoints via configuration
[transaction-service][53060] 2022-07-06 22:37:07,045 INFO [main][DiscoveryClient.java:958] - Disable delta property : false
[transaction-service][53060] 2022-07-06 22:37:07,045 INFO [main][DiscoveryClient.java:959] - Single vip registry refresh property : null
[transaction-service][53060] 2022-07-06 22:37:07,046 INFO [main][DiscoveryClient.java:960] - Force full registry fetch : false
[transaction-service][53060] 2022-07-06 22:37:07,046 INFO [main][DiscoveryClient.java:961] - Application is null : false
[transaction-service][53060] 2022-07-06 22:37:07,046 INFO [main][DiscoveryClient.java:962] - Registered Applications size is zero : true
[transaction-service][53060] 2022-07-06 22:37:07,047 INFO [main][DiscoveryClient.java:964] - Application version is -1: true
[transaction-service][53060] 2022-07-06 22:37:07,047 INFO [main][DiscoveryClient.java:1047] - Getting all instance registry info from the eureka server
[transaction-service][53060] 2022-07-06 22:37:07,433 INFO [main][DiscoveryClient.java:1056] - The response status is 200
[transaction-service][53060] 2022-07-06 22:37:07,439 INFO [main][DiscoveryClient.java:1270] - Starting heartbeat executor: renew interval is: 30
[transaction-service][53060] 2022-07-06 22:37:07,445 INFO [main][InstanceInfoReplicator.java:60] - InstanceInfoReplicator onDemand update allowed rate per min is 4
[transaction-service][53060] 2022-07-06 22:37:07,453 INFO [main][DiscoveryClient.java:449] - Discovery Client initialized at timestamp 1657118227451 with initial instances count: 4
[transaction-service][53060] 2022-07-06 22:37:07,456 INFO [main][EurekaServiceRegistry.java:42] - Registering application TRANSACTION-SERVICE with eureka with status UP
[transaction-service][53060] 2022-07-06 22:37:07,458 INFO [main][DiscoveryClient.java:1305] - Saw local status change event StatusChangeEvent [timestamp=1657118227458, current=UP, previous=STARTING]
[transaction-service][53060] 2022-07-06 22:37:07,463 INFO [DiscoveryClient-InstanceInfoReplicator-0][DiscoveryClient.java:826] - DiscoveryClient_TRANSACTION-SERVICE/transaction-service:192.168.1.4:53060: registering service...
[transaction-service][53060] 2022-07-06 22:37:07,497 INFO [main][DirectJDKLog.java:173] - Starting ProtocolHandler ["http-nio-53060"]
[transaction-service][53060] 2022-07-06 22:37:07,547 INFO [main][TomcatWebServer.java:204] - Tomcat started on port(s): 53060 (http) with context path '/transaction'
[transaction-service][53060] 2022-07-06 22:37:07,550 INFO [main][EurekaAutoServiceRegistration.java:141] - Updating port to 53060
[transaction-service][53060] 2022-07-06 22:37:07,556 INFO [DiscoveryClient-InstanceInfoReplicator-0][DiscoveryClient.java:835] - DiscoveryClient_TRANSACTION-SERVICE/transaction-service:192.168.1.4:53060 - registration status: 204
[transaction-service][53060] 2022-07-06 22:37:07,559 INFO [main][StartupInfoLogger.java:59] - Started TransactionService in 44.979 seconds (JVM running for 51.15)
[transaction-service][53060] 2022-07-06 22:37:08,815 INFO [RMI TCP Connection(2)-172.18.224.1][DirectJDKLog.java:173] - Initializing Spring DispatcherServlet 'dispatcherServlet'
[transaction-service][53060] 2022-07-06 22:37:08,816 INFO [RMI TCP Connection(2)-172.18.224.1][FrameworkServlet.java:524] - Initializing Servlet 'dispatcherServlet'
[transaction-service][53060] 2022-07-06 22:37:08,859 INFO [RMI TCP Connection(2)-172.18.224.1][FrameworkServlet.java:546] - Completed initialization in 43 ms
[transaction-service][53060] 2022-07-06 22:37:10,309 INFO [RMI TCP Connection(3)-172.18.224.1][SQLLogger.java:89] - Rule Type: sharding
[transaction-service][53060] 2022-07-06 22:37:10,309 INFO [RMI TCP Connection(3)-172.18.224.1][SQLLogger.java:89] - Logic SQL: /* ping */ SELECT 1
[transaction-service][53060] 2022-07-06 22:37:10,310 INFO [RMI TCP Connection(3)-172.18.224.1][SQLLogger.java:89] - SQLStatement: SelectStatement(super=DQLStatement(super=AbstractSQLStatement(type=DQL, tables=Tables(tables=[]), routeConditions=Conditions(orCondition=OrCondition(andConditions=[])), encryptConditions=Conditions(orCondition=OrCondition(andConditions=[])), sqlTokens=[], parametersIndex=0, logicSQL=/* ping */ SELECT 1)), containStar=false, firstSelectItemStartIndex=18, selectListStopIndex=18, groupByLastIndex=0, items=[CommonSelectItem(expression=1, alias=Optional.absent())], groupByItems=[], orderByItems=[], limit=null, subqueryStatement=null, subqueryStatements=[], subqueryConditions=[])
[transaction-service][53060] 2022-07-06 22:37:10,312 INFO [RMI TCP Connection(3)-172.18.224.1][SQLLogger.java:89] - Actual SQL: ds1 ::: /* ping */ SELECT 1
[transaction-service][53060] 2022-07-06 22:37:21,748 INFO [NettyClientSelector_1][Slf4jLoggerFactory.java:95] - closeChannel: close the connection to remote address[] result: true
[transaction-service][53060] 2022-07-06 22:37:23,802 INFO [NettyClientSelector_1][Slf4jLoggerFactory.java:95] - closeChannel: close the connection to remote address[] result: true
[transaction-service][53060] 2022-07-06 22:37:51,759 INFO [NettyClientSelector_1][Slf4jLoggerFactory.java:95] - closeChannel: close the connection to remote address[] result: true
[transaction-service][53060] 2022-07-06 22:37:53,845 INFO [NettyClientSelector_1][Slf4jLoggerFactory.java:95] - closeChannel: close the connection to remote address[] result: true
[transaction-service][53060] 2022-07-06 22:38:21,752 INFO [NettyClientSelector_1][Slf4jLoggerFactory.java:95] - closeChannel: close the connection to remote address[] result: true
[transaction-service][53060] 2022-07-06 22:38:23,828 INFO [NettyClientSelector_1][Slf4jLoggerFactory.java:95] - closeChannel: close the connection to remote address[] result: true
[transaction-service][53060] 2022-07-06 22:38:51,770 INFO [NettyClientSelector_1][Slf4jLoggerFactory.java:95] - closeChannel: close the connection to remote address[] result: true
[transaction-service][53060] 2022-07-06 22:38:53,818 INFO [NettyClientSelector_1][Slf4jLoggerFactory.java:95] - closeChannel: close the connection to remote address[] result: true
[transaction-service][53060] 2022-07-06 22:39:21,754 INFO [NettyClientSelector_1][Slf4jLoggerFactory.java:95] - closeChannel: close the connection to remote address[] result: true
[transaction-service][53060] 2022-07-06 22:39:23,804 INFO [NettyClientSelector_1][Slf4jLoggerFactory.java:95] - closeChannel: close the connection to remote address[] result: true
[transaction-service][53060] 2022-07-06 22:39:51,766 INFO [NettyClientSelector_1][Slf4jLoggerFactory.java:95] - closeChannel: close the connection to remote address[] result: true
[transaction-service][53060] 2022-07-06 22:39:53,804 INFO [NettyClientSelector_1][Slf4jLoggerFactory.java:95] - closeChannel: close the connection to remote address[] result: true
[transaction-service][53060] 2022-07-06 22:40:21,753 INFO [NettyClientSelector_1][Slf4jLoggerFactory.java:95] - closeChannel: close the connection to remote address[] result: true
[transaction-service][53060] 2022-07-06 22:40:23,814 INFO [NettyClientSelector_1][Slf4jLoggerFactory.java:95] - closeChannel: close the connection to remote address[] result: true
[transaction-service][53060] 2022-07-06 22:40:51,758 INFO [NettyClientSelector_1][Slf4jLoggerFactory.java:95] - closeChannel: close the connection to remote address[] result: true
[transaction-service][53060] 2022-07-06 22:40:53,840 INFO [NettyClientSelector_1][Slf4jLoggerFactory.java:95] - closeChannel: close the connection to remote address[] result: true
[transaction-service][53060] 2022-07-06 22:41:21,774 INFO [NettyClientSelector_1][Slf4jLoggerFactory.java:95] - closeChannel: close the connection to remote address[] result: true
[transaction-service][53060] 2022-07-06 22:41:23,820 INFO [NettyClientSelector_1][Slf4jLoggerFactory.java:95] - closeChannel: close the connection to remote address[] result: true
[transaction-service][53060] 2022-07-06 22:41:34,264 WARN [Apollo-RemoteConfigRepository-1][RemoteConfigRepository.java:194] - Load config failed, will retry in 1 SECONDS. appId: transaction-service, cluster: DEFAULT, namespaces: micro_service.spring-cloud-feign
[transaction-service][53060] 2022-07-06 22:41:35,283 WARN [Apollo-RemoteConfigRepository-1][AbstractConfigRepository.java:26] - Sync config failed, will retry. Repository class com.ctrip.framework.apollo.internals.RemoteConfigRepository, reason: Load Apollo Config failed - appId: transaction-service, cluster: DEFAULT, namespace: micro_service.spring-cloud-feign, url: http://192.168.1.4:8080/configs/transaction-service/DEFAULT/micro_service.spring-cloud-feign?ip=172.18.224.1&messages=%7B%22details%22%3A%7B%22transaction-service%2Bdefault%2Bmicro_service.spring-cloud-feign%22%3A285%2C%22common-template%2Bdefault%2Bmicro_service.spring-cloud-feign%22%3A403%7D%7D [Cause: [status code: 404] Could not find config for namespace - appId: transaction-service, cluster: DEFAULT, namespace: micro_service.spring-cloud-feign, please check whether the configs are released in Apollo!]
[transaction-service][53060] 2022-07-06 22:41:51,756 INFO [NettyClientSelector_1][Slf4jLoggerFactory.java:95] - closeChannel: close the connection to remote address[] result: true
[transaction-service][53060] 2022-07-06 22:41:53,815 INFO [NettyClientSelector_1][Slf4jLoggerFactory.java:95] - closeChannel: close the connection to remote address[] result: true
[transaction-service][53060] 2022-07-06 22:42:07,076 INFO [AsyncResolver-bootstrap-executor-0][ConfigClusterResolver.java:43] - Resolving eureka endpoints via configuration
[transaction-service][53060] 2022-07-06 22:42:21,760 INFO [NettyClientSelector_1][Slf4jLoggerFactory.java:95] - closeChannel: close the connection to remote address[] result: true
[transaction-service][53060] 2022-07-06 22:42:23,839 INFO [NettyClientSelector_1][Slf4jLoggerFactory.java:95] - closeChannel: close the connection to remote address[] result: true
[transaction-service][53060] 2022-07-06 22:42:51,768 INFO [NettyClientSelector_1][Slf4jLoggerFactory.java:95] - closeChannel: close the connection to remote address[] result: true
[transaction-service][53060] 2022-07-06 22:42:53,804 INFO [NettyClientSelector_1][Slf4jLoggerFactory.java:95] - closeChannel: close the connection to remote address[] result: true
[transaction-service][53060] 2022-07-06 22:43:21,757 INFO [NettyClientSelector_1][Slf4jLoggerFactory.java:95] - closeChannel: close the connection to remote address[] result: true
[transaction-service][53060] 2022-07-06 22:43:23,811 INFO [NettyClientSelector_1][Slf4jLoggerFactory.java:95] - closeChannel: close the connection to remote address[] result: true
[transaction-service][53060] 2022-07-06 22:43:31,539 WARN [http-nio-53060-exec-1][DefaultConfig.java:95] - Could not load config for namespace micro_service.spring-cloud-feign from Apollo, please check whether the configs are released in Apollo! Return default value now!
[transaction-service][53060] 2022-07-06 22:43:31,917 INFO [http-nio-53060-exec-1][ChainedDynamicProperty.java:115] - Flipping property: content-search-service.ribbon.ActiveConnectionsLimit to use NEXT property: niws.loadbalancer.availabilityFilteringRule.activeConnectionsLimit = 2147483647
[transaction-service][53060] 2022-07-06 22:43:31,964 INFO [http-nio-53060-exec-1][ShutdownEnabledTimer.java:58] - Shutdown hook installed for: NFLoadBalancer-PingTimer-content-search-service
[transaction-service][53060] 2022-07-06 22:43:31,966 INFO [http-nio-53060-exec-1][BaseLoadBalancer.java:197] - Client: content-search-service instantiated a LoadBalancer: DynamicServerListLoadBalancer:{NFLoadBalancer:name=content-search-service,current list of Servers=[],Load balancer stats=Zone stats: {},Server stats: []}ServerList:null
[transaction-service][53060] 2022-07-06 22:43:31,979 INFO [http-nio-53060-exec-1][DynamicServerListLoadBalancer.java:222] - Using serverListUpdater PollingServerListUpdater
[transaction-service][53060] 2022-07-06 22:43:31,987 INFO [http-nio-53060-exec-1][DynamicServerListLoadBalancer.java:150] - DynamicServerListLoadBalancer for client content-search-service initialized: DynamicServerListLoadBalancer:{NFLoadBalancer:name=content-search-service,current list of Servers=[],Load balancer stats=Zone stats: {},Server stats: []}ServerList:org.springframework.cloud.netflix.ribbon.eureka.DomainExtractingServerList@647d4a43
[transaction-service][53060] 2022-07-06 22:43:32,119 ERROR [http-nio-53060-exec-1][GlobalExceptionHandler.java:42] - 系统异常:com.netflix.client.ClientException: Load balancer does not have available server for client: content-search-service
[transaction-service][53060] 2022-07-06 22:43:51,761 INFO [NettyClientSelector_1][Slf4jLoggerFactory.java:95] - closeChannel: close the connection to remote address[] result: true
[transaction-service][53060] 2022-07-06 22:43:53,784 INFO [NettyClientSelector_1][Slf4jLoggerFactory.java:95] - closeChannel: close the connection to remote address[] result: true
[transaction-service][53060] 2022-07-06 22:44:21,746 INFO [NettyClientSelector_1][Slf4jLoggerFactory.java:95] - closeChannel: close the connection to remote address[] result: true
[transaction-service][53060] 2022-07-06 22:44:23,794 INFO [NettyClientSelector_1][Slf4jLoggerFactory.java:95] - closeChannel: close the connection to remote address[] result: true
[transaction-service][53060] 2022-07-06 22:44:51,760 INFO [NettyClientSelector_1][Slf4jLoggerFactory.java:95] - closeChannel: close the connection to remote address[] result: true
[transaction-service][53060] 2022-07-06 22:44:53,810 INFO [NettyClientSelector_1][Slf4jLoggerFactory.java:95] - closeChannel: close the connection to remote address[] result: true
[transaction-service][53060] 2022-07-06 22:45:21,781 INFO [NettyClientSelector_1][Slf4jLoggerFactory.java:95] - closeChannel: close the connection to remote address[] result: true
[transaction-service][53060] 2022-07-06 22:45:23,837 INFO [NettyClientSelector_1][Slf4jLoggerFactory.java:95] - closeChannel: close the connection to remote address[] result: true
[transaction-service][53060] 2022-07-06 22:45:51,755 INFO [NettyClientSelector_1][Slf4jLoggerFactory.java:95] - closeChannel: close the connection to remote address[] result: true
[transaction-service][53060] 2022-07-06 22:45:53,826 INFO [NettyClientSelector_1][Slf4jLoggerFactory.java:95] - closeChannel: close the connection to remote address[] result: true
[transaction-service][53060] 2022-07-06 22:46:21,764 INFO [NettyClientSelector_1][Slf4jLoggerFactory.java:95] - closeChannel: close the connection to remote address[] result: true
[transaction-service][53060] 2022-07-06 22:46:23,811 INFO [NettyClientSelector_1][Slf4jLoggerFactory.java:95] - closeChannel: close the connection to remote address[] result: true
[transaction-service][53060] 2022-07-06 22:46:34,264 WARN [Apollo-RemoteConfigRepository-1][RemoteConfigRepository.java:194] - Load config failed, will retry in 1 SECONDS. appId: transaction-service, cluster: DEFAULT, namespaces: micro_service.spring-cloud-feign
[transaction-service][53060] 2022-07-06 22:46:35,282 WARN [Apollo-RemoteConfigRepository-1][AbstractConfigRepository.java:26] - Sync config failed, will retry. Repository class com.ctrip.framework.apollo.internals.RemoteConfigRepository, reason: Load Apollo Config failed - appId: transaction-service, cluster: DEFAULT, namespace: micro_service.spring-cloud-feign, url: http://192.168.1.4:8080/configs/transaction-service/DEFAULT/micro_service.spring-cloud-feign?ip=172.18.224.1&messages=%7B%22details%22%3A%7B%22transaction-service%2Bdefault%2Bmicro_service.spring-cloud-feign%22%3A285%2C%22common-template%2Bdefault%2Bmicro_service.spring-cloud-feign%22%3A403%7D%7D [Cause: [status code: 404] Could not find config for namespace - appId: transaction-service, cluster: DEFAULT, namespace: micro_service.spring-cloud-feign, please check whether the configs are released in Apollo!]
[transaction-service][53060] 2022-07-06 22:46:51,742 INFO [NettyClientSelector_1][Slf4jLoggerFactory.java:95] - closeChannel: close the connection to remote address[] result: true
[transaction-service][53060] 2022-07-06 22:46:53,816 INFO [NettyClientSelector_1][Slf4jLoggerFactory.java:95] - closeChannel: close the connection to remote address[] result: true
[transaction-service][53060] 2022-07-06 22:47:07,082 INFO [AsyncResolver-bootstrap-executor-0][ConfigClusterResolver.java:43] - Resolving eureka endpoints via configuration
[transaction-service][53060] 2022-07-06 22:47:21,757 INFO [NettyClientSelector_1][Slf4jLoggerFactory.java:95] - closeChannel: close the connection to remote address[] result: true
[transaction-service][53060] 2022-07-06 22:47:23,808 INFO [NettyClientSelector_1][Slf4jLoggerFactory.java:95] - closeChannel: close the connection to remote address[] result: true
[transaction-service][53060] 2022-07-06 22:47:51,742 INFO [NettyClientSelector_1][Slf4jLoggerFactory.java:95] - closeChannel: close the connection to remote address[] result: true
[transaction-service][53060] 2022-07-06 22:47:53,818 INFO [NettyClientSelector_1][Slf4jLoggerFactory.java:95] - closeChannel: close the connection to remote address[] result: true
[transaction-service][53060] 2022-07-06 22:48:21,749 INFO [NettyClientSelector_1][Slf4jLoggerFactory.java:95] - closeChannel: close the connection to remote address[] result: true
[transaction-service][53060] 2022-07-06 22:48:23,798 INFO [NettyClientSelector_1][Slf4jLoggerFactory.java:95] - closeChannel: close the connection to remote address[] result: true
[transaction-service][53060] 2022-07-06 22:48:51,774 INFO [NettyClientSelector_1][Slf4jLoggerFactory.java:95] - closeChannel: close the connection to remote address[] result: true
[transaction-service][53060] 2022-07-06 22:48:53,805 INFO [NettyClientSelector_1][Slf4jLoggerFactory.java:95] - closeChannel: close the connection to remote address[] result: true
[transaction-service][53060] 2022-07-06 22:49:21,774 INFO [NettyClientSelector_1][Slf4jLoggerFactory.java:95] - closeChannel: close the connection to remote address[] result: true
[transaction-service][53060] 2022-07-06 22:49:23,813 INFO [NettyClientSelector_1][Slf4jLoggerFactory.java:95] - closeChannel: close the connection to remote address[] result: true
[transaction-service][53060] 2022-07-06 22:49:51,764 INFO [NettyClientSelector_1][Slf4jLoggerFactory.java:95] - closeChannel: close the connection to remote address[] result: true
[transaction-service][53060] 2022-07-06 22:49:53,803 INFO [NettyClientSelector_1][Slf4jLoggerFactory.java:95] - closeChannel: close the connection to remote address[] result: true
[transaction-service][53060] 2022-07-06 22:50:21,733 INFO [NettyClientSelector_1][Slf4jLoggerFactory.java:95] - closeChannel: close the connection to remote address[] result: true
[transaction-service][53060] 2022-07-06 22:50:23,806 INFO [NettyClientSelector_1][Slf4jLoggerFactory.java:95] - closeChannel: close the connection to remote address[] result: true
[transaction-service][53060] 2022-07-06 22:50:51,757 INFO [NettyClientSelector_1][Slf4jLoggerFactory.java:95] - closeChannel: close the connection to remote address[] result: true
[transaction-service][53060] 2022-07-06 22:50:53,813 INFO [NettyClientSelector_1][Slf4jLoggerFactory.java:95] - closeChannel: close the connection to remote address[] result: true
[transaction-service][53060] 2022-07-06 22:51:21,736 INFO [NettyClientSelector_1][Slf4jLoggerFactory.java:95] - closeChannel: close the connection to remote address[] result: true
[transaction-service][53060] 2022-07-06 22:51:23,799 INFO [NettyClientSelector_1][Slf4jLoggerFactory.java:95] - closeChannel: close the connection to remote address[] result: true
[transaction-service][53060] 2022-07-06 22:51:34,257 WARN [Apollo-RemoteConfigRepository-1][RemoteConfigRepository.java:194] - Load config failed, will retry in 1 SECONDS. appId: transaction-service, cluster: DEFAULT, namespaces: micro_service.spring-cloud-feign
[transaction-service][53060] 2022-07-06 22:51:35,271 WARN [Apollo-RemoteConfigRepository-1][AbstractConfigRepository.java:26] - Sync config failed, will retry. Repository class com.ctrip.framework.apollo.internals.RemoteConfigRepository, reason: Load Apollo Config failed - appId: transaction-service, cluster: DEFAULT, namespace: micro_service.spring-cloud-feign, url: http://192.168.1.4:8080/configs/transaction-service/DEFAULT/micro_service.spring-cloud-feign?ip=172.18.224.1&messages=%7B%22details%22%3A%7B%22transaction-service%2Bdefault%2Bmicro_service.spring-cloud-feign%22%3A285%2C%22common-template%2Bdefault%2Bmicro_service.spring-cloud-feign%22%3A403%7D%7D [Cause: [status code: 404] Could not find config for namespace - appId: transaction-service, cluster: DEFAULT, namespace: micro_service.spring-cloud-feign, please check whether the configs are released in Apollo!]
[transaction-service][53060] 2022-07-06 22:51:51,762 INFO [NettyClientSelector_1][Slf4jLoggerFactory.java:95] - closeChannel: close the connection to remote address[] result: true
[transaction-service][53060] 2022-07-06 22:51:53,803 INFO [NettyClientSelector_1][Slf4jLoggerFactory.java:95] - closeChannel: close the connection to remote address[] result: true
[transaction-service][53060] 2022-07-06 22:52:07,091 INFO [AsyncResolver-bootstrap-executor-0][ConfigClusterResolver.java:43] - Resolving eureka endpoints via configuration
[transaction-service][53060] 2022-07-06 22:52:21,747 INFO [NettyClientSelector_1][Slf4jLoggerFactory.java:95] - closeChannel: close the connection to remote address[] result: true
[transaction-service][53060] 2022-07-06 22:52:23,806 INFO [NettyClientSelector_1][Slf4jLoggerFactory.java:95] - closeChannel: close the connection to remote address[] result: true
[transaction-service][53060] 2022-07-06 22:52:51,738 INFO [NettyClientSelector_1][Slf4jLoggerFactory.java:95] - closeChannel: close the connection to remote address[] result: true
[transaction-service][53060] 2022-07-06 22:52:53,817 INFO [NettyClientSelector_1][Slf4jLoggerFactory.java:95] - closeChannel: close the connection to remote address[] result: true
[transaction-service][53060] 2022-07-06 22:53:21,768 INFO [NettyClientSelector_1][Slf4jLoggerFactory.java:95] - closeChannel: close the connection to remote address[] result: true
[transaction-service][53060] 2022-07-06 22:53:23,806 INFO [NettyClientSelector_1][Slf4jLoggerFactory.java:95] - closeChannel: close the connection to remote address[] result: true
[transaction-service][53060] 2022-07-06 22:53:51,768 INFO [NettyClientSelector_1][Slf4jLoggerFactory.java:95] - closeChannel: close the connection to remote address[] result: true
[transaction-service][53060] 2022-07-06 22:53:53,818 INFO [NettyClientSelector_1][Slf4jLoggerFactory.java:95] - closeChannel: close the connection to remote address[] result: true
[transaction-service][53060] 2022-07-06 22:54:21,783 INFO [NettyClientSelector_1][Slf4jLoggerFactory.java:95] - closeChannel: close the connection to remote address[] result: true
[transaction-service][53060] 2022-07-06 22:54:23,828 INFO [NettyClientSelector_1][Slf4jLoggerFactory.java:95] - closeChannel: close the connection to remote address[] result: true
[transaction-service][53060] 2022-07-06 22:54:51,752 INFO [NettyClientSelector_1][Slf4jLoggerFactory.java:95] - closeChannel: close the connection to remote address[] result: true
[transaction-service][53060] 2022-07-06 22:54:53,817 INFO [NettyClientSelector_1][Slf4jLoggerFactory.java:95] - closeChannel: close the connection to remote address[] result: true
[transaction-service][53060] 2022-07-06 22:55:21,764 INFO [NettyClientSelector_1][Slf4jLoggerFactory.java:95] - closeChannel: close the connection to remote address[] result: true
[transaction-service][53060] 2022-07-06 22:55:23,794 INFO [NettyClientSelector_1][Slf4jLoggerFactory.java:95] - closeChannel: close the connection to remote address[] result: true
[transaction-service][53060] 2022-07-06 22:55:51,768 INFO [NettyClientSelector_1][Slf4jLoggerFactory.java:95] - closeChannel: close the connection to remote address[] result: true
[transaction-service][53060] 2022-07-06 22:55:53,830 INFO [NettyClientSelector_1][Slf4jLoggerFactory.java:95] - closeChannel: close the connection to remote address[] result: true
[transaction-service][53060] 2022-07-06 22:56:21,740 INFO [NettyClientSelector_1][Slf4jLoggerFactory.java:95] - closeChannel: close the connection to remote address[] result: true
[transaction-service][53060] 2022-07-06 22:56:23,823 INFO [NettyClientSelector_1][Slf4jLoggerFactory.java:95] - closeChannel: close the connection to remote address[] result: true
[transaction-service][53060] 2022-07-06 22:56:34,255 WARN [Apollo-RemoteConfigRepository-1][RemoteConfigRepository.java:194] - Load config failed, will retry in 1 SECONDS. appId: transaction-service, cluster: DEFAULT, namespaces: micro_service.spring-cloud-feign
[transaction-service][53060] 2022-07-06 22:56:35,273 WARN [Apollo-RemoteConfigRepository-1][AbstractConfigRepository.java:26] - Sync config failed, will retry. Repository class com.ctrip.framework.apollo.internals.RemoteConfigRepository, reason: Load Apollo Config failed - appId: transaction-service, cluster: DEFAULT, namespace: micro_service.spring-cloud-feign, url: http://192.168.1.4:8080/configs/transaction-service/DEFAULT/micro_service.spring-cloud-feign?ip=172.18.224.1&messages=%7B%22details%22%3A%7B%22transaction-service%2Bdefault%2Bmicro_service.spring-cloud-feign%22%3A285%2C%22common-template%2Bdefault%2Bmicro_service.spring-cloud-feign%22%3A403%7D%7D [Cause: [status code: 404] Could not find config for namespace - appId: transaction-service, cluster: DEFAULT, namespace: micro_service.spring-cloud-feign, please check whether the configs are released in Apollo!]
[transaction-service][53060] 2022-07-06 22:56:51,759 INFO [NettyClientSelector_1][Slf4jLoggerFactory.java:95] - closeChannel: close the connection to remote address[] result: true
[transaction-service][53060] 2022-07-06 22:56:53,806 INFO [NettyClientSelector_1][Slf4jLoggerFactory.java:95] - closeChannel: close the connection to remote address[] result: true
[transaction-service][53060] 2022-07-06 22:57:07,093 INFO [AsyncResolver-bootstrap-executor-0][ConfigClusterResolver.java:43] - Resolving eureka endpoints via configuration
[transaction-service][53060] 2022-07-06 22:57:21,751 INFO [NettyClientSelector_1][Slf4jLoggerFactory.java:95] - closeChannel: close the connection to remote address[] result: true
[transaction-service][53060] 2022-07-06 22:57:23,798 INFO [NettyClientSelector_1][Slf4jLoggerFactory.java:95] - closeChannel: close the connection to remote address[] result: true
[transaction-service][53060] 2022-07-06 22:57:51,749 INFO [NettyClientSelector_1][Slf4jLoggerFactory.java:95] - closeChannel: close the connection to remote address[] result: true
[transaction-service][53060] 2022-07-06 22:57:53,809 INFO [NettyClientSelector_1][Slf4jLoggerFactory.java:95] - closeChannel: close the connection to remote address[] result: true
[transaction-service][53060] 2022-07-06 22:58:21,751 INFO [NettyClientSelector_1][Slf4jLoggerFactory.java:95] - closeChannel: close the connection to remote address[] result: true
[transaction-service][53060] 2022-07-06 22:58:23,820 INFO [NettyClientSelector_1][Slf4jLoggerFactory.java:95] - closeChannel: close the connection to remote address[] result: true
[transaction-service][53060] 2022-07-06 22:58:51,754 INFO [NettyClientSelector_1][Slf4jLoggerFactory.java:95] - closeChannel: close the connection to remote address[] result: true
[transaction-service][53060] 2022-07-06 22:58:53,836 INFO [NettyClientSelector_1][Slf4jLoggerFactory.java:95] - closeChannel: close the connection to remote address[] result: true
[transaction-service][53060] 2022-07-06 22:59:21,769 INFO [NettyClientSelector_1][Slf4jLoggerFactory.java:95] - closeChannel: close the connection to remote address[] result: true
[transaction-service][53060] 2022-07-06 22:59:23,827 INFO [NettyClientSelector_1][Slf4jLoggerFactory.java:95] - closeChannel: close the connection to remote address[] result: true
[transaction-service][53060] 2022-07-06 22:59:51,774 INFO [NettyClientSelector_1][Slf4jLoggerFactory.java:95] - closeChannel: close the connection to remote address[] result: true
[transaction-service][53060] 2022-07-06 22:59:53,832 INFO [NettyClientSelector_1][Slf4jLoggerFactory.java:95] - closeChannel: close the connection to remote address[] result: true
