[wanxinp2p-account-service][${env:SERVER_PORT}] 2022-07-06 22:35:24,914 INFO [main][DefaultApplicationProvider.java:85] - App ID is set to account-service by app.id property from System Property
[wanxinp2p-account-service][${env:SERVER_PORT}] 2022-07-06 22:35:24,948 INFO [main][DefaultServerProvider.java:108] - Environment is set to [dev] by JVM system property 'env'.
[wanxinp2p-account-service][${env:SERVER_PORT}] 2022-07-06 22:35:25,181 WARN [main][DefaultMetaServerProvider.java:39] - Could not find meta server address, because it is not available in neither (1) JVM system property 'apollo.meta', (2) OS env variable 'APOLLO_META' (3) property 'apollo.meta' from server.properties nor (4) property 'apollo.meta' from app.properties
[wanxinp2p-account-service][${env:SERVER_PORT}] 2022-07-06 22:35:25,206 INFO [main][MetaDomainConsts.java:93] - Located meta server address http://localhost:8080 for env DEV from com.ctrip.framework.apollo.core.internals.LegacyMetaServerProvider
[wanxinp2p-account-service][${env:SERVER_PORT}] 2022-07-06 22:35:30,698 INFO [main][SpringApplication.java:675] - No active profile set, falling back to default profiles: default
[wanxinp2p-account-service][${env:SERVER_PORT}] 2022-07-06 22:35:36,648 INFO [main][RepositoryConfigurationDelegate.java:244] - Multiple Spring Data modules found, entering strict repository configuration mode!
[wanxinp2p-account-service][${env:SERVER_PORT}] 2022-07-06 22:35:36,655 INFO [main][RepositoryConfigurationDelegate.java:126] - Bootstrapping Spring Data repositories in DEFAULT mode.
[wanxinp2p-account-service][${env:SERVER_PORT}] 2022-07-06 22:35:36,754 INFO [main][RepositoryConfigurationDelegate.java:182] - Finished Spring Data repository scanning in 76ms. Found 0 repository interfaces.
[wanxinp2p-account-service][${env:SERVER_PORT}] 2022-07-06 22:35:36,800 INFO [main][RepositoryConfigurationDelegate.java:244] - Multiple Spring Data modules found, entering strict repository configuration mode!
[wanxinp2p-account-service][${env:SERVER_PORT}] 2022-07-06 22:35:36,807 INFO [main][RepositoryConfigurationDelegate.java:126] - Bootstrapping Spring Data repositories in DEFAULT mode.
[wanxinp2p-account-service][${env:SERVER_PORT}] 2022-07-06 22:35:36,860 INFO [main][RepositoryConfigurationDelegate.java:182] - Finished Spring Data repository scanning in 17ms. Found 0 repository interfaces.
[wanxinp2p-account-service][${env:SERVER_PORT}] 2022-07-06 22:35:37,481 WARN [main][EndpointId.java:135] - Endpoint ID 'service-registry' contains invalid characters, please migrate to a valid format.
[wanxinp2p-account-service][${env:SERVER_PORT}] 2022-07-06 22:35:37,917 INFO [main][ConfigurationClassPostProcessor.java:380] - Cannot enhance @Configuration bean definition 'com.ctrip.framework.apollo.spring.boot.ApolloAutoConfiguration' since its singleton instance has been created too early. The typical cause is a non-static @Bean method with a BeanDefinitionRegistryPostProcessor return type: Consider declaring such methods as 'static'.
[wanxinp2p-account-service][${env:SERVER_PORT}] 2022-07-06 22:35:39,283 INFO [main][GenericScope.java:294] - BeanFactory id=4345df52-f211-3918-a911-b14b7743ce81
[wanxinp2p-account-service][${env:SERVER_PORT}] 2022-07-06 22:35:39,514 WARN [main][PropertySourcesDeducer.java:75] - Multiple PropertySourcesPlaceholderConfigurer beans registered [propertySourcesPlaceholderConfigurer, org.springframework.context.support.PropertySourcesPlaceholderConfigurer], falling back to Environment
[wanxinp2p-account-service][${env:SERVER_PORT}] 2022-07-06 22:35:39,984 INFO [main][PostProcessorRegistrationDelegate.java:330] - Bean 'com.alibaba.druid.spring.boot.autoconfigure.stat.DruidSpringAopConfiguration' of type [com.alibaba.druid.spring.boot.autoconfigure.stat.DruidSpringAopConfiguration] is not eligible for getting processed by all BeanPostProcessors (for example: not eligible for auto-proxying)
[wanxinp2p-account-service][${env:SERVER_PORT}] 2022-07-06 22:35:40,366 INFO [main][PostProcessorRegistrationDelegate.java:330] - Bean 'org.springframework.transaction.annotation.ProxyTransactionManagementConfiguration' of type [org.springframework.transaction.annotation.ProxyTransactionManagementConfiguration$$EnhancerBySpringCGLIB$$98777cb4] is not eligible for getting processed by all BeanPostProcessors (for example: not eligible for auto-proxying)
[wanxinp2p-account-service][${env:SERVER_PORT}] 2022-07-06 22:35:41,216 INFO [main][PostProcessorRegistrationDelegate.java:330] - Bean 'spring.datasource.druid-com.alibaba.druid.spring.boot.autoconfigure.properties.DruidStatProperties' of type [com.alibaba.druid.spring.boot.autoconfigure.properties.DruidStatProperties] is not eligible for getting processed by all BeanPostProcessors (for example: not eligible for auto-proxying)
[wanxinp2p-account-service][${env:SERVER_PORT}] 2022-07-06 22:35:41,263 INFO [main][PostProcessorRegistrationDelegate.java:330] - Bean 'advisor' of type [org.springframework.aop.support.RegexpMethodPointcutAdvisor] is not eligible for getting processed by all BeanPostProcessors (for example: not eligible for auto-proxying)
[wanxinp2p-account-service][${env:SERVER_PORT}] 2022-07-06 22:35:41,325 INFO [main][PostProcessorRegistrationDelegate.java:330] - Bean 'org.springframework.cloud.autoconfigure.ConfigurationPropertiesRebinderAutoConfiguration' of type [org.springframework.cloud.autoconfigure.ConfigurationPropertiesRebinderAutoConfiguration$$EnhancerBySpringCGLIB$$b4917fb1] is not eligible for getting processed by all BeanPostProcessors (for example: not eligible for auto-proxying)
[wanxinp2p-account-service][${env:SERVER_PORT}] 2022-07-06 22:35:43,075 INFO [main][TomcatWebServer.java:90] - Tomcat initialized with port(s): 53030 (http)
[wanxinp2p-account-service][${env:SERVER_PORT}] 2022-07-06 22:35:43,140 INFO [main][DirectJDKLog.java:173] - Initializing ProtocolHandler ["http-nio-53030"]
[wanxinp2p-account-service][${env:SERVER_PORT}] 2022-07-06 22:35:43,172 INFO [main][DirectJDKLog.java:173] - Starting service [Tomcat]
[wanxinp2p-account-service][${env:SERVER_PORT}] 2022-07-06 22:35:43,174 INFO [main][DirectJDKLog.java:173] - Starting Servlet engine: [Apache Tomcat/9.0.16]
[wanxinp2p-account-service][${env:SERVER_PORT}] 2022-07-06 22:35:43,198 INFO [main][DirectJDKLog.java:173] - The APR based Apache Tomcat Native library which allows optimal performance in production environments was not found on the java.library.path: [E:\jdk1.8.0_161\bin;C:\WINDOWS\Sun\Java\bin;C:\WINDOWS\system32;C:\WINDOWS;E:\Ruby26-x64\bin;C:\Program Files (x86)\Common Files\Oracle\Java\javapath;C:\Program Files\VanDyke Software\Clients\;E:\Anaconda;E:\Anaconda\Library\mingw-w64\bin;E:\Anaconda\Library\usr\bin;E:\Anaconda\Library\bin;E:\Anaconda\Scripts;C:\WINDOWS\system32;C:\WINDOWS;C:\WINDOWS\System32\Wbem;C:\WINDOWS\System32\WindowsPowerShell\v1.0\;C:\WINDOWS\System32\OpenSSH\;E:\mysql-5.7.20-winx64\bin;C:\Program Files\dotnet\;E:\nodejs\;C:\Users\Administrator\AppData\Roaming\npm;E:\nodejs\node_global\;C:\Program Files (x86)\Common Files\Thunder Network\KanKan\Codecs;E:\spark-2.1.1-hadoop2.7\bin;D:\Android\Sdk\platform-tools;E:\TortoiseSVN\bin;E:\TortoiseSVN\bin;E:\Subversion\bin;C:\Program Files\Docker\Docker\resources\bin;C:\ProgramData\DockerDesktop\version-bin;E:\CMake\bin;C:\mingw64\bin;E:\scala-2.12.15\bin;C:\Program Files (x86)\scala\bin;E:\spark\bin;E:\spark-2.1.1-hadoop2.7\bin;E:\NetSarang\Xshell 7\;E:\NetSarang\Xftp 7\;C:\Program Files\Git\cmd;E:\apache-maven-3.6.3\bin;E:\jdk1.8.0_161\bin;C:\Users\Administrator\AppData\Local\Microsoft\WindowsApps;E:\IntelliJ IDEA\bin;;C:\Users\Administrator\AppData\Roaming\npm;E:\nodejs\node_global\;C:\Users\Administrator\.dotnet\tools;C:\Users\Administrator\AppData\Local\GitHubDesktop\bin;E:\Microsoft VS Code\bin;.]
[wanxinp2p-account-service][${env:SERVER_PORT}] 2022-07-06 22:35:43,826 INFO [main][DirectJDKLog.java:173] - Initializing Spring embedded WebApplicationContext
[wanxinp2p-account-service][${env:SERVER_PORT}] 2022-07-06 22:35:43,827 INFO [main][ServletWebServerApplicationContext.java:296] - Root WebApplicationContext: initialization completed in 13023 ms
[wanxinp2p-account-service][${env:SERVER_PORT}] 2022-07-06 22:35:44,352 WARN [main][URLConfigurationSource.java:121] - No URLs will be polled as dynamic configuration sources.
[wanxinp2p-account-service][${env:SERVER_PORT}] 2022-07-06 22:35:44,354 INFO [main][URLConfigurationSource.java:122] - To enable URLs as dynamic configuration sources, define System property archaius.configurationSource.additionalUrls or make config.properties available on classpath.
[wanxinp2p-account-service][${env:SERVER_PORT}] 2022-07-06 22:35:44,418 INFO [main][DynamicPropertyFactory.java:281] - DynamicPropertyFactory is initialized with configuration sources: com.netflix.config.ConcurrentCompositeConfiguration@6736f40f
[wanxinp2p-account-service][${env:SERVER_PORT}] 2022-07-06 22:35:44,925 INFO [main][DruidDataSourceAutoConfigure.java:56] - Init DruidDataSource
[wanxinp2p-account-service][${env:SERVER_PORT}] 2022-07-06 22:35:46,245 INFO [main][DruidDataSource.java:1002] - {dataSource-1} inited
[wanxinp2p-account-service][${env:SERVER_PORT}] 2022-07-06 22:35:53,548 INFO [main][AutowiredAnnotationBeanPostProcessor.java:342] - Inconsistent constructor declaration on bean with name 'hmilyAutoConfiguration': single autowire-marked constructor flagged as optional - this constructor is effectively required since there is no default constructor to fall back to: public org.dromara.hmily.spring.boot.starter.parent.configuration.HmilyAutoConfiguration$$EnhancerBySpringCGLIB$$c512bb40(org.dromara.hmily.spring.boot.starter.parent.config.HmilyConfigProperties)
[wanxinp2p-account-service][${env:SERVER_PORT}] 2022-07-06 22:35:55,180 INFO [main][EndpointLinksResolver.java:59] - Exposing 2 endpoint(s) beneath base path '/actuator'
[wanxinp2p-account-service][${env:SERVER_PORT}] 2022-07-06 22:35:56,565 INFO [main][HikariDataSource.java:110] - HikariPool-1 - Starting...
[wanxinp2p-account-service][${env:SERVER_PORT}] 2022-07-06 22:35:56,700 INFO [main][HikariDataSource.java:123] - HikariPool-1 - Start completed.
[wanxinp2p-account-service][${env:SERVER_PORT}] 2022-07-06 22:35:56,887 INFO [main][HmilyLogo.java:49] - 


    __  __          _ __     
   / / / /___ ___  (_) /_  __
  / /_/ / __ `__ \/ / / / / /
 / __  / / / / / / / / /_/ / 
/_/ /_/_/ /_/ /_/_/_/\__, /  
                    /____/   

 :: Hmily :: (v2.0.0-RELEASE)

[wanxinp2p-account-service][${env:SERVER_PORT}] 2022-07-06 22:35:57,006 INFO [main][PropertySourcedRequestMappingHandlerMapping.java:69] - Mapped URL path [/v2/api-docs] onto method [public org.springframework.http.ResponseEntity<springfox.documentation.spring.web.json.Json> springfox.documentation.swagger2.web.Swagger2Controller.getDocumentation(java.lang.String,javax.servlet.http.HttpServletRequest)]
[wanxinp2p-account-service][${env:SERVER_PORT}] 2022-07-06 22:35:57,057 WARN [main][URLConfigurationSource.java:121] - No URLs will be polled as dynamic configuration sources.
[wanxinp2p-account-service][${env:SERVER_PORT}] 2022-07-06 22:35:57,058 INFO [main][URLConfigurationSource.java:122] - To enable URLs as dynamic configuration sources, define System property archaius.configurationSource.additionalUrls or make config.properties available on classpath.
[wanxinp2p-account-service][${env:SERVER_PORT}] 2022-07-06 22:35:57,897 INFO [main][ExecutorConfigurationSupport.java:171] - Initializing ExecutorService 'applicationTaskExecutor'
[wanxinp2p-account-service][${env:SERVER_PORT}] 2022-07-06 22:36:04,504 WARN [main][EurekaStarterDeprecationWarningAutoConfiguration.java:19] - spring-cloud-starter-eureka is deprecated as of Spring Cloud Netflix 1.4.0, please migrate to spring-cloud-starter-netflix-eureka
[wanxinp2p-account-service][${env:SERVER_PORT}] 2022-07-06 22:36:05,075 INFO [main][InstanceInfoFactory.java:71] - Setting initial instance status as: STARTING
[wanxinp2p-account-service][${env:SERVER_PORT}] 2022-07-06 22:36:05,302 INFO [main][DiscoveryClient.java:349] - Initializing Eureka in region us-east-1
[wanxinp2p-account-service][${env:SERVER_PORT}] 2022-07-06 22:36:07,985 INFO [main][DiscoveryJerseyProvider.java:70] - Using JSON encoding codec LegacyJacksonJson
[wanxinp2p-account-service][${env:SERVER_PORT}] 2022-07-06 22:36:07,986 INFO [main][DiscoveryJerseyProvider.java:71] - Using JSON decoding codec LegacyJacksonJson
[wanxinp2p-account-service][${env:SERVER_PORT}] 2022-07-06 22:36:08,452 INFO [main][DiscoveryJerseyProvider.java:80] - Using XML encoding codec XStreamXml
[wanxinp2p-account-service][${env:SERVER_PORT}] 2022-07-06 22:36:08,453 INFO [main][DiscoveryJerseyProvider.java:81] - Using XML decoding codec XStreamXml
[wanxinp2p-account-service][${env:SERVER_PORT}] 2022-07-06 22:36:09,362 INFO [main][ConfigClusterResolver.java:43] - Resolving eureka endpoints via configuration
[wanxinp2p-account-service][${env:SERVER_PORT}] 2022-07-06 22:36:10,943 INFO [main][DiscoveryClient.java:958] - Disable delta property : false
[wanxinp2p-account-service][${env:SERVER_PORT}] 2022-07-06 22:36:10,944 INFO [main][DiscoveryClient.java:959] - Single vip registry refresh property : null
[wanxinp2p-account-service][${env:SERVER_PORT}] 2022-07-06 22:36:10,944 INFO [main][DiscoveryClient.java:960] - Force full registry fetch : false
[wanxinp2p-account-service][${env:SERVER_PORT}] 2022-07-06 22:36:10,945 INFO [main][DiscoveryClient.java:961] - Application is null : false
[wanxinp2p-account-service][${env:SERVER_PORT}] 2022-07-06 22:36:10,946 INFO [main][DiscoveryClient.java:962] - Registered Applications size is zero : true
[wanxinp2p-account-service][${env:SERVER_PORT}] 2022-07-06 22:36:10,946 INFO [main][DiscoveryClient.java:964] - Application version is -1: true
[wanxinp2p-account-service][${env:SERVER_PORT}] 2022-07-06 22:36:10,947 INFO [main][DiscoveryClient.java:1047] - Getting all instance registry info from the eureka server
[wanxinp2p-account-service][${env:SERVER_PORT}] 2022-07-06 22:36:11,631 INFO [main][DiscoveryClient.java:1056] - The response status is 200
[wanxinp2p-account-service][${env:SERVER_PORT}] 2022-07-06 22:36:11,642 INFO [main][DiscoveryClient.java:1270] - Starting heartbeat executor: renew interval is: 30
[wanxinp2p-account-service][${env:SERVER_PORT}] 2022-07-06 22:36:11,656 INFO [main][InstanceInfoReplicator.java:60] - InstanceInfoReplicator onDemand update allowed rate per min is 4
[wanxinp2p-account-service][${env:SERVER_PORT}] 2022-07-06 22:36:11,670 INFO [main][DiscoveryClient.java:449] - Discovery Client initialized at timestamp 1657118171664 with initial instances count: 1
[wanxinp2p-account-service][${env:SERVER_PORT}] 2022-07-06 22:36:11,682 INFO [main][EurekaServiceRegistry.java:42] - Registering application ACCOUNT-SERVICE with eureka with status UP
[wanxinp2p-account-service][${env:SERVER_PORT}] 2022-07-06 22:36:11,686 INFO [main][DiscoveryClient.java:1305] - Saw local status change event StatusChangeEvent [timestamp=1657118171686, current=UP, previous=STARTING]
[wanxinp2p-account-service][${env:SERVER_PORT}] 2022-07-06 22:36:11,693 INFO [main][DocumentationPluginsBootstrapper.java:160] - Context refreshed
[wanxinp2p-account-service][${env:SERVER_PORT}] 2022-07-06 22:36:11,695 INFO [DiscoveryClient-InstanceInfoReplicator-0][DiscoveryClient.java:826] - DiscoveryClient_ACCOUNT-SERVICE/account-service:127.0.0.1:53030: registering service...
[wanxinp2p-account-service][${env:SERVER_PORT}] 2022-07-06 22:36:11,754 INFO [main][DocumentationPluginsBootstrapper.java:163] - Found 1 custom documentation plugin(s)
[wanxinp2p-account-service][${env:SERVER_PORT}] 2022-07-06 22:36:11,803 INFO [DiscoveryClient-InstanceInfoReplicator-0][DiscoveryClient.java:835] - DiscoveryClient_ACCOUNT-SERVICE/account-service:127.0.0.1:53030 - registration status: 204
[wanxinp2p-account-service][${env:SERVER_PORT}] 2022-07-06 22:36:11,925 INFO [main][ApiListingReferenceScanner.java:41] - Scanning for api listing references
[wanxinp2p-account-service][${env:SERVER_PORT}] 2022-07-06 22:36:12,619 INFO [main][DirectJDKLog.java:173] - Starting ProtocolHandler ["http-nio-53030"]
[wanxinp2p-account-service][${env:SERVER_PORT}] 2022-07-06 22:36:12,788 INFO [main][TomcatWebServer.java:204] - Tomcat started on port(s): 53030 (http) with context path '/account'
[wanxinp2p-account-service][${env:SERVER_PORT}] 2022-07-06 22:36:12,791 INFO [main][EurekaAutoServiceRegistration.java:141] - Updating port to 53030
[wanxinp2p-account-service][${env:SERVER_PORT}] 2022-07-06 22:36:12,802 INFO [main][StartupInfoLogger.java:59] - Started AccountServiceApplication in 63.5 seconds (JVM running for 72.406)
[wanxinp2p-account-service][${env:SERVER_PORT}] 2022-07-06 22:36:13,400 INFO [RMI TCP Connection(3)-172.18.224.1][DirectJDKLog.java:173] - Initializing Spring DispatcherServlet 'dispatcherServlet'
[wanxinp2p-account-service][${env:SERVER_PORT}] 2022-07-06 22:36:13,401 INFO [RMI TCP Connection(3)-172.18.224.1][FrameworkServlet.java:524] - Initializing Servlet 'dispatcherServlet'
[wanxinp2p-account-service][${env:SERVER_PORT}] 2022-07-06 22:36:13,439 INFO [RMI TCP Connection(3)-172.18.224.1][FrameworkServlet.java:546] - Completed initialization in 36 ms
[wanxinp2p-account-service][${env:SERVER_PORT}] 2022-07-06 22:36:14,386 INFO [RMI TCP Connection(4)-172.18.224.1][EpollProvider.java:68] - Starting without optional epoll library
[wanxinp2p-account-service][${env:SERVER_PORT}] 2022-07-06 22:36:14,401 INFO [RMI TCP Connection(4)-172.18.224.1][KqueueProvider.java:70] - Starting without optional kqueue library
[wanxinp2p-account-service][${env:SERVER_PORT}] 2022-07-06 22:36:26,879 INFO [hmilyTransaction-tccRollBackService-1][LogUtil.java:87] - rollback execute delayTime:60
[wanxinp2p-account-service][${env:SERVER_PORT}] 2022-07-06 22:37:27,007 INFO [hmilyTransaction-tccRollBackService-1][LogUtil.java:87] - rollback execute delayTime:60
[wanxinp2p-account-service][${env:SERVER_PORT}] 2022-07-06 22:38:27,018 INFO [hmilyTransaction-tccRollBackService-1][LogUtil.java:87] - rollback execute delayTime:60
[wanxinp2p-account-service][${env:SERVER_PORT}] 2022-07-06 22:39:27,027 INFO [hmilyTransaction-tccRollBackService-1][LogUtil.java:87] - rollback execute delayTime:60
[wanxinp2p-account-service][${env:SERVER_PORT}] 2022-07-06 22:40:27,032 INFO [hmilyTransaction-tccRollBackService-1][LogUtil.java:87] - rollback execute delayTime:60
[wanxinp2p-account-service][${env:SERVER_PORT}] 2022-07-06 22:41:10,961 INFO [AsyncResolver-bootstrap-executor-0][ConfigClusterResolver.java:43] - Resolving eureka endpoints via configuration
[wanxinp2p-account-service][${env:SERVER_PORT}] 2022-07-06 22:41:27,050 INFO [hmilyTransaction-tccRollBackService-1][LogUtil.java:87] - rollback execute delayTime:60
[wanxinp2p-account-service][${env:SERVER_PORT}] 2022-07-06 22:42:27,056 INFO [hmilyTransaction-tccRollBackService-1][LogUtil.java:87] - rollback execute delayTime:60
[wanxinp2p-account-service][${env:SERVER_PORT}] 2022-07-06 22:43:27,061 INFO [hmilyTransaction-tccRollBackService-1][LogUtil.java:87] - rollback execute delayTime:60
[wanxinp2p-account-service][${env:SERVER_PORT}] 2022-07-06 22:44:27,064 INFO [hmilyTransaction-tccRollBackService-1][LogUtil.java:87] - rollback execute delayTime:60
[wanxinp2p-account-service][${env:SERVER_PORT}] 2022-07-06 22:45:27,067 INFO [hmilyTransaction-tccRollBackService-1][LogUtil.java:87] - rollback execute delayTime:60
[wanxinp2p-account-service][${env:SERVER_PORT}] 2022-07-06 22:46:10,964 INFO [AsyncResolver-bootstrap-executor-0][ConfigClusterResolver.java:43] - Resolving eureka endpoints via configuration
[wanxinp2p-account-service][${env:SERVER_PORT}] 2022-07-06 22:46:27,070 INFO [hmilyTransaction-tccRollBackService-1][LogUtil.java:87] - rollback execute delayTime:60
[wanxinp2p-account-service][${env:SERVER_PORT}] 2022-07-06 22:47:27,082 INFO [hmilyTransaction-tccRollBackService-1][LogUtil.java:87] - rollback execute delayTime:60
[wanxinp2p-account-service][${env:SERVER_PORT}] 2022-07-06 22:48:27,094 INFO [hmilyTransaction-tccRollBackService-1][LogUtil.java:87] - rollback execute delayTime:60
[wanxinp2p-account-service][${env:SERVER_PORT}] 2022-07-06 22:49:27,097 INFO [hmilyTransaction-tccRollBackService-1][LogUtil.java:87] - rollback execute delayTime:60
[wanxinp2p-account-service][${env:SERVER_PORT}] 2022-07-06 22:50:27,110 INFO [hmilyTransaction-tccRollBackService-1][LogUtil.java:87] - rollback execute delayTime:60
[wanxinp2p-account-service][${env:SERVER_PORT}] 2022-07-06 22:51:10,977 INFO [AsyncResolver-bootstrap-executor-0][ConfigClusterResolver.java:43] - Resolving eureka endpoints via configuration
[wanxinp2p-account-service][${env:SERVER_PORT}] 2022-07-06 22:51:27,125 INFO [hmilyTransaction-tccRollBackService-1][LogUtil.java:87] - rollback execute delayTime:60
[wanxinp2p-account-service][${env:SERVER_PORT}] 2022-07-06 22:52:27,141 INFO [hmilyTransaction-tccRollBackService-1][LogUtil.java:87] - rollback execute delayTime:60
[wanxinp2p-account-service][${env:SERVER_PORT}] 2022-07-06 22:53:27,159 INFO [hmilyTransaction-tccRollBackService-1][LogUtil.java:87] - rollback execute delayTime:60
[wanxinp2p-account-service][${env:SERVER_PORT}] 2022-07-06 22:54:27,162 INFO [hmilyTransaction-tccRollBackService-1][LogUtil.java:87] - rollback execute delayTime:60
[wanxinp2p-account-service][${env:SERVER_PORT}] 2022-07-06 22:55:27,181 INFO [hmilyTransaction-tccRollBackService-1][LogUtil.java:87] - rollback execute delayTime:60
[wanxinp2p-account-service][${env:SERVER_PORT}] 2022-07-06 22:56:10,982 INFO [AsyncResolver-bootstrap-executor-0][ConfigClusterResolver.java:43] - Resolving eureka endpoints via configuration
[wanxinp2p-account-service][${env:SERVER_PORT}] 2022-07-06 22:56:27,184 INFO [hmilyTransaction-tccRollBackService-1][LogUtil.java:87] - rollback execute delayTime:60
[wanxinp2p-account-service][${env:SERVER_PORT}] 2022-07-06 22:57:27,187 INFO [hmilyTransaction-tccRollBackService-1][LogUtil.java:87] - rollback execute delayTime:60
[wanxinp2p-account-service][${env:SERVER_PORT}] 2022-07-06 22:58:27,192 INFO [hmilyTransaction-tccRollBackService-1][LogUtil.java:87] - rollback execute delayTime:60
[wanxinp2p-account-service][${env:SERVER_PORT}] 2022-07-06 22:59:27,203 INFO [hmilyTransaction-tccRollBackService-1][LogUtil.java:87] - rollback execute delayTime:60
