[ConsumerService][53050] 2022-07-11 21:03:46,129 INFO [main][DefaultApplicationProvider.java:85] - App ID is set to consumer-service by app.id property from System Property
[ConsumerService][53050] 2022-07-11 21:03:46,147 INFO [main][DefaultServerProvider.java:108] - Environment is set to [dev] by JVM system property 'env'.
[ConsumerService][53050] 2022-07-11 21:03:46,354 WARN [main][DefaultMetaServerProvider.java:39] - Could not find meta server address, because it is not available in neither (1) JVM system property 'apollo.meta', (2) OS env variable 'APOLLO_META' (3) property 'apollo.meta' from server.properties nor (4) property 'apollo.meta' from app.properties
[ConsumerService][53050] 2022-07-11 21:03:46,372 INFO [main][MetaDomainConsts.java:93] - Located meta server address http://localhost:8080 for env DEV from com.ctrip.framework.apollo.core.internals.LegacyMetaServerProvider
[ConsumerService][53050] 2022-07-11 21:03:51,609 INFO [main][SpringApplication.java:675] - No active profile set, falling back to default profiles: default
[ConsumerService][53050] 2022-07-11 21:03:59,100 INFO [main][RepositoryConfigurationDelegate.java:244] - Multiple Spring Data modules found, entering strict repository configuration mode!
[ConsumerService][53050] 2022-07-11 21:03:59,104 INFO [main][RepositoryConfigurationDelegate.java:126] - Bootstrapping Spring Data repositories in DEFAULT mode.
[ConsumerService][53050] 2022-07-11 21:03:59,179 INFO [main][RepositoryConfigurationDelegate.java:182] - Finished Spring Data repository scanning in 55ms. Found 0 repository interfaces.
[ConsumerService][53050] 2022-07-11 21:03:59,219 INFO [main][RepositoryConfigurationDelegate.java:244] - Multiple Spring Data modules found, entering strict repository configuration mode!
[ConsumerService][53050] 2022-07-11 21:03:59,224 INFO [main][RepositoryConfigurationDelegate.java:126] - Bootstrapping Spring Data repositories in DEFAULT mode.
[ConsumerService][53050] 2022-07-11 21:03:59,308 INFO [main][RepositoryConfigurationDelegate.java:182] - Finished Spring Data repository scanning in 38ms. Found 0 repository interfaces.
[ConsumerService][53050] 2022-07-11 21:03:59,898 WARN [main][EndpointId.java:135] - Endpoint ID 'service-registry' contains invalid characters, please migrate to a valid format.
[ConsumerService][53050] 2022-07-11 21:04:00,992 INFO [main][GenericScope.java:294] - BeanFactory id=84d9a334-7360-36ce-9d22-a0a9f0cdd40c
[ConsumerService][53050] 2022-07-11 21:04:01,383 INFO [main][PostProcessorRegistrationDelegate.java:330] - Bean 'com.liu.wanxinp2p.consumer.agent.AccountServiceAgent' of type [org.springframework.cloud.openfeign.FeignClientFactoryBean] is not eligible for getting processed by all BeanPostProcessors (for example: not eligible for auto-proxying)
[ConsumerService][53050] 2022-07-11 21:04:01,391 INFO [main][PostProcessorRegistrationDelegate.java:330] - Bean 'com.liu.wanxinp2p.consumer.agent.DepositoryServiceAgent' of type [org.springframework.cloud.openfeign.FeignClientFactoryBean] is not eligible for getting processed by all BeanPostProcessors (for example: not eligible for auto-proxying)
[ConsumerService][53050] 2022-07-11 21:04:01,491 INFO [main][PostProcessorRegistrationDelegate.java:330] - Bean 'com.alibaba.druid.spring.boot.autoconfigure.stat.DruidSpringAopConfiguration' of type [com.alibaba.druid.spring.boot.autoconfigure.stat.DruidSpringAopConfiguration] is not eligible for getting processed by all BeanPostProcessors (for example: not eligible for auto-proxying)
[ConsumerService][53050] 2022-07-11 21:04:01,522 INFO [main][PostProcessorRegistrationDelegate.java:330] - Bean 'org.apache.rocketmq.spring.autoconfigure.RocketMQAutoConfiguration' of type [org.apache.rocketmq.spring.autoconfigure.RocketMQAutoConfiguration$$EnhancerBySpringCGLIB$$192712b6] is not eligible for getting processed by all BeanPostProcessors (for example: not eligible for auto-proxying)
[ConsumerService][53050] 2022-07-11 21:04:01,584 INFO [main][PostProcessorRegistrationDelegate.java:330] - Bean 'rocketmq-org.apache.rocketmq.spring.autoconfigure.RocketMQProperties' of type [org.apache.rocketmq.spring.autoconfigure.RocketMQProperties] is not eligible for getting processed by all BeanPostProcessors (for example: not eligible for auto-proxying)
[ConsumerService][53050] 2022-07-11 21:04:07,363 INFO [main][PostProcessorRegistrationDelegate.java:330] - Bean 'defaultMQProducer' of type [org.apache.rocketmq.client.producer.DefaultMQProducer] is not eligible for getting processed by all BeanPostProcessors (for example: not eligible for auto-proxying)
[ConsumerService][53050] 2022-07-11 21:04:07,372 INFO [main][PostProcessorRegistrationDelegate.java:330] - Bean 'org.springframework.boot.autoconfigure.jackson.JacksonAutoConfiguration$JacksonObjectMapperConfiguration' of type [org.springframework.boot.autoconfigure.jackson.JacksonAutoConfiguration$JacksonObjectMapperConfiguration$$EnhancerBySpringCGLIB$$4c24834b] is not eligible for getting processed by all BeanPostProcessors (for example: not eligible for auto-proxying)
[ConsumerService][53050] 2022-07-11 21:04:07,392 INFO [main][PostProcessorRegistrationDelegate.java:330] - Bean 'org.springframework.boot.autoconfigure.jackson.JacksonAutoConfiguration$JacksonObjectMapperBuilderConfiguration' of type [org.springframework.boot.autoconfigure.jackson.JacksonAutoConfiguration$JacksonObjectMapperBuilderConfiguration$$EnhancerBySpringCGLIB$$fe714564] is not eligible for getting processed by all BeanPostProcessors (for example: not eligible for auto-proxying)
[ConsumerService][53050] 2022-07-11 21:04:07,422 INFO [main][PostProcessorRegistrationDelegate.java:330] - Bean 'org.springframework.boot.autoconfigure.jackson.JacksonAutoConfiguration$Jackson2ObjectMapperBuilderCustomizerConfiguration' of type [org.springframework.boot.autoconfigure.jackson.JacksonAutoConfiguration$Jackson2ObjectMapperBuilderCustomizerConfiguration$$EnhancerBySpringCGLIB$$b9882b53] is not eligible for getting processed by all BeanPostProcessors (for example: not eligible for auto-proxying)
[ConsumerService][53050] 2022-07-11 21:04:07,441 INFO [main][PostProcessorRegistrationDelegate.java:330] - Bean 'spring.jackson-org.springframework.boot.autoconfigure.jackson.JacksonProperties' of type [org.springframework.boot.autoconfigure.jackson.JacksonProperties] is not eligible for getting processed by all BeanPostProcessors (for example: not eligible for auto-proxying)
[ConsumerService][53050] 2022-07-11 21:04:07,451 INFO [main][PostProcessorRegistrationDelegate.java:330] - Bean 'standardJacksonObjectMapperBuilderCustomizer' of type [org.springframework.boot.autoconfigure.jackson.JacksonAutoConfiguration$Jackson2ObjectMapperBuilderCustomizerConfiguration$StandardJackson2ObjectMapperBuilderCustomizer] is not eligible for getting processed by all BeanPostProcessors (for example: not eligible for auto-proxying)
[ConsumerService][53050] 2022-07-11 21:04:07,474 INFO [main][PostProcessorRegistrationDelegate.java:330] - Bean 'org.springframework.boot.autoconfigure.jackson.JacksonAutoConfiguration$ParameterNamesModuleConfiguration' of type [org.springframework.boot.autoconfigure.jackson.JacksonAutoConfiguration$ParameterNamesModuleConfiguration$$EnhancerBySpringCGLIB$$e053a281] is not eligible for getting processed by all BeanPostProcessors (for example: not eligible for auto-proxying)
[ConsumerService][53050] 2022-07-11 21:04:07,514 INFO [main][PostProcessorRegistrationDelegate.java:330] - Bean 'parameterNamesModule' of type [com.fasterxml.jackson.module.paramnames.ParameterNamesModule] is not eligible for getting processed by all BeanPostProcessors (for example: not eligible for auto-proxying)
[ConsumerService][53050] 2022-07-11 21:04:07,517 INFO [main][PostProcessorRegistrationDelegate.java:330] - Bean 'org.springframework.boot.autoconfigure.jackson.JacksonAutoConfiguration' of type [org.springframework.boot.autoconfigure.jackson.JacksonAutoConfiguration$$EnhancerBySpringCGLIB$$2e3020da] is not eligible for getting processed by all BeanPostProcessors (for example: not eligible for auto-proxying)
[ConsumerService][53050] 2022-07-11 21:04:07,733 INFO [main][PostProcessorRegistrationDelegate.java:330] - Bean 'jsonComponentModule' of type [org.springframework.boot.jackson.JsonComponentModule] is not eligible for getting processed by all BeanPostProcessors (for example: not eligible for auto-proxying)
[ConsumerService][53050] 2022-07-11 21:04:07,736 INFO [main][PostProcessorRegistrationDelegate.java:330] - Bean 'org.springframework.data.web.config.SpringDataJacksonConfiguration' of type [org.springframework.data.web.config.SpringDataJacksonConfiguration] is not eligible for getting processed by all BeanPostProcessors (for example: not eligible for auto-proxying)
[ConsumerService][53050] 2022-07-11 21:04:07,755 INFO [main][PostProcessorRegistrationDelegate.java:330] - Bean 'jacksonGeoModule' of type [org.springframework.data.geo.GeoModule] is not eligible for getting processed by all BeanPostProcessors (for example: not eligible for auto-proxying)
[ConsumerService][53050] 2022-07-11 21:04:07,758 INFO [main][PostProcessorRegistrationDelegate.java:330] - Bean 'org.springframework.data.mongodb.config.GeoJsonConfiguration' of type [org.springframework.data.mongodb.config.GeoJsonConfiguration] is not eligible for getting processed by all BeanPostProcessors (for example: not eligible for auto-proxying)
[ConsumerService][53050] 2022-07-11 21:04:07,799 INFO [main][PostProcessorRegistrationDelegate.java:330] - Bean 'geoJsonModule' of type [org.springframework.data.mongodb.core.geo.GeoJsonModule] is not eligible for getting processed by all BeanPostProcessors (for example: not eligible for auto-proxying)
[ConsumerService][53050] 2022-07-11 21:04:07,815 INFO [main][PostProcessorRegistrationDelegate.java:330] - Bean 'jacksonObjectMapperBuilder' of type [org.springframework.http.converter.json.Jackson2ObjectMapperBuilder] is not eligible for getting processed by all BeanPostProcessors (for example: not eligible for auto-proxying)
[ConsumerService][53050] 2022-07-11 21:04:07,912 INFO [main][PostProcessorRegistrationDelegate.java:330] - Bean 'jacksonObjectMapper' of type [com.fasterxml.jackson.databind.ObjectMapper] is not eligible for getting processed by all BeanPostProcessors (for example: not eligible for auto-proxying)
[ConsumerService][53050] 2022-07-11 21:04:26,474 INFO [main][PostProcessorRegistrationDelegate.java:330] - Bean 'rocketMQTemplate' of type [org.apache.rocketmq.spring.core.RocketMQTemplate] is not eligible for getting processed by all BeanPostProcessors (for example: not eligible for auto-proxying)
[ConsumerService][53050] 2022-07-11 21:04:26,481 INFO [main][PostProcessorRegistrationDelegate.java:330] - Bean 'transactionHandlerRegistry' of type [org.apache.rocketmq.spring.config.TransactionHandlerRegistry] is not eligible for getting processed by all BeanPostProcessors (for example: not eligible for auto-proxying)
[ConsumerService][53050] 2022-07-11 21:04:26,759 INFO [main][PostProcessorRegistrationDelegate.java:330] - Bean 'org.springframework.transaction.annotation.ProxyTransactionManagementConfiguration' of type [org.springframework.transaction.annotation.ProxyTransactionManagementConfiguration$$EnhancerBySpringCGLIB$$f09103ba] is not eligible for getting processed by all BeanPostProcessors (for example: not eligible for auto-proxying)
[ConsumerService][53050] 2022-07-11 21:04:28,551 INFO [main][PostProcessorRegistrationDelegate.java:330] - Bean 'spring.datasource.druid-com.alibaba.druid.spring.boot.autoconfigure.properties.DruidStatProperties' of type [com.alibaba.druid.spring.boot.autoconfigure.properties.DruidStatProperties] is not eligible for getting processed by all BeanPostProcessors (for example: not eligible for auto-proxying)
[ConsumerService][53050] 2022-07-11 21:04:28,734 INFO [main][PostProcessorRegistrationDelegate.java:330] - Bean 'advisor' of type [org.springframework.aop.support.RegexpMethodPointcutAdvisor] is not eligible for getting processed by all BeanPostProcessors (for example: not eligible for auto-proxying)
[ConsumerService][53050] 2022-07-11 21:04:28,796 INFO [main][PostProcessorRegistrationDelegate.java:330] - Bean 'org.springframework.cloud.autoconfigure.ConfigurationPropertiesRebinderAutoConfiguration' of type [org.springframework.cloud.autoconfigure.ConfigurationPropertiesRebinderAutoConfiguration$$EnhancerBySpringCGLIB$$cab06b7] is not eligible for getting processed by all BeanPostProcessors (for example: not eligible for auto-proxying)
[ConsumerService][53050] 2022-07-11 21:04:33,058 INFO [main][TomcatWebServer.java:90] - Tomcat initialized with port(s): 53050 (http)
[ConsumerService][53050] 2022-07-11 21:04:33,170 INFO [main][DirectJDKLog.java:173] - Initializing ProtocolHandler ["http-nio-53050"]
[ConsumerService][53050] 2022-07-11 21:04:33,220 INFO [main][DirectJDKLog.java:173] - Starting service [Tomcat]
[ConsumerService][53050] 2022-07-11 21:04:33,224 INFO [main][DirectJDKLog.java:173] - Starting Servlet engine: [Apache Tomcat/9.0.16]
[ConsumerService][53050] 2022-07-11 21:04:33,280 INFO [main][DirectJDKLog.java:173] - The APR based Apache Tomcat Native library which allows optimal performance in production environments was not found on the java.library.path: [E:\jdk1.8.0_161\bin;C:\WINDOWS\Sun\Java\bin;C:\WINDOWS\system32;C:\WINDOWS;E:\Ruby26-x64\bin;C:\Program Files (x86)\Common Files\Oracle\Java\javapath;C:\Program Files\VanDyke Software\Clients\;E:\Anaconda;E:\Anaconda\Library\mingw-w64\bin;E:\Anaconda\Library\usr\bin;E:\Anaconda\Library\bin;E:\Anaconda\Scripts;C:\WINDOWS\system32;C:\WINDOWS;C:\WINDOWS\System32\Wbem;C:\WINDOWS\System32\WindowsPowerShell\v1.0\;C:\WINDOWS\System32\OpenSSH\;E:\mysql-5.7.20-winx64\bin;C:\Program Files\dotnet\;E:\nodejs\;C:\Users\Administrator\AppData\Roaming\npm;E:\nodejs\node_global\;C:\Program Files (x86)\Common Files\Thunder Network\KanKan\Codecs;E:\spark-2.1.1-hadoop2.7\bin;D:\Android\Sdk\platform-tools;E:\TortoiseSVN\bin;E:\TortoiseSVN\bin;E:\Subversion\bin;C:\Program Files\Docker\Docker\resources\bin;C:\ProgramData\DockerDesktop\version-bin;E:\CMake\bin;C:\mingw64\bin;E:\scala-2.12.15\bin;C:\Program Files (x86)\scala\bin;E:\spark\bin;E:\spark-2.1.1-hadoop2.7\bin;E:\NetSarang\Xshell 7\;E:\NetSarang\Xftp 7\;C:\Program Files\Git\cmd;E:\apache-maven-3.6.3\bin;E:\jdk1.8.0_161\bin;C:\Users\Administrator\AppData\Local\Microsoft\WindowsApps;E:\IntelliJ IDEA\bin;;C:\Users\Administrator\AppData\Roaming\npm;E:\nodejs\node_global\;C:\Users\Administrator\.dotnet\tools;C:\Users\Administrator\AppData\Local\GitHubDesktop\bin;E:\Microsoft VS Code\bin;.]
[ConsumerService][53050] 2022-07-11 21:04:35,112 INFO [main][DirectJDKLog.java:173] - Initializing Spring embedded WebApplicationContext
[ConsumerService][53050] 2022-07-11 21:04:35,112 INFO [main][ServletWebServerApplicationContext.java:296] - Root WebApplicationContext: initialization completed in 43413 ms
[ConsumerService][53050] 2022-07-11 21:04:36,518 WARN [main][URLConfigurationSource.java:121] - No URLs will be polled as dynamic configuration sources.
[ConsumerService][53050] 2022-07-11 21:04:36,521 INFO [main][URLConfigurationSource.java:122] - To enable URLs as dynamic configuration sources, define System property archaius.configurationSource.additionalUrls or make config.properties available on classpath.
[ConsumerService][53050] 2022-07-11 21:04:36,684 INFO [main][DynamicPropertyFactory.java:281] - DynamicPropertyFactory is initialized with configuration sources: com.netflix.config.ConcurrentCompositeConfiguration@66e1b2a
[ConsumerService][53050] 2022-07-11 21:04:37,928 INFO [main][DruidDataSourceAutoConfigure.java:56] - Init DruidDataSource
[ConsumerService][53050] 2022-07-11 21:04:40,317 INFO [main][DruidDataSource.java:1002] - {dataSource-1} inited
[ConsumerService][53050] 2022-07-11 21:04:49,883 INFO [main][AutowiredAnnotationBeanPostProcessor.java:342] - Inconsistent constructor declaration on bean with name 'hmilyAutoConfiguration': single autowire-marked constructor flagged as optional - this constructor is effectively required since there is no default constructor to fall back to: public org.dromara.hmily.spring.boot.starter.parent.configuration.HmilyAutoConfiguration$$EnhancerBySpringCGLIB$$1d2c4246(org.dromara.hmily.spring.boot.starter.parent.config.HmilyConfigProperties)
[ConsumerService][53050] 2022-07-11 21:04:50,680 INFO [main][EndpointLinksResolver.java:59] - Exposing 2 endpoint(s) beneath base path '/actuator'
[ConsumerService][53050] 2022-07-11 21:04:51,098 INFO [main][HikariDataSource.java:110] - HikariPool-1 - Starting...
[ConsumerService][53050] 2022-07-11 21:04:51,113 WARN [main][DriverDataSource.java:68] - Registered driver with driverClassName=com.mysql.jdbc.Driver was not found, trying direct instantiation.
[ConsumerService][53050] 2022-07-11 21:04:51,153 INFO [main][HikariDataSource.java:123] - HikariPool-1 - Start completed.
[ConsumerService][53050] 2022-07-11 21:04:51,227 INFO [main][HmilyLogo.java:49] - 


    __  __          _ __     
   / / / /___ ___  (_) /_  __
  / /_/ / __ `__ \/ / / / / /
 / __  / / / / / / / / /_/ / 
/_/ /_/_/ /_/ /_/_/_/\__, /  
                    /____/   

 :: Hmily :: (v2.0.0-RELEASE)

[ConsumerService][53050] 2022-07-11 21:04:51,282 INFO [main][PropertySourcedRequestMappingHandlerMapping.java:69] - Mapped URL path [/v2/api-docs] onto method [public org.springframework.http.ResponseEntity<springfox.documentation.spring.web.json.Json> springfox.documentation.swagger2.web.Swagger2Controller.getDocumentation(java.lang.String,javax.servlet.http.HttpServletRequest)]
[ConsumerService][53050] 2022-07-11 21:04:51,331 WARN [main][URLConfigurationSource.java:121] - No URLs will be polled as dynamic configuration sources.
[ConsumerService][53050] 2022-07-11 21:04:51,331 INFO [main][URLConfigurationSource.java:122] - To enable URLs as dynamic configuration sources, define System property archaius.configurationSource.additionalUrls or make config.properties available on classpath.
[ConsumerService][53050] 2022-07-11 21:04:52,114 INFO [main][ExecutorConfigurationSupport.java:171] - Initializing ExecutorService 'applicationTaskExecutor'
[ConsumerService][53050] 2022-07-11 21:05:02,640 WARN [main][EurekaStarterDeprecationWarningAutoConfiguration.java:19] - spring-cloud-starter-eureka is deprecated as of Spring Cloud Netflix 1.4.0, please migrate to spring-cloud-starter-netflix-eureka
[ConsumerService][53050] 2022-07-11 21:05:09,651 INFO [main][DefaultRocketMQListenerContainer.java:243] - running container: DefaultRocketMQListenerContainer{consumerGroup='CID_P2P_GATEWAY_NOTIFY', nameServer='127.0.0.1:9876', topic='TP_GATEWAY_NOTIFY_AGENT', consumeMode=CONCURRENTLY, selectorType=TAG, selectorExpression='PERSONAL_REGISTER', messageModel=CLUSTERING}
[ConsumerService][53050] 2022-07-11 21:05:09,652 INFO [main][ListenerContainerConfiguration.java:107] - Register the listener to container, listenerBeanName:gatewayNotifyListener, containerBeanName:org.apache.rocketmq.spring.support.DefaultRocketMQListenerContainer_1
[ConsumerService][53050] 2022-07-11 21:05:09,959 INFO [main][InstanceInfoFactory.java:71] - Setting initial instance status as: STARTING
[ConsumerService][53050] 2022-07-11 21:05:10,117 INFO [main][DiscoveryClient.java:349] - Initializing Eureka in region us-east-1
[ConsumerService][53050] 2022-07-11 21:05:13,210 INFO [main][DiscoveryJerseyProvider.java:70] - Using JSON encoding codec LegacyJacksonJson
[ConsumerService][53050] 2022-07-11 21:05:13,211 INFO [main][DiscoveryJerseyProvider.java:71] - Using JSON decoding codec LegacyJacksonJson
[ConsumerService][53050] 2022-07-11 21:05:13,759 INFO [main][DiscoveryJerseyProvider.java:80] - Using XML encoding codec XStreamXml
[ConsumerService][53050] 2022-07-11 21:05:13,760 INFO [main][DiscoveryJerseyProvider.java:81] - Using XML decoding codec XStreamXml
[ConsumerService][53050] 2022-07-11 21:05:14,779 INFO [main][ConfigClusterResolver.java:43] - Resolving eureka endpoints via configuration
[ConsumerService][53050] 2022-07-11 21:05:17,517 INFO [main][DiscoveryClient.java:958] - Disable delta property : false
[ConsumerService][53050] 2022-07-11 21:05:17,518 INFO [main][DiscoveryClient.java:959] - Single vip registry refresh property : null
[ConsumerService][53050] 2022-07-11 21:05:17,519 INFO [main][DiscoveryClient.java:960] - Force full registry fetch : false
[ConsumerService][53050] 2022-07-11 21:05:17,520 INFO [main][DiscoveryClient.java:961] - Application is null : false
[ConsumerService][53050] 2022-07-11 21:05:17,521 INFO [main][DiscoveryClient.java:962] - Registered Applications size is zero : true
[ConsumerService][53050] 2022-07-11 21:05:17,522 INFO [main][DiscoveryClient.java:964] - Application version is -1: true
[ConsumerService][53050] 2022-07-11 21:05:17,523 INFO [main][DiscoveryClient.java:1047] - Getting all instance registry info from the eureka server
[ConsumerService][53050] 2022-07-11 21:05:18,281 INFO [main][DiscoveryClient.java:1056] - The response status is 200
[ConsumerService][53050] 2022-07-11 21:05:18,293 INFO [main][DiscoveryClient.java:1270] - Starting heartbeat executor: renew interval is: 30
[ConsumerService][53050] 2022-07-11 21:05:18,307 INFO [main][InstanceInfoReplicator.java:60] - InstanceInfoReplicator onDemand update allowed rate per min is 4
[ConsumerService][53050] 2022-07-11 21:05:18,320 INFO [main][DiscoveryClient.java:449] - Discovery Client initialized at timestamp 1657544718316 with initial instances count: 1
[ConsumerService][53050] 2022-07-11 21:05:18,335 INFO [main][EurekaServiceRegistry.java:42] - Registering application CONSUMER-SERVICE with eureka with status UP
[ConsumerService][53050] 2022-07-11 21:05:18,339 INFO [main][DiscoveryClient.java:1305] - Saw local status change event StatusChangeEvent [timestamp=1657544718339, current=UP, previous=STARTING]
[ConsumerService][53050] 2022-07-11 21:05:18,345 INFO [main][DocumentationPluginsBootstrapper.java:160] - Context refreshed
[ConsumerService][53050] 2022-07-11 21:05:18,348 INFO [DiscoveryClient-InstanceInfoReplicator-0][DiscoveryClient.java:826] - DiscoveryClient_CONSUMER-SERVICE/consumer-service:127.0.0.1:53050: registering service...
[ConsumerService][53050] 2022-07-11 21:05:18,405 INFO [main][DocumentationPluginsBootstrapper.java:163] - Found 1 custom documentation plugin(s)
[ConsumerService][53050] 2022-07-11 21:05:18,513 INFO [DiscoveryClient-InstanceInfoReplicator-0][DiscoveryClient.java:835] - DiscoveryClient_CONSUMER-SERVICE/consumer-service:127.0.0.1:53050 - registration status: 204
[ConsumerService][53050] 2022-07-11 21:05:18,582 INFO [main][ApiListingReferenceScanner.java:41] - Scanning for api listing references
[ConsumerService][53050] 2022-07-11 21:05:19,166 INFO [main][CachingOperationNameGenerator.java:40] - Generating unique operation named: handleUsingGET_1
[ConsumerService][53050] 2022-07-11 21:05:19,169 INFO [main][CachingOperationNameGenerator.java:40] - Generating unique operation named: handleUsingGET_2
[ConsumerService][53050] 2022-07-11 21:05:19,173 INFO [main][CachingOperationNameGenerator.java:40] - Generating unique operation named: handleUsingGET_3
[ConsumerService][53050] 2022-07-11 21:05:19,237 INFO [main][DirectJDKLog.java:173] - Starting ProtocolHandler ["http-nio-53050"]
[ConsumerService][53050] 2022-07-11 21:05:19,291 INFO [main][TomcatWebServer.java:204] - Tomcat started on port(s): 53050 (http) with context path '/consumer'
[ConsumerService][53050] 2022-07-11 21:05:19,294 INFO [main][EurekaAutoServiceRegistration.java:141] - Updating port to 53050
[ConsumerService][53050] 2022-07-11 21:05:19,302 INFO [main][StartupInfoLogger.java:59] - Started ConsumerService in 106.773 seconds (JVM running for 113.347)
[ConsumerService][53050] 2022-07-11 21:05:19,913 INFO [RMI TCP Connection(8)-172.26.144.1][DirectJDKLog.java:173] - Initializing Spring DispatcherServlet 'dispatcherServlet'
[ConsumerService][53050] 2022-07-11 21:05:19,914 INFO [RMI TCP Connection(8)-172.26.144.1][FrameworkServlet.java:524] - Initializing Servlet 'dispatcherServlet'
[ConsumerService][53050] 2022-07-11 21:05:19,955 INFO [RMI TCP Connection(8)-172.26.144.1][FrameworkServlet.java:546] - Completed initialization in 40 ms
[ConsumerService][53050] 2022-07-11 21:05:21,235 INFO [hmilyTransaction-tccRollBackService-1][LogUtil.java:87] - rollback execute delayTime:60
[ConsumerService][53050] 2022-07-11 21:06:21,330 INFO [hmilyTransaction-tccRollBackService-1][LogUtil.java:87] - rollback execute delayTime:60
[ConsumerService][53050] 2022-07-11 21:07:21,336 INFO [hmilyTransaction-tccRollBackService-1][LogUtil.java:87] - rollback execute delayTime:60
[ConsumerService][53050] 2022-07-11 21:08:21,345 INFO [hmilyTransaction-tccRollBackService-1][LogUtil.java:87] - rollback execute delayTime:60
[ConsumerService][53050] 2022-07-11 21:09:21,358 INFO [hmilyTransaction-tccRollBackService-1][LogUtil.java:87] - rollback execute delayTime:60
[ConsumerService][53050] 2022-07-11 21:10:17,541 INFO [AsyncResolver-bootstrap-executor-0][ConfigClusterResolver.java:43] - Resolving eureka endpoints via configuration
[ConsumerService][53050] 2022-07-11 21:10:21,365 INFO [hmilyTransaction-tccRollBackService-1][LogUtil.java:87] - rollback execute delayTime:60
[ConsumerService][53050] 2022-07-11 21:11:21,379 INFO [hmilyTransaction-tccRollBackService-1][LogUtil.java:87] - rollback execute delayTime:60
[ConsumerService][53050] 2022-07-11 21:12:21,396 INFO [hmilyTransaction-tccRollBackService-1][LogUtil.java:87] - rollback execute delayTime:60
[ConsumerService][53050] 2022-07-11 21:13:21,408 INFO [hmilyTransaction-tccRollBackService-1][LogUtil.java:87] - rollback execute delayTime:60
[ConsumerService][53050] 2022-07-11 21:14:21,410 INFO [hmilyTransaction-tccRollBackService-1][LogUtil.java:87] - rollback execute delayTime:60
[ConsumerService][53050] 2022-07-11 21:15:17,552 INFO [AsyncResolver-bootstrap-executor-0][ConfigClusterResolver.java:43] - Resolving eureka endpoints via configuration
[ConsumerService][53050] 2022-07-11 21:15:21,417 INFO [hmilyTransaction-tccRollBackService-1][LogUtil.java:87] - rollback execute delayTime:60
[ConsumerService][53050] 2022-07-11 21:16:21,433 INFO [hmilyTransaction-tccRollBackService-1][LogUtil.java:87] - rollback execute delayTime:60
[ConsumerService][53050] 2022-07-11 21:17:21,450 INFO [hmilyTransaction-tccRollBackService-1][LogUtil.java:87] - rollback execute delayTime:60
[ConsumerService][53050] 2022-07-11 21:18:21,459 INFO [hmilyTransaction-tccRollBackService-1][LogUtil.java:87] - rollback execute delayTime:60
[ConsumerService][53050] 2022-07-11 21:19:21,463 INFO [hmilyTransaction-tccRollBackService-1][LogUtil.java:87] - rollback execute delayTime:60
[ConsumerService][53050] 2022-07-11 21:20:17,560 INFO [AsyncResolver-bootstrap-executor-0][ConfigClusterResolver.java:43] - Resolving eureka endpoints via configuration
[ConsumerService][53050] 2022-07-11 21:20:21,467 INFO [hmilyTransaction-tccRollBackService-1][LogUtil.java:87] - rollback execute delayTime:60
[ConsumerService][53050] 2022-07-11 21:21:21,472 INFO [hmilyTransaction-tccRollBackService-1][LogUtil.java:87] - rollback execute delayTime:60
[ConsumerService][53050] 2022-07-11 21:22:21,475 INFO [hmilyTransaction-tccRollBackService-1][LogUtil.java:87] - rollback execute delayTime:60
[ConsumerService][53050] 2022-07-11 21:23:21,485 INFO [hmilyTransaction-tccRollBackService-1][LogUtil.java:87] - rollback execute delayTime:60
[ConsumerService][53050] 2022-07-11 21:24:21,501 INFO [hmilyTransaction-tccRollBackService-1][LogUtil.java:87] - rollback execute delayTime:60
[ConsumerService][53050] 2022-07-11 21:25:17,572 INFO [AsyncResolver-bootstrap-executor-0][ConfigClusterResolver.java:43] - Resolving eureka endpoints via configuration
[ConsumerService][53050] 2022-07-11 21:25:21,503 INFO [hmilyTransaction-tccRollBackService-1][LogUtil.java:87] - rollback execute delayTime:60
[ConsumerService][53050] 2022-07-11 21:26:21,508 INFO [hmilyTransaction-tccRollBackService-1][LogUtil.java:87] - rollback execute delayTime:60
[ConsumerService][53050] 2022-07-11 21:27:21,510 INFO [hmilyTransaction-tccRollBackService-1][LogUtil.java:87] - rollback execute delayTime:60
[ConsumerService][53050] 2022-07-11 21:28:21,518 INFO [hmilyTransaction-tccRollBackService-1][LogUtil.java:87] - rollback execute delayTime:60
[ConsumerService][53050] 2022-07-11 21:29:21,535 INFO [hmilyTransaction-tccRollBackService-1][LogUtil.java:87] - rollback execute delayTime:60
[ConsumerService][53050] 2022-07-11 21:30:17,583 INFO [AsyncResolver-bootstrap-executor-0][ConfigClusterResolver.java:43] - Resolving eureka endpoints via configuration
[ConsumerService][53050] 2022-07-11 21:30:21,549 INFO [hmilyTransaction-tccRollBackService-1][LogUtil.java:87] - rollback execute delayTime:60
[ConsumerService][53050] 2022-07-11 21:31:21,566 INFO [hmilyTransaction-tccRollBackService-1][LogUtil.java:87] - rollback execute delayTime:60
[ConsumerService][53050] 2022-07-11 21:32:21,569 INFO [hmilyTransaction-tccRollBackService-1][LogUtil.java:87] - rollback execute delayTime:60
[ConsumerService][53050] 2022-07-11 21:33:21,580 INFO [hmilyTransaction-tccRollBackService-1][LogUtil.java:87] - rollback execute delayTime:60
[ConsumerService][53050] 2022-07-11 21:34:21,591 INFO [hmilyTransaction-tccRollBackService-1][LogUtil.java:87] - rollback execute delayTime:60
[ConsumerService][53050] 2022-07-11 21:35:17,593 INFO [AsyncResolver-bootstrap-executor-0][ConfigClusterResolver.java:43] - Resolving eureka endpoints via configuration
[ConsumerService][53050] 2022-07-11 21:35:21,597 INFO [hmilyTransaction-tccRollBackService-1][LogUtil.java:87] - rollback execute delayTime:60
[ConsumerService][53050] 2022-07-11 21:36:21,603 INFO [hmilyTransaction-tccRollBackService-1][LogUtil.java:87] - rollback execute delayTime:60
[ConsumerService][53050] 2022-07-11 21:37:21,619 INFO [hmilyTransaction-tccRollBackService-1][LogUtil.java:87] - rollback execute delayTime:60
[ConsumerService][53050] 2022-07-11 21:38:21,625 INFO [hmilyTransaction-tccRollBackService-1][LogUtil.java:87] - rollback execute delayTime:60
[ConsumerService][53050] 2022-07-11 21:39:21,640 INFO [hmilyTransaction-tccRollBackService-1][LogUtil.java:87] - rollback execute delayTime:60
[ConsumerService][53050] 2022-07-11 21:40:17,603 INFO [AsyncResolver-bootstrap-executor-0][ConfigClusterResolver.java:43] - Resolving eureka endpoints via configuration
[ConsumerService][53050] 2022-07-11 21:40:21,642 INFO [hmilyTransaction-tccRollBackService-1][LogUtil.java:87] - rollback execute delayTime:60
[ConsumerService][53050] 2022-07-11 21:41:21,653 INFO [hmilyTransaction-tccRollBackService-1][LogUtil.java:87] - rollback execute delayTime:60
[ConsumerService][53050] 2022-07-11 21:42:21,662 INFO [hmilyTransaction-tccRollBackService-1][LogUtil.java:87] - rollback execute delayTime:60
[ConsumerService][53050] 2022-07-11 21:43:21,669 INFO [hmilyTransaction-tccRollBackService-1][LogUtil.java:87] - rollback execute delayTime:60
[ConsumerService][53050] 2022-07-11 21:44:21,673 INFO [hmilyTransaction-tccRollBackService-1][LogUtil.java:87] - rollback execute delayTime:60
[ConsumerService][53050] 2022-07-11 21:45:17,609 INFO [AsyncResolver-bootstrap-executor-0][ConfigClusterResolver.java:43] - Resolving eureka endpoints via configuration
[ConsumerService][53050] 2022-07-11 21:45:21,689 INFO [hmilyTransaction-tccRollBackService-1][LogUtil.java:87] - rollback execute delayTime:60
[ConsumerService][53050] 2022-07-11 21:46:21,701 INFO [hmilyTransaction-tccRollBackService-1][LogUtil.java:87] - rollback execute delayTime:60
[ConsumerService][53050] 2022-07-11 21:47:21,717 INFO [hmilyTransaction-tccRollBackService-1][LogUtil.java:87] - rollback execute delayTime:60
[ConsumerService][53050] 2022-07-11 21:48:21,732 INFO [hmilyTransaction-tccRollBackService-1][LogUtil.java:87] - rollback execute delayTime:60
[ConsumerService][53050] 2022-07-11 21:49:21,735 INFO [hmilyTransaction-tccRollBackService-1][LogUtil.java:87] - rollback execute delayTime:60
[ConsumerService][53050] 2022-07-11 21:50:17,626 INFO [AsyncResolver-bootstrap-executor-0][ConfigClusterResolver.java:43] - Resolving eureka endpoints via configuration
[ConsumerService][53050] 2022-07-11 21:50:21,747 INFO [hmilyTransaction-tccRollBackService-1][LogUtil.java:87] - rollback execute delayTime:60
[ConsumerService][53050] 2022-07-11 21:51:21,761 INFO [hmilyTransaction-tccRollBackService-1][LogUtil.java:87] - rollback execute delayTime:60
[ConsumerService][53050] 2022-07-11 21:52:21,777 INFO [hmilyTransaction-tccRollBackService-1][LogUtil.java:87] - rollback execute delayTime:60
[ConsumerService][53050] 2022-07-11 21:53:21,784 INFO [hmilyTransaction-tccRollBackService-1][LogUtil.java:87] - rollback execute delayTime:60
[ConsumerService][53050] 2022-07-11 21:54:21,798 INFO [hmilyTransaction-tccRollBackService-1][LogUtil.java:87] - rollback execute delayTime:60
[ConsumerService][53050] 2022-07-11 21:55:17,641 INFO [AsyncResolver-bootstrap-executor-0][ConfigClusterResolver.java:43] - Resolving eureka endpoints via configuration
[ConsumerService][53050] 2022-07-11 21:55:21,811 INFO [hmilyTransaction-tccRollBackService-1][LogUtil.java:87] - rollback execute delayTime:60
[ConsumerService][53050] 2022-07-11 21:56:21,823 INFO [hmilyTransaction-tccRollBackService-1][LogUtil.java:87] - rollback execute delayTime:60
[ConsumerService][53050] 2022-07-11 21:57:21,838 INFO [hmilyTransaction-tccRollBackService-1][LogUtil.java:87] - rollback execute delayTime:60
[ConsumerService][53050] 2022-07-11 21:58:21,853 INFO [hmilyTransaction-tccRollBackService-1][LogUtil.java:87] - rollback execute delayTime:60
[ConsumerService][53050] 2022-07-11 21:59:21,870 INFO [hmilyTransaction-tccRollBackService-1][LogUtil.java:87] - rollback execute delayTime:60
