[${project.name}][${env:SERVER_PORT}] 2022-06-12 19:19:45,620 INFO [main][DefaultApplicationProvider.java:85] - App ID is set to consumer-service by app.id property from System Property
[${project.name}][${env:SERVER_PORT}] 2022-06-12 19:19:45,636 INFO [main][DefaultServerProvider.java:108] - Environment is set to [dev] by JVM system property 'env'.
[${project.name}][${env:SERVER_PORT}] 2022-06-12 19:19:45,746 WARN [main][DefaultMetaServerProvider.java:39] - Could not find meta server address, because it is not available in neither (1) JVM system property 'apollo.meta', (2) OS env variable 'APOLLO_META' (3) property 'apollo.meta' from server.properties nor (4) property 'apollo.meta' from app.properties
[${project.name}][${env:SERVER_PORT}] 2022-06-12 19:19:45,759 INFO [main][MetaDomainConsts.java:93] - Located meta server address http://localhost:8080 for env DEV from com.ctrip.framework.apollo.core.internals.LegacyMetaServerProvider
[${project.name}][${env:SERVER_PORT}] 2022-06-12 19:19:47,550 INFO [main][SpringApplication.java:675] - No active profile set, falling back to default profiles: default
[${project.name}][${env:SERVER_PORT}] 2022-06-12 19:19:49,879 INFO [main][RepositoryConfigurationDelegate.java:244] - Multiple Spring Data modules found, entering strict repository configuration mode!
[${project.name}][${env:SERVER_PORT}] 2022-06-12 19:19:49,882 INFO [main][RepositoryConfigurationDelegate.java:126] - Bootstrapping Spring Data repositories in DEFAULT mode.
[${project.name}][${env:SERVER_PORT}] 2022-06-12 19:19:49,918 INFO [main][RepositoryConfigurationDelegate.java:182] - Finished Spring Data repository scanning in 25ms. Found 0 repository interfaces.
[${project.name}][${env:SERVER_PORT}] 2022-06-12 19:19:49,935 INFO [main][RepositoryConfigurationDelegate.java:244] - Multiple Spring Data modules found, entering strict repository configuration mode!
[${project.name}][${env:SERVER_PORT}] 2022-06-12 19:19:49,937 INFO [main][RepositoryConfigurationDelegate.java:126] - Bootstrapping Spring Data repositories in DEFAULT mode.
[${project.name}][${env:SERVER_PORT}] 2022-06-12 19:19:49,960 INFO [main][RepositoryConfigurationDelegate.java:182] - Finished Spring Data repository scanning in 7ms. Found 0 repository interfaces.
[${project.name}][${env:SERVER_PORT}] 2022-06-12 19:19:50,171 WARN [main][EndpointId.java:135] - Endpoint ID 'service-registry' contains invalid characters, please migrate to a valid format.
[${project.name}][${env:SERVER_PORT}] 2022-06-12 19:19:50,603 INFO [main][GenericScope.java:294] - BeanFactory id=c2766dcc-5713-350a-a953-d1c3cd6ecc0c
[${project.name}][${env:SERVER_PORT}] 2022-06-12 19:19:50,723 INFO [main][PostProcessorRegistrationDelegate.java:330] - Bean 'com.liu.wanxinp2p.consumer.agent.AccountServiceAgent' of type [org.springframework.cloud.openfeign.FeignClientFactoryBean] is not eligible for getting processed by all BeanPostProcessors (for example: not eligible for auto-proxying)
[${project.name}][${env:SERVER_PORT}] 2022-06-12 19:19:50,748 INFO [main][PostProcessorRegistrationDelegate.java:330] - Bean 'com.alibaba.druid.spring.boot.autoconfigure.stat.DruidSpringAopConfiguration' of type [com.alibaba.druid.spring.boot.autoconfigure.stat.DruidSpringAopConfiguration] is not eligible for getting processed by all BeanPostProcessors (for example: not eligible for auto-proxying)
[${project.name}][${env:SERVER_PORT}] 2022-06-12 19:19:50,758 INFO [main][PostProcessorRegistrationDelegate.java:330] - Bean 'org.apache.rocketmq.spring.autoconfigure.RocketMQAutoConfiguration' of type [org.apache.rocketmq.spring.autoconfigure.RocketMQAutoConfiguration$$EnhancerBySpringCGLIB$$eed302c5] is not eligible for getting processed by all BeanPostProcessors (for example: not eligible for auto-proxying)
[${project.name}][${env:SERVER_PORT}] 2022-06-12 19:19:50,774 INFO [main][PostProcessorRegistrationDelegate.java:330] - Bean 'rocketmq-org.apache.rocketmq.spring.autoconfigure.RocketMQProperties' of type [org.apache.rocketmq.spring.autoconfigure.RocketMQProperties] is not eligible for getting processed by all BeanPostProcessors (for example: not eligible for auto-proxying)
[${project.name}][${env:SERVER_PORT}] 2022-06-12 19:19:52,361 INFO [main][PostProcessorRegistrationDelegate.java:330] - Bean 'defaultMQProducer' of type [org.apache.rocketmq.client.producer.DefaultMQProducer] is not eligible for getting processed by all BeanPostProcessors (for example: not eligible for auto-proxying)
[${project.name}][${env:SERVER_PORT}] 2022-06-12 19:19:52,366 INFO [main][PostProcessorRegistrationDelegate.java:330] - Bean 'org.springframework.boot.autoconfigure.jackson.JacksonAutoConfiguration$JacksonObjectMapperConfiguration' of type [org.springframework.boot.autoconfigure.jackson.JacksonAutoConfiguration$JacksonObjectMapperConfiguration$$EnhancerBySpringCGLIB$$21d0735a] is not eligible for getting processed by all BeanPostProcessors (for example: not eligible for auto-proxying)
[${project.name}][${env:SERVER_PORT}] 2022-06-12 19:19:52,373 INFO [main][PostProcessorRegistrationDelegate.java:330] - Bean 'org.springframework.boot.autoconfigure.jackson.JacksonAutoConfiguration$JacksonObjectMapperBuilderConfiguration' of type [org.springframework.boot.autoconfigure.jackson.JacksonAutoConfiguration$JacksonObjectMapperBuilderConfiguration$$EnhancerBySpringCGLIB$$d41d3573] is not eligible for getting processed by all BeanPostProcessors (for example: not eligible for auto-proxying)
[${project.name}][${env:SERVER_PORT}] 2022-06-12 19:19:52,378 INFO [main][PostProcessorRegistrationDelegate.java:330] - Bean 'org.springframework.boot.autoconfigure.jackson.JacksonAutoConfiguration$Jackson2ObjectMapperBuilderCustomizerConfiguration' of type [org.springframework.boot.autoconfigure.jackson.JacksonAutoConfiguration$Jackson2ObjectMapperBuilderCustomizerConfiguration$$EnhancerBySpringCGLIB$$8f341b62] is not eligible for getting processed by all BeanPostProcessors (for example: not eligible for auto-proxying)
[${project.name}][${env:SERVER_PORT}] 2022-06-12 19:19:52,386 INFO [main][PostProcessorRegistrationDelegate.java:330] - Bean 'spring.jackson-org.springframework.boot.autoconfigure.jackson.JacksonProperties' of type [org.springframework.boot.autoconfigure.jackson.JacksonProperties] is not eligible for getting processed by all BeanPostProcessors (for example: not eligible for auto-proxying)
[${project.name}][${env:SERVER_PORT}] 2022-06-12 19:19:52,388 INFO [main][PostProcessorRegistrationDelegate.java:330] - Bean 'standardJacksonObjectMapperBuilderCustomizer' of type [org.springframework.boot.autoconfigure.jackson.JacksonAutoConfiguration$Jackson2ObjectMapperBuilderCustomizerConfiguration$StandardJackson2ObjectMapperBuilderCustomizer] is not eligible for getting processed by all BeanPostProcessors (for example: not eligible for auto-proxying)
[${project.name}][${env:SERVER_PORT}] 2022-06-12 19:19:52,398 INFO [main][PostProcessorRegistrationDelegate.java:330] - Bean 'org.springframework.boot.autoconfigure.jackson.JacksonAutoConfiguration$ParameterNamesModuleConfiguration' of type [org.springframework.boot.autoconfigure.jackson.JacksonAutoConfiguration$ParameterNamesModuleConfiguration$$EnhancerBySpringCGLIB$$b5ff9290] is not eligible for getting processed by all BeanPostProcessors (for example: not eligible for auto-proxying)
[${project.name}][${env:SERVER_PORT}] 2022-06-12 19:19:52,407 INFO [main][PostProcessorRegistrationDelegate.java:330] - Bean 'parameterNamesModule' of type [com.fasterxml.jackson.module.paramnames.ParameterNamesModule] is not eligible for getting processed by all BeanPostProcessors (for example: not eligible for auto-proxying)
[${project.name}][${env:SERVER_PORT}] 2022-06-12 19:19:52,408 INFO [main][PostProcessorRegistrationDelegate.java:330] - Bean 'org.springframework.boot.autoconfigure.jackson.JacksonAutoConfiguration' of type [org.springframework.boot.autoconfigure.jackson.JacksonAutoConfiguration$$EnhancerBySpringCGLIB$$3dc10e9] is not eligible for getting processed by all BeanPostProcessors (for example: not eligible for auto-proxying)
[${project.name}][${env:SERVER_PORT}] 2022-06-12 19:19:52,479 INFO [main][PostProcessorRegistrationDelegate.java:330] - Bean 'jsonComponentModule' of type [org.springframework.boot.jackson.JsonComponentModule] is not eligible for getting processed by all BeanPostProcessors (for example: not eligible for auto-proxying)
[${project.name}][${env:SERVER_PORT}] 2022-06-12 19:19:52,480 INFO [main][PostProcessorRegistrationDelegate.java:330] - Bean 'org.springframework.data.web.config.SpringDataJacksonConfiguration' of type [org.springframework.data.web.config.SpringDataJacksonConfiguration] is not eligible for getting processed by all BeanPostProcessors (for example: not eligible for auto-proxying)
[${project.name}][${env:SERVER_PORT}] 2022-06-12 19:19:52,487 INFO [main][PostProcessorRegistrationDelegate.java:330] - Bean 'jacksonGeoModule' of type [org.springframework.data.geo.GeoModule] is not eligible for getting processed by all BeanPostProcessors (for example: not eligible for auto-proxying)
[${project.name}][${env:SERVER_PORT}] 2022-06-12 19:19:52,488 INFO [main][PostProcessorRegistrationDelegate.java:330] - Bean 'org.springframework.data.mongodb.config.GeoJsonConfiguration' of type [org.springframework.data.mongodb.config.GeoJsonConfiguration] is not eligible for getting processed by all BeanPostProcessors (for example: not eligible for auto-proxying)
[${project.name}][${env:SERVER_PORT}] 2022-06-12 19:19:52,500 INFO [main][PostProcessorRegistrationDelegate.java:330] - Bean 'geoJsonModule' of type [org.springframework.data.mongodb.core.geo.GeoJsonModule] is not eligible for getting processed by all BeanPostProcessors (for example: not eligible for auto-proxying)
[${project.name}][${env:SERVER_PORT}] 2022-06-12 19:19:52,505 INFO [main][PostProcessorRegistrationDelegate.java:330] - Bean 'jacksonObjectMapperBuilder' of type [org.springframework.http.converter.json.Jackson2ObjectMapperBuilder] is not eligible for getting processed by all BeanPostProcessors (for example: not eligible for auto-proxying)
[${project.name}][${env:SERVER_PORT}] 2022-06-12 19:19:52,541 INFO [main][PostProcessorRegistrationDelegate.java:330] - Bean 'jacksonObjectMapper' of type [com.fasterxml.jackson.databind.ObjectMapper] is not eligible for getting processed by all BeanPostProcessors (for example: not eligible for auto-proxying)
[${project.name}][${env:SERVER_PORT}] 2022-06-12 19:19:58,508 INFO [main][PostProcessorRegistrationDelegate.java:330] - Bean 'rocketMQTemplate' of type [org.apache.rocketmq.spring.core.RocketMQTemplate] is not eligible for getting processed by all BeanPostProcessors (for example: not eligible for auto-proxying)
[${project.name}][${env:SERVER_PORT}] 2022-06-12 19:19:58,513 INFO [main][PostProcessorRegistrationDelegate.java:330] - Bean 'transactionHandlerRegistry' of type [org.apache.rocketmq.spring.config.TransactionHandlerRegistry] is not eligible for getting processed by all BeanPostProcessors (for example: not eligible for auto-proxying)
[${project.name}][${env:SERVER_PORT}] 2022-06-12 19:19:58,643 INFO [main][PostProcessorRegistrationDelegate.java:330] - Bean 'org.springframework.transaction.annotation.ProxyTransactionManagementConfiguration' of type [org.springframework.transaction.annotation.ProxyTransactionManagementConfiguration$$EnhancerBySpringCGLIB$$c63cf3c9] is not eligible for getting processed by all BeanPostProcessors (for example: not eligible for auto-proxying)
[${project.name}][${env:SERVER_PORT}] 2022-06-12 19:19:59,033 INFO [main][PostProcessorRegistrationDelegate.java:330] - Bean 'spring.datasource.druid-com.alibaba.druid.spring.boot.autoconfigure.properties.DruidStatProperties' of type [com.alibaba.druid.spring.boot.autoconfigure.properties.DruidStatProperties] is not eligible for getting processed by all BeanPostProcessors (for example: not eligible for auto-proxying)
[${project.name}][${env:SERVER_PORT}] 2022-06-12 19:19:59,055 INFO [main][PostProcessorRegistrationDelegate.java:330] - Bean 'advisor' of type [org.springframework.aop.support.RegexpMethodPointcutAdvisor] is not eligible for getting processed by all BeanPostProcessors (for example: not eligible for auto-proxying)
[${project.name}][${env:SERVER_PORT}] 2022-06-12 19:19:59,076 INFO [main][PostProcessorRegistrationDelegate.java:330] - Bean 'org.springframework.cloud.autoconfigure.ConfigurationPropertiesRebinderAutoConfiguration' of type [org.springframework.cloud.autoconfigure.ConfigurationPropertiesRebinderAutoConfiguration$$EnhancerBySpringCGLIB$$e256f6c6] is not eligible for getting processed by all BeanPostProcessors (for example: not eligible for auto-proxying)
[${project.name}][${env:SERVER_PORT}] 2022-06-12 19:19:59,709 INFO [main][TomcatWebServer.java:90] - Tomcat initialized with port(s): 53050 (http)
[${project.name}][${env:SERVER_PORT}] 2022-06-12 19:19:59,741 INFO [main][DirectJDKLog.java:173] - Initializing ProtocolHandler ["http-nio-53050"]
[${project.name}][${env:SERVER_PORT}] 2022-06-12 19:19:59,756 INFO [main][DirectJDKLog.java:173] - Starting service [Tomcat]
[${project.name}][${env:SERVER_PORT}] 2022-06-12 19:19:59,757 INFO [main][DirectJDKLog.java:173] - Starting Servlet engine: [Apache Tomcat/9.0.16]
[${project.name}][${env:SERVER_PORT}] 2022-06-12 19:19:59,769 INFO [main][DirectJDKLog.java:173] - The APR based Apache Tomcat Native library which allows optimal performance in production environments was not found on the java.library.path: [E:\jdk1.8.0_161\bin;C:\WINDOWS\Sun\Java\bin;C:\WINDOWS\system32;C:\WINDOWS;C:\Program Files (x86)\Common Files\Oracle\Java\javapath;C:\Program Files\VanDyke Software\Clients\;E:\Anaconda;E:\Anaconda\Library\mingw-w64\bin;E:\Anaconda\Library\usr\bin;E:\Anaconda\Library\bin;E:\Anaconda\Scripts;C:\WINDOWS\system32;C:\WINDOWS;C:\WINDOWS\System32\Wbem;C:\WINDOWS\System32\WindowsPowerShell\v1.0\;C:\WINDOWS\System32\OpenSSH\;E:\mysql-5.7.20-winx64\bin;C:\Program Files\dotnet\;E:\nodejs\;C:\Users\Administrator\AppData\Roaming\npm;E:\nodejs\node_global\;C:\Program Files (x86)\Common Files\Thunder Network\KanKan\Codecs;E:\spark-2.1.1-hadoop2.7\bin;D:\Android\Sdk\platform-tools;E:\TortoiseSVN\bin;E:\TortoiseSVN\bin;E:\Subversion\bin;C:\Program Files\Docker\Docker\resources\bin;C:\ProgramData\DockerDesktop\version-bin;E:\CMake\bin;C:\mingw64\bin;E:\scala-2.12.15\bin;C:\Program Files (x86)\scala\bin;E:\spark\bin;E:\spark-2.1.1-hadoop2.7\bin;E:\NetSarang\Xshell 7\;E:\NetSarang\Xftp 7\;C:\Program Files\Git\cmd;E:\apache-maven-3.6.3\bin;C:\Users\Administrator\AppData\Local\Microsoft\WindowsApps;E:\IntelliJ IDEA\bin;;C:\Users\Administrator\AppData\Roaming\npm;E:\nodejs\node_global\;C:\Users\Administrator\.dotnet\tools;C:\Users\Administrator\AppData\Local\GitHubDesktop\bin;E:\Microsoft VS Code\bin;.]
[${project.name}][${env:SERVER_PORT}] 2022-06-12 19:20:00,045 INFO [main][DirectJDKLog.java:173] - Initializing Spring embedded WebApplicationContext
[${project.name}][${env:SERVER_PORT}] 2022-06-12 19:20:00,046 INFO [main][ServletWebServerApplicationContext.java:296] - Root WebApplicationContext: initialization completed in 12469 ms
[${project.name}][${env:SERVER_PORT}] 2022-06-12 19:20:00,276 WARN [main][URLConfigurationSource.java:121] - No URLs will be polled as dynamic configuration sources.
[${project.name}][${env:SERVER_PORT}] 2022-06-12 19:20:00,278 INFO [main][URLConfigurationSource.java:122] - To enable URLs as dynamic configuration sources, define System property archaius.configurationSource.additionalUrls or make config.properties available on classpath.
[${project.name}][${env:SERVER_PORT}] 2022-06-12 19:20:00,301 INFO [main][DynamicPropertyFactory.java:281] - DynamicPropertyFactory is initialized with configuration sources: com.netflix.config.ConcurrentCompositeConfiguration@48e74764
[${project.name}][${env:SERVER_PORT}] 2022-06-12 19:20:00,517 INFO [main][DruidDataSourceAutoConfigure.java:56] - Init DruidDataSource
[${project.name}][${env:SERVER_PORT}] 2022-06-12 19:20:00,922 INFO [NettyClientSelector_1][Slf4jLoggerFactory.java:95] - closeChannel: close the connection to remote address[] result: true
[${project.name}][${env:SERVER_PORT}] 2022-06-12 19:20:00,922 INFO [NettyClientSelector_1][Slf4jLoggerFactory.java:95] - closeChannel: close the connection to remote address[] result: true
[${project.name}][${env:SERVER_PORT}] 2022-06-12 19:20:02,395 INFO [main][DruidDataSource.java:1002] - {dataSource-1} inited
[${project.name}][${env:SERVER_PORT}] 2022-06-12 19:20:06,560 INFO [main][AutowiredAnnotationBeanPostProcessor.java:342] - Inconsistent constructor declaration on bean with name 'hmilyAutoConfiguration': single autowire-marked constructor flagged as optional - this constructor is effectively required since there is no default constructor to fall back to: public org.dromara.hmily.spring.boot.starter.parent.configuration.HmilyAutoConfiguration$$EnhancerBySpringCGLIB$$f2d83255(org.dromara.hmily.spring.boot.starter.parent.config.HmilyConfigProperties)
[${project.name}][${env:SERVER_PORT}] 2022-06-12 19:20:07,069 INFO [main][EndpointLinksResolver.java:59] - Exposing 2 endpoint(s) beneath base path '/actuator'
[${project.name}][${env:SERVER_PORT}] 2022-06-12 19:20:07,258 INFO [main][HikariDataSource.java:110] - HikariPool-1 - Starting...
[${project.name}][${env:SERVER_PORT}] 2022-06-12 19:20:07,267 WARN [main][DriverDataSource.java:68] - Registered driver with driverClassName=com.mysql.jdbc.Driver was not found, trying direct instantiation.
[${project.name}][${env:SERVER_PORT}] 2022-06-12 19:20:07,331 INFO [main][HikariDataSource.java:123] - HikariPool-1 - Start completed.
[${project.name}][${env:SERVER_PORT}] 2022-06-12 19:20:07,386 INFO [main][HmilyLogo.java:49] - 


    __  __          _ __     
   / / / /___ ___  (_) /_  __
  / /_/ / __ `__ \/ / / / / /
 / __  / / / / / / / / /_/ / 
/_/ /_/_/ /_/ /_/_/_/\__, /  
                    /____/   

 :: Hmily :: (v2.0.0-RELEASE)

[${project.name}][${env:SERVER_PORT}] 2022-06-12 19:20:07,431 INFO [main][PropertySourcedRequestMappingHandlerMapping.java:69] - Mapped URL path [/v2/api-docs] onto method [public org.springframework.http.ResponseEntity<springfox.documentation.spring.web.json.Json> springfox.documentation.swagger2.web.Swagger2Controller.getDocumentation(java.lang.String,javax.servlet.http.HttpServletRequest)]
[${project.name}][${env:SERVER_PORT}] 2022-06-12 19:20:07,462 WARN [main][URLConfigurationSource.java:121] - No URLs will be polled as dynamic configuration sources.
[${project.name}][${env:SERVER_PORT}] 2022-06-12 19:20:07,462 INFO [main][URLConfigurationSource.java:122] - To enable URLs as dynamic configuration sources, define System property archaius.configurationSource.additionalUrls or make config.properties available on classpath.
[${project.name}][${env:SERVER_PORT}] 2022-06-12 19:20:07,755 INFO [main][ExecutorConfigurationSupport.java:171] - Initializing ExecutorService 'applicationTaskExecutor'
[${project.name}][${env:SERVER_PORT}] 2022-06-12 19:20:10,262 WARN [main][EurekaStarterDeprecationWarningAutoConfiguration.java:19] - spring-cloud-starter-eureka is deprecated as of Spring Cloud Netflix 1.4.0, please migrate to spring-cloud-starter-netflix-eureka
[${project.name}][${env:SERVER_PORT}] 2022-06-12 19:20:10,435 INFO [main][InstanceInfoFactory.java:71] - Setting initial instance status as: STARTING
[${project.name}][${env:SERVER_PORT}] 2022-06-12 19:20:10,538 INFO [main][DiscoveryClient.java:349] - Initializing Eureka in region us-east-1
[${project.name}][${env:SERVER_PORT}] 2022-06-12 19:20:10,652 INFO [main][DiscoveryJerseyProvider.java:70] - Using JSON encoding codec LegacyJacksonJson
[${project.name}][${env:SERVER_PORT}] 2022-06-12 19:20:10,653 INFO [main][DiscoveryJerseyProvider.java:71] - Using JSON decoding codec LegacyJacksonJson
[${project.name}][${env:SERVER_PORT}] 2022-06-12 19:20:10,879 INFO [main][DiscoveryJerseyProvider.java:80] - Using XML encoding codec XStreamXml
[${project.name}][${env:SERVER_PORT}] 2022-06-12 19:20:10,879 INFO [main][DiscoveryJerseyProvider.java:81] - Using XML decoding codec XStreamXml
[${project.name}][${env:SERVER_PORT}] 2022-06-12 19:20:11,223 INFO [main][ConfigClusterResolver.java:43] - Resolving eureka endpoints via configuration
[${project.name}][${env:SERVER_PORT}] 2022-06-12 19:20:11,948 INFO [main][DiscoveryClient.java:958] - Disable delta property : false
[${project.name}][${env:SERVER_PORT}] 2022-06-12 19:20:11,949 INFO [main][DiscoveryClient.java:959] - Single vip registry refresh property : null
[${project.name}][${env:SERVER_PORT}] 2022-06-12 19:20:11,949 INFO [main][DiscoveryClient.java:960] - Force full registry fetch : false
[${project.name}][${env:SERVER_PORT}] 2022-06-12 19:20:11,950 INFO [main][DiscoveryClient.java:961] - Application is null : false
[${project.name}][${env:SERVER_PORT}] 2022-06-12 19:20:11,950 INFO [main][DiscoveryClient.java:962] - Registered Applications size is zero : true
[${project.name}][${env:SERVER_PORT}] 2022-06-12 19:20:11,950 INFO [main][DiscoveryClient.java:964] - Application version is -1: true
[${project.name}][${env:SERVER_PORT}] 2022-06-12 19:20:11,950 INFO [main][DiscoveryClient.java:1047] - Getting all instance registry info from the eureka server
[${project.name}][${env:SERVER_PORT}] 2022-06-12 19:20:12,250 INFO [main][DiscoveryClient.java:1056] - The response status is 200
[${project.name}][${env:SERVER_PORT}] 2022-06-12 19:20:12,255 INFO [main][DiscoveryClient.java:1270] - Starting heartbeat executor: renew interval is: 30
[${project.name}][${env:SERVER_PORT}] 2022-06-12 19:20:12,262 INFO [main][InstanceInfoReplicator.java:60] - InstanceInfoReplicator onDemand update allowed rate per min is 4
[${project.name}][${env:SERVER_PORT}] 2022-06-12 19:20:12,269 INFO [main][DiscoveryClient.java:449] - Discovery Client initialized at timestamp 1655032812267 with initial instances count: 0
[${project.name}][${env:SERVER_PORT}] 2022-06-12 19:20:12,273 INFO [main][EurekaServiceRegistry.java:42] - Registering application CONSUMER-SERVICE with eureka with status UP
[${project.name}][${env:SERVER_PORT}] 2022-06-12 19:20:12,274 INFO [main][DiscoveryClient.java:1305] - Saw local status change event StatusChangeEvent [timestamp=1655032812274, current=UP, previous=STARTING]
[${project.name}][${env:SERVER_PORT}] 2022-06-12 19:20:12,278 INFO [main][DocumentationPluginsBootstrapper.java:160] - Context refreshed
[${project.name}][${env:SERVER_PORT}] 2022-06-12 19:20:12,279 INFO [DiscoveryClient-InstanceInfoReplicator-0][DiscoveryClient.java:826] - DiscoveryClient_CONSUMER-SERVICE/consumer-service:127.0.0.1:53050: registering service...
[${project.name}][${env:SERVER_PORT}] 2022-06-12 19:20:12,304 INFO [main][DocumentationPluginsBootstrapper.java:163] - Found 1 custom documentation plugin(s)
[${project.name}][${env:SERVER_PORT}] 2022-06-12 19:20:12,361 INFO [main][ApiListingReferenceScanner.java:41] - Scanning for api listing references
[${project.name}][${env:SERVER_PORT}] 2022-06-12 19:20:12,432 INFO [DiscoveryClient-InstanceInfoReplicator-0][DiscoveryClient.java:835] - DiscoveryClient_CONSUMER-SERVICE/consumer-service:127.0.0.1:53050 - registration status: 204
[${project.name}][${env:SERVER_PORT}] 2022-06-12 19:20:12,667 INFO [main][CachingOperationNameGenerator.java:40] - Generating unique operation named: handleUsingGET_1
[${project.name}][${env:SERVER_PORT}] 2022-06-12 19:20:12,670 INFO [main][CachingOperationNameGenerator.java:40] - Generating unique operation named: handleUsingGET_2
[${project.name}][${env:SERVER_PORT}] 2022-06-12 19:20:12,672 INFO [main][CachingOperationNameGenerator.java:40] - Generating unique operation named: handleUsingGET_3
[${project.name}][${env:SERVER_PORT}] 2022-06-12 19:20:12,729 INFO [main][DirectJDKLog.java:173] - Starting ProtocolHandler ["http-nio-53050"]
[${project.name}][${env:SERVER_PORT}] 2022-06-12 19:20:12,764 INFO [main][TomcatWebServer.java:204] - Tomcat started on port(s): 53050 (http) with context path '/consumer'
[${project.name}][${env:SERVER_PORT}] 2022-06-12 19:20:12,765 INFO [main][EurekaAutoServiceRegistration.java:141] - Updating port to 53050
[${project.name}][${env:SERVER_PORT}] 2022-06-12 19:20:12,769 INFO [main][StartupInfoLogger.java:59] - Started ConsumerService in 37.275 seconds (JVM running for 44.766)
[${project.name}][${env:SERVER_PORT}] 2022-06-12 19:20:12,853 INFO [RMI TCP Connection(1)-172.25.240.1][DirectJDKLog.java:173] - Initializing Spring DispatcherServlet 'dispatcherServlet'
[${project.name}][${env:SERVER_PORT}] 2022-06-12 19:20:12,854 INFO [RMI TCP Connection(1)-172.25.240.1][FrameworkServlet.java:524] - Initializing Servlet 'dispatcherServlet'
[${project.name}][${env:SERVER_PORT}] 2022-06-12 19:20:12,878 INFO [RMI TCP Connection(1)-172.25.240.1][FrameworkServlet.java:546] - Completed initialization in 24 ms
[${project.name}][${env:SERVER_PORT}] 2022-06-12 19:20:27,176 INFO [NettyClientSelector_1][Slf4jLoggerFactory.java:95] - closeChannel: close the connection to remote address[] result: true
[${project.name}][${env:SERVER_PORT}] 2022-06-12 19:20:30,554 INFO [NettyClientSelector_1][Slf4jLoggerFactory.java:95] - closeChannel: close the connection to remote address[] result: true
[${project.name}][${env:SERVER_PORT}] 2022-06-12 19:20:37,383 INFO [hmilyTransaction-tccRollBackService-1][LogUtil.java:87] - rollback execute delayTime:60
[${project.name}][${env:SERVER_PORT}] 2022-06-12 19:20:42,258 INFO [DiscoveryClient-CacheRefreshExecutor-0][DiscoveryClient.java:958] - Disable delta property : false
[${project.name}][${env:SERVER_PORT}] 2022-06-12 19:20:42,258 INFO [DiscoveryClient-CacheRefreshExecutor-0][DiscoveryClient.java:959] - Single vip registry refresh property : null
[${project.name}][${env:SERVER_PORT}] 2022-06-12 19:20:42,258 INFO [DiscoveryClient-CacheRefreshExecutor-0][DiscoveryClient.java:960] - Force full registry fetch : false
[${project.name}][${env:SERVER_PORT}] 2022-06-12 19:20:42,258 INFO [DiscoveryClient-CacheRefreshExecutor-0][DiscoveryClient.java:961] - Application is null : false
[${project.name}][${env:SERVER_PORT}] 2022-06-12 19:20:42,258 INFO [DiscoveryClient-CacheRefreshExecutor-0][DiscoveryClient.java:962] - Registered Applications size is zero : true
[${project.name}][${env:SERVER_PORT}] 2022-06-12 19:20:42,259 INFO [DiscoveryClient-CacheRefreshExecutor-0][DiscoveryClient.java:964] - Application version is -1: false
[${project.name}][${env:SERVER_PORT}] 2022-06-12 19:20:42,259 INFO [DiscoveryClient-CacheRefreshExecutor-0][DiscoveryClient.java:1047] - Getting all instance registry info from the eureka server
[${project.name}][${env:SERVER_PORT}] 2022-06-12 19:20:42,344 INFO [DiscoveryClient-CacheRefreshExecutor-0][DiscoveryClient.java:1056] - The response status is 200
[${project.name}][${env:SERVER_PORT}] 2022-06-12 19:20:57,192 INFO [NettyClientSelector_1][Slf4jLoggerFactory.java:95] - closeChannel: close the connection to remote address[] result: true
[${project.name}][${env:SERVER_PORT}] 2022-06-12 19:21:00,541 INFO [NettyClientSelector_1][Slf4jLoggerFactory.java:95] - closeChannel: close the connection to remote address[] result: true
[${project.name}][${env:SERVER_PORT}] 2022-06-12 19:21:27,138 INFO [NettyClientSelector_1][Slf4jLoggerFactory.java:95] - closeChannel: close the connection to remote address[] result: true
[${project.name}][${env:SERVER_PORT}] 2022-06-12 19:21:30,568 INFO [NettyClientSelector_1][Slf4jLoggerFactory.java:95] - closeChannel: close the connection to remote address[] result: true
[${project.name}][${env:SERVER_PORT}] 2022-06-12 19:21:37,406 INFO [hmilyTransaction-tccRollBackService-1][LogUtil.java:87] - rollback execute delayTime:60
[${project.name}][${env:SERVER_PORT}] 2022-06-12 19:21:57,137 INFO [NettyClientSelector_1][Slf4jLoggerFactory.java:95] - closeChannel: close the connection to remote address[] result: true
[${project.name}][${env:SERVER_PORT}] 2022-06-12 19:22:00,556 INFO [NettyClientSelector_1][Slf4jLoggerFactory.java:95] - closeChannel: close the connection to remote address[] result: true
[${project.name}][${env:SERVER_PORT}] 2022-06-12 19:22:27,151 INFO [NettyClientSelector_1][Slf4jLoggerFactory.java:95] - closeChannel: close the connection to remote address[] result: true
[${project.name}][${env:SERVER_PORT}] 2022-06-12 19:22:30,558 INFO [NettyClientSelector_1][Slf4jLoggerFactory.java:95] - closeChannel: close the connection to remote address[] result: true
[${project.name}][${env:SERVER_PORT}] 2022-06-12 19:22:37,412 INFO [hmilyTransaction-tccRollBackService-1][LogUtil.java:87] - rollback execute delayTime:60
[${project.name}][${env:SERVER_PORT}] 2022-06-12 19:22:57,145 INFO [NettyClientSelector_1][Slf4jLoggerFactory.java:95] - closeChannel: close the connection to remote address[] result: true
[${project.name}][${env:SERVER_PORT}] 2022-06-12 19:23:00,552 INFO [NettyClientSelector_1][Slf4jLoggerFactory.java:95] - closeChannel: close the connection to remote address[] result: true
[${project.name}][${env:SERVER_PORT}] 2022-06-12 19:23:27,149 INFO [NettyClientSelector_1][Slf4jLoggerFactory.java:95] - closeChannel: close the connection to remote address[] result: true
[${project.name}][${env:SERVER_PORT}] 2022-06-12 19:23:30,541 INFO [NettyClientSelector_1][Slf4jLoggerFactory.java:95] - closeChannel: close the connection to remote address[] result: true
[${project.name}][${env:SERVER_PORT}] 2022-06-12 19:23:37,416 INFO [hmilyTransaction-tccRollBackService-1][LogUtil.java:87] - rollback execute delayTime:60
[${project.name}][${env:SERVER_PORT}] 2022-06-12 19:23:57,134 INFO [NettyClientSelector_1][Slf4jLoggerFactory.java:95] - closeChannel: close the connection to remote address[] result: true
[${project.name}][${env:SERVER_PORT}] 2022-06-12 19:24:00,560 INFO [NettyClientSelector_1][Slf4jLoggerFactory.java:95] - closeChannel: close the connection to remote address[] result: true
[${project.name}][${env:SERVER_PORT}] 2022-06-12 19:24:27,150 INFO [NettyClientSelector_1][Slf4jLoggerFactory.java:95] - closeChannel: close the connection to remote address[] result: true
[${project.name}][${env:SERVER_PORT}] 2022-06-12 19:24:30,562 INFO [NettyClientSelector_1][Slf4jLoggerFactory.java:95] - closeChannel: close the connection to remote address[] result: true
[${project.name}][${env:SERVER_PORT}] 2022-06-12 19:24:37,429 INFO [hmilyTransaction-tccRollBackService-1][LogUtil.java:87] - rollback execute delayTime:60
[${project.name}][${env:SERVER_PORT}] 2022-06-12 19:24:57,155 INFO [NettyClientSelector_1][Slf4jLoggerFactory.java:95] - closeChannel: close the connection to remote address[] result: true
[${project.name}][${env:SERVER_PORT}] 2022-06-12 19:25:00,540 INFO [NettyClientSelector_1][Slf4jLoggerFactory.java:95] - closeChannel: close the connection to remote address[] result: true
[${project.name}][${env:SERVER_PORT}] 2022-06-12 19:25:11,962 INFO [AsyncResolver-bootstrap-executor-0][ConfigClusterResolver.java:43] - Resolving eureka endpoints via configuration
[${project.name}][${env:SERVER_PORT}] 2022-06-12 19:25:27,150 INFO [NettyClientSelector_1][Slf4jLoggerFactory.java:95] - closeChannel: close the connection to remote address[] result: true
[${project.name}][${env:SERVER_PORT}] 2022-06-12 19:25:30,545 INFO [NettyClientSelector_1][Slf4jLoggerFactory.java:95] - closeChannel: close the connection to remote address[] result: true
[${project.name}][${env:SERVER_PORT}] 2022-06-12 19:25:37,444 INFO [hmilyTransaction-tccRollBackService-1][LogUtil.java:87] - rollback execute delayTime:60
[${project.name}][${env:SERVER_PORT}] 2022-06-12 19:25:57,160 INFO [NettyClientSelector_1][Slf4jLoggerFactory.java:95] - closeChannel: close the connection to remote address[] result: true
[${project.name}][${env:SERVER_PORT}] 2022-06-12 19:26:00,561 INFO [NettyClientSelector_1][Slf4jLoggerFactory.java:95] - closeChannel: close the connection to remote address[] result: true
[${project.name}][${env:SERVER_PORT}] 2022-06-12 19:26:27,143 INFO [NettyClientSelector_1][Slf4jLoggerFactory.java:95] - closeChannel: close the connection to remote address[] result: true
[${project.name}][${env:SERVER_PORT}] 2022-06-12 19:26:30,551 INFO [NettyClientSelector_1][Slf4jLoggerFactory.java:95] - closeChannel: close the connection to remote address[] result: true
[${project.name}][${env:SERVER_PORT}] 2022-06-12 19:26:37,449 INFO [hmilyTransaction-tccRollBackService-1][LogUtil.java:87] - rollback execute delayTime:60
[${project.name}][${env:SERVER_PORT}] 2022-06-12 19:26:57,158 INFO [NettyClientSelector_1][Slf4jLoggerFactory.java:95] - closeChannel: close the connection to remote address[] result: true
[${project.name}][${env:SERVER_PORT}] 2022-06-12 19:27:00,557 INFO [NettyClientSelector_1][Slf4jLoggerFactory.java:95] - closeChannel: close the connection to remote address[] result: true
[${project.name}][${env:SERVER_PORT}] 2022-06-12 19:27:27,150 INFO [NettyClientSelector_1][Slf4jLoggerFactory.java:95] - closeChannel: close the connection to remote address[] result: true
[${project.name}][${env:SERVER_PORT}] 2022-06-12 19:27:30,538 INFO [NettyClientSelector_1][Slf4jLoggerFactory.java:95] - closeChannel: close the connection to remote address[] result: true
[${project.name}][${env:SERVER_PORT}] 2022-06-12 19:27:37,464 INFO [hmilyTransaction-tccRollBackService-1][LogUtil.java:87] - rollback execute delayTime:60
[${project.name}][${env:SERVER_PORT}] 2022-06-12 19:27:57,130 INFO [NettyClientSelector_1][Slf4jLoggerFactory.java:95] - closeChannel: close the connection to remote address[] result: true
[${project.name}][${env:SERVER_PORT}] 2022-06-12 19:28:00,582 INFO [NettyClientSelector_1][Slf4jLoggerFactory.java:95] - closeChannel: close the connection to remote address[] result: true
[${project.name}][${env:SERVER_PORT}] 2022-06-12 19:28:27,154 INFO [NettyClientSelector_1][Slf4jLoggerFactory.java:95] - closeChannel: close the connection to remote address[] result: true
[${project.name}][${env:SERVER_PORT}] 2022-06-12 19:28:30,562 INFO [NettyClientSelector_1][Slf4jLoggerFactory.java:95] - closeChannel: close the connection to remote address[] result: true
[${project.name}][${env:SERVER_PORT}] 2022-06-12 19:28:37,469 INFO [hmilyTransaction-tccRollBackService-1][LogUtil.java:87] - rollback execute delayTime:60
[${project.name}][${env:SERVER_PORT}] 2022-06-12 19:28:57,135 INFO [NettyClientSelector_1][Slf4jLoggerFactory.java:95] - closeChannel: close the connection to remote address[] result: true
[${project.name}][${env:SERVER_PORT}] 2022-06-12 19:29:00,552 INFO [NettyClientSelector_1][Slf4jLoggerFactory.java:95] - closeChannel: close the connection to remote address[] result: true
[${project.name}][${env:SERVER_PORT}] 2022-06-12 19:29:27,149 INFO [NettyClientSelector_1][Slf4jLoggerFactory.java:95] - closeChannel: close the connection to remote address[] result: true
[${project.name}][${env:SERVER_PORT}] 2022-06-12 19:29:30,554 INFO [NettyClientSelector_1][Slf4jLoggerFactory.java:95] - closeChannel: close the connection to remote address[] result: true
[${project.name}][${env:SERVER_PORT}] 2022-06-12 19:29:37,477 INFO [hmilyTransaction-tccRollBackService-1][LogUtil.java:87] - rollback execute delayTime:60
[${project.name}][${env:SERVER_PORT}] 2022-06-12 19:29:57,141 INFO [NettyClientSelector_1][Slf4jLoggerFactory.java:95] - closeChannel: close the connection to remote address[] result: true
[${project.name}][${env:SERVER_PORT}] 2022-06-12 19:30:00,553 INFO [NettyClientSelector_1][Slf4jLoggerFactory.java:95] - closeChannel: close the connection to remote address[] result: true
[${project.name}][${env:SERVER_PORT}] 2022-06-12 19:30:11,974 INFO [AsyncResolver-bootstrap-executor-0][ConfigClusterResolver.java:43] - Resolving eureka endpoints via configuration
[${project.name}][${env:SERVER_PORT}] 2022-06-12 19:30:27,150 INFO [NettyClientSelector_1][Slf4jLoggerFactory.java:95] - closeChannel: close the connection to remote address[] result: true
[${project.name}][${env:SERVER_PORT}] 2022-06-12 19:30:30,554 INFO [NettyClientSelector_1][Slf4jLoggerFactory.java:95] - closeChannel: close the connection to remote address[] result: true
[${project.name}][${env:SERVER_PORT}] 2022-06-12 19:30:37,489 INFO [hmilyTransaction-tccRollBackService-1][LogUtil.java:87] - rollback execute delayTime:60
[${project.name}][${env:SERVER_PORT}] 2022-06-12 19:30:57,145 INFO [NettyClientSelector_1][Slf4jLoggerFactory.java:95] - closeChannel: close the connection to remote address[] result: true
[${project.name}][${env:SERVER_PORT}] 2022-06-12 19:31:00,551 INFO [NettyClientSelector_1][Slf4jLoggerFactory.java:95] - closeChannel: close the connection to remote address[] result: true
[${project.name}][${env:SERVER_PORT}] 2022-06-12 19:31:27,160 INFO [NettyClientSelector_1][Slf4jLoggerFactory.java:95] - closeChannel: close the connection to remote address[] result: true
[${project.name}][${env:SERVER_PORT}] 2022-06-12 19:31:30,555 INFO [NettyClientSelector_1][Slf4jLoggerFactory.java:95] - closeChannel: close the connection to remote address[] result: true
[${project.name}][${env:SERVER_PORT}] 2022-06-12 19:31:37,497 INFO [hmilyTransaction-tccRollBackService-1][LogUtil.java:87] - rollback execute delayTime:60
[${project.name}][${env:SERVER_PORT}] 2022-06-12 19:31:57,150 INFO [NettyClientSelector_1][Slf4jLoggerFactory.java:95] - closeChannel: close the connection to remote address[] result: true
[${project.name}][${env:SERVER_PORT}] 2022-06-12 19:32:00,560 INFO [NettyClientSelector_1][Slf4jLoggerFactory.java:95] - closeChannel: close the connection to remote address[] result: true
[${project.name}][${env:SERVER_PORT}] 2022-06-12 19:32:27,148 INFO [NettyClientSelector_1][Slf4jLoggerFactory.java:95] - closeChannel: close the connection to remote address[] result: true
[${project.name}][${env:SERVER_PORT}] 2022-06-12 19:32:30,547 INFO [NettyClientSelector_1][Slf4jLoggerFactory.java:95] - closeChannel: close the connection to remote address[] result: true
[${project.name}][${env:SERVER_PORT}] 2022-06-12 19:32:37,510 INFO [hmilyTransaction-tccRollBackService-1][LogUtil.java:87] - rollback execute delayTime:60
[${project.name}][${env:SERVER_PORT}] 2022-06-12 19:32:57,151 INFO [NettyClientSelector_1][Slf4jLoggerFactory.java:95] - closeChannel: close the connection to remote address[] result: true
[${project.name}][${env:SERVER_PORT}] 2022-06-12 19:33:00,555 INFO [NettyClientSelector_1][Slf4jLoggerFactory.java:95] - closeChannel: close the connection to remote address[] result: true
[${project.name}][${env:SERVER_PORT}] 2022-06-12 19:33:27,150 INFO [NettyClientSelector_1][Slf4jLoggerFactory.java:95] - closeChannel: close the connection to remote address[] result: true
[${project.name}][${env:SERVER_PORT}] 2022-06-12 19:33:30,565 INFO [NettyClientSelector_1][Slf4jLoggerFactory.java:95] - closeChannel: close the connection to remote address[] result: true
[${project.name}][${env:SERVER_PORT}] 2022-06-12 19:33:37,521 INFO [hmilyTransaction-tccRollBackService-1][LogUtil.java:87] - rollback execute delayTime:60
[${project.name}][${env:SERVER_PORT}] 2022-06-12 19:33:57,148 INFO [NettyClientSelector_1][Slf4jLoggerFactory.java:95] - closeChannel: close the connection to remote address[] result: true
[${project.name}][${env:SERVER_PORT}] 2022-06-12 19:34:00,568 INFO [NettyClientSelector_1][Slf4jLoggerFactory.java:95] - closeChannel: close the connection to remote address[] result: true
[${project.name}][${env:SERVER_PORT}] 2022-06-12 19:34:27,139 INFO [NettyClientSelector_1][Slf4jLoggerFactory.java:95] - closeChannel: close the connection to remote address[] result: true
[${project.name}][${env:SERVER_PORT}] 2022-06-12 19:34:30,552 INFO [NettyClientSelector_1][Slf4jLoggerFactory.java:95] - closeChannel: close the connection to remote address[] result: true
[${project.name}][${env:SERVER_PORT}] 2022-06-12 19:34:37,536 INFO [hmilyTransaction-tccRollBackService-1][LogUtil.java:87] - rollback execute delayTime:60
[${project.name}][${env:SERVER_PORT}] 2022-06-12 19:34:57,145 INFO [NettyClientSelector_1][Slf4jLoggerFactory.java:95] - closeChannel: close the connection to remote address[] result: true
[${project.name}][${env:SERVER_PORT}] 2022-06-12 19:35:00,567 INFO [NettyClientSelector_1][Slf4jLoggerFactory.java:95] - closeChannel: close the connection to remote address[] result: true
[${project.name}][${env:SERVER_PORT}] 2022-06-12 19:35:11,987 INFO [AsyncResolver-bootstrap-executor-0][ConfigClusterResolver.java:43] - Resolving eureka endpoints via configuration
[${project.name}][${env:SERVER_PORT}] 2022-06-12 19:35:27,147 INFO [NettyClientSelector_1][Slf4jLoggerFactory.java:95] - closeChannel: close the connection to remote address[] result: true
[${project.name}][${env:SERVER_PORT}] 2022-06-12 19:35:30,557 INFO [NettyClientSelector_1][Slf4jLoggerFactory.java:95] - closeChannel: close the connection to remote address[] result: true
[${project.name}][${env:SERVER_PORT}] 2022-06-12 19:35:37,553 INFO [hmilyTransaction-tccRollBackService-1][LogUtil.java:87] - rollback execute delayTime:60
[${project.name}][${env:SERVER_PORT}] 2022-06-12 19:35:57,144 INFO [NettyClientSelector_1][Slf4jLoggerFactory.java:95] - closeChannel: close the connection to remote address[] result: true
[${project.name}][${env:SERVER_PORT}] 2022-06-12 19:36:00,565 INFO [NettyClientSelector_1][Slf4jLoggerFactory.java:95] - closeChannel: close the connection to remote address[] result: true
[${project.name}][${env:SERVER_PORT}] 2022-06-12 19:36:27,163 INFO [NettyClientSelector_1][Slf4jLoggerFactory.java:95] - closeChannel: close the connection to remote address[] result: true
[${project.name}][${env:SERVER_PORT}] 2022-06-12 19:36:30,555 INFO [NettyClientSelector_1][Slf4jLoggerFactory.java:95] - closeChannel: close the connection to remote address[] result: true
[${project.name}][${env:SERVER_PORT}] 2022-06-12 19:36:37,559 INFO [hmilyTransaction-tccRollBackService-1][LogUtil.java:87] - rollback execute delayTime:60
[${project.name}][${env:SERVER_PORT}] 2022-06-12 19:36:57,145 INFO [NettyClientSelector_1][Slf4jLoggerFactory.java:95] - closeChannel: close the connection to remote address[] result: true
[${project.name}][${env:SERVER_PORT}] 2022-06-12 19:37:00,569 INFO [NettyClientSelector_1][Slf4jLoggerFactory.java:95] - closeChannel: close the connection to remote address[] result: true
[${project.name}][${env:SERVER_PORT}] 2022-06-12 19:37:27,148 INFO [NettyClientSelector_1][Slf4jLoggerFactory.java:95] - closeChannel: close the connection to remote address[] result: true
[${project.name}][${env:SERVER_PORT}] 2022-06-12 19:37:30,553 INFO [NettyClientSelector_1][Slf4jLoggerFactory.java:95] - closeChannel: close the connection to remote address[] result: true
[${project.name}][${env:SERVER_PORT}] 2022-06-12 19:37:37,572 INFO [hmilyTransaction-tccRollBackService-1][LogUtil.java:87] - rollback execute delayTime:60
[${project.name}][${env:SERVER_PORT}] 2022-06-12 19:37:57,166 INFO [NettyClientSelector_1][Slf4jLoggerFactory.java:95] - closeChannel: close the connection to remote address[] result: true
[${project.name}][${env:SERVER_PORT}] 2022-06-12 19:38:00,565 INFO [NettyClientSelector_1][Slf4jLoggerFactory.java:95] - closeChannel: close the connection to remote address[] result: true
[${project.name}][${env:SERVER_PORT}] 2022-06-12 19:38:27,153 INFO [NettyClientSelector_1][Slf4jLoggerFactory.java:95] - closeChannel: close the connection to remote address[] result: true
[${project.name}][${env:SERVER_PORT}] 2022-06-12 19:38:30,557 INFO [NettyClientSelector_1][Slf4jLoggerFactory.java:95] - closeChannel: close the connection to remote address[] result: true
[${project.name}][${env:SERVER_PORT}] 2022-06-12 19:38:37,582 INFO [hmilyTransaction-tccRollBackService-1][LogUtil.java:87] - rollback execute delayTime:60
[${project.name}][${env:SERVER_PORT}] 2022-06-12 19:38:57,143 INFO [NettyClientSelector_1][Slf4jLoggerFactory.java:95] - closeChannel: close the connection to remote address[] result: true
[${project.name}][${env:SERVER_PORT}] 2022-06-12 19:39:00,565 INFO [NettyClientSelector_1][Slf4jLoggerFactory.java:95] - closeChannel: close the connection to remote address[] result: true
[${project.name}][${env:SERVER_PORT}] 2022-06-12 19:39:27,162 INFO [NettyClientSelector_1][Slf4jLoggerFactory.java:95] - closeChannel: close the connection to remote address[] result: true
[${project.name}][${env:SERVER_PORT}] 2022-06-12 19:39:30,551 INFO [NettyClientSelector_1][Slf4jLoggerFactory.java:95] - closeChannel: close the connection to remote address[] result: true
[${project.name}][${env:SERVER_PORT}] 2022-06-12 19:39:37,599 INFO [hmilyTransaction-tccRollBackService-1][LogUtil.java:87] - rollback execute delayTime:60
[${project.name}][${env:SERVER_PORT}] 2022-06-12 19:39:57,133 INFO [NettyClientSelector_1][Slf4jLoggerFactory.java:95] - closeChannel: close the connection to remote address[] result: true
[${project.name}][${env:SERVER_PORT}] 2022-06-12 19:40:00,541 INFO [NettyClientSelector_1][Slf4jLoggerFactory.java:95] - closeChannel: close the connection to remote address[] result: true
[${project.name}][${env:SERVER_PORT}] 2022-06-12 19:40:11,997 INFO [AsyncResolver-bootstrap-executor-0][ConfigClusterResolver.java:43] - Resolving eureka endpoints via configuration
[${project.name}][${env:SERVER_PORT}] 2022-06-12 19:40:27,170 INFO [NettyClientSelector_1][Slf4jLoggerFactory.java:95] - closeChannel: close the connection to remote address[] result: true
[${project.name}][${env:SERVER_PORT}] 2022-06-12 19:40:30,560 INFO [NettyClientSelector_1][Slf4jLoggerFactory.java:95] - closeChannel: close the connection to remote address[] result: true
[${project.name}][${env:SERVER_PORT}] 2022-06-12 19:40:37,608 INFO [hmilyTransaction-tccRollBackService-1][LogUtil.java:87] - rollback execute delayTime:60
[${project.name}][${env:SERVER_PORT}] 2022-06-12 19:40:57,130 INFO [NettyClientSelector_1][Slf4jLoggerFactory.java:95] - closeChannel: close the connection to remote address[] result: true
[${project.name}][${env:SERVER_PORT}] 2022-06-12 19:41:00,546 INFO [NettyClientSelector_1][Slf4jLoggerFactory.java:95] - closeChannel: close the connection to remote address[] result: true
[${project.name}][${env:SERVER_PORT}] 2022-06-12 19:41:27,143 INFO [NettyClientSelector_1][Slf4jLoggerFactory.java:95] - closeChannel: close the connection to remote address[] result: true
[${project.name}][${env:SERVER_PORT}] 2022-06-12 19:41:30,552 INFO [NettyClientSelector_1][Slf4jLoggerFactory.java:95] - closeChannel: close the connection to remote address[] result: true
[${project.name}][${env:SERVER_PORT}] 2022-06-12 19:41:37,612 INFO [hmilyTransaction-tccRollBackService-1][LogUtil.java:87] - rollback execute delayTime:60
[${project.name}][${env:SERVER_PORT}] 2022-06-12 19:41:57,143 INFO [NettyClientSelector_1][Slf4jLoggerFactory.java:95] - closeChannel: close the connection to remote address[] result: true
[${project.name}][${env:SERVER_PORT}] 2022-06-12 19:42:00,560 INFO [NettyClientSelector_1][Slf4jLoggerFactory.java:95] - closeChannel: close the connection to remote address[] result: true
[${project.name}][${env:SERVER_PORT}] 2022-06-12 19:42:27,146 INFO [NettyClientSelector_1][Slf4jLoggerFactory.java:95] - closeChannel: close the connection to remote address[] result: true
[${project.name}][${env:SERVER_PORT}] 2022-06-12 19:42:30,559 INFO [NettyClientSelector_1][Slf4jLoggerFactory.java:95] - closeChannel: close the connection to remote address[] result: true
[${project.name}][${env:SERVER_PORT}] 2022-06-12 19:42:37,625 INFO [hmilyTransaction-tccRollBackService-1][LogUtil.java:87] - rollback execute delayTime:60
[${project.name}][${env:SERVER_PORT}] 2022-06-12 19:42:57,146 INFO [NettyClientSelector_1][Slf4jLoggerFactory.java:95] - closeChannel: close the connection to remote address[] result: true
[${project.name}][${env:SERVER_PORT}] 2022-06-12 19:43:00,554 INFO [NettyClientSelector_1][Slf4jLoggerFactory.java:95] - closeChannel: close the connection to remote address[] result: true
[${project.name}][${env:SERVER_PORT}] 2022-06-12 19:43:27,138 INFO [NettyClientSelector_1][Slf4jLoggerFactory.java:95] - closeChannel: close the connection to remote address[] result: true
[${project.name}][${env:SERVER_PORT}] 2022-06-12 19:43:30,551 INFO [NettyClientSelector_1][Slf4jLoggerFactory.java:95] - closeChannel: close the connection to remote address[] result: true
[${project.name}][${env:SERVER_PORT}] 2022-06-12 19:43:37,631 INFO [hmilyTransaction-tccRollBackService-1][LogUtil.java:87] - rollback execute delayTime:60
[${project.name}][${env:SERVER_PORT}] 2022-06-12 19:43:57,143 INFO [NettyClientSelector_1][Slf4jLoggerFactory.java:95] - closeChannel: close the connection to remote address[] result: true
[${project.name}][${env:SERVER_PORT}] 2022-06-12 19:44:00,539 INFO [NettyClientSelector_1][Slf4jLoggerFactory.java:95] - closeChannel: close the connection to remote address[] result: true
[${project.name}][${env:SERVER_PORT}] 2022-06-12 19:44:27,136 INFO [NettyClientSelector_1][Slf4jLoggerFactory.java:95] - closeChannel: close the connection to remote address[] result: true
[${project.name}][${env:SERVER_PORT}] 2022-06-12 19:44:30,551 INFO [NettyClientSelector_1][Slf4jLoggerFactory.java:95] - closeChannel: close the connection to remote address[] result: true
[${project.name}][${env:SERVER_PORT}] 2022-06-12 19:44:37,642 INFO [hmilyTransaction-tccRollBackService-1][LogUtil.java:87] - rollback execute delayTime:60
[${project.name}][${env:SERVER_PORT}] 2022-06-12 19:44:57,150 INFO [NettyClientSelector_1][Slf4jLoggerFactory.java:95] - closeChannel: close the connection to remote address[] result: true
[${project.name}][${env:SERVER_PORT}] 2022-06-12 19:45:00,548 INFO [NettyClientSelector_1][Slf4jLoggerFactory.java:95] - closeChannel: close the connection to remote address[] result: true
[${project.name}][${env:SERVER_PORT}] 2022-06-12 19:45:12,003 INFO [AsyncResolver-bootstrap-executor-0][ConfigClusterResolver.java:43] - Resolving eureka endpoints via configuration
[${project.name}][${env:SERVER_PORT}] 2022-06-12 19:45:27,138 INFO [NettyClientSelector_1][Slf4jLoggerFactory.java:95] - closeChannel: close the connection to remote address[] result: true
[${project.name}][${env:SERVER_PORT}] 2022-06-12 19:45:30,543 INFO [NettyClientSelector_1][Slf4jLoggerFactory.java:95] - closeChannel: close the connection to remote address[] result: true
[${project.name}][${env:SERVER_PORT}] 2022-06-12 19:45:37,660 INFO [hmilyTransaction-tccRollBackService-1][LogUtil.java:87] - rollback execute delayTime:60
[${project.name}][${env:SERVER_PORT}] 2022-06-12 19:45:57,142 INFO [NettyClientSelector_1][Slf4jLoggerFactory.java:95] - closeChannel: close the connection to remote address[] result: true
[${project.name}][${env:SERVER_PORT}] 2022-06-12 19:46:00,566 INFO [NettyClientSelector_1][Slf4jLoggerFactory.java:95] - closeChannel: close the connection to remote address[] result: true
[${project.name}][${env:SERVER_PORT}] 2022-06-12 19:46:27,140 INFO [NettyClientSelector_1][Slf4jLoggerFactory.java:95] - closeChannel: close the connection to remote address[] result: true
[${project.name}][${env:SERVER_PORT}] 2022-06-12 19:46:30,544 INFO [NettyClientSelector_1][Slf4jLoggerFactory.java:95] - closeChannel: close the connection to remote address[] result: true
[${project.name}][${env:SERVER_PORT}] 2022-06-12 19:46:37,665 INFO [hmilyTransaction-tccRollBackService-1][LogUtil.java:87] - rollback execute delayTime:60
[${project.name}][${env:SERVER_PORT}] 2022-06-12 19:46:57,138 INFO [NettyClientSelector_1][Slf4jLoggerFactory.java:95] - closeChannel: close the connection to remote address[] result: true
[${project.name}][${env:SERVER_PORT}] 2022-06-12 19:47:00,917 INFO [NettyClientSelector_1][Slf4jLoggerFactory.java:95] - closeChannel: close the connection to remote address[] result: true
[${project.name}][${env:SERVER_PORT}] 2022-06-12 19:47:27,178 INFO [NettyClientSelector_1][Slf4jLoggerFactory.java:95] - closeChannel: close the connection to remote address[] result: true
[${project.name}][${env:SERVER_PORT}] 2022-06-12 19:47:30,677 INFO [NettyClientSelector_1][Slf4jLoggerFactory.java:95] - closeChannel: close the connection to remote address[] result: true
[${project.name}][${env:SERVER_PORT}] 2022-06-12 19:47:37,669 INFO [hmilyTransaction-tccRollBackService-1][LogUtil.java:87] - rollback execute delayTime:60
[${project.name}][${env:SERVER_PORT}] 2022-06-12 19:47:57,188 INFO [NettyClientSelector_1][Slf4jLoggerFactory.java:95] - closeChannel: close the connection to remote address[] result: true
[${project.name}][${env:SERVER_PORT}] 2022-06-12 19:48:00,576 INFO [NettyClientSelector_1][Slf4jLoggerFactory.java:95] - closeChannel: close the connection to remote address[] result: true
[${project.name}][${env:SERVER_PORT}] 2022-06-12 19:48:27,151 INFO [NettyClientSelector_1][Slf4jLoggerFactory.java:95] - closeChannel: close the connection to remote address[] result: true
[${project.name}][${env:SERVER_PORT}] 2022-06-12 19:48:30,565 INFO [NettyClientSelector_1][Slf4jLoggerFactory.java:95] - closeChannel: close the connection to remote address[] result: true
[${project.name}][${env:SERVER_PORT}] 2022-06-12 19:48:37,675 INFO [hmilyTransaction-tccRollBackService-1][LogUtil.java:87] - rollback execute delayTime:60
[${project.name}][${env:SERVER_PORT}] 2022-06-12 19:48:57,166 INFO [NettyClientSelector_1][Slf4jLoggerFactory.java:95] - closeChannel: close the connection to remote address[] result: true
[${project.name}][${env:SERVER_PORT}] 2022-06-12 19:49:00,564 INFO [NettyClientSelector_1][Slf4jLoggerFactory.java:95] - closeChannel: close the connection to remote address[] result: true
[${project.name}][${env:SERVER_PORT}] 2022-06-12 19:49:27,158 INFO [NettyClientSelector_1][Slf4jLoggerFactory.java:95] - closeChannel: close the connection to remote address[] result: true
[${project.name}][${env:SERVER_PORT}] 2022-06-12 19:49:30,574 INFO [NettyClientSelector_1][Slf4jLoggerFactory.java:95] - closeChannel: close the connection to remote address[] result: true
[${project.name}][${env:SERVER_PORT}] 2022-06-12 19:49:37,686 INFO [hmilyTransaction-tccRollBackService-1][LogUtil.java:87] - rollback execute delayTime:60
[${project.name}][${env:SERVER_PORT}] 2022-06-12 19:49:57,154 INFO [NettyClientSelector_1][Slf4jLoggerFactory.java:95] - closeChannel: close the connection to remote address[] result: true
[${project.name}][${env:SERVER_PORT}] 2022-06-12 19:50:00,581 INFO [NettyClientSelector_1][Slf4jLoggerFactory.java:95] - closeChannel: close the connection to remote address[] result: true
[${project.name}][${env:SERVER_PORT}] 2022-06-12 19:50:12,013 INFO [AsyncResolver-bootstrap-executor-0][ConfigClusterResolver.java:43] - Resolving eureka endpoints via configuration
[${project.name}][${env:SERVER_PORT}] 2022-06-12 19:50:27,164 INFO [NettyClientSelector_1][Slf4jLoggerFactory.java:95] - closeChannel: close the connection to remote address[] result: true
[${project.name}][${env:SERVER_PORT}] 2022-06-12 19:50:30,567 INFO [NettyClientSelector_1][Slf4jLoggerFactory.java:95] - closeChannel: close the connection to remote address[] result: true
[${project.name}][${env:SERVER_PORT}] 2022-06-12 19:50:37,697 INFO [hmilyTransaction-tccRollBackService-1][LogUtil.java:87] - rollback execute delayTime:60
[${project.name}][${env:SERVER_PORT}] 2022-06-12 19:50:57,169 INFO [NettyClientSelector_1][Slf4jLoggerFactory.java:95] - closeChannel: close the connection to remote address[] result: true
[${project.name}][${env:SERVER_PORT}] 2022-06-12 19:51:00,549 INFO [NettyClientSelector_1][Slf4jLoggerFactory.java:95] - closeChannel: close the connection to remote address[] result: true
[${project.name}][${env:SERVER_PORT}] 2022-06-12 19:51:27,148 INFO [NettyClientSelector_1][Slf4jLoggerFactory.java:95] - closeChannel: close the connection to remote address[] result: true
[${project.name}][${env:SERVER_PORT}] 2022-06-12 19:51:30,541 INFO [NettyClientSelector_1][Slf4jLoggerFactory.java:95] - closeChannel: close the connection to remote address[] result: true
[${project.name}][${env:SERVER_PORT}] 2022-06-12 19:51:37,714 INFO [hmilyTransaction-tccRollBackService-1][LogUtil.java:87] - rollback execute delayTime:60
[${project.name}][${env:SERVER_PORT}] 2022-06-12 19:51:57,142 INFO [NettyClientSelector_1][Slf4jLoggerFactory.java:95] - closeChannel: close the connection to remote address[] result: true
[${project.name}][${env:SERVER_PORT}] 2022-06-12 19:52:00,567 INFO [NettyClientSelector_1][Slf4jLoggerFactory.java:95] - closeChannel: close the connection to remote address[] result: true
[${project.name}][${env:SERVER_PORT}] 2022-06-12 19:52:27,156 INFO [NettyClientSelector_1][Slf4jLoggerFactory.java:95] - closeChannel: close the connection to remote address[] result: true
[${project.name}][${env:SERVER_PORT}] 2022-06-12 19:52:30,544 INFO [NettyClientSelector_1][Slf4jLoggerFactory.java:95] - closeChannel: close the connection to remote address[] result: true
[${project.name}][${env:SERVER_PORT}] 2022-06-12 19:52:37,731 INFO [hmilyTransaction-tccRollBackService-1][LogUtil.java:87] - rollback execute delayTime:60
[${project.name}][${env:SERVER_PORT}] 2022-06-12 19:52:57,154 INFO [NettyClientSelector_1][Slf4jLoggerFactory.java:95] - closeChannel: close the connection to remote address[] result: true
[${project.name}][${env:SERVER_PORT}] 2022-06-12 19:53:00,550 INFO [NettyClientSelector_1][Slf4jLoggerFactory.java:95] - closeChannel: close the connection to remote address[] result: true
[${project.name}][${env:SERVER_PORT}] 2022-06-12 19:53:27,156 INFO [NettyClientSelector_1][Slf4jLoggerFactory.java:95] - closeChannel: close the connection to remote address[] result: true
[${project.name}][${env:SERVER_PORT}] 2022-06-12 19:53:30,536 INFO [NettyClientSelector_1][Slf4jLoggerFactory.java:95] - closeChannel: close the connection to remote address[] result: true
[${project.name}][${env:SERVER_PORT}] 2022-06-12 19:53:37,746 INFO [hmilyTransaction-tccRollBackService-1][LogUtil.java:87] - rollback execute delayTime:60
[${project.name}][${env:SERVER_PORT}] 2022-06-12 19:53:57,156 INFO [NettyClientSelector_1][Slf4jLoggerFactory.java:95] - closeChannel: close the connection to remote address[] result: true
[${project.name}][${env:SERVER_PORT}] 2022-06-12 19:54:00,559 INFO [NettyClientSelector_1][Slf4jLoggerFactory.java:95] - closeChannel: close the connection to remote address[] result: true
[${project.name}][${env:SERVER_PORT}] 2022-06-12 19:54:27,145 INFO [NettyClientSelector_1][Slf4jLoggerFactory.java:95] - closeChannel: close the connection to remote address[] result: true
[${project.name}][${env:SERVER_PORT}] 2022-06-12 19:54:30,568 INFO [NettyClientSelector_1][Slf4jLoggerFactory.java:95] - closeChannel: close the connection to remote address[] result: true
[${project.name}][${env:SERVER_PORT}] 2022-06-12 19:54:37,748 INFO [hmilyTransaction-tccRollBackService-1][LogUtil.java:87] - rollback execute delayTime:60
[${project.name}][${env:SERVER_PORT}] 2022-06-12 19:54:57,143 INFO [NettyClientSelector_1][Slf4jLoggerFactory.java:95] - closeChannel: close the connection to remote address[] result: true
[${project.name}][${env:SERVER_PORT}] 2022-06-12 19:55:00,557 INFO [NettyClientSelector_1][Slf4jLoggerFactory.java:95] - closeChannel: close the connection to remote address[] result: true
[${project.name}][${env:SERVER_PORT}] 2022-06-12 19:55:12,020 INFO [AsyncResolver-bootstrap-executor-0][ConfigClusterResolver.java:43] - Resolving eureka endpoints via configuration
[${project.name}][${env:SERVER_PORT}] 2022-06-12 19:55:27,140 INFO [NettyClientSelector_1][Slf4jLoggerFactory.java:95] - closeChannel: close the connection to remote address[] result: true
[${project.name}][${env:SERVER_PORT}] 2022-06-12 19:55:30,554 INFO [NettyClientSelector_1][Slf4jLoggerFactory.java:95] - closeChannel: close the connection to remote address[] result: true
[${project.name}][${env:SERVER_PORT}] 2022-06-12 19:55:37,766 INFO [hmilyTransaction-tccRollBackService-1][LogUtil.java:87] - rollback execute delayTime:60
[${project.name}][${env:SERVER_PORT}] 2022-06-12 19:55:57,143 INFO [NettyClientSelector_1][Slf4jLoggerFactory.java:95] - closeChannel: close the connection to remote address[] result: true
[${project.name}][${env:SERVER_PORT}] 2022-06-12 19:56:00,539 INFO [NettyClientSelector_1][Slf4jLoggerFactory.java:95] - closeChannel: close the connection to remote address[] result: true
[${project.name}][${env:SERVER_PORT}] 2022-06-12 19:56:27,139 INFO [NettyClientSelector_1][Slf4jLoggerFactory.java:95] - closeChannel: close the connection to remote address[] result: true
[${project.name}][${env:SERVER_PORT}] 2022-06-12 19:56:30,550 INFO [NettyClientSelector_1][Slf4jLoggerFactory.java:95] - closeChannel: close the connection to remote address[] result: true
[${project.name}][${env:SERVER_PORT}] 2022-06-12 19:56:37,777 INFO [hmilyTransaction-tccRollBackService-1][LogUtil.java:87] - rollback execute delayTime:60
[${project.name}][${env:SERVER_PORT}] 2022-06-12 19:56:57,151 INFO [NettyClientSelector_1][Slf4jLoggerFactory.java:95] - closeChannel: close the connection to remote address[] result: true
[${project.name}][${env:SERVER_PORT}] 2022-06-12 19:57:00,568 INFO [NettyClientSelector_1][Slf4jLoggerFactory.java:95] - closeChannel: close the connection to remote address[] result: true
[${project.name}][${env:SERVER_PORT}] 2022-06-12 19:57:27,138 INFO [NettyClientSelector_1][Slf4jLoggerFactory.java:95] - closeChannel: close the connection to remote address[] result: true
[${project.name}][${env:SERVER_PORT}] 2022-06-12 19:57:30,546 INFO [NettyClientSelector_1][Slf4jLoggerFactory.java:95] - closeChannel: close the connection to remote address[] result: true
[${project.name}][${env:SERVER_PORT}] 2022-06-12 19:57:37,782 INFO [hmilyTransaction-tccRollBackService-1][LogUtil.java:87] - rollback execute delayTime:60
[${project.name}][${env:SERVER_PORT}] 2022-06-12 19:57:57,145 INFO [NettyClientSelector_1][Slf4jLoggerFactory.java:95] - closeChannel: close the connection to remote address[] result: true
[${project.name}][${env:SERVER_PORT}] 2022-06-12 19:58:00,554 INFO [NettyClientSelector_1][Slf4jLoggerFactory.java:95] - closeChannel: close the connection to remote address[] result: true
[${project.name}][${env:SERVER_PORT}] 2022-06-12 19:58:27,169 INFO [NettyClientSelector_1][Slf4jLoggerFactory.java:95] - closeChannel: close the connection to remote address[] result: true
[${project.name}][${env:SERVER_PORT}] 2022-06-12 19:58:30,550 INFO [NettyClientSelector_1][Slf4jLoggerFactory.java:95] - closeChannel: close the connection to remote address[] result: true
[${project.name}][${env:SERVER_PORT}] 2022-06-12 19:58:37,787 INFO [hmilyTransaction-tccRollBackService-1][LogUtil.java:87] - rollback execute delayTime:60
[${project.name}][${env:SERVER_PORT}] 2022-06-12 19:58:57,166 INFO [NettyClientSelector_1][Slf4jLoggerFactory.java:95] - closeChannel: close the connection to remote address[] result: true
[${project.name}][${env:SERVER_PORT}] 2022-06-12 19:59:00,582 INFO [NettyClientSelector_1][Slf4jLoggerFactory.java:95] - closeChannel: close the connection to remote address[] result: true
[${project.name}][${env:SERVER_PORT}] 2022-06-12 19:59:27,164 INFO [NettyClientSelector_1][Slf4jLoggerFactory.java:95] - closeChannel: close the connection to remote address[] result: true
[${project.name}][${env:SERVER_PORT}] 2022-06-12 19:59:30,555 INFO [NettyClientSelector_1][Slf4jLoggerFactory.java:95] - closeChannel: close the connection to remote address[] result: true
[${project.name}][${env:SERVER_PORT}] 2022-06-12 19:59:37,801 INFO [hmilyTransaction-tccRollBackService-1][LogUtil.java:87] - rollback execute delayTime:60
[${project.name}][${env:SERVER_PORT}] 2022-06-12 19:59:57,151 INFO [NettyClientSelector_1][Slf4jLoggerFactory.java:95] - closeChannel: close the connection to remote address[] result: true
