[${project.name}][${env:SERVER_PORT}] 2022-06-15 20:01:41,762 WARN [Apollo-RemoteConfigRepository-1][RemoteConfigRepository.java:194] - Load config failed, will retry in 1 SECONDS. appId: uaa-service, cluster: DEFAULT, namespaces: micro_service.spring-cloud-feign
[${project.name}][${env:SERVER_PORT}] 2022-06-15 20:01:42,802 WARN [Apollo-RemoteConfigRepository-1][AbstractConfigRepository.java:26] - Sync config failed, will retry. Repository class com.ctrip.framework.apollo.internals.RemoteConfigRepository, reason: Load Apollo Config failed - appId: uaa-service, cluster: DEFAULT, namespace: micro_service.spring-cloud-feign, url: http://192.168.0.8:8080/configs/uaa-service/DEFAULT/micro_service.spring-cloud-feign?ip=172.20.48.1&messages=%7B%22details%22%3A%7B%22uaa-service%2Bdefault%2Bmicro_service.spring-cloud-feign%22%3A313%2C%22common-template%2Bdefault%2Bmicro_service.spring-cloud-feign%22%3A403%7D%7D [Cause: [status code: 404] Could not find config for namespace - appId: uaa-service, cluster: DEFAULT, namespace: micro_service.spring-cloud-feign, please check whether the configs are released in Apollo!]
[${project.name}][${env:SERVER_PORT}] 2022-06-15 20:01:48,819 DEBUG [http-nio-53050-exec-4][BaseJdbcLogger.java:159] - ==>  Preparing: SELECT ID,USERNAME,FULLNAME,ID_NUMBER,USER_NO,MOBILE,USER_TYPE,ROLE,AUTH_LIST,IS_BIND_CARD,STATUS,LOAN_AMOUNT,REQUEST_NO FROM consumer WHERE MOBILE = ? 
[${project.name}][${env:SERVER_PORT}] 2022-06-15 20:01:48,822 DEBUG [http-nio-53050-exec-4][BaseJdbcLogger.java:159] - ==> Parameters: 15378791982(String)
[${project.name}][${env:SERVER_PORT}] 2022-06-15 20:01:48,830 DEBUG [http-nio-53050-exec-4][BaseJdbcLogger.java:159] - <==      Total: 1
[${project.name}][${env:SERVER_PORT}] 2022-06-15 20:01:48,840 DEBUG [http-nio-53050-exec-4][BaseJdbcLogger.java:159] - ==>  Preparing: SELECT ID,CONSUMER_ID,BANK_CODE,BANK_NAME,CARD_NUMBER,MOBILE,STATUS FROM bank_card WHERE CARD_NUMBER = ? 
[${project.name}][${env:SERVER_PORT}] 2022-06-15 20:01:48,843 DEBUG [http-nio-53050-exec-4][BaseJdbcLogger.java:159] - ==> Parameters: 6226556350326837(String)
[${project.name}][${env:SERVER_PORT}] 2022-06-15 20:01:48,853 DEBUG [http-nio-53050-exec-4][BaseJdbcLogger.java:159] - <==      Total: 1
[${project.name}][${env:SERVER_PORT}] 2022-06-15 20:01:48,860 DEBUG [http-nio-53050-exec-4][BaseJdbcLogger.java:159] - ==>  Preparing: UPDATE consumer SET USER_NO=?,FULLNAME=?,REQUEST_NO=?,ID_NUMBER=?,AUTH_LIST=? WHERE MOBILE = ? 
[${project.name}][${env:SERVER_PORT}] 2022-06-15 20:01:48,862 DEBUG [http-nio-53050-exec-4][BaseJdbcLogger.java:159] - ==> Parameters: null, 龚旗吁(String), REQ_F82999F0C6B14286A85C3327157A4600(String), 630583199112225260(String), ALL(String), 15378791982(String)
[${project.name}][${env:SERVER_PORT}] 2022-06-15 20:01:48,870 DEBUG [http-nio-53050-exec-4][BaseJdbcLogger.java:159] - <==    Updates: 1
[${project.name}][${env:SERVER_PORT}] 2022-06-15 20:01:48,877 DEBUG [http-nio-53050-exec-4][BaseJdbcLogger.java:159] - ==>  Preparing: SELECT ID,CONSUMER_ID,BANK_CODE,BANK_NAME,CARD_NUMBER,MOBILE,STATUS FROM bank_card WHERE CONSUMER_ID = ? 
[${project.name}][${env:SERVER_PORT}] 2022-06-15 20:01:48,878 DEBUG [http-nio-53050-exec-4][BaseJdbcLogger.java:159] - ==> Parameters: 1002(Long)
[${project.name}][${env:SERVER_PORT}] 2022-06-15 20:01:48,884 DEBUG [http-nio-53050-exec-4][BaseJdbcLogger.java:159] - <==      Total: 1
[${project.name}][${env:SERVER_PORT}] 2022-06-15 20:01:48,888 DEBUG [http-nio-53050-exec-4][BaseJdbcLogger.java:159] - ==>  Preparing: SELECT ID,CONSUMER_ID,BANK_CODE,BANK_NAME,CARD_NUMBER,MOBILE,STATUS FROM bank_card WHERE ID=? 
[${project.name}][${env:SERVER_PORT}] 2022-06-15 20:01:48,891 DEBUG [http-nio-53050-exec-4][BaseJdbcLogger.java:159] - ==> Parameters: 1537041566422659074(Long)
[${project.name}][${env:SERVER_PORT}] 2022-06-15 20:01:48,898 DEBUG [http-nio-53050-exec-4][BaseJdbcLogger.java:159] - <==      Total: 1
[${project.name}][${env:SERVER_PORT}] 2022-06-15 20:01:48,903 DEBUG [http-nio-53050-exec-4][BaseJdbcLogger.java:159] - ==>  Preparing: UPDATE bank_card SET CONSUMER_ID=?, CARD_NUMBER=?, MOBILE=?, STATUS=? WHERE ID=? 
[${project.name}][${env:SERVER_PORT}] 2022-06-15 20:01:48,908 DEBUG [http-nio-53050-exec-4][BaseJdbcLogger.java:159] - ==> Parameters: 1002(Long), 6226556350326837(String), 15378791982(String), 0(Integer), 1537041566422659074(Long)
[${project.name}][${env:SERVER_PORT}] 2022-06-15 20:01:48,917 DEBUG [http-nio-53050-exec-4][BaseJdbcLogger.java:159] - <==    Updates: 1
[${project.name}][${env:SERVER_PORT}] 2022-06-15 20:01:50,008 INFO [AsyncResolver-bootstrap-executor-0][ConfigClusterResolver.java:43] - Resolving eureka endpoints via configuration
