Discovery:53000 2022-06-15 15:16:49,781 INFO [main][SpringApplication.java:675] - No active profile set, falling back to default profiles: default
Discovery:53000 2022-06-15 15:16:52,961 WARN [main][EndpointId.java:135] - Endpoint ID 'service-registry' contains invalid characters, please migrate to a valid format.
Discovery:53000 2022-06-15 15:16:53,828 INFO [main][GenericScope.java:294] - BeanFactory id=33c68227-122c-36dd-8028-a36de4f592a4
Discovery:53000 2022-06-15 15:16:54,541 INFO [main][PostProcessorRegistrationDelegate.java:330] - Bean 'org.springframework.cloud.autoconfigure.ConfigurationPropertiesRebinderAutoConfiguration' of type [org.springframework.cloud.autoconfigure.ConfigurationPropertiesRebinderAutoConfiguration$$EnhancerBySpringCGLIB$$904dc43b] is not eligible for getting processed by all BeanPostProcessors (for example: not eligible for auto-proxying)
Discovery:53000 2022-06-15 15:16:56,255 INFO [main][TomcatWebServer.java:90] - Tomcat initialized with port(s): 53000 (http)
Discovery:53000 2022-06-15 15:16:56,311 INFO [main][DirectJDKLog.java:173] - Initializing ProtocolHandler ["http-nio-53000"]
Discovery:53000 2022-06-15 15:16:56,342 INFO [main][DirectJDKLog.java:173] - Starting service [Tomcat]
Discovery:53000 2022-06-15 15:16:56,344 INFO [main][DirectJDKLog.java:173] - Starting Servlet engine: [Apache Tomcat/9.0.16]
Discovery:53000 2022-06-15 15:16:56,373 INFO [main][DirectJDKLog.java:173] - The APR based Apache Tomcat Native library which allows optimal performance in production environments was not found on the java.library.path: [E:\jdk1.8.0_161\bin;C:\WINDOWS\Sun\Java\bin;C:\WINDOWS\system32;C:\WINDOWS;C:\Program Files (x86)\Common Files\Oracle\Java\javapath;C:\Program Files\VanDyke Software\Clients\;E:\Anaconda;E:\Anaconda\Library\mingw-w64\bin;E:\Anaconda\Library\usr\bin;E:\Anaconda\Library\bin;E:\Anaconda\Scripts;C:\WINDOWS\system32;C:\WINDOWS;C:\WINDOWS\System32\Wbem;C:\WINDOWS\System32\WindowsPowerShell\v1.0\;C:\WINDOWS\System32\OpenSSH\;E:\mysql-5.7.20-winx64\bin;C:\Program Files\dotnet\;E:\nodejs\;C:\Users\Administrator\AppData\Roaming\npm;E:\nodejs\node_global\;C:\Program Files (x86)\Common Files\Thunder Network\KanKan\Codecs;E:\spark-2.1.1-hadoop2.7\bin;D:\Android\Sdk\platform-tools;E:\TortoiseSVN\bin;E:\TortoiseSVN\bin;E:\Subversion\bin;C:\Program Files\Docker\Docker\resources\bin;C:\ProgramData\DockerDesktop\version-bin;E:\CMake\bin;C:\mingw64\bin;E:\scala-2.12.15\bin;C:\Program Files (x86)\scala\bin;E:\spark\bin;E:\spark-2.1.1-hadoop2.7\bin;E:\NetSarang\Xshell 7\;E:\NetSarang\Xftp 7\;C:\Program Files\Git\cmd;E:\apache-maven-3.6.3\bin;E:\jdk1.8.0_161\bin;C:\Users\Administrator\AppData\Local\Microsoft\WindowsApps;E:\IntelliJ IDEA\bin;;C:\Users\Administrator\AppData\Roaming\npm;E:\nodejs\node_global\;C:\Users\Administrator\.dotnet\tools;C:\Users\Administrator\AppData\Local\GitHubDesktop\bin;E:\Microsoft VS Code\bin;.]
Discovery:53000 2022-06-15 15:16:56,964 INFO [main][DirectJDKLog.java:173] - Initializing Spring embedded WebApplicationContext
Discovery:53000 2022-06-15 15:16:56,966 INFO [main][ServletWebServerApplicationContext.java:296] - Root WebApplicationContext: initialization completed in 7138 ms
Discovery:53000 2022-06-15 15:16:57,437 WARN [main][URLConfigurationSource.java:121] - No URLs will be polled as dynamic configuration sources.
Discovery:53000 2022-06-15 15:16:57,439 INFO [main][URLConfigurationSource.java:122] - To enable URLs as dynamic configuration sources, define System property archaius.configurationSource.additionalUrls or make config.properties available on classpath.
Discovery:53000 2022-06-15 15:16:57,514 INFO [main][DynamicPropertyFactory.java:281] - DynamicPropertyFactory is initialized with configuration sources: com.netflix.config.ConcurrentCompositeConfiguration@370c1968
Discovery:53000 2022-06-15 15:17:02,332 INFO [main][WebApplicationImpl.java:815] - Initiating Jersey application, version 'Jersey: 1.19.1 03/11/2016 02:08 PM'
Discovery:53000 2022-06-15 15:17:02,520 INFO [main][DiscoveryJerseyProvider.java:70] - Using JSON encoding codec LegacyJacksonJson
Discovery:53000 2022-06-15 15:17:02,521 INFO [main][DiscoveryJerseyProvider.java:71] - Using JSON decoding codec LegacyJacksonJson
Discovery:53000 2022-06-15 15:17:03,052 INFO [main][DiscoveryJerseyProvider.java:80] - Using XML encoding codec XStreamXml
Discovery:53000 2022-06-15 15:17:03,053 INFO [main][DiscoveryJerseyProvider.java:81] - Using XML decoding codec XStreamXml
Discovery:53000 2022-06-15 15:17:04,872 WARN [main][URLConfigurationSource.java:121] - No URLs will be polled as dynamic configuration sources.
Discovery:53000 2022-06-15 15:17:04,874 INFO [main][URLConfigurationSource.java:122] - To enable URLs as dynamic configuration sources, define System property archaius.configurationSource.additionalUrls or make config.properties available on classpath.
Discovery:53000 2022-06-15 15:17:05,481 INFO [main][ExecutorConfigurationSupport.java:171] - Initializing ExecutorService 'applicationTaskExecutor'
Discovery:53000 2022-06-15 15:17:10,376 INFO [main][InstanceInfoFactory.java:71] - Setting initial instance status as: STARTING
Discovery:53000 2022-06-15 15:17:10,570 INFO [main][DiscoveryClient.java:349] - Initializing Eureka in region us-east-1
Discovery:53000 2022-06-15 15:17:10,571 INFO [main][DiscoveryClient.java:352] - Client configured to neither register nor query for data.
Discovery:53000 2022-06-15 15:17:10,643 INFO [main][DiscoveryClient.java:365] - Discovery Client initialized at timestamp 1655277430624 with initial instances count: 0
Discovery:53000 2022-06-15 15:17:10,827 INFO [main][DefaultEurekaServerContext.java:63] - Initializing ...
Discovery:53000 2022-06-15 15:17:10,839 INFO [main][PeerEurekaNodes.java:188] - Adding new peer nodes [http://localhost:53000/eureka/]
Discovery:53000 2022-06-15 15:17:15,921 INFO [main][DiscoveryJerseyProvider.java:70] - Using JSON encoding codec LegacyJacksonJson
Discovery:53000 2022-06-15 15:17:15,922 INFO [main][DiscoveryJerseyProvider.java:71] - Using JSON decoding codec LegacyJacksonJson
Discovery:53000 2022-06-15 15:17:15,923 INFO [main][DiscoveryJerseyProvider.java:80] - Using XML encoding codec XStreamXml
Discovery:53000 2022-06-15 15:17:15,924 INFO [main][DiscoveryJerseyProvider.java:81] - Using XML decoding codec XStreamXml
Discovery:53000 2022-06-15 15:17:16,500 INFO [main][PeerEurekaNodes.java:110] - Replica node URL:  http://localhost:53000/eureka/
Discovery:53000 2022-06-15 15:17:16,525 INFO [main][AbstractInstanceRegistry.java:151] - Finished initializing remote region registries. All known remote regions: []
Discovery:53000 2022-06-15 15:17:16,527 INFO [main][DefaultEurekaServerContext.java:70] - Initialized
Discovery:53000 2022-06-15 15:17:16,554 INFO [main][EndpointLinksResolver.java:59] - Exposing 2 endpoint(s) beneath base path '/actuator'
Discovery:53000 2022-06-15 15:17:16,850 INFO [main][EurekaServiceRegistry.java:42] - Registering application HNRADIO-DISCOVERY with eureka with status UP
Discovery:53000 2022-06-15 15:17:16,907 INFO [Thread-98][EurekaServerBootstrap.java:109] - Setting the eureka configuration..
Discovery:53000 2022-06-15 15:17:16,913 INFO [Thread-98][EurekaServerBootstrap.java:114] - Eureka data center value eureka.datacenter is not set, defaulting to default
Discovery:53000 2022-06-15 15:17:16,917 INFO [Thread-98][EurekaServerBootstrap.java:128] - Eureka environment value eureka.environment is not set, defaulting to test
Discovery:53000 2022-06-15 15:17:16,954 INFO [main][DirectJDKLog.java:173] - Starting ProtocolHandler ["http-nio-53000"]
Discovery:53000 2022-06-15 15:17:17,009 INFO [Thread-98][EurekaServerBootstrap.java:184] - isAws returned false
Discovery:53000 2022-06-15 15:17:17,013 INFO [Thread-98][EurekaServerBootstrap.java:152] - Initialized server context
Discovery:53000 2022-06-15 15:17:17,014 INFO [Thread-98][PeerAwareInstanceRegistryImpl.java:241] - Got 1 instances from neighboring DS node
Discovery:53000 2022-06-15 15:17:17,014 INFO [Thread-98][PeerAwareInstanceRegistryImpl.java:242] - Renew threshold is: 1
Discovery:53000 2022-06-15 15:17:17,015 INFO [Thread-98][PeerAwareInstanceRegistryImpl.java:253] - Changing status to UP
Discovery:53000 2022-06-15 15:17:17,052 INFO [Thread-98][EurekaServerInitializerConfiguration.java:72] - Started Eureka Server
Discovery:53000 2022-06-15 15:17:17,100 INFO [main][TomcatWebServer.java:204] - Tomcat started on port(s): 53000 (http) with context path ''
Discovery:53000 2022-06-15 15:17:17,106 INFO [main][EurekaAutoServiceRegistration.java:141] - Updating port to 53000
Discovery:53000 2022-06-15 15:17:17,131 INFO [main][StartupInfoLogger.java:59] - Started DiscoveryServer in 44.965 seconds (JVM running for 50.76)
Discovery:53000 2022-06-15 15:17:22,978 INFO [RMI TCP Connection(1)-172.20.48.1][DirectJDKLog.java:173] - Initializing Spring DispatcherServlet 'dispatcherServlet'
Discovery:53000 2022-06-15 15:17:22,979 INFO [RMI TCP Connection(1)-172.20.48.1][FrameworkServlet.java:524] - Initializing Servlet 'dispatcherServlet'
Discovery:53000 2022-06-15 15:17:23,050 INFO [RMI TCP Connection(1)-172.20.48.1][FrameworkServlet.java:546] - Completed initialization in 69 ms
Discovery:53000 2022-06-15 15:17:27,038 INFO [Eureka-EvictionTimer][AbstractInstanceRegistry.java:1250] - Running the evict task with compensationTime 0ms
Discovery:53000 2022-06-15 15:17:37,043 INFO [Eureka-EvictionTimer][AbstractInstanceRegistry.java:1250] - Running the evict task with compensationTime 5ms
Discovery:53000 2022-06-15 15:17:47,061 INFO [Eureka-EvictionTimer][AbstractInstanceRegistry.java:1250] - Running the evict task with compensationTime 18ms
Discovery:53000 2022-06-15 15:17:57,069 INFO [Eureka-EvictionTimer][AbstractInstanceRegistry.java:1250] - Running the evict task with compensationTime 7ms
Discovery:53000 2022-06-15 15:18:07,073 INFO [Eureka-EvictionTimer][AbstractInstanceRegistry.java:1250] - Running the evict task with compensationTime 5ms
Discovery:53000 2022-06-15 15:18:17,083 INFO [Eureka-EvictionTimer][AbstractInstanceRegistry.java:1250] - Running the evict task with compensationTime 8ms
Discovery:53000 2022-06-15 15:18:27,089 INFO [Eureka-EvictionTimer][AbstractInstanceRegistry.java:1250] - Running the evict task with compensationTime 7ms
Discovery:53000 2022-06-15 15:18:37,127 INFO [Eureka-EvictionTimer][AbstractInstanceRegistry.java:1250] - Running the evict task with compensationTime 36ms
Discovery:53000 2022-06-15 15:18:47,135 INFO [Eureka-EvictionTimer][AbstractInstanceRegistry.java:1250] - Running the evict task with compensationTime 9ms
Discovery:53000 2022-06-15 15:18:57,136 INFO [Eureka-EvictionTimer][AbstractInstanceRegistry.java:1250] - Running the evict task with compensationTime 1ms
Discovery:53000 2022-06-15 15:19:07,140 INFO [Eureka-EvictionTimer][AbstractInstanceRegistry.java:1250] - Running the evict task with compensationTime 3ms
Discovery:53000 2022-06-15 15:19:17,149 INFO [Eureka-EvictionTimer][AbstractInstanceRegistry.java:1250] - Running the evict task with compensationTime 8ms
Discovery:53000 2022-06-15 15:19:27,174 INFO [Eureka-EvictionTimer][AbstractInstanceRegistry.java:1250] - Running the evict task with compensationTime 24ms
Discovery:53000 2022-06-15 15:19:37,210 INFO [Eureka-EvictionTimer][AbstractInstanceRegistry.java:1250] - Running the evict task with compensationTime 36ms
Discovery:53000 2022-06-15 15:19:47,214 INFO [Eureka-EvictionTimer][AbstractInstanceRegistry.java:1250] - Running the evict task with compensationTime 3ms
Discovery:53000 2022-06-15 15:19:52,552 INFO [http-nio-53000-exec-2][AbstractInstanceRegistry.java:266] - Registered instance GATEWAY-SERVER/gateway-server:127.0.0.1:53010 with status UP (replication=false)
Discovery:53000 2022-06-15 15:19:54,275 INFO [http-nio-53000-exec-3][AbstractInstanceRegistry.java:266] - Registered instance GATEWAY-SERVER/gateway-server:127.0.0.1:53010 with status UP (replication=true)
Discovery:53000 2022-06-15 15:19:57,237 INFO [Eureka-EvictionTimer][AbstractInstanceRegistry.java:1250] - Running the evict task with compensationTime 23ms
Discovery:53000 2022-06-15 15:20:07,279 INFO [Eureka-EvictionTimer][AbstractInstanceRegistry.java:1250] - Running the evict task with compensationTime 42ms
Discovery:53000 2022-06-15 15:20:17,293 INFO [Eureka-EvictionTimer][AbstractInstanceRegistry.java:1250] - Running the evict task with compensationTime 13ms
Discovery:53000 2022-06-15 15:20:27,308 INFO [Eureka-EvictionTimer][AbstractInstanceRegistry.java:1250] - Running the evict task with compensationTime 15ms
Discovery:53000 2022-06-15 15:20:37,328 INFO [Eureka-EvictionTimer][AbstractInstanceRegistry.java:1250] - Running the evict task with compensationTime 18ms
Discovery:53000 2022-06-15 15:20:47,379 INFO [Eureka-EvictionTimer][AbstractInstanceRegistry.java:1250] - Running the evict task with compensationTime 43ms
Discovery:53000 2022-06-15 15:20:57,378 INFO [Eureka-EvictionTimer][AbstractInstanceRegistry.java:1250] - Running the evict task with compensationTime 7ms
Discovery:53000 2022-06-15 15:21:07,459 INFO [Eureka-EvictionTimer][AbstractInstanceRegistry.java:1250] - Running the evict task with compensationTime 81ms
Discovery:53000 2022-06-15 15:21:17,502 INFO [Eureka-EvictionTimer][AbstractInstanceRegistry.java:1250] - Running the evict task with compensationTime 43ms
Discovery:53000 2022-06-15 15:21:27,517 INFO [Eureka-EvictionTimer][AbstractInstanceRegistry.java:1250] - Running the evict task with compensationTime 14ms
Discovery:53000 2022-06-15 15:21:30,538 INFO [http-nio-53000-exec-5][AbstractInstanceRegistry.java:266] - Registered instance ACCOUNT-SERVICE/account-service:127.0.0.1:53030 with status UP (replication=false)
Discovery:53000 2022-06-15 15:21:31,073 INFO [http-nio-53000-exec-6][AbstractInstanceRegistry.java:266] - Registered instance ACCOUNT-SERVICE/account-service:127.0.0.1:53030 with status UP (replication=true)
Discovery:53000 2022-06-15 15:21:37,530 INFO [Eureka-EvictionTimer][AbstractInstanceRegistry.java:1250] - Running the evict task with compensationTime 12ms
Discovery:53000 2022-06-15 15:21:47,544 INFO [Eureka-EvictionTimer][AbstractInstanceRegistry.java:1250] - Running the evict task with compensationTime 14ms
Discovery:53000 2022-06-15 15:21:48,115 INFO [http-nio-53000-exec-10][AbstractInstanceRegistry.java:266] - Registered instance UAA-SERVICE/uaa-service:127.0.0.1:53020 with status UP (replication=false)
Discovery:53000 2022-06-15 15:21:48,644 INFO [http-nio-53000-exec-8][AbstractInstanceRegistry.java:266] - Registered instance UAA-SERVICE/uaa-service:127.0.0.1:53020 with status UP (replication=true)
Discovery:53000 2022-06-15 15:21:57,548 INFO [Eureka-EvictionTimer][AbstractInstanceRegistry.java:1250] - Running the evict task with compensationTime 3ms
Discovery:53000 2022-06-15 15:22:05,245 INFO [http-nio-53000-exec-7][AbstractInstanceRegistry.java:266] - Registered instance DEPOSITORY-AGENT-SERVICE/depository-agent-service:192.168.0.8:53070 with status UP (replication=false)
Discovery:53000 2022-06-15 15:22:05,778 INFO [http-nio-53000-exec-10][AbstractInstanceRegistry.java:266] - Registered instance DEPOSITORY-AGENT-SERVICE/depository-agent-service:192.168.0.8:53070 with status UP (replication=true)
Discovery:53000 2022-06-15 15:22:07,550 INFO [Eureka-EvictionTimer][AbstractInstanceRegistry.java:1250] - Running the evict task with compensationTime 1ms
Discovery:53000 2022-06-15 15:22:17,568 INFO [Eureka-EvictionTimer][AbstractInstanceRegistry.java:1250] - Running the evict task with compensationTime 18ms
Discovery:53000 2022-06-15 15:22:27,576 INFO [Eureka-EvictionTimer][AbstractInstanceRegistry.java:1250] - Running the evict task with compensationTime 7ms
Discovery:53000 2022-06-15 15:22:37,576 INFO [Eureka-EvictionTimer][AbstractInstanceRegistry.java:1250] - Running the evict task with compensationTime 0ms
Discovery:53000 2022-06-15 15:22:47,590 INFO [Eureka-EvictionTimer][AbstractInstanceRegistry.java:1250] - Running the evict task with compensationTime 13ms
Discovery:53000 2022-06-15 15:22:57,593 INFO [Eureka-EvictionTimer][AbstractInstanceRegistry.java:1250] - Running the evict task with compensationTime 3ms
Discovery:53000 2022-06-15 15:23:07,608 INFO [Eureka-EvictionTimer][AbstractInstanceRegistry.java:1250] - Running the evict task with compensationTime 14ms
Discovery:53000 2022-06-15 15:23:17,622 INFO [Eureka-EvictionTimer][AbstractInstanceRegistry.java:1250] - Running the evict task with compensationTime 13ms
Discovery:53000 2022-06-15 15:23:27,622 INFO [Eureka-EvictionTimer][AbstractInstanceRegistry.java:1250] - Running the evict task with compensationTime 0ms
Discovery:53000 2022-06-15 15:23:37,632 INFO [Eureka-EvictionTimer][AbstractInstanceRegistry.java:1250] - Running the evict task with compensationTime 9ms
Discovery:53000 2022-06-15 15:23:47,646 INFO [Eureka-EvictionTimer][AbstractInstanceRegistry.java:1250] - Running the evict task with compensationTime 14ms
Discovery:53000 2022-06-15 15:23:57,648 INFO [Eureka-EvictionTimer][AbstractInstanceRegistry.java:1250] - Running the evict task with compensationTime 2ms
Discovery:53000 2022-06-15 15:24:07,652 INFO [Eureka-EvictionTimer][AbstractInstanceRegistry.java:1250] - Running the evict task with compensationTime 4ms
Discovery:53000 2022-06-15 15:24:17,658 INFO [Eureka-EvictionTimer][AbstractInstanceRegistry.java:1250] - Running the evict task with compensationTime 5ms
Discovery:53000 2022-06-15 15:24:27,673 INFO [Eureka-EvictionTimer][AbstractInstanceRegistry.java:1250] - Running the evict task with compensationTime 14ms
Discovery:53000 2022-06-15 15:24:37,688 INFO [Eureka-EvictionTimer][AbstractInstanceRegistry.java:1250] - Running the evict task with compensationTime 14ms
Discovery:53000 2022-06-15 15:24:47,692 INFO [Eureka-EvictionTimer][AbstractInstanceRegistry.java:1250] - Running the evict task with compensationTime 4ms
Discovery:53000 2022-06-15 15:24:57,706 INFO [Eureka-EvictionTimer][AbstractInstanceRegistry.java:1250] - Running the evict task with compensationTime 14ms
Discovery:53000 2022-06-15 15:25:07,721 INFO [Eureka-EvictionTimer][AbstractInstanceRegistry.java:1250] - Running the evict task with compensationTime 14ms
Discovery:53000 2022-06-15 15:25:17,726 INFO [Eureka-EvictionTimer][AbstractInstanceRegistry.java:1250] - Running the evict task with compensationTime 5ms
Discovery:53000 2022-06-15 15:25:27,741 INFO [Eureka-EvictionTimer][AbstractInstanceRegistry.java:1250] - Running the evict task with compensationTime 14ms
Discovery:53000 2022-06-15 15:25:37,753 INFO [Eureka-EvictionTimer][AbstractInstanceRegistry.java:1250] - Running the evict task with compensationTime 11ms
Discovery:53000 2022-06-15 15:25:47,761 INFO [Eureka-EvictionTimer][AbstractInstanceRegistry.java:1250] - Running the evict task with compensationTime 8ms
Discovery:53000 2022-06-15 15:25:57,774 INFO [Eureka-EvictionTimer][AbstractInstanceRegistry.java:1250] - Running the evict task with compensationTime 12ms
Discovery:53000 2022-06-15 15:26:07,800 INFO [Eureka-EvictionTimer][AbstractInstanceRegistry.java:1250] - Running the evict task with compensationTime 25ms
Discovery:53000 2022-06-15 15:26:17,817 INFO [Eureka-EvictionTimer][AbstractInstanceRegistry.java:1250] - Running the evict task with compensationTime 17ms
Discovery:53000 2022-06-15 15:26:27,832 INFO [Eureka-EvictionTimer][AbstractInstanceRegistry.java:1250] - Running the evict task with compensationTime 15ms
Discovery:53000 2022-06-15 15:26:37,845 INFO [Eureka-EvictionTimer][AbstractInstanceRegistry.java:1250] - Running the evict task with compensationTime 12ms
Discovery:53000 2022-06-15 15:26:47,848 INFO [Eureka-EvictionTimer][AbstractInstanceRegistry.java:1250] - Running the evict task with compensationTime 3ms
Discovery:53000 2022-06-15 15:26:57,854 INFO [Eureka-EvictionTimer][AbstractInstanceRegistry.java:1250] - Running the evict task with compensationTime 5ms
Discovery:53000 2022-06-15 15:27:07,869 INFO [Eureka-EvictionTimer][AbstractInstanceRegistry.java:1250] - Running the evict task with compensationTime 12ms
Discovery:53000 2022-06-15 15:27:17,867 INFO [Eureka-EvictionTimer][AbstractInstanceRegistry.java:1250] - Running the evict task with compensationTime 0ms
Discovery:53000 2022-06-15 15:27:27,885 INFO [Eureka-EvictionTimer][AbstractInstanceRegistry.java:1250] - Running the evict task with compensationTime 18ms
Discovery:53000 2022-06-15 15:27:37,890 INFO [Eureka-EvictionTimer][AbstractInstanceRegistry.java:1250] - Running the evict task with compensationTime 5ms
Discovery:53000 2022-06-15 15:27:40,481 INFO [http-nio-53000-exec-2][AbstractInstanceRegistry.java:266] - Registered instance CONSUMER-SERVICE/consumer-service:127.0.0.1:53050 with status UP (replication=false)
Discovery:53000 2022-06-15 15:27:41,015 INFO [http-nio-53000-exec-6][AbstractInstanceRegistry.java:266] - Registered instance CONSUMER-SERVICE/consumer-service:127.0.0.1:53050 with status UP (replication=true)
Discovery:53000 2022-06-15 15:27:47,896 INFO [Eureka-EvictionTimer][AbstractInstanceRegistry.java:1250] - Running the evict task with compensationTime 5ms
Discovery:53000 2022-06-15 15:27:57,906 INFO [Eureka-EvictionTimer][AbstractInstanceRegistry.java:1250] - Running the evict task with compensationTime 10ms
Discovery:53000 2022-06-15 15:28:07,912 INFO [Eureka-EvictionTimer][AbstractInstanceRegistry.java:1250] - Running the evict task with compensationTime 5ms
Discovery:53000 2022-06-15 15:28:17,920 INFO [Eureka-EvictionTimer][AbstractInstanceRegistry.java:1250] - Running the evict task with compensationTime 8ms
Discovery:53000 2022-06-15 15:28:27,932 INFO [Eureka-EvictionTimer][AbstractInstanceRegistry.java:1250] - Running the evict task with compensationTime 11ms
Discovery:53000 2022-06-15 15:28:37,939 INFO [Eureka-EvictionTimer][AbstractInstanceRegistry.java:1250] - Running the evict task with compensationTime 7ms
Discovery:53000 2022-06-15 15:28:47,951 INFO [Eureka-EvictionTimer][AbstractInstanceRegistry.java:1250] - Running the evict task with compensationTime 12ms
Discovery:53000 2022-06-15 15:28:57,955 INFO [Eureka-EvictionTimer][AbstractInstanceRegistry.java:1250] - Running the evict task with compensationTime 3ms
Discovery:53000 2022-06-15 15:29:07,970 INFO [Eureka-EvictionTimer][AbstractInstanceRegistry.java:1250] - Running the evict task with compensationTime 15ms
Discovery:53000 2022-06-15 15:29:17,977 INFO [Eureka-EvictionTimer][AbstractInstanceRegistry.java:1250] - Running the evict task with compensationTime 6ms
Discovery:53000 2022-06-15 15:29:27,985 INFO [Eureka-EvictionTimer][AbstractInstanceRegistry.java:1250] - Running the evict task with compensationTime 8ms
Discovery:53000 2022-06-15 15:29:37,992 INFO [Eureka-EvictionTimer][AbstractInstanceRegistry.java:1250] - Running the evict task with compensationTime 7ms
Discovery:53000 2022-06-15 15:29:47,993 INFO [Eureka-EvictionTimer][AbstractInstanceRegistry.java:1250] - Running the evict task with compensationTime 0ms
Discovery:53000 2022-06-15 15:29:57,997 INFO [Eureka-EvictionTimer][AbstractInstanceRegistry.java:1250] - Running the evict task with compensationTime 4ms
Discovery:53000 2022-06-15 15:30:08,009 INFO [Eureka-EvictionTimer][AbstractInstanceRegistry.java:1250] - Running the evict task with compensationTime 11ms
Discovery:53000 2022-06-15 15:30:18,014 INFO [Eureka-EvictionTimer][AbstractInstanceRegistry.java:1250] - Running the evict task with compensationTime 4ms
Discovery:53000 2022-06-15 15:30:28,018 INFO [Eureka-EvictionTimer][AbstractInstanceRegistry.java:1250] - Running the evict task with compensationTime 4ms
Discovery:53000 2022-06-15 15:30:38,022 INFO [Eureka-EvictionTimer][AbstractInstanceRegistry.java:1250] - Running the evict task with compensationTime 3ms
Discovery:53000 2022-06-15 15:30:48,028 INFO [Eureka-EvictionTimer][AbstractInstanceRegistry.java:1250] - Running the evict task with compensationTime 6ms
Discovery:53000 2022-06-15 15:30:58,037 INFO [Eureka-EvictionTimer][AbstractInstanceRegistry.java:1250] - Running the evict task with compensationTime 8ms
Discovery:53000 2022-06-15 15:31:08,038 INFO [Eureka-EvictionTimer][AbstractInstanceRegistry.java:1250] - Running the evict task with compensationTime 1ms
Discovery:53000 2022-06-15 15:31:18,052 INFO [Eureka-EvictionTimer][AbstractInstanceRegistry.java:1250] - Running the evict task with compensationTime 13ms
Discovery:53000 2022-06-15 15:31:28,067 INFO [Eureka-EvictionTimer][AbstractInstanceRegistry.java:1250] - Running the evict task with compensationTime 15ms
Discovery:53000 2022-06-15 15:31:38,082 INFO [Eureka-EvictionTimer][AbstractInstanceRegistry.java:1250] - Running the evict task with compensationTime 14ms
Discovery:53000 2022-06-15 15:31:48,087 INFO [Eureka-EvictionTimer][AbstractInstanceRegistry.java:1250] - Running the evict task with compensationTime 5ms
Discovery:53000 2022-06-15 15:31:58,088 INFO [Eureka-EvictionTimer][AbstractInstanceRegistry.java:1250] - Running the evict task with compensationTime 0ms
Discovery:53000 2022-06-15 15:32:08,170 INFO [Eureka-EvictionTimer][AbstractInstanceRegistry.java:1250] - Running the evict task with compensationTime 82ms
Discovery:53000 2022-06-15 15:32:16,527 INFO [ReplicaAwareInstanceRegistry - RenewalThresholdUpdater][PeerAwareInstanceRegistryImpl.java:539] - Current renewal threshold is : 0
Discovery:53000 2022-06-15 15:32:18,177 INFO [Eureka-EvictionTimer][AbstractInstanceRegistry.java:1250] - Running the evict task with compensationTime 6ms
Discovery:53000 2022-06-15 15:32:28,184 INFO [Eureka-EvictionTimer][AbstractInstanceRegistry.java:1250] - Running the evict task with compensationTime 6ms
Discovery:53000 2022-06-15 15:32:38,199 INFO [Eureka-EvictionTimer][AbstractInstanceRegistry.java:1250] - Running the evict task with compensationTime 14ms
Discovery:53000 2022-06-15 15:32:48,204 INFO [Eureka-EvictionTimer][AbstractInstanceRegistry.java:1250] - Running the evict task with compensationTime 5ms
Discovery:53000 2022-06-15 15:32:58,206 INFO [Eureka-EvictionTimer][AbstractInstanceRegistry.java:1250] - Running the evict task with compensationTime 1ms
Discovery:53000 2022-06-15 15:33:08,219 INFO [Eureka-EvictionTimer][AbstractInstanceRegistry.java:1250] - Running the evict task with compensationTime 13ms
Discovery:53000 2022-06-15 15:33:18,229 INFO [Eureka-EvictionTimer][AbstractInstanceRegistry.java:1250] - Running the evict task with compensationTime 9ms
Discovery:53000 2022-06-15 15:33:28,238 INFO [Eureka-EvictionTimer][AbstractInstanceRegistry.java:1250] - Running the evict task with compensationTime 8ms
Discovery:53000 2022-06-15 15:33:38,246 INFO [Eureka-EvictionTimer][AbstractInstanceRegistry.java:1250] - Running the evict task with compensationTime 8ms
Discovery:53000 2022-06-15 15:33:48,249 INFO [Eureka-EvictionTimer][AbstractInstanceRegistry.java:1250] - Running the evict task with compensationTime 2ms
Discovery:53000 2022-06-15 15:33:58,250 INFO [Eureka-EvictionTimer][AbstractInstanceRegistry.java:1250] - Running the evict task with compensationTime 1ms
Discovery:53000 2022-06-15 15:34:08,265 INFO [Eureka-EvictionTimer][AbstractInstanceRegistry.java:1250] - Running the evict task with compensationTime 14ms
Discovery:53000 2022-06-15 15:34:18,265 INFO [Eureka-EvictionTimer][AbstractInstanceRegistry.java:1250] - Running the evict task with compensationTime 0ms
Discovery:53000 2022-06-15 15:34:28,078 INFO [http-nio-53000-exec-2][AbstractInstanceRegistry.java:266] - Registered instance UAA-SERVICE/uaa-service:127.0.0.1:53020 with status UP (replication=false)
Discovery:53000 2022-06-15 15:34:28,273 INFO [Eureka-EvictionTimer][AbstractInstanceRegistry.java:1250] - Running the evict task with compensationTime 7ms
Discovery:53000 2022-06-15 15:34:28,601 INFO [http-nio-53000-exec-6][AbstractInstanceRegistry.java:266] - Registered instance UAA-SERVICE/uaa-service:127.0.0.1:53020 with status UP (replication=true)
Discovery:53000 2022-06-15 15:34:38,288 INFO [Eureka-EvictionTimer][AbstractInstanceRegistry.java:1250] - Running the evict task with compensationTime 14ms
Discovery:53000 2022-06-15 15:34:48,301 INFO [Eureka-EvictionTimer][AbstractInstanceRegistry.java:1250] - Running the evict task with compensationTime 13ms
Discovery:53000 2022-06-15 15:34:58,304 INFO [Eureka-EvictionTimer][AbstractInstanceRegistry.java:1250] - Running the evict task with compensationTime 3ms
Discovery:53000 2022-06-15 15:35:08,322 INFO [Eureka-EvictionTimer][AbstractInstanceRegistry.java:1250] - Running the evict task with compensationTime 17ms
Discovery:53000 2022-06-15 15:35:18,328 INFO [Eureka-EvictionTimer][AbstractInstanceRegistry.java:1250] - Running the evict task with compensationTime 6ms
Discovery:53000 2022-06-15 15:35:28,329 INFO [Eureka-EvictionTimer][AbstractInstanceRegistry.java:1250] - Running the evict task with compensationTime 1ms
Discovery:53000 2022-06-15 15:35:38,338 INFO [Eureka-EvictionTimer][AbstractInstanceRegistry.java:1250] - Running the evict task with compensationTime 8ms
Discovery:53000 2022-06-15 15:35:48,425 INFO [Eureka-EvictionTimer][AbstractInstanceRegistry.java:1250] - Running the evict task with compensationTime 86ms
Discovery:53000 2022-06-15 15:35:58,427 INFO [Eureka-EvictionTimer][AbstractInstanceRegistry.java:1250] - Running the evict task with compensationTime 2ms
Discovery:53000 2022-06-15 15:36:08,441 INFO [Eureka-EvictionTimer][AbstractInstanceRegistry.java:1250] - Running the evict task with compensationTime 13ms
Discovery:53000 2022-06-15 15:36:18,450 INFO [Eureka-EvictionTimer][AbstractInstanceRegistry.java:1250] - Running the evict task with compensationTime 9ms
Discovery:53000 2022-06-15 15:36:28,455 INFO [Eureka-EvictionTimer][AbstractInstanceRegistry.java:1250] - Running the evict task with compensationTime 4ms
Discovery:53000 2022-06-15 15:36:38,457 INFO [Eureka-EvictionTimer][AbstractInstanceRegistry.java:1250] - Running the evict task with compensationTime 1ms
Discovery:53000 2022-06-15 15:36:48,469 INFO [Eureka-EvictionTimer][AbstractInstanceRegistry.java:1250] - Running the evict task with compensationTime 12ms
Discovery:53000 2022-06-15 15:36:58,478 INFO [Eureka-EvictionTimer][AbstractInstanceRegistry.java:1250] - Running the evict task with compensationTime 8ms
Discovery:53000 2022-06-15 15:37:08,494 INFO [Eureka-EvictionTimer][AbstractInstanceRegistry.java:1250] - Running the evict task with compensationTime 15ms
Discovery:53000 2022-06-15 15:37:18,529 INFO [Eureka-EvictionTimer][AbstractInstanceRegistry.java:1250] - Running the evict task with compensationTime 36ms
Discovery:53000 2022-06-15 15:37:28,557 INFO [Eureka-EvictionTimer][AbstractInstanceRegistry.java:1250] - Running the evict task with compensationTime 27ms
Discovery:53000 2022-06-15 15:37:38,589 INFO [Eureka-EvictionTimer][AbstractInstanceRegistry.java:1250] - Running the evict task with compensationTime 33ms
Discovery:53000 2022-06-15 15:37:48,599 INFO [Eureka-EvictionTimer][AbstractInstanceRegistry.java:1250] - Running the evict task with compensationTime 8ms
Discovery:53000 2022-06-15 15:37:58,617 INFO [Eureka-EvictionTimer][AbstractInstanceRegistry.java:1250] - Running the evict task with compensationTime 17ms
Discovery:53000 2022-06-15 15:38:08,617 INFO [Eureka-EvictionTimer][AbstractInstanceRegistry.java:1250] - Running the evict task with compensationTime 0ms
Discovery:53000 2022-06-15 15:38:18,626 INFO [Eureka-EvictionTimer][AbstractInstanceRegistry.java:1250] - Running the evict task with compensationTime 8ms
Discovery:53000 2022-06-15 15:38:28,730 INFO [Eureka-EvictionTimer][AbstractInstanceRegistry.java:1250] - Running the evict task with compensationTime 19ms
Discovery:53000 2022-06-15 15:38:38,652 INFO [Eureka-EvictionTimer][AbstractInstanceRegistry.java:1250] - Running the evict task with compensationTime 6ms
Discovery:53000 2022-06-15 15:38:39,830 INFO [http-nio-53000-exec-5][AbstractInstanceRegistry.java:266] - Registered instance UAA-SERVICE/uaa-service:127.0.0.1:53020 with status UP (replication=false)
Discovery:53000 2022-06-15 15:38:40,370 INFO [http-nio-53000-exec-9][AbstractInstanceRegistry.java:266] - Registered instance UAA-SERVICE/uaa-service:127.0.0.1:53020 with status UP (replication=true)
Discovery:53000 2022-06-15 15:38:48,655 INFO [Eureka-EvictionTimer][AbstractInstanceRegistry.java:1250] - Running the evict task with compensationTime 3ms
Discovery:53000 2022-06-15 15:38:58,658 INFO [Eureka-EvictionTimer][AbstractInstanceRegistry.java:1250] - Running the evict task with compensationTime 3ms
Discovery:53000 2022-06-15 15:39:08,670 INFO [Eureka-EvictionTimer][AbstractInstanceRegistry.java:1250] - Running the evict task with compensationTime 11ms
Discovery:53000 2022-06-15 15:39:18,677 INFO [Eureka-EvictionTimer][AbstractInstanceRegistry.java:1250] - Running the evict task with compensationTime 6ms
Discovery:53000 2022-06-15 15:39:28,688 INFO [Eureka-EvictionTimer][AbstractInstanceRegistry.java:1250] - Running the evict task with compensationTime 11ms
Discovery:53000 2022-06-15 15:39:38,696 INFO [Eureka-EvictionTimer][AbstractInstanceRegistry.java:1250] - Running the evict task with compensationTime 7ms
Discovery:53000 2022-06-15 15:39:48,697 INFO [Eureka-EvictionTimer][AbstractInstanceRegistry.java:1250] - Running the evict task with compensationTime 1ms
Discovery:53000 2022-06-15 15:39:58,702 INFO [Eureka-EvictionTimer][AbstractInstanceRegistry.java:1250] - Running the evict task with compensationTime 3ms
Discovery:53000 2022-06-15 15:40:08,703 INFO [Eureka-EvictionTimer][AbstractInstanceRegistry.java:1250] - Running the evict task with compensationTime 0ms
Discovery:53000 2022-06-15 15:40:18,710 INFO [Eureka-EvictionTimer][AbstractInstanceRegistry.java:1250] - Running the evict task with compensationTime 7ms
Discovery:53000 2022-06-15 15:40:28,718 INFO [Eureka-EvictionTimer][AbstractInstanceRegistry.java:1250] - Running the evict task with compensationTime 7ms
Discovery:53000 2022-06-15 15:40:38,731 INFO [Eureka-EvictionTimer][AbstractInstanceRegistry.java:1250] - Running the evict task with compensationTime 12ms
Discovery:53000 2022-06-15 15:40:48,745 INFO [Eureka-EvictionTimer][AbstractInstanceRegistry.java:1250] - Running the evict task with compensationTime 14ms
Discovery:53000 2022-06-15 15:40:58,746 INFO [Eureka-EvictionTimer][AbstractInstanceRegistry.java:1250] - Running the evict task with compensationTime 1ms
Discovery:53000 2022-06-15 15:41:08,750 INFO [Eureka-EvictionTimer][AbstractInstanceRegistry.java:1250] - Running the evict task with compensationTime 3ms
Discovery:53000 2022-06-15 15:41:18,755 INFO [Eureka-EvictionTimer][AbstractInstanceRegistry.java:1250] - Running the evict task with compensationTime 5ms
Discovery:53000 2022-06-15 15:41:28,839 INFO [Eureka-EvictionTimer][AbstractInstanceRegistry.java:1250] - Running the evict task with compensationTime 84ms
Discovery:53000 2022-06-15 15:41:38,842 INFO [Eureka-EvictionTimer][AbstractInstanceRegistry.java:1250] - Running the evict task with compensationTime 2ms
Discovery:53000 2022-06-15 15:41:48,868 INFO [Eureka-EvictionTimer][AbstractInstanceRegistry.java:1250] - Running the evict task with compensationTime 26ms
Discovery:53000 2022-06-15 15:41:58,875 INFO [Eureka-EvictionTimer][AbstractInstanceRegistry.java:1250] - Running the evict task with compensationTime 6ms
Discovery:53000 2022-06-15 15:42:08,888 INFO [Eureka-EvictionTimer][AbstractInstanceRegistry.java:1250] - Running the evict task with compensationTime 12ms
Discovery:53000 2022-06-15 15:42:18,898 INFO [Eureka-EvictionTimer][AbstractInstanceRegistry.java:1250] - Running the evict task with compensationTime 10ms
Discovery:53000 2022-06-15 15:42:28,907 INFO [Eureka-EvictionTimer][AbstractInstanceRegistry.java:1250] - Running the evict task with compensationTime 8ms
Discovery:53000 2022-06-15 15:42:38,919 INFO [Eureka-EvictionTimer][AbstractInstanceRegistry.java:1250] - Running the evict task with compensationTime 12ms
Discovery:53000 2022-06-15 15:42:48,932 INFO [Eureka-EvictionTimer][AbstractInstanceRegistry.java:1250] - Running the evict task with compensationTime 12ms
Discovery:53000 2022-06-15 15:42:58,946 INFO [Eureka-EvictionTimer][AbstractInstanceRegistry.java:1250] - Running the evict task with compensationTime 13ms
Discovery:53000 2022-06-15 15:43:02,974 INFO [http-nio-53000-exec-7][AbstractInstanceRegistry.java:266] - Registered instance ACCOUNT-SERVICE/account-service:127.0.0.1:53030 with status UP (replication=false)
Discovery:53000 2022-06-15 15:43:03,504 INFO [http-nio-53000-exec-10][AbstractInstanceRegistry.java:266] - Registered instance ACCOUNT-SERVICE/account-service:127.0.0.1:53030 with status UP (replication=true)
Discovery:53000 2022-06-15 15:43:08,952 INFO [Eureka-EvictionTimer][AbstractInstanceRegistry.java:1250] - Running the evict task with compensationTime 6ms
Discovery:53000 2022-06-15 15:43:18,955 INFO [Eureka-EvictionTimer][AbstractInstanceRegistry.java:1250] - Running the evict task with compensationTime 2ms
Discovery:53000 2022-06-15 15:43:28,967 INFO [Eureka-EvictionTimer][AbstractInstanceRegistry.java:1250] - Running the evict task with compensationTime 12ms
Discovery:53000 2022-06-15 15:43:38,981 INFO [Eureka-EvictionTimer][AbstractInstanceRegistry.java:1250] - Running the evict task with compensationTime 13ms
Discovery:53000 2022-06-15 15:43:48,988 INFO [Eureka-EvictionTimer][AbstractInstanceRegistry.java:1250] - Running the evict task with compensationTime 6ms
Discovery:53000 2022-06-15 15:43:58,995 INFO [Eureka-EvictionTimer][AbstractInstanceRegistry.java:1250] - Running the evict task with compensationTime 7ms
Discovery:53000 2022-06-15 15:44:09,005 INFO [Eureka-EvictionTimer][AbstractInstanceRegistry.java:1250] - Running the evict task with compensationTime 9ms
Discovery:53000 2022-06-15 15:44:19,014 INFO [Eureka-EvictionTimer][AbstractInstanceRegistry.java:1250] - Running the evict task with compensationTime 9ms
Discovery:53000 2022-06-15 15:44:29,022 INFO [Eureka-EvictionTimer][AbstractInstanceRegistry.java:1250] - Running the evict task with compensationTime 8ms
Discovery:53000 2022-06-15 15:44:39,022 INFO [Eureka-EvictionTimer][AbstractInstanceRegistry.java:1250] - Running the evict task with compensationTime 0ms
Discovery:53000 2022-06-15 15:44:49,026 INFO [Eureka-EvictionTimer][AbstractInstanceRegistry.java:1250] - Running the evict task with compensationTime 3ms
Discovery:53000 2022-06-15 15:44:59,040 INFO [Eureka-EvictionTimer][AbstractInstanceRegistry.java:1250] - Running the evict task with compensationTime 14ms
Discovery:53000 2022-06-15 15:45:09,056 INFO [Eureka-EvictionTimer][AbstractInstanceRegistry.java:1250] - Running the evict task with compensationTime 15ms
Discovery:53000 2022-06-15 15:45:19,067 INFO [Eureka-EvictionTimer][AbstractInstanceRegistry.java:1250] - Running the evict task with compensationTime 10ms
Discovery:53000 2022-06-15 15:45:29,072 INFO [Eureka-EvictionTimer][AbstractInstanceRegistry.java:1250] - Running the evict task with compensationTime 5ms
Discovery:53000 2022-06-15 15:45:39,073 INFO [Eureka-EvictionTimer][AbstractInstanceRegistry.java:1250] - Running the evict task with compensationTime 1ms
Discovery:53000 2022-06-15 15:45:49,076 INFO [Eureka-EvictionTimer][AbstractInstanceRegistry.java:1250] - Running the evict task with compensationTime 2ms
Discovery:53000 2022-06-15 15:45:59,091 INFO [Eureka-EvictionTimer][AbstractInstanceRegistry.java:1250] - Running the evict task with compensationTime 15ms
Discovery:53000 2022-06-15 15:46:09,106 INFO [Eureka-EvictionTimer][AbstractInstanceRegistry.java:1250] - Running the evict task with compensationTime 14ms
Discovery:53000 2022-06-15 15:46:19,121 INFO [Eureka-EvictionTimer][AbstractInstanceRegistry.java:1250] - Running the evict task with compensationTime 14ms
Discovery:53000 2022-06-15 15:46:29,136 INFO [Eureka-EvictionTimer][AbstractInstanceRegistry.java:1250] - Running the evict task with compensationTime 14ms
Discovery:53000 2022-06-15 15:46:39,150 INFO [Eureka-EvictionTimer][AbstractInstanceRegistry.java:1250] - Running the evict task with compensationTime 14ms
Discovery:53000 2022-06-15 15:46:49,159 INFO [Eureka-EvictionTimer][AbstractInstanceRegistry.java:1250] - Running the evict task with compensationTime 9ms
Discovery:53000 2022-06-15 15:46:59,173 INFO [Eureka-EvictionTimer][AbstractInstanceRegistry.java:1250] - Running the evict task with compensationTime 13ms
Discovery:53000 2022-06-15 15:47:09,173 INFO [Eureka-EvictionTimer][AbstractInstanceRegistry.java:1250] - Running the evict task with compensationTime 0ms
Discovery:53000 2022-06-15 15:47:16,528 INFO [ReplicaAwareInstanceRegistry - RenewalThresholdUpdater][PeerAwareInstanceRegistryImpl.java:539] - Current renewal threshold is : 0
Discovery:53000 2022-06-15 15:47:19,180 INFO [Eureka-EvictionTimer][AbstractInstanceRegistry.java:1250] - Running the evict task with compensationTime 7ms
Discovery:53000 2022-06-15 15:47:29,181 INFO [Eureka-EvictionTimer][AbstractInstanceRegistry.java:1250] - Running the evict task with compensationTime 1ms
Discovery:53000 2022-06-15 15:47:39,196 INFO [Eureka-EvictionTimer][AbstractInstanceRegistry.java:1250] - Running the evict task with compensationTime 15ms
Discovery:53000 2022-06-15 15:47:49,201 INFO [Eureka-EvictionTimer][AbstractInstanceRegistry.java:1250] - Running the evict task with compensationTime 4ms
Discovery:53000 2022-06-15 15:47:59,212 INFO [Eureka-EvictionTimer][AbstractInstanceRegistry.java:1250] - Running the evict task with compensationTime 10ms
Discovery:53000 2022-06-15 15:48:09,219 INFO [Eureka-EvictionTimer][AbstractInstanceRegistry.java:1250] - Running the evict task with compensationTime 7ms
Discovery:53000 2022-06-15 15:48:19,230 INFO [Eureka-EvictionTimer][AbstractInstanceRegistry.java:1250] - Running the evict task with compensationTime 10ms
Discovery:53000 2022-06-15 15:48:29,241 INFO [Eureka-EvictionTimer][AbstractInstanceRegistry.java:1250] - Running the evict task with compensationTime 11ms
Discovery:53000 2022-06-15 15:48:39,245 INFO [Eureka-EvictionTimer][AbstractInstanceRegistry.java:1250] - Running the evict task with compensationTime 3ms
Discovery:53000 2022-06-15 15:48:49,255 INFO [Eureka-EvictionTimer][AbstractInstanceRegistry.java:1250] - Running the evict task with compensationTime 9ms
Discovery:53000 2022-06-15 15:48:59,261 INFO [Eureka-EvictionTimer][AbstractInstanceRegistry.java:1250] - Running the evict task with compensationTime 6ms
Discovery:53000 2022-06-15 15:49:09,263 INFO [Eureka-EvictionTimer][AbstractInstanceRegistry.java:1250] - Running the evict task with compensationTime 1ms
Discovery:53000 2022-06-15 15:49:19,274 INFO [Eureka-EvictionTimer][AbstractInstanceRegistry.java:1250] - Running the evict task with compensationTime 11ms
Discovery:53000 2022-06-15 15:49:29,276 INFO [Eureka-EvictionTimer][AbstractInstanceRegistry.java:1250] - Running the evict task with compensationTime 1ms
Discovery:53000 2022-06-15 15:49:39,283 INFO [Eureka-EvictionTimer][AbstractInstanceRegistry.java:1250] - Running the evict task with compensationTime 7ms
Discovery:53000 2022-06-15 15:49:49,287 INFO [Eureka-EvictionTimer][AbstractInstanceRegistry.java:1250] - Running the evict task with compensationTime 3ms
Discovery:53000 2022-06-15 15:49:59,297 INFO [Eureka-EvictionTimer][AbstractInstanceRegistry.java:1250] - Running the evict task with compensationTime 9ms
Discovery:53000 2022-06-15 15:50:09,300 INFO [Eureka-EvictionTimer][AbstractInstanceRegistry.java:1250] - Running the evict task with compensationTime 2ms
Discovery:53000 2022-06-15 15:50:19,305 INFO [Eureka-EvictionTimer][AbstractInstanceRegistry.java:1250] - Running the evict task with compensationTime 5ms
Discovery:53000 2022-06-15 15:50:29,307 INFO [Eureka-EvictionTimer][AbstractInstanceRegistry.java:1250] - Running the evict task with compensationTime 1ms
Discovery:53000 2022-06-15 15:50:39,316 INFO [Eureka-EvictionTimer][AbstractInstanceRegistry.java:1250] - Running the evict task with compensationTime 9ms
Discovery:53000 2022-06-15 15:50:49,323 INFO [Eureka-EvictionTimer][AbstractInstanceRegistry.java:1250] - Running the evict task with compensationTime 6ms
Discovery:53000 2022-06-15 15:50:59,326 INFO [Eureka-EvictionTimer][AbstractInstanceRegistry.java:1250] - Running the evict task with compensationTime 3ms
Discovery:53000 2022-06-15 15:51:09,332 INFO [Eureka-EvictionTimer][AbstractInstanceRegistry.java:1250] - Running the evict task with compensationTime 5ms
Discovery:53000 2022-06-15 15:51:19,336 INFO [Eureka-EvictionTimer][AbstractInstanceRegistry.java:1250] - Running the evict task with compensationTime 4ms
Discovery:53000 2022-06-15 15:51:29,340 INFO [Eureka-EvictionTimer][AbstractInstanceRegistry.java:1250] - Running the evict task with compensationTime 4ms
Discovery:53000 2022-06-15 15:51:39,354 INFO [Eureka-EvictionTimer][AbstractInstanceRegistry.java:1250] - Running the evict task with compensationTime 14ms
Discovery:53000 2022-06-15 15:51:49,368 INFO [Eureka-EvictionTimer][AbstractInstanceRegistry.java:1250] - Running the evict task with compensationTime 13ms
Discovery:53000 2022-06-15 15:51:59,378 INFO [Eureka-EvictionTimer][AbstractInstanceRegistry.java:1250] - Running the evict task with compensationTime 10ms
Discovery:53000 2022-06-15 15:52:09,381 INFO [Eureka-EvictionTimer][AbstractInstanceRegistry.java:1250] - Running the evict task with compensationTime 4ms
Discovery:53000 2022-06-15 15:52:19,392 INFO [Eureka-EvictionTimer][AbstractInstanceRegistry.java:1250] - Running the evict task with compensationTime 9ms
Discovery:53000 2022-06-15 15:52:29,401 INFO [Eureka-EvictionTimer][AbstractInstanceRegistry.java:1250] - Running the evict task with compensationTime 8ms
Discovery:53000 2022-06-15 15:52:39,402 INFO [Eureka-EvictionTimer][AbstractInstanceRegistry.java:1250] - Running the evict task with compensationTime 1ms
Discovery:53000 2022-06-15 15:52:49,413 INFO [Eureka-EvictionTimer][AbstractInstanceRegistry.java:1250] - Running the evict task with compensationTime 10ms
Discovery:53000 2022-06-15 15:52:59,418 INFO [Eureka-EvictionTimer][AbstractInstanceRegistry.java:1250] - Running the evict task with compensationTime 5ms
Discovery:53000 2022-06-15 15:53:09,430 INFO [Eureka-EvictionTimer][AbstractInstanceRegistry.java:1250] - Running the evict task with compensationTime 11ms
Discovery:53000 2022-06-15 15:53:17,744 INFO [http-nio-53000-exec-7][AbstractInstanceRegistry.java:266] - Registered instance ACCOUNT-SERVICE/account-service:127.0.0.1:53030 with status UP (replication=false)
Discovery:53000 2022-06-15 15:53:18,263 INFO [http-nio-53000-exec-10][AbstractInstanceRegistry.java:266] - Registered instance ACCOUNT-SERVICE/account-service:127.0.0.1:53030 with status UP (replication=true)
Discovery:53000 2022-06-15 15:53:19,434 INFO [Eureka-EvictionTimer][AbstractInstanceRegistry.java:1250] - Running the evict task with compensationTime 4ms
Discovery:53000 2022-06-15 15:53:21,776 INFO [http-nio-53000-exec-3][AbstractInstanceRegistry.java:266] - Registered instance DEPOSITORY-AGENT-SERVICE/depository-agent-service:192.168.0.8:53070 with status UP (replication=false)
Discovery:53000 2022-06-15 15:53:22,310 INFO [http-nio-53000-exec-9][AbstractInstanceRegistry.java:266] - Registered instance DEPOSITORY-AGENT-SERVICE/depository-agent-service:192.168.0.8:53070 with status UP (replication=true)
Discovery:53000 2022-06-15 15:53:29,449 INFO [Eureka-EvictionTimer][AbstractInstanceRegistry.java:1250] - Running the evict task with compensationTime 14ms
Discovery:53000 2022-06-15 15:53:39,462 INFO [Eureka-EvictionTimer][AbstractInstanceRegistry.java:1250] - Running the evict task with compensationTime 12ms
Discovery:53000 2022-06-15 15:53:49,463 INFO [Eureka-EvictionTimer][AbstractInstanceRegistry.java:1250] - Running the evict task with compensationTime 1ms
Discovery:53000 2022-06-15 15:53:59,472 INFO [Eureka-EvictionTimer][AbstractInstanceRegistry.java:1250] - Running the evict task with compensationTime 8ms
Discovery:53000 2022-06-15 15:54:09,491 INFO [Eureka-EvictionTimer][AbstractInstanceRegistry.java:1250] - Running the evict task with compensationTime 19ms
Discovery:53000 2022-06-15 15:54:19,495 INFO [Eureka-EvictionTimer][AbstractInstanceRegistry.java:1250] - Running the evict task with compensationTime 4ms
Discovery:53000 2022-06-15 15:54:29,508 INFO [Eureka-EvictionTimer][AbstractInstanceRegistry.java:1250] - Running the evict task with compensationTime 12ms
Discovery:53000 2022-06-15 15:54:39,519 INFO [Eureka-EvictionTimer][AbstractInstanceRegistry.java:1250] - Running the evict task with compensationTime 11ms
Discovery:53000 2022-06-15 15:54:49,530 INFO [Eureka-EvictionTimer][AbstractInstanceRegistry.java:1250] - Running the evict task with compensationTime 11ms
Discovery:53000 2022-06-15 15:54:59,538 INFO [Eureka-EvictionTimer][AbstractInstanceRegistry.java:1250] - Running the evict task with compensationTime 7ms
Discovery:53000 2022-06-15 15:55:09,548 INFO [Eureka-EvictionTimer][AbstractInstanceRegistry.java:1250] - Running the evict task with compensationTime 10ms
Discovery:53000 2022-06-15 15:55:19,553 INFO [Eureka-EvictionTimer][AbstractInstanceRegistry.java:1250] - Running the evict task with compensationTime 4ms
Discovery:53000 2022-06-15 15:55:29,559 INFO [Eureka-EvictionTimer][AbstractInstanceRegistry.java:1250] - Running the evict task with compensationTime 5ms
Discovery:53000 2022-06-15 15:55:39,574 INFO [Eureka-EvictionTimer][AbstractInstanceRegistry.java:1250] - Running the evict task with compensationTime 15ms
Discovery:53000 2022-06-15 15:55:49,585 INFO [Eureka-EvictionTimer][AbstractInstanceRegistry.java:1250] - Running the evict task with compensationTime 11ms
Discovery:53000 2022-06-15 15:55:59,600 INFO [Eureka-EvictionTimer][AbstractInstanceRegistry.java:1250] - Running the evict task with compensationTime 14ms
Discovery:53000 2022-06-15 15:56:09,600 INFO [Eureka-EvictionTimer][AbstractInstanceRegistry.java:1250] - Running the evict task with compensationTime 0ms
Discovery:53000 2022-06-15 15:56:19,614 INFO [Eureka-EvictionTimer][AbstractInstanceRegistry.java:1250] - Running the evict task with compensationTime 13ms
Discovery:53000 2022-06-15 15:56:29,624 INFO [Eureka-EvictionTimer][AbstractInstanceRegistry.java:1250] - Running the evict task with compensationTime 10ms
Discovery:53000 2022-06-15 15:56:39,656 INFO [Eureka-EvictionTimer][AbstractInstanceRegistry.java:1250] - Running the evict task with compensationTime 31ms
Discovery:53000 2022-06-15 15:56:49,658 INFO [Eureka-EvictionTimer][AbstractInstanceRegistry.java:1250] - Running the evict task with compensationTime 2ms
Discovery:53000 2022-06-15 15:56:59,741 INFO [Eureka-EvictionTimer][AbstractInstanceRegistry.java:1250] - Running the evict task with compensationTime 82ms
Discovery:53000 2022-06-15 15:57:09,755 INFO [Eureka-EvictionTimer][AbstractInstanceRegistry.java:1250] - Running the evict task with compensationTime 13ms
Discovery:53000 2022-06-15 15:57:19,759 INFO [Eureka-EvictionTimer][AbstractInstanceRegistry.java:1250] - Running the evict task with compensationTime 4ms
Discovery:53000 2022-06-15 15:57:29,762 INFO [Eureka-EvictionTimer][AbstractInstanceRegistry.java:1250] - Running the evict task with compensationTime 2ms
Discovery:53000 2022-06-15 15:57:39,776 INFO [Eureka-EvictionTimer][AbstractInstanceRegistry.java:1250] - Running the evict task with compensationTime 14ms
Discovery:53000 2022-06-15 15:57:49,785 INFO [Eureka-EvictionTimer][AbstractInstanceRegistry.java:1250] - Running the evict task with compensationTime 8ms
Discovery:53000 2022-06-15 15:57:59,801 INFO [Eureka-EvictionTimer][AbstractInstanceRegistry.java:1250] - Running the evict task with compensationTime 15ms
Discovery:53000 2022-06-15 15:58:03,559 INFO [http-nio-53000-exec-10][AbstractInstanceRegistry.java:266] - Registered instance ACCOUNT-SERVICE/account-service:127.0.0.1:53030 with status UP (replication=false)
Discovery:53000 2022-06-15 15:58:04,089 INFO [http-nio-53000-exec-5][AbstractInstanceRegistry.java:266] - Registered instance ACCOUNT-SERVICE/account-service:127.0.0.1:53030 with status UP (replication=true)
Discovery:53000 2022-06-15 15:58:09,856 INFO [Eureka-EvictionTimer][AbstractInstanceRegistry.java:1250] - Running the evict task with compensationTime 55ms
Discovery:53000 2022-06-15 15:58:19,870 INFO [Eureka-EvictionTimer][AbstractInstanceRegistry.java:1250] - Running the evict task with compensationTime 13ms
Discovery:53000 2022-06-15 15:58:29,882 INFO [Eureka-EvictionTimer][AbstractInstanceRegistry.java:1250] - Running the evict task with compensationTime 11ms
Discovery:53000 2022-06-15 15:58:39,885 INFO [Eureka-EvictionTimer][AbstractInstanceRegistry.java:1250] - Running the evict task with compensationTime 3ms
Discovery:53000 2022-06-15 15:58:49,900 INFO [Eureka-EvictionTimer][AbstractInstanceRegistry.java:1250] - Running the evict task with compensationTime 15ms
Discovery:53000 2022-06-15 15:58:59,900 INFO [Eureka-EvictionTimer][AbstractInstanceRegistry.java:1250] - Running the evict task with compensationTime 0ms
Discovery:53000 2022-06-15 15:59:09,916 INFO [Eureka-EvictionTimer][AbstractInstanceRegistry.java:1250] - Running the evict task with compensationTime 15ms
Discovery:53000 2022-06-15 15:59:19,934 INFO [Eureka-EvictionTimer][AbstractInstanceRegistry.java:1250] - Running the evict task with compensationTime 18ms
Discovery:53000 2022-06-15 15:59:29,939 INFO [Eureka-EvictionTimer][AbstractInstanceRegistry.java:1250] - Running the evict task with compensationTime 4ms
Discovery:53000 2022-06-15 15:59:39,949 INFO [Eureka-EvictionTimer][AbstractInstanceRegistry.java:1250] - Running the evict task with compensationTime 9ms
Discovery:53000 2022-06-15 15:59:49,958 INFO [Eureka-EvictionTimer][AbstractInstanceRegistry.java:1250] - Running the evict task with compensationTime 9ms
Discovery:53000 2022-06-15 15:59:59,973 INFO [Eureka-EvictionTimer][AbstractInstanceRegistry.java:1250] - Running the evict task with compensationTime 15ms
