[ConsumerService][53050] 2022-06-22 21:41:33,851 INFO [main][DefaultApplicationProvider.java:85] - App ID is set to consumer-service by app.id property from System Property
[ConsumerService][53050] 2022-06-22 21:41:33,861 INFO [main][DefaultServerProvider.java:108] - Environment is set to [dev] by JVM system property 'env'.
[ConsumerService][53050] 2022-06-22 21:41:33,971 WARN [main][DefaultMetaServerProvider.java:39] - Could not find meta server address, because it is not available in neither (1) JVM system property 'apollo.meta', (2) OS env variable 'APOLLO_META' (3) property 'apollo.meta' from server.properties nor (4) property 'apollo.meta' from app.properties
[ConsumerService][53050] 2022-06-22 21:41:33,989 INFO [main][MetaDomainConsts.java:93] - Located meta server address http://localhost:8080 for env DEV from com.ctrip.framework.apollo.core.internals.LegacyMetaServerProvider
[ConsumerService][53050] 2022-06-22 21:41:37,103 INFO [main][SpringApplication.java:675] - No active profile set, falling back to default profiles: default
[ConsumerService][53050] 2022-06-22 21:41:40,225 INFO [main][RepositoryConfigurationDelegate.java:244] - Multiple Spring Data modules found, entering strict repository configuration mode!
[ConsumerService][53050] 2022-06-22 21:41:40,228 INFO [main][RepositoryConfigurationDelegate.java:126] - Bootstrapping Spring Data repositories in DEFAULT mode.
[ConsumerService][53050] 2022-06-22 21:41:40,319 INFO [main][RepositoryConfigurationDelegate.java:182] - Finished Spring Data repository scanning in 78ms. Found 0 repository interfaces.
[ConsumerService][53050] 2022-06-22 21:41:40,344 INFO [main][RepositoryConfigurationDelegate.java:244] - Multiple Spring Data modules found, entering strict repository configuration mode!
[ConsumerService][53050] 2022-06-22 21:41:40,348 INFO [main][RepositoryConfigurationDelegate.java:126] - Bootstrapping Spring Data repositories in DEFAULT mode.
[ConsumerService][53050] 2022-06-22 21:41:40,383 INFO [main][RepositoryConfigurationDelegate.java:182] - Finished Spring Data repository scanning in 13ms. Found 0 repository interfaces.
[ConsumerService][53050] 2022-06-22 21:41:40,612 WARN [main][EndpointId.java:135] - Endpoint ID 'service-registry' contains invalid characters, please migrate to a valid format.
[ConsumerService][53050] 2022-06-22 21:41:41,082 INFO [main][GenericScope.java:294] - BeanFactory id=84d9a334-7360-36ce-9d22-a0a9f0cdd40c
[ConsumerService][53050] 2022-06-22 21:41:41,265 INFO [main][PostProcessorRegistrationDelegate.java:330] - Bean 'com.liu.wanxinp2p.consumer.agent.AccountServiceAgent' of type [org.springframework.cloud.openfeign.FeignClientFactoryBean] is not eligible for getting processed by all BeanPostProcessors (for example: not eligible for auto-proxying)
[ConsumerService][53050] 2022-06-22 21:41:41,268 INFO [main][PostProcessorRegistrationDelegate.java:330] - Bean 'com.liu.wanxinp2p.consumer.agent.DepositoryServiceAgent' of type [org.springframework.cloud.openfeign.FeignClientFactoryBean] is not eligible for getting processed by all BeanPostProcessors (for example: not eligible for auto-proxying)
[ConsumerService][53050] 2022-06-22 21:41:41,312 INFO [main][PostProcessorRegistrationDelegate.java:330] - Bean 'com.alibaba.druid.spring.boot.autoconfigure.stat.DruidSpringAopConfiguration' of type [com.alibaba.druid.spring.boot.autoconfigure.stat.DruidSpringAopConfiguration] is not eligible for getting processed by all BeanPostProcessors (for example: not eligible for auto-proxying)
[ConsumerService][53050] 2022-06-22 21:41:41,328 INFO [main][PostProcessorRegistrationDelegate.java:330] - Bean 'org.apache.rocketmq.spring.autoconfigure.RocketMQAutoConfiguration' of type [org.apache.rocketmq.spring.autoconfigure.RocketMQAutoConfiguration$$EnhancerBySpringCGLIB$$b5f7daa2] is not eligible for getting processed by all BeanPostProcessors (for example: not eligible for auto-proxying)
[ConsumerService][53050] 2022-06-22 21:41:41,361 INFO [main][PostProcessorRegistrationDelegate.java:330] - Bean 'rocketmq-org.apache.rocketmq.spring.autoconfigure.RocketMQProperties' of type [org.apache.rocketmq.spring.autoconfigure.RocketMQProperties] is not eligible for getting processed by all BeanPostProcessors (for example: not eligible for auto-proxying)
[ConsumerService][53050] 2022-06-22 21:41:43,200 INFO [main][PostProcessorRegistrationDelegate.java:330] - Bean 'defaultMQProducer' of type [org.apache.rocketmq.client.producer.DefaultMQProducer] is not eligible for getting processed by all BeanPostProcessors (for example: not eligible for auto-proxying)
[ConsumerService][53050] 2022-06-22 21:41:43,203 INFO [main][PostProcessorRegistrationDelegate.java:330] - Bean 'org.springframework.boot.autoconfigure.jackson.JacksonAutoConfiguration$JacksonObjectMapperConfiguration' of type [org.springframework.boot.autoconfigure.jackson.JacksonAutoConfiguration$JacksonObjectMapperConfiguration$$EnhancerBySpringCGLIB$$e8f54b37] is not eligible for getting processed by all BeanPostProcessors (for example: not eligible for auto-proxying)
[ConsumerService][53050] 2022-06-22 21:41:43,210 INFO [main][PostProcessorRegistrationDelegate.java:330] - Bean 'org.springframework.boot.autoconfigure.jackson.JacksonAutoConfiguration$JacksonObjectMapperBuilderConfiguration' of type [org.springframework.boot.autoconfigure.jackson.JacksonAutoConfiguration$JacksonObjectMapperBuilderConfiguration$$EnhancerBySpringCGLIB$$9b420d50] is not eligible for getting processed by all BeanPostProcessors (for example: not eligible for auto-proxying)
[ConsumerService][53050] 2022-06-22 21:41:43,214 INFO [main][PostProcessorRegistrationDelegate.java:330] - Bean 'org.springframework.boot.autoconfigure.jackson.JacksonAutoConfiguration$Jackson2ObjectMapperBuilderCustomizerConfiguration' of type [org.springframework.boot.autoconfigure.jackson.JacksonAutoConfiguration$Jackson2ObjectMapperBuilderCustomizerConfiguration$$EnhancerBySpringCGLIB$$5658f33f] is not eligible for getting processed by all BeanPostProcessors (for example: not eligible for auto-proxying)
[ConsumerService][53050] 2022-06-22 21:41:43,222 INFO [main][PostProcessorRegistrationDelegate.java:330] - Bean 'spring.jackson-org.springframework.boot.autoconfigure.jackson.JacksonProperties' of type [org.springframework.boot.autoconfigure.jackson.JacksonProperties] is not eligible for getting processed by all BeanPostProcessors (for example: not eligible for auto-proxying)
[ConsumerService][53050] 2022-06-22 21:41:43,226 INFO [main][PostProcessorRegistrationDelegate.java:330] - Bean 'standardJacksonObjectMapperBuilderCustomizer' of type [org.springframework.boot.autoconfigure.jackson.JacksonAutoConfiguration$Jackson2ObjectMapperBuilderCustomizerConfiguration$StandardJackson2ObjectMapperBuilderCustomizer] is not eligible for getting processed by all BeanPostProcessors (for example: not eligible for auto-proxying)
[ConsumerService][53050] 2022-06-22 21:41:43,233 INFO [main][PostProcessorRegistrationDelegate.java:330] - Bean 'org.springframework.boot.autoconfigure.jackson.JacksonAutoConfiguration$ParameterNamesModuleConfiguration' of type [org.springframework.boot.autoconfigure.jackson.JacksonAutoConfiguration$ParameterNamesModuleConfiguration$$EnhancerBySpringCGLIB$$7d246a6d] is not eligible for getting processed by all BeanPostProcessors (for example: not eligible for auto-proxying)
[ConsumerService][53050] 2022-06-22 21:41:43,243 INFO [main][PostProcessorRegistrationDelegate.java:330] - Bean 'parameterNamesModule' of type [com.fasterxml.jackson.module.paramnames.ParameterNamesModule] is not eligible for getting processed by all BeanPostProcessors (for example: not eligible for auto-proxying)
[ConsumerService][53050] 2022-06-22 21:41:43,244 INFO [main][PostProcessorRegistrationDelegate.java:330] - Bean 'org.springframework.boot.autoconfigure.jackson.JacksonAutoConfiguration' of type [org.springframework.boot.autoconfigure.jackson.JacksonAutoConfiguration$$EnhancerBySpringCGLIB$$cb00e8c6] is not eligible for getting processed by all BeanPostProcessors (for example: not eligible for auto-proxying)
[ConsumerService][53050] 2022-06-22 21:41:43,302 INFO [main][PostProcessorRegistrationDelegate.java:330] - Bean 'jsonComponentModule' of type [org.springframework.boot.jackson.JsonComponentModule] is not eligible for getting processed by all BeanPostProcessors (for example: not eligible for auto-proxying)
[ConsumerService][53050] 2022-06-22 21:41:43,304 INFO [main][PostProcessorRegistrationDelegate.java:330] - Bean 'org.springframework.data.web.config.SpringDataJacksonConfiguration' of type [org.springframework.data.web.config.SpringDataJacksonConfiguration] is not eligible for getting processed by all BeanPostProcessors (for example: not eligible for auto-proxying)
[ConsumerService][53050] 2022-06-22 21:41:43,311 INFO [main][PostProcessorRegistrationDelegate.java:330] - Bean 'jacksonGeoModule' of type [org.springframework.data.geo.GeoModule] is not eligible for getting processed by all BeanPostProcessors (for example: not eligible for auto-proxying)
[ConsumerService][53050] 2022-06-22 21:41:43,313 INFO [main][PostProcessorRegistrationDelegate.java:330] - Bean 'org.springframework.data.mongodb.config.GeoJsonConfiguration' of type [org.springframework.data.mongodb.config.GeoJsonConfiguration] is not eligible for getting processed by all BeanPostProcessors (for example: not eligible for auto-proxying)
[ConsumerService][53050] 2022-06-22 21:41:43,327 INFO [main][PostProcessorRegistrationDelegate.java:330] - Bean 'geoJsonModule' of type [org.springframework.data.mongodb.core.geo.GeoJsonModule] is not eligible for getting processed by all BeanPostProcessors (for example: not eligible for auto-proxying)
[ConsumerService][53050] 2022-06-22 21:41:43,333 INFO [main][PostProcessorRegistrationDelegate.java:330] - Bean 'jacksonObjectMapperBuilder' of type [org.springframework.http.converter.json.Jackson2ObjectMapperBuilder] is not eligible for getting processed by all BeanPostProcessors (for example: not eligible for auto-proxying)
[ConsumerService][53050] 2022-06-22 21:41:43,382 INFO [main][PostProcessorRegistrationDelegate.java:330] - Bean 'jacksonObjectMapper' of type [com.fasterxml.jackson.databind.ObjectMapper] is not eligible for getting processed by all BeanPostProcessors (for example: not eligible for auto-proxying)
[ConsumerService][53050] 2022-06-22 21:41:48,004 INFO [main][PostProcessorRegistrationDelegate.java:330] - Bean 'rocketMQTemplate' of type [org.apache.rocketmq.spring.core.RocketMQTemplate] is not eligible for getting processed by all BeanPostProcessors (for example: not eligible for auto-proxying)
[ConsumerService][53050] 2022-06-22 21:41:48,007 INFO [main][PostProcessorRegistrationDelegate.java:330] - Bean 'transactionHandlerRegistry' of type [org.apache.rocketmq.spring.config.TransactionHandlerRegistry] is not eligible for getting processed by all BeanPostProcessors (for example: not eligible for auto-proxying)
[ConsumerService][53050] 2022-06-22 21:41:48,119 INFO [main][PostProcessorRegistrationDelegate.java:330] - Bean 'org.springframework.transaction.annotation.ProxyTransactionManagementConfiguration' of type [org.springframework.transaction.annotation.ProxyTransactionManagementConfiguration$$EnhancerBySpringCGLIB$$8d61cba6] is not eligible for getting processed by all BeanPostProcessors (for example: not eligible for auto-proxying)
[ConsumerService][53050] 2022-06-22 21:41:48,504 INFO [main][PostProcessorRegistrationDelegate.java:330] - Bean 'spring.datasource.druid-com.alibaba.druid.spring.boot.autoconfigure.properties.DruidStatProperties' of type [com.alibaba.druid.spring.boot.autoconfigure.properties.DruidStatProperties] is not eligible for getting processed by all BeanPostProcessors (for example: not eligible for auto-proxying)
[ConsumerService][53050] 2022-06-22 21:41:48,569 INFO [main][PostProcessorRegistrationDelegate.java:330] - Bean 'advisor' of type [org.springframework.aop.support.RegexpMethodPointcutAdvisor] is not eligible for getting processed by all BeanPostProcessors (for example: not eligible for auto-proxying)
[ConsumerService][53050] 2022-06-22 21:41:48,593 INFO [main][PostProcessorRegistrationDelegate.java:330] - Bean 'org.springframework.cloud.autoconfigure.ConfigurationPropertiesRebinderAutoConfiguration' of type [org.springframework.cloud.autoconfigure.ConfigurationPropertiesRebinderAutoConfiguration$$EnhancerBySpringCGLIB$$a97bcea3] is not eligible for getting processed by all BeanPostProcessors (for example: not eligible for auto-proxying)
[ConsumerService][53050] 2022-06-22 21:41:49,508 INFO [main][TomcatWebServer.java:90] - Tomcat initialized with port(s): 53050 (http)
[ConsumerService][53050] 2022-06-22 21:41:49,579 INFO [main][DirectJDKLog.java:173] - Initializing ProtocolHandler ["http-nio-53050"]
[ConsumerService][53050] 2022-06-22 21:41:49,599 INFO [main][DirectJDKLog.java:173] - Starting service [Tomcat]
[ConsumerService][53050] 2022-06-22 21:41:49,601 INFO [main][DirectJDKLog.java:173] - Starting Servlet engine: [Apache Tomcat/9.0.16]
[ConsumerService][53050] 2022-06-22 21:41:49,638 INFO [main][DirectJDKLog.java:173] - The APR based Apache Tomcat Native library which allows optimal performance in production environments was not found on the java.library.path: [E:\jdk1.8.0_161\bin;C:\WINDOWS\Sun\Java\bin;C:\WINDOWS\system32;C:\WINDOWS;C:\Program Files (x86)\Common Files\Oracle\Java\javapath;C:\Program Files\VanDyke Software\Clients\;E:\Anaconda;E:\Anaconda\Library\mingw-w64\bin;E:\Anaconda\Library\usr\bin;E:\Anaconda\Library\bin;E:\Anaconda\Scripts;C:\WINDOWS\system32;C:\WINDOWS;C:\WINDOWS\System32\Wbem;C:\WINDOWS\System32\WindowsPowerShell\v1.0\;C:\WINDOWS\System32\OpenSSH\;E:\mysql-5.7.20-winx64\bin;C:\Program Files\dotnet\;E:\nodejs\;C:\Users\Administrator\AppData\Roaming\npm;E:\nodejs\node_global\;C:\Program Files (x86)\Common Files\Thunder Network\KanKan\Codecs;E:\spark-2.1.1-hadoop2.7\bin;D:\Android\Sdk\platform-tools;E:\TortoiseSVN\bin;E:\TortoiseSVN\bin;E:\Subversion\bin;C:\Program Files\Docker\Docker\resources\bin;C:\ProgramData\DockerDesktop\version-bin;E:\CMake\bin;C:\mingw64\bin;E:\scala-2.12.15\bin;C:\Program Files (x86)\scala\bin;E:\spark\bin;E:\spark-2.1.1-hadoop2.7\bin;E:\NetSarang\Xshell 7\;E:\NetSarang\Xftp 7\;C:\Program Files\Git\cmd;E:\apache-maven-3.6.3\bin;E:\jdk1.8.0_161\bin;C:\Users\Administrator\AppData\Local\Microsoft\WindowsApps;E:\IntelliJ IDEA\bin;;C:\Users\Administrator\AppData\Roaming\npm;E:\nodejs\node_global\;C:\Users\Administrator\.dotnet\tools;C:\Users\Administrator\AppData\Local\GitHubDesktop\bin;E:\Microsoft VS Code\bin;.]
[ConsumerService][53050] 2022-06-22 21:41:49,906 INFO [main][DirectJDKLog.java:173] - Initializing Spring embedded WebApplicationContext
[ConsumerService][53050] 2022-06-22 21:41:49,906 INFO [main][ServletWebServerApplicationContext.java:296] - Root WebApplicationContext: initialization completed in 12734 ms
[ConsumerService][53050] 2022-06-22 21:41:50,202 WARN [main][URLConfigurationSource.java:121] - No URLs will be polled as dynamic configuration sources.
[ConsumerService][53050] 2022-06-22 21:41:50,204 INFO [main][URLConfigurationSource.java:122] - To enable URLs as dynamic configuration sources, define System property archaius.configurationSource.additionalUrls or make config.properties available on classpath.
[ConsumerService][53050] 2022-06-22 21:41:50,235 INFO [main][DynamicPropertyFactory.java:281] - DynamicPropertyFactory is initialized with configuration sources: com.netflix.config.ConcurrentCompositeConfiguration@20be890d
[ConsumerService][53050] 2022-06-22 21:41:50,491 INFO [main][DruidDataSourceAutoConfigure.java:56] - Init DruidDataSource
[ConsumerService][53050] 2022-06-22 21:41:50,505 INFO [NettyClientSelector_1][Slf4jLoggerFactory.java:95] - closeChannel: close the connection to remote address[] result: true
[ConsumerService][53050] 2022-06-22 21:41:50,505 INFO [NettyClientSelector_1][Slf4jLoggerFactory.java:95] - closeChannel: close the connection to remote address[] result: true
[ConsumerService][53050] 2022-06-22 21:41:51,223 INFO [main][DruidDataSource.java:1002] - {dataSource-1} inited
[ConsumerService][53050] 2022-06-22 21:41:55,327 INFO [main][AutowiredAnnotationBeanPostProcessor.java:342] - Inconsistent constructor declaration on bean with name 'hmilyAutoConfiguration': single autowire-marked constructor flagged as optional - this constructor is effectively required since there is no default constructor to fall back to: public org.dromara.hmily.spring.boot.starter.parent.configuration.HmilyAutoConfiguration$$EnhancerBySpringCGLIB$$b9fd0a32(org.dromara.hmily.spring.boot.starter.parent.config.HmilyConfigProperties)
[ConsumerService][53050] 2022-06-22 21:41:55,898 INFO [main][EndpointLinksResolver.java:59] - Exposing 2 endpoint(s) beneath base path '/actuator'
[ConsumerService][53050] 2022-06-22 21:41:56,212 INFO [main][HikariDataSource.java:110] - HikariPool-1 - Starting...
[ConsumerService][53050] 2022-06-22 21:41:56,226 WARN [main][DriverDataSource.java:68] - Registered driver with driverClassName=com.mysql.jdbc.Driver was not found, trying direct instantiation.
[ConsumerService][53050] 2022-06-22 21:41:56,273 INFO [main][HikariDataSource.java:123] - HikariPool-1 - Start completed.
[ConsumerService][53050] 2022-06-22 21:41:56,314 INFO [main][HmilyLogo.java:49] - 


    __  __          _ __     
   / / / /___ ___  (_) /_  __
  / /_/ / __ `__ \/ / / / / /
 / __  / / / / / / / / /_/ / 
/_/ /_/_/ /_/ /_/_/_/\__, /  
                    /____/   

 :: Hmily :: (v2.0.0-RELEASE)

[ConsumerService][53050] 2022-06-22 21:41:56,348 INFO [main][PropertySourcedRequestMappingHandlerMapping.java:69] - Mapped URL path [/v2/api-docs] onto method [public org.springframework.http.ResponseEntity<springfox.documentation.spring.web.json.Json> springfox.documentation.swagger2.web.Swagger2Controller.getDocumentation(java.lang.String,javax.servlet.http.HttpServletRequest)]
[ConsumerService][53050] 2022-06-22 21:41:56,371 WARN [main][URLConfigurationSource.java:121] - No URLs will be polled as dynamic configuration sources.
[ConsumerService][53050] 2022-06-22 21:41:56,372 INFO [main][URLConfigurationSource.java:122] - To enable URLs as dynamic configuration sources, define System property archaius.configurationSource.additionalUrls or make config.properties available on classpath.
[ConsumerService][53050] 2022-06-22 21:41:56,591 INFO [main][ExecutorConfigurationSupport.java:171] - Initializing ExecutorService 'applicationTaskExecutor'
[ConsumerService][53050] 2022-06-22 21:41:58,996 WARN [main][EurekaStarterDeprecationWarningAutoConfiguration.java:19] - spring-cloud-starter-eureka is deprecated as of Spring Cloud Netflix 1.4.0, please migrate to spring-cloud-starter-netflix-eureka
[ConsumerService][53050] 2022-06-22 21:42:02,516 INFO [NettyClientSelector_1][Slf4jLoggerFactory.java:95] - closeChannel: close the connection to remote address[] result: true
[ConsumerService][53050] 2022-06-22 21:42:04,564 INFO [NettyClientSelector_1][Slf4jLoggerFactory.java:95] - closeChannel: close the connection to remote address[] result: true
[ConsumerService][53050] 2022-06-22 21:42:04,569 INFO [main][DefaultRocketMQListenerContainer.java:243] - running container: DefaultRocketMQListenerContainer{consumerGroup='CID_P2P_GATEWAY_NOTIFY', nameServer='127.0.0.1:9876', topic='TP_GATEWAY_NOTIFY_AGENT', consumeMode=CONCURRENTLY, selectorType=TAG, selectorExpression='PERSONAL_REGISTER', messageModel=CLUSTERING}
[ConsumerService][53050] 2022-06-22 21:42:04,569 INFO [main][ListenerContainerConfiguration.java:107] - Register the listener to container, listenerBeanName:gatewayNotifyListener, containerBeanName:org.apache.rocketmq.spring.support.DefaultRocketMQListenerContainer_1
[ConsumerService][53050] 2022-06-22 21:42:04,683 INFO [main][InstanceInfoFactory.java:71] - Setting initial instance status as: STARTING
[ConsumerService][53050] 2022-06-22 21:42:04,746 INFO [main][DiscoveryClient.java:349] - Initializing Eureka in region us-east-1
[ConsumerService][53050] 2022-06-22 21:42:05,991 INFO [main][DiscoveryJerseyProvider.java:70] - Using JSON encoding codec LegacyJacksonJson
[ConsumerService][53050] 2022-06-22 21:42:05,992 INFO [main][DiscoveryJerseyProvider.java:71] - Using JSON decoding codec LegacyJacksonJson
[ConsumerService][53050] 2022-06-22 21:42:06,369 INFO [main][DiscoveryJerseyProvider.java:80] - Using XML encoding codec XStreamXml
[ConsumerService][53050] 2022-06-22 21:42:06,370 INFO [main][DiscoveryJerseyProvider.java:81] - Using XML decoding codec XStreamXml
[ConsumerService][53050] 2022-06-22 21:42:06,592 INFO [NettyClientSelector_1][Slf4jLoggerFactory.java:95] - closeChannel: close the connection to remote address[] result: true
[ConsumerService][53050] 2022-06-22 21:42:06,961 INFO [main][ConfigClusterResolver.java:43] - Resolving eureka endpoints via configuration
[ConsumerService][53050] 2022-06-22 21:42:07,849 INFO [main][DiscoveryClient.java:958] - Disable delta property : false
[ConsumerService][53050] 2022-06-22 21:42:07,850 INFO [main][DiscoveryClient.java:959] - Single vip registry refresh property : null
[ConsumerService][53050] 2022-06-22 21:42:07,850 INFO [main][DiscoveryClient.java:960] - Force full registry fetch : false
[ConsumerService][53050] 2022-06-22 21:42:07,850 INFO [main][DiscoveryClient.java:961] - Application is null : false
[ConsumerService][53050] 2022-06-22 21:42:07,850 INFO [main][DiscoveryClient.java:962] - Registered Applications size is zero : true
[ConsumerService][53050] 2022-06-22 21:42:07,851 INFO [main][DiscoveryClient.java:964] - Application version is -1: true
[ConsumerService][53050] 2022-06-22 21:42:07,851 INFO [main][DiscoveryClient.java:1047] - Getting all instance registry info from the eureka server
[ConsumerService][53050] 2022-06-22 21:42:08,258 INFO [main][DiscoveryClient.java:1056] - The response status is 200
[ConsumerService][53050] 2022-06-22 21:42:08,267 INFO [main][DiscoveryClient.java:1270] - Starting heartbeat executor: renew interval is: 30
[ConsumerService][53050] 2022-06-22 21:42:08,274 INFO [main][InstanceInfoReplicator.java:60] - InstanceInfoReplicator onDemand update allowed rate per min is 4
[ConsumerService][53050] 2022-06-22 21:42:08,284 INFO [main][DiscoveryClient.java:449] - Discovery Client initialized at timestamp 1655905328280 with initial instances count: 6
[ConsumerService][53050] 2022-06-22 21:42:08,291 INFO [main][EurekaServiceRegistry.java:42] - Registering application CONSUMER-SERVICE with eureka with status UP
[ConsumerService][53050] 2022-06-22 21:42:08,291 INFO [main][DiscoveryClient.java:1305] - Saw local status change event StatusChangeEvent [timestamp=1655905328291, current=UP, previous=STARTING]
[ConsumerService][53050] 2022-06-22 21:42:08,295 INFO [main][DocumentationPluginsBootstrapper.java:160] - Context refreshed
[ConsumerService][53050] 2022-06-22 21:42:08,297 INFO [DiscoveryClient-InstanceInfoReplicator-0][DiscoveryClient.java:826] - DiscoveryClient_CONSUMER-SERVICE/consumer-service:127.0.0.1:53050: registering service...
[ConsumerService][53050] 2022-06-22 21:42:08,332 INFO [main][DocumentationPluginsBootstrapper.java:163] - Found 1 custom documentation plugin(s)
[ConsumerService][53050] 2022-06-22 21:42:08,436 INFO [DiscoveryClient-InstanceInfoReplicator-0][DiscoveryClient.java:835] - DiscoveryClient_CONSUMER-SERVICE/consumer-service:127.0.0.1:53050 - registration status: 204
[ConsumerService][53050] 2022-06-22 21:42:08,470 INFO [main][ApiListingReferenceScanner.java:41] - Scanning for api listing references
[ConsumerService][53050] 2022-06-22 21:42:08,634 INFO [NettyClientSelector_1][Slf4jLoggerFactory.java:95] - closeChannel: close the connection to remote address[] result: true
[ConsumerService][53050] 2022-06-22 21:42:08,973 INFO [main][CachingOperationNameGenerator.java:40] - Generating unique operation named: handleUsingGET_1
[ConsumerService][53050] 2022-06-22 21:42:08,978 INFO [main][CachingOperationNameGenerator.java:40] - Generating unique operation named: handleUsingGET_2
[ConsumerService][53050] 2022-06-22 21:42:08,982 INFO [main][CachingOperationNameGenerator.java:40] - Generating unique operation named: handleUsingGET_3
[ConsumerService][53050] 2022-06-22 21:42:09,053 INFO [main][DirectJDKLog.java:173] - Starting ProtocolHandler ["http-nio-53050"]
[ConsumerService][53050] 2022-06-22 21:42:09,111 INFO [main][TomcatWebServer.java:204] - Tomcat started on port(s): 53050 (http) with context path '/consumer'
[ConsumerService][53050] 2022-06-22 21:42:09,114 INFO [main][EurekaAutoServiceRegistration.java:141] - Updating port to 53050
[ConsumerService][53050] 2022-06-22 21:42:09,120 INFO [main][StartupInfoLogger.java:59] - Started ConsumerService in 46.334 seconds (JVM running for 53.126)
[ConsumerService][53050] 2022-06-22 21:42:11,786 INFO [RMI TCP Connection(3)-172.21.208.1][DirectJDKLog.java:173] - Initializing Spring DispatcherServlet 'dispatcherServlet'
[ConsumerService][53050] 2022-06-22 21:42:11,787 INFO [RMI TCP Connection(3)-172.21.208.1][FrameworkServlet.java:524] - Initializing Servlet 'dispatcherServlet'
[ConsumerService][53050] 2022-06-22 21:42:11,811 INFO [RMI TCP Connection(3)-172.21.208.1][FrameworkServlet.java:546] - Completed initialization in 24 ms
[ConsumerService][53050] 2022-06-22 21:42:19,940 INFO [NettyClientSelector_1][Slf4jLoggerFactory.java:95] - closeChannel: close the connection to remote address[] result: true
[ConsumerService][53050] 2022-06-22 21:42:20,048 INFO [NettyClientSelector_1][Slf4jLoggerFactory.java:95] - closeChannel: close the connection to remote address[] result: true
[ConsumerService][53050] 2022-06-22 21:42:21,972 INFO [NettyClientSelector_1][Slf4jLoggerFactory.java:95] - closeChannel: close the connection to remote address[] result: true
[ConsumerService][53050] 2022-06-22 21:42:26,321 INFO [hmilyTransaction-tccRollBackService-1][LogUtil.java:87] - rollback execute delayTime:60
[ConsumerService][53050] 2022-06-22 21:42:30,665 INFO [NettyClientSelector_1][Slf4jLoggerFactory.java:95] - closeChannel: close the connection to remote address[] result: true
[ConsumerService][53050] 2022-06-22 21:42:32,699 INFO [NettyClientSelector_1][Slf4jLoggerFactory.java:95] - closeChannel: close the connection to remote address[] result: true
[ConsumerService][53050] 2022-06-22 21:42:47,900 INFO [NettyClientSelector_1][Slf4jLoggerFactory.java:95] - closeChannel: close the connection to remote address[] result: true
[ConsumerService][53050] 2022-06-22 21:42:49,942 INFO [NettyClientSelector_1][Slf4jLoggerFactory.java:95] - closeChannel: close the connection to remote address[] result: true
[ConsumerService][53050] 2022-06-22 21:42:50,054 INFO [NettyClientSelector_1][Slf4jLoggerFactory.java:95] - closeChannel: close the connection to remote address[] result: true
[ConsumerService][53050] 2022-06-22 21:42:51,982 INFO [NettyClientSelector_1][Slf4jLoggerFactory.java:95] - closeChannel: close the connection to remote address[] result: true
[ConsumerService][53050] 2022-06-22 21:42:56,770 INFO [NettyClientSelector_1][Slf4jLoggerFactory.java:95] - closeChannel: close the connection to remote address[] result: true
[ConsumerService][53050] 2022-06-22 21:43:17,904 INFO [NettyClientSelector_1][Slf4jLoggerFactory.java:95] - closeChannel: close the connection to remote address[] result: true
[ConsumerService][53050] 2022-06-22 21:43:19,936 INFO [NettyClientSelector_1][Slf4jLoggerFactory.java:95] - closeChannel: close the connection to remote address[] result: true
[ConsumerService][53050] 2022-06-22 21:43:20,047 INFO [NettyClientSelector_1][Slf4jLoggerFactory.java:95] - closeChannel: close the connection to remote address[] result: true
[ConsumerService][53050] 2022-06-22 21:43:21,973 INFO [NettyClientSelector_1][Slf4jLoggerFactory.java:95] - closeChannel: close the connection to remote address[] result: true
[ConsumerService][53050] 2022-06-22 21:43:24,002 INFO [NettyClientSelector_1][Slf4jLoggerFactory.java:95] - closeChannel: close the connection to remote address[] result: true
[ConsumerService][53050] 2022-06-22 21:43:26,393 INFO [hmilyTransaction-tccRollBackService-1][LogUtil.java:87] - rollback execute delayTime:60
[ConsumerService][53050] 2022-06-22 21:43:46,047 INFO [NettyClientSelector_1][Slf4jLoggerFactory.java:95] - closeChannel: close the connection to remote address[] result: true
[ConsumerService][53050] 2022-06-22 21:43:48,075 INFO [NettyClientSelector_1][Slf4jLoggerFactory.java:95] - closeChannel: close the connection to remote address[] result: true
[ConsumerService][53050] 2022-06-22 21:43:50,056 INFO [NettyClientSelector_1][Slf4jLoggerFactory.java:95] - closeChannel: close the connection to remote address[] result: true
[ConsumerService][53050] 2022-06-22 21:43:50,104 INFO [NettyClientSelector_1][Slf4jLoggerFactory.java:95] - closeChannel: close the connection to remote address[] result: true
[ConsumerService][53050] 2022-06-22 21:43:52,128 INFO [NettyClientSelector_1][Slf4jLoggerFactory.java:95] - closeChannel: close the connection to remote address[] result: true
[ConsumerService][53050] 2022-06-22 21:44:11,116 INFO [NettyClientSelector_1][Slf4jLoggerFactory.java:95] - closeChannel: close the connection to remote address[] result: true
[ConsumerService][53050] 2022-06-22 21:44:13,154 INFO [NettyClientSelector_1][Slf4jLoggerFactory.java:95] - closeChannel: close the connection to remote address[] result: true
[ConsumerService][53050] 2022-06-22 21:44:17,893 INFO [NettyClientSelector_1][Slf4jLoggerFactory.java:95] - closeChannel: close the connection to remote address[] result: true
[ConsumerService][53050] 2022-06-22 21:44:20,056 INFO [NettyClientSelector_1][Slf4jLoggerFactory.java:95] - closeChannel: close the connection to remote address[] result: true
[ConsumerService][53050] 2022-06-22 21:44:21,967 INFO [NettyClientSelector_1][Slf4jLoggerFactory.java:95] - closeChannel: close the connection to remote address[] result: true
[ConsumerService][53050] 2022-06-22 21:44:26,407 INFO [hmilyTransaction-tccRollBackService-1][LogUtil.java:87] - rollback execute delayTime:60
[ConsumerService][53050] 2022-06-22 21:44:35,192 INFO [NettyClientSelector_1][Slf4jLoggerFactory.java:95] - closeChannel: close the connection to remote address[] result: true
[ConsumerService][53050] 2022-06-22 21:44:37,237 INFO [NettyClientSelector_1][Slf4jLoggerFactory.java:95] - closeChannel: close the connection to remote address[] result: true
[ConsumerService][53050] 2022-06-22 21:44:47,916 INFO [NettyClientSelector_1][Slf4jLoggerFactory.java:95] - closeChannel: close the connection to remote address[] result: true
[ConsumerService][53050] 2022-06-22 21:44:49,956 INFO [NettyClientSelector_1][Slf4jLoggerFactory.java:95] - closeChannel: close the connection to remote address[] result: true
[ConsumerService][53050] 2022-06-22 21:44:50,069 INFO [NettyClientSelector_1][Slf4jLoggerFactory.java:95] - closeChannel: close the connection to remote address[] result: true
[ConsumerService][53050] 2022-06-22 21:44:51,984 INFO [NettyClientSelector_1][Slf4jLoggerFactory.java:95] - closeChannel: close the connection to remote address[] result: true
[ConsumerService][53050] 2022-06-22 21:44:59,270 INFO [NettyClientSelector_1][Slf4jLoggerFactory.java:95] - closeChannel: close the connection to remote address[] result: true
[ConsumerService][53050] 2022-06-22 21:45:01,307 INFO [NettyClientSelector_1][Slf4jLoggerFactory.java:95] - closeChannel: close the connection to remote address[] result: true
[ConsumerService][53050] 2022-06-22 21:45:17,910 INFO [NettyClientSelector_1][Slf4jLoggerFactory.java:95] - closeChannel: close the connection to remote address[] result: true
[ConsumerService][53050] 2022-06-22 21:45:19,949 INFO [NettyClientSelector_1][Slf4jLoggerFactory.java:95] - closeChannel: close the connection to remote address[] result: true
[ConsumerService][53050] 2022-06-22 21:45:20,061 INFO [NettyClientSelector_1][Slf4jLoggerFactory.java:95] - closeChannel: close the connection to remote address[] result: true
[ConsumerService][53050] 2022-06-22 21:45:21,979 INFO [NettyClientSelector_1][Slf4jLoggerFactory.java:95] - closeChannel: close the connection to remote address[] result: true
[ConsumerService][53050] 2022-06-22 21:45:24,008 INFO [NettyClientSelector_1][Slf4jLoggerFactory.java:95] - closeChannel: close the connection to remote address[] result: true
[ConsumerService][53050] 2022-06-22 21:45:26,043 INFO [NettyClientSelector_1][Slf4jLoggerFactory.java:95] - closeChannel: close the connection to remote address[] result: true
[ConsumerService][53050] 2022-06-22 21:45:26,409 INFO [hmilyTransaction-tccRollBackService-1][LogUtil.java:87] - rollback execute delayTime:60
[ConsumerService][53050] 2022-06-22 21:45:47,906 INFO [NettyClientSelector_1][Slf4jLoggerFactory.java:95] - closeChannel: close the connection to remote address[] result: true
[ConsumerService][53050] 2022-06-22 21:45:49,943 INFO [NettyClientSelector_1][Slf4jLoggerFactory.java:95] - closeChannel: close the connection to remote address[] result: true
[ConsumerService][53050] 2022-06-22 21:45:50,055 INFO [NettyClientSelector_1][Slf4jLoggerFactory.java:95] - closeChannel: close the connection to remote address[] result: true
[ConsumerService][53050] 2022-06-22 21:45:51,987 INFO [NettyClientSelector_1][Slf4jLoggerFactory.java:95] - closeChannel: close the connection to remote address[] result: true
[ConsumerService][53050] 2022-06-22 21:45:54,017 INFO [NettyClientSelector_1][Slf4jLoggerFactory.java:95] - closeChannel: close the connection to remote address[] result: true
[ConsumerService][53050] 2022-06-22 21:46:16,057 INFO [NettyClientSelector_1][Slf4jLoggerFactory.java:95] - closeChannel: close the connection to remote address[] result: true
[ConsumerService][53050] 2022-06-22 21:46:18,092 INFO [NettyClientSelector_1][Slf4jLoggerFactory.java:95] - closeChannel: close the connection to remote address[] result: true
[ConsumerService][53050] 2022-06-22 21:46:20,042 INFO [NettyClientSelector_1][Slf4jLoggerFactory.java:95] - closeChannel: close the connection to remote address[] result: true
[ConsumerService][53050] 2022-06-22 21:46:20,122 INFO [NettyClientSelector_1][Slf4jLoggerFactory.java:95] - closeChannel: close the connection to remote address[] result: true
[ConsumerService][53050] 2022-06-22 21:46:22,162 INFO [NettyClientSelector_1][Slf4jLoggerFactory.java:95] - closeChannel: close the connection to remote address[] result: true
[ConsumerService][53050] 2022-06-22 21:46:26,415 INFO [hmilyTransaction-tccRollBackService-1][LogUtil.java:87] - rollback execute delayTime:60
[ConsumerService][53050] 2022-06-22 21:46:41,107 INFO [NettyClientSelector_1][Slf4jLoggerFactory.java:95] - closeChannel: close the connection to remote address[] result: true
[ConsumerService][53050] 2022-06-22 21:46:43,135 INFO [NettyClientSelector_1][Slf4jLoggerFactory.java:95] - closeChannel: close the connection to remote address[] result: true
[ConsumerService][53050] 2022-06-22 21:46:47,902 INFO [NettyClientSelector_1][Slf4jLoggerFactory.java:95] - closeChannel: close the connection to remote address[] result: true
[ConsumerService][53050] 2022-06-22 21:46:49,935 INFO [NettyClientSelector_1][Slf4jLoggerFactory.java:95] - closeChannel: close the connection to remote address[] result: true
[ConsumerService][53050] 2022-06-22 21:46:50,063 INFO [NettyClientSelector_1][Slf4jLoggerFactory.java:95] - closeChannel: close the connection to remote address[] result: true
[ConsumerService][53050] 2022-06-22 21:46:51,976 INFO [NettyClientSelector_1][Slf4jLoggerFactory.java:95] - closeChannel: close the connection to remote address[] result: true
[ConsumerService][53050] 2022-06-22 21:47:05,172 INFO [NettyClientSelector_1][Slf4jLoggerFactory.java:95] - closeChannel: close the connection to remote address[] result: true
[ConsumerService][53050] 2022-06-22 21:47:07,198 INFO [NettyClientSelector_1][Slf4jLoggerFactory.java:95] - closeChannel: close the connection to remote address[] result: true
[ConsumerService][53050] 2022-06-22 21:47:07,863 INFO [AsyncResolver-bootstrap-executor-0][ConfigClusterResolver.java:43] - Resolving eureka endpoints via configuration
[ConsumerService][53050] 2022-06-22 21:47:17,915 INFO [NettyClientSelector_1][Slf4jLoggerFactory.java:95] - closeChannel: close the connection to remote address[] result: true
[ConsumerService][53050] 2022-06-22 21:47:19,950 INFO [NettyClientSelector_1][Slf4jLoggerFactory.java:95] - closeChannel: close the connection to remote address[] result: true
[ConsumerService][53050] 2022-06-22 21:47:20,061 INFO [NettyClientSelector_1][Slf4jLoggerFactory.java:95] - closeChannel: close the connection to remote address[] result: true
[ConsumerService][53050] 2022-06-22 21:47:21,976 INFO [NettyClientSelector_1][Slf4jLoggerFactory.java:95] - closeChannel: close the connection to remote address[] result: true
[ConsumerService][53050] 2022-06-22 21:47:26,431 INFO [hmilyTransaction-tccRollBackService-1][LogUtil.java:87] - rollback execute delayTime:60
[ConsumerService][53050] 2022-06-22 21:47:29,253 INFO [NettyClientSelector_1][Slf4jLoggerFactory.java:95] - closeChannel: close the connection to remote address[] result: true
[ConsumerService][53050] 2022-06-22 21:47:31,283 INFO [NettyClientSelector_1][Slf4jLoggerFactory.java:95] - closeChannel: close the connection to remote address[] result: true
[ConsumerService][53050] 2022-06-22 21:47:47,904 INFO [NettyClientSelector_1][Slf4jLoggerFactory.java:95] - closeChannel: close the connection to remote address[] result: true
[ConsumerService][53050] 2022-06-22 21:47:49,934 INFO [NettyClientSelector_1][Slf4jLoggerFactory.java:95] - closeChannel: close the connection to remote address[] result: true
[ConsumerService][53050] 2022-06-22 21:47:50,047 INFO [NettyClientSelector_1][Slf4jLoggerFactory.java:95] - closeChannel: close the connection to remote address[] result: true
[ConsumerService][53050] 2022-06-22 21:47:51,963 INFO [NettyClientSelector_1][Slf4jLoggerFactory.java:95] - closeChannel: close the connection to remote address[] result: true
[ConsumerService][53050] 2022-06-22 21:47:54,011 INFO [NettyClientSelector_1][Slf4jLoggerFactory.java:95] - closeChannel: close the connection to remote address[] result: true
[ConsumerService][53050] 2022-06-22 21:47:56,045 INFO [NettyClientSelector_1][Slf4jLoggerFactory.java:95] - closeChannel: close the connection to remote address[] result: true
[ConsumerService][53050] 2022-06-22 21:48:17,911 INFO [NettyClientSelector_1][Slf4jLoggerFactory.java:95] - closeChannel: close the connection to remote address[] result: true
[ConsumerService][53050] 2022-06-22 21:48:19,932 INFO [NettyClientSelector_1][Slf4jLoggerFactory.java:95] - closeChannel: close the connection to remote address[] result: true
[ConsumerService][53050] 2022-06-22 21:48:20,058 INFO [NettyClientSelector_1][Slf4jLoggerFactory.java:95] - closeChannel: close the connection to remote address[] result: true
[ConsumerService][53050] 2022-06-22 21:48:21,953 INFO [NettyClientSelector_1][Slf4jLoggerFactory.java:95] - closeChannel: close the connection to remote address[] result: true
[ConsumerService][53050] 2022-06-22 21:48:23,994 INFO [NettyClientSelector_1][Slf4jLoggerFactory.java:95] - closeChannel: close the connection to remote address[] result: true
[ConsumerService][53050] 2022-06-22 21:48:26,435 INFO [hmilyTransaction-tccRollBackService-1][LogUtil.java:87] - rollback execute delayTime:60
[ConsumerService][53050] 2022-06-22 21:48:46,049 INFO [NettyClientSelector_1][Slf4jLoggerFactory.java:95] - closeChannel: close the connection to remote address[] result: true
[ConsumerService][53050] 2022-06-22 21:48:48,093 INFO [NettyClientSelector_1][Slf4jLoggerFactory.java:95] - closeChannel: close the connection to remote address[] result: true
[ConsumerService][53050] 2022-06-22 21:48:50,071 INFO [NettyClientSelector_1][Slf4jLoggerFactory.java:95] - closeChannel: close the connection to remote address[] result: true
[ConsumerService][53050] 2022-06-22 21:48:50,135 INFO [NettyClientSelector_1][Slf4jLoggerFactory.java:95] - closeChannel: close the connection to remote address[] result: true
[ConsumerService][53050] 2022-06-22 21:48:52,181 INFO [NettyClientSelector_1][Slf4jLoggerFactory.java:95] - closeChannel: close the connection to remote address[] result: true
[ConsumerService][53050] 2022-06-22 21:48:54,215 INFO [NettyClientSelector_1][Slf4jLoggerFactory.java:95] - closeChannel: close the connection to remote address[] result: true
[ConsumerService][53050] 2022-06-22 21:49:10,124 INFO [NettyClientSelector_1][Slf4jLoggerFactory.java:95] - closeChannel: close the connection to remote address[] result: true
[ConsumerService][53050] 2022-06-22 21:49:12,163 INFO [NettyClientSelector_1][Slf4jLoggerFactory.java:95] - closeChannel: close the connection to remote address[] result: true
[ConsumerService][53050] 2022-06-22 21:49:17,898 INFO [NettyClientSelector_1][Slf4jLoggerFactory.java:95] - closeChannel: close the connection to remote address[] result: true
[ConsumerService][53050] 2022-06-22 21:49:19,933 INFO [NettyClientSelector_1][Slf4jLoggerFactory.java:95] - closeChannel: close the connection to remote address[] result: true
[ConsumerService][53050] 2022-06-22 21:49:20,061 INFO [NettyClientSelector_1][Slf4jLoggerFactory.java:95] - closeChannel: close the connection to remote address[] result: true
[ConsumerService][53050] 2022-06-22 21:49:21,979 INFO [NettyClientSelector_1][Slf4jLoggerFactory.java:95] - closeChannel: close the connection to remote address[] result: true
[ConsumerService][53050] 2022-06-22 21:49:26,441 INFO [hmilyTransaction-tccRollBackService-1][LogUtil.java:87] - rollback execute delayTime:60
[ConsumerService][53050] 2022-06-22 21:49:34,201 INFO [NettyClientSelector_1][Slf4jLoggerFactory.java:95] - closeChannel: close the connection to remote address[] result: true
[ConsumerService][53050] 2022-06-22 21:49:36,236 INFO [NettyClientSelector_1][Slf4jLoggerFactory.java:95] - closeChannel: close the connection to remote address[] result: true
[ConsumerService][53050] 2022-06-22 21:49:47,906 INFO [NettyClientSelector_1][Slf4jLoggerFactory.java:95] - closeChannel: close the connection to remote address[] result: true
[ConsumerService][53050] 2022-06-22 21:49:49,939 INFO [NettyClientSelector_1][Slf4jLoggerFactory.java:95] - closeChannel: close the connection to remote address[] result: true
[ConsumerService][53050] 2022-06-22 21:49:50,051 INFO [NettyClientSelector_1][Slf4jLoggerFactory.java:95] - closeChannel: close the connection to remote address[] result: true
[ConsumerService][53050] 2022-06-22 21:49:51,979 INFO [NettyClientSelector_1][Slf4jLoggerFactory.java:95] - closeChannel: close the connection to remote address[] result: true
[ConsumerService][53050] 2022-06-22 21:49:58,271 INFO [NettyClientSelector_1][Slf4jLoggerFactory.java:95] - closeChannel: close the connection to remote address[] result: true
[ConsumerService][53050] 2022-06-22 21:50:00,308 INFO [NettyClientSelector_1][Slf4jLoggerFactory.java:95] - closeChannel: close the connection to remote address[] result: true
[ConsumerService][53050] 2022-06-22 21:50:19,923 INFO [NettyClientSelector_1][Slf4jLoggerFactory.java:95] - closeChannel: close the connection to remote address[] result: true
[ConsumerService][53050] 2022-06-22 21:50:20,048 INFO [NettyClientSelector_1][Slf4jLoggerFactory.java:95] - closeChannel: close the connection to remote address[] result: true
[ConsumerService][53050] 2022-06-22 21:50:21,961 INFO [NettyClientSelector_1][Slf4jLoggerFactory.java:95] - closeChannel: close the connection to remote address[] result: true
[ConsumerService][53050] 2022-06-22 21:50:24,002 INFO [NettyClientSelector_1][Slf4jLoggerFactory.java:95] - closeChannel: close the connection to remote address[] result: true
[ConsumerService][53050] 2022-06-22 21:50:26,044 INFO [NettyClientSelector_1][Slf4jLoggerFactory.java:95] - closeChannel: close the connection to remote address[] result: true
[ConsumerService][53050] 2022-06-22 21:50:26,459 INFO [hmilyTransaction-tccRollBackService-1][LogUtil.java:87] - rollback execute delayTime:60
[ConsumerService][53050] 2022-06-22 21:50:47,900 INFO [NettyClientSelector_1][Slf4jLoggerFactory.java:95] - closeChannel: close the connection to remote address[] result: true
[ConsumerService][53050] 2022-06-22 21:50:49,937 INFO [NettyClientSelector_1][Slf4jLoggerFactory.java:95] - closeChannel: close the connection to remote address[] result: true
[ConsumerService][53050] 2022-06-22 21:50:50,066 INFO [NettyClientSelector_1][Slf4jLoggerFactory.java:95] - closeChannel: close the connection to remote address[] result: true
[ConsumerService][53050] 2022-06-22 21:50:51,981 INFO [NettyClientSelector_1][Slf4jLoggerFactory.java:95] - closeChannel: close the connection to remote address[] result: true
[ConsumerService][53050] 2022-06-22 21:50:54,029 INFO [NettyClientSelector_1][Slf4jLoggerFactory.java:95] - closeChannel: close the connection to remote address[] result: true
[ConsumerService][53050] 2022-06-22 21:51:16,070 INFO [NettyClientSelector_1][Slf4jLoggerFactory.java:95] - closeChannel: close the connection to remote address[] result: true
[ConsumerService][53050] 2022-06-22 21:51:18,113 INFO [NettyClientSelector_1][Slf4jLoggerFactory.java:95] - closeChannel: close the connection to remote address[] result: true
[ConsumerService][53050] 2022-06-22 21:51:20,055 INFO [NettyClientSelector_1][Slf4jLoggerFactory.java:95] - closeChannel: close the connection to remote address[] result: true
[ConsumerService][53050] 2022-06-22 21:51:20,151 INFO [NettyClientSelector_1][Slf4jLoggerFactory.java:95] - closeChannel: close the connection to remote address[] result: true
[ConsumerService][53050] 2022-06-22 21:51:22,183 INFO [NettyClientSelector_1][Slf4jLoggerFactory.java:95] - closeChannel: close the connection to remote address[] result: true
[ConsumerService][53050] 2022-06-22 21:51:24,207 INFO [NettyClientSelector_1][Slf4jLoggerFactory.java:95] - closeChannel: close the connection to remote address[] result: true
[ConsumerService][53050] 2022-06-22 21:51:26,464 INFO [hmilyTransaction-tccRollBackService-1][LogUtil.java:87] - rollback execute delayTime:60
[ConsumerService][53050] 2022-06-22 21:51:40,145 INFO [NettyClientSelector_1][Slf4jLoggerFactory.java:95] - closeChannel: close the connection to remote address[] result: true
[ConsumerService][53050] 2022-06-22 21:51:42,188 INFO [NettyClientSelector_1][Slf4jLoggerFactory.java:95] - closeChannel: close the connection to remote address[] result: true
[ConsumerService][53050] 2022-06-22 21:51:47,902 INFO [NettyClientSelector_1][Slf4jLoggerFactory.java:95] - closeChannel: close the connection to remote address[] result: true
[ConsumerService][53050] 2022-06-22 21:51:49,941 INFO [NettyClientSelector_1][Slf4jLoggerFactory.java:95] - closeChannel: close the connection to remote address[] result: true
[ConsumerService][53050] 2022-06-22 21:51:50,053 INFO [NettyClientSelector_1][Slf4jLoggerFactory.java:95] - closeChannel: close the connection to remote address[] result: true
[ConsumerService][53050] 2022-06-22 21:51:51,988 INFO [NettyClientSelector_1][Slf4jLoggerFactory.java:95] - closeChannel: close the connection to remote address[] result: true
[ConsumerService][53050] 2022-06-22 21:52:04,234 INFO [NettyClientSelector_1][Slf4jLoggerFactory.java:95] - closeChannel: close the connection to remote address[] result: true
[ConsumerService][53050] 2022-06-22 21:52:06,263 INFO [NettyClientSelector_1][Slf4jLoggerFactory.java:95] - closeChannel: close the connection to remote address[] result: true
[ConsumerService][53050] 2022-06-22 21:52:07,877 INFO [AsyncResolver-bootstrap-executor-0][ConfigClusterResolver.java:43] - Resolving eureka endpoints via configuration
[ConsumerService][53050] 2022-06-22 21:52:17,922 INFO [NettyClientSelector_1][Slf4jLoggerFactory.java:95] - closeChannel: close the connection to remote address[] result: true
[ConsumerService][53050] 2022-06-22 21:52:19,964 INFO [NettyClientSelector_1][Slf4jLoggerFactory.java:95] - closeChannel: close the connection to remote address[] result: true
[ConsumerService][53050] 2022-06-22 21:52:20,058 INFO [NettyClientSelector_1][Slf4jLoggerFactory.java:95] - closeChannel: close the connection to remote address[] result: true
[ConsumerService][53050] 2022-06-22 21:52:22,008 INFO [NettyClientSelector_1][Slf4jLoggerFactory.java:95] - closeChannel: close the connection to remote address[] result: true
[ConsumerService][53050] 2022-06-22 21:52:26,467 INFO [hmilyTransaction-tccRollBackService-1][LogUtil.java:87] - rollback execute delayTime:60
[ConsumerService][53050] 2022-06-22 21:52:28,317 INFO [NettyClientSelector_1][Slf4jLoggerFactory.java:95] - closeChannel: close the connection to remote address[] result: true
[ConsumerService][53050] 2022-06-22 21:52:30,359 INFO [NettyClientSelector_1][Slf4jLoggerFactory.java:95] - closeChannel: close the connection to remote address[] result: true
[ConsumerService][53050] 2022-06-22 21:52:47,899 INFO [NettyClientSelector_1][Slf4jLoggerFactory.java:95] - closeChannel: close the connection to remote address[] result: true
[ConsumerService][53050] 2022-06-22 21:52:49,942 INFO [NettyClientSelector_1][Slf4jLoggerFactory.java:95] - closeChannel: close the connection to remote address[] result: true
[ConsumerService][53050] 2022-06-22 21:52:50,070 INFO [NettyClientSelector_1][Slf4jLoggerFactory.java:95] - closeChannel: close the connection to remote address[] result: true
[ConsumerService][53050] 2022-06-22 21:52:51,975 INFO [NettyClientSelector_1][Slf4jLoggerFactory.java:95] - closeChannel: close the connection to remote address[] result: true
[ConsumerService][53050] 2022-06-22 21:52:54,000 INFO [NettyClientSelector_1][Slf4jLoggerFactory.java:95] - closeChannel: close the connection to remote address[] result: true
[ConsumerService][53050] 2022-06-22 21:52:56,039 INFO [NettyClientSelector_1][Slf4jLoggerFactory.java:95] - closeChannel: close the connection to remote address[] result: true
[ConsumerService][53050] 2022-06-22 21:53:17,917 INFO [NettyClientSelector_1][Slf4jLoggerFactory.java:95] - closeChannel: close the connection to remote address[] result: true
[ConsumerService][53050] 2022-06-22 21:53:19,958 INFO [NettyClientSelector_1][Slf4jLoggerFactory.java:95] - closeChannel: close the connection to remote address[] result: true
[ConsumerService][53050] 2022-06-22 21:53:20,053 INFO [NettyClientSelector_1][Slf4jLoggerFactory.java:95] - closeChannel: close the connection to remote address[] result: true
[ConsumerService][53050] 2022-06-22 21:53:21,978 INFO [NettyClientSelector_1][Slf4jLoggerFactory.java:95] - closeChannel: close the connection to remote address[] result: true
[ConsumerService][53050] 2022-06-22 21:53:24,020 INFO [NettyClientSelector_1][Slf4jLoggerFactory.java:95] - closeChannel: close the connection to remote address[] result: true
[ConsumerService][53050] 2022-06-22 21:53:26,472 INFO [hmilyTransaction-tccRollBackService-1][LogUtil.java:87] - rollback execute delayTime:60
[ConsumerService][53050] 2022-06-22 21:53:46,057 INFO [NettyClientSelector_1][Slf4jLoggerFactory.java:95] - closeChannel: close the connection to remote address[] result: true
[ConsumerService][53050] 2022-06-22 21:53:48,083 INFO [NettyClientSelector_1][Slf4jLoggerFactory.java:95] - closeChannel: close the connection to remote address[] result: true
[ConsumerService][53050] 2022-06-22 21:53:50,044 INFO [NettyClientSelector_1][Slf4jLoggerFactory.java:95] - closeChannel: close the connection to remote address[] result: true
[ConsumerService][53050] 2022-06-22 21:53:50,106 INFO [NettyClientSelector_1][Slf4jLoggerFactory.java:95] - closeChannel: close the connection to remote address[] result: true
[ConsumerService][53050] 2022-06-22 21:53:52,138 INFO [NettyClientSelector_1][Slf4jLoggerFactory.java:95] - closeChannel: close the connection to remote address[] result: true
[ConsumerService][53050] 2022-06-22 21:53:54,164 INFO [NettyClientSelector_1][Slf4jLoggerFactory.java:95] - closeChannel: close the connection to remote address[] result: true
[ConsumerService][53050] 2022-06-22 21:54:10,127 INFO [NettyClientSelector_1][Slf4jLoggerFactory.java:95] - closeChannel: close the connection to remote address[] result: true
[ConsumerService][53050] 2022-06-22 21:54:12,153 INFO [NettyClientSelector_1][Slf4jLoggerFactory.java:95] - closeChannel: close the connection to remote address[] result: true
[ConsumerService][53050] 2022-06-22 21:54:17,897 INFO [NettyClientSelector_1][Slf4jLoggerFactory.java:95] - closeChannel: close the connection to remote address[] result: true
[ConsumerService][53050] 2022-06-22 21:54:19,939 INFO [NettyClientSelector_1][Slf4jLoggerFactory.java:95] - closeChannel: close the connection to remote address[] result: true
[ConsumerService][53050] 2022-06-22 21:54:20,068 INFO [NettyClientSelector_1][Slf4jLoggerFactory.java:95] - closeChannel: close the connection to remote address[] result: true
[ConsumerService][53050] 2022-06-22 21:54:21,972 INFO [NettyClientSelector_1][Slf4jLoggerFactory.java:95] - closeChannel: close the connection to remote address[] result: true
[ConsumerService][53050] 2022-06-22 21:54:26,479 INFO [hmilyTransaction-tccRollBackService-1][LogUtil.java:87] - rollback execute delayTime:60
[ConsumerService][53050] 2022-06-22 21:54:34,205 INFO [NettyClientSelector_1][Slf4jLoggerFactory.java:95] - closeChannel: close the connection to remote address[] result: true
[ConsumerService][53050] 2022-06-22 21:54:36,242 INFO [NettyClientSelector_1][Slf4jLoggerFactory.java:95] - closeChannel: close the connection to remote address[] result: true
[ConsumerService][53050] 2022-06-22 21:54:47,909 INFO [NettyClientSelector_1][Slf4jLoggerFactory.java:95] - closeChannel: close the connection to remote address[] result: true
[ConsumerService][53050] 2022-06-22 21:54:49,947 INFO [NettyClientSelector_1][Slf4jLoggerFactory.java:95] - closeChannel: close the connection to remote address[] result: true
[ConsumerService][53050] 2022-06-22 21:54:50,057 INFO [NettyClientSelector_1][Slf4jLoggerFactory.java:95] - closeChannel: close the connection to remote address[] result: true
[ConsumerService][53050] 2022-06-22 21:54:51,985 INFO [NettyClientSelector_1][Slf4jLoggerFactory.java:95] - closeChannel: close the connection to remote address[] result: true
[ConsumerService][53050] 2022-06-22 21:54:58,297 INFO [NettyClientSelector_1][Slf4jLoggerFactory.java:95] - closeChannel: close the connection to remote address[] result: true
[ConsumerService][53050] 2022-06-22 21:55:00,324 INFO [NettyClientSelector_1][Slf4jLoggerFactory.java:95] - closeChannel: close the connection to remote address[] result: true
[ConsumerService][53050] 2022-06-22 21:55:17,912 INFO [NettyClientSelector_1][Slf4jLoggerFactory.java:95] - closeChannel: close the connection to remote address[] result: true
[ConsumerService][53050] 2022-06-22 21:55:19,945 INFO [NettyClientSelector_1][Slf4jLoggerFactory.java:95] - closeChannel: close the connection to remote address[] result: true
[ConsumerService][53050] 2022-06-22 21:55:20,056 INFO [NettyClientSelector_1][Slf4jLoggerFactory.java:95] - closeChannel: close the connection to remote address[] result: true
[ConsumerService][53050] 2022-06-22 21:55:21,987 INFO [NettyClientSelector_1][Slf4jLoggerFactory.java:95] - closeChannel: close the connection to remote address[] result: true
[ConsumerService][53050] 2022-06-22 21:55:24,041 INFO [NettyClientSelector_1][Slf4jLoggerFactory.java:95] - closeChannel: close the connection to remote address[] result: true
[ConsumerService][53050] 2022-06-22 21:55:26,082 INFO [NettyClientSelector_1][Slf4jLoggerFactory.java:95] - closeChannel: close the connection to remote address[] result: true
[ConsumerService][53050] 2022-06-22 21:55:26,492 INFO [hmilyTransaction-tccRollBackService-1][LogUtil.java:87] - rollback execute delayTime:60
[ConsumerService][53050] 2022-06-22 21:55:47,893 INFO [NettyClientSelector_1][Slf4jLoggerFactory.java:95] - closeChannel: close the connection to remote address[] result: true
[ConsumerService][53050] 2022-06-22 21:55:49,928 INFO [NettyClientSelector_1][Slf4jLoggerFactory.java:95] - closeChannel: close the connection to remote address[] result: true
[ConsumerService][53050] 2022-06-22 21:55:50,055 INFO [NettyClientSelector_1][Slf4jLoggerFactory.java:95] - closeChannel: close the connection to remote address[] result: true
[ConsumerService][53050] 2022-06-22 21:55:51,964 INFO [NettyClientSelector_1][Slf4jLoggerFactory.java:95] - closeChannel: close the connection to remote address[] result: true
[ConsumerService][53050] 2022-06-22 21:55:54,009 INFO [NettyClientSelector_1][Slf4jLoggerFactory.java:95] - closeChannel: close the connection to remote address[] result: true
[ConsumerService][53050] 2022-06-22 21:56:16,043 INFO [NettyClientSelector_1][Slf4jLoggerFactory.java:95] - closeChannel: close the connection to remote address[] result: true
[ConsumerService][53050] 2022-06-22 21:56:18,084 INFO [NettyClientSelector_1][Slf4jLoggerFactory.java:95] - closeChannel: close the connection to remote address[] result: true
[ConsumerService][53050] 2022-06-22 21:56:20,053 INFO [NettyClientSelector_1][Slf4jLoggerFactory.java:95] - closeChannel: close the connection to remote address[] result: true
[ConsumerService][53050] 2022-06-22 21:56:20,115 INFO [NettyClientSelector_1][Slf4jLoggerFactory.java:95] - closeChannel: close the connection to remote address[] result: true
[ConsumerService][53050] 2022-06-22 21:56:22,153 INFO [NettyClientSelector_1][Slf4jLoggerFactory.java:95] - closeChannel: close the connection to remote address[] result: true
[ConsumerService][53050] 2022-06-22 21:56:26,500 INFO [hmilyTransaction-tccRollBackService-1][LogUtil.java:87] - rollback execute delayTime:60
[ConsumerService][53050] 2022-06-22 21:56:41,090 INFO [NettyClientSelector_1][Slf4jLoggerFactory.java:95] - closeChannel: close the connection to remote address[] result: true
[ConsumerService][53050] 2022-06-22 21:56:43,126 INFO [NettyClientSelector_1][Slf4jLoggerFactory.java:95] - closeChannel: close the connection to remote address[] result: true
[ConsumerService][53050] 2022-06-22 21:56:47,905 INFO [NettyClientSelector_1][Slf4jLoggerFactory.java:95] - closeChannel: close the connection to remote address[] result: true
[ConsumerService][53050] 2022-06-22 21:56:49,928 INFO [NettyClientSelector_1][Slf4jLoggerFactory.java:95] - closeChannel: close the connection to remote address[] result: true
[ConsumerService][53050] 2022-06-22 21:56:50,039 INFO [NettyClientSelector_1][Slf4jLoggerFactory.java:95] - closeChannel: close the connection to remote address[] result: true
[ConsumerService][53050] 2022-06-22 21:56:51,958 INFO [NettyClientSelector_1][Slf4jLoggerFactory.java:95] - closeChannel: close the connection to remote address[] result: true
[ConsumerService][53050] 2022-06-22 21:57:05,153 INFO [NettyClientSelector_1][Slf4jLoggerFactory.java:95] - closeChannel: close the connection to remote address[] result: true
[ConsumerService][53050] 2022-06-22 21:57:07,176 INFO [NettyClientSelector_1][Slf4jLoggerFactory.java:95] - closeChannel: close the connection to remote address[] result: true
[ConsumerService][53050] 2022-06-22 21:57:07,886 INFO [AsyncResolver-bootstrap-executor-0][ConfigClusterResolver.java:43] - Resolving eureka endpoints via configuration
[ConsumerService][53050] 2022-06-22 21:57:17,898 INFO [NettyClientSelector_1][Slf4jLoggerFactory.java:95] - closeChannel: close the connection to remote address[] result: true
[ConsumerService][53050] 2022-06-22 21:57:19,922 INFO [NettyClientSelector_1][Slf4jLoggerFactory.java:95] - closeChannel: close the connection to remote address[] result: true
[ConsumerService][53050] 2022-06-22 21:57:20,048 INFO [NettyClientSelector_1][Slf4jLoggerFactory.java:95] - closeChannel: close the connection to remote address[] result: true
[ConsumerService][53050] 2022-06-22 21:57:21,957 INFO [NettyClientSelector_1][Slf4jLoggerFactory.java:95] - closeChannel: close the connection to remote address[] result: true
[ConsumerService][53050] 2022-06-22 21:57:26,506 INFO [hmilyTransaction-tccRollBackService-1][LogUtil.java:87] - rollback execute delayTime:60
[ConsumerService][53050] 2022-06-22 21:57:29,214 INFO [NettyClientSelector_1][Slf4jLoggerFactory.java:95] - closeChannel: close the connection to remote address[] result: true
[ConsumerService][53050] 2022-06-22 21:57:31,253 INFO [NettyClientSelector_1][Slf4jLoggerFactory.java:95] - closeChannel: close the connection to remote address[] result: true
[ConsumerService][53050] 2022-06-22 21:57:47,897 INFO [NettyClientSelector_1][Slf4jLoggerFactory.java:95] - closeChannel: close the connection to remote address[] result: true
[ConsumerService][53050] 2022-06-22 21:57:49,921 INFO [NettyClientSelector_1][Slf4jLoggerFactory.java:95] - closeChannel: close the connection to remote address[] result: true
[ConsumerService][53050] 2022-06-22 21:57:50,064 INFO [NettyClientSelector_1][Slf4jLoggerFactory.java:95] - closeChannel: close the connection to remote address[] result: true
[ConsumerService][53050] 2022-06-22 21:57:51,957 INFO [NettyClientSelector_1][Slf4jLoggerFactory.java:95] - closeChannel: close the connection to remote address[] result: true
[ConsumerService][53050] 2022-06-22 21:57:53,987 INFO [NettyClientSelector_1][Slf4jLoggerFactory.java:95] - closeChannel: close the connection to remote address[] result: true
[ConsumerService][53050] 2022-06-22 21:57:56,018 INFO [NettyClientSelector_1][Slf4jLoggerFactory.java:95] - closeChannel: close the connection to remote address[] result: true
[ConsumerService][53050] 2022-06-22 21:58:17,903 INFO [NettyClientSelector_1][Slf4jLoggerFactory.java:95] - closeChannel: close the connection to remote address[] result: true
[ConsumerService][53050] 2022-06-22 21:58:19,939 INFO [NettyClientSelector_1][Slf4jLoggerFactory.java:95] - closeChannel: close the connection to remote address[] result: true
[ConsumerService][53050] 2022-06-22 21:58:20,051 INFO [NettyClientSelector_1][Slf4jLoggerFactory.java:95] - closeChannel: close the connection to remote address[] result: true
[ConsumerService][53050] 2022-06-22 21:58:21,981 INFO [NettyClientSelector_1][Slf4jLoggerFactory.java:95] - closeChannel: close the connection to remote address[] result: true
[ConsumerService][53050] 2022-06-22 21:58:24,027 INFO [NettyClientSelector_1][Slf4jLoggerFactory.java:95] - closeChannel: close the connection to remote address[] result: true
[ConsumerService][53050] 2022-06-22 21:58:26,512 INFO [hmilyTransaction-tccRollBackService-1][LogUtil.java:87] - rollback execute delayTime:60
[ConsumerService][53050] 2022-06-22 21:58:46,067 INFO [NettyClientSelector_1][Slf4jLoggerFactory.java:95] - closeChannel: close the connection to remote address[] result: true
[ConsumerService][53050] 2022-06-22 21:58:48,096 INFO [NettyClientSelector_1][Slf4jLoggerFactory.java:95] - closeChannel: close the connection to remote address[] result: true
[ConsumerService][53050] 2022-06-22 21:58:50,044 INFO [NettyClientSelector_1][Slf4jLoggerFactory.java:95] - closeChannel: close the connection to remote address[] result: true
[ConsumerService][53050] 2022-06-22 21:58:50,139 INFO [NettyClientSelector_1][Slf4jLoggerFactory.java:95] - closeChannel: close the connection to remote address[] result: true
[ConsumerService][53050] 2022-06-22 21:58:52,181 INFO [NettyClientSelector_1][Slf4jLoggerFactory.java:95] - closeChannel: close the connection to remote address[] result: true
[ConsumerService][53050] 2022-06-22 21:59:11,122 INFO [NettyClientSelector_1][Slf4jLoggerFactory.java:95] - closeChannel: close the connection to remote address[] result: true
[ConsumerService][53050] 2022-06-22 21:59:13,169 INFO [NettyClientSelector_1][Slf4jLoggerFactory.java:95] - closeChannel: close the connection to remote address[] result: true
[ConsumerService][53050] 2022-06-22 21:59:17,897 INFO [NettyClientSelector_1][Slf4jLoggerFactory.java:95] - closeChannel: close the connection to remote address[] result: true
[ConsumerService][53050] 2022-06-22 21:59:19,939 INFO [NettyClientSelector_1][Slf4jLoggerFactory.java:95] - closeChannel: close the connection to remote address[] result: true
[ConsumerService][53050] 2022-06-22 21:59:20,065 INFO [NettyClientSelector_1][Slf4jLoggerFactory.java:95] - closeChannel: close the connection to remote address[] result: true
[ConsumerService][53050] 2022-06-22 21:59:21,974 INFO [NettyClientSelector_1][Slf4jLoggerFactory.java:95] - closeChannel: close the connection to remote address[] result: true
[ConsumerService][53050] 2022-06-22 21:59:26,525 INFO [hmilyTransaction-tccRollBackService-1][LogUtil.java:87] - rollback execute delayTime:60
[ConsumerService][53050] 2022-06-22 21:59:35,197 INFO [NettyClientSelector_1][Slf4jLoggerFactory.java:95] - closeChannel: close the connection to remote address[] result: true
[ConsumerService][53050] 2022-06-22 21:59:37,223 INFO [NettyClientSelector_1][Slf4jLoggerFactory.java:95] - closeChannel: close the connection to remote address[] result: true
[ConsumerService][53050] 2022-06-22 21:59:47,909 INFO [NettyClientSelector_1][Slf4jLoggerFactory.java:95] - closeChannel: close the connection to remote address[] result: true
[ConsumerService][53050] 2022-06-22 21:59:49,939 INFO [NettyClientSelector_1][Slf4jLoggerFactory.java:95] - closeChannel: close the connection to remote address[] result: true
[ConsumerService][53050] 2022-06-22 21:59:50,052 INFO [NettyClientSelector_1][Slf4jLoggerFactory.java:95] - closeChannel: close the connection to remote address[] result: true
[ConsumerService][53050] 2022-06-22 21:59:51,974 INFO [NettyClientSelector_1][Slf4jLoggerFactory.java:95] - closeChannel: close the connection to remote address[] result: true
[ConsumerService][53050] 2022-06-22 21:59:59,269 INFO [NettyClientSelector_1][Slf4jLoggerFactory.java:95] - closeChannel: close the connection to remote address[] result: true
