[wanxinp2p-account-service][${env:SERVER_PORT}] 2022-06-28 17:27:35,763 INFO [main][DefaultApplicationProvider.java:85] - App ID is set to account-service by app.id property from System Property
[wanxinp2p-account-service][${env:SERVER_PORT}] 2022-06-28 17:27:35,779 INFO [main][DefaultServerProvider.java:108] - Environment is set to [dev] by JVM system property 'env'.
[wanxinp2p-account-service][${env:SERVER_PORT}] 2022-06-28 17:27:35,920 WARN [main][DefaultMetaServerProvider.java:39] - Could not find meta server address, because it is not available in neither (1) JVM system property 'apollo.meta', (2) OS env variable 'APOLLO_META' (3) property 'apollo.meta' from server.properties nor (4) property 'apollo.meta' from app.properties
[wanxinp2p-account-service][${env:SERVER_PORT}] 2022-06-28 17:27:35,932 INFO [main][MetaDomainConsts.java:93] - Located meta server address http://localhost:8080 for env DEV from com.ctrip.framework.apollo.core.internals.LegacyMetaServerProvider
[wanxinp2p-account-service][${env:SERVER_PORT}] 2022-06-28 17:27:39,328 INFO [main][SpringApplication.java:675] - No active profile set, falling back to default profiles: default
[wanxinp2p-account-service][${env:SERVER_PORT}] 2022-06-28 17:27:42,577 INFO [main][RepositoryConfigurationDelegate.java:244] - Multiple Spring Data modules found, entering strict repository configuration mode!
[wanxinp2p-account-service][${env:SERVER_PORT}] 2022-06-28 17:27:42,580 INFO [main][RepositoryConfigurationDelegate.java:126] - Bootstrapping Spring Data repositories in DEFAULT mode.
[wanxinp2p-account-service][${env:SERVER_PORT}] 2022-06-28 17:27:42,637 INFO [main][RepositoryConfigurationDelegate.java:182] - Finished Spring Data repository scanning in 44ms. Found 0 repository interfaces.
[wanxinp2p-account-service][${env:SERVER_PORT}] 2022-06-28 17:27:42,667 INFO [main][RepositoryConfigurationDelegate.java:244] - Multiple Spring Data modules found, entering strict repository configuration mode!
[wanxinp2p-account-service][${env:SERVER_PORT}] 2022-06-28 17:27:42,672 INFO [main][RepositoryConfigurationDelegate.java:126] - Bootstrapping Spring Data repositories in DEFAULT mode.
[wanxinp2p-account-service][${env:SERVER_PORT}] 2022-06-28 17:27:42,716 INFO [main][RepositoryConfigurationDelegate.java:182] - Finished Spring Data repository scanning in 14ms. Found 0 repository interfaces.
[wanxinp2p-account-service][${env:SERVER_PORT}] 2022-06-28 17:27:43,073 WARN [main][EndpointId.java:135] - Endpoint ID 'service-registry' contains invalid characters, please migrate to a valid format.
[wanxinp2p-account-service][${env:SERVER_PORT}] 2022-06-28 17:27:43,291 INFO [main][ConfigurationClassPostProcessor.java:380] - Cannot enhance @Configuration bean definition 'com.ctrip.framework.apollo.spring.boot.ApolloAutoConfiguration' since its singleton instance has been created too early. The typical cause is a non-static @Bean method with a BeanDefinitionRegistryPostProcessor return type: Consider declaring such methods as 'static'.
[wanxinp2p-account-service][${env:SERVER_PORT}] 2022-06-28 17:27:43,631 INFO [main][GenericScope.java:294] - BeanFactory id=4345df52-f211-3918-a911-b14b7743ce81
[wanxinp2p-account-service][${env:SERVER_PORT}] 2022-06-28 17:27:43,686 WARN [main][PropertySourcesDeducer.java:75] - Multiple PropertySourcesPlaceholderConfigurer beans registered [propertySourcesPlaceholderConfigurer, org.springframework.context.support.PropertySourcesPlaceholderConfigurer], falling back to Environment
[wanxinp2p-account-service][${env:SERVER_PORT}] 2022-06-28 17:27:43,827 INFO [main][PostProcessorRegistrationDelegate.java:330] - Bean 'com.alibaba.druid.spring.boot.autoconfigure.stat.DruidSpringAopConfiguration' of type [com.alibaba.druid.spring.boot.autoconfigure.stat.DruidSpringAopConfiguration] is not eligible for getting processed by all BeanPostProcessors (for example: not eligible for auto-proxying)
[wanxinp2p-account-service][${env:SERVER_PORT}] 2022-06-28 17:27:44,047 INFO [main][PostProcessorRegistrationDelegate.java:330] - Bean 'org.springframework.transaction.annotation.ProxyTransactionManagementConfiguration' of type [org.springframework.transaction.annotation.ProxyTransactionManagementConfiguration$$EnhancerBySpringCGLIB$$4fa87841] is not eligible for getting processed by all BeanPostProcessors (for example: not eligible for auto-proxying)
[wanxinp2p-account-service][${env:SERVER_PORT}] 2022-06-28 17:27:44,456 INFO [main][PostProcessorRegistrationDelegate.java:330] - Bean 'spring.datasource.druid-com.alibaba.druid.spring.boot.autoconfigure.properties.DruidStatProperties' of type [com.alibaba.druid.spring.boot.autoconfigure.properties.DruidStatProperties] is not eligible for getting processed by all BeanPostProcessors (for example: not eligible for auto-proxying)
[wanxinp2p-account-service][${env:SERVER_PORT}] 2022-06-28 17:27:44,500 INFO [main][PostProcessorRegistrationDelegate.java:330] - Bean 'advisor' of type [org.springframework.aop.support.RegexpMethodPointcutAdvisor] is not eligible for getting processed by all BeanPostProcessors (for example: not eligible for auto-proxying)
[wanxinp2p-account-service][${env:SERVER_PORT}] 2022-06-28 17:27:44,531 INFO [main][PostProcessorRegistrationDelegate.java:330] - Bean 'org.springframework.cloud.autoconfigure.ConfigurationPropertiesRebinderAutoConfiguration' of type [org.springframework.cloud.autoconfigure.ConfigurationPropertiesRebinderAutoConfiguration$$EnhancerBySpringCGLIB$$6bc27b3e] is not eligible for getting processed by all BeanPostProcessors (for example: not eligible for auto-proxying)
[wanxinp2p-account-service][${env:SERVER_PORT}] 2022-06-28 17:27:45,658 INFO [main][TomcatWebServer.java:90] - Tomcat initialized with port(s): 53030 (http)
[wanxinp2p-account-service][${env:SERVER_PORT}] 2022-06-28 17:27:45,697 INFO [main][DirectJDKLog.java:173] - Initializing ProtocolHandler ["http-nio-53030"]
[wanxinp2p-account-service][${env:SERVER_PORT}] 2022-06-28 17:27:45,718 INFO [main][DirectJDKLog.java:173] - Starting service [Tomcat]
[wanxinp2p-account-service][${env:SERVER_PORT}] 2022-06-28 17:27:45,720 INFO [main][DirectJDKLog.java:173] - Starting Servlet engine: [Apache Tomcat/9.0.16]
[wanxinp2p-account-service][${env:SERVER_PORT}] 2022-06-28 17:27:45,744 INFO [main][DirectJDKLog.java:173] - The APR based Apache Tomcat Native library which allows optimal performance in production environments was not found on the java.library.path: [E:\jdk1.8.0_161\bin;C:\WINDOWS\Sun\Java\bin;C:\WINDOWS\system32;C:\WINDOWS;E:\Ruby26-x64\bin;C:\Program Files (x86)\Common Files\Oracle\Java\javapath;C:\Program Files\VanDyke Software\Clients\;E:\Anaconda;E:\Anaconda\Library\mingw-w64\bin;E:\Anaconda\Library\usr\bin;E:\Anaconda\Library\bin;E:\Anaconda\Scripts;C:\WINDOWS\system32;C:\WINDOWS;C:\WINDOWS\System32\Wbem;C:\WINDOWS\System32\WindowsPowerShell\v1.0\;C:\WINDOWS\System32\OpenSSH\;E:\mysql-5.7.20-winx64\bin;C:\Program Files\dotnet\;E:\nodejs\;C:\Users\Administrator\AppData\Roaming\npm;E:\nodejs\node_global\;C:\Program Files (x86)\Common Files\Thunder Network\KanKan\Codecs;E:\spark-2.1.1-hadoop2.7\bin;D:\Android\Sdk\platform-tools;E:\TortoiseSVN\bin;E:\TortoiseSVN\bin;E:\Subversion\bin;C:\Program Files\Docker\Docker\resources\bin;C:\ProgramData\DockerDesktop\version-bin;E:\CMake\bin;C:\mingw64\bin;E:\scala-2.12.15\bin;C:\Program Files (x86)\scala\bin;E:\spark\bin;E:\spark-2.1.1-hadoop2.7\bin;E:\NetSarang\Xshell 7\;E:\NetSarang\Xftp 7\;C:\Program Files\Git\cmd;E:\apache-maven-3.6.3\bin;E:\jdk1.8.0_161\bin;C:\Users\Administrator\AppData\Local\Microsoft\WindowsApps;E:\IntelliJ IDEA\bin;;C:\Users\Administrator\AppData\Roaming\npm;E:\nodejs\node_global\;C:\Users\Administrator\.dotnet\tools;C:\Users\Administrator\AppData\Local\GitHubDesktop\bin;E:\Microsoft VS Code\bin;.]
[wanxinp2p-account-service][${env:SERVER_PORT}] 2022-06-28 17:27:46,163 INFO [main][DirectJDKLog.java:173] - Initializing Spring embedded WebApplicationContext
[wanxinp2p-account-service][${env:SERVER_PORT}] 2022-06-28 17:27:46,163 INFO [main][ServletWebServerApplicationContext.java:296] - Root WebApplicationContext: initialization completed in 6778 ms
[wanxinp2p-account-service][${env:SERVER_PORT}] 2022-06-28 17:27:46,444 WARN [main][URLConfigurationSource.java:121] - No URLs will be polled as dynamic configuration sources.
[wanxinp2p-account-service][${env:SERVER_PORT}] 2022-06-28 17:27:46,446 INFO [main][URLConfigurationSource.java:122] - To enable URLs as dynamic configuration sources, define System property archaius.configurationSource.additionalUrls or make config.properties available on classpath.
[wanxinp2p-account-service][${env:SERVER_PORT}] 2022-06-28 17:27:46,479 INFO [main][DynamicPropertyFactory.java:281] - DynamicPropertyFactory is initialized with configuration sources: com.netflix.config.ConcurrentCompositeConfiguration@d49e8c6
[wanxinp2p-account-service][${env:SERVER_PORT}] 2022-06-28 17:27:46,814 INFO [main][DruidDataSourceAutoConfigure.java:56] - Init DruidDataSource
[wanxinp2p-account-service][${env:SERVER_PORT}] 2022-06-28 17:27:47,929 INFO [main][DruidDataSource.java:1002] - {dataSource-1} inited
[wanxinp2p-account-service][${env:SERVER_PORT}] 2022-06-28 17:27:55,813 INFO [main][AutowiredAnnotationBeanPostProcessor.java:342] - Inconsistent constructor declaration on bean with name 'hmilyAutoConfiguration': single autowire-marked constructor flagged as optional - this constructor is effectively required since there is no default constructor to fall back to: public org.dromara.hmily.spring.boot.starter.parent.configuration.HmilyAutoConfiguration$$EnhancerBySpringCGLIB$$7c43b6cd(org.dromara.hmily.spring.boot.starter.parent.config.HmilyConfigProperties)
[wanxinp2p-account-service][${env:SERVER_PORT}] 2022-06-28 17:27:56,837 INFO [main][EndpointLinksResolver.java:59] - Exposing 2 endpoint(s) beneath base path '/actuator'
[wanxinp2p-account-service][${env:SERVER_PORT}] 2022-06-28 17:27:57,639 INFO [main][HikariDataSource.java:110] - HikariPool-1 - Starting...
[wanxinp2p-account-service][${env:SERVER_PORT}] 2022-06-28 17:27:57,691 INFO [main][HikariDataSource.java:123] - HikariPool-1 - Start completed.
[wanxinp2p-account-service][${env:SERVER_PORT}] 2022-06-28 17:27:57,753 INFO [main][HmilyLogo.java:49] - 


    __  __          _ __     
   / / / /___ ___  (_) /_  __
  / /_/ / __ `__ \/ / / / / /
 / __  / / / / / / / / /_/ / 
/_/ /_/_/ /_/ /_/_/_/\__, /  
                    /____/   

 :: Hmily :: (v2.0.0-RELEASE)

[wanxinp2p-account-service][${env:SERVER_PORT}] 2022-06-28 17:27:57,817 INFO [main][PropertySourcedRequestMappingHandlerMapping.java:69] - Mapped URL path [/v2/api-docs] onto method [public org.springframework.http.ResponseEntity<springfox.documentation.spring.web.json.Json> springfox.documentation.swagger2.web.Swagger2Controller.getDocumentation(java.lang.String,javax.servlet.http.HttpServletRequest)]
[wanxinp2p-account-service][${env:SERVER_PORT}] 2022-06-28 17:27:57,871 WARN [main][URLConfigurationSource.java:121] - No URLs will be polled as dynamic configuration sources.
[wanxinp2p-account-service][${env:SERVER_PORT}] 2022-06-28 17:27:57,872 INFO [main][URLConfigurationSource.java:122] - To enable URLs as dynamic configuration sources, define System property archaius.configurationSource.additionalUrls or make config.properties available on classpath.
[wanxinp2p-account-service][${env:SERVER_PORT}] 2022-06-28 17:27:58,343 INFO [main][ExecutorConfigurationSupport.java:171] - Initializing ExecutorService 'applicationTaskExecutor'
[wanxinp2p-account-service][${env:SERVER_PORT}] 2022-06-28 17:28:02,020 WARN [main][EurekaStarterDeprecationWarningAutoConfiguration.java:19] - spring-cloud-starter-eureka is deprecated as of Spring Cloud Netflix 1.4.0, please migrate to spring-cloud-starter-netflix-eureka
[wanxinp2p-account-service][${env:SERVER_PORT}] 2022-06-28 17:28:02,267 INFO [main][InstanceInfoFactory.java:71] - Setting initial instance status as: STARTING
[wanxinp2p-account-service][${env:SERVER_PORT}] 2022-06-28 17:28:02,385 INFO [main][DiscoveryClient.java:349] - Initializing Eureka in region us-east-1
[wanxinp2p-account-service][${env:SERVER_PORT}] 2022-06-28 17:28:03,724 INFO [main][DiscoveryJerseyProvider.java:70] - Using JSON encoding codec LegacyJacksonJson
[wanxinp2p-account-service][${env:SERVER_PORT}] 2022-06-28 17:28:03,725 INFO [main][DiscoveryJerseyProvider.java:71] - Using JSON decoding codec LegacyJacksonJson
[wanxinp2p-account-service][${env:SERVER_PORT}] 2022-06-28 17:28:03,922 INFO [main][DiscoveryJerseyProvider.java:80] - Using XML encoding codec XStreamXml
[wanxinp2p-account-service][${env:SERVER_PORT}] 2022-06-28 17:28:03,923 INFO [main][DiscoveryJerseyProvider.java:81] - Using XML decoding codec XStreamXml
[wanxinp2p-account-service][${env:SERVER_PORT}] 2022-06-28 17:28:04,396 INFO [main][ConfigClusterResolver.java:43] - Resolving eureka endpoints via configuration
[wanxinp2p-account-service][${env:SERVER_PORT}] 2022-06-28 17:28:05,232 INFO [main][DiscoveryClient.java:958] - Disable delta property : false
[wanxinp2p-account-service][${env:SERVER_PORT}] 2022-06-28 17:28:05,234 INFO [main][DiscoveryClient.java:959] - Single vip registry refresh property : null
[wanxinp2p-account-service][${env:SERVER_PORT}] 2022-06-28 17:28:05,234 INFO [main][DiscoveryClient.java:960] - Force full registry fetch : false
[wanxinp2p-account-service][${env:SERVER_PORT}] 2022-06-28 17:28:05,235 INFO [main][DiscoveryClient.java:961] - Application is null : false
[wanxinp2p-account-service][${env:SERVER_PORT}] 2022-06-28 17:28:05,235 INFO [main][DiscoveryClient.java:962] - Registered Applications size is zero : true
[wanxinp2p-account-service][${env:SERVER_PORT}] 2022-06-28 17:28:05,235 INFO [main][DiscoveryClient.java:964] - Application version is -1: true
[wanxinp2p-account-service][${env:SERVER_PORT}] 2022-06-28 17:28:05,236 INFO [main][DiscoveryClient.java:1047] - Getting all instance registry info from the eureka server
[wanxinp2p-account-service][${env:SERVER_PORT}] 2022-06-28 17:28:05,549 INFO [main][DiscoveryClient.java:1056] - The response status is 200
[wanxinp2p-account-service][${env:SERVER_PORT}] 2022-06-28 17:28:05,553 INFO [main][DiscoveryClient.java:1270] - Starting heartbeat executor: renew interval is: 30
[wanxinp2p-account-service][${env:SERVER_PORT}] 2022-06-28 17:28:05,560 INFO [main][InstanceInfoReplicator.java:60] - InstanceInfoReplicator onDemand update allowed rate per min is 4
[wanxinp2p-account-service][${env:SERVER_PORT}] 2022-06-28 17:28:05,567 INFO [main][DiscoveryClient.java:449] - Discovery Client initialized at timestamp 1656408485565 with initial instances count: 1
[wanxinp2p-account-service][${env:SERVER_PORT}] 2022-06-28 17:28:05,572 INFO [main][EurekaServiceRegistry.java:42] - Registering application ACCOUNT-SERVICE with eureka with status UP
[wanxinp2p-account-service][${env:SERVER_PORT}] 2022-06-28 17:28:05,574 INFO [main][DiscoveryClient.java:1305] - Saw local status change event StatusChangeEvent [timestamp=1656408485574, current=UP, previous=STARTING]
[wanxinp2p-account-service][${env:SERVER_PORT}] 2022-06-28 17:28:05,577 INFO [main][DocumentationPluginsBootstrapper.java:160] - Context refreshed
[wanxinp2p-account-service][${env:SERVER_PORT}] 2022-06-28 17:28:05,578 INFO [DiscoveryClient-InstanceInfoReplicator-0][DiscoveryClient.java:826] - DiscoveryClient_ACCOUNT-SERVICE/account-service:127.0.0.1:53030: registering service...
[wanxinp2p-account-service][${env:SERVER_PORT}] 2022-06-28 17:28:05,616 INFO [main][DocumentationPluginsBootstrapper.java:163] - Found 1 custom documentation plugin(s)
[wanxinp2p-account-service][${env:SERVER_PORT}] 2022-06-28 17:28:05,661 INFO [DiscoveryClient-InstanceInfoReplicator-0][DiscoveryClient.java:835] - DiscoveryClient_ACCOUNT-SERVICE/account-service:127.0.0.1:53030 - registration status: 204
[wanxinp2p-account-service][${env:SERVER_PORT}] 2022-06-28 17:28:05,689 INFO [main][ApiListingReferenceScanner.java:41] - Scanning for api listing references
[wanxinp2p-account-service][${env:SERVER_PORT}] 2022-06-28 17:28:05,984 INFO [main][DirectJDKLog.java:173] - Starting ProtocolHandler ["http-nio-53030"]
[wanxinp2p-account-service][${env:SERVER_PORT}] 2022-06-28 17:28:06,053 INFO [main][TomcatWebServer.java:204] - Tomcat started on port(s): 53030 (http) with context path '/account'
[wanxinp2p-account-service][${env:SERVER_PORT}] 2022-06-28 17:28:06,055 INFO [main][EurekaAutoServiceRegistration.java:141] - Updating port to 53030
[wanxinp2p-account-service][${env:SERVER_PORT}] 2022-06-28 17:28:06,061 INFO [main][StartupInfoLogger.java:59] - Started AccountServiceApplication in 36.681 seconds (JVM running for 40.763)
[wanxinp2p-account-service][${env:SERVER_PORT}] 2022-06-28 17:28:07,190 INFO [RMI TCP Connection(6)-192.168.80.1][DirectJDKLog.java:173] - Initializing Spring DispatcherServlet 'dispatcherServlet'
[wanxinp2p-account-service][${env:SERVER_PORT}] 2022-06-28 17:28:07,190 INFO [RMI TCP Connection(6)-192.168.80.1][FrameworkServlet.java:524] - Initializing Servlet 'dispatcherServlet'
[wanxinp2p-account-service][${env:SERVER_PORT}] 2022-06-28 17:28:07,221 INFO [RMI TCP Connection(6)-192.168.80.1][FrameworkServlet.java:546] - Completed initialization in 30 ms
[wanxinp2p-account-service][${env:SERVER_PORT}] 2022-06-28 17:28:07,921 INFO [RMI TCP Connection(5)-192.168.80.1][EpollProvider.java:68] - Starting without optional epoll library
[wanxinp2p-account-service][${env:SERVER_PORT}] 2022-06-28 17:28:07,942 INFO [RMI TCP Connection(5)-192.168.80.1][KqueueProvider.java:70] - Starting without optional kqueue library
[wanxinp2p-account-service][${env:SERVER_PORT}] 2022-06-28 17:28:27,754 INFO [hmilyTransaction-tccRollBackService-1][LogUtil.java:87] - rollback execute delayTime:60
[wanxinp2p-account-service][${env:SERVER_PORT}] 2022-06-28 17:29:27,814 INFO [hmilyTransaction-tccRollBackService-1][LogUtil.java:87] - rollback execute delayTime:60
[wanxinp2p-account-service][${env:SERVER_PORT}] 2022-06-28 17:30:27,819 INFO [hmilyTransaction-tccRollBackService-1][LogUtil.java:87] - rollback execute delayTime:60
[wanxinp2p-account-service][${env:SERVER_PORT}] 2022-06-28 17:31:27,836 INFO [hmilyTransaction-tccRollBackService-1][LogUtil.java:87] - rollback execute delayTime:60
[wanxinp2p-account-service][${env:SERVER_PORT}] 2022-06-28 17:32:27,843 INFO [hmilyTransaction-tccRollBackService-1][LogUtil.java:87] - rollback execute delayTime:60
[wanxinp2p-account-service][${env:SERVER_PORT}] 2022-06-28 17:33:05,248 INFO [AsyncResolver-bootstrap-executor-0][ConfigClusterResolver.java:43] - Resolving eureka endpoints via configuration
[wanxinp2p-account-service][${env:SERVER_PORT}] 2022-06-28 17:33:27,852 INFO [hmilyTransaction-tccRollBackService-1][LogUtil.java:87] - rollback execute delayTime:60
[wanxinp2p-account-service][${env:SERVER_PORT}] 2022-06-28 17:34:27,856 INFO [hmilyTransaction-tccRollBackService-1][LogUtil.java:87] - rollback execute delayTime:60
[wanxinp2p-account-service][${env:SERVER_PORT}] 2022-06-28 17:35:27,873 INFO [hmilyTransaction-tccRollBackService-1][LogUtil.java:87] - rollback execute delayTime:60
[wanxinp2p-account-service][${env:SERVER_PORT}] 2022-06-28 17:36:27,883 INFO [hmilyTransaction-tccRollBackService-1][LogUtil.java:87] - rollback execute delayTime:60
[wanxinp2p-account-service][${env:SERVER_PORT}] 2022-06-28 17:37:27,890 INFO [hmilyTransaction-tccRollBackService-1][LogUtil.java:87] - rollback execute delayTime:60
[wanxinp2p-account-service][${env:SERVER_PORT}] 2022-06-28 17:38:05,256 INFO [AsyncResolver-bootstrap-executor-0][ConfigClusterResolver.java:43] - Resolving eureka endpoints via configuration
[wanxinp2p-account-service][${env:SERVER_PORT}] 2022-06-28 17:38:27,895 INFO [hmilyTransaction-tccRollBackService-1][LogUtil.java:87] - rollback execute delayTime:60
[wanxinp2p-account-service][${env:SERVER_PORT}] 2022-06-28 17:39:27,902 INFO [hmilyTransaction-tccRollBackService-1][LogUtil.java:87] - rollback execute delayTime:60
[wanxinp2p-account-service][${env:SERVER_PORT}] 2022-06-28 17:40:27,911 INFO [hmilyTransaction-tccRollBackService-1][LogUtil.java:87] - rollback execute delayTime:60
[wanxinp2p-account-service][${env:SERVER_PORT}] 2022-06-28 17:41:27,914 INFO [hmilyTransaction-tccRollBackService-1][LogUtil.java:87] - rollback execute delayTime:60
[wanxinp2p-account-service][${env:SERVER_PORT}] 2022-06-28 17:42:27,921 INFO [hmilyTransaction-tccRollBackService-1][LogUtil.java:87] - rollback execute delayTime:60
[wanxinp2p-account-service][${env:SERVER_PORT}] 2022-06-28 17:43:05,263 INFO [AsyncResolver-bootstrap-executor-0][ConfigClusterResolver.java:43] - Resolving eureka endpoints via configuration
[wanxinp2p-account-service][${env:SERVER_PORT}] 2022-06-28 17:43:27,936 INFO [hmilyTransaction-tccRollBackService-1][LogUtil.java:87] - rollback execute delayTime:60
[wanxinp2p-account-service][${env:SERVER_PORT}] 2022-06-28 17:44:27,950 INFO [hmilyTransaction-tccRollBackService-1][LogUtil.java:87] - rollback execute delayTime:60
[wanxinp2p-account-service][${env:SERVER_PORT}] 2022-06-28 17:45:27,961 INFO [hmilyTransaction-tccRollBackService-1][LogUtil.java:87] - rollback execute delayTime:60
[wanxinp2p-account-service][${env:SERVER_PORT}] 2022-06-28 17:46:27,976 INFO [hmilyTransaction-tccRollBackService-1][LogUtil.java:87] - rollback execute delayTime:60
[wanxinp2p-account-service][${env:SERVER_PORT}] 2022-06-28 17:47:27,994 INFO [hmilyTransaction-tccRollBackService-1][LogUtil.java:87] - rollback execute delayTime:60
[wanxinp2p-account-service][${env:SERVER_PORT}] 2022-06-28 17:48:05,282 INFO [AsyncResolver-bootstrap-executor-0][ConfigClusterResolver.java:43] - Resolving eureka endpoints via configuration
[wanxinp2p-account-service][${env:SERVER_PORT}] 2022-06-28 17:48:28,011 INFO [hmilyTransaction-tccRollBackService-1][LogUtil.java:87] - rollback execute delayTime:60
[wanxinp2p-account-service][${env:SERVER_PORT}] 2022-06-28 17:49:28,027 INFO [hmilyTransaction-tccRollBackService-1][LogUtil.java:87] - rollback execute delayTime:60
[wanxinp2p-account-service][${env:SERVER_PORT}] 2022-06-28 17:50:28,042 INFO [hmilyTransaction-tccRollBackService-1][LogUtil.java:87] - rollback execute delayTime:60
[wanxinp2p-account-service][${env:SERVER_PORT}] 2022-06-28 17:51:28,052 INFO [hmilyTransaction-tccRollBackService-1][LogUtil.java:87] - rollback execute delayTime:60
[wanxinp2p-account-service][${env:SERVER_PORT}] 2022-06-28 17:52:28,063 INFO [hmilyTransaction-tccRollBackService-1][LogUtil.java:87] - rollback execute delayTime:60
[wanxinp2p-account-service][${env:SERVER_PORT}] 2022-06-28 17:53:05,295 INFO [AsyncResolver-bootstrap-executor-0][ConfigClusterResolver.java:43] - Resolving eureka endpoints via configuration
[wanxinp2p-account-service][${env:SERVER_PORT}] 2022-06-28 17:53:28,075 INFO [hmilyTransaction-tccRollBackService-1][LogUtil.java:87] - rollback execute delayTime:60
[wanxinp2p-account-service][${env:SERVER_PORT}] 2022-06-28 17:54:28,089 INFO [hmilyTransaction-tccRollBackService-1][LogUtil.java:87] - rollback execute delayTime:60
[wanxinp2p-account-service][${env:SERVER_PORT}] 2022-06-28 17:55:28,100 INFO [hmilyTransaction-tccRollBackService-1][LogUtil.java:87] - rollback execute delayTime:60
[wanxinp2p-account-service][${env:SERVER_PORT}] 2022-06-28 17:56:28,115 INFO [hmilyTransaction-tccRollBackService-1][LogUtil.java:87] - rollback execute delayTime:60
[wanxinp2p-account-service][${env:SERVER_PORT}] 2022-06-28 17:57:28,130 INFO [hmilyTransaction-tccRollBackService-1][LogUtil.java:87] - rollback execute delayTime:60
[wanxinp2p-account-service][${env:SERVER_PORT}] 2022-06-28 17:58:05,301 INFO [AsyncResolver-bootstrap-executor-0][ConfigClusterResolver.java:43] - Resolving eureka endpoints via configuration
[wanxinp2p-account-service][${env:SERVER_PORT}] 2022-06-28 17:58:28,144 INFO [hmilyTransaction-tccRollBackService-1][LogUtil.java:87] - rollback execute delayTime:60
[wanxinp2p-account-service][${env:SERVER_PORT}] 2022-06-28 17:59:28,154 INFO [hmilyTransaction-tccRollBackService-1][LogUtil.java:87] - rollback execute delayTime:60
